[('YAL040C', 'YGL116W'), ('YLR079W', 'YER111C'), ('YLR079W', 'YGL003C'), ('YDL056W', 'YPR120C'), ('YGL116W', 'YMR199W'), ('YMR043W', 'YDL056W'), ('YDR146C', 'YER111C'), ('YDR146C', 'YLR079W'), ('YGR108W', 'YDR146C'), ('YPR120C', 'YGR108W'), ('YPR120C', 'YGL003C'), ('YGL003C', 'YAL040C')]
+--------------+----------------+----------------+
| YGL003C      | YGL003C(0.0)   | YGL003C(1.0)   |
+--------------+----------------+----------------+
| YAL040C(0.0) | 0.642857142857 | 0.277777777778 |
+--------------+----------------+----------------+
| YAL040C(1.0) | 0.357142857143 | 0.722222222222 |
+--------------+----------------+----------------+
+--------------+--------------+
| YDR146C      | YDR146C(0.0) |
+--------------+--------------+
| YLR079W(0.0) | 0.4375       |
+--------------+--------------+
| YLR079W(1.0) | 0.5625       |
+--------------+--------------+
+--------------+----------------+----------------+
| YGL116W      | YGL116W(0.0)   | YGL116W(1.0)   |
+--------------+----------------+----------------+
| YMR199W(0.0) | 0.357142857143 | 0.722222222222 |
+--------------+----------------+----------------+
| YMR199W(1.0) | 0.642857142857 | 0.277777777778 |
+--------------+----------------+----------------+
+--------------+----------------+----------------+
| YMR043W      | YMR043W(0.0)   | YMR043W(1.0)   |
+--------------+----------------+----------------+
| YDL056W(0.0) | 0.277777777778 | 0.642857142857 |
+--------------+----------------+----------------+
| YDL056W(1.0) | 0.722222222222 | 0.357142857143 |
+--------------+----------------+----------------+
+--------------+----------------+----------------+
| YAL040C      | YAL040C(0.0)   | YAL040C(1.0)   |
+--------------+----------------+----------------+
| YGL116W(0.0) | 0.642857142857 | 0.277777777778 |
+--------------+----------------+----------------+
| YGL116W(1.0) | 0.357142857143 | 0.722222222222 |
+--------------+----------------+----------------+
+--------------+--------+
| YMR043W(0.0) | 0.5625 |
+--------------+--------+
| YMR043W(1.0) | 0.4375 |
+--------------+--------+
+--------------+--------------+--------------+
| YGR108W      | YGR108W(0.0) | YGR108W(1.0) |
+--------------+--------------+--------------+
| YDR146C(0.0) | 1.0          | 1.0          |
+--------------+--------------+--------------+
+--------------+----------------+----------------+
| YPR120C      | YPR120C(0.0)   | YPR120C(1.0)   |
+--------------+----------------+----------------+
| YGR108W(0.0) | 0.722222222222 | 0.357142857143 |
+--------------+----------------+----------------+
| YGR108W(1.0) | 0.277777777778 | 0.642857142857 |
+--------------+----------------+----------------+
+--------------+----------------+----------------+
| YDR146C      | YDR146C(0.0)   | YDR146C(0.0)   |
+--------------+----------------+----------------+
| YLR079W      | YLR079W(0.0)   | YLR079W(1.0)   |
+--------------+----------------+----------------+
| YER111C(0.0) | 0.642857142857 | 0.277777777778 |
+--------------+----------------+----------------+
| YER111C(1.0) | 0.357142857143 | 0.722222222222 |
+--------------+----------------+----------------+
+--------------+----------------+----------------+
| YDL056W      | YDL056W(0.0)   | YDL056W(1.0)   |
+--------------+----------------+----------------+
| YPR120C(0.0) | 0.357142857143 | 0.722222222222 |
+--------------+----------------+----------------+
| YPR120C(1.0) | 0.642857142857 | 0.277777777778 |
+--------------+----------------+----------------+
+--------------+----------------+--------------+----------------+----------------+
| YLR079W      | YLR079W(0.0)   | YLR079W(0.0) | YLR079W(1.0)   | YLR079W(1.0)   |
+--------------+----------------+--------------+----------------+----------------+
| YPR120C      | YPR120C(0.0)   | YPR120C(1.0) | YPR120C(0.0)   | YPR120C(1.0)   |
+--------------+----------------+--------------+----------------+----------------+
| YGL003C(0.0) | 0.277777777778 | 0.5          | 0.722222222222 | 0.277777777778 |
+--------------+----------------+--------------+----------------+----------------+
| YGL003C(1.0) | 0.722222222222 | 0.5          | 0.277777777778 | 0.722222222222 |
+--------------+----------------+--------------+----------------+----------------+
[(('YLR079W', 0), ('YLR079W', 1)), (('YDL056W', 1), ('YER111C', 1)), (('YDL056W', 1), ('YGR108W', 1)), (('YER111C', 0), ('YMR199W', 1)), (('YER111C', 0), ('YPR120C', 1)), (('YGR108W', 1), ('YDR146C', 1)), (('YPR120C', 0), ('YAL040C', 1)), (('YMR199W', 1), ('YGL116W', 1)), (('YMR199W', 1), ('YGL003C', 1)), (('YMR199W', 1), ('YDR146C', 1)), (('YDR146C', 0), ('YMR199W', 1)), (('YPR120C', 1), ('YGR108W', 1)), (('YGL116W', 1), ('YPR120C', 1)), (('YLR079W', 1), ('YDL056W', 1)), (('YGL003C', 1), ('YLR079W', 1)), (('YDR146C', 1), ('YER111C', 1))]
+----------------+----------------+----------------+
| ('YPR120C', 0) | YPR120C_0(0.0) | YPR120C_0(1.0) |
+----------------+----------------+----------------+
| YAL040C(0.0)   | 0.245098039216 | 0.702898550725 |
+----------------+----------------+----------------+
| YAL040C(1.0)   | 0.754901960784 | 0.297101449275 |
+----------------+----------------+----------------+
+----------------+----------------+----------------+----------------+----------------+
| ('YGL003C', 1) | YGL003C_1(0.0) | YGL003C_1(0.0) | YGL003C_1(1.0) | YGL003C_1(1.0) |
+----------------+----------------+----------------+----------------+----------------+
| ('YLR079W', 0) | YLR079W_0(0.0) | YLR079W_0(1.0) | YLR079W_0(0.0) | YLR079W_0(1.0) |
+----------------+----------------+----------------+----------------+----------------+
| YLR079W(0.0)   | 0.192307692308 | 0.114035087719 | 0.722222222222 | 0.297752808989 |
+----------------+----------------+----------------+----------------+----------------+
| YLR079W(1.0)   | 0.807692307692 | 0.885964912281 | 0.277777777778 | 0.702247191011 |
+----------------+----------------+----------------+----------------+----------------+
+----------------+----------------+----------------+
| ('YMR199W', 1) | YMR199W_1(0.0) | YMR199W_1(1.0) |
+----------------+----------------+----------------+
| YGL003C(0.0)   | 0.1            | 0.406666666667 |
+----------------+----------------+----------------+
| YGL003C(1.0)   | 0.9            | 0.593333333333 |
+----------------+----------------+----------------+
+----------------+----------------+----------------+
| ('YLR079W', 1) | YLR079W_1(0.0) | YLR079W_1(1.0) |
+----------------+----------------+----------------+
| YDL056W(0.0)   | 0.18085106383  | 0.36301369863  |
+----------------+----------------+----------------+
| YDL056W(1.0)   | 0.81914893617  | 0.63698630137  |
+----------------+----------------+----------------+
+----------------+----------------+----------------+
| ('YMR199W', 1) | YMR199W_1(0.0) | YMR199W_1(1.0) |
+----------------+----------------+----------------+
| YGL116W(0.0)   | 0.144444444444 | 0.646666666667 |
+----------------+----------------+----------------+
| YGL116W(1.0)   | 0.855555555556 | 0.353333333333 |
+----------------+----------------+----------------+
+--------------+----------+
| YMR043W(0.0) | 0.458333 |
+--------------+----------+
| YMR043W(1.0) | 0.541667 |
+--------------+----------+
+----------------+----------------+----------------+-----------------+----------------+
| ('YGR108W', 1) | YGR108W_1(0.0) | YGR108W_1(0.0) | YGR108W_1(1.0)  | YGR108W_1(1.0) |
+----------------+----------------+----------------+-----------------+----------------+
| ('YMR199W', 1) | YMR199W_1(0.0) | YMR199W_1(1.0) | YMR199W_1(0.0)  | YMR199W_1(1.0) |
+----------------+----------------+----------------+-----------------+----------------+
| YDR146C(0.0)   | 0.192307692308 | 0.863636363636 | 0.0324675324675 | 0.308219178082 |
+----------------+----------------+----------------+-----------------+----------------+
| YDR146C(1.0)   | 0.807692307692 | 0.136363636364 | 0.967532467532  | 0.691780821918 |
+----------------+----------------+----------------+-----------------+----------------+
+----------------+----------------+----------------+-----------------+----------------+
| ('YDL056W', 1) | YDL056W_1(0.0) | YDL056W_1(0.0) | YDL056W_1(1.0)  | YDL056W_1(1.0) |
+----------------+----------------+----------------+-----------------+----------------+
| ('YPR120C', 1) | YPR120C_1(0.0) | YPR120C_1(1.0) | YPR120C_1(0.0)  | YPR120C_1(1.0) |
+----------------+----------------+----------------+-----------------+----------------+
| YGR108W(0.0)   | 0.309523809524 | 0.867346938776 | 0.0308641975309 | 0.432584269663 |
+----------------+----------------+----------------+-----------------+----------------+
| YGR108W(1.0)   | 0.690476190476 | 0.132653061224 | 0.969135802469  | 0.567415730337 |
+----------------+----------------+----------------+-----------------+----------------+
+----------------+-----------------+-----------------+----------------+----------------+
| ('YDL056W', 1) | YDL056W_1(0.0)  | YDL056W_1(0.0)  | YDL056W_1(1.0) | YDL056W_1(1.0) |
+----------------+-----------------+-----------------+----------------+----------------+
| ('YDR146C', 1) | YDR146C_1(0.0)  | YDR146C_1(1.0)  | YDR146C_1(0.0) | YDR146C_1(1.0) |
+----------------+-----------------+-----------------+----------------+----------------+
| YER111C(0.0)   | 0.0609756097561 | 0.0862068965517 | 0.122641509434 | 0.636752136752 |
+----------------+-----------------+-----------------+----------------+----------------+
| YER111C(1.0)   | 0.939024390244  | 0.913793103448  | 0.877358490566 | 0.363247863248 |
+----------------+-----------------+-----------------+----------------+----------------+
+----------------+----------------+-----------------+----------------+----------------+
| ('YER111C', 0) | YER111C_0(0.0) | YER111C_0(0.0)  | YER111C_0(1.0) | YER111C_0(1.0) |
+----------------+----------------+-----------------+----------------+----------------+
| ('YGL116W', 1) | YGL116W_1(0.0) | YGL116W_1(1.0)  | YGL116W_1(0.0) | YGL116W_1(1.0) |
+----------------+----------------+-----------------+----------------+----------------+
| YPR120C(0.0)   | 0.192307692308 | 0.905797101449  | 0.149484536082 | 0.368852459016 |
+----------------+----------------+-----------------+----------------+----------------+
| YPR120C(1.0)   | 0.807692307692 | 0.0942028985507 | 0.850515463918 | 0.631147540984 |
+----------------+----------------+-----------------+----------------+----------------+
+----------------+----------------+-----------------+----------------+----------------+
| ('YDR146C', 0) | YDR146C_0(0.0) | YDR146C_0(0.0)  | YDR146C_0(1.0) | YDR146C_0(1.0) |
+----------------+----------------+-----------------+----------------+----------------+
| ('YER111C', 0) | YER111C_0(0.0) | YER111C_0(1.0)  | YER111C_0(0.0) | YER111C_0(1.0) |
+----------------+----------------+-----------------+----------------+----------------+
| YMR199W(0.0)   | 0.277777777778 | 0.0280898876404 | 0.856164383562 | 0.326086956522 |
+----------------+----------------+-----------------+----------------+----------------+
| YMR199W(1.0)   | 0.722222222222 | 0.97191011236   | 0.143835616438 | 0.673913043478 |
+----------------+----------------+-----------------+----------------+----------------+
[('YLR079W', 'YLR079W'), ('YDL056W', 'YER111C'), ('YDL056W', 'YGR108W'), ('YER111C', 'YMR199W'), ('YER111C', 'YPR120C'), ('YGR108W', 'YDR146C'), ('YPR120C', 'YAL040C'), ('YMR199W', 'YGL116W'), ('YMR199W', 'YGL003C'), ('YMR199W', 'YDR146C'), ('YDR146C', 'YMR199W'), ('YPR120C', 'YGR108W'), ('YGL116W', 'YPR120C'), ('YLR079W', 'YDL056W'), ('YGL003C', 'YLR079W'), ('YDR146C', 'YER111C')]
