[('YAL040C', 'YLR079W'), ('YAL040C', 'YGL003C'), ('YLR079W', 'YDR146C'), ('YMR199W', 'YGL116W'), ('YDL056W', 'YPR120C'), ('YGL116W', 'YAL040C'), ('YMR043W', 'YDL056W'), ('YGR108W', 'YMR199W'), ('YER111C', 'YMR043W'), ('YPR120C', 'YGR108W'), ('YPR120C', 'YLR079W')]
+--------------+----------------+----------------+
| YGL116W      | YGL116W(0.0)   | YGL116W(1.0)   |
+--------------+----------------+----------------+
| YAL040C(0.0) | 0.722222222222 | 0.277777777778 |
+--------------+----------------+----------------+
| YAL040C(1.0) | 0.277777777778 | 0.722222222222 |
+--------------+----------------+----------------+
+--------------+----------------+--------------+----------------+----------------+
| YAL040C      | YAL040C(0.0)   | YAL040C(0.0) | YAL040C(1.0)   | YAL040C(1.0)   |
+--------------+----------------+--------------+----------------+----------------+
| YPR120C      | YPR120C(0.0)   | YPR120C(1.0) | YPR120C(0.0)   | YPR120C(1.0)   |
+--------------+----------------+--------------+----------------+----------------+
| YLR079W(0.0) | 0.192307692308 | 0.5          | 0.722222222222 | 0.277777777778 |
+--------------+----------------+--------------+----------------+----------------+
| YLR079W(1.0) | 0.807692307692 | 0.5          | 0.277777777778 | 0.722222222222 |
+--------------+----------------+--------------+----------------+----------------+
+--------------+----------------+----------------+
| YGR108W      | YGR108W(0.0)   | YGR108W(1.0)   |
+--------------+----------------+----------------+
| YMR199W(0.0) | 0.409090909091 | 0.642857142857 |
+--------------+----------------+----------------+
| YMR199W(1.0) | 0.590909090909 | 0.357142857143 |
+--------------+----------------+----------------+
+--------------+----------------+----------------+
| YMR043W      | YMR043W(0.0)   | YMR043W(1.0)   |
+--------------+----------------+----------------+
| YDL056W(0.0) | 0.227272727273 | 0.642857142857 |
+--------------+----------------+----------------+
| YDL056W(1.0) | 0.772727272727 | 0.357142857143 |
+--------------+----------------+----------------+
+--------------+----------------+----------------+
| YMR199W      | YMR199W(0.0)   | YMR199W(1.0)   |
+--------------+----------------+----------------+
| YGL116W(0.0) | 0.277777777778 | 0.722222222222 |
+--------------+----------------+----------------+
| YGL116W(1.0) | 0.722222222222 | 0.277777777778 |
+--------------+----------------+----------------+
+--------------+----------------+--------------+
| YER111C      | YER111C(0.0)   | YER111C(1.0) |
+--------------+----------------+--------------+
| YMR043W(0.0) | 0.722222222222 | 0.5          |
+--------------+----------------+--------------+
| YMR043W(1.0) | 0.277777777778 | 0.5          |
+--------------+----------------+--------------+
+--------------+--------------+--------------+
| YLR079W      | YLR079W(0.0) | YLR079W(1.0) |
+--------------+--------------+--------------+
| YDR146C(0.0) | 1.0          | 1.0          |
+--------------+--------------+--------------+
+--------------+----------------+----------------+
| YPR120C      | YPR120C(0.0)   | YPR120C(1.0)   |
+--------------+----------------+----------------+
| YGR108W(0.0) | 0.772727272727 | 0.357142857143 |
+--------------+----------------+----------------+
| YGR108W(1.0) | 0.227272727273 | 0.642857142857 |
+--------------+----------------+----------------+
+--------------+-----+
| YER111C(0.0) | 0.5 |
+--------------+-----+
| YER111C(1.0) | 0.5 |
+--------------+-----+
+--------------+----------------+----------------+
| YDL056W      | YDL056W(0.0)   | YDL056W(1.0)   |
+--------------+----------------+----------------+
| YPR120C(0.0) | 0.357142857143 | 0.772727272727 |
+--------------+----------------+----------------+
| YPR120C(1.0) | 0.642857142857 | 0.227272727273 |
+--------------+----------------+----------------+
+--------------+--------------+----------------+
| YAL040C      | YAL040C(0.0) | YAL040C(1.0)   |
+--------------+--------------+----------------+
| YGL003C(0.0) | 0.5          | 0.277777777778 |
+--------------+--------------+----------------+
| YGL003C(1.0) | 0.5          | 0.722222222222 |
+--------------+--------------+----------------+
[(('YLR079W', 0), ('YDR146C', 1)), (('YLR079W', 0), ('YLR079W', 1)), (('YER111C', 1), ('YGR108W', 1)), (('YGL003C', 0), ('YPR120C', 1)), (('YAL040C', 0), ('YDL056W', 1)), (('YER111C', 0), ('YMR199W', 1)), (('YER111C', 0), ('YPR120C', 1)), (('YGR108W', 1), ('YDL056W', 1)), (('YGR108W', 1), ('YLR079W', 1)), (('YMR043W', 0), ('YAL040C', 1)), (('YPR120C', 0), ('YAL040C', 1)), (('YGR108W', 0), ('YGL116W', 1)), (('YGR108W', 0), ('YDR146C', 1)), (('YPR120C', 1), ('YGL116W', 1)), (('YPR120C', 1), ('YMR043W', 1)), (('YLR079W', 1), ('YGL003C', 1)), (('YMR199W', 0), ('YMR199W', 1)), (('YDR146C', 1), ('YGR108W', 1)), (('YDR146C', 1), ('YER111C', 1))]
+----------------+----------------+----------------+----------------+----------------+
| ('YMR043W', 0) | YMR043W_0(0.0) | YMR043W_0(0.0) | YMR043W_0(1.0) | YMR043W_0(1.0) |
+----------------+----------------+----------------+----------------+----------------+
| ('YPR120C', 0) | YPR120C_0(0.0) | YPR120C_0(1.0) | YPR120C_0(0.0) | YPR120C_0(1.0) |
+----------------+----------------+----------------+----------------+----------------+
| YAL040C(0.0)   | 0.384057971014 | 0.885964912281 | 0.106557377049 | 0.595238095238 |
+----------------+----------------+----------------+----------------+----------------+
| YAL040C(1.0)   | 0.615942028986 | 0.114035087719 | 0.893442622951 | 0.404761904762 |
+----------------+----------------+----------------+----------------+----------------+
+----------------+----------------+----------------+----------------+----------------+
| ('YGR108W', 1) | YGR108W_1(0.0) | YGR108W_1(0.0) | YGR108W_1(1.0) | YGR108W_1(1.0) |
+----------------+----------------+----------------+----------------+----------------+
| ('YLR079W', 0) | YLR079W_0(0.0) | YLR079W_0(1.0) | YLR079W_0(0.0) | YLR079W_0(1.0) |
+----------------+----------------+----------------+----------------+----------------+
| YLR079W(0.0)   | 0.147058823529 | 0.297752808989 | 0.747619047619 | 0.179012345679 |
+----------------+----------------+----------------+----------------+----------------+
| YLR079W(1.0)   | 0.852941176471 | 0.702247191011 | 0.252380952381 | 0.820987654321 |
+----------------+----------------+----------------+----------------+----------------+
+----------------+----------------+----------------+
| ('YLR079W', 1) | YLR079W_1(0.0) | YLR079W_1(1.0) |
+----------------+----------------+----------------+
| YGL003C(0.0)   | 0.139344262295 | 0.452941176471 |
+----------------+----------------+----------------+
| YGL003C(1.0)   | 0.860655737705 | 0.547058823529 |
+----------------+----------------+----------------+
+----------------+----------------+----------------+----------------+----------------+
| ('YAL040C', 0) | YAL040C_0(0.0) | YAL040C_0(0.0) | YAL040C_0(1.0) | YAL040C_0(1.0) |
+----------------+----------------+----------------+----------------+----------------+
| ('YGR108W', 1) | YGR108W_1(0.0) | YGR108W_1(1.0) | YGR108W_1(0.0) | YGR108W_1(1.0) |
+----------------+----------------+----------------+----------------+----------------+
| YDL056W(0.0)   | 0.214285714286 | 0.231958762887 | 0.745614035088 | 0.207865168539 |
+----------------+----------------+----------------+----------------+----------------+
| YDL056W(1.0)   | 0.785714285714 | 0.768041237113 | 0.254385964912 | 0.792134831461 |
+----------------+----------------+----------------+----------------+----------------+
+----------------+----------------+----------------+----------------+----------------+
| ('YGR108W', 0) | YGR108W_0(0.0) | YGR108W_0(0.0) | YGR108W_0(1.0) | YGR108W_0(1.0) |
+----------------+----------------+----------------+----------------+----------------+
| ('YPR120C', 1) | YPR120C_1(0.0) | YPR120C_1(1.0) | YPR120C_1(0.0) | YPR120C_1(1.0) |
+----------------+----------------+----------------+----------------+----------------+
| YGL116W(0.0)   | 0.147058823529 | 0.844086021505 | 0.163716814159 | 0.442028985507 |
+----------------+----------------+----------------+----------------+----------------+
| YGL116W(1.0)   | 0.852941176471 | 0.155913978495 | 0.836283185841 | 0.557971014493 |
+----------------+----------------+----------------+----------------+----------------+
+----------------+----------------+----------------+
| ('YPR120C', 1) | YPR120C_1(0.0) | YPR120C_1(1.0) |
+----------------+----------------+----------------+
| YMR043W(0.0)   | 0.561538461538 | 0.351851851852 |
+----------------+----------------+----------------+
| YMR043W(1.0)   | 0.438461538462 | 0.648148148148 |
+----------------+----------------+----------------+
+----------------+----------------+----------------+-----------------+----------------+
| ('YGR108W', 0) | YGR108W_0(0.0) | YGR108W_0(0.0) | YGR108W_0(1.0)  | YGR108W_0(1.0) |
+----------------+----------------+----------------+-----------------+----------------+
| ('YLR079W', 0) | YLR079W_0(0.0) | YLR079W_0(1.0) | YLR079W_0(0.0)  | YLR079W_0(1.0) |
+----------------+----------------+----------------+-----------------+----------------+
| YDR146C(0.0)   | 0.362068965517 | 0.820987654321 | 0.0268817204301 | 0.342696629213 |
+----------------+----------------+----------------+-----------------+----------------+
| YDR146C(1.0)   | 0.637931034483 | 0.179012345679 | 0.97311827957   | 0.657303370787 |
+----------------+----------------+----------------+-----------------+----------------+
+----------------+----------------+----------------+-----------------+----------------+
| ('YDR146C', 1) | YDR146C_1(0.0) | YDR146C_1(0.0) | YDR146C_1(1.0)  | YDR146C_1(1.0) |
+----------------+----------------+----------------+-----------------+----------------+
| ('YER111C', 1) | YER111C_1(0.0) | YER111C_1(1.0) | YER111C_1(0.0)  | YER111C_1(1.0) |
+----------------+----------------+----------------+-----------------+----------------+
| YGR108W(0.0)   | 0.722222222222 | 0.737623762376 | 0.0257731958763 | 0.264705882353 |
+----------------+----------------+----------------+-----------------+----------------+
| YGR108W(1.0)   | 0.277777777778 | 0.262376237624 | 0.974226804124  | 0.735294117647 |
+----------------+----------------+----------------+-----------------+----------------+
+----------------+-----------------+----------------+
| ('YDR146C', 1) | YDR146C_1(0.0)  | YDR146C_1(1.0) |
+----------------+-----------------+----------------+
| YER111C(0.0)   | 0.0818181818182 | 0.532967032967 |
+----------------+-----------------+----------------+
| YER111C(1.0)   | 0.918181818182  | 0.467032967033 |
+----------------+-----------------+----------------+
+----------------+----------------+----------------+-----------------+----------------+
| ('YER111C', 0) | YER111C_0(0.0) | YER111C_0(0.0) | YER111C_0(1.0)  | YER111C_0(1.0) |
+----------------+----------------+----------------+-----------------+----------------+
| ('YGL003C', 0) | YGL003C_0(0.0) | YGL003C_0(1.0) | YGL003C_0(0.0)  | YGL003C_0(1.0) |
+----------------+----------------+----------------+-----------------+----------------+
| YPR120C(0.0)   | 0.58           | 0.87037037037  | 0.0384615384615 | 0.351239669421 |
+----------------+----------------+----------------+-----------------+----------------+
| YPR120C(1.0)   | 0.42           | 0.12962962963  | 0.961538461538  | 0.648760330579 |
+----------------+----------------+----------------+-----------------+----------------+
+----------------+----------------+----------------+----------------+-----------------+
| ('YER111C', 0) | YER111C_0(0.0) | YER111C_0(0.0) | YER111C_0(1.0) | YER111C_0(1.0)  |
+----------------+----------------+----------------+----------------+-----------------+
| ('YMR199W', 0) | YMR199W_0(0.0) | YMR199W_0(1.0) | YMR199W_0(0.0) | YMR199W_0(1.0)  |
+----------------+----------------+----------------+----------------+-----------------+
| YMR199W(0.0)   | 0.785714285714 | 0.605263157895 | 0.464912280702 | 0.0193798449612 |
+----------------+----------------+----------------+----------------+-----------------+
| YMR199W(1.0)   | 0.214285714286 | 0.394736842105 | 0.535087719298 | 0.980620155039  |
+----------------+----------------+----------------+----------------+-----------------+
[('YLR079W', 'YDR146C'), ('YLR079W', 'YLR079W'), ('YER111C', 'YGR108W'), ('YGL003C', 'YPR120C'), ('YAL040C', 'YDL056W'), ('YER111C', 'YMR199W'), ('YER111C', 'YPR120C'), ('YGR108W', 'YDL056W'), ('YGR108W', 'YLR079W'), ('YMR043W', 'YAL040C'), ('YPR120C', 'YAL040C'), ('YGR108W', 'YGL116W'), ('YGR108W', 'YDR146C'), ('YPR120C', 'YGL116W'), ('YPR120C', 'YMR043W'), ('YLR079W', 'YGL003C'), ('YMR199W', 'YMR199W'), ('YDR146C', 'YGR108W'), ('YDR146C', 'YER111C')]
