[('YAL040C', 'YER111C'), ('YAL040C', 'YDL056W'), ('YLR079W', 'YDR146C'), ('YGL116W', 'YPR120C'), ('YGR108W', 'YAL040C'), ('YER111C', 'YMR043W'), ('YER111C', 'YMR199W'), ('YPR120C', 'YLR079W'), ('YPR120C', 'YGL003C'), ('YGL003C', 'YGR108W')]
+------------+------------+
| YGR108W    | YGR108W(0) |
+------------+------------+
| YAL040C(1) | 1.0        |
+------------+------------+
+------------+------------+
| YPR120C    | YPR120C(0) |
+------------+------------+
| YLR079W(0) | 1.0        |
+------------+------------+
+------------+------------+
| YER111C    | YER111C(0) |
+------------+------------+
| YMR199W(0) | 1.0        |
+------------+------------+
+------------+------------+
| YAL040C    | YAL040C(1) |
+------------+------------+
| YDL056W(1) | 1.0        |
+------------+------------+
+------------+---+
| YGL116W(1) | 1 |
+------------+---+
+------------+------------+
| YER111C    | YER111C(0) |
+------------+------------+
| YMR043W(0) | 1.0        |
+------------+------------+
+------------+------------+
| YLR079W    | YLR079W(0) |
+------------+------------+
| YDR146C(0) | 1.0        |
+------------+------------+
+------------+------------+
| YGL003C    | YGL003C(1) |
+------------+------------+
| YGR108W(0) | 1.0        |
+------------+------------+
+------------+------------+
| YAL040C    | YAL040C(1) |
+------------+------------+
| YER111C(0) | 1.0        |
+------------+------------+
+------------+------------+
| YGL116W    | YGL116W(1) |
+------------+------------+
| YPR120C(0) | 1.0        |
+------------+------------+
+------------+------------+
| YPR120C    | YPR120C(0) |
+------------+------------+
| YGL003C(1) | 1.0        |
+------------+------------+
[(('YDL056W', 1), ('YDR146C', 1)), (('YGL003C', 0), ('YGL116W', 1)), (('YGL003C', 0), ('YGL003C', 1)), (('YGL003C', 0), ('YDR146C', 1)), (('YGL003C', 0), ('YPR120C', 1)), (('YMR043W', 1), ('YER111C', 1)), (('YAL040C', 0), ('YLR079W', 1)), (('YAL040C', 0), ('YGR108W', 1)), (('YER111C', 0), ('YMR199W', 1)), (('YER111C', 0), ('YPR120C', 1)), (('YER111C', 0), ('YER111C', 1)), (('YER111C', 0), ('YMR043W', 1)), (('YGR108W', 1), ('YGL003C', 1)), (('YGR108W', 1), ('YLR079W', 1)), (('YGR108W', 1), ('YDL056W', 1)), (('YGR108W', 1), ('YAL040C', 1)), (('YMR043W', 0), ('YDL056W', 1)), (('YPR120C', 0), ('YAL040C', 1)), (('YGL116W', 0), ('YGL116W', 1)), (('YGL116W', 0), ('YMR043W', 1)), (('YGL116W', 0), ('YDR146C', 1)), (('YGL116W', 0), ('YGR108W', 1)), (('YGL116W', 0), ('YAL040C', 1)), (('YGR108W', 0), ('YGL116W', 1)), (('YGR108W', 0), ('YPR120C', 1)), (('YGR108W', 0), ('YGR108W', 1)), (('YMR199W', 1), ('YER111C', 1)), (('YDR146C', 0), ('YPR120C', 1)), (('YPR120C', 1), ('YGL116W', 1)), (('YGL116W', 1), ('YGL003C', 1)), (('YGL116W', 1), ('YMR199W', 1)), (('YLR079W', 1), ('YGL003C', 1)), (('YDL056W', 0), ('YMR199W', 1)), (('YDL056W', 0), ('YDR146C', 1)), (('YDL056W', 0), ('YDL056W', 1)), (('YMR199W', 0), ('YLR079W', 1)), (('YDR146C', 1), ('YLR079W', 1)), (('YDR146C', 1), ('YER111C', 1)), (('YDR146C', 1), ('YAL040C', 1))]
+----------------+--------------+-----------------+----------------+----------------+----------------+--------------+--------------+----------------+--------------+--------------+--------------+----------------+--------------+--------------+-----------------+-----------------+
| ('YDR146C', 1) | YDR146C_1(0) | YDR146C_1(0)    | YDR146C_1(0)   | YDR146C_1(0)   | YDR146C_1(0)   | YDR146C_1(0) | YDR146C_1(0) | YDR146C_1(0)   | YDR146C_1(1) | YDR146C_1(1) | YDR146C_1(1) | YDR146C_1(1)   | YDR146C_1(1) | YDR146C_1(1) | YDR146C_1(1)    | YDR146C_1(1)    |
+----------------+--------------+-----------------+----------------+----------------+----------------+--------------+--------------+----------------+--------------+--------------+--------------+----------------+--------------+--------------+-----------------+-----------------+
| ('YGL116W', 0) | YGL116W_0(0) | YGL116W_0(0)    | YGL116W_0(0)   | YGL116W_0(0)   | YGL116W_0(1)   | YGL116W_0(1) | YGL116W_0(1) | YGL116W_0(1)   | YGL116W_0(0) | YGL116W_0(0) | YGL116W_0(0) | YGL116W_0(0)   | YGL116W_0(1) | YGL116W_0(1) | YGL116W_0(1)    | YGL116W_0(1)    |
+----------------+--------------+-----------------+----------------+----------------+----------------+--------------+--------------+----------------+--------------+--------------+--------------+----------------+--------------+--------------+-----------------+-----------------+
| ('YGR108W', 1) | YGR108W_1(0) | YGR108W_1(0)    | YGR108W_1(1)   | YGR108W_1(1)   | YGR108W_1(0)   | YGR108W_1(0) | YGR108W_1(1) | YGR108W_1(1)   | YGR108W_1(0) | YGR108W_1(0) | YGR108W_1(1) | YGR108W_1(1)   | YGR108W_1(0) | YGR108W_1(0) | YGR108W_1(1)    | YGR108W_1(1)    |
+----------------+--------------+-----------------+----------------+----------------+----------------+--------------+--------------+----------------+--------------+--------------+--------------+----------------+--------------+--------------+-----------------+-----------------+
| ('YPR120C', 0) | YPR120C_0(0) | YPR120C_0(1)    | YPR120C_0(0)   | YPR120C_0(1)   | YPR120C_0(0)   | YPR120C_0(1) | YPR120C_0(0) | YPR120C_0(1)   | YPR120C_0(0) | YPR120C_0(1) | YPR120C_0(0) | YPR120C_0(1)   | YPR120C_0(0) | YPR120C_0(1) | YPR120C_0(0)    | YPR120C_0(1)    |
+----------------+--------------+-----------------+----------------+----------------+----------------+--------------+--------------+----------------+--------------+--------------+--------------+----------------+--------------+--------------+-----------------+-----------------+
| YAL040C(0)     | 0.5          | 0.952830188679  | 0.880952380952 | 0.880952380952 | 0.119047619048 | 0.5          | 0.5          | 0.880952380952 | 0.5          | 0.5          | 0.5          | 0.119047619048 | 0.5          | 0.5          | 0.0294117647059 | 0.952830188679  |
+----------------+--------------+-----------------+----------------+----------------+----------------+--------------+--------------+----------------+--------------+--------------+--------------+----------------+--------------+--------------+-----------------+-----------------+
| YAL040C(1)     | 0.5          | 0.0471698113208 | 0.119047619048 | 0.119047619048 | 0.880952380952 | 0.5          | 0.5          | 0.119047619048 | 0.5          | 0.5          | 0.5          | 0.880952380952 | 0.5          | 0.5          | 0.970588235294  | 0.0471698113208 |
+----------------+--------------+-----------------+----------------+----------------+----------------+--------------+--------------+----------------+--------------+--------------+--------------+----------------+--------------+--------------+-----------------+-----------------+
+----------------+--------------+----------------+--------------+-----------------+--------------+--------------+----------------+----------------+----------------+-----------------+--------------+--------------+--------------+--------------+-----------------+----------------+
| ('YAL040C', 0) | YAL040C_0(0) | YAL040C_0(0)   | YAL040C_0(0) | YAL040C_0(0)    | YAL040C_0(0) | YAL040C_0(0) | YAL040C_0(0)   | YAL040C_0(0)   | YAL040C_0(1)   | YAL040C_0(1)    | YAL040C_0(1) | YAL040C_0(1) | YAL040C_0(1) | YAL040C_0(1) | YAL040C_0(1)    | YAL040C_0(1)   |
+----------------+--------------+----------------+--------------+-----------------+--------------+--------------+----------------+----------------+----------------+-----------------+--------------+--------------+--------------+--------------+-----------------+----------------+
| ('YDR146C', 1) | YDR146C_1(0) | YDR146C_1(0)   | YDR146C_1(0) | YDR146C_1(0)    | YDR146C_1(1) | YDR146C_1(1) | YDR146C_1(1)   | YDR146C_1(1)   | YDR146C_1(0)   | YDR146C_1(0)    | YDR146C_1(0) | YDR146C_1(0) | YDR146C_1(1) | YDR146C_1(1) | YDR146C_1(1)    | YDR146C_1(1)   |
+----------------+--------------+----------------+--------------+-----------------+--------------+--------------+----------------+----------------+----------------+-----------------+--------------+--------------+--------------+--------------+-----------------+----------------+
| ('YGR108W', 1) | YGR108W_1(0) | YGR108W_1(0)   | YGR108W_1(1) | YGR108W_1(1)    | YGR108W_1(0) | YGR108W_1(0) | YGR108W_1(1)   | YGR108W_1(1)   | YGR108W_1(0)   | YGR108W_1(0)    | YGR108W_1(1) | YGR108W_1(1) | YGR108W_1(0) | YGR108W_1(0) | YGR108W_1(1)    | YGR108W_1(1)   |
+----------------+--------------+----------------+--------------+-----------------+--------------+--------------+----------------+----------------+----------------+-----------------+--------------+--------------+--------------+--------------+-----------------+----------------+
| ('YMR199W', 0) | YMR199W_0(0) | YMR199W_0(1)   | YMR199W_0(0) | YMR199W_0(1)    | YMR199W_0(0) | YMR199W_0(1) | YMR199W_0(0)   | YMR199W_0(1)   | YMR199W_0(0)   | YMR199W_0(1)    | YMR199W_0(0) | YMR199W_0(1) | YMR199W_0(0) | YMR199W_0(1) | YMR199W_0(0)    | YMR199W_0(1)   |
+----------------+--------------+----------------+--------------+-----------------+--------------+--------------+----------------+----------------+----------------+-----------------+--------------+--------------+--------------+--------------+-----------------+----------------+
| YLR079W(0)     | 0.5          | 0.880952380952 | 0.5          | 0.0471698113208 | 0.5          | 0.5          | 0.880952380952 | 0.731884057971 | 0.880952380952 | 0.0675675675676 | 0.5          | 0.5          | 0.5          | 0.5          | 0.0471698113208 | 0.880952380952 |
+----------------+--------------+----------------+--------------+-----------------+--------------+--------------+----------------+----------------+----------------+-----------------+--------------+--------------+--------------+--------------+-----------------+----------------+
| YLR079W(1)     | 0.5          | 0.119047619048 | 0.5          | 0.952830188679  | 0.5          | 0.5          | 0.119047619048 | 0.268115942029 | 0.119047619048 | 0.932432432432  | 0.5          | 0.5          | 0.5          | 0.5          | 0.952830188679  | 0.119047619048 |
+----------------+--------------+----------------+--------------+-----------------+--------------+--------------+----------------+----------------+----------------+-----------------+--------------+--------------+--------------+--------------+-----------------+----------------+
+----------------+--------------+--------------+--------------+----------------+----------------+----------------+--------------+----------------+----------------+----------------+----------------+-----------------+--------------+--------------+----------------+-----------------+
| ('YGL003C', 0) | YGL003C_0(0) | YGL003C_0(0) | YGL003C_0(0) | YGL003C_0(0)   | YGL003C_0(0)   | YGL003C_0(0)   | YGL003C_0(0) | YGL003C_0(0)   | YGL003C_0(1)   | YGL003C_0(1)   | YGL003C_0(1)   | YGL003C_0(1)    | YGL003C_0(1) | YGL003C_0(1) | YGL003C_0(1)   | YGL003C_0(1)    |
+----------------+--------------+--------------+--------------+----------------+----------------+----------------+--------------+----------------+----------------+----------------+----------------+-----------------+--------------+--------------+----------------+-----------------+
| ('YGL116W', 1) | YGL116W_1(0) | YGL116W_1(0) | YGL116W_1(0) | YGL116W_1(0)   | YGL116W_1(1)   | YGL116W_1(1)   | YGL116W_1(1) | YGL116W_1(1)   | YGL116W_1(0)   | YGL116W_1(0)   | YGL116W_1(0)   | YGL116W_1(0)    | YGL116W_1(1) | YGL116W_1(1) | YGL116W_1(1)   | YGL116W_1(1)    |
+----------------+--------------+--------------+--------------+----------------+----------------+----------------+--------------+----------------+----------------+----------------+----------------+-----------------+--------------+--------------+----------------+-----------------+
| ('YGR108W', 1) | YGR108W_1(0) | YGR108W_1(0) | YGR108W_1(1) | YGR108W_1(1)   | YGR108W_1(0)   | YGR108W_1(0)   | YGR108W_1(1) | YGR108W_1(1)   | YGR108W_1(0)   | YGR108W_1(0)   | YGR108W_1(1)   | YGR108W_1(1)    | YGR108W_1(0) | YGR108W_1(0) | YGR108W_1(1)   | YGR108W_1(1)    |
+----------------+--------------+--------------+--------------+----------------+----------------+----------------+--------------+----------------+----------------+----------------+----------------+-----------------+--------------+--------------+----------------+-----------------+
| ('YLR079W', 1) | YLR079W_1(0) | YLR079W_1(1) | YLR079W_1(0) | YLR079W_1(1)   | YLR079W_1(0)   | YLR079W_1(1)   | YLR079W_1(0) | YLR079W_1(1)   | YLR079W_1(0)   | YLR079W_1(1)   | YLR079W_1(0)   | YLR079W_1(1)    | YLR079W_1(0) | YLR079W_1(1) | YLR079W_1(0)   | YLR079W_1(1)    |
+----------------+--------------+--------------+--------------+----------------+----------------+----------------+--------------+----------------+----------------+----------------+----------------+-----------------+--------------+--------------+----------------+-----------------+
| YGL003C(0)     | 0.5          | 0.5          | 0.5          | 0.119047619048 | 0.119047619048 | 0.880952380952 | 0.5          | 0.119047619048 | 0.119047619048 | 0.880952380952 | 0.119047619048 | 0.932432432432  | 0.5          | 0.5          | 0.036231884058 | 0.0471698113208 |
+----------------+--------------+--------------+--------------+----------------+----------------+----------------+--------------+----------------+----------------+----------------+----------------+-----------------+--------------+--------------+----------------+-----------------+
| YGL003C(1)     | 0.5          | 0.5          | 0.5          | 0.880952380952 | 0.880952380952 | 0.119047619048 | 0.5          | 0.880952380952 | 0.880952380952 | 0.119047619048 | 0.880952380952 | 0.0675675675676 | 0.5          | 0.5          | 0.963768115942 | 0.952830188679  |
+----------------+--------------+--------------+--------------+----------------+----------------+----------------+--------------+----------------+----------------+----------------+----------------+-----------------+--------------+--------------+----------------+-----------------+
+----------------+----------------+--------------+----------------+----------------+----------------+----------------+-----------------+-----------------+
| ('YDL056W', 0) | YDL056W_0(0)   | YDL056W_0(0) | YDL056W_0(0)   | YDL056W_0(0)   | YDL056W_0(1)   | YDL056W_0(1)   | YDL056W_0(1)    | YDL056W_0(1)    |
+----------------+----------------+--------------+----------------+----------------+----------------+----------------+-----------------+-----------------+
| ('YGR108W', 1) | YGR108W_1(0)   | YGR108W_1(0) | YGR108W_1(1)   | YGR108W_1(1)   | YGR108W_1(0)   | YGR108W_1(0)   | YGR108W_1(1)    | YGR108W_1(1)    |
+----------------+----------------+--------------+----------------+----------------+----------------+----------------+-----------------+-----------------+
| ('YMR043W', 0) | YMR043W_0(0)   | YMR043W_0(1) | YMR043W_0(0)   | YMR043W_0(1)   | YMR043W_0(0)   | YMR043W_0(1)   | YMR043W_0(0)    | YMR043W_0(1)    |
+----------------+----------------+--------------+----------------+----------------+----------------+----------------+-----------------+-----------------+
| YDL056W(0)     | 0.192307692308 | 0.5          | 0.807692307692 | 0.192307692308 | 0.192307692308 | 0.880952380952 | 0.0409836065574 | 0.0862068965517 |
+----------------+----------------+--------------+----------------+----------------+----------------+----------------+-----------------+-----------------+
| YDL056W(1)     | 0.807692307692 | 0.5          | 0.192307692308 | 0.807692307692 | 0.807692307692 | 0.119047619048 | 0.959016393443  | 0.913793103448  |
+----------------+----------------+--------------+----------------+----------------+----------------+----------------+-----------------+-----------------+
+----------------+--------------+----------------+--------------+-----------------+--------------+----------------+--------------+--------------+--------------+----------------+----------------+----------------+--------------+-----------------+-----------------+----------------+
| ('YGL003C', 0) | YGL003C_0(0) | YGL003C_0(0)   | YGL003C_0(0) | YGL003C_0(0)    | YGL003C_0(0) | YGL003C_0(0)   | YGL003C_0(0) | YGL003C_0(0) | YGL003C_0(1) | YGL003C_0(1)   | YGL003C_0(1)   | YGL003C_0(1)   | YGL003C_0(1) | YGL003C_0(1)    | YGL003C_0(1)    | YGL003C_0(1)   |
+----------------+--------------+----------------+--------------+-----------------+--------------+----------------+--------------+--------------+--------------+----------------+----------------+----------------+--------------+-----------------+-----------------+----------------+
| ('YGL116W', 0) | YGL116W_0(0) | YGL116W_0(0)   | YGL116W_0(0) | YGL116W_0(0)    | YGL116W_0(1) | YGL116W_0(1)   | YGL116W_0(1) | YGL116W_0(1) | YGL116W_0(0) | YGL116W_0(0)   | YGL116W_0(0)   | YGL116W_0(0)   | YGL116W_0(1) | YGL116W_0(1)    | YGL116W_0(1)    | YGL116W_0(1)   |
+----------------+--------------+----------------+--------------+-----------------+--------------+----------------+--------------+--------------+--------------+----------------+----------------+----------------+--------------+-----------------+-----------------+----------------+
| ('YGR108W', 0) | YGR108W_0(0) | YGR108W_0(0)   | YGR108W_0(1) | YGR108W_0(1)    | YGR108W_0(0) | YGR108W_0(0)   | YGR108W_0(1) | YGR108W_0(1) | YGR108W_0(0) | YGR108W_0(0)   | YGR108W_0(1)   | YGR108W_0(1)   | YGR108W_0(0) | YGR108W_0(0)    | YGR108W_0(1)    | YGR108W_0(1)   |
+----------------+--------------+----------------+--------------+-----------------+--------------+----------------+--------------+--------------+--------------+----------------+----------------+----------------+--------------+-----------------+-----------------+----------------+
| ('YPR120C', 1) | YPR120C_1(0) | YPR120C_1(1)   | YPR120C_1(0) | YPR120C_1(1)    | YPR120C_1(0) | YPR120C_1(1)   | YPR120C_1(0) | YPR120C_1(1) | YPR120C_1(0) | YPR120C_1(1)   | YPR120C_1(0)   | YPR120C_1(1)   | YPR120C_1(0) | YPR120C_1(1)    | YPR120C_1(0)    | YPR120C_1(1)   |
+----------------+--------------+----------------+--------------+-----------------+--------------+----------------+--------------+--------------+--------------+----------------+----------------+----------------+--------------+-----------------+-----------------+----------------+
| YGL116W(0)     | 0.5          | 0.119047619048 | 0.5          | 0.0675675675676 | 0.5          | 0.880952380952 | 0.5          | 0.5          | 0.5          | 0.880952380952 | 0.880952380952 | 0.119047619048 | 0.5          | 0.932432432432  | 0.0247524752475 | 0.880952380952 |
+----------------+--------------+----------------+--------------+-----------------+--------------+----------------+--------------+--------------+--------------+----------------+----------------+----------------+--------------+-----------------+-----------------+----------------+
| YGL116W(1)     | 0.5          | 0.880952380952 | 0.5          | 0.932432432432  | 0.5          | 0.119047619048 | 0.5          | 0.5          | 0.5          | 0.119047619048 | 0.119047619048 | 0.880952380952 | 0.5          | 0.0675675675676 | 0.975247524752  | 0.119047619048 |
+----------------+--------------+----------------+--------------+-----------------+--------------+----------------+--------------+--------------+--------------+----------------+----------------+----------------+--------------+-----------------+-----------------+----------------+
+----------------+--------------+--------------+-----------------+--------------+
| ('YER111C', 0) | YER111C_0(0) | YER111C_0(0) | YER111C_0(1)    | YER111C_0(1) |
+----------------+--------------+--------------+-----------------+--------------+
| ('YGL116W', 0) | YGL116W_0(0) | YGL116W_0(1) | YGL116W_0(0)    | YGL116W_0(1) |
+----------------+--------------+--------------+-----------------+--------------+
| YMR043W(0)     | 0.5          | 0.42         | 0.913793103448  | 0.42         |
+----------------+--------------+--------------+-----------------+--------------+
| YMR043W(1)     | 0.5          | 0.58         | 0.0862068965517 | 0.58         |
+----------------+--------------+--------------+-----------------+--------------+
+----------------+--------------+----------------+--------------+--------------+--------------+--------------+-----------------+--------------+----------------+--------------+--------------+----------------+-----------------+--------------+----------------+-----------------+
| ('YDL056W', 0) | YDL056W_0(0) | YDL056W_0(0)   | YDL056W_0(0) | YDL056W_0(0) | YDL056W_0(0) | YDL056W_0(0) | YDL056W_0(0)    | YDL056W_0(0) | YDL056W_0(1)   | YDL056W_0(1) | YDL056W_0(1) | YDL056W_0(1)   | YDL056W_0(1)    | YDL056W_0(1) | YDL056W_0(1)   | YDL056W_0(1)    |
+----------------+--------------+----------------+--------------+--------------+--------------+--------------+-----------------+--------------+----------------+--------------+--------------+----------------+-----------------+--------------+----------------+-----------------+
| ('YDL056W', 1) | YDL056W_1(0) | YDL056W_1(0)   | YDL056W_1(0) | YDL056W_1(0) | YDL056W_1(1) | YDL056W_1(1) | YDL056W_1(1)    | YDL056W_1(1) | YDL056W_1(0)   | YDL056W_1(0) | YDL056W_1(0) | YDL056W_1(0)   | YDL056W_1(1)    | YDL056W_1(1) | YDL056W_1(1)   | YDL056W_1(1)    |
+----------------+--------------+----------------+--------------+--------------+--------------+--------------+-----------------+--------------+----------------+--------------+--------------+----------------+-----------------+--------------+----------------+-----------------+
| ('YGL003C', 0) | YGL003C_0(0) | YGL003C_0(0)   | YGL003C_0(1) | YGL003C_0(1) | YGL003C_0(0) | YGL003C_0(0) | YGL003C_0(1)    | YGL003C_0(1) | YGL003C_0(0)   | YGL003C_0(0) | YGL003C_0(1) | YGL003C_0(1)   | YGL003C_0(0)    | YGL003C_0(0) | YGL003C_0(1)   | YGL003C_0(1)    |
+----------------+--------------+----------------+--------------+--------------+--------------+--------------+-----------------+--------------+----------------+--------------+--------------+----------------+-----------------+--------------+----------------+-----------------+
| ('YGL116W', 0) | YGL116W_0(0) | YGL116W_0(1)   | YGL116W_0(0) | YGL116W_0(1) | YGL116W_0(0) | YGL116W_0(1) | YGL116W_0(0)    | YGL116W_0(1) | YGL116W_0(0)   | YGL116W_0(1) | YGL116W_0(0) | YGL116W_0(1)   | YGL116W_0(0)    | YGL116W_0(1) | YGL116W_0(0)   | YGL116W_0(1)    |
+----------------+--------------+----------------+--------------+--------------+--------------+--------------+-----------------+--------------+----------------+--------------+--------------+----------------+-----------------+--------------+----------------+-----------------+
| YDR146C(0)     | 0.5          | 0.880952380952 | 0.5          | 0.5          | 0.5          | 0.5          | 0.932432432432  | 0.5          | 0.880952380952 | 0.5          | 0.5          | 0.880952380952 | 0.932432432432  | 0.5          | 0.119047619048 | 0.0187969924812 |
+----------------+--------------+----------------+--------------+--------------+--------------+--------------+-----------------+--------------+----------------+--------------+--------------+----------------+-----------------+--------------+----------------+-----------------+
| YDR146C(1)     | 0.5          | 0.119047619048 | 0.5          | 0.5          | 0.5          | 0.5          | 0.0675675675676 | 0.5          | 0.119047619048 | 0.5          | 0.5          | 0.119047619048 | 0.0675675675676 | 0.5          | 0.880952380952 | 0.981203007519  |
+----------------+--------------+----------------+--------------+--------------+--------------+--------------+-----------------+--------------+----------------+--------------+--------------+----------------+-----------------+--------------+----------------+-----------------+
+----------------+----------------+-----------------+----------------+-----------------+----------------+----------------+----------------+-----------------+
| ('YAL040C', 0) | YAL040C_0(0)   | YAL040C_0(0)    | YAL040C_0(0)   | YAL040C_0(0)    | YAL040C_0(1)   | YAL040C_0(1)   | YAL040C_0(1)   | YAL040C_0(1)    |
+----------------+----------------+-----------------+----------------+-----------------+----------------+----------------+----------------+-----------------+
| ('YGL116W', 0) | YGL116W_0(0)   | YGL116W_0(0)    | YGL116W_0(1)   | YGL116W_0(1)    | YGL116W_0(0)   | YGL116W_0(0)   | YGL116W_0(1)   | YGL116W_0(1)    |
+----------------+----------------+-----------------+----------------+-----------------+----------------+----------------+----------------+-----------------+
| ('YGR108W', 0) | YGR108W_0(0)   | YGR108W_0(1)    | YGR108W_0(0)   | YGR108W_0(1)    | YGR108W_0(0)   | YGR108W_0(1)   | YGR108W_0(0)   | YGR108W_0(1)    |
+----------------+----------------+-----------------+----------------+-----------------+----------------+----------------+----------------+-----------------+
| YGR108W(0)     | 0.807692307692 | 0.0862068965517 | 0.119047619048 | 0.0862068965517 | 0.807692307692 | 0.807692307692 | 0.807692307692 | 0.0675675675676 |
+----------------+----------------+-----------------+----------------+-----------------+----------------+----------------+----------------+-----------------+
| YGR108W(1)     | 0.192307692308 | 0.913793103448  | 0.880952380952 | 0.913793103448  | 0.192307692308 | 0.192307692308 | 0.192307692308 | 0.932432432432  |
+----------------+----------------+-----------------+----------------+-----------------+----------------+----------------+----------------+-----------------+
+----------------+--------------+--------------+--------------+--------------+--------------+-----------------+--------------+----------------+-----------------+--------------+----------------+--------------+--------------+-----------------+--------------+-----------------+
| ('YDR146C', 1) | YDR146C_1(0) | YDR146C_1(0) | YDR146C_1(0) | YDR146C_1(0) | YDR146C_1(0) | YDR146C_1(0)    | YDR146C_1(0) | YDR146C_1(0)   | YDR146C_1(1)    | YDR146C_1(1) | YDR146C_1(1)   | YDR146C_1(1) | YDR146C_1(1) | YDR146C_1(1)    | YDR146C_1(1) | YDR146C_1(1)    |
+----------------+--------------+--------------+--------------+--------------+--------------+-----------------+--------------+----------------+-----------------+--------------+----------------+--------------+--------------+-----------------+--------------+-----------------+
| ('YER111C', 0) | YER111C_0(0) | YER111C_0(0) | YER111C_0(0) | YER111C_0(0) | YER111C_0(1) | YER111C_0(1)    | YER111C_0(1) | YER111C_0(1)   | YER111C_0(0)    | YER111C_0(0) | YER111C_0(0)   | YER111C_0(0) | YER111C_0(1) | YER111C_0(1)    | YER111C_0(1) | YER111C_0(1)    |
+----------------+--------------+--------------+--------------+--------------+--------------+-----------------+--------------+----------------+-----------------+--------------+----------------+--------------+--------------+-----------------+--------------+-----------------+
| ('YMR043W', 1) | YMR043W_1(0) | YMR043W_1(0) | YMR043W_1(1) | YMR043W_1(1) | YMR043W_1(0) | YMR043W_1(0)    | YMR043W_1(1) | YMR043W_1(1)   | YMR043W_1(0)    | YMR043W_1(0) | YMR043W_1(1)   | YMR043W_1(1) | YMR043W_1(0) | YMR043W_1(0)    | YMR043W_1(1) | YMR043W_1(1)    |
+----------------+--------------+--------------+--------------+--------------+--------------+-----------------+--------------+----------------+-----------------+--------------+----------------+--------------+--------------+-----------------+--------------+-----------------+
| ('YMR199W', 1) | YMR199W_1(0) | YMR199W_1(1) | YMR199W_1(0) | YMR199W_1(1) | YMR199W_1(0) | YMR199W_1(1)    | YMR199W_1(0) | YMR199W_1(1)   | YMR199W_1(0)    | YMR199W_1(1) | YMR199W_1(0)   | YMR199W_1(1) | YMR199W_1(0) | YMR199W_1(1)    | YMR199W_1(0) | YMR199W_1(1)    |
+----------------+--------------+--------------+--------------+--------------+--------------+-----------------+--------------+----------------+-----------------+--------------+----------------+--------------+--------------+-----------------+--------------+-----------------+
| YER111C(0)     | 0.5          | 0.5          | 0.5          | 0.5          | 0.5          | 0.0247524752475 | 0.5          | 0.119047619048 | 0.932432432432  | 0.5          | 0.650943396226 | 0.5          | 0.5          | 0.932432432432  | 0.5          | 0.0675675675676 |
+----------------+--------------+--------------+--------------+--------------+--------------+-----------------+--------------+----------------+-----------------+--------------+----------------+--------------+--------------+-----------------+--------------+-----------------+
| YER111C(1)     | 0.5          | 0.5          | 0.5          | 0.5          | 0.5          | 0.975247524752  | 0.5          | 0.880952380952 | 0.0675675675676 | 0.5          | 0.349056603774 | 0.5          | 0.5          | 0.0675675675676 | 0.5          | 0.932432432432  |
+----------------+--------------+--------------+--------------+--------------+--------------+-----------------+--------------+----------------+-----------------+--------------+----------------+--------------+--------------+-----------------+--------------+-----------------+
+----------------+--------------+--------------+--------------+--------------+-----------------+----------------+-----------------+-----------------+--------------+--------------+--------------+-----------------+--------------+----------------+--------------+-----------------+
| ('YDR146C', 0) | YDR146C_0(0) | YDR146C_0(0) | YDR146C_0(0) | YDR146C_0(0) | YDR146C_0(0)    | YDR146C_0(0)   | YDR146C_0(0)    | YDR146C_0(0)    | YDR146C_0(1) | YDR146C_0(1) | YDR146C_0(1) | YDR146C_0(1)    | YDR146C_0(1) | YDR146C_0(1)   | YDR146C_0(1) | YDR146C_0(1)    |
+----------------+--------------+--------------+--------------+--------------+-----------------+----------------+-----------------+-----------------+--------------+--------------+--------------+-----------------+--------------+----------------+--------------+-----------------+
| ('YER111C', 0) | YER111C_0(0) | YER111C_0(0) | YER111C_0(0) | YER111C_0(0) | YER111C_0(1)    | YER111C_0(1)   | YER111C_0(1)    | YER111C_0(1)    | YER111C_0(0) | YER111C_0(0) | YER111C_0(0) | YER111C_0(0)    | YER111C_0(1) | YER111C_0(1)   | YER111C_0(1) | YER111C_0(1)    |
+----------------+--------------+--------------+--------------+--------------+-----------------+----------------+-----------------+-----------------+--------------+--------------+--------------+-----------------+--------------+----------------+--------------+-----------------+
| ('YGL003C', 0) | YGL003C_0(0) | YGL003C_0(0) | YGL003C_0(1) | YGL003C_0(1) | YGL003C_0(0)    | YGL003C_0(0)   | YGL003C_0(1)    | YGL003C_0(1)    | YGL003C_0(0) | YGL003C_0(0) | YGL003C_0(1) | YGL003C_0(1)    | YGL003C_0(0) | YGL003C_0(0)   | YGL003C_0(1) | YGL003C_0(1)    |
+----------------+--------------+--------------+--------------+--------------+-----------------+----------------+-----------------+-----------------+--------------+--------------+--------------+-----------------+--------------+----------------+--------------+-----------------+
| ('YGR108W', 0) | YGR108W_0(0) | YGR108W_0(1) | YGR108W_0(0) | YGR108W_0(1) | YGR108W_0(0)    | YGR108W_0(1)   | YGR108W_0(0)    | YGR108W_0(1)    | YGR108W_0(0) | YGR108W_0(1) | YGR108W_0(0) | YGR108W_0(1)    | YGR108W_0(0) | YGR108W_0(1)   | YGR108W_0(0) | YGR108W_0(1)    |
+----------------+--------------+--------------+--------------+--------------+-----------------+----------------+-----------------+-----------------+--------------+--------------+--------------+-----------------+--------------+----------------+--------------+-----------------+
| YPR120C(0)     | 0.5          | 0.5          | 0.5          | 0.5          | 0.0675675675676 | 0.119047619048 | 0.0471698113208 | 0.932432432432  | 0.5          | 0.5          | 0.5          | 0.970588235294  | 0.5          | 0.119047619048 | 0.5          | 0.0675675675676 |
+----------------+--------------+--------------+--------------+--------------+-----------------+----------------+-----------------+-----------------+--------------+--------------+--------------+-----------------+--------------+----------------+--------------+-----------------+
| YPR120C(1)     | 0.5          | 0.5          | 0.5          | 0.5          | 0.932432432432  | 0.880952380952 | 0.952830188679  | 0.0675675675676 | 0.5          | 0.5          | 0.5          | 0.0294117647059 | 0.5          | 0.880952380952 | 0.5          | 0.932432432432  |
+----------------+--------------+--------------+--------------+--------------+-----------------+----------------+-----------------+-----------------+--------------+--------------+--------------+-----------------+--------------+----------------+--------------+-----------------+
+----------------+--------------+--------------+-----------------+--------------+--------------+-----------------+-----------------+-----------------+
| ('YDL056W', 0) | YDL056W_0(0) | YDL056W_0(0) | YDL056W_0(0)    | YDL056W_0(0) | YDL056W_0(1) | YDL056W_0(1)    | YDL056W_0(1)    | YDL056W_0(1)    |
+----------------+--------------+--------------+-----------------+--------------+--------------+-----------------+-----------------+-----------------+
| ('YER111C', 0) | YER111C_0(0) | YER111C_0(0) | YER111C_0(1)    | YER111C_0(1) | YER111C_0(0) | YER111C_0(0)    | YER111C_0(1)    | YER111C_0(1)    |
+----------------+--------------+--------------+-----------------+--------------+--------------+-----------------+-----------------+-----------------+
| ('YGL116W', 1) | YGL116W_1(0) | YGL116W_1(1) | YGL116W_1(0)    | YGL116W_1(1) | YGL116W_1(0) | YGL116W_1(1)    | YGL116W_1(0)    | YGL116W_1(1)    |
+----------------+--------------+--------------+-----------------+--------------+--------------+-----------------+-----------------+-----------------+
| YMR199W(0)     | 0.5          | 0.5          | 0.0862068965517 | 0.5          | 0.5          | 0.944444444444  | 0.0862068965517 | 0.0555555555556 |
+----------------+--------------+--------------+-----------------+--------------+--------------+-----------------+-----------------+-----------------+
| YMR199W(1)     | 0.5          | 0.5          | 0.913793103448  | 0.5          | 0.5          | 0.0555555555556 | 0.913793103448  | 0.944444444444  |
+----------------+--------------+--------------+-----------------+--------------+--------------+-----------------+-----------------+-----------------+
[('YDL056W', 'YDR146C'), ('YGL003C', 'YGL116W'), ('YGL003C', 'YGL003C'), ('YGL003C', 'YDR146C'), ('YGL003C', 'YPR120C'), ('YMR043W', 'YER111C'), ('YAL040C', 'YLR079W'), ('YAL040C', 'YGR108W'), ('YER111C', 'YMR199W'), ('YER111C', 'YPR120C'), ('YER111C', 'YER111C'), ('YER111C', 'YMR043W'), ('YGR108W', 'YGL003C'), ('YGR108W', 'YLR079W'), ('YGR108W', 'YDL056W'), ('YGR108W', 'YAL040C'), ('YMR043W', 'YDL056W'), ('YPR120C', 'YAL040C'), ('YGL116W', 'YGL116W'), ('YGL116W', 'YMR043W'), ('YGL116W', 'YDR146C'), ('YGL116W', 'YGR108W'), ('YGL116W', 'YAL040C'), ('YGR108W', 'YGL116W'), ('YGR108W', 'YPR120C'), ('YGR108W', 'YGR108W'), ('YMR199W', 'YER111C'), ('YDR146C', 'YPR120C'), ('YPR120C', 'YGL116W'), ('YGL116W', 'YGL003C'), ('YGL116W', 'YMR199W'), ('YLR079W', 'YGL003C'), ('YDL056W', 'YMR199W'), ('YDL056W', 'YDR146C'), ('YDL056W', 'YDL056W'), ('YMR199W', 'YLR079W'), ('YDR146C', 'YLR079W'), ('YDR146C', 'YER111C'), ('YDR146C', 'YAL040C')]
