[('YAL040C', 'YER111C'), ('YAL040C', 'YDL056W'), ('YLR079W', 'YDR146C'), ('YGL116W', 'YPR120C'), ('YGR108W', 'YAL040C'), ('YER111C', 'YMR043W'), ('YER111C', 'YMR199W'), ('YPR120C', 'YLR079W'), ('YPR120C', 'YGL003C'), ('YGL003C', 'YGR108W')]
+------------+------------+
| YGR108W    | YGR108W(1) |
+------------+------------+
| YAL040C(1) | 1.0        |
+------------+------------+
+------------+------------+
| YPR120C    | YPR120C(1) |
+------------+------------+
| YLR079W(1) | 1.0        |
+------------+------------+
+------------+------------+
| YER111C    | YER111C(1) |
+------------+------------+
| YMR199W(0) | 1.0        |
+------------+------------+
+------------+------------+
| YAL040C    | YAL040C(1) |
+------------+------------+
| YDL056W(0) | 1.0        |
+------------+------------+
+------------+---+
| YGL116W(1) | 1 |
+------------+---+
+------------+------------+
| YER111C    | YER111C(1) |
+------------+------------+
| YMR043W(1) | 1.0        |
+------------+------------+
+------------+------------+
| YLR079W    | YLR079W(1) |
+------------+------------+
| YDR146C(0) | 1.0        |
+------------+------------+
+------------+------------+
| YGL003C    | YGL003C(1) |
+------------+------------+
| YGR108W(1) | 1.0        |
+------------+------------+
+------------+------------+
| YAL040C    | YAL040C(1) |
+------------+------------+
| YER111C(1) | 1.0        |
+------------+------------+
+------------+------------+
| YGL116W    | YGL116W(1) |
+------------+------------+
| YPR120C(1) | 1.0        |
+------------+------------+
+------------+------------+
| YPR120C    | YPR120C(1) |
+------------+------------+
| YGL003C(1) | 1.0        |
+------------+------------+
[(('YLR079W', 0), ('YDR146C', 1)), (('YLR079W', 0), ('YMR199W', 1)), (('YLR079W', 0), ('YPR120C', 1)), (('YLR079W', 0), ('YLR079W', 1)), (('YLR079W', 0), ('YGR108W', 1)), (('YDL056W', 1), ('YGL116W', 1)), (('YER111C', 1), ('YDL056W', 1)), (('YGL003C', 0), ('YDR146C', 1)), (('YGL003C', 0), ('YLR079W', 1)), (('YGL003C', 0), ('YGR108W', 1)), (('YAL040C', 0), ('YGL116W', 1)), (('YAL040C', 0), ('YPR120C', 1)), (('YAL040C', 0), ('YLR079W', 1)), (('YAL040C', 0), ('YER111C', 1)), (('YER111C', 0), ('YMR199W', 1)), (('YER111C', 0), ('YER111C', 1)), (('YER111C', 0), ('YGR108W', 1)), (('YGR108W', 1), ('YDR146C', 1)), (('YMR043W', 0), ('YPR120C', 1)), (('YPR120C', 0), ('YPR120C', 1)), (('YPR120C', 0), ('YLR079W', 1)), (('YPR120C', 0), ('YAL040C', 1)), (('YGR108W', 0), ('YGL116W', 1)), (('YGR108W', 0), ('YDR146C', 1)), (('YGR108W', 0), ('YGR108W', 1)), (('YDR146C', 0), ('YGL116W', 1)), (('YDR146C', 0), ('YGL003C', 1)), (('YPR120C', 1), ('YMR199W', 1)), (('YGL116W', 1), ('YMR199W', 1)), (('YGL116W', 1), ('YAL040C', 1)), (('YLR079W', 1), ('YER111C', 1)), (('YDL056W', 0), ('YMR043W', 1))]
+----------------+----------------+----------------+----------------+-----------------+
| ('YGL116W', 1) | YGL116W_1(0)   | YGL116W_1(0)   | YGL116W_1(1)   | YGL116W_1(1)    |
+----------------+----------------+----------------+----------------+-----------------+
| ('YPR120C', 0) | YPR120C_0(0)   | YPR120C_0(1)   | YPR120C_0(0)   | YPR120C_0(1)    |
+----------------+----------------+----------------+----------------+-----------------+
| YAL040C(0)     | 0.192307692308 | 0.391891891892 | 0.362068965517 | 0.913793103448  |
+----------------+----------------+----------------+----------------+-----------------+
| YAL040C(1)     | 0.807692307692 | 0.608108108108 | 0.637931034483 | 0.0862068965517 |
+----------------+----------------+----------------+----------------+-----------------+
+----------------+--------------+----------------+--------------+-----------------+----------------+----------------+--------------+-----------------+--------------+--------------+--------------+----------------+-----------------+-----------------+-----------------+----------------+
| ('YAL040C', 0) | YAL040C_0(0) | YAL040C_0(0)   | YAL040C_0(0) | YAL040C_0(0)    | YAL040C_0(0)   | YAL040C_0(0)   | YAL040C_0(0) | YAL040C_0(0)    | YAL040C_0(1) | YAL040C_0(1) | YAL040C_0(1) | YAL040C_0(1)   | YAL040C_0(1)    | YAL040C_0(1)    | YAL040C_0(1)    | YAL040C_0(1)   |
+----------------+--------------+----------------+--------------+-----------------+----------------+----------------+--------------+-----------------+--------------+--------------+--------------+----------------+-----------------+-----------------+-----------------+----------------+
| ('YGL003C', 0) | YGL003C_0(0) | YGL003C_0(0)   | YGL003C_0(0) | YGL003C_0(0)    | YGL003C_0(1)   | YGL003C_0(1)   | YGL003C_0(1) | YGL003C_0(1)    | YGL003C_0(0) | YGL003C_0(0) | YGL003C_0(0) | YGL003C_0(0)   | YGL003C_0(1)    | YGL003C_0(1)    | YGL003C_0(1)    | YGL003C_0(1)   |
+----------------+--------------+----------------+--------------+-----------------+----------------+----------------+--------------+-----------------+--------------+--------------+--------------+----------------+-----------------+-----------------+-----------------+----------------+
| ('YLR079W', 0) | YLR079W_0(0) | YLR079W_0(0)   | YLR079W_0(1) | YLR079W_0(1)    | YLR079W_0(0)   | YLR079W_0(0)   | YLR079W_0(1) | YLR079W_0(1)    | YLR079W_0(0) | YLR079W_0(0) | YLR079W_0(1) | YLR079W_0(1)   | YLR079W_0(0)    | YLR079W_0(0)    | YLR079W_0(1)    | YLR079W_0(1)   |
+----------------+--------------+----------------+--------------+-----------------+----------------+----------------+--------------+-----------------+--------------+--------------+--------------+----------------+-----------------+-----------------+-----------------+----------------+
| ('YPR120C', 0) | YPR120C_0(0) | YPR120C_0(1)   | YPR120C_0(0) | YPR120C_0(1)    | YPR120C_0(0)   | YPR120C_0(1)   | YPR120C_0(0) | YPR120C_0(1)    | YPR120C_0(0) | YPR120C_0(1) | YPR120C_0(0) | YPR120C_0(1)   | YPR120C_0(0)    | YPR120C_0(1)    | YPR120C_0(0)    | YPR120C_0(1)   |
+----------------+--------------+----------------+--------------+-----------------+----------------+----------------+--------------+-----------------+--------------+--------------+--------------+----------------+-----------------+-----------------+-----------------+----------------+
| YLR079W(0)     | 0.5          | 0.880952380952 | 0.5          | 0.932432432432  | 0.650943396226 | 0.880952380952 | 0.5          | 0.0471698113208 | 0.5          | 0.5          | 0.5          | 0.880952380952 | 0.952830188679  | 0.0675675675676 | 0.0675675675676 | 0.036231884058 |
+----------------+--------------+----------------+--------------+-----------------+----------------+----------------+--------------+-----------------+--------------+--------------+--------------+----------------+-----------------+-----------------+-----------------+----------------+
| YLR079W(1)     | 0.5          | 0.119047619048 | 0.5          | 0.0675675675676 | 0.349056603774 | 0.119047619048 | 0.5          | 0.952830188679  | 0.5          | 0.5          | 0.5          | 0.119047619048 | 0.0471698113208 | 0.932432432432  | 0.932432432432  | 0.963768115942 |
+----------------+--------------+----------------+--------------+-----------------+----------------+----------------+--------------+-----------------+--------------+--------------+--------------+----------------+-----------------+-----------------+-----------------+----------------+
+----------------+--------------+----------------+
| ('YDR146C', 0) | YDR146C_0(0) | YDR146C_0(1)   |
+----------------+--------------+----------------+
| YGL003C(0)     | 0.5          | 0.136363636364 |
+----------------+--------------+----------------+
| YGL003C(1)     | 0.5          | 0.863636363636 |
+----------------+--------------+----------------+
+----------------+----------------+----------------+
| ('YER111C', 1) | YER111C_1(0)   | YER111C_1(1)   |
+----------------+----------------+----------------+
| YDL056W(0)     | 0.166666666667 | 0.525641025641 |
+----------------+----------------+----------------+
| YDL056W(1)     | 0.833333333333 | 0.474358974359 |
+----------------+----------------+----------------+
+----------------+----------------+--------------+----------------+-----------------+----------------+----------------+--------------+----------------+-----------------+--------------+----------------+-----------------+-----------------+--------------+--------------+----------------+
| ('YAL040C', 0) | YAL040C_0(0)   | YAL040C_0(0) | YAL040C_0(0)   | YAL040C_0(0)    | YAL040C_0(0)   | YAL040C_0(0)   | YAL040C_0(0) | YAL040C_0(0)   | YAL040C_0(1)    | YAL040C_0(1) | YAL040C_0(1)   | YAL040C_0(1)    | YAL040C_0(1)    | YAL040C_0(1) | YAL040C_0(1) | YAL040C_0(1)   |
+----------------+----------------+--------------+----------------+-----------------+----------------+----------------+--------------+----------------+-----------------+--------------+----------------+-----------------+-----------------+--------------+--------------+----------------+
| ('YDL056W', 1) | YDL056W_1(0)   | YDL056W_1(0) | YDL056W_1(0)   | YDL056W_1(0)    | YDL056W_1(1)   | YDL056W_1(1)   | YDL056W_1(1) | YDL056W_1(1)   | YDL056W_1(0)    | YDL056W_1(0) | YDL056W_1(0)   | YDL056W_1(0)    | YDL056W_1(1)    | YDL056W_1(1) | YDL056W_1(1) | YDL056W_1(1)   |
+----------------+----------------+--------------+----------------+-----------------+----------------+----------------+--------------+----------------+-----------------+--------------+----------------+-----------------+-----------------+--------------+--------------+----------------+
| ('YDR146C', 0) | YDR146C_0(0)   | YDR146C_0(0) | YDR146C_0(1)   | YDR146C_0(1)    | YDR146C_0(0)   | YDR146C_0(0)   | YDR146C_0(1) | YDR146C_0(1)   | YDR146C_0(0)    | YDR146C_0(0) | YDR146C_0(1)   | YDR146C_0(1)    | YDR146C_0(0)    | YDR146C_0(0) | YDR146C_0(1) | YDR146C_0(1)   |
+----------------+----------------+--------------+----------------+-----------------+----------------+----------------+--------------+----------------+-----------------+--------------+----------------+-----------------+-----------------+--------------+--------------+----------------+
| ('YGR108W', 0) | YGR108W_0(0)   | YGR108W_0(1) | YGR108W_0(0)   | YGR108W_0(1)    | YGR108W_0(0)   | YGR108W_0(1)   | YGR108W_0(0) | YGR108W_0(1)   | YGR108W_0(0)    | YGR108W_0(1) | YGR108W_0(0)   | YGR108W_0(1)    | YGR108W_0(0)    | YGR108W_0(1) | YGR108W_0(0) | YGR108W_0(1)   |
+----------------+----------------+--------------+----------------+-----------------+----------------+----------------+--------------+----------------+-----------------+--------------+----------------+-----------------+-----------------+--------------+--------------+----------------+
| YGL116W(0)     | 0.119047619048 | 0.5          | 0.119047619048 | 0.0675675675676 | 0.880952380952 | 0.119047619048 | 0.5          | 0.963768115942 | 0.932432432432  | 0.5          | 0.119047619048 | 0.0675675675676 | 0.952830188679  | 0.5          | 0.5          | 0.036231884058 |
+----------------+----------------+--------------+----------------+-----------------+----------------+----------------+--------------+----------------+-----------------+--------------+----------------+-----------------+-----------------+--------------+--------------+----------------+
| YGL116W(1)     | 0.880952380952 | 0.5          | 0.880952380952 | 0.932432432432  | 0.119047619048 | 0.880952380952 | 0.5          | 0.036231884058 | 0.0675675675676 | 0.5          | 0.880952380952 | 0.932432432432  | 0.0471698113208 | 0.5          | 0.5          | 0.963768115942 |
+----------------+----------------+--------------+----------------+-----------------+----------------+----------------+--------------+----------------+-----------------+--------------+----------------+-----------------+-----------------+--------------+--------------+----------------+
+----------------+----------------+----------------+
| ('YDL056W', 0) | YDL056W_0(0)   | YDL056W_0(1)   |
+----------------+----------------+----------------+
| YMR043W(0)     | 0.630434782609 | 0.274193548387 |
+----------------+----------------+----------------+
| YMR043W(1)     | 0.369565217391 | 0.725806451613 |
+----------------+----------------+----------------+
+----------------+--------------+--------------+--------------+----------------+--------------+----------------+----------------+----------------+----------------+-----------------+--------------+----------------+--------------+----------------+-----------------+----------------+
| ('YGL003C', 0) | YGL003C_0(0) | YGL003C_0(0) | YGL003C_0(0) | YGL003C_0(0)   | YGL003C_0(0) | YGL003C_0(0)   | YGL003C_0(0)   | YGL003C_0(0)   | YGL003C_0(1)   | YGL003C_0(1)    | YGL003C_0(1) | YGL003C_0(1)   | YGL003C_0(1) | YGL003C_0(1)   | YGL003C_0(1)    | YGL003C_0(1)   |
+----------------+--------------+--------------+--------------+----------------+--------------+----------------+----------------+----------------+----------------+-----------------+--------------+----------------+--------------+----------------+-----------------+----------------+
| ('YGR108W', 0) | YGR108W_0(0) | YGR108W_0(0) | YGR108W_0(0) | YGR108W_0(0)   | YGR108W_0(1) | YGR108W_0(1)   | YGR108W_0(1)   | YGR108W_0(1)   | YGR108W_0(0)   | YGR108W_0(0)    | YGR108W_0(0) | YGR108W_0(0)   | YGR108W_0(1) | YGR108W_0(1)   | YGR108W_0(1)    | YGR108W_0(1)   |
+----------------+--------------+--------------+--------------+----------------+--------------+----------------+----------------+----------------+----------------+-----------------+--------------+----------------+--------------+----------------+-----------------+----------------+
| ('YGR108W', 1) | YGR108W_1(0) | YGR108W_1(0) | YGR108W_1(1) | YGR108W_1(1)   | YGR108W_1(0) | YGR108W_1(0)   | YGR108W_1(1)   | YGR108W_1(1)   | YGR108W_1(0)   | YGR108W_1(0)    | YGR108W_1(1) | YGR108W_1(1)   | YGR108W_1(0) | YGR108W_1(0)   | YGR108W_1(1)    | YGR108W_1(1)   |
+----------------+--------------+--------------+--------------+----------------+--------------+----------------+----------------+----------------+----------------+-----------------+--------------+----------------+--------------+----------------+-----------------+----------------+
| ('YLR079W', 0) | YLR079W_0(0) | YLR079W_0(1) | YLR079W_0(0) | YLR079W_0(1)   | YLR079W_0(0) | YLR079W_0(1)   | YLR079W_0(0)   | YLR079W_0(1)   | YLR079W_0(0)   | YLR079W_0(1)    | YLR079W_0(0) | YLR079W_0(1)   | YLR079W_0(0) | YLR079W_0(1)   | YLR079W_0(0)    | YLR079W_0(1)   |
+----------------+--------------+--------------+--------------+----------------+--------------+----------------+----------------+----------------+----------------+-----------------+--------------+----------------+--------------+----------------+-----------------+----------------+
| YDR146C(0)     | 0.5          | 0.5          | 0.5          | 0.119047619048 | 0.5          | 0.119047619048 | 0.119047619048 | 0.119047619048 | 0.119047619048 | 0.975247524752  | 0.5          | 0.880952380952 | 0.5          | 0.880952380952 | 0.0187969924812 | 0.119047619048 |
+----------------+--------------+--------------+--------------+----------------+--------------+----------------+----------------+----------------+----------------+-----------------+--------------+----------------+--------------+----------------+-----------------+----------------+
| YDR146C(1)     | 0.5          | 0.5          | 0.5          | 0.880952380952 | 0.5          | 0.880952380952 | 0.880952380952 | 0.880952380952 | 0.880952380952 | 0.0247524752475 | 0.5          | 0.119047619048 | 0.5          | 0.119047619048 | 0.981203007519  | 0.880952380952 |
+----------------+--------------+--------------+--------------+----------------+--------------+----------------+----------------+----------------+----------------+-----------------+--------------+----------------+--------------+----------------+-----------------+----------------+
+----------------+--------------+--------------+----------------+----------------+--------------+--------------+-----------------+--------------+--------------+----------------+--------------+----------------+----------------+---------------+-----------------+--------------+
| ('YER111C', 0) | YER111C_0(0) | YER111C_0(0) | YER111C_0(0)   | YER111C_0(0)   | YER111C_0(0) | YER111C_0(0) | YER111C_0(0)    | YER111C_0(0) | YER111C_0(1) | YER111C_0(1)   | YER111C_0(1) | YER111C_0(1)   | YER111C_0(1)   | YER111C_0(1)  | YER111C_0(1)    | YER111C_0(1) |
+----------------+--------------+--------------+----------------+----------------+--------------+--------------+-----------------+--------------+--------------+----------------+--------------+----------------+----------------+---------------+-----------------+--------------+
| ('YGL003C', 0) | YGL003C_0(0) | YGL003C_0(0) | YGL003C_0(0)   | YGL003C_0(0)   | YGL003C_0(1) | YGL003C_0(1) | YGL003C_0(1)    | YGL003C_0(1) | YGL003C_0(0) | YGL003C_0(0)   | YGL003C_0(0) | YGL003C_0(0)   | YGL003C_0(1)   | YGL003C_0(1)  | YGL003C_0(1)    | YGL003C_0(1) |
+----------------+--------------+--------------+----------------+----------------+--------------+--------------+-----------------+--------------+--------------+----------------+--------------+----------------+----------------+---------------+-----------------+--------------+
| ('YGR108W', 0) | YGR108W_0(0) | YGR108W_0(0) | YGR108W_0(1)   | YGR108W_0(1)   | YGR108W_0(0) | YGR108W_0(0) | YGR108W_0(1)    | YGR108W_0(1) | YGR108W_0(0) | YGR108W_0(0)   | YGR108W_0(1) | YGR108W_0(1)   | YGR108W_0(0)   | YGR108W_0(0)  | YGR108W_0(1)    | YGR108W_0(1) |
+----------------+--------------+--------------+----------------+----------------+--------------+--------------+-----------------+--------------+--------------+----------------+--------------+----------------+----------------+---------------+-----------------+--------------+
| ('YLR079W', 0) | YLR079W_0(0) | YLR079W_0(1) | YLR079W_0(0)   | YLR079W_0(1)   | YLR079W_0(0) | YLR079W_0(1) | YLR079W_0(0)    | YLR079W_0(1) | YLR079W_0(0) | YLR079W_0(1)   | YLR079W_0(0) | YLR079W_0(1)   | YLR079W_0(0)   | YLR079W_0(1)  | YLR079W_0(0)    | YLR079W_0(1) |
+----------------+--------------+--------------+----------------+----------------+--------------+--------------+-----------------+--------------+--------------+----------------+--------------+----------------+----------------+---------------+-----------------+--------------+
| YGR108W(0)     | 0.5          | 0.5          | 0.119047619048 | 0.880952380952 | 0.5          | 0.5          | 0.0471698113208 | 0.5          | 0.5          | 0.119047619048 | 0.5          | 0.119047619048 | 0.880952380952 | 0.84188034188 | 0.0294117647059 | 0.5          |
+----------------+--------------+--------------+----------------+----------------+--------------+--------------+-----------------+--------------+--------------+----------------+--------------+----------------+----------------+---------------+-----------------+--------------+
| YGR108W(1)     | 0.5          | 0.5          | 0.880952380952 | 0.119047619048 | 0.5          | 0.5          | 0.952830188679  | 0.5          | 0.5          | 0.880952380952 | 0.5          | 0.880952380952 | 0.119047619048 | 0.15811965812 | 0.970588235294  | 0.5          |
+----------------+--------------+--------------+----------------+----------------+--------------+--------------+-----------------+--------------+--------------+----------------+--------------+----------------+----------------+---------------+-----------------+--------------+
+----------------+----------------+--------------+-----------------+-----------------+----------------+----------------+----------------+-----------------+
| ('YAL040C', 0) | YAL040C_0(0)   | YAL040C_0(0) | YAL040C_0(0)    | YAL040C_0(0)    | YAL040C_0(1)   | YAL040C_0(1)   | YAL040C_0(1)   | YAL040C_0(1)    |
+----------------+----------------+--------------+-----------------+-----------------+----------------+----------------+----------------+-----------------+
| ('YER111C', 0) | YER111C_0(0)   | YER111C_0(0) | YER111C_0(1)    | YER111C_0(1)    | YER111C_0(0)   | YER111C_0(0)   | YER111C_0(1)   | YER111C_0(1)    |
+----------------+----------------+--------------+-----------------+-----------------+----------------+----------------+----------------+-----------------+
| ('YLR079W', 1) | YLR079W_1(0)   | YLR079W_1(1) | YLR079W_1(0)    | YLR079W_1(1)    | YLR079W_1(0)   | YLR079W_1(1)   | YLR079W_1(0)   | YLR079W_1(1)    |
+----------------+----------------+--------------+-----------------+-----------------+----------------+----------------+----------------+-----------------+
| YER111C(0)     | 0.119047619048 | 0.5          | 0.932432432432  | 0.0675675675676 | 0.119047619048 | 0.807692307692 | 0.119047619048 | 0.0409836065574 |
+----------------+----------------+--------------+-----------------+-----------------+----------------+----------------+----------------+-----------------+
| YER111C(1)     | 0.880952380952 | 0.5          | 0.0675675675676 | 0.932432432432  | 0.880952380952 | 0.192307692308 | 0.880952380952 | 0.959016393443  |
+----------------+----------------+--------------+-----------------+-----------------+----------------+----------------+----------------+-----------------+
+----------------+----------------+--------------+-----------------+-----------------+--------------+--------------+--------------+-----------------+----------------+----------------+-----------------+----------------+----------------+-----------------+----------------+-----------------+
| ('YAL040C', 0) | YAL040C_0(0)   | YAL040C_0(0) | YAL040C_0(0)    | YAL040C_0(0)    | YAL040C_0(0) | YAL040C_0(0) | YAL040C_0(0) | YAL040C_0(0)    | YAL040C_0(1)   | YAL040C_0(1)   | YAL040C_0(1)    | YAL040C_0(1)   | YAL040C_0(1)   | YAL040C_0(1)    | YAL040C_0(1)   | YAL040C_0(1)    |
+----------------+----------------+--------------+-----------------+-----------------+--------------+--------------+--------------+-----------------+----------------+----------------+-----------------+----------------+----------------+-----------------+----------------+-----------------+
| ('YLR079W', 0) | YLR079W_0(0)   | YLR079W_0(0) | YLR079W_0(0)    | YLR079W_0(0)    | YLR079W_0(1) | YLR079W_0(1) | YLR079W_0(1) | YLR079W_0(1)    | YLR079W_0(0)   | YLR079W_0(0)   | YLR079W_0(0)    | YLR079W_0(0)   | YLR079W_0(1)   | YLR079W_0(1)    | YLR079W_0(1)   | YLR079W_0(1)    |
+----------------+----------------+--------------+-----------------+-----------------+--------------+--------------+--------------+-----------------+----------------+----------------+-----------------+----------------+----------------+-----------------+----------------+-----------------+
| ('YMR043W', 0) | YMR043W_0(0)   | YMR043W_0(0) | YMR043W_0(1)    | YMR043W_0(1)    | YMR043W_0(0) | YMR043W_0(0) | YMR043W_0(1) | YMR043W_0(1)    | YMR043W_0(0)   | YMR043W_0(0)   | YMR043W_0(1)    | YMR043W_0(1)   | YMR043W_0(0)   | YMR043W_0(0)    | YMR043W_0(1)   | YMR043W_0(1)    |
+----------------+----------------+--------------+-----------------+-----------------+--------------+--------------+--------------+-----------------+----------------+----------------+-----------------+----------------+----------------+-----------------+----------------+-----------------+
| ('YPR120C', 0) | YPR120C_0(0)   | YPR120C_0(1) | YPR120C_0(0)    | YPR120C_0(1)    | YPR120C_0(0) | YPR120C_0(1) | YPR120C_0(0) | YPR120C_0(1)    | YPR120C_0(0)   | YPR120C_0(1)   | YPR120C_0(0)    | YPR120C_0(1)   | YPR120C_0(0)   | YPR120C_0(1)    | YPR120C_0(0)   | YPR120C_0(1)    |
+----------------+----------------+--------------+-----------------+-----------------+--------------+--------------+--------------+-----------------+----------------+----------------+-----------------+----------------+----------------+-----------------+----------------+-----------------+
| YPR120C(0)     | 0.119047619048 | 0.5          | 0.932432432432  | 0.932432432432  | 0.5          | 0.5          | 0.5          | 0.0471698113208 | 0.880952380952 | 0.119047619048 | 0.932432432432  | 0.119047619048 | 0.119047619048 | 0.0675675675676 | 0.880952380952 | 0.0471698113208 |
+----------------+----------------+--------------+-----------------+-----------------+--------------+--------------+--------------+-----------------+----------------+----------------+-----------------+----------------+----------------+-----------------+----------------+-----------------+
| YPR120C(1)     | 0.880952380952 | 0.5          | 0.0675675675676 | 0.0675675675676 | 0.5          | 0.5          | 0.5          | 0.952830188679  | 0.119047619048 | 0.880952380952 | 0.0675675675676 | 0.880952380952 | 0.880952380952 | 0.932432432432  | 0.119047619048 | 0.952830188679  |
+----------------+----------------+--------------+-----------------+-----------------+--------------+--------------+--------------+-----------------+----------------+----------------+-----------------+----------------+----------------+-----------------+----------------+-----------------+
+----------------+--------------+--------------+--------------+----------------+-----------------+----------------+--------------+--------------+-----------------+----------------+--------------+-----------------+-----------------+----------------+--------------+-----------------+
| ('YER111C', 0) | YER111C_0(0) | YER111C_0(0) | YER111C_0(0) | YER111C_0(0)   | YER111C_0(0)    | YER111C_0(0)   | YER111C_0(0) | YER111C_0(0) | YER111C_0(1)    | YER111C_0(1)   | YER111C_0(1) | YER111C_0(1)    | YER111C_0(1)    | YER111C_0(1)   | YER111C_0(1) | YER111C_0(1)    |
+----------------+--------------+--------------+--------------+----------------+-----------------+----------------+--------------+--------------+-----------------+----------------+--------------+-----------------+-----------------+----------------+--------------+-----------------+
| ('YGL116W', 1) | YGL116W_1(0) | YGL116W_1(0) | YGL116W_1(0) | YGL116W_1(0)   | YGL116W_1(1)    | YGL116W_1(1)   | YGL116W_1(1) | YGL116W_1(1) | YGL116W_1(0)    | YGL116W_1(0)   | YGL116W_1(0) | YGL116W_1(0)    | YGL116W_1(1)    | YGL116W_1(1)   | YGL116W_1(1) | YGL116W_1(1)    |
+----------------+--------------+--------------+--------------+----------------+-----------------+----------------+--------------+--------------+-----------------+----------------+--------------+-----------------+-----------------+----------------+--------------+-----------------+
| ('YLR079W', 0) | YLR079W_0(0) | YLR079W_0(0) | YLR079W_0(1) | YLR079W_0(1)   | YLR079W_0(0)    | YLR079W_0(0)   | YLR079W_0(1) | YLR079W_0(1) | YLR079W_0(0)    | YLR079W_0(0)   | YLR079W_0(1) | YLR079W_0(1)    | YLR079W_0(0)    | YLR079W_0(0)   | YLR079W_0(1) | YLR079W_0(1)    |
+----------------+--------------+--------------+--------------+----------------+-----------------+----------------+--------------+--------------+-----------------+----------------+--------------+-----------------+-----------------+----------------+--------------+-----------------+
| ('YPR120C', 1) | YPR120C_1(0) | YPR120C_1(1) | YPR120C_1(0) | YPR120C_1(1)   | YPR120C_1(0)    | YPR120C_1(1)   | YPR120C_1(0) | YPR120C_1(1) | YPR120C_1(0)    | YPR120C_1(1)   | YPR120C_1(0) | YPR120C_1(1)    | YPR120C_1(0)    | YPR120C_1(1)   | YPR120C_1(0) | YPR120C_1(1)    |
+----------------+--------------+--------------+--------------+----------------+-----------------+----------------+--------------+--------------+-----------------+----------------+--------------+-----------------+-----------------+----------------+--------------+-----------------+
| YMR199W(0)     | 0.5          | 0.5          | 0.5          | 0.880952380952 | 0.952830188679  | 0.880952380952 | 0.5          | 0.5          | 0.0675675675676 | 0.880952380952 | 0.5          | 0.0247524752475 | 0.932432432432  | 0.880952380952 | 0.5          | 0.0471698113208 |
+----------------+--------------+--------------+--------------+----------------+-----------------+----------------+--------------+--------------+-----------------+----------------+--------------+-----------------+-----------------+----------------+--------------+-----------------+
| YMR199W(1)     | 0.5          | 0.5          | 0.5          | 0.119047619048 | 0.0471698113208 | 0.119047619048 | 0.5          | 0.5          | 0.932432432432  | 0.119047619048 | 0.5          | 0.975247524752  | 0.0675675675676 | 0.119047619048 | 0.5          | 0.952830188679  |
+----------------+--------------+--------------+--------------+----------------+-----------------+----------------+--------------+--------------+-----------------+----------------+--------------+-----------------+-----------------+----------------+--------------+-----------------+
[('YLR079W', 'YDR146C'), ('YLR079W', 'YMR199W'), ('YLR079W', 'YPR120C'), ('YLR079W', 'YLR079W'), ('YLR079W', 'YGR108W'), ('YDL056W', 'YGL116W'), ('YER111C', 'YDL056W'), ('YGL003C', 'YDR146C'), ('YGL003C', 'YLR079W'), ('YGL003C', 'YGR108W'), ('YAL040C', 'YGL116W'), ('YAL040C', 'YPR120C'), ('YAL040C', 'YLR079W'), ('YAL040C', 'YER111C'), ('YER111C', 'YMR199W'), ('YER111C', 'YER111C'), ('YER111C', 'YGR108W'), ('YGR108W', 'YDR146C'), ('YMR043W', 'YPR120C'), ('YPR120C', 'YPR120C'), ('YPR120C', 'YLR079W'), ('YPR120C', 'YAL040C'), ('YGR108W', 'YGL116W'), ('YGR108W', 'YDR146C'), ('YGR108W', 'YGR108W'), ('YDR146C', 'YGL116W'), ('YDR146C', 'YGL003C'), ('YPR120C', 'YMR199W'), ('YGL116W', 'YMR199W'), ('YGL116W', 'YAL040C'), ('YLR079W', 'YER111C'), ('YDL056W', 'YMR043W')]
