[('YAL040C', 'YER111C'), ('YAL040C', 'YDL056W'), ('YLR079W', 'YDR146C'), ('YGL116W', 'YPR120C'), ('YGR108W', 'YAL040C'), ('YER111C', 'YMR043W'), ('YER111C', 'YMR199W'), ('YPR120C', 'YLR079W'), ('YPR120C', 'YGL003C'), ('YGL003C', 'YGR108W')]
+------------+------------+
| YGR108W    | YGR108W(0) |
+------------+------------+
| YAL040C(0) | 1.0        |
+------------+------------+
+------------+------------+
| YPR120C    | YPR120C(0) |
+------------+------------+
| YLR079W(1) | 1.0        |
+------------+------------+
+------------+------------+
| YER111C    | YER111C(0) |
+------------+------------+
| YMR199W(1) | 1.0        |
+------------+------------+
+------------+------------+
| YAL040C    | YAL040C(0) |
+------------+------------+
| YDL056W(1) | 1.0        |
+------------+------------+
+------------+---+
| YGL116W(0) | 1 |
+------------+---+
+------------+------------+
| YER111C    | YER111C(0) |
+------------+------------+
| YMR043W(0) | 1.0        |
+------------+------------+
+------------+------------+
| YLR079W    | YLR079W(1) |
+------------+------------+
| YDR146C(0) | 1.0        |
+------------+------------+
+------------+------------+
| YGL003C    | YGL003C(1) |
+------------+------------+
| YGR108W(0) | 1.0        |
+------------+------------+
+------------+------------+
| YAL040C    | YAL040C(0) |
+------------+------------+
| YER111C(0) | 1.0        |
+------------+------------+
+------------+------------+
| YGL116W    | YGL116W(0) |
+------------+------------+
| YPR120C(0) | 1.0        |
+------------+------------+
+------------+------------+
| YPR120C    | YPR120C(0) |
+------------+------------+
| YGL003C(1) | 1.0        |
+------------+------------+
[(('YLR079W', 0), ('YGL003C', 1)), (('YLR079W', 0), ('YDR146C', 1)), (('YER111C', 1), ('YMR043W', 1)), (('YER111C', 1), ('YDL056W', 1)), (('YGL003C', 0), ('YMR199W', 1)), (('YGL003C', 0), ('YGR108W', 1)), (('YAL040C', 0), ('YMR043W', 1)), (('YER111C', 0), ('YMR043W', 1)), (('YER111C', 0), ('YLR079W', 1)), (('YER111C', 0), ('YER111C', 1)), (('YGR108W', 1), ('YDL056W', 1)), (('YGR108W', 1), ('YDR146C', 1)), (('YGR108W', 1), ('YAL040C', 1)), (('YMR043W', 0), ('YPR120C', 1)), (('YPR120C', 0), ('YGL003C', 1)), (('YPR120C', 0), ('YPR120C', 1)), (('YPR120C', 0), ('YLR079W', 1)), (('YGL116W', 0), ('YGL003C', 1)), (('YGL116W', 0), ('YPR120C', 1)), (('YGL116W', 0), ('YLR079W', 1)), (('YGR108W', 0), ('YGL116W', 1)), (('YGR108W', 0), ('YDR146C', 1)), (('YGR108W', 0), ('YGR108W', 1)), (('YMR199W', 1), ('YGR108W', 1)), (('YMR199W', 1), ('YAL040C', 1)), (('YDR146C', 0), ('YGL116W', 1)), (('YPR120C', 1), ('YMR043W', 1)), (('YPR120C', 1), ('YDL056W', 1)), (('YPR120C', 1), ('YLR079W', 1)), (('YPR120C', 1), ('YER111C', 1)), (('YLR079W', 1), ('YMR199W', 1)), (('YLR079W', 1), ('YER111C', 1)), (('YDL056W', 0), ('YAL040C', 1)), (('YMR199W', 0), ('YGL003C', 1)), (('YMR199W', 0), ('YDL056W', 1)), (('YMR199W', 0), ('YER111C', 1)), (('YGL003C', 1), ('YPR120C', 1)), (('YDR146C', 1), ('YGL116W', 1))]
+----------------+--------------+--------------+----------------+-----------------+----------------+----------------+--------------+-----------------+
| ('YDL056W', 0) | YDL056W_0(0) | YDL056W_0(0) | YDL056W_0(0)   | YDL056W_0(0)    | YDL056W_0(1)   | YDL056W_0(1)   | YDL056W_0(1) | YDL056W_0(1)    |
+----------------+--------------+--------------+----------------+-----------------+----------------+----------------+--------------+-----------------+
| ('YGR108W', 1) | YGR108W_1(0) | YGR108W_1(0) | YGR108W_1(1)   | YGR108W_1(1)    | YGR108W_1(0)   | YGR108W_1(0)   | YGR108W_1(1) | YGR108W_1(1)    |
+----------------+--------------+--------------+----------------+-----------------+----------------+----------------+--------------+-----------------+
| ('YMR199W', 1) | YMR199W_1(0) | YMR199W_1(1) | YMR199W_1(0)   | YMR199W_1(1)    | YMR199W_1(0)   | YMR199W_1(1)   | YMR199W_1(0) | YMR199W_1(1)    |
+----------------+--------------+--------------+----------------+-----------------+----------------+----------------+--------------+-----------------+
| YAL040C(0)     | 0.5          | 0.5          | 0.192307692308 | 0.0675675675676 | 0.807692307692 | 0.119047619048 | 0.5          | 0.932432432432  |
+----------------+--------------+--------------+----------------+-----------------+----------------+----------------+--------------+-----------------+
| YAL040C(1)     | 0.5          | 0.5          | 0.807692307692 | 0.932432432432  | 0.192307692308 | 0.880952380952 | 0.5          | 0.0675675675676 |
+----------------+--------------+--------------+----------------+-----------------+----------------+----------------+--------------+-----------------+
+----------------+--------------+--------------+--------------+--------------+-----------------+----------------+----------------+--------------+----------------+--------------+--------------+----------------+--------------+----------------+----------------+--------------+
| ('YER111C', 0) | YER111C_0(0) | YER111C_0(0) | YER111C_0(0) | YER111C_0(0) | YER111C_0(0)    | YER111C_0(0)   | YER111C_0(0)   | YER111C_0(0) | YER111C_0(1)   | YER111C_0(1) | YER111C_0(1) | YER111C_0(1)   | YER111C_0(1) | YER111C_0(1)   | YER111C_0(1)   | YER111C_0(1) |
+----------------+--------------+--------------+--------------+--------------+-----------------+----------------+----------------+--------------+----------------+--------------+--------------+----------------+--------------+----------------+----------------+--------------+
| ('YGL116W', 0) | YGL116W_0(0) | YGL116W_0(0) | YGL116W_0(0) | YGL116W_0(0) | YGL116W_0(1)    | YGL116W_0(1)   | YGL116W_0(1)   | YGL116W_0(1) | YGL116W_0(0)   | YGL116W_0(0) | YGL116W_0(0) | YGL116W_0(0)   | YGL116W_0(1) | YGL116W_0(1)   | YGL116W_0(1)   | YGL116W_0(1) |
+----------------+--------------+--------------+--------------+--------------+-----------------+----------------+----------------+--------------+----------------+--------------+--------------+----------------+--------------+----------------+----------------+--------------+
| ('YPR120C', 0) | YPR120C_0(0) | YPR120C_0(0) | YPR120C_0(1) | YPR120C_0(1) | YPR120C_0(0)    | YPR120C_0(0)   | YPR120C_0(1)   | YPR120C_0(1) | YPR120C_0(0)   | YPR120C_0(0) | YPR120C_0(1) | YPR120C_0(1)   | YPR120C_0(0) | YPR120C_0(0)   | YPR120C_0(1)   | YPR120C_0(1) |
+----------------+--------------+--------------+--------------+--------------+-----------------+----------------+----------------+--------------+----------------+--------------+--------------+----------------+--------------+----------------+----------------+--------------+
| ('YPR120C', 1) | YPR120C_1(0) | YPR120C_1(1) | YPR120C_1(0) | YPR120C_1(1) | YPR120C_1(0)    | YPR120C_1(1)   | YPR120C_1(0)   | YPR120C_1(1) | YPR120C_1(0)   | YPR120C_1(1) | YPR120C_1(0) | YPR120C_1(1)   | YPR120C_1(0) | YPR120C_1(1)   | YPR120C_1(0)   | YPR120C_1(1) |
+----------------+--------------+--------------+--------------+--------------+-----------------+----------------+----------------+--------------+----------------+--------------+--------------+----------------+--------------+----------------+----------------+--------------+
| YLR079W(0)     | 0.5          | 0.5          | 0.5          | 0.5          | 0.0471698113208 | 0.880952380952 | 0.119047619048 | 0.5          | 0.119047619048 | 0.5          | 0.5          | 0.963768115942 | 0.5          | 0.119047619048 | 0.880952380952 | 0.5          |
+----------------+--------------+--------------+--------------+--------------+-----------------+----------------+----------------+--------------+----------------+--------------+--------------+----------------+--------------+----------------+----------------+--------------+
| YLR079W(1)     | 0.5          | 0.5          | 0.5          | 0.5          | 0.952830188679  | 0.119047619048 | 0.880952380952 | 0.5          | 0.880952380952 | 0.5          | 0.5          | 0.036231884058 | 0.5          | 0.880952380952 | 0.119047619048 | 0.5          |
+----------------+--------------+--------------+--------------+--------------+-----------------+----------------+----------------+--------------+----------------+--------------+--------------+----------------+--------------+----------------+----------------+--------------+
+----------------+----------------+--------------+--------------+-----------------+--------------+--------------+--------------+----------------+--------------+--------------+----------------+-----------------+-----------------+--------------+-----------------+--------------+
| ('YGL116W', 0) | YGL116W_0(0)   | YGL116W_0(0) | YGL116W_0(0) | YGL116W_0(0)    | YGL116W_0(0) | YGL116W_0(0) | YGL116W_0(0) | YGL116W_0(0)   | YGL116W_0(1) | YGL116W_0(1) | YGL116W_0(1)   | YGL116W_0(1)    | YGL116W_0(1)    | YGL116W_0(1) | YGL116W_0(1)    | YGL116W_0(1) |
+----------------+----------------+--------------+--------------+-----------------+--------------+--------------+--------------+----------------+--------------+--------------+----------------+-----------------+-----------------+--------------+-----------------+--------------+
| ('YLR079W', 0) | YLR079W_0(0)   | YLR079W_0(0) | YLR079W_0(0) | YLR079W_0(0)    | YLR079W_0(1) | YLR079W_0(1) | YLR079W_0(1) | YLR079W_0(1)   | YLR079W_0(0) | YLR079W_0(0) | YLR079W_0(0)   | YLR079W_0(0)    | YLR079W_0(1)    | YLR079W_0(1) | YLR079W_0(1)    | YLR079W_0(1) |
+----------------+----------------+--------------+--------------+-----------------+--------------+--------------+--------------+----------------+--------------+--------------+----------------+-----------------+-----------------+--------------+-----------------+--------------+
| ('YMR199W', 0) | YMR199W_0(0)   | YMR199W_0(0) | YMR199W_0(1) | YMR199W_0(1)    | YMR199W_0(0) | YMR199W_0(0) | YMR199W_0(1) | YMR199W_0(1)   | YMR199W_0(0) | YMR199W_0(0) | YMR199W_0(1)   | YMR199W_0(1)    | YMR199W_0(0)    | YMR199W_0(0) | YMR199W_0(1)    | YMR199W_0(1) |
+----------------+----------------+--------------+--------------+-----------------+--------------+--------------+--------------+----------------+--------------+--------------+----------------+-----------------+-----------------+--------------+-----------------+--------------+
| ('YPR120C', 0) | YPR120C_0(0)   | YPR120C_0(1) | YPR120C_0(0) | YPR120C_0(1)    | YPR120C_0(0) | YPR120C_0(1) | YPR120C_0(0) | YPR120C_0(1)   | YPR120C_0(0) | YPR120C_0(1) | YPR120C_0(0)   | YPR120C_0(1)    | YPR120C_0(0)    | YPR120C_0(1) | YPR120C_0(0)    | YPR120C_0(1) |
+----------------+----------------+--------------+--------------+-----------------+--------------+--------------+--------------+----------------+--------------+--------------+----------------+-----------------+-----------------+--------------+-----------------+--------------+
| YGL003C(0)     | 0.880952380952 | 0.5          | 0.5          | 0.0471698113208 | 0.5          | 0.5          | 0.5          | 0.119047619048 | 0.5          | 0.5          | 0.880952380952 | 0.932432432432  | 0.932432432432  | 0.5          | 0.0675675675676 | 0.5          |
+----------------+----------------+--------------+--------------+-----------------+--------------+--------------+--------------+----------------+--------------+--------------+----------------+-----------------+-----------------+--------------+-----------------+--------------+
| YGL003C(1)     | 0.119047619048 | 0.5          | 0.5          | 0.952830188679  | 0.5          | 0.5          | 0.5          | 0.880952380952 | 0.5          | 0.5          | 0.119047619048 | 0.0675675675676 | 0.0675675675676 | 0.5          | 0.932432432432  | 0.5          |
+----------------+----------------+--------------+--------------+-----------------+--------------+--------------+--------------+----------------+--------------+--------------+----------------+-----------------+-----------------+--------------+-----------------+--------------+
+----------------+--------------+--------------+--------------+--------------+--------------+--------------+----------------+----------------+----------------+----------------+--------------+----------------+----------------+--------------+--------------+-----------------+
| ('YER111C', 1) | YER111C_1(0) | YER111C_1(0) | YER111C_1(0) | YER111C_1(0) | YER111C_1(0) | YER111C_1(0) | YER111C_1(0)   | YER111C_1(0)   | YER111C_1(1)   | YER111C_1(1)   | YER111C_1(1) | YER111C_1(1)   | YER111C_1(1)   | YER111C_1(1) | YER111C_1(1) | YER111C_1(1)    |
+----------------+--------------+--------------+--------------+--------------+--------------+--------------+----------------+----------------+----------------+----------------+--------------+----------------+----------------+--------------+--------------+-----------------+
| ('YGR108W', 1) | YGR108W_1(0) | YGR108W_1(0) | YGR108W_1(0) | YGR108W_1(0) | YGR108W_1(1) | YGR108W_1(1) | YGR108W_1(1)   | YGR108W_1(1)   | YGR108W_1(0)   | YGR108W_1(0)   | YGR108W_1(0) | YGR108W_1(0)   | YGR108W_1(1)   | YGR108W_1(1) | YGR108W_1(1) | YGR108W_1(1)    |
+----------------+--------------+--------------+--------------+--------------+--------------+--------------+----------------+----------------+----------------+----------------+--------------+----------------+----------------+--------------+--------------+-----------------+
| ('YMR199W', 0) | YMR199W_0(0) | YMR199W_0(0) | YMR199W_0(1) | YMR199W_0(1) | YMR199W_0(0) | YMR199W_0(0) | YMR199W_0(1)   | YMR199W_0(1)   | YMR199W_0(0)   | YMR199W_0(0)   | YMR199W_0(1) | YMR199W_0(1)   | YMR199W_0(0)   | YMR199W_0(0) | YMR199W_0(1) | YMR199W_0(1)    |
+----------------+--------------+--------------+--------------+--------------+--------------+--------------+----------------+----------------+----------------+----------------+--------------+----------------+----------------+--------------+--------------+-----------------+
| ('YPR120C', 1) | YPR120C_1(0) | YPR120C_1(1) | YPR120C_1(0) | YPR120C_1(1) | YPR120C_1(0) | YPR120C_1(1) | YPR120C_1(0)   | YPR120C_1(1)   | YPR120C_1(0)   | YPR120C_1(1)   | YPR120C_1(0) | YPR120C_1(1)   | YPR120C_1(0)   | YPR120C_1(1) | YPR120C_1(0) | YPR120C_1(1)    |
+----------------+--------------+--------------+--------------+--------------+--------------+--------------+----------------+----------------+----------------+----------------+--------------+----------------+----------------+--------------+--------------+-----------------+
| YDL056W(0)     | 0.5          | 0.5          | 0.5          | 0.5          | 0.5          | 0.5          | 0.963768115942 | 0.119047619048 | 0.119047619048 | 0.119047619048 | 0.5          | 0.880952380952 | 0.880952380952 | 0.5          | 0.5          | 0.0471698113208 |
+----------------+--------------+--------------+--------------+--------------+--------------+--------------+----------------+----------------+----------------+----------------+--------------+----------------+----------------+--------------+--------------+-----------------+
| YDL056W(1)     | 0.5          | 0.5          | 0.5          | 0.5          | 0.5          | 0.5          | 0.036231884058 | 0.880952380952 | 0.880952380952 | 0.880952380952 | 0.5          | 0.119047619048 | 0.119047619048 | 0.5          | 0.5          | 0.952830188679  |
+----------------+--------------+--------------+--------------+--------------+--------------+--------------+----------------+----------------+----------------+----------------+--------------+----------------+----------------+--------------+--------------+-----------------+
+----------------+----------------+--------------+----------------+----------------+----------------+--------------+--------------+-----------------+
| ('YDR146C', 0) | YDR146C_0(0)   | YDR146C_0(0) | YDR146C_0(0)   | YDR146C_0(0)   | YDR146C_0(1)   | YDR146C_0(1) | YDR146C_0(1) | YDR146C_0(1)    |
+----------------+----------------+--------------+----------------+----------------+----------------+--------------+--------------+-----------------+
| ('YDR146C', 1) | YDR146C_1(0)   | YDR146C_1(0) | YDR146C_1(1)   | YDR146C_1(1)   | YDR146C_1(0)   | YDR146C_1(0) | YDR146C_1(1) | YDR146C_1(1)    |
+----------------+----------------+--------------+----------------+----------------+----------------+--------------+--------------+-----------------+
| ('YGR108W', 0) | YGR108W_0(0)   | YGR108W_0(1) | YGR108W_0(0)   | YGR108W_0(1)   | YGR108W_0(0)   | YGR108W_0(1) | YGR108W_0(0) | YGR108W_0(1)    |
+----------------+----------------+--------------+----------------+----------------+----------------+--------------+--------------+-----------------+
| YGL116W(0)     | 0.880952380952 | 0.5          | 0.192307692308 | 0.807692307692 | 0.807692307692 | 0.5          | 0.5          | 0.0409836065574 |
+----------------+----------------+--------------+----------------+----------------+----------------+--------------+--------------+-----------------+
| YGL116W(1)     | 0.119047619048 | 0.5          | 0.807692307692 | 0.192307692308 | 0.192307692308 | 0.5          | 0.5          | 0.959016393443  |
+----------------+----------------+--------------+----------------+----------------+----------------+--------------+--------------+-----------------+
+----------------+----------------+----------------+--------------+--------------+----------------+--------------+----------------+-----------------+-----------------+--------------+----------------+--------------+--------------+--------------+--------------+-----------------+
| ('YAL040C', 0) | YAL040C_0(0)   | YAL040C_0(0)   | YAL040C_0(0) | YAL040C_0(0) | YAL040C_0(0)   | YAL040C_0(0) | YAL040C_0(0)   | YAL040C_0(0)    | YAL040C_0(1)    | YAL040C_0(1) | YAL040C_0(1)   | YAL040C_0(1) | YAL040C_0(1) | YAL040C_0(1) | YAL040C_0(1) | YAL040C_0(1)    |
+----------------+----------------+----------------+--------------+--------------+----------------+--------------+----------------+-----------------+-----------------+--------------+----------------+--------------+--------------+--------------+--------------+-----------------+
| ('YER111C', 0) | YER111C_0(0)   | YER111C_0(0)   | YER111C_0(0) | YER111C_0(0) | YER111C_0(1)   | YER111C_0(1) | YER111C_0(1)   | YER111C_0(1)    | YER111C_0(0)    | YER111C_0(0) | YER111C_0(0)   | YER111C_0(0) | YER111C_0(1) | YER111C_0(1) | YER111C_0(1) | YER111C_0(1)    |
+----------------+----------------+----------------+--------------+--------------+----------------+--------------+----------------+-----------------+-----------------+--------------+----------------+--------------+--------------+--------------+--------------+-----------------+
| ('YER111C', 1) | YER111C_1(0)   | YER111C_1(0)   | YER111C_1(1) | YER111C_1(1) | YER111C_1(0)   | YER111C_1(0) | YER111C_1(1)   | YER111C_1(1)    | YER111C_1(0)    | YER111C_1(0) | YER111C_1(1)   | YER111C_1(1) | YER111C_1(0) | YER111C_1(0) | YER111C_1(1) | YER111C_1(1)    |
+----------------+----------------+----------------+--------------+--------------+----------------+--------------+----------------+-----------------+-----------------+--------------+----------------+--------------+--------------+--------------+--------------+-----------------+
| ('YPR120C', 1) | YPR120C_1(0)   | YPR120C_1(1)   | YPR120C_1(0) | YPR120C_1(1) | YPR120C_1(0)   | YPR120C_1(1) | YPR120C_1(0)   | YPR120C_1(1)    | YPR120C_1(0)    | YPR120C_1(1) | YPR120C_1(0)   | YPR120C_1(1) | YPR120C_1(0) | YPR120C_1(1) | YPR120C_1(0) | YPR120C_1(1)    |
+----------------+----------------+----------------+--------------+--------------+----------------+--------------+----------------+-----------------+-----------------+--------------+----------------+--------------+--------------+--------------+--------------+-----------------+
| YMR043W(0)     | 0.880952380952 | 0.119047619048 | 0.5          | 0.5          | 0.880952380952 | 0.5          | 0.880952380952 | 0.0675675675676 | 0.0675675675676 | 0.5          | 0.880952380952 | 0.5          | 0.5          | 0.5          | 0.5          | 0.0471698113208 |
+----------------+----------------+----------------+--------------+--------------+----------------+--------------+----------------+-----------------+-----------------+--------------+----------------+--------------+--------------+--------------+--------------+-----------------+
| YMR043W(1)     | 0.119047619048 | 0.880952380952 | 0.5          | 0.5          | 0.119047619048 | 0.5          | 0.119047619048 | 0.932432432432  | 0.932432432432  | 0.5          | 0.119047619048 | 0.5          | 0.5          | 0.5          | 0.5          | 0.952830188679  |
+----------------+----------------+----------------+--------------+--------------+----------------+--------------+----------------+-----------------+-----------------+--------------+----------------+--------------+--------------+--------------+--------------+-----------------+
+----------------+----------------+----------------+----------------+--------------+--------------+--------------+-----------------+-----------------+
| ('YGR108W', 0) | YGR108W_0(0)   | YGR108W_0(0)   | YGR108W_0(0)   | YGR108W_0(0) | YGR108W_0(1) | YGR108W_0(1) | YGR108W_0(1)    | YGR108W_0(1)    |
+----------------+----------------+----------------+----------------+--------------+--------------+--------------+-----------------+-----------------+
| ('YGR108W', 1) | YGR108W_1(0)   | YGR108W_1(0)   | YGR108W_1(1)   | YGR108W_1(1) | YGR108W_1(0) | YGR108W_1(0) | YGR108W_1(1)    | YGR108W_1(1)    |
+----------------+----------------+----------------+----------------+--------------+--------------+--------------+-----------------+-----------------+
| ('YLR079W', 0) | YLR079W_0(0)   | YLR079W_0(1)   | YLR079W_0(0)   | YLR079W_0(1) | YLR079W_0(0) | YLR079W_0(1) | YLR079W_0(0)    | YLR079W_0(1)    |
+----------------+----------------+----------------+----------------+--------------+--------------+--------------+-----------------+-----------------+
| YDR146C(0)     | 0.192307692308 | 0.880952380952 | 0.807692307692 | 0.5          | 0.5          | 0.5          | 0.0555555555556 | 0.0862068965517 |
+----------------+----------------+----------------+----------------+--------------+--------------+--------------+-----------------+-----------------+
| YDR146C(1)     | 0.807692307692 | 0.119047619048 | 0.192307692308 | 0.5          | 0.5          | 0.5          | 0.944444444444  | 0.913793103448  |
+----------------+----------------+----------------+----------------+--------------+--------------+--------------+-----------------+-----------------+
+----------------+--------------+----------------+--------------+-----------------+----------------+----------------+----------------+-----------------+
| ('YGL003C', 0) | YGL003C_0(0) | YGL003C_0(0)   | YGL003C_0(0) | YGL003C_0(0)    | YGL003C_0(1)   | YGL003C_0(1)   | YGL003C_0(1)   | YGL003C_0(1)    |
+----------------+--------------+----------------+--------------+-----------------+----------------+----------------+----------------+-----------------+
| ('YGR108W', 0) | YGR108W_0(0) | YGR108W_0(0)   | YGR108W_0(1) | YGR108W_0(1)    | YGR108W_0(0)   | YGR108W_0(0)   | YGR108W_0(1)   | YGR108W_0(1)    |
+----------------+--------------+----------------+--------------+-----------------+----------------+----------------+----------------+-----------------+
| ('YMR199W', 1) | YMR199W_1(0) | YMR199W_1(1)   | YMR199W_1(0) | YMR199W_1(1)    | YMR199W_1(0)   | YMR199W_1(1)   | YMR199W_1(0)   | YMR199W_1(1)    |
+----------------+--------------+----------------+--------------+-----------------+----------------+----------------+----------------+-----------------+
| YGR108W(0)     | 0.5          | 0.880952380952 | 0.5          | 0.0862068965517 | 0.807692307692 | 0.192307692308 | 0.192307692308 | 0.0675675675676 |
+----------------+--------------+----------------+--------------+-----------------+----------------+----------------+----------------+-----------------+
| YGR108W(1)     | 0.5          | 0.119047619048 | 0.5          | 0.913793103448  | 0.192307692308 | 0.807692307692 | 0.807692307692 | 0.932432432432  |
+----------------+--------------+----------------+--------------+-----------------+----------------+----------------+----------------+-----------------+
+----------------+--------------+--------------+--------------+----------------+----------------+--------------+-----------------+--------------+--------------+--------------+----------------+----------------+----------------+----------------+--------------+--------------+
| ('YER111C', 0) | YER111C_0(0) | YER111C_0(0) | YER111C_0(0) | YER111C_0(0)   | YER111C_0(0)   | YER111C_0(0) | YER111C_0(0)    | YER111C_0(0) | YER111C_0(1) | YER111C_0(1) | YER111C_0(1)   | YER111C_0(1)   | YER111C_0(1)   | YER111C_0(1)   | YER111C_0(1) | YER111C_0(1) |
+----------------+--------------+--------------+--------------+----------------+----------------+--------------+-----------------+--------------+--------------+--------------+----------------+----------------+----------------+----------------+--------------+--------------+
| ('YLR079W', 1) | YLR079W_1(0) | YLR079W_1(0) | YLR079W_1(0) | YLR079W_1(0)   | YLR079W_1(1)   | YLR079W_1(1) | YLR079W_1(1)    | YLR079W_1(1) | YLR079W_1(0) | YLR079W_1(0) | YLR079W_1(0)   | YLR079W_1(0)   | YLR079W_1(1)   | YLR079W_1(1)   | YLR079W_1(1) | YLR079W_1(1) |
+----------------+--------------+--------------+--------------+----------------+----------------+--------------+-----------------+--------------+--------------+--------------+----------------+----------------+----------------+----------------+--------------+--------------+
| ('YMR199W', 0) | YMR199W_0(0) | YMR199W_0(0) | YMR199W_0(1) | YMR199W_0(1)   | YMR199W_0(0)   | YMR199W_0(0) | YMR199W_0(1)    | YMR199W_0(1) | YMR199W_0(0) | YMR199W_0(0) | YMR199W_0(1)   | YMR199W_0(1)   | YMR199W_0(0)   | YMR199W_0(0)   | YMR199W_0(1) | YMR199W_0(1) |
+----------------+--------------+--------------+--------------+----------------+----------------+--------------+-----------------+--------------+--------------+--------------+----------------+----------------+----------------+----------------+--------------+--------------+
| ('YPR120C', 1) | YPR120C_1(0) | YPR120C_1(1) | YPR120C_1(0) | YPR120C_1(1)   | YPR120C_1(0)   | YPR120C_1(1) | YPR120C_1(0)    | YPR120C_1(1) | YPR120C_1(0) | YPR120C_1(1) | YPR120C_1(0)   | YPR120C_1(1)   | YPR120C_1(0)   | YPR120C_1(1)   | YPR120C_1(0) | YPR120C_1(1) |
+----------------+--------------+--------------+--------------+----------------+----------------+--------------+-----------------+--------------+--------------+--------------+----------------+----------------+----------------+----------------+--------------+--------------+
| YER111C(0)     | 0.5          | 0.5          | 0.5          | 0.880952380952 | 0.119047619048 | 0.5          | 0.952830188679  | 0.5          | 0.5          | 0.5          | 0.880952380952 | 0.036231884058 | 0.119047619048 | 0.119047619048 | 0.5          | 0.5          |
+----------------+--------------+--------------+--------------+----------------+----------------+--------------+-----------------+--------------+--------------+--------------+----------------+----------------+----------------+----------------+--------------+--------------+
| YER111C(1)     | 0.5          | 0.5          | 0.5          | 0.119047619048 | 0.880952380952 | 0.5          | 0.0471698113208 | 0.5          | 0.5          | 0.5          | 0.119047619048 | 0.963768115942 | 0.880952380952 | 0.880952380952 | 0.5          | 0.5          |
+----------------+--------------+--------------+--------------+----------------+----------------+--------------+-----------------+--------------+--------------+--------------+----------------+----------------+----------------+----------------+--------------+--------------+
+----------------+----------------+--------------+--------------+--------------+-----------------+--------------+----------------+-----------------+--------------+--------------+--------------+----------------+----------------+--------------+----------------+--------------+
| ('YGL003C', 1) | YGL003C_1(0)   | YGL003C_1(0) | YGL003C_1(0) | YGL003C_1(0) | YGL003C_1(0)    | YGL003C_1(0) | YGL003C_1(0)   | YGL003C_1(0)    | YGL003C_1(1) | YGL003C_1(1) | YGL003C_1(1) | YGL003C_1(1)   | YGL003C_1(1)   | YGL003C_1(1) | YGL003C_1(1)   | YGL003C_1(1) |
+----------------+----------------+--------------+--------------+--------------+-----------------+--------------+----------------+-----------------+--------------+--------------+--------------+----------------+----------------+--------------+----------------+--------------+
| ('YGL116W', 0) | YGL116W_0(0)   | YGL116W_0(0) | YGL116W_0(0) | YGL116W_0(0) | YGL116W_0(1)    | YGL116W_0(1) | YGL116W_0(1)   | YGL116W_0(1)    | YGL116W_0(0) | YGL116W_0(0) | YGL116W_0(0) | YGL116W_0(0)   | YGL116W_0(1)   | YGL116W_0(1) | YGL116W_0(1)   | YGL116W_0(1) |
+----------------+----------------+--------------+--------------+--------------+-----------------+--------------+----------------+-----------------+--------------+--------------+--------------+----------------+----------------+--------------+----------------+--------------+
| ('YMR043W', 0) | YMR043W_0(0)   | YMR043W_0(0) | YMR043W_0(1) | YMR043W_0(1) | YMR043W_0(0)    | YMR043W_0(0) | YMR043W_0(1)   | YMR043W_0(1)    | YMR043W_0(0) | YMR043W_0(0) | YMR043W_0(1) | YMR043W_0(1)   | YMR043W_0(0)   | YMR043W_0(0) | YMR043W_0(1)   | YMR043W_0(1) |
+----------------+----------------+--------------+--------------+--------------+-----------------+--------------+----------------+-----------------+--------------+--------------+--------------+----------------+----------------+--------------+----------------+--------------+
| ('YPR120C', 0) | YPR120C_0(0)   | YPR120C_0(1) | YPR120C_0(0) | YPR120C_0(1) | YPR120C_0(0)    | YPR120C_0(1) | YPR120C_0(0)   | YPR120C_0(1)    | YPR120C_0(0) | YPR120C_0(1) | YPR120C_0(0) | YPR120C_0(1)   | YPR120C_0(0)   | YPR120C_0(1) | YPR120C_0(0)   | YPR120C_0(1) |
+----------------+----------------+--------------+--------------+--------------+-----------------+--------------+----------------+-----------------+--------------+--------------+--------------+----------------+----------------+--------------+----------------+--------------+
| YPR120C(0)     | 0.880952380952 | 0.5          | 0.5          | 0.5          | 0.0675675675676 | 0.5          | 0.880952380952 | 0.932432432432  | 0.5          | 0.5          | 0.5          | 0.036231884058 | 0.880952380952 | 0.5          | 0.880952380952 | 0.5          |
+----------------+----------------+--------------+--------------+--------------+-----------------+--------------+----------------+-----------------+--------------+--------------+--------------+----------------+----------------+--------------+----------------+--------------+
| YPR120C(1)     | 0.119047619048 | 0.5          | 0.5          | 0.5          | 0.932432432432  | 0.5          | 0.119047619048 | 0.0675675675676 | 0.5          | 0.5          | 0.5          | 0.963768115942 | 0.119047619048 | 0.5          | 0.119047619048 | 0.5          |
+----------------+----------------+--------------+--------------+--------------+-----------------+--------------+----------------+-----------------+--------------+--------------+--------------+----------------+----------------+--------------+----------------+--------------+
+----------------+----------------+----------------+----------------+----------------+
| ('YGL003C', 0) | YGL003C_0(0)   | YGL003C_0(0)   | YGL003C_0(1)   | YGL003C_0(1)   |
+----------------+----------------+----------------+----------------+----------------+
| ('YLR079W', 1) | YLR079W_1(0)   | YLR079W_1(1)   | YLR079W_1(0)   | YLR079W_1(1)   |
+----------------+----------------+----------------+----------------+----------------+
| YMR199W(0)     | 0.192307692308 | 0.147058823529 | 0.119047619048 | 0.617647058824 |
+----------------+----------------+----------------+----------------+----------------+
| YMR199W(1)     | 0.807692307692 | 0.852941176471 | 0.880952380952 | 0.382352941176 |
+----------------+----------------+----------------+----------------+----------------+
[('YLR079W', 'YGL003C'), ('YLR079W', 'YDR146C'), ('YER111C', 'YMR043W'), ('YER111C', 'YDL056W'), ('YGL003C', 'YMR199W'), ('YGL003C', 'YGR108W'), ('YAL040C', 'YMR043W'), ('YER111C', 'YMR043W'), ('YER111C', 'YLR079W'), ('YER111C', 'YER111C'), ('YGR108W', 'YDL056W'), ('YGR108W', 'YDR146C'), ('YGR108W', 'YAL040C'), ('YMR043W', 'YPR120C'), ('YPR120C', 'YGL003C'), ('YPR120C', 'YPR120C'), ('YPR120C', 'YLR079W'), ('YGL116W', 'YGL003C'), ('YGL116W', 'YPR120C'), ('YGL116W', 'YLR079W'), ('YGR108W', 'YGL116W'), ('YGR108W', 'YDR146C'), ('YGR108W', 'YGR108W'), ('YMR199W', 'YGR108W'), ('YMR199W', 'YAL040C'), ('YDR146C', 'YGL116W'), ('YPR120C', 'YMR043W'), ('YPR120C', 'YDL056W'), ('YPR120C', 'YLR079W'), ('YPR120C', 'YER111C'), ('YLR079W', 'YMR199W'), ('YLR079W', 'YER111C'), ('YDL056W', 'YAL040C'), ('YMR199W', 'YGL003C'), ('YMR199W', 'YDL056W'), ('YMR199W', 'YER111C'), ('YGL003C', 'YPR120C'), ('YDR146C', 'YGL116W')]
