[('YAL040C', 'YGL116W'), ('YAL040C', 'YER111C'), ('YAL040C', 'YMR199W'), ('YAL040C', 'YDL056W'), ('YAL040C', 'YGL003C'), ('YLR079W', 'YGL116W'), ('YLR079W', 'YAL040C'), ('YMR199W', 'YDL056W'), ('YDL056W', 'YMR043W'), ('YGL116W', 'YMR199W'), ('YDR146C', 'YLR079W'), ('YDR146C', 'YGL003C'), ('YGR108W', 'YAL040C'), ('YGR108W', 'YDL056W'), ('YGR108W', 'YDR146C'), ('YGR108W', 'YMR043W'), ('YPR120C', 'YGL116W'), ('YPR120C', 'YGR108W'), ('YPR120C', 'YMR043W')]
+--------------+----------------+----------------+----------------+----------------+
| YGR108W      | YGR108W(0.0)   | YGR108W(0.0)   | YGR108W(1.0)   | YGR108W(1.0)   |
+--------------+----------------+----------------+----------------+----------------+
| YLR079W      | YLR079W(0.0)   | YLR079W(1.0)   | YLR079W(0.0)   | YLR079W(1.0)   |
+--------------+----------------+----------------+----------------+----------------+
| YAL040C(0.0) | 0.277777777778 | 0.807692307692 | 0.192307692308 | 0.277777777778 |
+--------------+----------------+----------------+----------------+----------------+
| YAL040C(1.0) | 0.722222222222 | 0.192307692308 | 0.807692307692 | 0.722222222222 |
+--------------+----------------+----------------+----------------+----------------+
+--------------+----------------+----------------+
| YDR146C      | YDR146C(0.0)   | YDR146C(1.0)   |
+--------------+----------------+----------------+
| YLR079W(0.0) | 0.346153846154 | 0.722222222222 |
+--------------+----------------+----------------+
| YLR079W(1.0) | 0.653846153846 | 0.277777777778 |
+--------------+----------------+----------------+
+--------------+----------------+--------------+----------------+----------------+
| YAL040C      | YAL040C(0.0)   | YAL040C(0.0) | YAL040C(1.0)   | YAL040C(1.0)   |
+--------------+----------------+--------------+----------------+----------------+
| YGL116W      | YGL116W(0.0)   | YGL116W(1.0) | YGL116W(0.0)   | YGL116W(1.0)   |
+--------------+----------------+--------------+----------------+----------------+
| YMR199W(0.0) | 0.192307692308 | 0.5          | 0.277777777778 | 0.852941176471 |
+--------------+----------------+--------------+----------------+----------------+
| YMR199W(1.0) | 0.807692307692 | 0.5          | 0.722222222222 | 0.147058823529 |
+--------------+----------------+--------------+----------------+----------------+
+--------------+--------------+----------------+--------------+--------------+----------------+--------------+----------------+----------------+
| YAL040C      | YAL040C(0.0) | YAL040C(0.0)   | YAL040C(0.0) | YAL040C(0.0) | YAL040C(1.0)   | YAL040C(1.0) | YAL040C(1.0)   | YAL040C(1.0)   |
+--------------+--------------+----------------+--------------+--------------+----------------+--------------+----------------+----------------+
| YGR108W      | YGR108W(0.0) | YGR108W(0.0)   | YGR108W(1.0) | YGR108W(1.0) | YGR108W(0.0)   | YGR108W(0.0) | YGR108W(1.0)   | YGR108W(1.0)   |
+--------------+--------------+----------------+--------------+--------------+----------------+--------------+----------------+----------------+
| YMR199W      | YMR199W(0.0) | YMR199W(1.0)   | YMR199W(0.0) | YMR199W(1.0) | YMR199W(0.0)   | YMR199W(1.0) | YMR199W(0.0)   | YMR199W(1.0)   |
+--------------+--------------+----------------+--------------+--------------+----------------+--------------+----------------+----------------+
| YDL056W(0.0) | 0.5          | 0.119047619048 | 0.5          | 0.5          | 0.192307692308 | 0.5          | 0.880952380952 | 0.807692307692 |
+--------------+--------------+----------------+--------------+--------------+----------------+--------------+----------------+----------------+
| YDL056W(1.0) | 0.5          | 0.880952380952 | 0.5          | 0.5          | 0.807692307692 | 0.5          | 0.119047619048 | 0.192307692308 |
+--------------+--------------+----------------+--------------+--------------+----------------+--------------+----------------+----------------+
+--------------+--------------+--------------+----------------+--------------+----------------+----------------+--------------+----------------+
| YAL040C      | YAL040C(0.0) | YAL040C(0.0) | YAL040C(0.0)   | YAL040C(0.0) | YAL040C(1.0)   | YAL040C(1.0)   | YAL040C(1.0) | YAL040C(1.0)   |
+--------------+--------------+--------------+----------------+--------------+----------------+----------------+--------------+----------------+
| YLR079W      | YLR079W(0.0) | YLR079W(0.0) | YLR079W(1.0)   | YLR079W(1.0) | YLR079W(0.0)   | YLR079W(0.0)   | YLR079W(1.0) | YLR079W(1.0)   |
+--------------+--------------+--------------+----------------+--------------+----------------+----------------+--------------+----------------+
| YPR120C      | YPR120C(0.0) | YPR120C(1.0) | YPR120C(0.0)   | YPR120C(1.0) | YPR120C(0.0)   | YPR120C(1.0)   | YPR120C(0.0) | YPR120C(1.0)   |
+--------------+--------------+--------------+----------------+--------------+----------------+----------------+--------------+----------------+
| YGL116W(0.0) | 0.5          | 0.5          | 0.880952380952 | 0.5          | 0.119047619048 | 0.807692307692 | 0.5          | 0.192307692308 |
+--------------+--------------+--------------+----------------+--------------+----------------+----------------+--------------+----------------+
| YGL116W(1.0) | 0.5          | 0.5          | 0.119047619048 | 0.5          | 0.880952380952 | 0.192307692308 | 0.5          | 0.807692307692 |
+--------------+--------------+--------------+----------------+--------------+----------------+----------------+--------------+----------------+
+--------------+--------------+--------------+----------------+----------------+-----------------+--------------+--------------+--------------+
| YDL056W      | YDL056W(0.0) | YDL056W(0.0) | YDL056W(0.0)   | YDL056W(0.0)   | YDL056W(1.0)    | YDL056W(1.0) | YDL056W(1.0) | YDL056W(1.0) |
+--------------+--------------+--------------+----------------+----------------+-----------------+--------------+--------------+--------------+
| YGR108W      | YGR108W(0.0) | YGR108W(0.0) | YGR108W(1.0)   | YGR108W(1.0)   | YGR108W(0.0)    | YGR108W(0.0) | YGR108W(1.0) | YGR108W(1.0) |
+--------------+--------------+--------------+----------------+----------------+-----------------+--------------+--------------+--------------+
| YPR120C      | YPR120C(0.0) | YPR120C(1.0) | YPR120C(0.0)   | YPR120C(1.0)   | YPR120C(0.0)    | YPR120C(1.0) | YPR120C(0.0) | YPR120C(1.0) |
+--------------+--------------+--------------+----------------+----------------+-----------------+--------------+--------------+--------------+
| YMR043W(0.0) | 0.5          | 0.5          | 0.807692307692 | 0.119047619048 | 0.913793103448  | 0.5          | 0.5          | 0.5          |
+--------------+--------------+--------------+----------------+----------------+-----------------+--------------+--------------+--------------+
| YMR043W(1.0) | 0.5          | 0.5          | 0.192307692308 | 0.880952380952 | 0.0862068965517 | 0.5          | 0.5          | 0.5          |
+--------------+--------------+--------------+----------------+----------------+-----------------+--------------+--------------+--------------+
+--------------+----------------+----------------+
| YGR108W      | YGR108W(0.0)   | YGR108W(1.0)   |
+--------------+----------------+----------------+
| YDR146C(0.0) | 0.772727272727 | 0.409090909091 |
+--------------+----------------+----------------+
| YDR146C(1.0) | 0.227272727273 | 0.590909090909 |
+--------------+----------------+----------------+
+--------------+----------------+----------------+
| YPR120C      | YPR120C(0.0)   | YPR120C(1.0)   |
+--------------+----------------+----------------+
| YGR108W(0.0) | 0.653846153846 | 0.277777777778 |
+--------------+----------------+----------------+
| YGR108W(1.0) | 0.346153846154 | 0.722222222222 |
+--------------+----------------+----------------+
+--------------+--------------+----------------+
| YAL040C      | YAL040C(0.0) | YAL040C(1.0)   |
+--------------+--------------+----------------+
| YER111C(0.0) | 0.5          | 0.653846153846 |
+--------------+--------------+----------------+
| YER111C(1.0) | 0.5          | 0.346153846154 |
+--------------+--------------+----------------+
+--------------+----------+
| YPR120C(0.0) | 0.590909 |
+--------------+----------+
| YPR120C(1.0) | 0.409091 |
+--------------+----------+
+--------------+--------------+--------------+----------------+----------------+
| YAL040C      | YAL040C(0.0) | YAL040C(0.0) | YAL040C(1.0)   | YAL040C(1.0)   |
+--------------+--------------+--------------+----------------+----------------+
| YDR146C      | YDR146C(0.0) | YDR146C(1.0) | YDR146C(0.0)   | YDR146C(1.0)   |
+--------------+--------------+--------------+----------------+----------------+
| YGL003C(0.0) | 0.5          | 0.5          | 0.192307692308 | 0.807692307692 |
+--------------+--------------+--------------+----------------+----------------+
| YGL003C(1.0) | 0.5          | 0.5          | 0.807692307692 | 0.192307692308 |
+--------------+--------------+--------------+----------------+----------------+
[(('YLR079W', 0), ('YMR199W', 1)), (('YLR079W', 0), ('YDR146C', 1)), (('YLR079W', 0), ('YLR079W', 1)), (('YLR079W', 0), ('YDL056W', 1)), (('YLR079W', 0), ('YGR108W', 1)), (('YDL056W', 1), ('YPR120C', 1)), (('YGL003C', 0), ('YPR120C', 1)), (('YGL003C', 0), ('YLR079W', 1)), (('YAL040C', 0), ('YDL056W', 1)), (('YAL040C', 0), ('YER111C', 1)), (('YER111C', 0), ('YMR199W', 1)), (('YER111C', 0), ('YPR120C', 1)), (('YER111C', 0), ('YER111C', 1)), (('YGR108W', 1), ('YPR120C', 1)), (('YGR108W', 1), ('YLR079W', 1)), (('YGR108W', 1), ('YDL056W', 1)), (('YMR043W', 0), ('YAL040C', 1)), (('YPR120C', 0), ('YAL040C', 1)), (('YGR108W', 0), ('YGL116W', 1)), (('YGR108W', 0), ('YGL003C', 1)), (('YGR108W', 0), ('YGR108W', 1)), (('YMR199W', 1), ('YGL116W', 1)), (('YMR199W', 1), ('YGL003C', 1)), (('YMR199W', 1), ('YLR079W', 1)), (('YDR146C', 0), ('YDR146C', 1)), (('YPR120C', 1), ('YGL116W', 1)), (('YLR079W', 1), ('YGL003C', 1)), (('YDL056W', 0), ('YMR043W', 1)), (('YDL056W', 0), ('YDL056W', 1)), (('YDL056W', 0), ('YDR146C', 1)), (('YMR199W', 0), ('YMR199W', 1)), (('YMR199W', 0), ('YGR108W', 1)), (('YDR146C', 1), ('YGR108W', 1)), (('YDR146C', 1), ('YER111C', 1))]
+----------------+----------------+----------------+----------------+----------------+
| ('YMR043W', 0) | YMR043W_0(0.0) | YMR043W_0(0.0) | YMR043W_0(1.0) | YMR043W_0(1.0) |
+----------------+----------------+----------------+----------------+----------------+
| ('YPR120C', 0) | YPR120C_0(0.0) | YPR120C_0(1.0) | YPR120C_0(0.0) | YPR120C_0(1.0) |
+----------------+----------------+----------------+----------------+----------------+
| YAL040C(0.0)   | 0.384057971014 | 0.885964912281 | 0.1            | 0.573394495413 |
+----------------+----------------+----------------+----------------+----------------+
| YAL040C(1.0)   | 0.615942028986 | 0.114035087719 | 0.9            | 0.426605504587 |
+----------------+----------------+----------------+----------------+----------------+
+----------------+----------------+----------------+----------------+----------------+----------------+----------------+----------------+----------------+-----------------+----------------+----------------+----------------+----------------+-----------------+----------------+-----------------+
| ('YGL003C', 0) | YGL003C_0(0.0) | YGL003C_0(0.0) | YGL003C_0(0.0) | YGL003C_0(0.0) | YGL003C_0(0.0) | YGL003C_0(0.0) | YGL003C_0(0.0) | YGL003C_0(0.0) | YGL003C_0(1.0)  | YGL003C_0(1.0) | YGL003C_0(1.0) | YGL003C_0(1.0) | YGL003C_0(1.0) | YGL003C_0(1.0)  | YGL003C_0(1.0) | YGL003C_0(1.0)  |
+----------------+----------------+----------------+----------------+----------------+----------------+----------------+----------------+----------------+-----------------+----------------+----------------+----------------+----------------+-----------------+----------------+-----------------+
| ('YGR108W', 1) | YGR108W_1(0.0) | YGR108W_1(0.0) | YGR108W_1(0.0) | YGR108W_1(0.0) | YGR108W_1(1.0) | YGR108W_1(1.0) | YGR108W_1(1.0) | YGR108W_1(1.0) | YGR108W_1(0.0)  | YGR108W_1(0.0) | YGR108W_1(0.0) | YGR108W_1(0.0) | YGR108W_1(1.0) | YGR108W_1(1.0)  | YGR108W_1(1.0) | YGR108W_1(1.0)  |
+----------------+----------------+----------------+----------------+----------------+----------------+----------------+----------------+----------------+-----------------+----------------+----------------+----------------+----------------+-----------------+----------------+-----------------+
| ('YLR079W', 0) | YLR079W_0(0.0) | YLR079W_0(0.0) | YLR079W_0(1.0) | YLR079W_0(1.0) | YLR079W_0(0.0) | YLR079W_0(0.0) | YLR079W_0(1.0) | YLR079W_0(1.0) | YLR079W_0(0.0)  | YLR079W_0(0.0) | YLR079W_0(1.0) | YLR079W_0(1.0) | YLR079W_0(0.0) | YLR079W_0(0.0)  | YLR079W_0(1.0) | YLR079W_0(1.0)  |
+----------------+----------------+----------------+----------------+----------------+----------------+----------------+----------------+----------------+-----------------+----------------+----------------+----------------+----------------+-----------------+----------------+-----------------+
| ('YMR199W', 1) | YMR199W_1(0.0) | YMR199W_1(1.0) | YMR199W_1(0.0) | YMR199W_1(1.0) | YMR199W_1(0.0) | YMR199W_1(1.0) | YMR199W_1(0.0) | YMR199W_1(1.0) | YMR199W_1(0.0)  | YMR199W_1(1.0) | YMR199W_1(0.0) | YMR199W_1(1.0) | YMR199W_1(0.0) | YMR199W_1(1.0)  | YMR199W_1(0.0) | YMR199W_1(1.0)  |
+----------------+----------------+----------------+----------------+----------------+----------------+----------------+----------------+----------------+-----------------+----------------+----------------+----------------+----------------+-----------------+----------------+-----------------+
| YLR079W(0.0)   | 0.5            | 0.5            | 0.880952380952 | 0.338926174497 | 0.880952380952 | 0.5            | 0.880952380952 | 0.294871794872 | 0.0471698113208 | 0.119047619048 | 0.880952380952 | 0.112121212121 | 0.612676056338 | 0.98322147651   | 0.217647058824 | 0.0213675213675 |
+----------------+----------------+----------------+----------------+----------------+----------------+----------------+----------------+----------------+-----------------+----------------+----------------+----------------+----------------+-----------------+----------------+-----------------+
| YLR079W(1.0)   | 0.5            | 0.5            | 0.119047619048 | 0.661073825503 | 0.119047619048 | 0.5            | 0.119047619048 | 0.705128205128 | 0.952830188679  | 0.880952380952 | 0.119047619048 | 0.887878787879 | 0.387323943662 | 0.0167785234899 | 0.782352941176 | 0.978632478632  |
+----------------+----------------+----------------+----------------+----------------+----------------+----------------+----------------+----------------+-----------------+----------------+----------------+----------------+----------------+-----------------+----------------+-----------------+
+----------------+----------------+----------------+----------------+----------------+-----------------+----------------+----------------+----------------+
| ('YGR108W', 0) | YGR108W_0(0.0) | YGR108W_0(0.0) | YGR108W_0(0.0) | YGR108W_0(0.0) | YGR108W_0(1.0)  | YGR108W_0(1.0) | YGR108W_0(1.0) | YGR108W_0(1.0) |
+----------------+----------------+----------------+----------------+----------------+-----------------+----------------+----------------+----------------+
| ('YLR079W', 1) | YLR079W_1(0.0) | YLR079W_1(0.0) | YLR079W_1(1.0) | YLR079W_1(1.0) | YLR079W_1(0.0)  | YLR079W_1(0.0) | YLR079W_1(1.0) | YLR079W_1(1.0) |
+----------------+----------------+----------------+----------------+----------------+-----------------+----------------+----------------+----------------+
| ('YMR199W', 1) | YMR199W_1(0.0) | YMR199W_1(1.0) | YMR199W_1(0.0) | YMR199W_1(1.0) | YMR199W_1(0.0)  | YMR199W_1(1.0) | YMR199W_1(0.0) | YMR199W_1(1.0) |
+----------------+----------------+----------------+----------------+----------------+-----------------+----------------+----------------+----------------+
| YGL003C(0.0)   | 0.5            | 0.036231884058 | 0.5            | 0.596          | 0.0229357798165 | 0.384057971014 | 0.123529411765 | 0.5            |
+----------------+----------------+----------------+----------------+----------------+-----------------+----------------+----------------+----------------+
| YGL003C(1.0)   | 0.5            | 0.963768115942 | 0.5            | 0.404          | 0.977064220183  | 0.615942028986 | 0.876470588235 | 0.5            |
+----------------+----------------+----------------+----------------+----------------+-----------------+----------------+----------------+----------------+
+----------------+----------------+----------------+-----------------+----------------+----------------+-----------------+----------------+-----------------+-----------------+----------------+-----------------+----------------+----------------+-----------------+----------------+----------------+
| ('YAL040C', 0) | YAL040C_0(0.0) | YAL040C_0(0.0) | YAL040C_0(0.0)  | YAL040C_0(0.0) | YAL040C_0(0.0) | YAL040C_0(0.0)  | YAL040C_0(0.0) | YAL040C_0(0.0)  | YAL040C_0(1.0)  | YAL040C_0(1.0) | YAL040C_0(1.0)  | YAL040C_0(1.0) | YAL040C_0(1.0) | YAL040C_0(1.0)  | YAL040C_0(1.0) | YAL040C_0(1.0) |
+----------------+----------------+----------------+-----------------+----------------+----------------+-----------------+----------------+-----------------+-----------------+----------------+-----------------+----------------+----------------+-----------------+----------------+----------------+
| ('YDL056W', 0) | YDL056W_0(0.0) | YDL056W_0(0.0) | YDL056W_0(0.0)  | YDL056W_0(0.0) | YDL056W_0(1.0) | YDL056W_0(1.0)  | YDL056W_0(1.0) | YDL056W_0(1.0)  | YDL056W_0(0.0)  | YDL056W_0(0.0) | YDL056W_0(0.0)  | YDL056W_0(0.0) | YDL056W_0(1.0) | YDL056W_0(1.0)  | YDL056W_0(1.0) | YDL056W_0(1.0) |
+----------------+----------------+----------------+-----------------+----------------+----------------+-----------------+----------------+-----------------+-----------------+----------------+-----------------+----------------+----------------+-----------------+----------------+----------------+
| ('YGR108W', 1) | YGR108W_1(0.0) | YGR108W_1(0.0) | YGR108W_1(1.0)  | YGR108W_1(1.0) | YGR108W_1(0.0) | YGR108W_1(0.0)  | YGR108W_1(1.0) | YGR108W_1(1.0)  | YGR108W_1(0.0)  | YGR108W_1(0.0) | YGR108W_1(1.0)  | YGR108W_1(1.0) | YGR108W_1(0.0) | YGR108W_1(0.0)  | YGR108W_1(1.0) | YGR108W_1(1.0) |
+----------------+----------------+----------------+-----------------+----------------+----------------+-----------------+----------------+-----------------+-----------------+----------------+-----------------+----------------+----------------+-----------------+----------------+----------------+
| ('YLR079W', 0) | YLR079W_0(0.0) | YLR079W_0(1.0) | YLR079W_0(0.0)  | YLR079W_0(1.0) | YLR079W_0(0.0) | YLR079W_0(1.0)  | YLR079W_0(0.0) | YLR079W_0(1.0)  | YLR079W_0(0.0)  | YLR079W_0(1.0) | YLR079W_0(0.0)  | YLR079W_0(1.0) | YLR079W_0(0.0) | YLR079W_0(1.0)  | YLR079W_0(0.0) | YLR079W_0(1.0) |
+----------------+----------------+----------------+-----------------+----------------+----------------+-----------------+----------------+-----------------+-----------------+----------------+-----------------+----------------+----------------+-----------------+----------------+----------------+
| YDL056W(0.0)   | 0.5            | 0.650943396226 | 0.0675675675676 | 0.5            | 0.119047619048 | 0.0213675213675 | 0.306060606061 | 0.0213675213675 | 0.0675675675676 | 0.5            | 0.0675675675676 | 0.594117647059 | 0.880952380952 | 0.978632478632  | 0.190607734807 | 0.036231884058 |
+----------------+----------------+----------------+-----------------+----------------+----------------+-----------------+----------------+-----------------+-----------------+----------------+-----------------+----------------+----------------+-----------------+----------------+----------------+
| YDL056W(1.0)   | 0.5            | 0.349056603774 | 0.932432432432  | 0.5            | 0.880952380952 | 0.978632478632  | 0.693939393939 | 0.978632478632  | 0.932432432432  | 0.5            | 0.932432432432  | 0.405882352941 | 0.119047619048 | 0.0213675213675 | 0.809392265193 | 0.963768115942 |
+----------------+----------------+----------------+-----------------+----------------+----------------+-----------------+----------------+-----------------+-----------------+----------------+-----------------+----------------+----------------+-----------------+----------------+----------------+
+----------------+----------------+----------------+----------------+----------------+-----------------+----------------+----------------+----------------+
| ('YGR108W', 0) | YGR108W_0(0.0) | YGR108W_0(0.0) | YGR108W_0(0.0) | YGR108W_0(0.0) | YGR108W_0(1.0)  | YGR108W_0(1.0) | YGR108W_0(1.0) | YGR108W_0(1.0) |
+----------------+----------------+----------------+----------------+----------------+-----------------+----------------+----------------+----------------+
| ('YMR199W', 1) | YMR199W_1(0.0) | YMR199W_1(0.0) | YMR199W_1(1.0) | YMR199W_1(1.0) | YMR199W_1(0.0)  | YMR199W_1(0.0) | YMR199W_1(1.0) | YMR199W_1(1.0) |
+----------------+----------------+----------------+----------------+----------------+-----------------+----------------+----------------+----------------+
| ('YPR120C', 1) | YPR120C_1(0.0) | YPR120C_1(1.0) | YPR120C_1(0.0) | YPR120C_1(1.0) | YPR120C_1(0.0)  | YPR120C_1(1.0) | YPR120C_1(0.0) | YPR120C_1(1.0) |
+----------------+----------------+----------------+----------------+----------------+-----------------+----------------+----------------+----------------+
| YGL116W(0.0)   | 0.192307692308 | 0.192307692308 | 0.119047619048 | 0.893063583815 | 0.0636363636364 | 0.637931034483 | 0.344155844156 | 0.389908256881 |
+----------------+----------------+----------------+----------------+----------------+-----------------+----------------+----------------+----------------+
| YGL116W(1.0)   | 0.807692307692 | 0.807692307692 | 0.880952380952 | 0.106936416185 | 0.936363636364  | 0.362068965517 | 0.655844155844 | 0.610091743119 |
+----------------+----------------+----------------+----------------+----------------+-----------------+----------------+----------------+----------------+
+----------------+----------------+----------------+
| ('YDL056W', 0) | YDL056W_0(0.0) | YDL056W_0(1.0) |
+----------------+----------------+----------------+
| YMR043W(0.0)   | 0.5            | 0.40099009901  |
+----------------+----------------+----------------+
| YMR043W(1.0)   | 0.5            | 0.59900990099  |
+----------------+----------------+----------------+
+----------------+----------------+----------------+----------------+----------------+-----------------+----------------+----------------+----------------+
| ('YDL056W', 0) | YDL056W_0(0.0) | YDL056W_0(0.0) | YDL056W_0(0.0) | YDL056W_0(0.0) | YDL056W_0(1.0)  | YDL056W_0(1.0) | YDL056W_0(1.0) | YDL056W_0(1.0) |
+----------------+----------------+----------------+----------------+----------------+-----------------+----------------+----------------+----------------+
| ('YDR146C', 0) | YDR146C_0(0.0) | YDR146C_0(0.0) | YDR146C_0(1.0) | YDR146C_0(1.0) | YDR146C_0(0.0)  | YDR146C_0(0.0) | YDR146C_0(1.0) | YDR146C_0(1.0) |
+----------------+----------------+----------------+----------------+----------------+-----------------+----------------+----------------+----------------+
| ('YLR079W', 0) | YLR079W_0(0.0) | YLR079W_0(1.0) | YLR079W_0(0.0) | YLR079W_0(1.0) | YLR079W_0(0.0)  | YLR079W_0(1.0) | YLR079W_0(0.0) | YLR079W_0(1.0) |
+----------------+----------------+----------------+----------------+----------------+-----------------+----------------+----------------+----------------+
| YDR146C(0.0)   | 0.880952380952 | 0.75974025974  | 0.283783783784 | 0.303278688525 | 0.0675675675676 | 0.737623762376 | 0.015923566879 | 0.389908256881 |
+----------------+----------------+----------------+----------------+----------------+-----------------+----------------+----------------+----------------+
| YDR146C(1.0)   | 0.119047619048 | 0.24025974026  | 0.716216216216 | 0.696721311475 | 0.932432432432  | 0.262376237624 | 0.984076433121 | 0.610091743119 |
+----------------+----------------+----------------+----------------+----------------+-----------------+----------------+----------------+----------------+
+----------------+----------------+----------------+-----------------+----------------+----------------+----------------+-----------------+----------------+-----------------+-----------------+----------------+----------------+-----------------+-----------------+----------------+-----------------+
| ('YDR146C', 1) | YDR146C_1(0.0) | YDR146C_1(0.0) | YDR146C_1(0.0)  | YDR146C_1(0.0) | YDR146C_1(0.0) | YDR146C_1(0.0) | YDR146C_1(0.0)  | YDR146C_1(0.0) | YDR146C_1(1.0)  | YDR146C_1(1.0)  | YDR146C_1(1.0) | YDR146C_1(1.0) | YDR146C_1(1.0)  | YDR146C_1(1.0)  | YDR146C_1(1.0) | YDR146C_1(1.0)  |
+----------------+----------------+----------------+-----------------+----------------+----------------+----------------+-----------------+----------------+-----------------+-----------------+----------------+----------------+-----------------+-----------------+----------------+-----------------+
| ('YGR108W', 0) | YGR108W_0(0.0) | YGR108W_0(0.0) | YGR108W_0(0.0)  | YGR108W_0(0.0) | YGR108W_0(1.0) | YGR108W_0(1.0) | YGR108W_0(1.0)  | YGR108W_0(1.0) | YGR108W_0(0.0)  | YGR108W_0(0.0)  | YGR108W_0(0.0) | YGR108W_0(0.0) | YGR108W_0(1.0)  | YGR108W_0(1.0)  | YGR108W_0(1.0) | YGR108W_0(1.0)  |
+----------------+----------------+----------------+-----------------+----------------+----------------+----------------+-----------------+----------------+-----------------+-----------------+----------------+----------------+-----------------+-----------------+----------------+-----------------+
| ('YLR079W', 0) | YLR079W_0(0.0) | YLR079W_0(0.0) | YLR079W_0(1.0)  | YLR079W_0(1.0) | YLR079W_0(0.0) | YLR079W_0(0.0) | YLR079W_0(1.0)  | YLR079W_0(1.0) | YLR079W_0(0.0)  | YLR079W_0(0.0)  | YLR079W_0(1.0) | YLR079W_0(1.0) | YLR079W_0(0.0)  | YLR079W_0(0.0)  | YLR079W_0(1.0) | YLR079W_0(1.0)  |
+----------------+----------------+----------------+-----------------+----------------+----------------+----------------+-----------------+----------------+-----------------+-----------------+----------------+----------------+-----------------+-----------------+----------------+-----------------+
| ('YMR199W', 0) | YMR199W_0(0.0) | YMR199W_0(1.0) | YMR199W_0(0.0)  | YMR199W_0(1.0) | YMR199W_0(0.0) | YMR199W_0(1.0) | YMR199W_0(0.0)  | YMR199W_0(1.0) | YMR199W_0(0.0)  | YMR199W_0(1.0)  | YMR199W_0(0.0) | YMR199W_0(1.0) | YMR199W_0(0.0)  | YMR199W_0(1.0)  | YMR199W_0(0.0) | YMR199W_0(1.0)  |
+----------------+----------------+----------------+-----------------+----------------+----------------+----------------+-----------------+----------------+-----------------+-----------------+----------------+----------------+-----------------+-----------------+----------------+-----------------+
| YGR108W(0.0)   | 0.5            | 0.5            | 0.952830188679  | 0.762910798122 | 0.880952380952 | 0.5            | 0.952830188679  | 0.5            | 0.932432432432  | 0.0675675675676 | 0.5            | 0.349056603774 | 0.0151515151515 | 0.0126903553299 | 0.341584158416 | 0.0167785234899 |
+----------------+----------------+----------------+-----------------+----------------+----------------+----------------+-----------------+----------------+-----------------+-----------------+----------------+----------------+-----------------+-----------------+----------------+-----------------+
| YGR108W(1.0)   | 0.5            | 0.5            | 0.0471698113208 | 0.237089201878 | 0.119047619048 | 0.5            | 0.0471698113208 | 0.5            | 0.0675675675676 | 0.932432432432  | 0.5            | 0.650943396226 | 0.984848484848  | 0.98730964467   | 0.658415841584 | 0.98322147651   |
+----------------+----------------+----------------+-----------------+----------------+----------------+----------------+-----------------+----------------+-----------------+-----------------+----------------+----------------+-----------------+-----------------+----------------+-----------------+
+----------------+----------------+----------------+----------------+----------------+----------------+-----------------+----------------+----------------+
| ('YAL040C', 0) | YAL040C_0(0.0) | YAL040C_0(0.0) | YAL040C_0(0.0) | YAL040C_0(0.0) | YAL040C_0(1.0) | YAL040C_0(1.0)  | YAL040C_0(1.0) | YAL040C_0(1.0) |
+----------------+----------------+----------------+----------------+----------------+----------------+-----------------+----------------+----------------+
| ('YDR146C', 1) | YDR146C_1(0.0) | YDR146C_1(0.0) | YDR146C_1(1.0) | YDR146C_1(1.0) | YDR146C_1(0.0) | YDR146C_1(0.0)  | YDR146C_1(1.0) | YDR146C_1(1.0) |
+----------------+----------------+----------------+----------------+----------------+----------------+-----------------+----------------+----------------+
| ('YER111C', 0) | YER111C_0(0.0) | YER111C_0(1.0) | YER111C_0(0.0) | YER111C_0(1.0) | YER111C_0(0.0) | YER111C_0(1.0)  | YER111C_0(0.0) | YER111C_0(1.0) |
+----------------+----------------+----------------+----------------+----------------+----------------+-----------------+----------------+----------------+
| YER111C(0.0)   | 0.192307692308 | 0.10396039604  | 0.731884057971 | 0.610091743119 | 0.192307692308 | 0.0247524752475 | 0.596          | 0.036231884058 |
+----------------+----------------+----------------+----------------+----------------+----------------+-----------------+----------------+----------------+
| YER111C(1.0)   | 0.807692307692 | 0.89603960396  | 0.268115942029 | 0.389908256881 | 0.807692307692 | 0.975247524752  | 0.404          | 0.963768115942 |
+----------------+----------------+----------------+----------------+----------------+----------------+-----------------+----------------+----------------+
+----------------+----------------+----------------+----------------+-----------------+-----------------+----------------+----------------+-----------------+----------------+----------------+----------------+-----------------+-----------------+-----------------+----------------+----------------+
| ('YDL056W', 1) | YDL056W_1(0.0) | YDL056W_1(0.0) | YDL056W_1(0.0) | YDL056W_1(0.0)  | YDL056W_1(0.0)  | YDL056W_1(0.0) | YDL056W_1(0.0) | YDL056W_1(0.0)  | YDL056W_1(1.0) | YDL056W_1(1.0) | YDL056W_1(1.0) | YDL056W_1(1.0)  | YDL056W_1(1.0)  | YDL056W_1(1.0)  | YDL056W_1(1.0) | YDL056W_1(1.0) |
+----------------+----------------+----------------+----------------+-----------------+-----------------+----------------+----------------+-----------------+----------------+----------------+----------------+-----------------+-----------------+-----------------+----------------+----------------+
| ('YER111C', 0) | YER111C_0(0.0) | YER111C_0(0.0) | YER111C_0(0.0) | YER111C_0(0.0)  | YER111C_0(1.0)  | YER111C_0(1.0) | YER111C_0(1.0) | YER111C_0(1.0)  | YER111C_0(0.0) | YER111C_0(0.0) | YER111C_0(0.0) | YER111C_0(0.0)  | YER111C_0(1.0)  | YER111C_0(1.0)  | YER111C_0(1.0) | YER111C_0(1.0) |
+----------------+----------------+----------------+----------------+-----------------+-----------------+----------------+----------------+-----------------+----------------+----------------+----------------+-----------------+-----------------+-----------------+----------------+----------------+
| ('YGL003C', 0) | YGL003C_0(0.0) | YGL003C_0(0.0) | YGL003C_0(1.0) | YGL003C_0(1.0)  | YGL003C_0(0.0)  | YGL003C_0(0.0) | YGL003C_0(1.0) | YGL003C_0(1.0)  | YGL003C_0(0.0) | YGL003C_0(0.0) | YGL003C_0(1.0) | YGL003C_0(1.0)  | YGL003C_0(0.0)  | YGL003C_0(0.0)  | YGL003C_0(1.0) | YGL003C_0(1.0) |
+----------------+----------------+----------------+----------------+-----------------+-----------------+----------------+----------------+-----------------+----------------+----------------+----------------+-----------------+-----------------+-----------------+----------------+----------------+
| ('YGR108W', 1) | YGR108W_1(0.0) | YGR108W_1(1.0) | YGR108W_1(0.0) | YGR108W_1(1.0)  | YGR108W_1(0.0)  | YGR108W_1(1.0) | YGR108W_1(0.0) | YGR108W_1(1.0)  | YGR108W_1(0.0) | YGR108W_1(1.0) | YGR108W_1(0.0) | YGR108W_1(1.0)  | YGR108W_1(0.0)  | YGR108W_1(1.0)  | YGR108W_1(0.0) | YGR108W_1(1.0) |
+----------------+----------------+----------------+----------------+-----------------+-----------------+----------------+----------------+-----------------+----------------+----------------+----------------+-----------------+-----------------+-----------------+----------------+----------------+
| YPR120C(0.0)   | 0.5            | 0.963768115942 | 0.119047619048 | 0.952830188679  | 0.0471698113208 | 0.119047619048 | 0.139097744361 | 0.932432432432  | 0.119047619048 | 0.119047619048 | 0.880952380952 | 0.919213973799  | 0.0247524752475 | 0.0294117647059 | 0.405882352941 | 0.402040816327 |
+----------------+----------------+----------------+----------------+-----------------+-----------------+----------------+----------------+-----------------+----------------+----------------+----------------+-----------------+-----------------+-----------------+----------------+----------------+
| YPR120C(1.0)   | 0.5            | 0.036231884058 | 0.880952380952 | 0.0471698113208 | 0.952830188679  | 0.880952380952 | 0.860902255639 | 0.0675675675676 | 0.880952380952 | 0.880952380952 | 0.119047619048 | 0.0807860262009 | 0.975247524752  | 0.970588235294  | 0.594117647059 | 0.597959183673 |
+----------------+----------------+----------------+----------------+-----------------+-----------------+----------------+----------------+-----------------+----------------+----------------+----------------+-----------------+-----------------+-----------------+----------------+----------------+
+----------------+-----------------+----------------+----------------+----------------+----------------+----------------+----------------+-----------------+
| ('YER111C', 0) | YER111C_0(0.0)  | YER111C_0(0.0) | YER111C_0(0.0) | YER111C_0(0.0) | YER111C_0(1.0) | YER111C_0(1.0) | YER111C_0(1.0) | YER111C_0(1.0)  |
+----------------+-----------------+----------------+----------------+----------------+----------------+----------------+----------------+-----------------+
| ('YLR079W', 0) | YLR079W_0(0.0)  | YLR079W_0(0.0) | YLR079W_0(1.0) | YLR079W_0(1.0) | YLR079W_0(0.0) | YLR079W_0(0.0) | YLR079W_0(1.0) | YLR079W_0(1.0)  |
+----------------+-----------------+----------------+----------------+----------------+----------------+----------------+----------------+-----------------+
| ('YMR199W', 0) | YMR199W_0(0.0)  | YMR199W_0(1.0) | YMR199W_0(0.0) | YMR199W_0(1.0) | YMR199W_0(0.0) | YMR199W_0(1.0) | YMR199W_0(0.0) | YMR199W_0(1.0)  |
+----------------+-----------------+----------------+----------------+----------------+----------------+----------------+----------------+-----------------+
| YMR199W(0.0)   | 0.952830188679  | 0.615942028986 | 0.588888888889 | 0.650943396226 | 0.827868852459 | 0.036231884058 | 0.172131147541 | 0.0132275132275 |
+----------------+-----------------+----------------+----------------+----------------+----------------+----------------+----------------+-----------------+
| YMR199W(1.0)   | 0.0471698113208 | 0.384057971014 | 0.411111111111 | 0.349056603774 | 0.172131147541 | 0.963768115942 | 0.827868852459 | 0.986772486772  |
+----------------+-----------------+----------------+----------------+----------------+----------------+----------------+----------------+-----------------+
[('YLR079W', 'YMR199W'), ('YLR079W', 'YDR146C'), ('YLR079W', 'YLR079W'), ('YLR079W', 'YDL056W'), ('YLR079W', 'YGR108W'), ('YDL056W', 'YPR120C'), ('YGL003C', 'YPR120C'), ('YGL003C', 'YLR079W'), ('YAL040C', 'YDL056W'), ('YAL040C', 'YER111C'), ('YER111C', 'YMR199W'), ('YER111C', 'YPR120C'), ('YER111C', 'YER111C'), ('YGR108W', 'YPR120C'), ('YGR108W', 'YLR079W'), ('YGR108W', 'YDL056W'), ('YMR043W', 'YAL040C'), ('YPR120C', 'YAL040C'), ('YGR108W', 'YGL116W'), ('YGR108W', 'YGL003C'), ('YGR108W', 'YGR108W'), ('YMR199W', 'YGL116W'), ('YMR199W', 'YGL003C'), ('YMR199W', 'YLR079W'), ('YDR146C', 'YDR146C'), ('YPR120C', 'YGL116W'), ('YLR079W', 'YGL003C'), ('YDL056W', 'YMR043W'), ('YDL056W', 'YDL056W'), ('YDL056W', 'YDR146C'), ('YMR199W', 'YMR199W'), ('YMR199W', 'YGR108W'), ('YDR146C', 'YGR108W'), ('YDR146C', 'YER111C')]
