[('G6', 'G1')]
+---------+------+
| G7(0.0) | 0.65 |
+---------+------+
| G7(1.0) | 0.35 |
+---------+------+
+---------+------+
| G6(0.0) | 0.45 |
+---------+------+
| G6(1.0) | 0.55 |
+---------+------+
+---------+---+
| G5(1.0) | 1 |
+---------+---+
+---------+---+
| G4(0.0) | 1 |
+---------+---+
+---------+---+
| G3(1.0) | 1 |
+---------+---+
+---------+---+
| G2(0.0) | 1 |
+---------+---+
+---------+---------+----------------+
| G6      | G6(0.0) | G6(1.0)        |
+---------+---------+----------------+
| G1(0.0) | 0.5     | 0.227272727273 |
+---------+---------+----------------+
| G1(1.0) | 0.5     | 0.772727272727 |
+---------+---------+----------------+
+---------+------+
| G9(0.0) | 0.35 |
+---------+------+
| G9(1.0) | 0.65 |
+---------+------+
+---------+---+
| G8(1.0) | 1 |
+---------+---+
+----------+---+
| G10(1.0) | 1 |
+----------+---+
[(('G7', 0), ('G2', 1)), (('G7', 0), ('G1', 1)), (('G4', 0), ('G4', 1)), (('G4', 0), ('G3', 1)), (('G4', 1), ('G10', 1)), (('G4', 1), ('G5', 1)), (('G4', 1), ('G8', 1)), (('G8', 0), ('G4', 1)), (('G8', 0), ('G6', 1)), (('G8', 0), ('G8', 1)), (('G1', 0), ('G7', 1)), (('G1', 0), ('G1', 1)), (('G1', 0), ('G9', 1)), (('G8', 1), ('G10', 1)), (('G5', 0), ('G4', 1)), (('G5', 0), ('G5', 1)), (('G9', 1), ('G2', 1)), (('G2', 0), ('G2', 1)), (('G2', 0), ('G9', 1)), (('G2', 1), ('G3', 1)), (('G6', 0), ('G5', 1)), (('G10', 1), ('G7', 1)), (('G10', 0), ('G9', 1)), (('G10', 0), ('G8', 1)), (('G10', 0), ('G10', 1)), (('G6', 1), ('G7', 1)), (('G3', 0), ('G3', 1)), (('G3', 0), ('G6', 1))]
+------------+-----------------+----------------+----------------+----------------+----------------+----------------+----------------+----------------+
| ('G1', 0)  | G1_0(0.0)       | G1_0(0.0)      | G1_0(0.0)      | G1_0(0.0)      | G1_0(1.0)      | G1_0(1.0)      | G1_0(1.0)      | G1_0(1.0)      |
+------------+-----------------+----------------+----------------+----------------+----------------+----------------+----------------+----------------+
| ('G10', 1) | G10_1(0.0)      | G10_1(0.0)     | G10_1(1.0)     | G10_1(1.0)     | G10_1(0.0)     | G10_1(0.0)     | G10_1(1.0)     | G10_1(1.0)     |
+------------+-----------------+----------------+----------------+----------------+----------------+----------------+----------------+----------------+
| ('G6', 1)  | G6_1(0.0)       | G6_1(1.0)      | G6_1(0.0)      | G6_1(1.0)      | G6_1(0.0)      | G6_1(1.0)      | G6_1(0.0)      | G6_1(1.0)      |
+------------+-----------------+----------------+----------------+----------------+----------------+----------------+----------------+----------------+
| G7(0.0)    | 0.0675675675676 | 0.119047619048 | 0.123529411765 | 0.462441314554 | 0.119047619048 | 0.119047619048 | 0.984076433121 | 0.817689530686 |
+------------+-----------------+----------------+----------------+----------------+----------------+----------------+----------------+----------------+
| G7(1.0)    | 0.932432432432  | 0.880952380952 | 0.876470588235 | 0.537558685446 | 0.880952380952 | 0.880952380952 | 0.015923566879 | 0.182310469314 |
+------------+-----------------+----------------+----------------+----------------+----------------+----------------+----------------+----------------+
+-----------+----------------+----------------+----------------+----------------+
| ('G3', 0) | G3_0(0.0)      | G3_0(0.0)      | G3_0(1.0)      | G3_0(1.0)      |
+-----------+----------------+----------------+----------------+----------------+
| ('G8', 0) | G8_0(0.0)      | G8_0(1.0)      | G8_0(0.0)      | G8_0(1.0)      |
+-----------+----------------+----------------+----------------+----------------+
| G6(0.0)   | 0.815789473684 | 0.342696629213 | 0.318181818182 | 0.263713080169 |
+-----------+----------------+----------------+----------------+----------------+
| G6(1.0)   | 0.184210526316 | 0.657303370787 | 0.681818181818 | 0.736286919831 |
+-----------+----------------+----------------+----------------+----------------+
+-----------+-----------+----------------+-----------------+----------------+----------------+-----------+-----------+----------------+
| ('G4', 1) | G4_1(0.0) | G4_1(0.0)      | G4_1(0.0)       | G4_1(0.0)      | G4_1(1.0)      | G4_1(1.0) | G4_1(1.0) | G4_1(1.0)      |
+-----------+-----------+----------------+-----------------+----------------+----------------+-----------+-----------+----------------+
| ('G5', 0) | G5_0(0.0) | G5_0(0.0)      | G5_0(1.0)       | G5_0(1.0)      | G5_0(0.0)      | G5_0(0.0) | G5_0(1.0) | G5_0(1.0)      |
+-----------+-----------+----------------+-----------------+----------------+----------------+-----------+-----------+----------------+
| ('G6', 0) | G6_0(0.0) | G6_0(1.0)      | G6_0(0.0)       | G6_0(1.0)      | G6_0(0.0)      | G6_0(1.0) | G6_0(0.0) | G6_0(1.0)      |
+-----------+-----------+----------------+-----------------+----------------+----------------+-----------+-----------+----------------+
| G5(0.0)   | 0.5       | 0.963768115942 | 0.0402298850575 | 0.023595505618 | 0.192307692308 | 0.5       | 0.5       | 0.192307692308 |
+-----------+-----------+----------------+-----------------+----------------+----------------+-----------+-----------+----------------+
| G5(1.0)   | 0.5       | 0.036231884058 | 0.959770114943  | 0.976404494382 | 0.807692307692 | 0.5       | 0.5       | 0.807692307692 |
+-----------+-----------+----------------+-----------------+----------------+----------------+-----------+-----------+----------------+
+-----------+----------------+-----------------+-----------------+------------------+-----------+-----------+----------------+----------------+
| ('G4', 0) | G4_0(0.0)      | G4_0(0.0)       | G4_0(0.0)       | G4_0(0.0)        | G4_0(1.0) | G4_0(1.0) | G4_0(1.0)      | G4_0(1.0)      |
+-----------+----------------+-----------------+-----------------+------------------+-----------+-----------+----------------+----------------+
| ('G5', 0) | G5_0(0.0)      | G5_0(0.0)       | G5_0(1.0)       | G5_0(1.0)        | G5_0(0.0) | G5_0(0.0) | G5_0(1.0)      | G5_0(1.0)      |
+-----------+----------------+-----------------+-----------------+------------------+-----------+-----------+----------------+----------------+
| ('G8', 0) | G8_0(0.0)      | G8_0(1.0)       | G8_0(0.0)       | G8_0(1.0)        | G8_0(0.0) | G8_0(1.0) | G8_0(0.0)      | G8_0(1.0)      |
+-----------+----------------+-----------------+-----------------+------------------+-----------+-----------+----------------+----------------+
| G4(0.0)   | 0.192307692308 | 0.970588235294  | 0.929530201342  | 0.995446265938   | 0.5       | 0.5       | 0.807692307692 | 0.807692307692 |
+-----------+----------------+-----------------+-----------------+------------------+-----------+-----------+----------------+----------------+
| G4(1.0)   | 0.807692307692 | 0.0294117647059 | 0.0704697986577 | 0.00455373406193 | 0.5       | 0.5       | 0.192307692308 | 0.192307692308 |
+-----------+----------------+-----------------+-----------------+------------------+-----------+-----------+----------------+----------------+
+-----------+----------------+----------------+-----------------+-----------+-----------+-----------+----------------+-----------+
| ('G2', 1) | G2_1(0.0)      | G2_1(0.0)      | G2_1(0.0)       | G2_1(0.0) | G2_1(1.0) | G2_1(1.0) | G2_1(1.0)      | G2_1(1.0) |
+-----------+----------------+----------------+-----------------+-----------+-----------+-----------+----------------+-----------+
| ('G3', 0) | G3_0(0.0)      | G3_0(0.0)      | G3_0(1.0)       | G3_0(1.0) | G3_0(0.0) | G3_0(0.0) | G3_0(1.0)      | G3_0(1.0) |
+-----------+----------------+----------------+-----------------+-----------+-----------+-----------+----------------+-----------+
| ('G4', 0) | G4_0(0.0)      | G4_0(1.0)      | G4_0(0.0)       | G4_0(1.0) | G4_0(0.0) | G4_0(1.0) | G4_0(0.0)      | G4_0(1.0) |
+-----------+----------------+----------------+-----------------+-----------+-----------+-----------+----------------+-----------+
| G3(0.0)   | 0.755319148936 | 0.119047619048 | 0.0423340961098 | 0.5       | 0.98      | 0.5       | 0.370967741935 | 0.5       |
+-----------+----------------+----------------+-----------------+-----------+-----------+-----------+----------------+-----------+
| G3(1.0)   | 0.244680851064 | 0.880952380952 | 0.95766590389   | 0.5       | 0.02      | 0.5       | 0.629032258065 | 0.5       |
+-----------+----------------+----------------+-----------------+-----------+-----------+-----------+----------------+-----------+
+-----------+-----------------+------------------+----------------+----------------+-----------------+----------------+-----------------+-----------+
| ('G2', 0) | G2_0(0.0)       | G2_0(0.0)        | G2_0(0.0)      | G2_0(0.0)      | G2_0(1.0)       | G2_0(1.0)      | G2_0(1.0)       | G2_0(1.0) |
+-----------+-----------------+------------------+----------------+----------------+-----------------+----------------+-----------------+-----------+
| ('G7', 0) | G7_0(0.0)       | G7_0(0.0)        | G7_0(1.0)      | G7_0(1.0)      | G7_0(0.0)       | G7_0(0.0)      | G7_0(1.0)       | G7_0(1.0) |
+-----------+-----------------+------------------+----------------+----------------+-----------------+----------------+-----------------+-----------+
| ('G9', 1) | G9_1(0.0)       | G9_1(1.0)        | G9_1(0.0)      | G9_1(1.0)      | G9_1(0.0)       | G9_1(1.0)      | G9_1(0.0)       | G9_1(1.0) |
+-----------+-----------------+------------------+----------------+----------------+-----------------+----------------+-----------------+-----------+
| G2(0.0)   | 0.959016393443  | 0.99343832021    | 0.362068965517 | 0.800751879699 | 0.0862068965517 | 0.880952380952 | 0.0744680851064 | 0.5       |
+-----------+-----------------+------------------+----------------+----------------+-----------------+----------------+-----------------+-----------+
| G2(1.0)   | 0.0409836065574 | 0.00656167979003 | 0.637931034483 | 0.199248120301 | 0.913793103448  | 0.119047619048 | 0.925531914894  | 0.5       |
+-----------+-----------------+------------------+----------------+----------------+-----------------+----------------+-----------------+-----------+
+-----------+----------------+----------------+----------------+----------------+
| ('G1', 0) | G1_0(0.0)      | G1_0(0.0)      | G1_0(1.0)      | G1_0(1.0)      |
+-----------+----------------+----------------+----------------+----------------+
| ('G7', 0) | G7_0(0.0)      | G7_0(1.0)      | G7_0(0.0)      | G7_0(1.0)      |
+-----------+----------------+----------------+----------------+----------------+
| G1(0.0)   | 0.715384615385 | 0.836283185841 | 0.102209944751 | 0.394736842105 |
+-----------+----------------+----------------+----------------+----------------+
| G1(1.0)   | 0.284615384615 | 0.163716814159 | 0.897790055249 | 0.605263157895 |
+-----------+----------------+----------------+----------------+----------------+
+------------+----------------+----------------+----------------+------------+----------------+-----------------+----------------+-----------------+
| ('G1', 0)  | G1_0(0.0)      | G1_0(0.0)      | G1_0(0.0)      | G1_0(0.0)  | G1_0(1.0)      | G1_0(1.0)       | G1_0(1.0)      | G1_0(1.0)       |
+------------+----------------+----------------+----------------+------------+----------------+-----------------+----------------+-----------------+
| ('G10', 0) | G10_0(0.0)     | G10_0(0.0)     | G10_0(1.0)     | G10_0(1.0) | G10_0(0.0)     | G10_0(0.0)      | G10_0(1.0)     | G10_0(1.0)      |
+------------+----------------+----------------+----------------+------------+----------------+-----------------+----------------+-----------------+
| ('G2', 0)  | G2_0(0.0)      | G2_0(1.0)      | G2_0(0.0)      | G2_0(1.0)  | G2_0(0.0)      | G2_0(1.0)       | G2_0(0.0)      | G2_0(1.0)       |
+------------+----------------+----------------+----------------+------------+----------------+-----------------+----------------+-----------------+
| G9(0.0)    | 0.807692307692 | 0.766666666667 | 0.153179190751 | 0.852      | 0.807692307692 | 0.913793103448  | 0.104938271605 | 0.0862068965517 |
+------------+----------------+----------------+----------------+------------+----------------+-----------------+----------------+-----------------+
| G9(1.0)    | 0.192307692308 | 0.233333333333 | 0.846820809249 | 0.148      | 0.192307692308 | 0.0862068965517 | 0.895061728395 | 0.913793103448  |
+------------+----------------+----------------+----------------+------------+----------------+-----------------+----------------+-----------------+
+------------+-----------------+------------+----------------+------------+----------------+-----------------+----------------+------------+
| ('G10', 0) | G10_0(0.0)      | G10_0(0.0) | G10_0(0.0)     | G10_0(0.0) | G10_0(1.0)     | G10_0(1.0)      | G10_0(1.0)     | G10_0(1.0) |
+------------+-----------------+------------+----------------+------------+----------------+-----------------+----------------+------------+
| ('G4', 1)  | G4_1(0.0)       | G4_1(0.0)  | G4_1(1.0)      | G4_1(1.0)  | G4_1(0.0)      | G4_1(0.0)       | G4_1(1.0)      | G4_1(1.0)  |
+------------+-----------------+------------+----------------+------------+----------------+-----------------+----------------+------------+
| ('G8', 0)  | G8_0(0.0)       | G8_0(1.0)  | G8_0(0.0)      | G8_0(1.0)  | G8_0(0.0)      | G8_0(1.0)       | G8_0(0.0)      | G8_0(1.0)  |
+------------+-----------------+------------+----------------+------------+----------------+-----------------+----------------+------------+
| G8(0.0)    | 0.967532467532  | 0.5        | 0.192307692308 | 0.5        | 0.863636363636 | 0.0290423861852 | 0.807692307692 | 0.5        |
+------------+-----------------+------------+----------------+------------+----------------+-----------------+----------------+------------+
| G8(1.0)    | 0.0324675324675 | 0.5        | 0.807692307692 | 0.5        | 0.136363636364 | 0.970957613815  | 0.192307692308 | 0.5        |
+------------+-----------------+------------+----------------+------------+----------------+-----------------+----------------+------------+
+------------+-----------------+------------+------------+----------------+----------------+------------------+----------------+------------+
| ('G10', 0) | G10_0(0.0)      | G10_0(0.0) | G10_0(0.0) | G10_0(0.0)     | G10_0(1.0)     | G10_0(1.0)       | G10_0(1.0)     | G10_0(1.0) |
+------------+-----------------+------------+------------+----------------+----------------+------------------+----------------+------------+
| ('G4', 1)  | G4_1(0.0)       | G4_1(0.0)  | G4_1(1.0)  | G4_1(1.0)      | G4_1(0.0)      | G4_1(0.0)        | G4_1(1.0)      | G4_1(1.0)  |
+------------+-----------------+------------+------------+----------------+----------------+------------------+----------------+------------+
| ('G8', 1)  | G8_1(0.0)       | G8_1(1.0)  | G8_1(0.0)  | G8_1(1.0)      | G8_1(0.0)      | G8_1(1.0)        | G8_1(0.0)      | G8_1(1.0)  |
+------------+-----------------+------------+------------+----------------+----------------+------------------+----------------+------------+
| G10(0.0)   | 0.967532467532  | 0.5        | 0.5        | 0.192307692308 | 0.123529411765 | 0.00397456279809 | 0.192307692308 | 0.5        |
+------------+-----------------+------------+------------+----------------+----------------+------------------+----------------+------------+
| G10(1.0)   | 0.0324675324675 | 0.5        | 0.5        | 0.807692307692 | 0.876470588235 | 0.996025437202   | 0.807692307692 | 0.5        |
+------------+-----------------+------------+------------+----------------+----------------+------------------+----------------+------------+
[('G7', 'G2'), ('G7', 'G1'), ('G4', 'G4'), ('G4', 'G3'), ('G4', 'G10'), ('G4', 'G5'), ('G4', 'G8'), ('G8', 'G4'), ('G8', 'G6'), ('G8', 'G8'), ('G1', 'G7'), ('G1', 'G1'), ('G1', 'G9'), ('G8', 'G10'), ('G5', 'G4'), ('G5', 'G5'), ('G9', 'G2'), ('G2', 'G2'), ('G2', 'G9'), ('G2', 'G3'), ('G6', 'G5'), ('G10', 'G7'), ('G10', 'G9'), ('G10', 'G8'), ('G10', 'G10'), ('G6', 'G7'), ('G3', 'G3'), ('G3', 'G6')]
