[('G1', 'G9')]
+---------+---+
| G7(0.0) | 1 |
+---------+---+
+---------+---+
| G6(0.0) | 1 |
+---------+---+
+---------+---+
| G5(1.0) | 1 |
+---------+---+
+---------+---+
| G4(1.0) | 1 |
+---------+---+
+---------+---+
| G3(1.0) | 1 |
+---------+---+
+---------+---+
| G2(0.0) | 1 |
+---------+---+
+---------+------+
| G1(0.0) | 0.35 |
+---------+------+
| G1(1.0) | 0.65 |
+---------+------+
+---------+----------------+----------------+
| G1      | G1(0.0)        | G1(1.0)        |
+---------+----------------+----------------+
| G9(0.0) | 0.357142857143 | 0.653846153846 |
+---------+----------------+----------------+
| G9(1.0) | 0.642857142857 | 0.346153846154 |
+---------+----------------+----------------+
+---------+---+
| G8(1.0) | 1 |
+---------+---+
+----------+---+
| G10(1.0) | 1 |
+----------+---+
[(('G7', 1), ('G2', 1)), (('G7', 1), ('G5', 1)), (('G7', 0), ('G7', 1)), (('G3', 1), ('G4', 1)), (('G1', 1), ('G9', 1)), (('G1', 1), ('G5', 1)), (('G1', 1), ('G10', 1)), (('G8', 0), ('G10', 1)), (('G8', 0), ('G8', 1)), (('G1', 0), ('G1', 1)), (('G5', 1), ('G4', 1)), (('G5', 1), ('G8', 1)), (('G8', 1), ('G4', 1)), (('G5', 0), ('G7', 1)), (('G5', 0), ('G5', 1)), (('G2', 0), ('G7', 1)), (('G2', 0), ('G2', 1)), (('G2', 0), ('G1', 1)), (('G2', 0), ('G3', 1)), (('G10', 0), ('G2', 1)), (('G10', 0), ('G1', 1)), (('G10', 0), ('G8', 1)), (('G10', 0), ('G10', 1)), (('G3', 0), ('G3', 1))]
+-----------+-----------------+----------------+-----------------+-----------+-----------+-----------+----------------+----------------+
| ('G2', 0) | G2_0(0.0)       | G2_0(0.0)      | G2_0(0.0)       | G2_0(0.0) | G2_0(1.0) | G2_0(1.0) | G2_0(1.0)      | G2_0(1.0)      |
+-----------+-----------------+----------------+-----------------+-----------+-----------+-----------+----------------+----------------+
| ('G5', 0) | G5_0(0.0)       | G5_0(0.0)      | G5_0(1.0)       | G5_0(1.0) | G5_0(0.0) | G5_0(0.0) | G5_0(1.0)      | G5_0(1.0)      |
+-----------+-----------------+----------------+-----------------+-----------+-----------+-----------+----------------+----------------+
| ('G7', 0) | G7_0(0.0)       | G7_0(1.0)      | G7_0(0.0)       | G7_0(1.0) | G7_0(0.0) | G7_0(1.0) | G7_0(0.0)      | G7_0(1.0)      |
+-----------+-----------------+----------------+-----------------+-----------+-----------+-----------+----------------+----------------+
| G7(0.0)   | 0.932432432432  | 0.807692307692 | 0.990421455939  | 0.5       | 0.5       | 0.02      | 0.842007434944 | 0.420792079208 |
+-----------+-----------------+----------------+-----------------+-----------+-----------+-----------+----------------+----------------+
| G7(1.0)   | 0.0675675675676 | 0.192307692308 | 0.0095785440613 | 0.5       | 0.5       | 0.98      | 0.157992565056 | 0.579207920792 |
+-----------+-----------------+----------------+-----------------+-----------+-----------+-----------+----------------+----------------+
+---------+---+
| G6(0.0) | 1 |
+---------+---+
+-----------+----------------+-----------------+------------------+----------------+----------------+-----------+----------------+-----------------+
| ('G1', 1) | G1_1(0.0)      | G1_1(0.0)       | G1_1(0.0)        | G1_1(0.0)      | G1_1(1.0)      | G1_1(1.0) | G1_1(1.0)      | G1_1(1.0)       |
+-----------+----------------+-----------------+------------------+----------------+----------------+-----------+----------------+-----------------+
| ('G5', 0) | G5_0(0.0)      | G5_0(0.0)       | G5_0(1.0)        | G5_0(1.0)      | G5_0(0.0)      | G5_0(0.0) | G5_0(1.0)      | G5_0(1.0)       |
+-----------+----------------+-----------------+------------------+----------------+----------------+-----------+----------------+-----------------+
| ('G7', 1) | G7_1(0.0)      | G7_1(1.0)       | G7_1(0.0)        | G7_1(1.0)      | G7_1(0.0)      | G7_1(1.0) | G7_1(0.0)      | G7_1(1.0)       |
+-----------+----------------+-----------------+------------------+----------------+----------------+-----------+----------------+-----------------+
| G5(0.0)   | 0.362068965517 | 0.921052631579  | 0.00830564784053 | 0.152173913043 | 0.637931034483 | 0.5       | 0.115720524017 | 0.0675675675676 |
+-----------+----------------+-----------------+------------------+----------------+----------------+-----------+----------------+-----------------+
| G5(1.0)   | 0.637931034483 | 0.0789473684211 | 0.991694352159   | 0.847826086957 | 0.362068965517 | 0.5       | 0.884279475983 | 0.932432432432  |
+-----------+----------------+-----------------+------------------+----------------+----------------+-----------+----------------+-----------------+
+-----------+-----------+----------------+----------------+-----------------+----------------+----------------+-----------------+------------------+
| ('G3', 1) | G3_1(0.0) | G3_1(0.0)      | G3_1(0.0)      | G3_1(0.0)       | G3_1(1.0)      | G3_1(1.0)      | G3_1(1.0)       | G3_1(1.0)        |
+-----------+-----------+----------------+----------------+-----------------+----------------+----------------+-----------------+------------------+
| ('G5', 1) | G5_1(0.0) | G5_1(0.0)      | G5_1(1.0)      | G5_1(1.0)       | G5_1(0.0)      | G5_1(0.0)      | G5_1(1.0)       | G5_1(1.0)        |
+-----------+-----------+----------------+----------------+-----------------+----------------+----------------+-----------------+------------------+
| ('G8', 1) | G8_1(0.0) | G8_1(1.0)      | G8_1(0.0)      | G8_1(1.0)       | G8_1(0.0)      | G8_1(1.0)      | G8_1(0.0)       | G8_1(1.0)        |
+-----------+-----------+----------------+----------------+-----------------+----------------+----------------+-----------------+------------------+
| G4(0.0)   | 0.5       | 0.152173913043 | 0.807692307692 | 0.0837104072398 | 0.192307692308 | 0.756880733945 | 0.967532467532  | 0.00769230769231 |
+-----------+-----------+----------------+----------------+-----------------+----------------+----------------+-----------------+------------------+
| G4(1.0)   | 0.5       | 0.847826086957 | 0.192307692308 | 0.91628959276   | 0.807692307692 | 0.243119266055 | 0.0324675324675 | 0.992307692308   |
+-----------+-----------+----------------+----------------+-----------------+----------------+----------------+-----------------+------------------+
+-----------+----------------+----------------+---------------+----------------+
| ('G2', 0) | G2_0(0.0)      | G2_0(0.0)      | G2_0(1.0)     | G2_0(1.0)      |
+-----------+----------------+----------------+---------------+----------------+
| ('G3', 0) | G3_0(0.0)      | G3_0(1.0)      | G3_0(0.0)     | G3_0(1.0)      |
+-----------+----------------+----------------+---------------+----------------+
| G3(0.0)   | 0.391891891892 | 0.119834710744 | 0.84188034188 | 0.187943262411 |
+-----------+----------------+----------------+---------------+----------------+
| G3(1.0)   | 0.608108108108 | 0.880165289256 | 0.15811965812 | 0.812056737589 |
+-----------+----------------+----------------+---------------+----------------+
+------------+----------------+------------+-----------------+-----------------+----------------+------------+----------------+-----------------+
| ('G10', 0) | G10_0(0.0)     | G10_0(0.0) | G10_0(0.0)      | G10_0(0.0)      | G10_0(1.0)     | G10_0(1.0) | G10_0(1.0)     | G10_0(1.0)      |
+------------+----------------+------------+-----------------+-----------------+----------------+------------+----------------+-----------------+
| ('G2', 0)  | G2_0(0.0)      | G2_0(0.0)  | G2_0(1.0)       | G2_0(1.0)       | G2_0(0.0)      | G2_0(0.0)  | G2_0(1.0)      | G2_0(1.0)       |
+------------+----------------+------------+-----------------+-----------------+----------------+------------+----------------+-----------------+
| ('G7', 1)  | G7_1(0.0)      | G7_1(1.0)  | G7_1(0.0)       | G7_1(1.0)       | G7_1(0.0)      | G7_1(1.0)  | G7_1(0.0)      | G7_1(1.0)       |
+------------+----------------+------------+-----------------+-----------------+----------------+------------+----------------+-----------------+
| G2(0.0)    | 0.637931034483 | 0.5        | 0.0213675213675 | 0.0862068965517 | 0.759927797834 | 0.5        | 0.451515151515 | 0.0512195121951 |
+------------+----------------+------------+-----------------+-----------------+----------------+------------+----------------+-----------------+
| G2(1.0)    | 0.362068965517 | 0.5        | 0.978632478632  | 0.913793103448  | 0.240072202166 | 0.5        | 0.548484848485 | 0.948780487805  |
+------------+----------------+------------+-----------------+-----------------+----------------+------------+----------------+-----------------+
+------------+------------+------------+---------------+-----------------+-----------------+-----------------+------------+------------+
| ('G1', 0)  | G1_0(0.0)  | G1_0(0.0)  | G1_0(0.0)     | G1_0(0.0)       | G1_0(1.0)       | G1_0(1.0)       | G1_0(1.0)  | G1_0(1.0)  |
+------------+------------+------------+---------------+-----------------+-----------------+-----------------+------------+------------+
| ('G10', 0) | G10_0(0.0) | G10_0(0.0) | G10_0(1.0)    | G10_0(1.0)      | G10_0(0.0)      | G10_0(0.0)      | G10_0(1.0) | G10_0(1.0) |
+------------+------------+------------+---------------+-----------------+-----------------+-----------------+------------+------------+
| ('G2', 0)  | G2_0(0.0)  | G2_0(1.0)  | G2_0(0.0)     | G2_0(1.0)       | G2_0(0.0)       | G2_0(1.0)       | G2_0(0.0)  | G2_0(1.0)  |
+------------+------------+------------+---------------+-----------------+-----------------+-----------------+------------+------------+
| G1(0.0)    | 0.5        | 0.5        | 0.67679558011 | 0.968468468468  | 0.0862068965517 | 0.0744680851064 | 0.5        | 0.5        |
+------------+------------+------------+---------------+-----------------+-----------------+-----------------+------------+------------+
| G1(1.0)    | 0.5        | 0.5        | 0.32320441989 | 0.0315315315315 | 0.913793103448  | 0.925531914894  | 0.5        | 0.5        |
+------------+------------+------------+---------------+-----------------+-----------------+-----------------+------------+------------+
+-----------+----------------+----------------+
| ('G1', 1) | G1_1(0.0)      | G1_1(1.0)      |
+-----------+----------------+----------------+
| G9(0.0)   | 0.304511278195 | 0.486666666667 |
+-----------+----------------+----------------+
| G9(1.0)   | 0.695488721805 | 0.513333333333 |
+-----------+----------------+----------------+
+------------+------------+----------------+----------------+-----------------+------------+----------------+----------------+------------------+
| ('G10', 0) | G10_0(0.0) | G10_0(0.0)     | G10_0(0.0)     | G10_0(0.0)      | G10_0(1.0) | G10_0(1.0)     | G10_0(1.0)     | G10_0(1.0)       |
+------------+------------+----------------+----------------+-----------------+------------+----------------+----------------+------------------+
| ('G5', 1)  | G5_1(0.0)  | G5_1(0.0)      | G5_1(1.0)      | G5_1(1.0)       | G5_1(0.0)  | G5_1(0.0)      | G5_1(1.0)      | G5_1(1.0)        |
+------------+------------+----------------+----------------+-----------------+------------+----------------+----------------+------------------+
| ('G8', 0)  | G8_0(0.0)  | G8_0(1.0)      | G8_0(0.0)      | G8_0(1.0)       | G8_0(0.0)  | G8_0(1.0)      | G8_0(0.0)      | G8_0(1.0)        |
+------------+------------+----------------+----------------+-----------------+------------+----------------+----------------+------------------+
| G8(0.0)    | 0.5        | 0.807692307692 | 0.963768115942 | 0.0268817204301 | 0.5        | 0.014450867052 | 0.637931034483 | 0.00561797752809 |
+------------+------------+----------------+----------------+-----------------+------------+----------------+----------------+------------------+
| G8(1.0)    | 0.5        | 0.192307692308 | 0.036231884058 | 0.97311827957   | 0.5        | 0.985549132948 | 0.362068965517 | 0.994382022472   |
+------------+------------+----------------+----------------+-----------------+------------+----------------+----------------+------------------+
+------------+------------+----------------+------------+-----------------+----------------+-----------------+-----------------+-----------------+
| ('G1', 1)  | G1_1(0.0)  | G1_1(0.0)      | G1_1(0.0)  | G1_1(0.0)       | G1_1(1.0)      | G1_1(1.0)       | G1_1(1.0)       | G1_1(1.0)       |
+------------+------------+----------------+------------+-----------------+----------------+-----------------+-----------------+-----------------+
| ('G10', 0) | G10_0(0.0) | G10_0(0.0)     | G10_0(1.0) | G10_0(1.0)      | G10_0(0.0)     | G10_0(0.0)      | G10_0(1.0)      | G10_0(1.0)      |
+------------+------------+----------------+------------+-----------------+----------------+-----------------+-----------------+-----------------+
| ('G8', 0)  | G8_0(0.0)  | G8_0(1.0)      | G8_0(0.0)  | G8_0(1.0)       | G8_0(0.0)      | G8_0(1.0)       | G8_0(0.0)       | G8_0(1.0)       |
+------------+------------+----------------+------------+-----------------+----------------+-----------------+-----------------+-----------------+
| G10(0.0)   | 0.5        | 0.192307692308 | 0.5        | 0.0049115913556 | 0.847826086957 | 0.97311827957   | 0.0862068965517 | 0.0963302752294 |
+------------+------------+----------------+------------+-----------------+----------------+-----------------+-----------------+-----------------+
| G10(1.0)   | 0.5        | 0.807692307692 | 0.5        | 0.995088408644  | 0.152173913043 | 0.0268817204301 | 0.913793103448  | 0.903669724771  |
+------------+------------+----------------+------------+-----------------+----------------+-----------------+-----------------+-----------------+
[('G7', 'G2'), ('G7', 'G5'), ('G7', 'G7'), ('G3', 'G4'), ('G1', 'G9'), ('G1', 'G5'), ('G1', 'G10'), ('G8', 'G10'), ('G8', 'G8'), ('G1', 'G1'), ('G5', 'G4'), ('G5', 'G8'), ('G8', 'G4'), ('G5', 'G7'), ('G5', 'G5'), ('G2', 'G7'), ('G2', 'G2'), ('G2', 'G1'), ('G2', 'G3'), ('G10', 'G2'), ('G10', 'G1'), ('G10', 'G8'), ('G10', 'G10'), ('G3', 'G3')]
