[]
+---------+---+
| G7(0.0) | 1 |
+---------+---+
+---------+---+
| G6(0.0) | 1 |
+---------+---+
+---------+---+
| G5(0.0) | 1 |
+---------+---+
+---------+---+
| G4(0.0) | 1 |
+---------+---+
+---------+---+
| G3(1.0) | 1 |
+---------+---+
+---------+---+
| G2(1.0) | 1 |
+---------+---+
+---------+---+
| G1(1.0) | 1 |
+---------+---+
+---------+---+
| G9(0.0) | 1 |
+---------+---+
+---------+---+
| G8(1.0) | 1 |
+---------+---+
+----------+---+
| G10(1.0) | 1 |
+----------+---+
[(('G7', 0), ('G7', 1)), (('G7', 0), ('G2', 1)), (('G7', 0), ('G5', 1)), (('G4', 0), ('G7', 1)), (('G4', 0), ('G4', 1)), (('G8', 0), ('G9', 1)), (('G8', 0), ('G8', 1)), (('G1', 0), ('G1', 1)), (('G5', 0), ('G3', 1)), (('G5', 0), ('G5', 1)), (('G9', 1), ('G4', 1)), (('G9', 1), ('G6', 1)), (('G9', 0), ('G2', 1)), (('G9', 0), ('G9', 1)), (('G2', 0), ('G2', 1)), (('G2', 1), ('G1', 1)), (('G6', 0), ('G1', 1)), (('G6', 0), ('G6', 1)), (('G10', 1), ('G8', 1)), (('G10', 0), ('G9', 1)), (('G10', 0), ('G3', 1)), (('G10', 0), ('G6', 1)), (('G10', 0), ('G10', 1)), (('G6', 1), ('G5', 1)), (('G6', 1), ('G8', 1)), (('G3', 0), ('G7', 1)), (('G3', 0), ('G4', 1)), (('G3', 0), ('G3', 1))]
+-----------+----------------+-----------+-----------------+-----------------+------------------+-----------+-----------------+----------------+
| ('G3', 0) | G3_0(0.0)      | G3_0(0.0) | G3_0(0.0)       | G3_0(0.0)       | G3_0(1.0)        | G3_0(1.0) | G3_0(1.0)       | G3_0(1.0)      |
+-----------+----------------+-----------+-----------------+-----------------+------------------+-----------+-----------------+----------------+
| ('G4', 0) | G4_0(0.0)      | G4_0(0.0) | G4_0(1.0)       | G4_0(1.0)       | G4_0(0.0)        | G4_0(0.0) | G4_0(1.0)       | G4_0(1.0)      |
+-----------+----------------+-----------+-----------------+-----------------+------------------+-----------+-----------------+----------------+
| ('G7', 0) | G7_0(0.0)      | G7_0(1.0) | G7_0(0.0)       | G7_0(1.0)       | G7_0(0.0)        | G7_0(1.0) | G7_0(0.0)       | G7_0(1.0)      |
+-----------+----------------+-----------+-----------------+-----------------+------------------+-----------+-----------------+----------------+
| G7(0.0)   | 0.637931034483 | 0.5       | 0.98322147651   | 0.0294117647059 | 0.994279176201   | 0.5       | 0.977064220183  | 0.807692307692 |
+-----------+----------------+-----------+-----------------+-----------------+------------------+-----------+-----------------+----------------+
| G7(1.0)   | 0.362068965517 | 0.5       | 0.0167785234899 | 0.970588235294  | 0.00572082379863 | 0.5       | 0.0229357798165 | 0.192307692308 |
+-----------+----------------+-----------+-----------------+-----------------+------------------+-----------+-----------------+----------------+
+------------+------------+-----------------+-----------------+----------------+-----------------+-----------------+-----------------+------------+
| ('G10', 0) | G10_0(0.0) | G10_0(0.0)      | G10_0(0.0)      | G10_0(0.0)     | G10_0(1.0)      | G10_0(1.0)      | G10_0(1.0)      | G10_0(1.0) |
+------------+------------+-----------------+-----------------+----------------+-----------------+-----------------+-----------------+------------+
| ('G6', 0)  | G6_0(0.0)  | G6_0(0.0)       | G6_0(1.0)       | G6_0(1.0)      | G6_0(0.0)       | G6_0(0.0)       | G6_0(1.0)       | G6_0(1.0)  |
+------------+------------+-----------------+-----------------+----------------+-----------------+-----------------+-----------------+------------+
| ('G9', 1)  | G9_1(0.0)  | G9_1(1.0)       | G9_1(0.0)       | G9_1(1.0)      | G9_1(0.0)       | G9_1(1.0)       | G9_1(0.0)       | G9_1(1.0)  |
+------------+------------+-----------------+-----------------+----------------+-----------------+-----------------+-----------------+------------+
| G6(0.0)    | 0.5        | 0.903669724771  | 0.0675675675676 | 0.015923566879 | 0.958498023715  | 0.932432432432  | 0.0324675324675 | 0.276      |
+------------+------------+-----------------+-----------------+----------------+-----------------+-----------------+-----------------+------------+
| G6(1.0)    | 0.5        | 0.0963302752294 | 0.932432432432  | 0.984076433121 | 0.0415019762846 | 0.0675675675676 | 0.967532467532  | 0.724      |
+------------+------------+-----------------+-----------------+----------------+-----------------+-----------------+-----------------+------------+
+-----------+------------------+----------------+----------------+----------------+----------------+-----------+-----------+-----------------+
| ('G5', 0) | G5_0(0.0)        | G5_0(0.0)      | G5_0(0.0)      | G5_0(0.0)      | G5_0(1.0)      | G5_0(1.0) | G5_0(1.0) | G5_0(1.0)       |
+-----------+------------------+----------------+----------------+----------------+----------------+-----------+-----------+-----------------+
| ('G6', 1) | G6_1(0.0)        | G6_1(0.0)      | G6_1(1.0)      | G6_1(1.0)      | G6_1(0.0)      | G6_1(0.0) | G6_1(1.0) | G6_1(1.0)       |
+-----------+------------------+----------------+----------------+----------------+----------------+-----------+-----------+-----------------+
| ('G7', 0) | G7_0(0.0)        | G7_0(1.0)      | G7_0(0.0)      | G7_0(1.0)      | G7_0(0.0)      | G7_0(1.0) | G7_0(0.0) | G7_0(1.0)       |
+-----------+------------------+----------------+----------------+----------------+----------------+-----------+-----------+-----------------+
| G5(0.0)   | 0.993827160494   | 0.807692307692 | 0.843891402715 | 0.192307692308 | 0.807692307692 | 0.5       | 0.5       | 0.0324675324675 |
+-----------+------------------+----------------+----------------+----------------+----------------+-----------+-----------+-----------------+
| G5(1.0)   | 0.00617283950617 | 0.192307692308 | 0.156108597285 | 0.807692307692 | 0.192307692308 | 0.5       | 0.5       | 0.967532467532  |
+-----------+------------------+----------------+----------------+----------------+----------------+-----------+-----------+-----------------+
+-----------+-----------+-----------------+----------------+-----------------+-----------------+----------------+----------------+----------------+
| ('G3', 0) | G3_0(0.0) | G3_0(0.0)       | G3_0(0.0)      | G3_0(0.0)       | G3_0(1.0)       | G3_0(1.0)      | G3_0(1.0)      | G3_0(1.0)      |
+-----------+-----------+-----------------+----------------+-----------------+-----------------+----------------+----------------+----------------+
| ('G4', 0) | G4_0(0.0) | G4_0(0.0)       | G4_0(1.0)      | G4_0(1.0)       | G4_0(0.0)       | G4_0(0.0)      | G4_0(1.0)      | G4_0(1.0)      |
+-----------+-----------+-----------------+----------------+-----------------+-----------------+----------------+----------------+----------------+
| ('G9', 1) | G9_1(0.0) | G9_1(1.0)       | G9_1(0.0)      | G9_1(1.0)       | G9_1(0.0)       | G9_1(1.0)      | G9_1(0.0)      | G9_1(1.0)      |
+-----------+-----------+-----------------+----------------+-----------------+-----------------+----------------+----------------+----------------+
| G4(0.0)   | 0.5       | 0.0862068965517 | 0.192307692308 | 0.0113122171946 | 0.943076923077  | 0.705128205128 | 0.565573770492 | 0.696721311475 |
+-----------+-----------+-----------------+----------------+-----------------+-----------------+----------------+----------------+----------------+
| G4(1.0)   | 0.5       | 0.913793103448  | 0.807692307692 | 0.988687782805  | 0.0569230769231 | 0.294871794872 | 0.434426229508 | 0.303278688525 |
+-----------+-----------+-----------------+----------------+-----------------+-----------------+----------------+----------------+----------------+
+------------+------------+-----------------+----------------+-----------------+----------------+------------+------------------+----------------+
| ('G10', 0) | G10_0(0.0) | G10_0(0.0)      | G10_0(0.0)     | G10_0(0.0)      | G10_0(1.0)     | G10_0(1.0) | G10_0(1.0)       | G10_0(1.0)     |
+------------+------------+-----------------+----------------+-----------------+----------------+------------+------------------+----------------+
| ('G3', 0)  | G3_0(0.0)  | G3_0(0.0)       | G3_0(1.0)      | G3_0(1.0)       | G3_0(0.0)      | G3_0(0.0)  | G3_0(1.0)        | G3_0(1.0)      |
+------------+------------+-----------------+----------------+-----------------+----------------+------------+------------------+----------------+
| ('G5', 0)  | G5_0(0.0)  | G5_0(1.0)       | G5_0(0.0)      | G5_0(1.0)       | G5_0(0.0)      | G5_0(1.0)  | G5_0(0.0)        | G5_0(1.0)      |
+------------+------------+-----------------+----------------+-----------------+----------------+------------+------------------+----------------+
| G3(0.0)    | 0.98       | 0.970588235294  | 0.448051948052 | 0.0471698113208 | 0.283783783784 | 0.5        | 0.00605326876513 | 0.119047619048 |
+------------+------------+-----------------+----------------+-----------------+----------------+------------+------------------+----------------+
| G3(1.0)    | 0.02       | 0.0294117647059 | 0.551948051948 | 0.952830188679  | 0.716216216216 | 0.5        | 0.993946731235   | 0.880952380952 |
+------------+------------+-----------------+----------------+-----------------+----------------+------------+------------------+----------------+
+-----------+----------------+----------------+-----------+-----------------+------------------+---------------+-----------+-----------+
| ('G2', 0) | G2_0(0.0)      | G2_0(0.0)      | G2_0(0.0) | G2_0(0.0)       | G2_0(1.0)        | G2_0(1.0)     | G2_0(1.0) | G2_0(1.0) |
+-----------+----------------+----------------+-----------+-----------------+------------------+---------------+-----------+-----------+
| ('G7', 0) | G7_0(0.0)      | G7_0(0.0)      | G7_0(1.0) | G7_0(1.0)       | G7_0(0.0)        | G7_0(0.0)     | G7_0(1.0) | G7_0(1.0) |
+-----------+----------------+----------------+-----------+-----------------+------------------+---------------+-----------+-----------+
| ('G9', 0) | G9_0(0.0)      | G9_0(1.0)      | G9_0(0.0) | G9_0(1.0)       | G9_0(0.0)        | G9_0(1.0)     | G9_0(0.0) | G9_0(1.0) |
+-----------+----------------+----------------+-----------+-----------------+------------------+---------------+-----------+-----------+
| G2(0.0)   | 0.192307692308 | 0.607382550336 | 0.5       | 0.967532467532  | 0.00656167979003 | 0.32320441989 | 0.5       | 0.5       |
+-----------+----------------+----------------+-----------+-----------------+------------------+---------------+-----------+-----------+
| G2(1.0)   | 0.807692307692 | 0.392617449664 | 0.5       | 0.0324675324675 | 0.99343832021    | 0.67679558011 | 0.5       | 0.5       |
+-----------+----------------+----------------+-----------+-----------------+------------------+---------------+-----------+-----------+
+-----------+----------------+-----------------+----------------+-----------------+----------------+-----------+-----------------+-----------------+
| ('G1', 0) | G1_0(0.0)      | G1_0(0.0)       | G1_0(0.0)      | G1_0(0.0)       | G1_0(1.0)      | G1_0(1.0) | G1_0(1.0)       | G1_0(1.0)       |
+-----------+----------------+-----------------+----------------+-----------------+----------------+-----------+-----------------+-----------------+
| ('G2', 1) | G2_1(0.0)      | G2_1(0.0)       | G2_1(1.0)      | G2_1(1.0)       | G2_1(0.0)      | G2_1(0.0) | G2_1(1.0)       | G2_1(1.0)       |
+-----------+----------------+-----------------+----------------+-----------------+----------------+-----------+-----------------+-----------------+
| ('G6', 0) | G6_0(0.0)      | G6_0(1.0)       | G6_0(0.0)      | G6_0(1.0)       | G6_0(0.0)      | G6_0(1.0) | G6_0(0.0)       | G6_0(1.0)       |
+-----------+----------------+-----------------+----------------+-----------------+----------------+-----------+-----------------+-----------------+
| G1(0.0)   | 0.716216216216 | 0.929530201342  | 0.551948051948 | 0.975247524752  | 0.880952380952 | 0.5       | 0.0348837209302 | 0.0229357798165 |
+-----------+----------------+-----------------+----------------+-----------------+----------------+-----------+-----------------+-----------------+
| G1(1.0)   | 0.283783783784 | 0.0704697986577 | 0.448051948052 | 0.0247524752475 | 0.119047619048 | 0.5       | 0.96511627907   | 0.977064220183  |
+-----------+----------------+-----------------+----------------+-----------------+----------------+-----------+-----------------+-----------------+
+------------+-----------------+-----------------+----------------+-----------------+----------------+------------+-----------------+----------------+
| ('G10', 0) | G10_0(0.0)      | G10_0(0.0)      | G10_0(0.0)     | G10_0(0.0)      | G10_0(1.0)     | G10_0(1.0) | G10_0(1.0)      | G10_0(1.0)     |
+------------+-----------------+-----------------+----------------+-----------------+----------------+------------+-----------------+----------------+
| ('G8', 0)  | G8_0(0.0)       | G8_0(0.0)       | G8_0(1.0)      | G8_0(1.0)       | G8_0(0.0)      | G8_0(0.0)  | G8_0(1.0)       | G8_0(1.0)      |
+------------+-----------------+-----------------+----------------+-----------------+----------------+------------+-----------------+----------------+
| ('G9', 0)  | G9_0(0.0)       | G9_0(1.0)       | G9_0(0.0)      | G9_0(1.0)       | G9_0(0.0)      | G9_0(1.0)  | G9_0(0.0)       | G9_0(1.0)      |
+------------+-----------------+-----------------+----------------+-----------------+----------------+------------+-----------------+----------------+
| G9(0.0)    | 0.0675675675676 | 0.0121951219512 | 0.963768115942 | 0.0862068965517 | 0.847826086957 | 0.02       | 0.989082969432  | 0.615942028986 |
+------------+-----------------+-----------------+----------------+-----------------+----------------+------------+-----------------+----------------+
| G9(1.0)    | 0.932432432432  | 0.987804878049  | 0.036231884058 | 0.913793103448  | 0.152173913043 | 0.98       | 0.0109170305677 | 0.384057971014 |
+------------+-----------------+-----------------+----------------+-----------------+----------------+------------+-----------------+----------------+
+------------+----------------+------------+-----------------+----------------+----------------+-----------------+-----------------+----------------+
| ('G10', 1) | G10_1(0.0)     | G10_1(0.0) | G10_1(0.0)      | G10_1(0.0)     | G10_1(1.0)     | G10_1(1.0)      | G10_1(1.0)      | G10_1(1.0)     |
+------------+----------------+------------+-----------------+----------------+----------------+-----------------+-----------------+----------------+
| ('G6', 1)  | G6_1(0.0)      | G6_1(0.0)  | G6_1(1.0)       | G6_1(1.0)      | G6_1(0.0)      | G6_1(0.0)       | G6_1(1.0)       | G6_1(1.0)      |
+------------+----------------+------------+-----------------+----------------+----------------+-----------------+-----------------+----------------+
| ('G8', 0)  | G8_0(0.0)      | G8_0(1.0)  | G8_0(0.0)       | G8_0(1.0)      | G8_0(0.0)      | G8_0(1.0)       | G8_0(0.0)       | G8_0(1.0)      |
+------------+----------------+------------+-----------------+----------------+----------------+-----------------+-----------------+----------------+
| G8(0.0)    | 0.731884057971 | 0.5        | 0.982269503546  | 0.349056603774 | 0.198113207547 | 0.0428571428571 | 0.939306358382  | 0.362068965517 |
+------------+----------------+------------+-----------------+----------------+----------------+-----------------+-----------------+----------------+
| G8(1.0)    | 0.268115942029 | 0.5        | 0.0177304964539 | 0.650943396226 | 0.801886792453 | 0.957142857143  | 0.0606936416185 | 0.637931034483 |
+------------+----------------+------------+-----------------+----------------+----------------+-----------------+-----------------+----------------+
+------------+----------------+-----------------+
| ('G10', 0) | G10_0(0.0)     | G10_0(1.0)      |
+------------+----------------+-----------------+
| G10(0.0)   | 0.876470588235 | 0.0691056910569 |
+------------+----------------+-----------------+
| G10(1.0)   | 0.123529411765 | 0.930894308943  |
+------------+----------------+-----------------+
[('G7', 'G7'), ('G7', 'G2'), ('G7', 'G5'), ('G4', 'G7'), ('G4', 'G4'), ('G8', 'G9'), ('G8', 'G8'), ('G1', 'G1'), ('G5', 'G3'), ('G5', 'G5'), ('G9', 'G4'), ('G9', 'G6'), ('G9', 'G2'), ('G9', 'G9'), ('G2', 'G2'), ('G2', 'G1'), ('G6', 'G1'), ('G6', 'G6'), ('G10', 'G8'), ('G10', 'G9'), ('G10', 'G3'), ('G10', 'G6'), ('G10', 'G10'), ('G6', 'G5'), ('G6', 'G8'), ('G3', 'G7'), ('G3', 'G4'), ('G3', 'G3')]
