[]
+---------+---+
| G7(0.0) | 1 |
+---------+---+
+---------+---+
| G6(1.0) | 1 |
+---------+---+
+---------+---+
| G5(0.0) | 1 |
+---------+---+
+---------+---+
| G4(1.0) | 1 |
+---------+---+
+---------+---+
| G3(1.0) | 1 |
+---------+---+
+---------+---+
| G2(0.0) | 1 |
+---------+---+
+---------+------+
| G1(0.0) | 0.35 |
+---------+------+
| G1(1.0) | 0.65 |
+---------+------+
+---------+---+
| G9(1.0) | 1 |
+---------+---+
+---------+---+
| G8(1.0) | 1 |
+---------+---+
+----------+---+
| G10(1.0) | 1 |
+----------+---+
[(('G7', 0), ('G7', 1)), (('G7', 0), ('G3', 1)), (('G4', 0), ('G1', 1)), (('G4', 0), ('G4', 1)), (('G4', 0), ('G3', 1)), (('G4', 0), ('G6', 1)), (('G4', 0), ('G10', 1)), (('G3', 1), ('G5', 1)), (('G1', 1), ('G7', 1)), (('G8', 0), ('G8', 1)), (('G1', 0), ('G8', 1)), (('G5', 1), ('G9', 1)), (('G5', 1), ('G6', 1)), (('G8', 1), ('G7', 1)), (('G5', 0), ('G2', 1)), (('G5', 0), ('G5', 1)), (('G9', 1), ('G4', 1)), (('G9', 0), ('G9', 1)), (('G9', 0), ('G5', 1)), (('G2', 0), ('G2', 1)), (('G2', 0), ('G8', 1)), (('G2', 1), ('G10', 1)), (('G6', 0), ('G1', 1)), (('G6', 0), ('G6', 1)), (('G10', 1), ('G9', 1)), (('G10', 0), ('G3', 1)), (('G10', 0), ('G10', 1)), (('G6', 1), ('G4', 1))]
+-----------+-----------+-----------------+----------------+-----------------+----------------+------------------+----------------+----------------+
| ('G1', 1) | G1_1(0.0) | G1_1(0.0)       | G1_1(0.0)      | G1_1(0.0)       | G1_1(1.0)      | G1_1(1.0)        | G1_1(1.0)      | G1_1(1.0)      |
+-----------+-----------+-----------------+----------------+-----------------+----------------+------------------+----------------+----------------+
| ('G7', 0) | G7_0(0.0) | G7_0(0.0)       | G7_0(1.0)      | G7_0(1.0)       | G7_0(0.0)      | G7_0(0.0)        | G7_0(1.0)      | G7_0(1.0)      |
+-----------+-----------+-----------------+----------------+-----------------+----------------+------------------+----------------+----------------+
| ('G8', 1) | G8_1(0.0) | G8_1(1.0)       | G8_1(0.0)      | G8_1(1.0)       | G8_1(0.0)      | G8_1(1.0)        | G8_1(0.0)      | G8_1(1.0)      |
+-----------+-----------+-----------------+----------------+-----------------+----------------+------------------+----------------+----------------+
| G7(0.0)   | 0.5       | 0.982269503546  | 0.119047619048 | 0.913793103448  | 0.827868852459 | 0.994172494172   | 0.136363636364 | 0.119047619048 |
+-----------+-----------+-----------------+----------------+-----------------+----------------+------------------+----------------+----------------+
| G7(1.0)   | 0.5       | 0.0177304964539 | 0.880952380952 | 0.0862068965517 | 0.172131147541 | 0.00582750582751 | 0.863636363636 | 0.880952380952 |
+-----------+-----------+-----------------+----------------+-----------------+----------------+------------------+----------------+----------------+
+-----------+-----------+-----------------+-----------+-----------------+---------------+------------------+-----------------+-----------+
| ('G4', 0) | G4_0(0.0) | G4_0(0.0)       | G4_0(0.0) | G4_0(0.0)       | G4_0(1.0)     | G4_0(1.0)        | G4_0(1.0)       | G4_0(1.0) |
+-----------+-----------+-----------------+-----------+-----------------+---------------+------------------+-----------------+-----------+
| ('G5', 1) | G5_1(0.0) | G5_1(0.0)       | G5_1(1.0) | G5_1(1.0)       | G5_1(0.0)     | G5_1(0.0)        | G5_1(1.0)       | G5_1(1.0) |
+-----------+-----------+-----------------+-----------+-----------------+---------------+------------------+-----------------+-----------+
| ('G6', 0) | G6_0(0.0) | G6_0(1.0)       | G6_0(0.0) | G6_0(1.0)       | G6_0(0.0)     | G6_0(1.0)        | G6_0(0.0)       | G6_0(1.0) |
+-----------+-----------+-----------------+-----------+-----------------+---------------+------------------+-----------------+-----------+
| G6(0.0)   | 0.5       | 0.0471698113208 | 0.5       | 0.0862068965517 | 0.84188034188 | 0.00455373406193 | 0.952830188679  | 0.5       |
+-----------+-----------+-----------------+-----------+-----------------+---------------+------------------+-----------------+-----------+
| G6(1.0)   | 0.5       | 0.952830188679  | 0.5       | 0.913793103448  | 0.15811965812 | 0.995446265938   | 0.0471698113208 | 0.5       |
+-----------+-----------+-----------------+-----------+-----------------+---------------+------------------+-----------------+-----------+
+-----------+----------------+-----------------+-----------+----------------+----------------+-----------------+-----------------+----------------+
| ('G3', 1) | G3_1(0.0)      | G3_1(0.0)       | G3_1(0.0) | G3_1(0.0)      | G3_1(1.0)      | G3_1(1.0)       | G3_1(1.0)       | G3_1(1.0)      |
+-----------+----------------+-----------------+-----------+----------------+----------------+-----------------+-----------------+----------------+
| ('G5', 0) | G5_0(0.0)      | G5_0(0.0)       | G5_0(1.0) | G5_0(1.0)      | G5_0(0.0)      | G5_0(0.0)       | G5_0(1.0)       | G5_0(1.0)      |
+-----------+----------------+-----------------+-----------+----------------+----------------+-----------------+-----------------+----------------+
| ('G9', 0) | G9_0(0.0)      | G9_0(1.0)       | G9_0(0.0) | G9_0(1.0)      | G9_0(0.0)      | G9_0(1.0)       | G9_0(0.0)       | G9_0(1.0)      |
+-----------+----------------+-----------------+-----------+----------------+----------------+-----------------+-----------------+----------------+
| G5(0.0)   | 0.807692307692 | 0.978632478632  | 0.5       | 0.807692307692 | 0.311764705882 | 0.963654223969  | 0.959016393443  | 0.192307692308 |
+-----------+----------------+-----------------+-----------+----------------+----------------+-----------------+-----------------+----------------+
| G5(1.0)   | 0.192307692308 | 0.0213675213675 | 0.5       | 0.192307692308 | 0.688235294118 | 0.0363457760314 | 0.0409836065574 | 0.807692307692 |
+-----------+----------------+-----------------+-----------+----------------+----------------+-----------------+-----------------+----------------+
+-----------+-----------+-----------+----------------+----------------+-----------------+-----------------+-----------+------------------+
| ('G4', 0) | G4_0(0.0) | G4_0(0.0) | G4_0(0.0)      | G4_0(0.0)      | G4_0(1.0)       | G4_0(1.0)       | G4_0(1.0) | G4_0(1.0)        |
+-----------+-----------+-----------+----------------+----------------+-----------------+-----------------+-----------+------------------+
| ('G6', 1) | G6_1(0.0) | G6_1(0.0) | G6_1(1.0)      | G6_1(1.0)      | G6_1(0.0)       | G6_1(0.0)       | G6_1(1.0) | G6_1(1.0)        |
+-----------+-----------+-----------+----------------+----------------+-----------------+-----------------+-----------+------------------+
| ('G9', 1) | G9_1(0.0) | G9_1(1.0) | G9_1(0.0)      | G9_1(1.0)      | G9_1(0.0)       | G9_1(1.0)       | G9_1(0.0) | G9_1(1.0)        |
+-----------+-----------+-----------+----------------+----------------+-----------------+-----------------+-----------+------------------+
| G4(0.0)   | 0.5       | 0.5       | 0.963768115942 | 0.192307692308 | 0.0294117647059 | 0.0324675324675 | 0.5       | 0.00448833034111 |
+-----------+-----------+-----------+----------------+----------------+-----------------+-----------------+-----------+------------------+
| G4(1.0)   | 0.5       | 0.5       | 0.036231884058 | 0.807692307692 | 0.970588235294  | 0.967532467532  | 0.5       | 0.995511669659   |
+-----------+-----------+-----------+----------------+----------------+-----------------+-----------------+-----------+------------------+
+------------+------------+------------+----------------+----------------+----------------+----------------+-----------------+----------------+
| ('G10', 0) | G10_0(0.0) | G10_0(0.0) | G10_0(0.0)     | G10_0(0.0)     | G10_0(1.0)     | G10_0(1.0)     | G10_0(1.0)      | G10_0(1.0)     |
+------------+------------+------------+----------------+----------------+----------------+----------------+-----------------+----------------+
| ('G4', 0)  | G4_0(0.0)  | G4_0(0.0)  | G4_0(1.0)      | G4_0(1.0)      | G4_0(0.0)      | G4_0(0.0)      | G4_0(1.0)       | G4_0(1.0)      |
+------------+------------+------------+----------------+----------------+----------------+----------------+-----------------+----------------+
| ('G7', 0)  | G7_0(0.0)  | G7_0(1.0)  | G7_0(0.0)      | G7_0(1.0)      | G7_0(0.0)      | G7_0(1.0)      | G7_0(0.0)       | G7_0(1.0)      |
+------------+------------+------------+----------------+----------------+----------------+----------------+-----------------+----------------+
| G3(0.0)    | 0.5        | 0.5        | 0.463302752294 | 0.827868852459 | 0.198113207547 | 0.637931034483 | 0.0357833655706 | 0.198113207547 |
+------------+------------+------------+----------------+----------------+----------------+----------------+-----------------+----------------+
| G3(1.0)    | 0.5        | 0.5        | 0.536697247706 | 0.172131147541 | 0.801886792453 | 0.362068965517 | 0.964216634429  | 0.801886792453 |
+------------+------------+------------+----------------+----------------+----------------+----------------+-----------------+----------------+
+-----------+-----------------+----------------+----------------+-----------------+
| ('G2', 0) | G2_0(0.0)       | G2_0(0.0)      | G2_0(1.0)      | G2_0(1.0)       |
+-----------+-----------------+----------------+----------------+-----------------+
| ('G5', 0) | G5_0(0.0)       | G5_0(1.0)      | G5_0(0.0)      | G5_0(1.0)       |
+-----------+-----------------+----------------+----------------+-----------------+
| G2(0.0)   | 0.930622009569  | 0.192307692308 | 0.147058823529 | 0.0609756097561 |
+-----------+-----------------+----------------+----------------+-----------------+
| G2(1.0)   | 0.0693779904306 | 0.807692307692 | 0.852941176471 | 0.939024390244  |
+-----------+-----------------+----------------+----------------+-----------------+
+-----------+-----------+----------------+-----------------+----------------+
| ('G4', 0) | G4_0(0.0) | G4_0(0.0)      | G4_0(1.0)       | G4_0(1.0)      |
+-----------+-----------+----------------+-----------------+----------------+
| ('G6', 0) | G6_0(0.0) | G6_0(1.0)      | G6_0(0.0)       | G6_0(1.0)      |
+-----------+-----------+----------------+-----------------+----------------+
| G1(0.0)   | 0.5       | 0.451219512195 | 0.0764705882353 | 0.331578947368 |
+-----------+-----------+----------------+-----------------+----------------+
| G1(1.0)   | 0.5       | 0.548780487805 | 0.923529411765  | 0.668421052632 |
+-----------+-----------+----------------+-----------------+----------------+
+------------+------------+-----------------+------------+----------------+----------------+-----------------+----------------+----------------+
| ('G10', 1) | G10_1(0.0) | G10_1(0.0)      | G10_1(0.0) | G10_1(0.0)     | G10_1(1.0)     | G10_1(1.0)      | G10_1(1.0)     | G10_1(1.0)     |
+------------+------------+-----------------+------------+----------------+----------------+-----------------+----------------+----------------+
| ('G5', 1)  | G5_1(0.0)  | G5_1(0.0)       | G5_1(1.0)  | G5_1(1.0)      | G5_1(0.0)      | G5_1(0.0)       | G5_1(1.0)      | G5_1(1.0)      |
+------------+------------+-----------------+------------+----------------+----------------+-----------------+----------------+----------------+
| ('G9', 0)  | G9_0(0.0)  | G9_0(1.0)       | G9_0(0.0)  | G9_0(1.0)      | G9_0(0.0)      | G9_0(1.0)       | G9_0(0.0)      | G9_0(1.0)      |
+------------+------------+-----------------+------------+----------------+----------------+-----------------+----------------+----------------+
| G9(0.0)    | 0.5        | 0.0177304964539 | 0.5        | 0.119047619048 | 0.816831683168 | 0.0220125786164 | 0.963768115942 | 0.807692307692 |
+------------+------------+-----------------+------------+----------------+----------------+-----------------+----------------+----------------+
| G9(1.0)    | 0.5        | 0.982269503546  | 0.5        | 0.880952380952 | 0.183168316832 | 0.977987421384  | 0.036231884058 | 0.192307692308 |
+------------+------------+-----------------+------------+----------------+----------------+-----------------+----------------+----------------+
+-----------+----------------+-----------------+-----------------+-----------------+----------------+------------------+-----------+----------------+
| ('G1', 0) | G1_0(0.0)      | G1_0(0.0)       | G1_0(0.0)       | G1_0(0.0)       | G1_0(1.0)      | G1_0(1.0)        | G1_0(1.0) | G1_0(1.0)      |
+-----------+----------------+-----------------+-----------------+-----------------+----------------+------------------+-----------+----------------+
| ('G2', 0) | G2_0(0.0)      | G2_0(0.0)       | G2_0(1.0)       | G2_0(1.0)       | G2_0(0.0)      | G2_0(0.0)        | G2_0(1.0) | G2_0(1.0)      |
+-----------+----------------+-----------------+-----------------+-----------------+----------------+------------------+-----------+----------------+
| ('G8', 0) | G8_0(0.0)      | G8_0(1.0)       | G8_0(0.0)       | G8_0(1.0)       | G8_0(0.0)      | G8_0(1.0)        | G8_0(0.0) | G8_0(1.0)      |
+-----------+----------------+-----------------+-----------------+-----------------+----------------+------------------+-----------+----------------+
| G8(0.0)   | 0.192307692308 | 0.0177304964539 | 0.959016393443  | 0.913793103448  | 0.192307692308 | 0.00902527075812 | 0.788     | 0.106936416185 |
+-----------+----------------+-----------------+-----------------+-----------------+----------------+------------------+-----------+----------------+
| G8(1.0)   | 0.807692307692 | 0.982269503546  | 0.0409836065574 | 0.0862068965517 | 0.807692307692 | 0.990974729242   | 0.212     | 0.893063583815 |
+-----------+----------------+-----------------+-----------------+-----------------+----------------+------------------+-----------+----------------+
+------------+------------+------------+------------+-----------------+------------+------------------+-----------------+-----------------+
| ('G10', 0) | G10_0(0.0) | G10_0(0.0) | G10_0(0.0) | G10_0(0.0)      | G10_0(1.0) | G10_0(1.0)       | G10_0(1.0)      | G10_0(1.0)      |
+------------+------------+------------+------------+-----------------+------------+------------------+-----------------+-----------------+
| ('G2', 1)  | G2_1(0.0)  | G2_1(0.0)  | G2_1(1.0)  | G2_1(1.0)       | G2_1(0.0)  | G2_1(0.0)        | G2_1(1.0)       | G2_1(1.0)       |
+------------+------------+------------+------------+-----------------+------------+------------------+-----------------+-----------------+
| ('G4', 0)  | G4_0(0.0)  | G4_0(1.0)  | G4_0(0.0)  | G4_0(1.0)       | G4_0(0.0)  | G4_0(1.0)        | G4_0(0.0)       | G4_0(1.0)       |
+------------+------------+------------+------------+-----------------+------------+------------------+-----------------+-----------------+
| G10(0.0)   | 0.5        | 0.5        | 0.5        | 0.981203007519  | 0.5        | 0.00629722921914 | 0.0324675324675 | 0.0606936416185 |
+------------+------------+------------+------------+-----------------+------------+------------------+-----------------+-----------------+
| G10(1.0)   | 0.5        | 0.5        | 0.5        | 0.0187969924812 | 0.5        | 0.993702770781   | 0.967532467532  | 0.939306358382  |
+------------+------------+------------+------------+-----------------+------------+------------------+-----------------+-----------------+
[('G7', 'G7'), ('G7', 'G3'), ('G4', 'G1'), ('G4', 'G4'), ('G4', 'G3'), ('G4', 'G6'), ('G4', 'G10'), ('G3', 'G5'), ('G1', 'G7'), ('G8', 'G8'), ('G1', 'G8'), ('G5', 'G9'), ('G5', 'G6'), ('G8', 'G7'), ('G5', 'G2'), ('G5', 'G5'), ('G9', 'G4'), ('G9', 'G9'), ('G9', 'G5'), ('G2', 'G2'), ('G2', 'G8'), ('G2', 'G10'), ('G6', 'G1'), ('G6', 'G6'), ('G10', 'G9'), ('G10', 'G3'), ('G10', 'G10'), ('G6', 'G4')]
