[]
+---------+---+
| G7(1.0) | 1 |
+---------+---+
+---------+------+
| G6(0.0) | 0.65 |
+---------+------+
| G6(1.0) | 0.35 |
+---------+------+
+---------+---+
| G5(0.0) | 1 |
+---------+---+
+---------+---+
| G4(1.0) | 1 |
+---------+---+
+---------+------+
| G3(0.0) | 0.45 |
+---------+------+
| G3(1.0) | 0.55 |
+---------+------+
+---------+---+
| G2(0.0) | 1 |
+---------+---+
+---------+---+
| G1(1.0) | 1 |
+---------+---+
+---------+---+
| G9(1.0) | 1 |
+---------+---+
+---------+---+
| G8(1.0) | 1 |
+---------+---+
+----------+---+
| G10(1.0) | 1 |
+----------+---+
[(('G7', 1), ('G6', 1)), (('G7', 0), ('G7', 1)), (('G7', 0), ('G4', 1)), (('G4', 0), ('G4', 1)), (('G4', 0), ('G3', 1)), (('G3', 1), ('G6', 1)), (('G1', 1), ('G3', 1)), (('G8', 0), ('G2', 1)), (('G8', 0), ('G6', 1)), (('G8', 0), ('G8', 1)), (('G1', 0), ('G1', 1)), (('G1', 0), ('G5', 1)), (('G5', 1), ('G4', 1)), (('G8', 1), ('G1', 1)), (('G8', 1), ('G9', 1)), (('G5', 0), ('G5', 1)), (('G9', 1), ('G7', 1)), (('G9', 1), ('G1', 1)), (('G9', 0), ('G9', 1)), (('G9', 0), ('G10', 1)), (('G2', 0), ('G7', 1)), (('G2', 0), ('G5', 1)), (('G2', 0), ('G8', 1)), (('G2', 0), ('G9', 1)), (('G2', 0), ('G2', 1)), (('G2', 0), ('G10', 1)), (('G6', 0), ('G8', 1)), (('G10', 0), ('G3', 1)), (('G10', 0), ('G10', 1)), (('G3', 0), ('G2', 1))]
+-----------+-----------+----------------+----------------+-----------------+-----------------+----------------+-----------+-----------+
| ('G2', 0) | G2_0(0.0) | G2_0(0.0)      | G2_0(0.0)      | G2_0(0.0)       | G2_0(1.0)       | G2_0(1.0)      | G2_0(1.0) | G2_0(1.0) |
+-----------+-----------+----------------+----------------+-----------------+-----------------+----------------+-----------+-----------+
| ('G7', 0) | G7_0(0.0) | G7_0(0.0)      | G7_0(1.0)      | G7_0(1.0)       | G7_0(0.0)       | G7_0(0.0)      | G7_0(1.0) | G7_0(1.0) |
+-----------+-----------+----------------+----------------+-----------------+-----------------+----------------+-----------+-----------+
| ('G9', 1) | G9_1(0.0) | G9_1(1.0)      | G9_1(0.0)      | G9_1(1.0)       | G9_1(0.0)       | G9_1(1.0)      | G9_1(0.0) | G9_1(1.0) |
+-----------+-----------+----------------+----------------+-----------------+-----------------+----------------+-----------+-----------+
| G7(0.0)   | 0.98      | 0.737623762376 | 0.880952380952 | 0.0347091932458 | 0.913793103448  | 0.192307692308 | 0.5       | 0.5       |
+-----------+-----------+----------------+----------------+-----------------+-----------------+----------------+-----------+-----------+
| G7(1.0)   | 0.02      | 0.262376237624 | 0.119047619048 | 0.965290806754  | 0.0862068965517 | 0.807692307692 | 0.5       | 0.5       |
+-----------+-----------+----------------+----------------+-----------------+-----------------+----------------+-----------+-----------+
+-----------+----------------+---------------+-----------------+----------------+----------------+----------------+----------------+----------------+
| ('G3', 1) | G3_1(0.0)      | G3_1(0.0)     | G3_1(0.0)       | G3_1(0.0)      | G3_1(1.0)      | G3_1(1.0)      | G3_1(1.0)      | G3_1(1.0)      |
+-----------+----------------+---------------+-----------------+----------------+----------------+----------------+----------------+----------------+
| ('G7', 1) | G7_1(0.0)      | G7_1(0.0)     | G7_1(1.0)       | G7_1(1.0)      | G7_1(0.0)      | G7_1(0.0)      | G7_1(1.0)      | G7_1(1.0)      |
+-----------+----------------+---------------+-----------------+----------------+----------------+----------------+----------------+----------------+
| ('G8', 0) | G8_0(0.0)      | G8_0(1.0)     | G8_0(0.0)       | G8_0(1.0)      | G8_0(0.0)      | G8_0(1.0)      | G8_0(0.0)      | G8_0(1.0)      |
+-----------+----------------+---------------+-----------------+----------------+----------------+----------------+----------------+----------------+
| G6(0.0)   | 0.036231884058 | 0.15811965812 | 0.0862068965517 | 0.775132275132 | 0.192307692308 | 0.036231884058 | 0.036231884058 | 0.326714801444 |
+-----------+----------------+---------------+-----------------+----------------+----------------+----------------+----------------+----------------+
| G6(1.0)   | 0.963768115942 | 0.84188034188 | 0.913793103448  | 0.224867724868 | 0.807692307692 | 0.963768115942 | 0.963768115942 | 0.673285198556 |
+-----------+----------------+---------------+-----------------+----------------+----------------+----------------+----------------+----------------+
+-----------+----------------+-----------------+-----------+-----------+-----------------+-----------------+-----------------+-----------+
| ('G1', 0) | G1_0(0.0)      | G1_0(0.0)       | G1_0(0.0) | G1_0(0.0) | G1_0(1.0)       | G1_0(1.0)       | G1_0(1.0)       | G1_0(1.0) |
+-----------+----------------+-----------------+-----------+-----------+-----------------+-----------------+-----------------+-----------+
| ('G2', 0) | G2_0(0.0)      | G2_0(0.0)       | G2_0(1.0) | G2_0(1.0) | G2_0(0.0)       | G2_0(0.0)       | G2_0(1.0)       | G2_0(1.0) |
+-----------+----------------+-----------------+-----------+-----------+-----------------+-----------------+-----------------+-----------+
| ('G5', 0) | G5_0(0.0)      | G5_0(1.0)       | G5_0(0.0) | G5_0(1.0) | G5_0(0.0)       | G5_0(1.0)       | G5_0(0.0)       | G5_0(1.0) |
+-----------+----------------+-----------------+-----------+-----------+-----------------+-----------------+-----------------+-----------+
| G5(0.0)   | 0.362068965517 | 0.0177304964539 | 0.5       | 0.5       | 0.981927710843  | 0.913793103448  | 0.932432432432  | 0.5       |
+-----------+----------------+-----------------+-----------+-----------+-----------------+-----------------+-----------------+-----------+
| G5(1.0)   | 0.637931034483 | 0.982269503546  | 0.5       | 0.5       | 0.0180722891566 | 0.0862068965517 | 0.0675675675676 | 0.5       |
+-----------+----------------+-----------------+-----------+-----------+-----------------+-----------------+-----------------+-----------+
+-----------+----------------+----------------+-----------+----------------+----------------+------------------+----------------+----------------+
| ('G4', 0) | G4_0(0.0)      | G4_0(0.0)      | G4_0(0.0) | G4_0(0.0)      | G4_0(1.0)      | G4_0(1.0)        | G4_0(1.0)      | G4_0(1.0)      |
+-----------+----------------+----------------+-----------+----------------+----------------+------------------+----------------+----------------+
| ('G5', 1) | G5_1(0.0)      | G5_1(0.0)      | G5_1(1.0) | G5_1(1.0)      | G5_1(0.0)      | G5_1(0.0)        | G5_1(1.0)      | G5_1(1.0)      |
+-----------+----------------+----------------+-----------+----------------+----------------+------------------+----------------+----------------+
| ('G7', 0) | G7_0(0.0)      | G7_0(1.0)      | G7_0(0.0) | G7_0(1.0)      | G7_0(0.0)      | G7_0(1.0)        | G7_0(0.0)      | G7_0(1.0)      |
+-----------+----------------+----------------+-----------+----------------+----------------+------------------+----------------+----------------+
| G4(0.0)   | 0.893063583815 | 0.233333333333 | 0.5       | 0.887096774194 | 0.551948051948 | 0.00700280112045 | 0.192307692308 | 0.268115942029 |
+-----------+----------------+----------------+-----------+----------------+----------------+------------------+----------------+----------------+
| G4(1.0)   | 0.106936416185 | 0.766666666667 | 0.5       | 0.112903225806 | 0.448051948052 | 0.99299719888    | 0.807692307692 | 0.731884057971 |
+-----------+----------------+----------------+-----------+----------------+----------------+------------------+----------------+----------------+
+------------+------------+------------+----------------+-----------------+-----------------+------------+----------------+---------------+
| ('G1', 1)  | G1_1(0.0)  | G1_1(0.0)  | G1_1(0.0)      | G1_1(0.0)       | G1_1(1.0)       | G1_1(1.0)  | G1_1(1.0)      | G1_1(1.0)     |
+------------+------------+------------+----------------+-----------------+-----------------+------------+----------------+---------------+
| ('G10', 0) | G10_0(0.0) | G10_0(0.0) | G10_0(1.0)     | G10_0(1.0)      | G10_0(0.0)      | G10_0(0.0) | G10_0(1.0)     | G10_0(1.0)    |
+------------+------------+------------+----------------+-----------------+-----------------+------------+----------------+---------------+
| ('G4', 0)  | G4_0(0.0)  | G4_0(1.0)  | G4_0(0.0)      | G4_0(1.0)       | G4_0(0.0)       | G4_0(1.0)  | G4_0(0.0)      | G4_0(1.0)     |
+------------+------------+------------+----------------+-----------------+-----------------+------------+----------------+---------------+
| G3(0.0)    | 0.5        | 0.5        | 0.123529411765 | 0.0324675324675 | 0.959016393443  | 0.5        | 0.790909090909 | 0.45337995338 |
+------------+------------+------------+----------------+-----------------+-----------------+------------+----------------+---------------+
| G3(1.0)    | 0.5        | 0.5        | 0.876470588235 | 0.967532467532  | 0.0409836065574 | 0.5        | 0.209090909091 | 0.54662004662 |
+------------+------------+------------+----------------+-----------------+-----------------+------------+----------------+---------------+
+-----------+-----------+------------------+-----------------+------------------+-----------------+-----------+----------------+-----------+
| ('G2', 0) | G2_0(0.0) | G2_0(0.0)        | G2_0(0.0)       | G2_0(0.0)        | G2_0(1.0)       | G2_0(1.0) | G2_0(1.0)      | G2_0(1.0) |
+-----------+-----------+------------------+-----------------+------------------+-----------------+-----------+----------------+-----------+
| ('G3', 0) | G3_0(0.0) | G3_0(0.0)        | G3_0(1.0)       | G3_0(1.0)        | G3_0(0.0)       | G3_0(0.0) | G3_0(1.0)      | G3_0(1.0) |
+-----------+-----------+------------------+-----------------+------------------+-----------------+-----------+----------------+-----------+
| ('G8', 0) | G8_0(0.0) | G8_0(1.0)        | G8_0(0.0)       | G8_0(1.0)        | G8_0(0.0)       | G8_0(1.0) | G8_0(0.0)      | G8_0(1.0) |
+-----------+-----------+------------------+-----------------+------------------+-----------------+-----------+----------------+-----------+
| G2(0.0)   | 0.5       | 0.992113564669   | 0.970588235294  | 0.992307692308   | 0.913793103448  | 0.5       | 0.192307692308 | 0.5       |
+-----------+-----------+------------------+-----------------+------------------+-----------------+-----------+----------------+-----------+
| G2(1.0)   | 0.5       | 0.00788643533123 | 0.0294117647059 | 0.00769230769231 | 0.0862068965517 | 0.5       | 0.807692307692 | 0.5       |
+-----------+-----------+------------------+-----------------+------------------+-----------------+-----------+----------------+-----------+
+-----------+-----------+-----------------+-----------+----------------+-----------------+----------------+-----------------+------------------+
| ('G1', 0) | G1_0(0.0) | G1_0(0.0)       | G1_0(0.0) | G1_0(0.0)      | G1_0(1.0)       | G1_0(1.0)      | G1_0(1.0)       | G1_0(1.0)        |
+-----------+-----------+-----------------+-----------+----------------+-----------------+----------------+-----------------+------------------+
| ('G8', 1) | G8_1(0.0) | G8_1(0.0)       | G8_1(1.0) | G8_1(1.0)      | G8_1(0.0)       | G8_1(0.0)      | G8_1(1.0)       | G8_1(1.0)        |
+-----------+-----------+-----------------+-----------+----------------+-----------------+----------------+-----------------+------------------+
| ('G9', 1) | G9_1(0.0) | G9_1(1.0)       | G9_1(0.0) | G9_1(1.0)      | G9_1(0.0)       | G9_1(1.0)      | G9_1(0.0)       | G9_1(1.0)        |
+-----------+-----------+-----------------+-----------+----------------+-----------------+----------------+-----------------+------------------+
| G1(0.0)   | 0.5       | 0.967532467532  | 0.5       | 0.801075268817 | 0.0294117647059 | 0.807692307692 | 0.0294117647059 | 0.00533049040512 |
+-----------+-----------+-----------------+-----------+----------------+-----------------+----------------+-----------------+------------------+
| G1(1.0)   | 0.5       | 0.0324675324675 | 0.5       | 0.198924731183 | 0.970588235294  | 0.192307692308 | 0.970588235294  | 0.994669509595   |
+-----------+-----------+-----------------+-----------+----------------+-----------------+----------------+-----------------+------------------+
+-----------+-----------------+----------------+----------------+-----------------+-----------------+-----------+----------------+-----------+
| ('G2', 0) | G2_0(0.0)       | G2_0(0.0)      | G2_0(0.0)      | G2_0(0.0)       | G2_0(1.0)       | G2_0(1.0) | G2_0(1.0)      | G2_0(1.0) |
+-----------+-----------------+----------------+----------------+-----------------+-----------------+-----------+----------------+-----------+
| ('G8', 1) | G8_1(0.0)       | G8_1(0.0)      | G8_1(1.0)      | G8_1(1.0)       | G8_1(0.0)       | G8_1(0.0) | G8_1(1.0)      | G8_1(1.0) |
+-----------+-----------------+----------------+----------------+-----------------+-----------------+-----------+----------------+-----------+
| ('G9', 0) | G9_0(0.0)       | G9_0(1.0)      | G9_0(0.0)      | G9_0(1.0)       | G9_0(0.0)       | G9_0(1.0) | G9_0(0.0)      | G9_0(1.0) |
+-----------+-----------------+----------------+----------------+-----------------+-----------------+-----------+----------------+-----------+
| G9(0.0)   | 0.952830188679  | 0.112903225806 | 0.876470588235 | 0.0191256830601 | 0.913793103448  | 0.5       | 0.192307692308 | 0.5       |
+-----------+-----------------+----------------+----------------+-----------------+-----------------+-----------+----------------+-----------+
| G9(1.0)   | 0.0471698113208 | 0.887096774194 | 0.123529411765 | 0.98087431694   | 0.0862068965517 | 0.5       | 0.807692307692 | 0.5       |
+-----------+-----------------+----------------+----------------+-----------------+-----------------+-----------+----------------+-----------+
+-----------+-----------+-----------------+-----------------+------------------+-----------+-----------+----------------+-----------+
| ('G2', 0) | G2_0(0.0) | G2_0(0.0)       | G2_0(0.0)       | G2_0(0.0)        | G2_0(1.0) | G2_0(1.0) | G2_0(1.0)      | G2_0(1.0) |
+-----------+-----------+-----------------+-----------------+------------------+-----------+-----------+----------------+-----------+
| ('G6', 0) | G6_0(0.0) | G6_0(0.0)       | G6_0(1.0)       | G6_0(1.0)        | G6_0(0.0) | G6_0(0.0) | G6_0(1.0)      | G6_0(1.0) |
+-----------+-----------+-----------------+-----------------+------------------+-----------+-----------+----------------+-----------+
| ('G8', 0) | G8_0(0.0) | G8_0(1.0)       | G8_0(0.0)       | G8_0(1.0)        | G8_0(0.0) | G8_0(1.0) | G8_0(0.0)      | G8_0(1.0) |
+-----------+-----------+-----------------+-----------------+------------------+-----------+-----------+----------------+-----------+
| G8(0.0)   | 0.5       | 0.0731225296443 | 0.921052631579  | 0.00642673521851 | 0.5       | 0.5       | 0.716216216216 | 0.5       |
+-----------+-----------+-----------------+-----------------+------------------+-----------+-----------+----------------+-----------+
| G8(1.0)   | 0.5       | 0.926877470356  | 0.0789473684211 | 0.993573264781   | 0.5       | 0.5       | 0.283783783784 | 0.5       |
+-----------+-----------+-----------------+-----------------+------------------+-----------+-----------+----------------+-----------+
+------------+-----------------+----------------+------------+------------+----------------+------------------+-----------------+------------+
| ('G10', 0) | G10_0(0.0)      | G10_0(0.0)     | G10_0(0.0) | G10_0(0.0) | G10_0(1.0)     | G10_0(1.0)       | G10_0(1.0)      | G10_0(1.0) |
+------------+-----------------+----------------+------------+------------+----------------+------------------+-----------------+------------+
| ('G2', 0)  | G2_0(0.0)       | G2_0(0.0)      | G2_0(1.0)  | G2_0(1.0)  | G2_0(0.0)      | G2_0(0.0)        | G2_0(1.0)       | G2_0(1.0)  |
+------------+-----------------+----------------+------------+------------+----------------+------------------+-----------------+------------+
| ('G9', 0)  | G9_0(0.0)       | G9_0(1.0)      | G9_0(0.0)  | G9_0(1.0)  | G9_0(0.0)      | G9_0(1.0)        | G9_0(0.0)       | G9_0(1.0)  |
+------------+-----------------+----------------+------------+------------+----------------+------------------+-----------------+------------+
| G10(0.0)   | 0.952830188679  | 0.192307692308 | 0.5        | 0.5        | 0.123529411765 | 0.00397456279809 | 0.0675675675676 | 0.5        |
+------------+-----------------+----------------+------------+------------+----------------+------------------+-----------------+------------+
| G10(1.0)   | 0.0471698113208 | 0.807692307692 | 0.5        | 0.5        | 0.876470588235 | 0.996025437202   | 0.932432432432  | 0.5        |
+------------+-----------------+----------------+------------+------------+----------------+------------------+-----------------+------------+
[('G7', 'G6'), ('G7', 'G7'), ('G7', 'G4'), ('G4', 'G4'), ('G4', 'G3'), ('G3', 'G6'), ('G1', 'G3'), ('G8', 'G2'), ('G8', 'G6'), ('G8', 'G8'), ('G1', 'G1'), ('G1', 'G5'), ('G5', 'G4'), ('G8', 'G1'), ('G8', 'G9'), ('G5', 'G5'), ('G9', 'G7'), ('G9', 'G1'), ('G9', 'G9'), ('G9', 'G10'), ('G2', 'G7'), ('G2', 'G5'), ('G2', 'G8'), ('G2', 'G9'), ('G2', 'G2'), ('G2', 'G10'), ('G6', 'G8'), ('G10', 'G3'), ('G10', 'G10'), ('G3', 'G2')]
