[('YAL040C', 'YDL056W'), ('YLR079W', 'YPR120C'), ('YMR043W', 'YDL056W'), ('YDR146C', 'YLR079W'), ('YER111C', 'YAL040C'), ('YER111C', 'YMR043W'), ('YER111C', 'YMR199W'), ('YPR120C', 'YGL116W'), ('YPR120C', 'YGR108W'), ('YPR120C', 'YGL003C'), ('YPR120C', 'YER111C'), ('YGL003C', 'YGR108W')]
+--------------+--------------+--------------+
| YER111C      | YER111C(0.0) | YER111C(1.0) |
+--------------+--------------+--------------+
| YAL040C(1.0) | 1.0          | 1.0          |
+--------------+--------------+--------------+
+--------------+--------------+
| YDR146C      | YDR146C(0.0) |
+--------------+--------------+
| YLR079W(0.0) | 0.5          |
+--------------+--------------+
| YLR079W(1.0) | 0.5          |
+--------------+--------------+
+--------------+--------------+--------------+
| YER111C      | YER111C(0.0) | YER111C(1.0) |
+--------------+--------------+--------------+
| YMR199W(0.0) | 1.0          | 1.0          |
+--------------+--------------+--------------+
+--------------+----------------+----------------+
| YAL040C      | YAL040C(1.0)   | YAL040C(1.0)   |
+--------------+----------------+----------------+
| YMR043W      | YMR043W(0.0)   | YMR043W(1.0)   |
+--------------+----------------+----------------+
| YDL056W(0.0) | 0.357142857143 | 0.642857142857 |
+--------------+----------------+----------------+
| YDL056W(1.0) | 0.642857142857 | 0.357142857143 |
+--------------+----------------+----------------+
+--------------+--------------+--------------+
| YPR120C      | YPR120C(0.0) | YPR120C(1.0) |
+--------------+--------------+--------------+
| YGL116W(1.0) | 1.0          | 1.0          |
+--------------+--------------+--------------+
+--------------+----------------+----------------+
| YER111C      | YER111C(0.0)   | YER111C(1.0)   |
+--------------+----------------+----------------+
| YMR043W(0.0) | 0.642857142857 | 0.357142857143 |
+--------------+----------------+----------------+
| YMR043W(1.0) | 0.357142857143 | 0.642857142857 |
+--------------+----------------+----------------+
+--------------+---+
| YDR146C(0.0) | 1 |
+--------------+---+
+--------------+----------------+----------------+
| YGL003C      | YGL003C(1.0)   | YGL003C(1.0)   |
+--------------+----------------+----------------+
| YPR120C      | YPR120C(0.0)   | YPR120C(1.0)   |
+--------------+----------------+----------------+
| YGR108W(0.0) | 0.642857142857 | 0.357142857143 |
+--------------+----------------+----------------+
| YGR108W(1.0) | 0.357142857143 | 0.642857142857 |
+--------------+----------------+----------------+
+--------------+----------------+----------------+
| YPR120C      | YPR120C(0.0)   | YPR120C(1.0)   |
+--------------+----------------+----------------+
| YER111C(0.0) | 0.642857142857 | 0.357142857143 |
+--------------+----------------+----------------+
| YER111C(1.0) | 0.357142857143 | 0.642857142857 |
+--------------+----------------+----------------+
+--------------+----------------+----------------+
| YLR079W      | YLR079W(0.0)   | YLR079W(1.0)   |
+--------------+----------------+----------------+
| YPR120C(0.0) | 0.642857142857 | 0.357142857143 |
+--------------+----------------+----------------+
| YPR120C(1.0) | 0.357142857143 | 0.642857142857 |
+--------------+----------------+----------------+
+--------------+--------------+--------------+
| YPR120C      | YPR120C(0.0) | YPR120C(1.0) |
+--------------+--------------+--------------+
| YGL003C(1.0) | 1.0          | 1.0          |
+--------------+--------------+--------------+
[(('YER111C', 1), ('YDL056W', 1)), (('YAL040C', 0), ('YGL116W', 1)), (('YER111C', 0), ('YMR199W', 1)), (('YGR108W', 1), ('YPR120C', 1)), (('YPR120C', 0), ('YAL040C', 1)), (('YGL116W', 0), ('YGL003C', 1)), (('YGR108W', 0), ('YPR120C', 1)), (('YGR108W', 0), ('YGR108W', 1)), (('YMR199W', 1), ('YGL116W', 1)), (('YDR146C', 0), ('YDR146C', 1)), (('YLR079W', 1), ('YDR146C', 1)), (('YGL003C', 1), ('YLR079W', 1)), (('YDR146C', 1), ('YGR108W', 1)), (('YDR146C', 1), ('YMR043W', 1)), (('YDR146C', 1), ('YER111C', 1)), (('YDR146C', 1), ('YMR199W', 1))]
+----------------+----------------+----------------+
| ('YPR120C', 0) | YPR120C_0(0.0) | YPR120C_0(1.0) |
+----------------+----------------+----------------+
| YAL040C(0.0)   | 0.22972972973  | 0.71568627451  |
+----------------+----------------+----------------+
| YAL040C(1.0)   | 0.77027027027  | 0.28431372549  |
+----------------+----------------+----------------+
+----------------+----------------+----------------+
| ('YGL003C', 1) | YGL003C_1(0.0) | YGL003C_1(1.0) |
+----------------+----------------+----------------+
| YLR079W(0.0)   | 0.195652173913 | 0.530769230769 |
+----------------+----------------+----------------+
| YLR079W(1.0)   | 0.804347826087 | 0.469230769231 |
+----------------+----------------+----------------+
+----------------+----------------+----------------+
| ('YGL116W', 0) | YGL116W_0(0.0) | YGL116W_0(1.0) |
+----------------+----------------+----------------+
| YGL003C(0.0)   | 0.423076923077 | 0.132653061224 |
+----------------+----------------+----------------+
| YGL003C(1.0)   | 0.576923076923 | 0.867346938776 |
+----------------+----------------+----------------+
+----------------+-----------------+----------------+
| ('YER111C', 1) | YER111C_1(0.0)  | YER111C_1(1.0) |
+----------------+-----------------+----------------+
| YDL056W(0.0)   | 0.0925925925926 | 0.467213114754 |
+----------------+-----------------+----------------+
| YDL056W(1.0)   | 0.907407407407  | 0.532786885246 |
+----------------+-----------------+----------------+
+----------------+----------------+----------------+-----------------+----------------+
| ('YAL040C', 0) | YAL040C_0(0.0) | YAL040C_0(0.0) | YAL040C_0(1.0)  | YAL040C_0(1.0) |
+----------------+----------------+----------------+-----------------+----------------+
| ('YMR199W', 1) | YMR199W_1(0.0) | YMR199W_1(1.0) | YMR199W_1(0.0)  | YMR199W_1(1.0) |
+----------------+----------------+----------------+-----------------+----------------+
| YGL116W(0.0)   | 0.362068965517 | 0.464912280702 | 0.0609756097561 | 0.785714285714 |
+----------------+----------------+----------------+-----------------+----------------+
| YGL116W(1.0)   | 0.637931034483 | 0.535087719298 | 0.939024390244  | 0.214285714286 |
+----------------+----------------+----------------+-----------------+----------------+
+----------------+----------------+----------------+
| ('YDR146C', 1) | YDR146C_1(0.0) | YDR146C_1(1.0) |
+----------------+----------------+----------------+
| YMR043W(0.0)   | 0.662162162162 | 0.362745098039 |
+----------------+----------------+----------------+
| YMR043W(1.0)   | 0.337837837838 | 0.637254901961 |
+----------------+----------------+----------------+
+----------------+----------------+----------------+-----------------+----------------+
| ('YDR146C', 0) | YDR146C_0(0.0) | YDR146C_0(0.0) | YDR146C_0(1.0)  | YDR146C_0(1.0) |
+----------------+----------------+----------------+-----------------+----------------+
| ('YLR079W', 1) | YLR079W_1(0.0) | YLR079W_1(1.0) | YLR079W_1(0.0)  | YLR079W_1(1.0) |
+----------------+----------------+----------------+-----------------+----------------+
| YDR146C(0.0)   | 0.42           | 0.867346938776 | 0.0471698113208 | 0.377551020408 |
+----------------+----------------+----------------+-----------------+----------------+
| YDR146C(1.0)   | 0.58           | 0.132653061224 | 0.952830188679  | 0.622448979592 |
+----------------+----------------+----------------+-----------------+----------------+
+----------------+----------------+----------------+----------------+-----------------+
| ('YDR146C', 1) | YDR146C_1(0.0) | YDR146C_1(0.0) | YDR146C_1(1.0) | YDR146C_1(1.0)  |
+----------------+----------------+----------------+----------------+-----------------+
| ('YGR108W', 0) | YGR108W_0(0.0) | YGR108W_0(1.0) | YGR108W_0(0.0) | YGR108W_0(1.0)  |
+----------------+----------------+----------------+----------------+-----------------+
| YGR108W(0.0)   | 0.785714285714 | 0.58           | 0.382352941176 | 0.0764705882353 |
+----------------+----------------+----------------+----------------+-----------------+
| YGR108W(1.0)   | 0.214285714286 | 0.42           | 0.617647058824 | 0.923529411765  |
+----------------+----------------+----------------+----------------+-----------------+
+----------------+-----------------+----------------+
| ('YDR146C', 1) | YDR146C_1(0.0)  | YDR146C_1(1.0) |
+----------------+-----------------+----------------+
| YER111C(0.0)   | 0.0675675675676 | 0.480392156863 |
+----------------+-----------------+----------------+
| YER111C(1.0)   | 0.932432432432  | 0.519607843137 |
+----------------+-----------------+----------------+
+----------------+----------------+----------------+----------------+----------------+
| ('YGR108W', 0) | YGR108W_0(0.0) | YGR108W_0(0.0) | YGR108W_0(1.0) | YGR108W_0(1.0) |
+----------------+----------------+----------------+----------------+----------------+
| ('YGR108W', 1) | YGR108W_1(0.0) | YGR108W_1(1.0) | YGR108W_1(0.0) | YGR108W_1(1.0) |
+----------------+----------------+----------------+----------------+----------------+
| YPR120C(0.0)   | 0.144444444444 | 0.119047619048 | 0.119047619048 | 0.702247191011 |
+----------------+----------------+----------------+----------------+----------------+
| YPR120C(1.0)   | 0.855555555556 | 0.880952380952 | 0.880952380952 | 0.297752808989 |
+----------------+----------------+----------------+----------------+----------------+
+----------------+----------------+-----------------+-----------------+----------------+
| ('YDR146C', 1) | YDR146C_1(0.0) | YDR146C_1(0.0)  | YDR146C_1(1.0)  | YDR146C_1(1.0) |
+----------------+----------------+-----------------+-----------------+----------------+
| ('YER111C', 0) | YER111C_0(0.0) | YER111C_0(1.0)  | YER111C_0(0.0)  | YER111C_0(1.0) |
+----------------+----------------+-----------------+-----------------+----------------+
| YMR199W(0.0)   | 0.277777777778 | 0.0384615384615 | 0.944444444444  | 0.394736842105 |
+----------------+----------------+-----------------+-----------------+----------------+
| YMR199W(1.0)   | 0.722222222222 | 0.961538461538  | 0.0555555555556 | 0.605263157895 |
+----------------+----------------+-----------------+-----------------+----------------+
[('YER111C', 'YDL056W'), ('YAL040C', 'YGL116W'), ('YER111C', 'YMR199W'), ('YGR108W', 'YPR120C'), ('YPR120C', 'YAL040C'), ('YGL116W', 'YGL003C'), ('YGR108W', 'YPR120C'), ('YGR108W', 'YGR108W'), ('YMR199W', 'YGL116W'), ('YDR146C', 'YDR146C'), ('YLR079W', 'YDR146C'), ('YGL003C', 'YLR079W'), ('YDR146C', 'YGR108W'), ('YDR146C', 'YMR043W'), ('YDR146C', 'YER111C'), ('YDR146C', 'YMR199W')]
