[('YAL040C', 'YGL116W'), ('YLR079W', 'YER111C'), ('YLR079W', 'YDR146C'), ('YDL056W', 'YPR120C'), ('YGL116W', 'YMR199W'), ('YMR043W', 'YDL056W'), ('YDR146C', 'YER111C'), ('YPR120C', 'YGR108W'), ('YPR120C', 'YLR079W'), ('YPR120C', 'YGL003C'), ('YGL003C', 'YAL040C'), ('YGL003C', 'YLR079W')]
+--------------+----------------+----------------+
| YGL003C      | YGL003C(0.0)   | YGL003C(1.0)   |
+--------------+----------------+----------------+
| YAL040C(0.0) | 0.642857142857 | 0.277777777778 |
+--------------+----------------+----------------+
| YAL040C(1.0) | 0.357142857143 | 0.722222222222 |
+--------------+----------------+----------------+
+--------------+----------------+--------------+----------------+----------------+
| YGL003C      | YGL003C(0.0)   | YGL003C(0.0) | YGL003C(1.0)   | YGL003C(1.0)   |
+--------------+----------------+--------------+----------------+----------------+
| YPR120C      | YPR120C(0.0)   | YPR120C(1.0) | YPR120C(0.0)   | YPR120C(1.0)   |
+--------------+----------------+--------------+----------------+----------------+
| YLR079W(0.0) | 0.277777777778 | 0.5          | 0.722222222222 | 0.277777777778 |
+--------------+----------------+--------------+----------------+----------------+
| YLR079W(1.0) | 0.722222222222 | 0.5          | 0.277777777778 | 0.722222222222 |
+--------------+----------------+--------------+----------------+----------------+
+--------------+----------------+----------------+
| YGL116W      | YGL116W(0.0)   | YGL116W(1.0)   |
+--------------+----------------+----------------+
| YMR199W(0.0) | 0.357142857143 | 0.722222222222 |
+--------------+----------------+----------------+
| YMR199W(1.0) | 0.642857142857 | 0.277777777778 |
+--------------+----------------+----------------+
+--------------+----------------+----------------+
| YMR043W      | YMR043W(0.0)   | YMR043W(1.0)   |
+--------------+----------------+----------------+
| YDL056W(0.0) | 0.277777777778 | 0.642857142857 |
+--------------+----------------+----------------+
| YDL056W(1.0) | 0.722222222222 | 0.357142857143 |
+--------------+----------------+----------------+
+--------------+----------------+----------------+
| YAL040C      | YAL040C(0.0)   | YAL040C(1.0)   |
+--------------+----------------+----------------+
| YGL116W(0.0) | 0.642857142857 | 0.277777777778 |
+--------------+----------------+----------------+
| YGL116W(1.0) | 0.357142857143 | 0.722222222222 |
+--------------+----------------+----------------+
+--------------+--------+
| YMR043W(0.0) | 0.5625 |
+--------------+--------+
| YMR043W(1.0) | 0.4375 |
+--------------+--------+
+--------------+--------------+--------------+
| YLR079W      | YLR079W(0.0) | YLR079W(1.0) |
+--------------+--------------+--------------+
| YDR146C(0.0) | 1.0          | 1.0          |
+--------------+--------------+--------------+
+--------------+----------------+----------------+
| YPR120C      | YPR120C(0.0)   | YPR120C(1.0)   |
+--------------+----------------+----------------+
| YGR108W(0.0) | 0.722222222222 | 0.357142857143 |
+--------------+----------------+----------------+
| YGR108W(1.0) | 0.277777777778 | 0.642857142857 |
+--------------+----------------+----------------+
+--------------+----------------+----------------+
| YDR146C      | YDR146C(0.0)   | YDR146C(0.0)   |
+--------------+----------------+----------------+
| YLR079W      | YLR079W(0.0)   | YLR079W(1.0)   |
+--------------+----------------+----------------+
| YER111C(0.0) | 0.642857142857 | 0.277777777778 |
+--------------+----------------+----------------+
| YER111C(1.0) | 0.357142857143 | 0.722222222222 |
+--------------+----------------+----------------+
+--------------+----------------+----------------+
| YDL056W      | YDL056W(0.0)   | YDL056W(1.0)   |
+--------------+----------------+----------------+
| YPR120C(0.0) | 0.357142857143 | 0.722222222222 |
+--------------+----------------+----------------+
| YPR120C(1.0) | 0.642857142857 | 0.277777777778 |
+--------------+----------------+----------------+
+--------------+--------------+----------------+
| YPR120C      | YPR120C(0.0) | YPR120C(1.0)   |
+--------------+--------------+----------------+
| YGL003C(0.0) | 0.5          | 0.357142857143 |
+--------------+--------------+----------------+
| YGL003C(1.0) | 0.5          | 0.642857142857 |
+--------------+--------------+----------------+
[(('YLR079W', 0), ('YLR079W', 1)), (('YDL056W', 1), ('YER111C', 1)), (('YER111C', 1), ('YDR146C', 1)), (('YAL040C', 0), ('YDL056W', 1)), (('YER111C', 0), ('YMR199W', 1)), (('YER111C', 0), ('YPR120C', 1)), (('YPR120C', 0), ('YAL040C', 1)), (('YGR108W', 0), ('YER111C', 1)), (('YMR199W', 1), ('YGL116W', 1)), (('YMR199W', 1), ('YGL003C', 1)), (('YMR199W', 1), ('YDR146C', 1)), (('YPR120C', 1), ('YDL056W', 1)), (('YPR120C', 1), ('YGR108W', 1)), (('YGL116W', 1), ('YPR120C', 1)), (('YDL056W', 0), ('YMR043W', 1)), (('YMR199W', 0), ('YMR199W', 1)), (('YGL003C', 1), ('YLR079W', 1)), (('YDR146C', 1), ('YGR108W', 1))]
+----------------+----------------+----------------+
| ('YPR120C', 0) | YPR120C_0(0.0) | YPR120C_0(1.0) |
+----------------+----------------+----------------+
| YAL040C(0.0)   | 0.245098039216 | 0.702898550725 |
+----------------+----------------+----------------+
| YAL040C(1.0)   | 0.754901960784 | 0.297101449275 |
+----------------+----------------+----------------+
+----------------+----------------+----------------+----------------+----------------+
| ('YGL003C', 1) | YGL003C_1(0.0) | YGL003C_1(0.0) | YGL003C_1(1.0) | YGL003C_1(1.0) |
+----------------+----------------+----------------+----------------+----------------+
| ('YLR079W', 0) | YLR079W_0(0.0) | YLR079W_0(1.0) | YLR079W_0(0.0) | YLR079W_0(1.0) |
+----------------+----------------+----------------+----------------+----------------+
| YLR079W(0.0)   | 0.192307692308 | 0.114035087719 | 0.722222222222 | 0.297752808989 |
+----------------+----------------+----------------+----------------+----------------+
| YLR079W(1.0)   | 0.807692307692 | 0.885964912281 | 0.277777777778 | 0.702247191011 |
+----------------+----------------+----------------+----------------+----------------+
+----------------+----------------+----------------+
| ('YMR199W', 1) | YMR199W_1(0.0) | YMR199W_1(1.0) |
+----------------+----------------+----------------+
| YGL003C(0.0)   | 0.1            | 0.406666666667 |
+----------------+----------------+----------------+
| YGL003C(1.0)   | 0.9            | 0.593333333333 |
+----------------+----------------+----------------+
+----------------+----------------+----------------+----------------+----------------+
| ('YAL040C', 0) | YAL040C_0(0.0) | YAL040C_0(0.0) | YAL040C_0(1.0) | YAL040C_0(1.0) |
+----------------+----------------+----------------+----------------+----------------+
| ('YPR120C', 1) | YPR120C_1(0.0) | YPR120C_1(1.0) | YPR120C_1(0.0) | YPR120C_1(1.0) |
+----------------+----------------+----------------+----------------+----------------+
| YDL056W(0.0)   | 0.295918367347 | 0.152173913043 | 0.122641509434 | 0.557971014493 |
+----------------+----------------+----------------+----------------+----------------+
| YDL056W(1.0)   | 0.704081632653 | 0.847826086957 | 0.877358490566 | 0.442028985507 |
+----------------+----------------+----------------+----------------+----------------+
+----------------+----------------+----------------+
| ('YMR199W', 1) | YMR199W_1(0.0) | YMR199W_1(1.0) |
+----------------+----------------+----------------+
| YGL116W(0.0)   | 0.144444444444 | 0.646666666667 |
+----------------+----------------+----------------+
| YGL116W(1.0)   | 0.855555555556 | 0.353333333333 |
+----------------+----------------+----------------+
+----------------+----------------+----------------+
| ('YDL056W', 0) | YDL056W_0(0.0) | YDL056W_0(1.0) |
+----------------+----------------+----------------+
| YMR043W(0.0)   | 0.585714285714 | 0.405882352941 |
+----------------+----------------+----------------+
| YMR043W(1.0)   | 0.414285714286 | 0.594117647059 |
+----------------+----------------+----------------+
+----------------+-----------------+----------------+-----------------+----------------+
| ('YER111C', 1) | YER111C_1(0.0)  | YER111C_1(0.0) | YER111C_1(1.0)  | YER111C_1(1.0) |
+----------------+-----------------+----------------+-----------------+----------------+
| ('YMR199W', 1) | YMR199W_1(0.0)  | YMR199W_1(1.0) | YMR199W_1(0.0)  | YMR199W_1(1.0) |
+----------------+-----------------+----------------+-----------------+----------------+
| YDR146C(0.0)   | 0.0555555555556 | 0.158536585366 | 0.0555555555556 | 0.756880733945 |
+----------------+-----------------+----------------+-----------------+----------------+
| YDR146C(1.0)   | 0.944444444444  | 0.841463414634 | 0.944444444444  | 0.243119266055 |
+----------------+-----------------+----------------+-----------------+----------------+
+----------------+----------------+----------------+-----------------+----------------+
| ('YDR146C', 1) | YDR146C_1(0.0) | YDR146C_1(0.0) | YDR146C_1(1.0)  | YDR146C_1(1.0) |
+----------------+----------------+----------------+-----------------+----------------+
| ('YPR120C', 1) | YPR120C_1(0.0) | YPR120C_1(1.0) | YPR120C_1(0.0)  | YPR120C_1(1.0) |
+----------------+----------------+----------------+-----------------+----------------+
| YGR108W(0.0)   | 0.5            | 0.771604938272 | 0.0280898876404 | 0.324561403509 |
+----------------+----------------+----------------+-----------------+----------------+
| YGR108W(1.0)   | 0.5            | 0.228395061728 | 0.97191011236   | 0.675438596491 |
+----------------+----------------+----------------+-----------------+----------------+
+----------------+-----------------+-----------------+----------------+----------------+
| ('YDL056W', 1) | YDL056W_1(0.0)  | YDL056W_1(0.0)  | YDL056W_1(1.0) | YDL056W_1(1.0) |
+----------------+-----------------+-----------------+----------------+----------------+
| ('YGR108W', 0) | YGR108W_0(0.0)  | YGR108W_0(1.0)  | YGR108W_0(0.0) | YGR108W_0(1.0) |
+----------------+-----------------+-----------------+----------------+----------------+
| YER111C(0.0)   | 0.0675675675676 | 0.0757575757576 | 0.184210526316 | 0.62389380531  |
+----------------+-----------------+-----------------+----------------+----------------+
| YER111C(1.0)   | 0.932432432432  | 0.924242424242  | 0.815789473684 | 0.37610619469  |
+----------------+-----------------+-----------------+----------------+----------------+
+----------------+----------------+-----------------+----------------+----------------+
| ('YER111C', 0) | YER111C_0(0.0) | YER111C_0(0.0)  | YER111C_0(1.0) | YER111C_0(1.0) |
+----------------+----------------+-----------------+----------------+----------------+
| ('YGL116W', 1) | YGL116W_1(0.0) | YGL116W_1(1.0)  | YGL116W_1(0.0) | YGL116W_1(1.0) |
+----------------+----------------+-----------------+----------------+----------------+
| YPR120C(0.0)   | 0.192307692308 | 0.905797101449  | 0.149484536082 | 0.368852459016 |
+----------------+----------------+-----------------+----------------+----------------+
| YPR120C(1.0)   | 0.807692307692 | 0.0942028985507 | 0.850515463918 | 0.631147540984 |
+----------------+----------------+-----------------+----------------+----------------+
+----------------+----------------+----------------+----------------+-----------------+
| ('YER111C', 0) | YER111C_0(0.0) | YER111C_0(0.0) | YER111C_0(1.0) | YER111C_0(1.0)  |
+----------------+----------------+----------------+----------------+-----------------+
| ('YMR199W', 0) | YMR199W_0(0.0) | YMR199W_0(1.0) | YMR199W_0(0.0) | YMR199W_0(1.0)  |
+----------------+----------------+----------------+----------------+-----------------+
| YMR199W(0.0)   | 0.841463414634 | 0.743902439024 | 0.459183673469 | 0.0229357798165 |
+----------------+----------------+----------------+----------------+-----------------+
| YMR199W(1.0)   | 0.158536585366 | 0.256097560976 | 0.540816326531 | 0.977064220183  |
+----------------+----------------+----------------+----------------+-----------------+
[('YLR079W', 'YLR079W'), ('YDL056W', 'YER111C'), ('YER111C', 'YDR146C'), ('YAL040C', 'YDL056W'), ('YER111C', 'YMR199W'), ('YER111C', 'YPR120C'), ('YPR120C', 'YAL040C'), ('YGR108W', 'YER111C'), ('YMR199W', 'YGL116W'), ('YMR199W', 'YGL003C'), ('YMR199W', 'YDR146C'), ('YPR120C', 'YDL056W'), ('YPR120C', 'YGR108W'), ('YGL116W', 'YPR120C'), ('YDL056W', 'YMR043W'), ('YMR199W', 'YMR199W'), ('YGL003C', 'YLR079W'), ('YDR146C', 'YGR108W')]
