[('G5', 'G59'), ('G5', 'G50'), ('G5', 'G45'), ('G5', 'G21'), ('G3', 'G62'), ('G3', 'G45'), ('G3', 'G21'), ('G8', 'G50'), ('G59', 'G4'), ('G40', 'G58'), ('G40', 'G76'), ('G43', 'G63'), ('G45', 'G84'), ('G45', 'G88'), ('G45', 'G8'), ('G47', 'G30'), ('G47', 'G80'), ('G47', 'G1'), ('G47', 'G8'), ('G70', 'G80'), ('G70', 'G3'), ('G62', 'G59'), ('G62', 'G88'), ('G63', 'G58'), ('G63', 'G3'), ('G31', 'G63'), ('G31', 'G43'), ('G30', 'G62'), ('G30', 'G31'), ('G30', 'G76'), ('G30', 'G43'), ('G30', 'G1'), ('G86', 'G40'), ('G86', 'G70'), ('G80', 'G4'), ('G88', 'G84')]
+----------+---+
| G26(1.0) | 1 |
+----------+---+
+----------+---+
| G27(1.0) | 1 |
+----------+---+
+----------+---+
| G24(1.0) | 1 |
+----------+---+
+----------+---+
| G25(1.0) | 1 |
+----------+---+
+----------+---+
| G22(1.0) | 1 |
+----------+---+
+----------+---+
| G23(1.0) | 1 |
+----------+---+
+----------+---+
| G20(1.0) | 1 |
+----------+---+
+----------+----------------+---------+-----------------+---------+
| G3       | G3(0.0)        | G3(0.0) | G3(1.0)         | G3(1.0) |
+----------+----------------+---------+-----------------+---------+
| G5       | G5(0.0)        | G5(1.0) | G5(0.0)         | G5(1.0) |
+----------+----------------+---------+-----------------+---------+
| G21(0.0) | 0.807692307692 | 0.5     | 0.0862068965517 | 0.5     |
+----------+----------------+---------+-----------------+---------+
| G21(1.0) | 0.192307692308 | 0.5     | 0.913793103448  | 0.5     |
+----------+----------------+---------+-----------------+---------+
+----------+---+
| G28(1.0) | 1 |
+----------+---+
+----------+---+
| G29(1.0) | 1 |
+----------+---+
+---------+---+
| G7(0.0) | 1 |
+---------+---+
+---------+---+
| G6(1.0) | 1 |
+---------+---+
+---------+-----+
| G5(0.0) | 0.7 |
+---------+-----+
| G5(1.0) | 0.3 |
+---------+-----+
+---------+----------------+----------------+----------------+----------------+
| G59     | G59(0.0)       | G59(0.0)       | G59(1.0)       | G59(1.0)       |
+---------+----------------+----------------+----------------+----------------+
| G80     | G80(0.0)       | G80(1.0)       | G80(0.0)       | G80(1.0)       |
+---------+----------------+----------------+----------------+----------------+
| G4(0.0) | 0.617647058824 | 0.722222222222 | 0.880952380952 | 0.192307692308 |
+---------+----------------+----------------+----------------+----------------+
| G4(1.0) | 0.382352941176 | 0.277777777778 | 0.119047619048 | 0.807692307692 |
+---------+----------------+----------------+----------------+----------------+
+---------+----------+----------------+----------+-----------------+
| G63     | G63(0.0) | G63(0.0)       | G63(1.0) | G63(1.0)        |
+---------+----------+----------------+----------+-----------------+
| G70     | G70(0.0) | G70(1.0)       | G70(0.0) | G70(1.0)        |
+---------+----------+----------------+----------+-----------------+
| G3(0.0) | 0.5      | 0.722222222222 | 0.5      | 0.0757575757576 |
+---------+----------+----------------+----------+-----------------+
| G3(1.0) | 0.5      | 0.277777777778 | 0.5      | 0.924242424242  |
+---------+----------+----------------+----------+-----------------+
+---------+---+
| G2(0.0) | 1 |
+---------+---+
+---------+----------------+----------------+----------+----------------+
| G30     | G30(0.0)       | G30(0.0)       | G30(1.0) | G30(1.0)       |
+---------+----------------+----------------+----------+----------------+
| G47     | G47(0.0)       | G47(1.0)       | G47(0.0) | G47(1.0)       |
+---------+----------------+----------------+----------+----------------+
| G1(0.0) | 0.277777777778 | 0.824324324324 | 0.5      | 0.277777777778 |
+---------+----------------+----------------+----------+----------------+
| G1(1.0) | 0.722222222222 | 0.175675675676 | 0.5      | 0.722222222222 |
+---------+----------------+----------------+----------+----------------+
+---------+---+
| G9(1.0) | 1 |
+---------+---+
+---------+----------------+----------+----------+----------------+
| G45     | G45(0.0)       | G45(0.0) | G45(1.0) | G45(1.0)       |
+---------+----------------+----------+----------+----------------+
| G47     | G47(0.0)       | G47(1.0) | G47(0.0) | G47(1.0)       |
+---------+----------------+----------+----------+----------------+
| G8(0.0) | 0.722222222222 | 0.1      | 0.5      | 0.690476190476 |
+---------+----------------+----------+----------+----------------+
| G8(1.0) | 0.277777777778 | 0.9      | 0.5      | 0.309523809524 |
+---------+----------------+----------+----------+----------------+
+----------+---+
| G53(1.0) | 1 |
+----------+---+
+----------+---+
| G52(1.0) | 1 |
+----------+---+
+----------+---+
| G51(1.0) | 1 |
+----------+---+
+----------+----------------+---------+----------------+----------------+
| G5       | G5(0.0)        | G5(0.0) | G5(1.0)        | G5(1.0)        |
+----------+----------------+---------+----------------+----------------+
| G8       | G8(0.0)        | G8(1.0) | G8(0.0)        | G8(1.0)        |
+----------+----------------+---------+----------------+----------------+
| G50(0.0) | 0.147058823529 | 0.9     | 0.722222222222 | 0.722222222222 |
+----------+----------------+---------+----------------+----------------+
| G50(1.0) | 0.852941176471 | 0.1     | 0.277777777778 | 0.277777777778 |
+----------+----------------+---------+----------------+----------------+
+----------+---+
| G57(1.0) | 1 |
+----------+---+
+----------+---+
| G56(1.0) | 1 |
+----------+---+
+----------+---+
| G55(0.0) | 1 |
+----------+---+
+----------+---+
| G54(1.0) | 1 |
+----------+---+
+----------+----------------+----------+----------+----------------+
| G5       | G5(0.0)        | G5(0.0)  | G5(1.0)  | G5(1.0)        |
+----------+----------------+----------+----------+----------------+
| G62      | G62(0.0)       | G62(1.0) | G62(0.0) | G62(1.0)       |
+----------+----------------+----------+----------+----------------+
| G59(0.0) | 0.617647058824 | 0.1      | 0.5      | 0.807692307692 |
+----------+----------------+----------+----------+----------------+
| G59(1.0) | 0.382352941176 | 0.9      | 0.5      | 0.192307692308 |
+----------+----------------+----------+----------+----------------+
+----------+----------------+-----------------+----------+----------+
| G40      | G40(0.0)       | G40(0.0)        | G40(1.0) | G40(1.0) |
+----------+----------------+-----------------+----------+----------+
| G63      | G63(0.0)       | G63(1.0)        | G63(0.0) | G63(1.0) |
+----------+----------------+-----------------+----------+----------+
| G58(0.0) | 0.722222222222 | 0.0757575757576 | 0.5      | 0.5      |
+----------+----------------+-----------------+----------+----------+
| G58(1.0) | 0.277777777778 | 0.924242424242  | 0.5      | 0.5      |
+----------+----------------+-----------------+----------+----------+
+----------+----------------+----------+
| G86      | G86(0.0)       | G86(1.0) |
+----------+----------------+----------+
| G40(0.0) | 0.785714285714 | 0.5      |
+----------+----------------+----------+
| G40(1.0) | 0.214285714286 | 0.5      |
+----------+----------------+----------+
+----------+---+
| G41(1.0) | 1 |
+----------+---+
+----------+---+
| G42(1.0) | 1 |
+----------+---+
+----------+----------------+-----------------+----------+----------------+
| G30      | G30(0.0)       | G30(0.0)        | G30(1.0) | G30(1.0)       |
+----------+----------------+-----------------+----------+----------------+
| G31      | G31(0.0)       | G31(1.0)        | G31(0.0) | G31(1.0)       |
+----------+----------------+-----------------+----------+----------------+
| G43(0.0) | 0.722222222222 | 0.0675675675676 | 0.5      | 0.277777777778 |
+----------+----------------+-----------------+----------+----------------+
| G43(1.0) | 0.277777777778 | 0.932432432432  | 0.5      | 0.722222222222 |
+----------+----------------+-----------------+----------+----------------+
+----------+---+
| G44(0.0) | 1 |
+----------+---+
+----------+----------------+---------+----------------+---------+
| G3       | G3(0.0)        | G3(0.0) | G3(1.0)        | G3(1.0) |
+----------+----------------+---------+----------------+---------+
| G5       | G5(0.0)        | G5(1.0) | G5(0.0)        | G5(1.0) |
+----------+----------------+---------+----------------+---------+
| G45(0.0) | 0.192307692308 | 0.5     | 0.775862068966 | 0.5     |
+----------+----------------+---------+----------------+---------+
| G45(1.0) | 0.807692307692 | 0.5     | 0.224137931034 | 0.5     |
+----------+----------------+---------+----------------+---------+
+----------+---+
| G46(1.0) | 1 |
+----------+---+
+----------+----------+
| G47(0.0) | 0.233333 |
+----------+----------+
| G47(1.0) | 0.766667 |
+----------+----------+
+----------+---+
| G48(0.0) | 1 |
+----------+---+
+----------+---+
| G49(1.0) | 1 |
+----------+---+
+----------+---+
| G75(0.0) | 1 |
+----------+---+
+----------+---+
| G74(1.0) | 1 |
+----------+---+
+----------+---+
| G77(1.0) | 1 |
+----------+---+
+----------+---------------+----------------+----------------+----------+
| G30      | G30(0.0)      | G30(0.0)       | G30(1.0)       | G30(1.0) |
+----------+---------------+----------------+----------------+----------+
| G40      | G40(0.0)      | G40(1.0)       | G40(0.0)       | G40(1.0) |
+----------+---------------+----------------+----------------+----------+
| G76(0.0) | 0.19696969697 | 0.807692307692 | 0.722222222222 | 0.5      |
+----------+---------------+----------------+----------------+----------+
| G76(1.0) | 0.80303030303 | 0.192307692308 | 0.277777777778 | 0.5      |
+----------+---------------+----------------+----------------+----------+
+----------+---+
| G71(0.0) | 1 |
+----------+---+
+----------+----------------+----------+
| G86      | G86(0.0)       | G86(1.0) |
+----------+----------------+----------+
| G70(0.0) | 0.214285714286 | 0.5      |
+----------+----------------+----------+
| G70(1.0) | 0.785714285714 | 0.5      |
+----------+----------------+----------+
+----------+---+
| G73(1.0) | 1 |
+----------+---+
+----------+---+
| G72(0.0) | 1 |
+----------+---+
+----------+---+
| G79(1.0) | 1 |
+----------+---+
+----------+---+
| G78(0.0) | 1 |
+----------+---+
+----------+---+
| G68(1.0) | 1 |
+----------+---+
+----------+---+
| G69(1.0) | 1 |
+----------+---+
+----------+----------------+----------+-----------------+----------------+
| G3       | G3(0.0)        | G3(0.0)  | G3(1.0)         | G3(1.0)        |
+----------+----------------+----------+-----------------+----------------+
| G30      | G30(0.0)       | G30(1.0) | G30(0.0)        | G30(1.0)       |
+----------+----------------+----------+-----------------+----------------+
| G62(0.0) | 0.807692307692 | 0.5      | 0.0757575757576 | 0.722222222222 |
+----------+----------------+----------+-----------------+----------------+
| G62(1.0) | 0.192307692308 | 0.5      | 0.924242424242  | 0.277777777778 |
+----------+----------------+----------+-----------------+----------------+
+----------+----------------+----------+----------+-----------------+
| G31      | G31(0.0)       | G31(0.0) | G31(1.0) | G31(1.0)        |
+----------+----------------+----------+----------+-----------------+
| G43      | G43(0.0)       | G43(1.0) | G43(0.0) | G43(1.0)        |
+----------+----------------+----------+----------+-----------------+
| G63(0.0) | 0.722222222222 | 0.5      | 0.5      | 0.0609756097561 |
+----------+----------------+----------+----------+-----------------+
| G63(1.0) | 0.277777777778 | 0.5      | 0.5      | 0.939024390244  |
+----------+----------------+----------+----------+-----------------+
+----------+---+
| G60(0.0) | 1 |
+----------+---+
+----------+---+
| G61(0.0) | 1 |
+----------+---+
+----------+---+
| G66(1.0) | 1 |
+----------+---+
+----------+---+
| G67(1.0) | 1 |
+----------+---+
+----------+---+
| G64(0.0) | 1 |
+----------+---+
+----------+---+
| G65(1.0) | 1 |
+----------+---+
+-----------+---+
| G100(0.0) | 1 |
+-----------+---+
+----------+---+
| G19(1.0) | 1 |
+----------+---+
+----------+---+
| G18(1.0) | 1 |
+----------+---+
+----------+---+
| G17(1.0) | 1 |
+----------+---+
+----------+---+
| G16(0.0) | 1 |
+----------+---+
+----------+---+
| G15(1.0) | 1 |
+----------+---+
+----------+---+
| G14(1.0) | 1 |
+----------+---+
+----------+---+
| G13(1.0) | 1 |
+----------+---+
+----------+---+
| G12(1.0) | 1 |
+----------+---+
+----------+---+
| G11(1.0) | 1 |
+----------+---+
+----------+---+
| G10(1.0) | 1 |
+----------+---+
+----------+---+
| G97(1.0) | 1 |
+----------+---+
+----------+---+
| G96(1.0) | 1 |
+----------+---+
+----------+---+
| G95(0.0) | 1 |
+----------+---+
+----------+---+
| G94(0.0) | 1 |
+----------+---+
+----------+---+
| G93(0.0) | 1 |
+----------+---+
+----------+---+
| G92(1.0) | 1 |
+----------+---+
+----------+---+
| G91(1.0) | 1 |
+----------+---+
+----------+---+
| G90(0.0) | 1 |
+----------+---+
+----------+---+
| G99(1.0) | 1 |
+----------+---+
+----------+---+
| G98(0.0) | 1 |
+----------+---+
+----------+----------------+----------------+
| G30      | G30(0.0)       | G30(1.0)       |
+----------+----------------+----------------+
| G31(0.0) | 0.195652173913 | 0.357142857143 |
+----------+----------------+----------------+
| G31(1.0) | 0.804347826087 | 0.642857142857 |
+----------+----------------+----------------+
+----------+----------------+----------------+
| G47      | G47(0.0)       | G47(1.0)       |
+----------+----------------+----------------+
| G30(0.0) | 0.642857142857 | 0.804347826087 |
+----------+----------------+----------------+
| G30(1.0) | 0.357142857143 | 0.195652173913 |
+----------+----------------+----------------+
+----------+---+
| G33(0.0) | 1 |
+----------+---+
+----------+---+
| G32(0.0) | 1 |
+----------+---+
+----------+---+
| G35(0.0) | 1 |
+----------+---+
+----------+---+
| G34(0.0) | 1 |
+----------+---+
+----------+---+
| G37(0.0) | 1 |
+----------+---+
+----------+---+
| G36(1.0) | 1 |
+----------+---+
+----------+---+
| G39(1.0) | 1 |
+----------+---+
+----------+---+
| G38(0.0) | 1 |
+----------+---+
+----------+----------------+----------+----------------+----------------+
| G45      | G45(0.0)       | G45(0.0) | G45(1.0)       | G45(1.0)       |
+----------+----------------+----------+----------------+----------------+
| G88      | G88(0.0)       | G88(1.0) | G88(0.0)       | G88(1.0)       |
+----------+----------------+----------+----------------+----------------+
| G84(0.0) | 0.277777777778 | 0.1      | 0.192307692308 | 0.807692307692 |
+----------+----------------+----------+----------------+----------------+
| G84(1.0) | 0.722222222222 | 0.9      | 0.807692307692 | 0.192307692308 |
+----------+----------------+----------+----------------+----------------+
+----------+---+
| G85(0.0) | 1 |
+----------+---+
+----------+-----+
| G86(0.0) | 0.7 |
+----------+-----+
| G86(1.0) | 0.3 |
+----------+-----+
+----------+---+
| G87(1.0) | 1 |
+----------+---+
+----------+----------+----------------+----------+---------------+
| G47      | G47(0.0) | G47(0.0)       | G47(1.0) | G47(1.0)      |
+----------+----------+----------------+----------+---------------+
| G70      | G70(0.0) | G70(1.0)       | G70(0.0) | G70(1.0)      |
+----------+----------+----------------+----------+---------------+
| G80(0.0) | 0.5      | 0.277777777778 | 0.5      | 0.80303030303 |
+----------+----------+----------------+----------+---------------+
| G80(1.0) | 0.5      | 0.722222222222 | 0.5      | 0.19696969697 |
+----------+----------+----------------+----------+---------------+
+----------+---+
| G81(1.0) | 1 |
+----------+---+
+----------+---+
| G82(0.0) | 1 |
+----------+---+
+----------+---+
| G83(1.0) | 1 |
+----------+---+
+----------+----------------+----------+----------+----------+
| G45      | G45(0.0)       | G45(0.0) | G45(1.0) | G45(1.0) |
+----------+----------------+----------+----------+----------+
| G62      | G62(0.0)       | G62(1.0) | G62(0.0) | G62(1.0) |
+----------+----------------+----------+----------+----------+
| G88(0.0) | 0.722222222222 | 0.1      | 0.5      | 0.5      |
+----------+----------------+----------+----------+----------+
| G88(1.0) | 0.277777777778 | 0.9      | 0.5      | 0.5      |
+----------+----------------+----------+----------+----------+
+----------+---+
| G89(1.0) | 1 |
+----------+---+
[(('G42', 0), ('G81', 1)), (('G42', 0), ('G42', 1)), (('G59', 0), ('G59', 1)), (('G1', 1), ('G24', 1)), (('G67', 0), ('G64', 1)), (('G29', 1), ('G92', 1)), (('G29', 1), ('G9', 1)), (('G29', 1), ('G43', 1)), (('G29', 1), ('G30', 1)), (('G29', 1), ('G95', 1)), (('G29', 1), ('G98', 1)), (('G75', 0), ('G75', 1)), (('G22', 0), ('G84', 1)), (('G22', 0), ('G22', 1)), (('G14', 0), ('G14', 1)), (('G95', 0), ('G95', 1)), (('G36', 0), ('G20', 1)), (('G36', 0), ('G88', 1)), (('G36', 0), ('G1', 1)), (('G36', 0), ('G36', 1)), (('G4', 0), ('G45', 1)), (('G4', 0), ('G3', 1)), (('G49', 0), ('G49', 1)), (('G54', 0), ('G99', 1)), (('G54', 0), ('G10', 1)), (('G54', 0), ('G11', 1)), (('G54', 0), ('G54', 1)), (('G81', 1), ('G35', 1)), (('G65', 0), ('G57', 1)), (('G98', 1), ('G74', 1)), (('G77', 0), ('G60', 1)), (('G77', 0), ('G77', 1)), (('G38', 1), ('G40', 1)), (('G38', 1), ('G41', 1)), (('G38', 1), ('G90', 1)), (('G20', 0), ('G20', 1)), (('G12', 0), ('G26', 1)), (('G12', 0), ('G67', 1)), (('G12', 0), ('G64', 1)), (('G12', 0), ('G12', 1)), (('G93', 0), ('G78', 1)), (('G93', 0), ('G93', 1)), (('G93', 0), ('G63', 1)), (('G79', 1), ('G5', 1)), (('G2', 0), ('G2', 1)), (('G46', 0), ('G46', 1)), (('G86', 0), ('G86', 1)), (('G96', 1), ('G13', 1)), (('G96', 1), ('G21', 1)), (('G88', 1), ('G3', 1)), (('G91', 0), ('G91', 1)), (('G91', 0), ('G80', 1)), (('G31', 0), ('G31', 1)), (('G24', 1), ('G22', 1)), (('G24', 1), ('G6', 1)), (('G80', 0), ('G80', 1)), (('G53', 0), ('G100', 1)), (('G53', 0), ('G33', 1)), (('G53', 0), ('G68', 1)), (('G53', 0), ('G52', 1)), (('G69', 0), ('G82', 1)), (('G69', 0), ('G69', 1)), (('G62', 0), ('G62', 1)), (('G73', 0), ('G17', 1)), (('G73', 0), ('G7', 1)), (('G73', 0), ('G73', 1)), (('G73', 0), ('G65', 1)), (('G29', 0), ('G32', 1)), (('G29', 0), ('G29', 1)), (('G85', 1), ('G70', 1)), (('G75', 1), ('G48', 1)), (('G75', 1), ('G69', 1)), (('G33', 0), ('G37', 1)), (('G33', 0), ('G50', 1)), (('G33', 0), ('G33', 1)), (('G33', 0), ('G36', 1)), (('G9', 0), ('G9', 1)), (('G9', 0), ('G86', 1)), (('G92', 1), ('G42', 1)), (('G22', 1), ('G56', 1)), (('G22', 1), ('G96', 1)), (('G82', 0), ('G17', 1)), (('G82', 0), ('G78', 1)), (('G82', 0), ('G82', 1)), (('G95', 1), ('G97', 1)), (('G95', 1), ('G70', 1)), (('G95', 1), ('G4', 1)), (('G51', 0), ('G14', 1)), (('G51', 0), ('G51', 1)), (('G78', 0), ('G61', 1)), (('G78', 0), ('G35', 1)), (('G84', 1), ('G45', 1)), (('G17', 1), ('G65', 1)), (('G27', 0), ('G27', 1)), (('G98', 0), ('G98', 1)), (('G35', 0), ('G7', 1)), (('G38', 0), ('G48', 1)), (('G38', 0), ('G11', 1)), (('G38', 0), ('G38', 1)), (('G38', 0), ('G47', 1)), (('G41', 0), ('G41', 1)), (('G41', 0), ('G77', 1)), (('G93', 1), ('G25', 1)), (('G89', 0), ('G89', 1)), (('G57', 0), ('G57', 1)), (('G66', 0), ('G66', 1)), (('G66', 0), ('G10', 1)), (('G13', 1), ('G49', 1)), (('G13', 1), ('G51', 1)), (('G46', 1), ('G39', 1)), (('G30', 1), ('G58', 1)), (('G15', 0), ('G15', 1)), (('G96', 0), ('G96', 1)), (('G37', 0), ('G37', 1)), (('G5', 0), ('G5', 1)), (('G72', 1), ('G55', 1)), (('G43', 0), ('G43', 1)), (('G48', 0), ('G81', 1)), (('G55', 0), ('G56', 1)), (('G55', 0), ('G55', 1)), (('G55', 0), ('G27', 1)), (('G55', 0), ('G34', 1)), (('G8', 1), ('G2', 1)), (('G53', 1), ('G30', 1)), (('G18', 0), ('G18', 1)), (('G23', 0), ('G23', 1)), (('G13', 0), ('G13', 1)), (('G73', 1), ('G23', 1)), (('G73', 1), ('G85', 1)), (('G50', 1), ('G72', 1)), (('G85', 0), ('G85', 1)), (('G83', 1), ('G53', 1)), (('G33', 1), ('G15', 1)), (('G33', 1), ('G21', 1)), (('G9', 1), ('G83', 1)), (('G9', 1), ('G54', 1)), (('G90', 1), ('G91', 1)), (('G90', 1), ('G18', 1)), (('G34', 1), ('G16', 1)), (('G6', 1), ('G87', 1)), (('G51', 1), ('G76', 1)), (('G92', 0), ('G92', 1)), (('G56', 1), ('G58', 1)), (('G1', 0), ('G1', 1)), (('G1', 0), ('G4', 1)), (('G67', 1), ('G19', 1)), (('G67', 1), ('G66', 1)), (('G87', 0), ('G87', 1)), (('G66', 1), ('G60', 1)), (('G20', 1), ('G75', 1)), (('G20', 1), ('G29', 1)), (('G20', 1), ('G79', 1)), (('G20', 1), ('G8', 1)), (('G68', 0), ('G84', 1)), (('G68', 0), ('G68', 1)), (('G70', 0), ('G76', 1)), (('G90', 0), ('G90', 1)), (('G28', 0), ('G28', 1)), (('G65', 1), ('G73', 1)), (('G52', 0), ('G52', 1)), (('G12', 1), ('G67', 1)), (('G72', 0), ('G72', 1)), (('G79', 0), ('G79', 1)), (('G48', 1), ('G50', 1)), (('G48', 1), ('G38', 1)), (('G48', 1), ('G47', 1)), (('G2', 1), ('G74', 1)), (('G55', 1), ('G31', 1)), (('G64', 1), ('G63', 1)), (('G26', 0), ('G26', 1)), (('G26', 0), ('G28', 1)), (('G32', 0), ('G53', 1)), (('G32', 0), ('G12', 1)), (('G32', 0), ('G19', 1)), (('G32', 0), ('G32', 1)), (('G39', 0), ('G39', 1)), (('G39', 0), ('G46', 1)), (('G8', 0), ('G8', 1)), (('G41', 1), ('G59', 1)), (('G40', 0), ('G40', 1)), (('G40', 0), ('G62', 1)), (('G83', 0), ('G83', 1)), (('G88', 0), ('G88', 1)), (('G10', 1), ('G99', 1)), (('G61', 0), ('G61', 1)), (('G100', 0), ('G100', 1)), (('G24', 0), ('G25', 1)), (('G24', 0), ('G24', 1)), (('G16', 0), ('G16', 1)), (('G97', 0), ('G97', 1)), (('G97', 0), ('G93', 1)), (('G34', 0), ('G34', 1)), (('G6', 0), ('G89', 1)), (('G6', 0), ('G6', 1))]
+------------+-----------------+----------------+----------------+-----------------+
| ('G12', 0) | G12_0(0.0)      | G12_0(0.0)     | G12_0(1.0)     | G12_0(1.0)      |
+------------+-----------------+----------------+----------------+-----------------+
| ('G26', 0) | G26_0(0.0)      | G26_0(1.0)     | G26_0(0.0)     | G26_0(1.0)      |
+------------+-----------------+----------------+----------------+-----------------+
| G26(0.0)   | 0.98322147651   | 0.852941176471 | 0.743093922652 | 0.0735607675906 |
+------------+-----------------+----------------+----------------+-----------------+
| G26(1.0)   | 0.0167785234899 | 0.147058823529 | 0.256906077348 | 0.926439232409  |
+------------+-----------------+----------------+----------------+-----------------+
+------------+----------------+------------+----------------+-----------------+
| ('G27', 0) | G27_0(0.0)     | G27_0(0.0) | G27_0(1.0)     | G27_0(1.0)      |
+------------+----------------+------------+----------------+-----------------+
| ('G55', 0) | G55_0(0.0)     | G55_0(1.0) | G55_0(0.0)     | G55_0(1.0)      |
+------------+----------------+------------+----------------+-----------------+
| G27(0.0)   | 0.643396226415 | 0.5        | 0.248031496063 | 0.0151515151515 |
+------------+----------------+------------+----------------+-----------------+
| G27(1.0)   | 0.356603773585 | 0.5        | 0.751968503937 | 0.984848484848  |
+------------+----------------+------------+----------------+-----------------+
+------------+-----------------+----------------+----------------+-----------------+
| ('G1', 1)  | G1_1(0.0)       | G1_1(0.0)      | G1_1(1.0)      | G1_1(1.0)       |
+------------+-----------------+----------------+----------------+-----------------+
| ('G24', 0) | G24_0(0.0)      | G24_0(1.0)     | G24_0(0.0)     | G24_0(1.0)      |
+------------+-----------------+----------------+----------------+-----------------+
| G24(0.0)   | 0.961538461538  | 0.205426356589 | 0.705128205128 | 0.0207920792079 |
+------------+-----------------+----------------+----------------+-----------------+
| G24(1.0)   | 0.0384615384615 | 0.794573643411 | 0.294871794872 | 0.979207920792  |
+------------+-----------------+----------------+----------------+-----------------+
+------------+----------------+----------------+-----------------+----------------+
| ('G24', 0) | G24_0(0.0)     | G24_0(0.0)     | G24_0(1.0)      | G24_0(1.0)     |
+------------+----------------+----------------+-----------------+----------------+
| ('G93', 1) | G93_1(0.0)     | G93_1(1.0)     | G93_1(0.0)      | G93_1(1.0)     |
+------------+----------------+----------------+-----------------+----------------+
| G25(0.0)   | 0.810559006211 | 0.309523809524 | 0.0247863247863 | 0.295918367347 |
+------------+----------------+----------------+-----------------+----------------+
| G25(1.0)   | 0.189440993789 | 0.690476190476 | 0.975213675214  | 0.704081632653 |
+------------+----------------+----------------+-----------------+----------------+
+------------+-----------------+----------------+-----------------+------------+
| ('G22', 0) | G22_0(0.0)      | G22_0(0.0)     | G22_0(1.0)      | G22_0(1.0) |
+------------+-----------------+----------------+-----------------+------------+
| ('G24', 1) | G24_1(0.0)      | G24_1(1.0)     | G24_1(0.0)      | G24_1(1.0) |
+------------+-----------------+----------------+-----------------+------------+
| G22(0.0)   | 0.939024390244  | 0.277777777778 | 0.0460992907801 | 0.004      |
+------------+-----------------+----------------+-----------------+------------+
| G22(1.0)   | 0.0609756097561 | 0.722222222222 | 0.95390070922   | 0.996      |
+------------+-----------------+----------------+-----------------+------------+
+------------+-----------------+----------------+----------------+------------------+
| ('G23', 0) | G23_0(0.0)      | G23_0(0.0)     | G23_0(1.0)     | G23_0(1.0)       |
+------------+-----------------+----------------+----------------+------------------+
| ('G73', 1) | G73_1(0.0)      | G73_1(1.0)     | G73_1(0.0)     | G73_1(1.0)       |
+------------+-----------------+----------------+----------------+------------------+
| G23(0.0)   | 0.939024390244  | 0.743902439024 | 0.722222222222 | 0.00896551724138 |
+------------+-----------------+----------------+----------------+------------------+
| G23(1.0)   | 0.0609756097561 | 0.256097560976 | 0.277777777778 | 0.991034482759   |
+------------+-----------------+----------------+----------------+------------------+
+------------+----------------+----------------+----------------+-----------------+
| ('G20', 0) | G20_0(0.0)     | G20_0(0.0)     | G20_0(1.0)     | G20_0(1.0)      |
+------------+----------------+----------------+----------------+-----------------+
| ('G36', 0) | G36_0(0.0)     | G36_0(1.0)     | G36_0(0.0)     | G36_0(1.0)      |
+------------+----------------+----------------+----------------+-----------------+
| G20(0.0)   | 0.880952380952 | 0.368852459016 | 0.270114942529 | 0.0766423357664 |
+------------+----------------+----------------+----------------+-----------------+
| G20(1.0)   | 0.119047619048 | 0.631147540984 | 0.729885057471 | 0.923357664234  |
+------------+----------------+----------------+----------------+-----------------+
+------------+----------------+----------------+----------------+-----------------+
| ('G33', 1) | G33_1(0.0)     | G33_1(0.0)     | G33_1(1.0)     | G33_1(1.0)      |
+------------+----------------+----------------+----------------+-----------------+
| ('G96', 1) | G96_1(0.0)     | G96_1(1.0)     | G96_1(0.0)     | G96_1(1.0)      |
+------------+----------------+----------------+----------------+-----------------+
| G21(0.0)   | 0.677777777778 | 0.404436860068 | 0.411111111111 | 0.0889145496536 |
+------------+----------------+----------------+----------------+-----------------+
| G21(1.0)   | 0.322222222222 | 0.595563139932 | 0.588888888889 | 0.911085450346  |
+------------+----------------+----------------+----------------+-----------------+
+------------+-----------------+----------------+----------------+------------------+
| ('G26', 0) | G26_0(0.0)      | G26_0(0.0)     | G26_0(1.0)     | G26_0(1.0)       |
+------------+-----------------+----------------+----------------+------------------+
| ('G28', 0) | G28_0(0.0)      | G28_0(1.0)     | G28_0(0.0)     | G28_0(1.0)       |
+------------+-----------------+----------------+----------------+------------------+
| G28(0.0)   | 0.90414507772   | 0.193430656934 | 0.192307692308 | 0.00528541226216 |
+------------+-----------------+----------------+----------------+------------------+
| G28(1.0)   | 0.0958549222798 | 0.806569343066 | 0.807692307692 | 0.994714587738   |
+------------+-----------------+----------------+----------------+------------------+
+------------+----------------+------------------+-----------------+----------------+
| ('G20', 1) | G20_1(0.0)     | G20_1(0.0)       | G20_1(1.0)      | G20_1(1.0)     |
+------------+----------------+------------------+-----------------+----------------+
| ('G29', 0) | G29_0(0.0)     | G29_0(1.0)       | G29_0(0.0)      | G29_0(1.0)     |
+------------+----------------+------------------+-----------------+----------------+
| G29(0.0)   | 0.683486238532 | 0.00809061488673 | 0.951612903226  | 0.234806629834 |
+------------+----------------+------------------+-----------------+----------------+
| G29(1.0)   | 0.316513761468 | 0.991909385113   | 0.0483870967742 | 0.765193370166 |
+------------+----------------+------------------+-----------------+----------------+
+------------+----------------+-----------------+------------+----------------+
| ('G35', 0) | G35_0(0.0)     | G35_0(0.0)      | G35_0(1.0) | G35_0(1.0)     |
+------------+----------------+-----------------+------------+----------------+
| ('G73', 0) | G73_0(0.0)     | G73_0(1.0)      | G73_0(0.0) | G73_0(1.0)     |
+------------+----------------+-----------------+------------+----------------+
| G7(0.0)    | 0.855555555556 | 0.986129458388  | 0.5        | 0.277777777778 |
+------------+----------------+-----------------+------------+----------------+
| G7(1.0)    | 0.144444444444 | 0.0138705416116 | 0.5        | 0.722222222222 |
+------------+----------------+-----------------+------------+----------------+
+------------+------------+----------------+----------------+-----------------+
| ('G24', 1) | G24_1(0.0) | G24_1(0.0)     | G24_1(1.0)     | G24_1(1.0)      |
+------------+------------+----------------+----------------+-----------------+
| ('G6', 0)  | G6_0(0.0)  | G6_0(1.0)      | G6_0(0.0)      | G6_0(1.0)       |
+------------+------------+----------------+----------------+-----------------+
| G6(0.0)    | 0.98       | 0.254385964912 | 0.748366013072 | 0.0467775467775 |
+------------+------------+----------------+----------------+-----------------+
| G6(1.0)    | 0.02       | 0.745614035088 | 0.251633986928 | 0.953222453222  |
+------------+------------+----------------+----------------+-----------------+
+------------+----------------+-----------------+-----------------+----------------+
| ('G5', 0)  | G5_0(0.0)      | G5_0(0.0)       | G5_0(1.0)       | G5_0(1.0)      |
+------------+----------------+-----------------+-----------------+----------------+
| ('G79', 1) | G79_1(0.0)     | G79_1(1.0)      | G79_1(0.0)      | G79_1(1.0)     |
+------------+----------------+-----------------+-----------------+----------------+
| G5(0.0)    | 0.809278350515 | 0.937158469945  | 0.0643564356436 | 0.673913043478 |
+------------+----------------+-----------------+-----------------+----------------+
| G5(1.0)    | 0.190721649485 | 0.0628415300546 | 0.935643564356  | 0.326086956522 |
+------------+----------------+-----------------+-----------------+----------------+
+------------+----------------+----------------+-----------------+----------------+
| ('G1', 0)  | G1_0(0.0)      | G1_0(0.0)      | G1_0(1.0)       | G1_0(1.0)      |
+------------+----------------+----------------+-----------------+----------------+
| ('G95', 1) | G95_1(0.0)     | G95_1(1.0)     | G95_1(0.0)      | G95_1(1.0)     |
+------------+----------------+----------------+-----------------+----------------+
| G4(0.0)    | 0.661073825503 | 0.622448979592 | 0.0971479500891 | 0.605263157895 |
+------------+----------------+----------------+-----------------+----------------+
| G4(1.0)    | 0.338926174497 | 0.377551020408 | 0.902852049911  | 0.394736842105 |
+------------+----------------+----------------+-----------------+----------------+
+------------+------------+-----------------+----------------+----------------+
| ('G4', 0)  | G4_0(0.0)  | G4_0(0.0)       | G4_0(1.0)      | G4_0(1.0)      |
+------------+------------+-----------------+----------------+----------------+
| ('G88', 1) | G88_1(0.0) | G88_1(1.0)      | G88_1(0.0)     | G88_1(1.0)     |
+------------+------------+-----------------+----------------+----------------+
| G3(0.0)    | 0.1        | 0.0767195767196 | 0.475308641975 | 0.204414587332 |
+------------+------------+-----------------+----------------+----------------+
| G3(1.0)    | 0.9        | 0.92328042328   | 0.524691358025 | 0.795585412668 |
+------------+------------+-----------------+----------------+----------------+
+-----------+------------------+----------------+----------------+-----------------+
| ('G2', 0) | G2_0(0.0)        | G2_0(0.0)      | G2_0(1.0)      | G2_0(1.0)       |
+-----------+------------------+----------------+----------------+-----------------+
| ('G8', 1) | G8_1(0.0)        | G8_1(1.0)      | G8_1(0.0)      | G8_1(1.0)       |
+-----------+------------------+----------------+----------------+-----------------+
| G2(0.0)   | 0.995201535509   | 0.914201183432 | 0.617647058824 | 0.0963302752294 |
+-----------+------------------+----------------+----------------+-----------------+
| G2(1.0)   | 0.00479846449136 | 0.085798816568 | 0.382352941176 | 0.903669724771  |
+-----------+------------------+----------------+----------------+-----------------+
+------------+----------------+----------------+-----------------+----------------+
| ('G1', 0)  | G1_0(0.0)      | G1_0(0.0)      | G1_0(1.0)       | G1_0(1.0)      |
+------------+----------------+----------------+-----------------+----------------+
| ('G36', 0) | G36_0(0.0)     | G36_0(1.0)     | G36_0(0.0)      | G36_0(1.0)     |
+------------+----------------+----------------+-----------------+----------------+
| G1(0.0)    | 0.567415730337 | 0.756880733945 | 0.0425330812854 | 0.432584269663 |
+------------+----------------+----------------+-----------------+----------------+
| G1(1.0)    | 0.432584269663 | 0.243119266055 | 0.957466918715  | 0.567415730337 |
+------------+----------------+----------------+-----------------+----------------+
+------------+-----------------+----------------+----------------+-----------------+
| ('G29', 1) | G29_1(0.0)      | G29_1(0.0)     | G29_1(1.0)     | G29_1(1.0)      |
+------------+-----------------+----------------+----------------+-----------------+
| ('G9', 0)  | G9_0(0.0)       | G9_0(1.0)      | G9_0(0.0)      | G9_0(1.0)       |
+------------+-----------------+----------------+----------------+-----------------+
| G9(0.0)    | 0.929530201342  | 0.104519774011 | 0.439393939394 | 0.0229759299781 |
+------------+-----------------+----------------+----------------+-----------------+
| G9(1.0)    | 0.0704697986577 | 0.895480225989 | 0.560606060606 | 0.977024070022  |
+------------+-----------------+----------------+----------------+-----------------+
+------------+-----------------+----------------+---------------+----------------+
| ('G20', 1) | G20_1(0.0)      | G20_1(0.0)     | G20_1(1.0)    | G20_1(1.0)     |
+------------+-----------------+----------------+---------------+----------------+
| ('G8', 0)  | G8_0(0.0)       | G8_0(1.0)      | G8_0(0.0)     | G8_0(1.0)      |
+------------+-----------------+----------------+---------------+----------------+
| G8(0.0)    | 0.969565217391  | 0.582191780822 | 0.71164021164 | 0.126794258373 |
+------------+-----------------+----------------+---------------+----------------+
| G8(1.0)    | 0.0304347826087 | 0.417808219178 | 0.28835978836 | 0.873205741627 |
+------------+-----------------+----------------+---------------+----------------+
+------------+----------------+-----------------+-----------------+-----------------+
| ('G32', 0) | G32_0(0.0)     | G32_0(0.0)      | G32_0(1.0)      | G32_0(1.0)      |
+------------+----------------+-----------------+-----------------+-----------------+
| ('G83', 1) | G83_1(0.0)     | G83_1(1.0)      | G83_1(0.0)      | G83_1(1.0)      |
+------------+----------------+-----------------+-----------------+-----------------+
| G53(0.0)   | 0.594117647059 | 0.0151515151515 | 0.970588235294  | 0.914746543779  |
+------------+----------------+-----------------+-----------------+-----------------+
| G53(1.0)   | 0.405882352941 | 0.984848484848  | 0.0294117647059 | 0.0852534562212 |
+------------+----------------+-----------------+-----------------+-----------------+
+------------+----------------+----------------+----------------+----------------+
| ('G52', 0) | G52_0(0.0)     | G52_0(0.0)     | G52_0(1.0)     | G52_0(1.0)     |
+------------+----------------+----------------+----------------+----------------+
| ('G53', 0) | G53_0(0.0)     | G53_0(1.0)     | G53_0(0.0)     | G53_0(1.0)     |
+------------+----------------+----------------+----------------+----------------+
| G52(0.0)   | 0.714876033058 | 0.114035087719 | 0.269585253456 | 0.062945368171 |
+------------+----------------+----------------+----------------+----------------+
| G52(1.0)   | 0.285123966942 | 0.885964912281 | 0.730414746544 | 0.937054631829 |
+------------+----------------+----------------+----------------+----------------+
+------------+-----------------+-----------------+----------------+------------------+
| ('G13', 1) | G13_1(0.0)      | G13_1(0.0)      | G13_1(1.0)     | G13_1(1.0)       |
+------------+-----------------+-----------------+----------------+------------------+
| ('G51', 0) | G51_0(0.0)      | G51_0(1.0)      | G51_0(0.0)     | G51_0(1.0)       |
+------------+-----------------+-----------------+----------------+------------------+
| G51(0.0)   | 0.932432432432  | 0.0963302752294 | 0.382352941176 | 0.00382848392037 |
+------------+-----------------+-----------------+----------------+------------------+
| G51(1.0)   | 0.0675675675676 | 0.903669724771  | 0.617647058824 | 0.99617151608    |
+------------+-----------------+-----------------+----------------+------------------+
+------------+---------------+----------------+----------------+----------------+
| ('G33', 0) | G33_0(0.0)    | G33_0(0.0)     | G33_0(1.0)     | G33_0(1.0)     |
+------------+---------------+----------------+----------------+----------------+
| ('G48', 1) | G48_1(0.0)    | G48_1(1.0)     | G48_1(0.0)     | G48_1(1.0)     |
+------------+---------------+----------------+----------------+----------------+
| G50(0.0)   | 0.44952681388 | 0.880952380952 | 0.101918465228 | 0.631147540984 |
+------------+---------------+----------------+----------------+----------------+
| G50(1.0)   | 0.55047318612 | 0.119047619048 | 0.898081534772 | 0.368852459016 |
+------------+---------------+----------------+----------------+----------------+
+------------+-----------------+----------------+----------------+------------------+
| ('G57', 0) | G57_0(0.0)      | G57_0(0.0)     | G57_0(1.0)     | G57_0(1.0)       |
+------------+-----------------+----------------+----------------+------------------+
| ('G65', 0) | G65_0(0.0)      | G65_0(1.0)     | G65_0(0.0)     | G65_0(1.0)       |
+------------+-----------------+----------------+----------------+------------------+
| G57(0.0)   | 0.944444444444  | 0.801886792453 | 0.722222222222 | 0.00352609308886 |
+------------+-----------------+----------------+----------------+------------------+
| G57(1.0)   | 0.0555555555556 | 0.198113207547 | 0.277777777778 | 0.996473906911   |
+------------+-----------------+----------------+----------------+------------------+
+------------+----------------+-----------------+-----------------+----------------+
| ('G22', 1) | G22_1(0.0)     | G22_1(0.0)      | G22_1(1.0)      | G22_1(1.0)     |
+------------+----------------+-----------------+-----------------+----------------+
| ('G55', 0) | G55_0(0.0)     | G55_0(1.0)      | G55_0(0.0)      | G55_0(1.0)     |
+------------+----------------+-----------------+-----------------+----------------+
| G56(0.0)   | 0.807692307692 | 0.932432432432  | 0.0102685624013 | 0.860902255639 |
+------------+----------------+-----------------+-----------------+----------------+
| G56(1.0)   | 0.192307692308 | 0.0675675675676 | 0.989731437599  | 0.139097744361 |
+------------+----------------+-----------------+-----------------+----------------+
+------------+------------+------------+------------+-----------------+
| ('G55', 0) | G55_0(0.0) | G55_0(0.0) | G55_0(1.0) | G55_0(1.0)      |
+------------+------------+------------+------------+-----------------+
| ('G72', 1) | G72_1(0.0) | G72_1(1.0) | G72_1(0.0) | G72_1(1.0)      |
+------------+------------+------------+------------+-----------------+
| G55(0.0)   | 0.9896     | 0.5        | 0.116      | 0.0555555555556 |
+------------+------------+------------+------------+-----------------+
| G55(1.0)   | 0.0104     | 0.5        | 0.884      | 0.944444444444  |
+------------+------------+------------+------------+-----------------+
+------------+-----------------+----------------+----------------+------------------+
| ('G54', 0) | G54_0(0.0)      | G54_0(0.0)     | G54_0(1.0)     | G54_0(1.0)       |
+------------+-----------------+----------------+----------------+------------------+
| ('G9', 1)  | G9_1(0.0)       | G9_1(1.0)      | G9_1(0.0)      | G9_1(1.0)        |
+------------+-----------------+----------------+----------------+------------------+
| G54(0.0)   | 0.965753424658  | 0.309523809524 | 0.133027522936 | 0.00407830342577 |
+------------+-----------------+----------------+----------------+------------------+
| G54(1.0)   | 0.0342465753425 | 0.690476190476 | 0.866972477064 | 0.995921696574   |
+------------+-----------------+----------------+----------------+------------------+
+------------+----------------+-----------------+----------------+----------------+
| ('G41', 1) | G41_1(0.0)     | G41_1(0.0)      | G41_1(1.0)     | G41_1(1.0)     |
+------------+----------------+-----------------+----------------+----------------+
| ('G59', 0) | G59_0(0.0)     | G59_0(1.0)      | G59_0(0.0)     | G59_0(1.0)     |
+------------+----------------+-----------------+----------------+----------------+
| G59(0.0)   | 0.309523809524 | 0.0294117647059 | 0.741469816273 | 0.335866261398 |
+------------+----------------+-----------------+----------------+----------------+
| G59(1.0)   | 0.690476190476 | 0.970588235294  | 0.258530183727 | 0.664133738602 |
+------------+----------------+-----------------+----------------+----------------+
+------------+----------------+----------------+----------------+---------------+
| ('G30', 1) | G30_1(0.0)     | G30_1(0.0)     | G30_1(1.0)     | G30_1(1.0)    |
+------------+----------------+----------------+----------------+---------------+
| ('G56', 1) | G56_1(0.0)     | G56_1(1.0)     | G56_1(0.0)     | G56_1(1.0)    |
+------------+----------------+----------------+----------------+---------------+
| G58(0.0)   | 0.161538461538 | 0.285440613027 | 0.777227722772 | 0.23264781491 |
+------------+----------------+----------------+----------------+---------------+
| G58(1.0)   | 0.838461538462 | 0.714559386973 | 0.222772277228 | 0.76735218509 |
+------------+----------------+----------------+----------------+---------------+
+------------+----------------+----------------+----------------+-----------------+
| ('G38', 1) | G38_1(0.0)     | G38_1(0.0)     | G38_1(1.0)     | G38_1(1.0)      |
+------------+----------------+----------------+----------------+-----------------+
| ('G40', 0) | G40_0(0.0)     | G40_0(1.0)     | G40_0(0.0)     | G40_0(1.0)      |
+------------+----------------+----------------+----------------+-----------------+
| G40(0.0)   | 0.755737704918 | 0.266990291262 | 0.192307692308 | 0.0132275132275 |
+------------+----------------+----------------+----------------+-----------------+
| G40(1.0)   | 0.244262295082 | 0.733009708738 | 0.807692307692 | 0.986772486772  |
+------------+----------------+----------------+----------------+-----------------+
+------------+----------------+------------------+-----------------+----------------+
| ('G38', 1) | G38_1(0.0)     | G38_1(0.0)       | G38_1(1.0)      | G38_1(1.0)     |
+------------+----------------+------------------+-----------------+----------------+
| ('G41', 0) | G41_0(0.0)     | G41_0(1.0)       | G41_0(0.0)      | G41_0(1.0)     |
+------------+----------------+------------------+-----------------+----------------+
| G41(0.0)   | 0.192307692308 | 0.00415973377704 | 0.930107526882  | 0.133027522936 |
+------------+----------------+------------------+-----------------+----------------+
| G41(1.0)   | 0.807692307692 | 0.995840266223   | 0.0698924731183 | 0.866972477064 |
+------------+----------------+------------------+-----------------+----------------+
+------------+-----------------+----------------+----------------+------------------+
| ('G42', 0) | G42_0(0.0)      | G42_0(0.0)     | G42_0(1.0)     | G42_0(1.0)       |
+------------+-----------------+----------------+----------------+------------------+
| ('G92', 1) | G92_1(0.0)      | G92_1(1.0)     | G92_1(0.0)     | G92_1(1.0)       |
+------------+-----------------+----------------+----------------+------------------+
| G42(0.0)   | 0.939024390244  | 0.277777777778 | 0.132653061224 | 0.00348675034868 |
+------------+-----------------+----------------+----------------+------------------+
| G42(1.0)   | 0.0609756097561 | 0.722222222222 | 0.867346938776 | 0.996513249651   |
+------------+-----------------+----------------+----------------+------------------+
+------------+-----------------+-----------------+----------------+---------------+
| ('G29', 1) | G29_1(0.0)      | G29_1(0.0)      | G29_1(1.0)     | G29_1(1.0)    |
+------------+-----------------+-----------------+----------------+---------------+
| ('G43', 0) | G43_0(0.0)      | G43_0(1.0)      | G43_0(0.0)     | G43_0(1.0)    |
+------------+-----------------+-----------------+----------------+---------------+
| G43(0.0)   | 0.98730964467   | 0.0813953488372 | 0.486206896552 | 0.18115942029 |
+------------+-----------------+-----------------+----------------+---------------+
| G43(1.0)   | 0.0126903553299 | 0.918604651163  | 0.513793103448 | 0.81884057971 |
+------------+-----------------+-----------------+----------------+---------------+
+----------+---+
| G44(0.0) | 1 |
+----------+---+
+------------+----------------+----------------+----------------+----------------+
| ('G4', 0)  | G4_0(0.0)      | G4_0(0.0)      | G4_0(1.0)      | G4_0(1.0)      |
+------------+----------------+----------------+----------------+----------------+
| ('G84', 1) | G84_1(0.0)     | G84_1(1.0)     | G84_1(0.0)     | G84_1(1.0)     |
+------------+----------------+----------------+----------------+----------------+
| G45(0.0)   | 0.801886792453 | 0.586956521739 | 0.476878612717 | 0.238927738928 |
+------------+----------------+----------------+----------------+----------------+
| G45(1.0)   | 0.198113207547 | 0.413043478261 | 0.523121387283 | 0.761072261072 |
+------------+----------------+----------------+----------------+----------------+
+------------+----------------+----------------+------------+------------------+
| ('G39', 0) | G39_0(0.0)     | G39_0(0.0)     | G39_0(1.0) | G39_0(1.0)       |
+------------+----------------+----------------+------------+------------------+
| ('G46', 0) | G46_0(0.0)     | G46_0(1.0)     | G46_0(0.0) | G46_0(1.0)       |
+------------+----------------+----------------+------------+------------------+
| G46(0.0)   | 0.856435643564 | 0.560606060606 | 0.74       | 0.00380517503805 |
+------------+----------------+----------------+------------+------------------+
| G46(1.0)   | 0.143564356436 | 0.439393939394 | 0.26       | 0.996194824962   |
+------------+----------------+----------------+------------+------------------+
+------------+----------------+----------------+---------------+----------------+
| ('G38', 0) | G38_0(0.0)     | G38_0(0.0)     | G38_0(1.0)    | G38_0(1.0)     |
+------------+----------------+----------------+---------------+----------------+
| ('G48', 1) | G48_1(0.0)     | G48_1(1.0)     | G48_1(0.0)    | G48_1(1.0)     |
+------------+----------------+----------------+---------------+----------------+
| G47(0.0)   | 0.263727121464 | 0.192307692308 | 0.31954887218 | 0.847826086957 |
+------------+----------------+----------------+---------------+----------------+
| G47(1.0)   | 0.736272878536 | 0.807692307692 | 0.68045112782 | 0.152173913043 |
+------------+----------------+----------------+---------------+----------------+
+------------+----------------+-----------------+----------------+----------------+
| ('G38', 0) | G38_0(0.0)     | G38_0(0.0)      | G38_0(1.0)     | G38_0(1.0)     |
+------------+----------------+-----------------+----------------+----------------+
| ('G75', 1) | G75_1(0.0)     | G75_1(1.0)      | G75_1(0.0)     | G75_1(1.0)     |
+------------+----------------+-----------------+----------------+----------------+
| G48(0.0)   | 0.984412470024 | 0.967005076142  | 0.872413793103 | 0.114035087719 |
+------------+----------------+-----------------+----------------+----------------+
| G48(1.0)   | 0.015587529976 | 0.0329949238579 | 0.127586206897 | 0.885964912281 |
+------------+----------------+-----------------+----------------+----------------+
+------------+-----------------+------------+---------------+----------------+
| ('G13', 1) | G13_1(0.0)      | G13_1(0.0) | G13_1(1.0)    | G13_1(1.0)     |
+------------+-----------------+------------+---------------+----------------+
| ('G49', 0) | G49_0(0.0)      | G49_0(1.0) | G49_0(0.0)    | G49_0(1.0)     |
+------------+-----------------+------------+---------------+----------------+
| G49(0.0)   | 0.944444444444  | 0.5        | 0.46449704142 | 0.172654690619 |
+------------+-----------------+------------+---------------+----------------+
| G49(1.0)   | 0.0555555555556 | 0.5        | 0.53550295858 | 0.827345309381 |
+------------+-----------------+------------+---------------+----------------+
+------------+-----------------+----------------+----------------+-----------------+
| ('G20', 1) | G20_1(0.0)      | G20_1(0.0)     | G20_1(1.0)     | G20_1(1.0)      |
+------------+-----------------+----------------+----------------+-----------------+
| ('G75', 0) | G75_0(0.0)      | G75_0(1.0)     | G75_0(0.0)     | G75_0(1.0)      |
+------------+-----------------+----------------+----------------+-----------------+
| G75(0.0)   | 0.983290488432  | 0.775862068966 | 0.823699421965 | 0.0644444444444 |
+------------+-----------------+----------------+----------------+-----------------+
| G75(1.0)   | 0.0167095115681 | 0.224137931034 | 0.176300578035 | 0.935555555556  |
+------------+-----------------+----------------+----------------+-----------------+
+------------+-----------------+----------------+---------------+----------------+
| ('G2', 1)  | G2_1(0.0)       | G2_1(0.0)      | G2_1(1.0)     | G2_1(1.0)      |
+------------+-----------------+----------------+---------------+----------------+
| ('G98', 1) | G98_1(0.0)      | G98_1(1.0)     | G98_1(0.0)    | G98_1(1.0)     |
+------------+-----------------+----------------+---------------+----------------+
| G74(0.0)   | 0.0640599001664 | 0.844086021505 | 0.24025974026 | 0.144444444444 |
+------------+-----------------+----------------+---------------+----------------+
| G74(1.0)   | 0.935940099834  | 0.155913978495 | 0.75974025974 | 0.855555555556 |
+------------+-----------------+----------------+---------------+----------------+
+------------+-----------------+-----------------+----------------+------------------+
| ('G41', 0) | G41_0(0.0)      | G41_0(0.0)      | G41_0(1.0)     | G41_0(1.0)       |
+------------+-----------------+-----------------+----------------+------------------+
| ('G77', 0) | G77_0(0.0)      | G77_0(1.0)      | G77_0(0.0)     | G77_0(1.0)       |
+------------+-----------------+-----------------+----------------+------------------+
| G77(0.0)   | 0.924242424242  | 0.0890410958904 | 0.277777777778 | 0.00356633380884 |
+------------+-----------------+-----------------+----------------+------------------+
| G77(1.0)   | 0.0757575757576 | 0.91095890411   | 0.722222222222 | 0.996433666191   |
+------------+-----------------+-----------------+----------------+------------------+
+------------+----------------+----------------+----------------+----------------+
| ('G51', 1) | G51_1(0.0)     | G51_1(0.0)     | G51_1(1.0)     | G51_1(1.0)     |
+------------+----------------+----------------+----------------+----------------+
| ('G70', 0) | G70_0(0.0)     | G70_0(1.0)     | G70_0(0.0)     | G70_0(1.0)     |
+------------+----------------+----------------+----------------+----------------+
| G76(0.0)   | 0.807692307692 | 0.646341463415 | 0.443925233645 | 0.268707482993 |
+------------+----------------+----------------+----------------+----------------+
| G76(1.0)   | 0.192307692308 | 0.353658536585 | 0.556074766355 | 0.731292517007 |
+------------+----------------+----------------+----------------+----------------+
+----------+---+
| G71(0.0) | 1 |
+----------+---+
+------------+----------------+-----------------+----------------+----------------+
| ('G85', 1) | G85_1(0.0)     | G85_1(0.0)      | G85_1(1.0)     | G85_1(1.0)     |
+------------+----------------+-----------------+----------------+----------------+
| ('G95', 1) | G95_1(0.0)     | G95_1(1.0)      | G95_1(0.0)     | G95_1(1.0)     |
+------------+----------------+-----------------+----------------+----------------+
| G70(0.0)   | 0.407438016529 | 0.0294117647059 | 0.671428571429 | 0.880952380952 |
+------------+----------------+-----------------+----------------+----------------+
| G70(1.0)   | 0.592561983471 | 0.970588235294  | 0.328571428571 | 0.119047619048 |
+------------+----------------+-----------------+----------------+----------------+
+------------+----------------+----------------+------------+------------------+
| ('G65', 1) | G65_1(0.0)     | G65_1(0.0)     | G65_1(1.0) | G65_1(1.0)       |
+------------+----------------+----------------+------------+------------------+
| ('G73', 0) | G73_0(0.0)     | G73_0(1.0)     | G73_0(0.0) | G73_0(1.0)       |
+------------+----------------+----------------+------------+------------------+
| G73(0.0)   | 0.855555555556 | 0.722222222222 | 0.5        | 0.00330250990753 |
+------------+----------------+----------------+------------+------------------+
| G73(1.0)   | 0.144444444444 | 0.277777777778 | 0.5        | 0.996697490092   |
+------------+----------------+----------------+------------+------------------+
+------------+-----------------+-----------------+-----------------+----------------+
| ('G50', 1) | G50_1(0.0)      | G50_1(0.0)      | G50_1(1.0)      | G50_1(1.0)     |
+------------+-----------------+-----------------+-----------------+----------------+
| ('G72', 0) | G72_0(0.0)      | G72_0(1.0)      | G72_0(0.0)      | G72_0(1.0)     |
+------------+-----------------+-----------------+-----------------+----------------+
| G72(0.0)   | 0.98730964467   | 0.0555555555556 | 0.966546112116  | 0.880952380952 |
+------------+-----------------+-----------------+-----------------+----------------+
| G72(1.0)   | 0.0126903553299 | 0.944444444444  | 0.0334538878843 | 0.119047619048 |
+------------+-----------------+-----------------+-----------------+----------------+
+------------+----------------+----------------+----------------+----------------+
| ('G20', 1) | G20_1(0.0)     | G20_1(0.0)     | G20_1(1.0)     | G20_1(1.0)     |
+------------+----------------+----------------+----------------+----------------+
| ('G79', 0) | G79_0(0.0)     | G79_0(1.0)     | G79_0(0.0)     | G79_0(1.0)     |
+------------+----------------+----------------+----------------+----------------+
| G79(0.0)   | 0.161538461538 | 0.131728045326 | 0.825581395349 | 0.128252788104 |
+------------+----------------+----------------+----------------+----------------+
| G79(1.0)   | 0.838461538462 | 0.868271954674 | 0.174418604651 | 0.871747211896 |
+------------+----------------+----------------+----------------+----------------+
+------------+-----------------+------------+----------------+------------+
| ('G82', 0) | G82_0(0.0)      | G82_0(0.0) | G82_0(1.0)     | G82_0(1.0) |
+------------+-----------------+------------+----------------+------------+
| ('G93', 0) | G93_0(0.0)      | G93_0(1.0) | G93_0(0.0)     | G93_0(1.0) |
+------------+-----------------+------------+----------------+------------+
| G78(0.0)   | 0.996607869742  | 0.9        | 0.722222222222 | 0.5        |
+------------+-----------------+------------+----------------+------------+
| G78(1.0)   | 0.0033921302578 | 0.1        | 0.277777777778 | 0.5        |
+------------+-----------------+------------+----------------+------------+
+------------+----------------+----------------+-----------------+----------------+
| ('G53', 0) | G53_0(0.0)     | G53_0(0.0)     | G53_0(1.0)      | G53_0(1.0)     |
+------------+----------------+----------------+-----------------+----------------+
| ('G68', 0) | G68_0(0.0)     | G68_0(1.0)     | G68_0(0.0)      | G68_0(1.0)     |
+------------+----------------+----------------+-----------------+----------------+
| G68(0.0)   | 0.971615720524 | 0.279816513761 | 0.0609756097561 | 0.033180778032 |
+------------+----------------+----------------+-----------------+----------------+
| G68(1.0)   | 0.028384279476 | 0.720183486239 | 0.939024390244  | 0.966819221968 |
+------------+----------------+----------------+-----------------+----------------+
+------------+----------------+----------------+------------------+-----------------+
| ('G69', 0) | G69_0(0.0)     | G69_0(0.0)     | G69_0(1.0)       | G69_0(1.0)      |
+------------+----------------+----------------+------------------+-----------------+
| ('G75', 1) | G75_1(0.0)     | G75_1(1.0)     | G75_1(0.0)       | G75_1(1.0)      |
+------------+----------------+----------------+------------------+-----------------+
| G69(0.0)   | 0.192307692308 | 0.827868852459 | 0.00455373406193 | 0.0958549222798 |
+------------+----------------+----------------+------------------+-----------------+
| G69(1.0)   | 0.807692307692 | 0.172131147541 | 0.995446265938   | 0.90414507772   |
+------------+----------------+----------------+------------------+-----------------+
+------------+----------------+----------------+-----------------+---------------+
| ('G40', 0) | G40_0(0.0)     | G40_0(0.0)     | G40_0(1.0)      | G40_0(1.0)    |
+------------+----------------+----------------+-----------------+---------------+
| ('G62', 0) | G62_0(0.0)     | G62_0(1.0)     | G62_0(0.0)      | G62_0(1.0)    |
+------------+----------------+----------------+-----------------+---------------+
| G62(0.0)   | 0.602564102564 | 0.191542288557 | 0.909411764706  | 0.63698630137 |
+------------+----------------+----------------+-----------------+---------------+
| G62(1.0)   | 0.397435897436 | 0.808457711443 | 0.0905882352941 | 0.36301369863 |
+------------+----------------+----------------+-----------------+---------------+
+------------+----------------+------------+----------------+------------+
| ('G64', 1) | G64_1(0.0)     | G64_1(0.0) | G64_1(1.0)     | G64_1(1.0) |
+------------+----------------+------------+----------------+------------+
| ('G93', 0) | G93_0(0.0)     | G93_0(1.0) | G93_0(0.0)     | G93_0(1.0) |
+------------+----------------+------------+----------------+------------+
| G63(0.0)   | 0.184867394696 | 0.5        | 0.519047619048 | 0.74       |
+------------+----------------+------------+----------------+------------+
| G63(1.0)   | 0.815132605304 | 0.5        | 0.480952380952 | 0.26       |
+------------+----------------+------------+----------------+------------+
+------------+----------------+------------+------------+-----------------+
| ('G66', 1) | G66_1(0.0)     | G66_1(0.0) | G66_1(1.0) | G66_1(1.0)      |
+------------+----------------+------------+------------+-----------------+
| ('G77', 0) | G77_0(0.0)     | G77_0(1.0) | G77_0(0.0) | G77_0(1.0)      |
+------------+----------------+------------+------------+-----------------+
| G60(0.0)   | 0.119047619048 | 0.5        | 0.5        | 0.958616010855  |
+------------+----------------+------------+------------+-----------------+
| G60(1.0)   | 0.880952380952 | 0.5        | 0.5        | 0.0413839891452 |
+------------+----------------+------------+------------+-----------------+
+------------+------------------+----------------+----------------+------------+
| ('G61', 0) | G61_0(0.0)       | G61_0(0.0)     | G61_0(1.0)     | G61_0(1.0) |
+------------+------------------+----------------+----------------+------------+
| ('G78', 0) | G78_0(0.0)       | G78_0(1.0)     | G78_0(0.0)     | G78_0(1.0) |
+------------+------------------+----------------+----------------+------------+
| G61(0.0)   | 0.991803278689   | 0.722222222222 | 0.722222222222 | 0.5        |
+------------+------------------+----------------+----------------+------------+
| G61(1.0)   | 0.00819672131148 | 0.277777777778 | 0.277777777778 | 0.5        |
+------------+------------------+----------------+----------------+------------+
+------------+----------------+------------+----------------+------------------+
| ('G66', 0) | G66_0(0.0)     | G66_0(0.0) | G66_0(1.0)     | G66_0(1.0)       |
+------------+----------------+------------+----------------+------------------+
| ('G67', 1) | G67_1(0.0)     | G67_1(1.0) | G67_1(0.0)     | G67_1(1.0)       |
+------------+----------------+------------+----------------+------------------+
| G66(0.0)   | 0.650943396226 | 0.5        | 0.207865168539 | 0.00373692077728 |
+------------+----------------+------------+----------------+------------------+
| G66(1.0)   | 0.349056603774 | 0.5        | 0.792134831461 | 0.996263079223   |
+------------+----------------+------------+----------------+------------------+
+------------+-----------------+-----------------+-----------------+------------------+
| ('G12', 0) | G12_0(0.0)      | G12_0(0.0)      | G12_0(1.0)      | G12_0(1.0)       |
+------------+-----------------+-----------------+-----------------+------------------+
| ('G12', 1) | G12_1(0.0)      | G12_1(1.0)      | G12_1(0.0)      | G12_1(1.0)       |
+------------+-----------------+-----------------+-----------------+------------------+
| G67(0.0)   | 0.981751824818  | 0.0862068965517 | 0.0862068965517 | 0.00402576489533 |
+------------+-----------------+-----------------+-----------------+------------------+
| G67(1.0)   | 0.0182481751825 | 0.913793103448  | 0.913793103448  | 0.995974235105   |
+------------+-----------------+-----------------+-----------------+------------------+
+------------+---------------+----------------+------------+------------------+
| ('G12', 0) | G12_0(0.0)    | G12_0(0.0)     | G12_0(1.0) | G12_0(1.0)       |
+------------+---------------+----------------+------------+------------------+
| ('G67', 0) | G67_0(0.0)    | G67_0(1.0)     | G67_0(0.0) | G67_0(1.0)       |
+------------+---------------+----------------+------------+------------------+
| G64(0.0)   | 0.13503649635 | 0.775862068966 | 0.5        | 0.996124031008   |
+------------+---------------+----------------+------------+------------------+
| G64(1.0)   | 0.86496350365 | 0.224137931034 | 0.5        | 0.00387596899225 |
+------------+---------------+----------------+------------+------------------+
+------------+-----------------+------------+------------+------------------+
| ('G17', 1) | G17_1(0.0)      | G17_1(0.0) | G17_1(1.0) | G17_1(1.0)       |
+------------+-----------------+------------+------------+------------------+
| ('G73', 0) | G73_0(0.0)      | G73_0(1.0) | G73_0(0.0) | G73_0(1.0)       |
+------------+-----------------+------------+------------+------------------+
| G65(0.0)   | 0.944444444444  | 0.5        | 0.5        | 0.00854139290407 |
+------------+-----------------+------------+------------+------------------+
| G65(1.0)   | 0.0555555555556 | 0.5        | 0.5        | 0.991458607096   |
+------------+-----------------+------------+------------+------------------+
+-------------+----------------+-----------------+----------------+----------------+
| ('G100', 0) | G100_0(0.0)    | G100_0(0.0)     | G100_0(1.0)    | G100_0(1.0)    |
+-------------+----------------+-----------------+----------------+----------------+
| ('G53', 0)  | G53_0(0.0)     | G53_0(1.0)      | G53_0(0.0)     | G53_0(1.0)     |
+-------------+----------------+-----------------+----------------+----------------+
| G100(0.0)   | 0.595238095238 | 0.925427872861  | 0.130901287554 | 0.615942028986 |
+-------------+----------------+-----------------+----------------+----------------+
| G100(1.0)   | 0.404761904762 | 0.0745721271394 | 0.869098712446 | 0.384057971014 |
+-------------+----------------+-----------------+----------------+----------------+
+------------+------------+-----------------+-----------------+----------------+
| ('G32', 0) | G32_0(0.0) | G32_0(0.0)      | G32_0(1.0)      | G32_0(1.0)     |
+------------+------------+-----------------+-----------------+----------------+
| ('G67', 1) | G67_1(0.0) | G67_1(1.0)      | G67_1(0.0)      | G67_1(1.0)     |
+------------+------------+-----------------+-----------------+----------------+
| G19(0.0)   | 0.5        | 0.0049115913556 | 0.952554744526  | 0.645454545455 |
+------------+------------+-----------------+-----------------+----------------+
| G19(1.0)   | 0.5        | 0.995088408644  | 0.0474452554745 | 0.354545454545 |
+------------+------------+-----------------+-----------------+----------------+
+------------+----------------+-----------------+-----------------+------------+
| ('G18', 0) | G18_0(0.0)     | G18_0(0.0)      | G18_0(1.0)      | G18_0(1.0) |
+------------+----------------+-----------------+-----------------+------------+
| ('G90', 1) | G90_1(0.0)     | G90_1(1.0)      | G90_1(0.0)      | G90_1(1.0) |
+------------+----------------+-----------------+-----------------+------------+
| G18(0.0)   | 0.814410480349 | 0.96408839779   | 0.0637393767705 | 0.5        |
+------------+----------------+-----------------+-----------------+------------+
| G18(1.0)   | 0.185589519651 | 0.0359116022099 | 0.936260623229  | 0.5        |
+------------+----------------+-----------------+-----------------+------------+
+------------+-----------------+------------+------------------+----------------+
| ('G73', 0) | G73_0(0.0)      | G73_0(0.0) | G73_0(1.0)       | G73_0(1.0)     |
+------------+-----------------+------------+------------------+----------------+
| ('G82', 0) | G82_0(0.0)      | G82_0(1.0) | G82_0(0.0)       | G82_0(1.0)     |
+------------+-----------------+------------+------------------+----------------+
| G17(0.0)   | 0.944444444444  | 0.5        | 0.00330250990753 | 0.277777777778 |
+------------+-----------------+------------+------------------+----------------+
| G17(1.0)   | 0.0555555555556 | 0.5        | 0.996697490092   | 0.722222222222 |
+------------+-----------------+------------+------------------+----------------+
+------------+-----------------+----------------+----------------+----------------+
| ('G16', 0) | G16_0(0.0)      | G16_0(0.0)     | G16_0(1.0)     | G16_0(1.0)     |
+------------+-----------------+----------------+----------------+----------------+
| ('G34', 1) | G34_1(0.0)      | G34_1(1.0)     | G34_1(0.0)     | G34_1(1.0)     |
+------------+-----------------+----------------+----------------+----------------+
| G16(0.0)   | 0.968590831919  | 0.424528301887 | 0.327956989247 | 0.228395061728 |
+------------+-----------------+----------------+----------------+----------------+
| G16(1.0)   | 0.0314091680815 | 0.575471698113 | 0.672043010753 | 0.771604938272 |
+------------+-----------------+----------------+----------------+----------------+
+------------+----------------+----------------+-----------------+----------------+
| ('G15', 0) | G15_0(0.0)     | G15_0(0.0)     | G15_0(1.0)      | G15_0(1.0)     |
+------------+----------------+----------------+-----------------+----------------+
| ('G33', 1) | G33_1(0.0)     | G33_1(1.0)     | G33_1(0.0)      | G33_1(1.0)     |
+------------+----------------+----------------+-----------------+----------------+
| G15(0.0)   | 0.353658536585 | 0.690476190476 | 0.0622895622896 | 0.243944636678 |
+------------+----------------+----------------+-----------------+----------------+
| G15(1.0)   | 0.646341463415 | 0.309523809524 | 0.93771043771   | 0.756055363322 |
+------------+----------------+----------------+-----------------+----------------+
+------------+----------------+----------------+----------------+-----------------+
| ('G14', 0) | G14_0(0.0)     | G14_0(0.0)     | G14_0(1.0)     | G14_0(1.0)      |
+------------+----------------+----------------+----------------+-----------------+
| ('G51', 0) | G51_0(0.0)     | G51_0(1.0)     | G51_0(0.0)     | G51_0(1.0)      |
+------------+----------------+----------------+----------------+-----------------+
| G14(0.0)   | 0.119047619048 | 0.641176470588 | 0.560606060606 | 0.0450516986706 |
+------------+----------------+----------------+----------------+-----------------+
| G14(1.0)   | 0.880952380952 | 0.358823529412 | 0.439393939394 | 0.954948301329  |
+------------+----------------+----------------+----------------+-----------------+
+------------+-----------------+----------------+----------------+-----------------+
| ('G13', 0) | G13_0(0.0)      | G13_0(0.0)     | G13_0(1.0)     | G13_0(1.0)      |
+------------+-----------------+----------------+----------------+-----------------+
| ('G96', 1) | G96_1(0.0)      | G96_1(1.0)     | G96_1(0.0)     | G96_1(1.0)      |
+------------+-----------------+----------------+----------------+-----------------+
| G13(0.0)   | 0.967532467532  | 0.731884057971 | 0.807692307692 | 0.0159817351598 |
+------------+-----------------+----------------+----------------+-----------------+
| G13(1.0)   | 0.0324675324675 | 0.268115942029 | 0.192307692308 | 0.98401826484   |
+------------+-----------------+----------------+----------------+-----------------+
+------------+----------------+-----------------+------------------+----------------+
| ('G12', 0) | G12_0(0.0)     | G12_0(0.0)      | G12_0(1.0)       | G12_0(1.0)     |
+------------+----------------+-----------------+------------------+----------------+
| ('G32', 0) | G32_0(0.0)     | G32_0(1.0)      | G32_0(0.0)       | G32_0(1.0)     |
+------------+----------------+-----------------+------------------+----------------+
| G12(0.0)   | 0.119047619048 | 0.927586206897  | 0.00507099391481 | 0.168789808917 |
+------------+----------------+-----------------+------------------+----------------+
| G12(1.0)   | 0.880952380952 | 0.0724137931034 | 0.994929006085   | 0.831210191083 |
+------------+----------------+-----------------+------------------+----------------+
+------------+----------------+-----------------+-----------------+----------------+
| ('G38', 0) | G38_0(0.0)     | G38_0(0.0)      | G38_0(1.0)      | G38_0(1.0)     |
+------------+----------------+-----------------+-----------------+----------------+
| ('G54', 0) | G54_0(0.0)     | G54_0(1.0)      | G54_0(0.0)      | G54_0(1.0)     |
+------------+----------------+-----------------+-----------------+----------------+
| G11(0.0)   | 0.824324324324 | 0.0528596187175 | 0.956140350877  | 0.403448275862 |
+------------+----------------+-----------------+-----------------+----------------+
| G11(1.0)   | 0.175675675676 | 0.947140381282  | 0.0438596491228 | 0.596551724138 |
+------------+----------------+-----------------+-----------------+----------------+
+------------+-----------------+----------------+------------+------------------+
| ('G54', 0) | G54_0(0.0)      | G54_0(0.0)     | G54_0(1.0) | G54_0(1.0)       |
+------------+-----------------+----------------+------------+------------------+
| ('G66', 0) | G66_0(0.0)      | G66_0(1.0)     | G66_0(0.0) | G66_0(1.0)       |
+------------+-----------------+----------------+------------+------------------+
| G10(0.0)   | 0.924242424242  | 0.565573770492 | 0.74       | 0.00932568149211 |
+------------+-----------------+----------------+------------+------------------+
| G10(1.0)   | 0.0757575757576 | 0.434426229508 | 0.26       | 0.990674318508   |
+------------+-----------------+----------------+------------+------------------+
+------------+----------------+------------------+-----------------+------------+
| ('G95', 1) | G95_1(0.0)     | G95_1(0.0)       | G95_1(1.0)      | G95_1(1.0) |
+------------+----------------+------------------+-----------------+------------+
| ('G97', 0) | G97_0(0.0)     | G97_0(1.0)       | G97_0(0.0)      | G97_0(1.0) |
+------------+----------------+------------------+-----------------+------------+
| G97(0.0)   | 0.277777777778 | 0.00356633380884 | 0.939024390244  | 0.1        |
+------------+----------------+------------------+-----------------+------------+
| G97(1.0)   | 0.722222222222 | 0.996433666191   | 0.0609756097561 | 0.9        |
+------------+----------------+------------------+-----------------+------------+
+------------+-----------------+----------------+----------------+------------------+
| ('G22', 1) | G22_1(0.0)      | G22_1(0.0)     | G22_1(1.0)     | G22_1(1.0)       |
+------------+-----------------+----------------+----------------+------------------+
| ('G96', 0) | G96_0(0.0)      | G96_0(1.0)     | G96_0(0.0)     | G96_0(1.0)       |
+------------+-----------------+----------------+----------------+------------------+
| G96(0.0)   | 0.939024390244  | 0.722222222222 | 0.785714285714 | 0.00906555090656 |
+------------+-----------------+----------------+----------------+------------------+
| G96(1.0)   | 0.0609756097561 | 0.277777777778 | 0.214285714286 | 0.990934449093   |
+------------+-----------------+----------------+----------------+------------------+
+------------+-----------------+----------------+------------------+----------------+
| ('G29', 1) | G29_1(0.0)      | G29_1(0.0)     | G29_1(1.0)       | G29_1(1.0)     |
+------------+-----------------+----------------+------------------+----------------+
| ('G95', 0) | G95_0(0.0)      | G95_0(1.0)     | G95_0(0.0)       | G95_0(1.0)     |
+------------+-----------------+----------------+------------------+----------------+
| G95(0.0)   | 0.920600858369  | 0.112903225806 | 0.994714587738   | 0.852941176471 |
+------------+-----------------+----------------+------------------+----------------+
| G95(1.0)   | 0.0793991416309 | 0.887096774194 | 0.00528541226216 | 0.147058823529 |
+------------+-----------------+----------------+------------------+----------------+
+----------+---+
| G94(0.0) | 1 |
+----------+---+
+------------+----------------+------------------+------------+----------------+
| ('G93', 0) | G93_0(0.0)     | G93_0(0.0)       | G93_0(1.0) | G93_0(1.0)     |
+------------+----------------+------------------+------------+----------------+
| ('G97', 0) | G97_0(0.0)     | G97_0(1.0)       | G97_0(0.0) | G97_0(1.0)     |
+------------+----------------+------------------+------------+----------------+
| G93(0.0)   | 0.309523809524 | 0.991034482759   | 0.5        | 0.158536585366 |
+------------+----------------+------------------+------------+----------------+
| G93(1.0)   | 0.690476190476 | 0.00896551724138 | 0.5        | 0.841463414634 |
+------------+----------------+------------------+------------+----------------+
+------------+-----------------+-----------------+----------------+------------------+
| ('G29', 1) | G29_1(0.0)      | G29_1(0.0)      | G29_1(1.0)     | G29_1(1.0)       |
+------------+-----------------+-----------------+----------------+------------------+
| ('G92', 0) | G92_0(0.0)      | G92_0(1.0)      | G92_0(0.0)     | G92_0(1.0)       |
+------------+-----------------+-----------------+----------------+------------------+
| G92(0.0)   | 0.967532467532  | 0.0421686746988 | 0.192307692308 | 0.00524109014675 |
+------------+-----------------+-----------------+----------------+------------------+
| G92(1.0)   | 0.0324675324675 | 0.957831325301  | 0.807692307692 | 0.994758909853   |
+------------+-----------------+-----------------+----------------+------------------+
+------------+----------------+-----------------+-----------------+----------------+
| ('G90', 1) | G90_1(0.0)     | G90_1(0.0)      | G90_1(1.0)      | G90_1(1.0)     |
+------------+----------------+-----------------+-----------------+----------------+
| ('G91', 0) | G91_0(0.0)     | G91_0(1.0)      | G91_0(0.0)      | G91_0(1.0)     |
+------------+----------------+-----------------+-----------------+----------------+
| G91(0.0)   | 0.592307692308 | 0.0357833655706 | 0.916184971098  | 0.368852459016 |
+------------+----------------+-----------------+-----------------+----------------+
| G91(1.0)   | 0.407692307692 | 0.964216634429  | 0.0838150289017 | 0.631147540984 |
+------------+----------------+-----------------+-----------------+----------------+
+------------+-----------------+----------------+----------------+----------------+
| ('G38', 1) | G38_1(0.0)      | G38_1(0.0)     | G38_1(1.0)     | G38_1(1.0)     |
+------------+-----------------+----------------+----------------+----------------+
| ('G90', 0) | G90_0(0.0)      | G90_0(1.0)     | G90_0(0.0)     | G90_0(1.0)     |
+------------+-----------------+----------------+----------------+----------------+
| G90(0.0)   | 0.987523992322  | 0.198924731183 | 0.464912280702 | 0.155172413793 |
+------------+-----------------+----------------+----------------+----------------+
| G90(1.0)   | 0.0124760076775 | 0.801075268817 | 0.535087719298 | 0.844827586207 |
+------------+-----------------+----------------+----------------+----------------+
+------------+-----------------+------------+----------------+------------------+
| ('G10', 1) | G10_1(0.0)      | G10_1(0.0) | G10_1(1.0)     | G10_1(1.0)       |
+------------+-----------------+------------+----------------+------------------+
| ('G54', 0) | G54_0(0.0)      | G54_0(1.0) | G54_0(0.0)     | G54_0(1.0)       |
+------------+-----------------+------------+----------------+------------------+
| G99(0.0)   | 0.961538461538  | 0.1        | 0.362068965517 | 0.00358680057389 |
+------------+-----------------+------------+----------------+------------------+
| G99(1.0)   | 0.0384615384615 | 0.9        | 0.637931034483 | 0.996413199426   |
+------------+-----------------+------------+----------------+------------------+
+------------+-----------------+-----------------+-----------------+----------------+
| ('G29', 1) | G29_1(0.0)      | G29_1(0.0)      | G29_1(1.0)      | G29_1(1.0)     |
+------------+-----------------+-----------------+-----------------+----------------+
| ('G98', 0) | G98_0(0.0)      | G98_0(1.0)      | G98_0(0.0)      | G98_0(1.0)     |
+------------+-----------------+-----------------+-----------------+----------------+
| G98(0.0)   | 0.970046082949  | 0.0229357798165 | 0.985776805252  | 0.439393939394 |
+------------+-----------------+-----------------+-----------------+----------------+
| G98(1.0)   | 0.0299539170507 | 0.977064220183  | 0.0142231947484 | 0.560606060606 |
+------------+-----------------+-----------------+-----------------+----------------+
+------------+----------------+-----------------+---------------+------------+
| ('G31', 0) | G31_0(0.0)     | G31_0(0.0)      | G31_0(1.0)    | G31_0(1.0) |
+------------+----------------+-----------------+---------------+------------+
| ('G55', 1) | G55_1(0.0)     | G55_1(1.0)      | G55_1(0.0)    | G55_1(1.0) |
+------------+----------------+-----------------+---------------+------------+
| G31(0.0)   | 0.757777777778 | 0.956375838926  | 0.12945368171 | 0.5        |
+------------+----------------+-----------------+---------------+------------+
| G31(1.0)   | 0.242222222222 | 0.0436241610738 | 0.87054631829 | 0.5        |
+------------+----------------+-----------------+---------------+------------+
+------------+-----------------+-----------------+---------------+----------------+
| ('G29', 1) | G29_1(0.0)      | G29_1(0.0)      | G29_1(1.0)    | G29_1(1.0)     |
+------------+-----------------+-----------------+---------------+----------------+
| ('G53', 1) | G53_1(0.0)      | G53_1(1.0)      | G53_1(0.0)    | G53_1(1.0)     |
+------------+-----------------+-----------------+---------------+----------------+
| G30(0.0)   | 0.0837104072398 | 0.0619047619048 | 0.15811965812 | 0.757372654155 |
+------------+-----------------+-----------------+---------------+----------------+
| G30(1.0)   | 0.91628959276   | 0.938095238095  | 0.84188034188 | 0.242627345845 |
+------------+-----------------+-----------------+---------------+----------------+
+------------+----------------+----------------+------------------+----------------+
| ('G33', 0) | G33_0(0.0)     | G33_0(0.0)     | G33_0(1.0)       | G33_0(1.0)     |
+------------+----------------+----------------+------------------+----------------+
| ('G53', 0) | G53_0(0.0)     | G53_0(1.0)     | G53_0(0.0)       | G53_0(1.0)     |
+------------+----------------+----------------+------------------+----------------+
| G33(0.0)   | 0.147058823529 | 0.855140186916 | 0.00778816199377 | 0.372611464968 |
+------------+----------------+----------------+------------------+----------------+
| G33(1.0)   | 0.852941176471 | 0.144859813084 | 0.992211838006   | 0.627388535032 |
+------------+----------------+----------------+------------------+----------------+
+------------+----------------+-----------------+------------------+----------------+
| ('G29', 0) | G29_0(0.0)     | G29_0(0.0)      | G29_0(1.0)       | G29_0(1.0)     |
+------------+----------------+-----------------+------------------+----------------+
| ('G32', 0) | G32_0(0.0)     | G32_0(1.0)      | G32_0(0.0)       | G32_0(1.0)     |
+------------+----------------+-----------------+------------------+----------------+
| G32(0.0)   | 0.448051948052 | 0.0100401606426 | 0.994279176201   | 0.801886792453 |
+------------+----------------+-----------------+------------------+----------------+
| G32(1.0)   | 0.551948051948 | 0.989959839357  | 0.00572082379863 | 0.198113207547 |
+------------+----------------+-----------------+------------------+----------------+
+------------+----------------+------------------+------------+----------------+
| ('G78', 0) | G78_0(0.0)     | G78_0(0.0)       | G78_0(1.0) | G78_0(1.0)     |
+------------+----------------+------------------+------------+----------------+
| ('G81', 1) | G81_1(0.0)     | G81_1(1.0)       | G81_1(0.0) | G81_1(1.0)     |
+------------+----------------+------------------+------------+----------------+
| G35(0.0)   | 0.867346938776 | 0.996679946879   | 0.5        | 0.722222222222 |
+------------+----------------+------------------+------------+----------------+
| G35(1.0)   | 0.132653061224 | 0.00332005312085 | 0.5        | 0.277777777778 |
+------------+----------------+------------------+------------+----------------+
+------------+------------+----------------+------------+----------------+
| ('G34', 0) | G34_0(0.0) | G34_0(0.0)     | G34_0(1.0) | G34_0(1.0)     |
+------------+------------+----------------+------------+----------------+
| ('G55', 0) | G55_0(0.0) | G55_0(1.0)     | G55_0(0.0) | G55_0(1.0)     |
+------------+------------+----------------+------------+----------------+
| G34(0.0)   | 0.9832     | 0.745614035088 | 0.5        | 0.128318584071 |
+------------+------------+----------------+------------+----------------+
| G34(1.0)   | 0.0168     | 0.254385964912 | 0.5        | 0.871681415929 |
+------------+------------+----------------+------------+----------------+
+------------+-----------------+----------------+---------------+-----------------+
| ('G33', 0) | G33_0(0.0)      | G33_0(0.0)     | G33_0(1.0)    | G33_0(1.0)      |
+------------+-----------------+----------------+---------------+-----------------+
| ('G37', 0) | G37_0(0.0)      | G37_0(1.0)     | G37_0(0.0)    | G37_0(1.0)      |
+------------+-----------------+----------------+---------------+-----------------+
| G37(0.0)   | 0.973895582329  | 0.432584269663 | 0.62389380531 | 0.0287671232877 |
+------------+-----------------+----------------+---------------+-----------------+
| G37(1.0)   | 0.0261044176707 | 0.567415730337 | 0.37610619469 | 0.971232876712  |
+------------+-----------------+----------------+---------------+-----------------+
+------------+----------------+----------------+------------------+----------------+
| ('G33', 0) | G33_0(0.0)     | G33_0(0.0)     | G33_0(1.0)       | G33_0(1.0)     |
+------------+----------------+----------------+------------------+----------------+
| ('G36', 0) | G36_0(0.0)     | G36_0(1.0)     | G36_0(0.0)       | G36_0(1.0)     |
+------------+----------------+----------------+------------------+----------------+
| G36(0.0)   | 0.759067357513 | 0.127586206897 | 0.994117647059   | 0.575471698113 |
+------------+----------------+----------------+------------------+----------------+
| G36(1.0)   | 0.240932642487 | 0.872413793103 | 0.00588235294118 | 0.424528301887 |
+------------+----------------+----------------+------------------+----------------+
+------------+----------------+----------------+----------------+-----------------+
| ('G39', 0) | G39_0(0.0)     | G39_0(0.0)     | G39_0(1.0)     | G39_0(1.0)      |
+------------+----------------+----------------+----------------+-----------------+
| ('G46', 1) | G46_1(0.0)     | G46_1(1.0)     | G46_1(0.0)     | G46_1(1.0)      |
+------------+----------------+----------------+----------------+-----------------+
| G39(0.0)   | 0.785714285714 | 0.362068965517 | 0.880952380952 | 0.0340393343419 |
+------------+----------------+----------------+----------------+-----------------+
| G39(1.0)   | 0.214285714286 | 0.637931034483 | 0.119047619048 | 0.965960665658  |
+------------+----------------+----------------+----------------+-----------------+
+------------+-----------------+----------------+----------------+----------------+
| ('G38', 0) | G38_0(0.0)      | G38_0(0.0)     | G38_0(1.0)     | G38_0(1.0)     |
+------------+-----------------+----------------+----------------+----------------+
| ('G48', 1) | G48_1(0.0)      | G48_1(1.0)     | G48_1(0.0)     | G48_1(1.0)     |
+------------+-----------------+----------------+----------------+----------------+
| G38(0.0)   | 0.982529118136  | 0.192307692308 | 0.139097744361 | 0.036231884058 |
+------------+-----------------+----------------+----------------+----------------+
| G38(1.0)   | 0.0174708818636 | 0.807692307692 | 0.860902255639 | 0.963768115942 |
+------------+-----------------+----------------+----------------+----------------+
+------------+------------+------------+----------------+----------------+
| ('G22', 0) | G22_0(0.0) | G22_0(0.0) | G22_0(1.0)     | G22_0(1.0)     |
+------------+------------+------------+----------------+----------------+
| ('G68', 0) | G68_0(0.0) | G68_0(1.0) | G68_0(0.0)     | G68_0(1.0)     |
+------------+------------+------------+----------------+----------------+
| G84(0.0)   | 0.5        | 0.5        | 0.416981132075 | 0.180638722555 |
+------------+------------+------------+----------------+----------------+
| G84(1.0)   | 0.5        | 0.5        | 0.583018867925 | 0.819361277445 |
+------------+------------+------------+----------------+----------------+
+------------+----------------+-----------------+-----------------+----------------+
| ('G73', 1) | G73_1(0.0)     | G73_1(0.0)      | G73_1(1.0)      | G73_1(1.0)     |
+------------+----------------+-----------------+-----------------+----------------+
| ('G85', 0) | G85_0(0.0)     | G85_0(1.0)      | G85_0(0.0)      | G85_0(1.0)     |
+------------+----------------+-----------------+-----------------+----------------+
| G85(0.0)   | 0.277777777778 | 0.0609756097561 | 0.990398818316  | 0.162921348315 |
+------------+----------------+-----------------+-----------------+----------------+
| G85(1.0)   | 0.722222222222 | 0.939024390244  | 0.0096011816839 | 0.837078651685 |
+------------+----------------+-----------------+-----------------+----------------+
+------------+-----------------+-----------------+-----------------+----------------+
| ('G86', 0) | G86_0(0.0)      | G86_0(0.0)      | G86_0(1.0)      | G86_0(1.0)     |
+------------+-----------------+-----------------+-----------------+----------------+
| ('G9', 0)  | G9_0(0.0)       | G9_0(1.0)       | G9_0(0.0)       | G9_0(1.0)      |
+------------+-----------------+-----------------+-----------------+----------------+
| G86(0.0)   | 0.915584415584  | 0.932809773124  | 0.0238095238095 | 0.696721311475 |
+------------+-----------------+-----------------+-----------------+----------------+
| G86(1.0)   | 0.0844155844156 | 0.0671902268761 | 0.97619047619   | 0.303278688525 |
+------------+-----------------+-----------------+-----------------+----------------+
+------------+----------------+----------------+----------------+-----------------+
| ('G6', 1)  | G6_1(0.0)      | G6_1(0.0)      | G6_1(1.0)      | G6_1(1.0)       |
+------------+----------------+----------------+----------------+-----------------+
| ('G87', 0) | G87_0(0.0)     | G87_0(1.0)     | G87_0(0.0)     | G87_0(1.0)      |
+------------+----------------+----------------+----------------+-----------------+
| G87(0.0)   | 0.800884955752 | 0.189440993789 | 0.158536585366 | 0.0528942115768 |
+------------+----------------+----------------+----------------+-----------------+
| G87(1.0)   | 0.199115044248 | 0.810559006211 | 0.841463414634 | 0.947105788423  |
+------------+----------------+----------------+----------------+-----------------+
+------------+----------------+----------------+----------------+----------------+
| ('G80', 0) | G80_0(0.0)     | G80_0(0.0)     | G80_0(1.0)     | G80_0(1.0)     |
+------------+----------------+----------------+----------------+----------------+
| ('G91', 0) | G91_0(0.0)     | G91_0(1.0)     | G91_0(0.0)     | G91_0(1.0)     |
+------------+----------------+----------------+----------------+----------------+
| G80(0.0)   | 0.434426229508 | 0.808068459658 | 0.172316384181 | 0.488165680473 |
+------------+----------------+----------------+----------------+----------------+
| G80(1.0)   | 0.565573770492 | 0.191931540342 | 0.827683615819 | 0.511834319527 |
+------------+----------------+----------------+----------------+----------------+
+------------+------------+----------------+------------------+----------------+
| ('G42', 0) | G42_0(0.0) | G42_0(0.0)     | G42_0(1.0)       | G42_0(1.0)     |
+------------+------------+----------------+------------------+----------------+
| ('G48', 0) | G48_0(0.0) | G48_0(1.0)     | G48_0(0.0)       | G48_0(1.0)     |
+------------+------------+----------------+------------------+----------------+
| G81(0.0)   | 0.5        | 0.880952380952 | 0.00354609929078 | 0.303278688525 |
+------------+------------+----------------+------------------+----------------+
| G81(1.0)   | 0.5        | 0.119047619048 | 0.996453900709   | 0.696721311475 |
+------------+------------+----------------+------------------+----------------+
+------------+------------+----------------+-----------------+------------+
| ('G69', 0) | G69_0(0.0) | G69_0(0.0)     | G69_0(1.0)      | G69_0(1.0) |
+------------+------------+----------------+-----------------+------------+
| ('G82', 0) | G82_0(0.0) | G82_0(1.0)     | G82_0(0.0)      | G82_0(1.0) |
+------------+------------+----------------+-----------------+------------+
| G82(0.0)   | 0.9        | 0.722222222222 | 0.996607869742  | 0.5        |
+------------+------------+----------------+-----------------+------------+
| G82(1.0)   | 0.1        | 0.277777777778 | 0.0033921302578 | 0.5        |
+------------+------------+----------------+-----------------+------------+
+------------+-----------------+----------------+----------------+-----------------+
| ('G83', 0) | G83_0(0.0)      | G83_0(0.0)     | G83_0(1.0)     | G83_0(1.0)      |
+------------+-----------------+----------------+----------------+-----------------+
| ('G9', 1)  | G9_1(0.0)       | G9_1(1.0)      | G9_1(0.0)      | G9_1(1.0)       |
+------------+-----------------+----------------+----------------+-----------------+
| G83(0.0)   | 0.977876106195  | 0.675438596491 | 0.210144927536 | 0.0112651646447 |
+------------+-----------------+----------------+----------------+-----------------+
| G83(1.0)   | 0.0221238938053 | 0.324561403509 | 0.789855072464 | 0.988734835355  |
+------------+-----------------+----------------+----------------+-----------------+
+------------+----------------+-----------------+----------------+----------------+
| ('G36', 0) | G36_0(0.0)     | G36_0(0.0)      | G36_0(1.0)     | G36_0(1.0)     |
+------------+----------------+-----------------+----------------+----------------+
| ('G88', 0) | G88_0(0.0)     | G88_0(1.0)      | G88_0(0.0)     | G88_0(1.0)     |
+------------+----------------+-----------------+----------------+----------------+
| G88(0.0)   | 0.588888888889 | 0.0113438045375 | 0.653846153846 | 0.229323308271 |
+------------+----------------+-----------------+----------------+----------------+
| G88(1.0)   | 0.411111111111 | 0.988656195462  | 0.346153846154 | 0.770676691729 |
+------------+----------------+-----------------+----------------+----------------+
+------------+-----------------+------------+----------------+----------------+
| ('G6', 0)  | G6_0(0.0)       | G6_0(0.0)  | G6_0(1.0)      | G6_0(1.0)      |
+------------+-----------------+------------+----------------+----------------+
| ('G89', 0) | G89_0(0.0)      | G89_0(1.0) | G89_0(0.0)     | G89_0(1.0)     |
+------------+-----------------+------------+----------------+----------------+
| G89(0.0)   | 0.990118577075  | 0.74       | 0.684971098266 | 0.105479452055 |
+------------+-----------------+------------+----------------+----------------+
| G89(1.0)   | 0.0098814229249 | 0.26       | 0.315028901734 | 0.894520547945 |
+------------+-----------------+------------+----------------+----------------+
[('G42', 'G81'), ('G42', 'G42'), ('G59', 'G59'), ('G1', 'G24'), ('G67', 'G64'), ('G29', 'G92'), ('G29', 'G9'), ('G29', 'G43'), ('G29', 'G30'), ('G29', 'G95'), ('G29', 'G98'), ('G75', 'G75'), ('G22', 'G84'), ('G22', 'G22'), ('G14', 'G14'), ('G95', 'G95'), ('G36', 'G20'), ('G36', 'G88'), ('G36', 'G1'), ('G36', 'G36'), ('G4', 'G45'), ('G4', 'G3'), ('G49', 'G49'), ('G54', 'G99'), ('G54', 'G10'), ('G54', 'G11'), ('G54', 'G54'), ('G81', 'G35'), ('G65', 'G57'), ('G98', 'G74'), ('G77', 'G60'), ('G77', 'G77'), ('G38', 'G40'), ('G38', 'G41'), ('G38', 'G90'), ('G20', 'G20'), ('G12', 'G26'), ('G12', 'G67'), ('G12', 'G64'), ('G12', 'G12'), ('G93', 'G78'), ('G93', 'G93'), ('G93', 'G63'), ('G79', 'G5'), ('G2', 'G2'), ('G46', 'G46'), ('G86', 'G86'), ('G96', 'G13'), ('G96', 'G21'), ('G88', 'G3'), ('G91', 'G91'), ('G91', 'G80'), ('G31', 'G31'), ('G24', 'G22'), ('G24', 'G6'), ('G80', 'G80'), ('G53', 'G100'), ('G53', 'G33'), ('G53', 'G68'), ('G53', 'G52'), ('G69', 'G82'), ('G69', 'G69'), ('G62', 'G62'), ('G73', 'G17'), ('G73', 'G7'), ('G73', 'G73'), ('G73', 'G65'), ('G29', 'G32'), ('G29', 'G29'), ('G85', 'G70'), ('G75', 'G48'), ('G75', 'G69'), ('G33', 'G37'), ('G33', 'G50'), ('G33', 'G33'), ('G33', 'G36'), ('G9', 'G9'), ('G9', 'G86'), ('G92', 'G42'), ('G22', 'G56'), ('G22', 'G96'), ('G82', 'G17'), ('G82', 'G78'), ('G82', 'G82'), ('G95', 'G97'), ('G95', 'G70'), ('G95', 'G4'), ('G51', 'G14'), ('G51', 'G51'), ('G78', 'G61'), ('G78', 'G35'), ('G84', 'G45'), ('G17', 'G65'), ('G27', 'G27'), ('G98', 'G98'), ('G35', 'G7'), ('G38', 'G48'), ('G38', 'G11'), ('G38', 'G38'), ('G38', 'G47'), ('G41', 'G41'), ('G41', 'G77'), ('G93', 'G25'), ('G89', 'G89'), ('G57', 'G57'), ('G66', 'G66'), ('G66', 'G10'), ('G13', 'G49'), ('G13', 'G51'), ('G46', 'G39'), ('G30', 'G58'), ('G15', 'G15'), ('G96', 'G96'), ('G37', 'G37'), ('G5', 'G5'), ('G72', 'G55'), ('G43', 'G43'), ('G48', 'G81'), ('G55', 'G56'), ('G55', 'G55'), ('G55', 'G27'), ('G55', 'G34'), ('G8', 'G2'), ('G53', 'G30'), ('G18', 'G18'), ('G23', 'G23'), ('G13', 'G13'), ('G73', 'G23'), ('G73', 'G85'), ('G50', 'G72'), ('G85', 'G85'), ('G83', 'G53'), ('G33', 'G15'), ('G33', 'G21'), ('G9', 'G83'), ('G9', 'G54'), ('G90', 'G91'), ('G90', 'G18'), ('G34', 'G16'), ('G6', 'G87'), ('G51', 'G76'), ('G92', 'G92'), ('G56', 'G58'), ('G1', 'G1'), ('G1', 'G4'), ('G67', 'G19'), ('G67', 'G66'), ('G87', 'G87'), ('G66', 'G60'), ('G20', 'G75'), ('G20', 'G29'), ('G20', 'G79'), ('G20', 'G8'), ('G68', 'G84'), ('G68', 'G68'), ('G70', 'G76'), ('G90', 'G90'), ('G28', 'G28'), ('G65', 'G73'), ('G52', 'G52'), ('G12', 'G67'), ('G72', 'G72'), ('G79', 'G79'), ('G48', 'G50'), ('G48', 'G38'), ('G48', 'G47'), ('G2', 'G74'), ('G55', 'G31'), ('G64', 'G63'), ('G26', 'G26'), ('G26', 'G28'), ('G32', 'G53'), ('G32', 'G12'), ('G32', 'G19'), ('G32', 'G32'), ('G39', 'G39'), ('G39', 'G46'), ('G8', 'G8'), ('G41', 'G59'), ('G40', 'G40'), ('G40', 'G62'), ('G83', 'G83'), ('G88', 'G88'), ('G10', 'G99'), ('G61', 'G61'), ('G100', 'G100'), ('G24', 'G25'), ('G24', 'G24'), ('G16', 'G16'), ('G97', 'G97'), ('G97', 'G93'), ('G34', 'G34'), ('G6', 'G89'), ('G6', 'G6')]
