[('G24', 'G31'), ('G24', 'G50'), ('G24', 'G79'), ('G29', 'G24'), ('G29', 'G4'), ('G29', 'G2'), ('G29', 'G40'), ('G29', 'G58'), ('G29', 'G67'), ('G4', 'G97'), ('G4', 'G31'), ('G4', 'G33'), ('G4', 'G58'), ('G4', 'G68'), ('G3', 'G60'), ('G2', 'G17'), ('G57', 'G33'), ('G57', 'G3'), ('G40', 'G68'), ('G40', 'G57'), ('G40', 'G24'), ('G79', 'G3'), ('G68', 'G96'), ('G65', 'G40'), ('G65', 'G35'), ('G97', 'G60'), ('G96', 'G17'), ('G96', 'G79'), ('G31', 'G86'), ('G33', 'G86'), ('G33', 'G54'), ('G35', 'G84'), ('G35', 'G57'), ('G35', 'G55'), ('G35', 'G29'), ('G84', 'G81'), ('G84', 'G67'), ('G84', 'G54'), ('G86', 'G84'), ('G86', 'G96'), ('G86', 'G81'), ('G86', 'G55'), ('G81', 'G97'), ('G81', 'G50'), ('G81', 'G2')]
+----------+---+
| G26(1.0) | 1 |
+----------+---+
+----------+---+
| G27(1.0) | 1 |
+----------+---+
+----------+----------+-----------------+----------------+----------+
| G29      | G29(0.0) | G29(0.0)        | G29(1.0)       | G29(1.0) |
+----------+----------+-----------------+----------------+----------+
| G40      | G40(0.0) | G40(1.0)        | G40(0.0)       | G40(1.0) |
+----------+----------+-----------------+----------------+----------+
| G24(0.0) | 0.5      | 0.924242424242  | 0.722222222222 | 0.5      |
+----------+----------+-----------------+----------------+----------+
| G24(1.0) | 0.5      | 0.0757575757576 | 0.277777777778 | 0.5      |
+----------+----------+-----------------+----------------+----------+
+----------+---+
| G25(0.0) | 1 |
+----------+---+
+----------+---+
| G22(0.0) | 1 |
+----------+---+
+----------+---+
| G23(0.0) | 1 |
+----------+---+
+----------+---+
| G20(0.0) | 1 |
+----------+---+
+----------+---+
| G21(0.0) | 1 |
+----------+---+
+----------+---+
| G28(1.0) | 1 |
+----------+---+
+----------+----------------+----------------+
| G35      | G35(0.0)       | G35(1.0)       |
+----------+----------------+----------------+
| G29(0.0) | 0.642857142857 | 0.804347826087 |
+----------+----------------+----------------+
| G29(1.0) | 0.357142857143 | 0.195652173913 |
+----------+----------------+----------------+
+---------+---+
| G7(1.0) | 1 |
+---------+---+
+---------+---+
| G6(0.0) | 1 |
+---------+---+
+---------+---+
| G5(1.0) | 1 |
+---------+---+
+---------+----------------+----------------+
| G29     | G29(0.0)       | G29(1.0)       |
+---------+----------------+----------------+
| G4(0.0) | 0.195652173913 | 0.357142857143 |
+---------+----------------+----------------+
| G4(1.0) | 0.804347826087 | 0.642857142857 |
+---------+----------------+----------------+
+---------+----------------+----------+----------------+----------------+
| G57     | G57(0.0)       | G57(0.0) | G57(1.0)       | G57(1.0)       |
+---------+----------------+----------+----------------+----------------+
| G79     | G79(0.0)       | G79(1.0) | G79(0.0)       | G79(1.0)       |
+---------+----------------+----------+----------------+----------------+
| G3(0.0) | 0.119047619048 | 0.5      | 0.880952380952 | 0.192307692308 |
+---------+----------------+----------+----------------+----------------+
| G3(1.0) | 0.880952380952 | 0.5      | 0.119047619048 | 0.807692307692 |
+---------+----------------+----------+----------------+----------------+
+---------+----------------+-----------------+----------+----------------+
| G29     | G29(0.0)       | G29(0.0)        | G29(1.0) | G29(1.0)       |
+---------+----------------+-----------------+----------+----------------+
| G81     | G81(0.0)       | G81(1.0)        | G81(0.0) | G81(1.0)       |
+---------+----------------+-----------------+----------+----------------+
| G2(0.0) | 0.722222222222 | 0.0675675675676 | 0.5      | 0.722222222222 |
+---------+----------------+-----------------+----------+----------------+
| G2(1.0) | 0.277777777778 | 0.932432432432  | 0.5      | 0.277777777778 |
+---------+----------------+-----------------+----------+----------------+
+---------+---+
| G1(0.0) | 1 |
+---------+---+
+---------+---+
| G9(0.0) | 1 |
+---------+---+
+---------+---+
| G8(1.0) | 1 |
+---------+---+
+----------+---+
| G53(1.0) | 1 |
+----------+---+
+----------+---+
| G52(1.0) | 1 |
+----------+---+
+----------+---+
| G51(1.0) | 1 |
+----------+---+
+----------+----------------+-----------------+----------+----------------+
| G24      | G24(0.0)       | G24(0.0)        | G24(1.0) | G24(1.0)       |
+----------+----------------+-----------------+----------+----------------+
| G81      | G81(0.0)       | G81(1.0)        | G81(0.0) | G81(1.0)       |
+----------+----------------+-----------------+----------+----------------+
| G50(0.0) | 0.277777777778 | 0.932432432432  | 0.5      | 0.277777777778 |
+----------+----------------+-----------------+----------+----------------+
| G50(1.0) | 0.722222222222 | 0.0675675675676 | 0.5      | 0.722222222222 |
+----------+----------------+-----------------+----------+----------------+
+----------+----------+----------------+----------------+----------------+
| G35      | G35(0.0) | G35(0.0)       | G35(1.0)       | G35(1.0)       |
+----------+----------+----------------+----------------+----------------+
| G40      | G40(0.0) | G40(1.0)       | G40(0.0)       | G40(1.0)       |
+----------+----------+----------------+----------------+----------------+
| G57(0.0) | 0.5      | 0.277777777778 | 0.147058823529 | 0.637931034483 |
+----------+----------+----------------+----------------+----------------+
| G57(1.0) | 0.5      | 0.722222222222 | 0.852941176471 | 0.362068965517 |
+----------+----------+----------------+----------------+----------------+
+----------+---+
| G56(1.0) | 1 |
+----------+---+
+----------+----------------+----------+---------------+----------------+
| G35      | G35(0.0)       | G35(0.0) | G35(1.0)      | G35(1.0)       |
+----------+----------------+----------+---------------+----------------+
| G86      | G86(0.0)       | G86(1.0) | G86(0.0)      | G86(1.0)       |
+----------+----------------+----------+---------------+----------------+
| G55(0.0) | 0.277777777778 | 0.5      | 0.80303030303 | 0.192307692308 |
+----------+----------------+----------+---------------+----------------+
| G55(1.0) | 0.722222222222 | 0.5      | 0.19696969697 | 0.807692307692 |
+----------+----------------+----------+---------------+----------------+
+----------+-----------------+----------------+----------------+----------------+
| G33      | G33(0.0)        | G33(0.0)       | G33(1.0)       | G33(1.0)       |
+----------+-----------------+----------------+----------------+----------------+
| G84      | G84(0.0)        | G84(1.0)       | G84(0.0)       | G84(1.0)       |
+----------+-----------------+----------------+----------------+----------------+
| G54(0.0) | 0.0862068965517 | 0.722222222222 | 0.807692307692 | 0.277777777778 |
+----------+-----------------+----------------+----------------+----------------+
| G54(1.0) | 0.913793103448  | 0.277777777778 | 0.192307692308 | 0.722222222222 |
+----------+-----------------+----------------+----------------+----------------+
+----------+---+
| G59(0.0) | 1 |
+----------+---+
+----------+----------------+-----------------+----------+----------------+
| G29      | G29(0.0)       | G29(0.0)        | G29(1.0) | G29(1.0)       |
+----------+----------------+-----------------+----------+----------------+
| G4       | G4(0.0)        | G4(1.0)         | G4(0.0)  | G4(1.0)        |
+----------+----------------+-----------------+----------+----------------+
| G58(0.0) | 0.722222222222 | 0.0675675675676 | 0.5      | 0.722222222222 |
+----------+----------------+-----------------+----------+----------------+
| G58(1.0) | 0.277777777778 | 0.932432432432  | 0.5      | 0.277777777778 |
+----------+----------------+-----------------+----------+----------------+
+----------+----------------+----------------+----------+----------------+
| G29      | G29(0.0)       | G29(0.0)       | G29(1.0) | G29(1.0)       |
+----------+----------------+----------------+----------+----------------+
| G65      | G65(0.0)       | G65(1.0)       | G65(0.0) | G65(1.0)       |
+----------+----------------+----------------+----------+----------------+
| G40(0.0) | 0.722222222222 | 0.175675675676 | 0.5      | 0.722222222222 |
+----------+----------------+----------------+----------+----------------+
| G40(1.0) | 0.277777777778 | 0.824324324324 | 0.5      | 0.277777777778 |
+----------+----------------+----------------+----------+----------------+
+----------+---+
| G41(0.0) | 1 |
+----------+---+
+----------+---+
| G42(1.0) | 1 |
+----------+---+
+----------+---+
| G43(1.0) | 1 |
+----------+---+
+----------+---+
| G44(1.0) | 1 |
+----------+---+
+----------+---+
| G45(1.0) | 1 |
+----------+---+
+----------+---+
| G46(1.0) | 1 |
+----------+---+
+----------+---+
| G47(1.0) | 1 |
+----------+---+
+----------+---+
| G48(1.0) | 1 |
+----------+---+
+----------+---+
| G49(1.0) | 1 |
+----------+---+
+----------+---+
| G75(1.0) | 1 |
+----------+---+
+----------+---+
| G74(0.0) | 1 |
+----------+---+
+----------+---+
| G77(0.0) | 1 |
+----------+---+
+----------+---+
| G76(1.0) | 1 |
+----------+---+
+----------+---+
| G71(0.0) | 1 |
+----------+---+
+----------+---+
| G70(0.0) | 1 |
+----------+---+
+----------+---+
| G73(0.0) | 1 |
+----------+---+
+----------+---+
| G72(0.0) | 1 |
+----------+---+
+----------+----------+-----------------+----------+----------------+
| G24      | G24(0.0) | G24(0.0)        | G24(1.0) | G24(1.0)       |
+----------+----------+-----------------+----------+----------------+
| G96      | G96(0.0) | G96(1.0)        | G96(0.0) | G96(1.0)       |
+----------+----------+-----------------+----------+----------------+
| G79(0.0) | 0.5      | 0.924242424242  | 0.5      | 0.277777777778 |
+----------+----------+-----------------+----------+----------------+
| G79(1.0) | 0.5      | 0.0757575757576 | 0.5      | 0.722222222222 |
+----------+----------+-----------------+----------+----------------+
+----------+---+
| G78(0.0) | 1 |
+----------+---+
+----------+----------+----------------+----------------+----------------+
| G4       | G4(0.0)  | G4(0.0)        | G4(1.0)        | G4(1.0)        |
+----------+----------+----------------+----------------+----------------+
| G40      | G40(0.0) | G40(1.0)       | G40(0.0)       | G40(1.0)       |
+----------+----------+----------------+----------------+----------------+
| G68(0.0) | 0.5      | 0.277777777778 | 0.147058823529 | 0.775862068966 |
+----------+----------+----------------+----------------+----------------+
| G68(1.0) | 0.5      | 0.722222222222 | 0.852941176471 | 0.224137931034 |
+----------+----------+----------------+----------------+----------------+
+----------+---+
| G69(1.0) | 1 |
+----------+---+
+----------+---+
| G62(1.0) | 1 |
+----------+---+
+----------+---+
| G63(1.0) | 1 |
+----------+---+
+----------+----------+----------------+----------------+----------------+
| G3       | G3(0.0)  | G3(0.0)        | G3(1.0)        | G3(1.0)        |
+----------+----------+----------------+----------------+----------------+
| G97      | G97(0.0) | G97(1.0)       | G97(0.0)       | G97(1.0)       |
+----------+----------+----------------+----------------+----------------+
| G60(0.0) | 0.5      | 0.690476190476 | 0.807692307692 | 0.119047619048 |
+----------+----------+----------------+----------------+----------------+
| G60(1.0) | 0.5      | 0.309523809524 | 0.192307692308 | 0.880952380952 |
+----------+----------+----------------+----------------+----------------+
+----------+---+
| G61(0.0) | 1 |
+----------+---+
+----------+---+
| G66(1.0) | 1 |
+----------+---+
+----------+-----------------+----------+----------------+----------+
| G29      | G29(0.0)        | G29(0.0) | G29(1.0)       | G29(1.0) |
+----------+-----------------+----------+----------------+----------+
| G84      | G84(0.0)        | G84(1.0) | G84(0.0)       | G84(1.0) |
+----------+-----------------+----------+----------------+----------+
| G67(0.0) | 0.0757575757576 | 0.5      | 0.722222222222 | 0.5      |
+----------+-----------------+----------+----------------+----------+
| G67(1.0) | 0.924242424242  | 0.5      | 0.277777777778 | 0.5      |
+----------+-----------------+----------+----------------+----------+
+----------+---+
| G64(1.0) | 1 |
+----------+---+
+----------+----------+
| G65(0.0) | 0.233333 |
+----------+----------+
| G65(1.0) | 0.766667 |
+----------+----------+
+-----------+---+
| G100(1.0) | 1 |
+-----------+---+
+----------+---+
| G19(0.0) | 1 |
+----------+---+
+----------+---+
| G18(1.0) | 1 |
+----------+---+
+----------+----------+----------------+----------------+----------------+
| G2       | G2(0.0)  | G2(0.0)        | G2(1.0)        | G2(1.0)        |
+----------+----------+----------------+----------------+----------------+
| G96      | G96(0.0) | G96(1.0)       | G96(0.0)       | G96(1.0)       |
+----------+----------+----------------+----------------+----------------+
| G17(0.0) | 0.5      | 0.807692307692 | 0.807692307692 | 0.224137931034 |
+----------+----------+----------------+----------------+----------------+
| G17(1.0) | 0.5      | 0.192307692308 | 0.192307692308 | 0.775862068966 |
+----------+----------+----------------+----------------+----------------+
+----------+---+
| G16(0.0) | 1 |
+----------+---+
+----------+---+
| G15(0.0) | 1 |
+----------+---+
+----------+---+
| G14(0.0) | 1 |
+----------+---+
+----------+---+
| G13(0.0) | 1 |
+----------+---+
+----------+---+
| G12(1.0) | 1 |
+----------+---+
+----------+---+
| G11(0.0) | 1 |
+----------+---+
+----------+---+
| G10(1.0) | 1 |
+----------+---+
+----------+----------+----------------+----------------+-----------------+
| G4       | G4(0.0)  | G4(0.0)        | G4(1.0)        | G4(1.0)         |
+----------+----------+----------------+----------------+-----------------+
| G81      | G81(0.0) | G81(1.0)       | G81(0.0)       | G81(1.0)        |
+----------+----------+----------------+----------------+-----------------+
| G97(0.0) | 0.5      | 0.722222222222 | 0.722222222222 | 0.0675675675676 |
+----------+----------+----------------+----------------+-----------------+
| G97(1.0) | 0.5      | 0.277777777778 | 0.277777777778 | 0.932432432432  |
+----------+----------+----------------+----------------+-----------------+
+----------+----------------+----------------+----------+----------+
| G68      | G68(0.0)       | G68(0.0)       | G68(1.0) | G68(1.0) |
+----------+----------------+----------------+----------+----------+
| G86      | G86(0.0)       | G86(1.0)       | G86(0.0) | G86(1.0) |
+----------+----------------+----------------+----------+----------+
| G96(0.0) | 0.617647058824 | 0.192307692308 | 0.1      | 0.5      |
+----------+----------------+----------------+----------+----------+
| G96(1.0) | 0.382352941176 | 0.807692307692 | 0.9      | 0.5      |
+----------+----------------+----------------+----------+----------+
+----------+---+
| G95(1.0) | 1 |
+----------+---+
+----------+---+
| G94(1.0) | 1 |
+----------+---+
+----------+---+
| G93(1.0) | 1 |
+----------+---+
+----------+---+
| G92(1.0) | 1 |
+----------+---+
+----------+---+
| G91(1.0) | 1 |
+----------+---+
+----------+---+
| G90(1.0) | 1 |
+----------+---+
+----------+---+
| G99(1.0) | 1 |
+----------+---+
+----------+---+
| G98(1.0) | 1 |
+----------+---+
+----------+----------------+----------------+----------+----------------+
| G24      | G24(0.0)       | G24(0.0)       | G24(1.0) | G24(1.0)       |
+----------+----------------+----------------+----------+----------------+
| G4       | G4(0.0)        | G4(1.0)        | G4(0.0)  | G4(1.0)        |
+----------+----------------+----------------+----------+----------------+
| G31(0.0) | 0.722222222222 | 0.175675675676 | 0.5      | 0.722222222222 |
+----------+----------------+----------------+----------+----------------+
| G31(1.0) | 0.277777777778 | 0.824324324324 | 0.5      | 0.277777777778 |
+----------+----------------+----------------+----------+----------------+
+----------+---+
| G30(1.0) | 1 |
+----------+---+
+----------+----------------+----------+----------------+-----------------+
| G4       | G4(0.0)        | G4(0.0)  | G4(1.0)        | G4(1.0)         |
+----------+----------------+----------+----------------+-----------------+
| G57      | G57(0.0)       | G57(1.0) | G57(0.0)       | G57(1.0)        |
+----------+----------------+----------+----------------+-----------------+
| G33(0.0) | 0.722222222222 | 0.5      | 0.147058823529 | 0.913793103448  |
+----------+----------------+----------+----------------+-----------------+
| G33(1.0) | 0.277777777778 | 0.5      | 0.852941176471 | 0.0862068965517 |
+----------+----------------+----------+----------------+-----------------+
+----------+---+
| G32(0.0) | 1 |
+----------+---+
+----------+----------------+----------------+
| G65      | G65(0.0)       | G65(1.0)       |
+----------+----------------+----------------+
| G35(0.0) | 0.357142857143 | 0.195652173913 |
+----------+----------------+----------------+
| G35(1.0) | 0.642857142857 | 0.804347826087 |
+----------+----------------+----------------+
+----------+---+
| G34(0.0) | 1 |
+----------+---+
+----------+---+
| G37(1.0) | 1 |
+----------+---+
+----------+---+
| G36(1.0) | 1 |
+----------+---+
+----------+---+
| G39(0.0) | 1 |
+----------+---+
+----------+---+
| G38(0.0) | 1 |
+----------+---+
+----------+----------------+----------+-----------------+----------+
| G35      | G35(0.0)       | G35(0.0) | G35(1.0)        | G35(1.0) |
+----------+----------------+----------+-----------------+----------+
| G86      | G86(0.0)       | G86(1.0) | G86(0.0)        | G86(1.0) |
+----------+----------------+----------+-----------------+----------+
| G84(0.0) | 0.277777777778 | 0.5      | 0.924242424242  | 0.5      |
+----------+----------------+----------+-----------------+----------+
| G84(1.0) | 0.722222222222 | 0.5      | 0.0757575757576 | 0.5      |
+----------+----------------+----------+-----------------+----------+
+----------+---+
| G85(1.0) | 1 |
+----------+---+
+----------+----------------+----------------+----------+----------------+
| G31      | G31(0.0)       | G31(0.0)       | G31(1.0) | G31(1.0)       |
+----------+----------------+----------------+----------+----------------+
| G33      | G33(0.0)       | G33(1.0)       | G33(0.0) | G33(1.0)       |
+----------+----------------+----------------+----------+----------------+
| G86(0.0) | 0.807692307692 | 0.722222222222 | 0.9      | 0.192307692308 |
+----------+----------------+----------------+----------+----------------+
| G86(1.0) | 0.192307692308 | 0.277777777778 | 0.1      | 0.807692307692 |
+----------+----------------+----------------+----------+----------------+
+----------+---+
| G87(0.0) | 1 |
+----------+---+
+----------+---+
| G80(0.0) | 1 |
+----------+---+
+----------+-----------------+----------------+----------------+----------------+
| G84      | G84(0.0)        | G84(0.0)       | G84(1.0)       | G84(1.0)       |
+----------+-----------------+----------------+----------------+----------------+
| G86      | G86(0.0)        | G86(1.0)       | G86(0.0)       | G86(1.0)       |
+----------+-----------------+----------------+----------------+----------------+
| G81(0.0) | 0.0757575757576 | 0.722222222222 | 0.277777777778 | 0.277777777778 |
+----------+-----------------+----------------+----------------+----------------+
| G81(1.0) | 0.924242424242  | 0.277777777778 | 0.722222222222 | 0.722222222222 |
+----------+-----------------+----------------+----------------+----------------+
+----------+---+
| G82(0.0) | 1 |
+----------+---+
+----------+---+
| G83(1.0) | 1 |
+----------+---+
+----------+---+
| G88(0.0) | 1 |
+----------+---+
+----------+---+
| G89(0.0) | 1 |
+----------+---+
[(('G42', 0), ('G42', 1)), (('G56', 0), ('G56', 1)), (('G67', 0), ('G67', 1)), (('G75', 0), ('G75', 1)), (('G19', 0), ('G19', 1)), (('G19', 0), ('G58', 1)), (('G19', 0), ('G38', 1)), (('G19', 0), ('G96', 1)), (('G22', 0), ('G22', 1)), (('G14', 0), ('G14', 1)), (('G36', 0), ('G37', 1)), (('G36', 0), ('G36', 1)), (('G4', 0), ('G4', 1)), (('G78', 1), ('G80', 1)), (('G49', 0), ('G49', 1)), (('G84', 0), ('G84', 1)), (('G65', 0), ('G60', 1)), (('G65', 0), ('G65', 1)), (('G27', 1), ('G17', 1)), (('G27', 1), ('G34', 1)), (('G98', 1), ('G21', 1)), (('G77', 0), ('G77', 1)), (('G12', 0), ('G12', 1)), (('G93', 0), ('G9', 1)), (('G93', 0), ('G93', 1)), (('G93', 0), ('G95', 1)), (('G79', 1), ('G3', 1)), (('G2', 0), ('G2', 1)), (('G2', 0), ('G82', 1)), (('G46', 0), ('G84', 1)), (('G46', 0), ('G47', 1)), (('G46', 0), ('G53', 1)), (('G46', 0), ('G49', 1)), (('G46', 0), ('G18', 1)), (('G46', 0), ('G46', 1)), (('G26', 1), ('G28', 1)), (('G71', 0), ('G71', 1)), (('G43', 1), ('G94', 1)), (('G43', 1), ('G91', 1)), (('G10', 0), ('G44', 1)), (('G10', 0), ('G10', 1)), (('G91', 0), ('G92', 1)), (('G91', 0), ('G91', 1)), (('G91', 0), ('G86', 1)), (('G31', 0), ('G31', 1)), (('G74', 1), ('G3', 1)), (('G74', 1), ('G47', 1)), (('G18', 1), ('G52', 1)), (('G69', 0), ('G69', 1)), (('G62', 0), ('G62', 1)), (('G73', 0), ('G73', 1)), (('G42', 1), ('G40', 1)), (('G42', 1), ('G36', 1)), (('G45', 1), ('G63', 1)), (('G9', 0), ('G93', 1)), (('G82', 0), ('G15', 1)), (('G51', 0), ('G51', 1)), (('G21', 1), ('G62', 1)), (('G60', 0), ('G60', 1)), (('G47', 1), ('G52', 1)), (('G27', 0), ('G27', 1)), (('G98', 0), ('G99', 1)), (('G98', 0), ('G98', 1)), (('G77', 1), ('G55', 1)), (('G35', 0), ('G55', 1)), (('G35', 0), ('G35', 1)), (('G38', 0), ('G20', 1)), (('G38', 0), ('G80', 1)), (('G7', 0), ('G7', 1)), (('G7', 0), ('G38', 1)), (('G41', 0), ('G41', 1)), (('G93', 1), ('G78', 1)), (('G93', 1), ('G9', 1)), (('G89', 0), ('G89', 1)), (('G57', 0), ('G57', 1)), (('G66', 0), ('G66', 1)), (('G30', 1), ('G26', 1)), (('G25', 0), ('G25', 1)), (('G15', 0), ('G15', 1)), (('G71', 1), ('G1', 1)), (('G71', 1), ('G42', 1)), (('G37', 0), ('G37', 1)), (('G37', 0), ('G71', 1)), (('G37', 0), ('G74', 1)), (('G37', 0), ('G29', 1)), (('G37', 0), ('G72', 1)), (('G37', 0), ('G69', 1)), (('G5', 0), ('G2', 1)), (('G5', 0), ('G5', 1)), (('G63', 1), ('G79', 1)), (('G43', 0), ('G45', 1)), (('G43', 0), ('G64', 1)), (('G43', 0), ('G43', 1)), (('G43', 0), ('G44', 1)), (('G91', 1), ('G14', 1)), (('G91', 1), ('G10', 1)), (('G64', 0), ('G64', 1)), (('G74', 0), ('G23', 1)), (('G74', 0), ('G74', 1)), (('G80', 1), ('G20', 1)), (('G28', 1), ('G54', 1)), (('G53', 1), ('G22', 1)), (('G18', 0), ('G18', 1)), (('G23', 0), ('G23', 1)), (('G23', 0), ('G68', 1)), (('G23', 0), ('G24', 1)), (('G94', 0), ('G94', 1)), (('G94', 0), ('G79', 1)), (('G94', 0), ('G95', 1)), (('G94', 0), ('G59', 1)), (('G73', 1), ('G48', 1)), (('G73', 1), ('G89', 1)), (('G50', 1), ('G33', 1)), (('G50', 1), ('G83', 1)), (('G61', 1), ('G86', 1)), (('G45', 0), ('G45', 1)), (('G85', 0), ('G17', 1)), (('G85', 0), ('G19', 1)), (('G85', 0), ('G87', 1)), (('G85', 0), ('G88', 1)), (('G85', 0), ('G85', 1)), (('G83', 1), ('G96', 1)), (('G83', 1), ('G90', 1)), (('G62', 1), ('G4', 1)), (('G62', 1), ('G33', 1)), (('G9', 1), ('G43', 1)), (('G90', 1), ('G39', 1)), (('G90', 1), ('G100', 1)), (('G76', 0), ('G76', 1)), (('G34', 1), ('G30', 1)), (('G51', 1), ('G50', 1)), (('G21', 0), ('G81', 1)), (('G21', 0), ('G99', 1)), (('G21', 0), ('G21', 1)), (('G92', 0), ('G92', 1)), (('G1', 0), ('G31', 1)), (('G1', 0), ('G1', 1)), (('G1', 0), ('G29', 1)), (('G87', 0), ('G87', 1)), (('G66', 1), ('G75', 1)), (('G66', 1), ('G61', 1)), (('G49', 1), ('G58', 1)), (('G68', 0), ('G68', 1)), (('G70', 0), ('G70', 1)), (('G36', 1), ('G16', 1)), (('G36', 1), ('G5', 1)), (('G57', 1), ('G65', 1)), (('G90', 0), ('G90', 1)), (('G28', 0), ('G28', 1)), (('G54', 1), ('G40', 1)), (('G30', 0), ('G30', 1)), (('G81', 0), ('G81', 1)), (('G52', 0), ('G48', 1)), (('G5', 1), ('G8', 1)), (('G5', 1), ('G98', 1)), (('G63', 0), ('G78', 1)), (('G63', 0), ('G63', 1)), (('G63', 0), ('G59', 1)), (('G72', 0), ('G70', 1)), (('G72', 0), ('G76', 1)), (('G72', 0), ('G77', 1)), (('G72', 0), ('G72', 1)), (('G48', 1), ('G53', 1)), (('G2', 1), ('G97', 1)), (('G31', 1), ('G41', 1)), (('G26', 0), ('G26', 1)), (('G26', 0), ('G34', 1)), (('G26', 0), ('G35', 1)), (('G26', 0), ('G27', 1)), (('G39', 0), ('G39', 1)), (('G8', 0), ('G82', 1)), (('G8', 0), ('G54', 1)), (('G8', 0), ('G8', 1)), (('G41', 1), ('G46', 1)), (('G41', 1), ('G51', 1)), (('G83', 0), ('G97', 1)), (('G83', 0), ('G85', 1)), (('G83', 0), ('G83', 1)), (('G88', 0), ('G61', 1)), (('G88', 0), ('G88', 1)), (('G50', 0), ('G50', 1)), (('G10', 1), ('G56', 1)), (('G10', 1), ('G57', 1)), (('G10', 1), ('G12', 1)), (('G61', 0), ('G7', 1)), (('G100', 0), ('G100', 1)), (('G15', 1), ('G66', 1)), (('G24', 0), ('G67', 1)), (('G24', 0), ('G24', 1)), (('G16', 0), ('G16', 1)), (('G69', 1), ('G73', 1)), (('G37', 1), ('G25', 1))]
+------------+----------------+----------------+------------+-----------------+
| ('G26', 0) | G26_0(0.0)     | G26_0(0.0)     | G26_0(1.0) | G26_0(1.0)      |
+------------+----------------+----------------+------------+-----------------+
| ('G30', 1) | G30_1(0.0)     | G30_1(1.0)     | G30_1(0.0) | G30_1(1.0)      |
+------------+----------------+----------------+------------+-----------------+
| G26(0.0)   | 0.838461538462 | 0.617647058824 | 0.5        | 0.0145631067961 |
+------------+----------------+----------------+------------+-----------------+
| G26(1.0)   | 0.161538461538 | 0.382352941176 | 0.5        | 0.985436893204  |
+------------+----------------+----------------+------------+-----------------+
+------------+-----------------+----------------+----------------+----------------+
| ('G26', 0) | G26_0(0.0)      | G26_0(0.0)     | G26_0(1.0)     | G26_0(1.0)     |
+------------+-----------------+----------------+----------------+----------------+
| ('G27', 0) | G27_0(0.0)      | G27_0(1.0)     | G27_0(0.0)     | G27_0(1.0)     |
+------------+-----------------+----------------+----------------+----------------+
| G27(0.0)   | 0.961538461538  | 0.617647058824 | 0.560606060606 | 0.009272467903 |
+------------+-----------------+----------------+----------------+----------------+
| G27(1.0)   | 0.0384615384615 | 0.382352941176 | 0.439393939394 | 0.990727532097 |
+------------+-----------------+----------------+----------------+----------------+
+------------+-----------------+----------------+----------------+-----------------+
| ('G23', 0) | G23_0(0.0)      | G23_0(0.0)     | G23_0(1.0)     | G23_0(1.0)      |
+------------+-----------------+----------------+----------------+-----------------+
| ('G24', 0) | G24_0(0.0)      | G24_0(1.0)     | G24_0(0.0)     | G24_0(1.0)      |
+------------+-----------------+----------------+----------------+-----------------+
| G24(0.0)   | 0.910774410774  | 0.285234899329 | 0.391891891892 | 0.0195195195195 |
+------------+-----------------+----------------+----------------+-----------------+
| G24(1.0)   | 0.0892255892256 | 0.714765100671 | 0.608108108108 | 0.98048048048   |
+------------+-----------------+----------------+----------------+-----------------+
+------------+----------------+-----------------+-----------------+----------------+
| ('G25', 0) | G25_0(0.0)     | G25_0(0.0)      | G25_0(1.0)      | G25_0(1.0)     |
+------------+----------------+-----------------+-----------------+----------------+
| ('G37', 1) | G37_1(0.0)     | G37_1(1.0)      | G37_1(0.0)      | G37_1(1.0)     |
+------------+----------------+-----------------+-----------------+----------------+
| G25(0.0)   | 0.859788359788 | 0.979041916168  | 0.0730337078652 | 0.824324324324 |
+------------+----------------+-----------------+-----------------+----------------+
| G25(1.0)   | 0.140211640212 | 0.0209580838323 | 0.926966292135  | 0.175675675676 |
+------------+----------------+-----------------+-----------------+----------------+
+------------+----------------+-----------------+-----------------+----------------+
| ('G22', 0) | G22_0(0.0)     | G22_0(0.0)      | G22_0(1.0)      | G22_0(1.0)     |
+------------+----------------+-----------------+-----------------+----------------+
| ('G53', 1) | G53_1(0.0)     | G53_1(1.0)      | G53_1(0.0)      | G53_1(1.0)     |
+------------+----------------+-----------------+-----------------+----------------+
| G22(0.0)   | 0.318181818182 | 0.926666666667  | 0.0147928994083 | 0.657303370787 |
+------------+----------------+-----------------+-----------------+----------------+
| G22(1.0)   | 0.681818181818 | 0.0733333333333 | 0.985207100592  | 0.342696629213 |
+------------+----------------+-----------------+-----------------+----------------+
+------------+-----------------+----------------+----------------+-----------------+
| ('G23', 0) | G23_0(0.0)      | G23_0(0.0)     | G23_0(1.0)     | G23_0(1.0)      |
+------------+-----------------+----------------+----------------+-----------------+
| ('G74', 0) | G74_0(0.0)      | G74_0(1.0)     | G74_0(0.0)     | G74_0(1.0)      |
+------------+-----------------+----------------+----------------+-----------------+
| G23(0.0)   | 0.935207823961  | 0.391891891892 | 0.438144329897 | 0.0238095238095 |
+------------+-----------------+----------------+----------------+-----------------+
| G23(1.0)   | 0.0647921760391 | 0.608108108108 | 0.561855670103 | 0.97619047619   |
+------------+-----------------+----------------+----------------+-----------------+
+------------+------------------+----------------+----------------+------------+
| ('G38', 0) | G38_0(0.0)       | G38_0(0.0)     | G38_0(1.0)     | G38_0(1.0) |
+------------+------------------+----------------+----------------+------------+
| ('G80', 1) | G80_1(0.0)       | G80_1(1.0)     | G80_1(0.0)     | G80_1(1.0) |
+------------+------------------+----------------+----------------+------------+
| G20(0.0)   | 0.996714848883   | 0.852941176471 | 0.807692307692 | 0.1        |
+------------+------------------+----------------+----------------+------------+
| G20(1.0)   | 0.00328515111695 | 0.147058823529 | 0.192307692308 | 0.9        |
+------------+------------------+----------------+----------------+------------+
+------------+----------------+------------------+-----------------+----------------+
| ('G21', 0) | G21_0(0.0)     | G21_0(0.0)       | G21_0(1.0)      | G21_0(1.0)     |
+------------+----------------+------------------+-----------------+----------------+
| ('G98', 1) | G98_1(0.0)     | G98_1(1.0)       | G98_1(0.0)      | G98_1(1.0)     |
+------------+----------------+------------------+-----------------+----------------+
| G21(0.0)   | 0.801886792453 | 0.996263079223   | 0.0324675324675 | 0.617647058824 |
+------------+----------------+------------------+-----------------+----------------+
| G21(1.0)   | 0.198113207547 | 0.00373692077728 | 0.967532467532  | 0.382352941176 |
+------------+----------------+------------------+-----------------+----------------+
+------------+----------------+------------+----------------+-----------------+
| ('G26', 1) | G26_1(0.0)     | G26_1(0.0) | G26_1(1.0)     | G26_1(1.0)      |
+------------+----------------+------------+----------------+-----------------+
| ('G28', 0) | G28_0(0.0)     | G28_0(1.0) | G28_0(0.0)     | G28_0(1.0)      |
+------------+----------------+------------+----------------+-----------------+
| G28(0.0)   | 0.745614035088 | 0.74       | 0.826797385621 | 0.0318416523236 |
+------------+----------------+------------+----------------+-----------------+
| G28(1.0)   | 0.254385964912 | 0.26       | 0.173202614379 | 0.968158347676  |
+------------+----------------+------------+----------------+-----------------+
+------------+-----------------+---------------+-----------------+----------------+
| ('G1', 0)  | G1_0(0.0)       | G1_0(0.0)     | G1_0(1.0)       | G1_0(1.0)      |
+------------+-----------------+---------------+-----------------+----------------+
| ('G37', 0) | G37_0(0.0)      | G37_0(1.0)    | G37_0(0.0)      | G37_0(1.0)     |
+------------+-----------------+---------------+-----------------+----------------+
| G29(0.0)   | 0.0802469135802 | 0.81299734748 | 0.0126903553299 | 0.487577639752 |
+------------+-----------------+---------------+-----------------+----------------+
| G29(1.0)   | 0.91975308642   | 0.18700265252 | 0.98730964467   | 0.512422360248 |
+------------+-----------------+---------------+-----------------+----------------+
+------------+------------+------------------+----------------+-----------------+
| ('G61', 0) | G61_0(0.0) | G61_0(0.0)       | G61_0(1.0)     | G61_0(1.0)      |
+------------+------------+------------------+----------------+-----------------+
| ('G7', 0)  | G7_0(0.0)  | G7_0(1.0)        | G7_0(0.0)      | G7_0(1.0)       |
+------------+------------+------------------+----------------+-----------------+
| G7(0.0)    | 0.5        | 0.00348675034868 | 0.617647058824 | 0.0844155844156 |
+------------+------------+------------------+----------------+-----------------+
| G7(1.0)    | 0.5        | 0.996513249651   | 0.382352941176 | 0.915584415584  |
+------------+------------+------------------+----------------+-----------------+
+---------+---+
| G6(0.0) | 1 |
+---------+---+
+------------+-----------------+-----------------+----------------+------------------+
| ('G36', 1) | G36_1(0.0)      | G36_1(0.0)      | G36_1(1.0)     | G36_1(1.0)       |
+------------+-----------------+-----------------+----------------+------------------+
| ('G5', 0)  | G5_0(0.0)       | G5_0(1.0)       | G5_0(0.0)      | G5_0(1.0)        |
+------------+-----------------+-----------------+----------------+------------------+
| G5(0.0)    | 0.967532467532  | 0.0606936416185 | 0.192307692308 | 0.00452079566004 |
+------------+-----------------+-----------------+----------------+------------------+
| G5(1.0)    | 0.0324675324675 | 0.939306358382  | 0.807692307692 | 0.99547920434    |
+------------+-----------------+-----------------+----------------+------------------+
+------------+----------------+----------------+----------------+-----------------+
| ('G4', 0)  | G4_0(0.0)      | G4_0(0.0)      | G4_0(1.0)      | G4_0(1.0)       |
+------------+----------------+----------------+----------------+-----------------+
| ('G62', 1) | G62_1(0.0)     | G62_1(1.0)     | G62_1(0.0)     | G62_1(1.0)      |
+------------+----------------+----------------+----------------+-----------------+
| G4(0.0)    | 0.731884057971 | 0.540816326531 | 0.168789808917 | 0.0194085027726 |
+------------+----------------+----------------+----------------+-----------------+
| G4(1.0)    | 0.268115942029 | 0.459183673469 | 0.831210191083 | 0.980591497227  |
+------------+----------------+----------------+----------------+-----------------+
+------------+----------------+----------------+----------------+----------------+
| ('G74', 1) | G74_1(0.0)     | G74_1(0.0)     | G74_1(1.0)     | G74_1(1.0)     |
+------------+----------------+----------------+----------------+----------------+
| ('G79', 1) | G79_1(0.0)     | G79_1(1.0)     | G79_1(0.0)     | G79_1(1.0)     |
+------------+----------------+----------------+----------------+----------------+
| G3(0.0)    | 0.423287671233 | 0.244680851064 | 0.122489959839 | 0.368852459016 |
+------------+----------------+----------------+----------------+----------------+
| G3(1.0)    | 0.576712328767 | 0.755319148936 | 0.877510040161 | 0.631147540984 |
+------------+----------------+----------------+----------------+----------------+
+-----------+----------------+-----------+-----------+----------------+
| ('G2', 0) | G2_0(0.0)      | G2_0(0.0) | G2_0(1.0) | G2_0(1.0)      |
+-----------+----------------+-----------+-----------+----------------+
| ('G5', 0) | G5_0(0.0)      | G5_0(1.0) | G5_0(0.0) | G5_0(1.0)      |
+-----------+----------------+-----------+-----------+----------------+
| G2(0.0)   | 0.838461538462 | 0.5       | 0.74      | 0.153631284916 |
+-----------+----------------+-----------+-----------+----------------+
| G2(1.0)   | 0.161538461538 | 0.5       | 0.26      | 0.846368715084 |
+-----------+----------------+-----------+-----------+----------------+
+------------+----------------+----------------+----------------+-----------------+
| ('G1', 0)  | G1_0(0.0)      | G1_0(0.0)      | G1_0(1.0)      | G1_0(1.0)       |
+------------+----------------+----------------+----------------+-----------------+
| ('G71', 1) | G71_1(0.0)     | G71_1(1.0)     | G71_1(0.0)     | G71_1(1.0)      |
+------------+----------------+----------------+----------------+-----------------+
| G1(0.0)    | 0.875335120643 | 0.688235294118 | 0.443262411348 | 0.0483870967742 |
+------------+----------------+----------------+----------------+-----------------+
| G1(1.0)    | 0.124664879357 | 0.311764705882 | 0.556737588652 | 0.951612903226  |
+------------+----------------+----------------+----------------+-----------------+
+------------+----------------+----------------+------------+------------------+
| ('G93', 0) | G93_0(0.0)     | G93_0(0.0)     | G93_0(1.0) | G93_0(1.0)       |
+------------+----------------+----------------+------------+------------------+
| ('G93', 1) | G93_1(0.0)     | G93_1(1.0)     | G93_1(0.0) | G93_1(1.0)       |
+------------+----------------+----------------+------------+------------------+
| G9(0.0)    | 0.136363636364 | 0.807692307692 | 0.5        | 0.99649368864    |
+------------+----------------+----------------+------------+------------------+
| G9(1.0)    | 0.863636363636 | 0.192307692308 | 0.5        | 0.00350631136045 |
+------------+----------------+----------------+------------+------------------+
+-----------+-----------------+----------------+----------------+-----------------+
| ('G5', 1) | G5_1(0.0)       | G5_1(0.0)      | G5_1(1.0)      | G5_1(1.0)       |
+-----------+-----------------+----------------+----------------+-----------------+
| ('G8', 0) | G8_0(0.0)       | G8_0(1.0)      | G8_0(0.0)      | G8_0(1.0)       |
+-----------+-----------------+----------------+----------------+-----------------+
| G8(0.0)   | 0.939024390244  | 0.132653061224 | 0.309523809524 | 0.0148936170213 |
+-----------+-----------------+----------------+----------------+-----------------+
| G8(1.0)   | 0.0609756097561 | 0.867346938776 | 0.690476190476 | 0.985106382979  |
+-----------+-----------------+----------------+----------------+-----------------+
+------------+-----------------+-----------------+---------------+-----------------+
| ('G46', 0) | G46_0(0.0)      | G46_0(0.0)      | G46_0(1.0)    | G46_0(1.0)      |
+------------+-----------------+-----------------+---------------+-----------------+
| ('G48', 1) | G48_1(0.0)      | G48_1(1.0)      | G48_1(0.0)    | G48_1(1.0)      |
+------------+-----------------+-----------------+---------------+-----------------+
| G53(0.0)   | 0.930107526882  | 0.967532467532  | 0.80303030303 | 0.0236541598695 |
+------------+-----------------+-----------------+---------------+-----------------+
| G53(1.0)   | 0.0698924731183 | 0.0324675324675 | 0.19696969697 | 0.976345840131  |
+------------+-----------------+-----------------+---------------+-----------------+
+------------+-----------------+------------+----------------+------------------+
| ('G18', 1) | G18_1(0.0)      | G18_1(0.0) | G18_1(1.0)     | G18_1(1.0)       |
+------------+-----------------+------------+----------------+------------------+
| ('G47', 1) | G47_1(0.0)      | G47_1(1.0) | G47_1(0.0)     | G47_1(1.0)       |
+------------+-----------------+------------+----------------+------------------+
| G52(0.0)   | 0.930107526882  | 0.58       | 0.391891891892 | 0.00378214826021 |
+------------+-----------------+------------+----------------+------------------+
| G52(1.0)   | 0.0698924731183 | 0.42       | 0.608108108108 | 0.99621785174    |
+------------+-----------------+------------+----------------+------------------+
+------------+---------------+-----------------+-----------------+----------------+
| ('G41', 1) | G41_1(0.0)    | G41_1(0.0)      | G41_1(1.0)      | G41_1(1.0)     |
+------------+---------------+-----------------+-----------------+----------------+
| ('G51', 0) | G51_0(0.0)    | G51_0(1.0)      | G51_0(0.0)      | G51_0(1.0)     |
+------------+---------------+-----------------+-----------------+----------------+
| G51(0.0)   | 0.69801980198 | 0.0264116575592 | 0.951127819549  | 0.681818181818 |
+------------+---------------+-----------------+-----------------+----------------+
| G51(1.0)   | 0.30198019802 | 0.973588342441  | 0.0488721804511 | 0.318181818182 |
+------------+---------------+-----------------+-----------------+----------------+
+------------+------------+-----------------+-----------------+----------------+
| ('G50', 0) | G50_0(0.0) | G50_0(0.0)      | G50_0(1.0)      | G50_0(1.0)     |
+------------+------------+-----------------+-----------------+----------------+
| ('G51', 1) | G51_1(0.0) | G51_1(1.0)      | G51_1(0.0)      | G51_1(1.0)     |
+------------+------------+-----------------+-----------------+----------------+
| G50(0.0)   | 0.5        | 0.934408602151  | 0.0878787878788 | 0.431623931624 |
+------------+------------+-----------------+-----------------+----------------+
| G50(1.0)   | 0.5        | 0.0655913978495 | 0.912121212121  | 0.568376068376 |
+------------+------------+-----------------+-----------------+----------------+
+------------+-----------------+-----------------+----------------+----------------+
| ('G10', 1) | G10_1(0.0)      | G10_1(0.0)      | G10_1(1.0)     | G10_1(1.0)     |
+------------+-----------------+-----------------+----------------+----------------+
| ('G57', 0) | G57_0(0.0)      | G57_0(1.0)      | G57_0(0.0)     | G57_0(1.0)     |
+------------+-----------------+-----------------+----------------+----------------+
| G57(0.0)   | 0.97311827957   | 0.0730337078652 | 0.455801104972 | 0.208609271523 |
+------------+-----------------+-----------------+----------------+----------------+
| G57(1.0)   | 0.0268817204301 | 0.926966292135  | 0.544198895028 | 0.791390728477 |
+------------+-----------------+-----------------+----------------+----------------+
+------------+-----------------+------------+-----------------+-----------------+
| ('G10', 1) | G10_1(0.0)      | G10_1(0.0) | G10_1(1.0)      | G10_1(1.0)      |
+------------+-----------------+------------+-----------------+-----------------+
| ('G56', 0) | G56_0(0.0)      | G56_0(1.0) | G56_0(0.0)      | G56_0(1.0)      |
+------------+-----------------+------------+-----------------+-----------------+
| G56(0.0)   | 0.967532467532  | 0.1        | 0.0862068965517 | 0.0305785123967 |
+------------+-----------------+------------+-----------------+-----------------+
| G56(1.0)   | 0.0324675324675 | 0.9        | 0.913793103448  | 0.969421487603  |
+------------+-----------------+------------+-----------------+-----------------+
+------------+----------------+----------------+----------------+----------------+
| ('G35', 0) | G35_0(0.0)     | G35_0(0.0)     | G35_0(1.0)     | G35_0(1.0)     |
+------------+----------------+----------------+----------------+----------------+
| ('G77', 1) | G77_1(0.0)     | G77_1(1.0)     | G77_1(0.0)     | G77_1(1.0)     |
+------------+----------------+----------------+----------------+----------------+
| G55(0.0)   | 0.852941176471 | 0.880952380952 | 0.474842767296 | 0.220930232558 |
+------------+----------------+----------------+----------------+----------------+
| G55(1.0)   | 0.147058823529 | 0.119047619048 | 0.525157232704 | 0.779069767442 |
+------------+----------------+----------------+----------------+----------------+
+------------+------------+----------------+-----------------+----------------+
| ('G28', 1) | G28_1(0.0) | G28_1(0.0)     | G28_1(1.0)      | G28_1(1.0)     |
+------------+------------+----------------+-----------------+----------------+
| ('G8', 0)  | G8_0(0.0)  | G8_0(1.0)      | G8_0(0.0)       | G8_0(1.0)      |
+------------+------------+----------------+-----------------+----------------+
| G54(0.0)   | 0.5        | 0.768656716418 | 0.956140350877  | 0.308318264014 |
+------------+------------+----------------+-----------------+----------------+
| G54(1.0)   | 0.5        | 0.231343283582 | 0.0438596491228 | 0.691681735986 |
+------------+------------+----------------+-----------------+----------------+
+------------+-----------------+----------------+----------------+-----------------+
| ('G63', 0) | G63_0(0.0)      | G63_0(0.0)     | G63_0(1.0)     | G63_0(1.0)      |
+------------+-----------------+----------------+----------------+-----------------+
| ('G94', 0) | G94_0(0.0)      | G94_0(1.0)     | G94_0(0.0)     | G94_0(1.0)      |
+------------+-----------------+----------------+----------------+-----------------+
| G59(0.0)   | 0.0308641975309 | 0.192307692308 | 0.451219512195 | 0.966960352423  |
+------------+-----------------+----------------+----------------+-----------------+
| G59(1.0)   | 0.969135802469  | 0.807692307692 | 0.548780487805 | 0.0330396475771 |
+------------+-----------------+----------------+----------------+-----------------+
+------------+-----------------+----------------+------------+-----------------+
| ('G19', 0) | G19_0(0.0)      | G19_0(0.0)     | G19_0(1.0) | G19_0(1.0)      |
+------------+-----------------+----------------+------------+-----------------+
| ('G49', 1) | G49_1(0.0)      | G49_1(1.0)     | G49_1(0.0) | G49_1(1.0)      |
+------------+-----------------+----------------+------------+-----------------+
| G58(0.0)   | 0.0294117647059 | 0.368852459016 | 0.5        | 0.939024390244  |
+------------+-----------------+----------------+------------+-----------------+
| G58(1.0)   | 0.970588235294  | 0.631147540984 | 0.5        | 0.0609756097561 |
+------------+-----------------+----------------+------------+-----------------+
+------------+----------------+----------------+---------------+----------------+
| ('G42', 1) | G42_1(0.0)     | G42_1(0.0)     | G42_1(1.0)    | G42_1(1.0)     |
+------------+----------------+----------------+---------------+----------------+
| ('G54', 1) | G54_1(0.0)     | G54_1(1.0)     | G54_1(0.0)    | G54_1(1.0)     |
+------------+----------------+----------------+---------------+----------------+
| G40(0.0)   | 0.162921348315 | 0.608108108108 | 0.10409556314 | 0.227959697733 |
+------------+----------------+----------------+---------------+----------------+
| G40(1.0)   | 0.837078651685 | 0.391891891892 | 0.89590443686 | 0.772040302267 |
+------------+----------------+----------------+---------------+----------------+
+------------+------------------+----------------+-----------------+-----------------+
| ('G31', 1) | G31_1(0.0)       | G31_1(0.0)     | G31_1(1.0)      | G31_1(1.0)      |
+------------+------------------+----------------+-----------------+-----------------+
| ('G41', 0) | G41_0(0.0)       | G41_0(1.0)     | G41_0(0.0)      | G41_0(1.0)      |
+------------+------------------+----------------+-----------------+-----------------+
| G41(0.0)   | 0.994929006085   | 0.254385964912 | 0.90522875817   | 0.0575221238938 |
+------------+------------------+----------------+-----------------+-----------------+
| G41(1.0)   | 0.00507099391481 | 0.745614035088 | 0.0947712418301 | 0.942477876106  |
+------------+------------------+----------------+-----------------+-----------------+
+------------+-----------------+----------------+-----------------+------------------+
| ('G42', 0) | G42_0(0.0)      | G42_0(0.0)     | G42_0(1.0)      | G42_0(1.0)       |
+------------+-----------------+----------------+-----------------+------------------+
| ('G71', 1) | G71_1(0.0)      | G71_1(1.0)     | G71_1(0.0)      | G71_1(1.0)       |
+------------+-----------------+----------------+-----------------+------------------+
| G42(0.0)   | 0.977064220183  | 0.147058823529 | 0.0358024691358 | 0.00877192982456 |
+------------+-----------------+----------------+-----------------+------------------+
| G42(1.0)   | 0.0229357798165 | 0.852941176471 | 0.964197530864  | 0.991228070175   |
+------------+-----------------+----------------+-----------------+------------------+
+------------+---------------+-----------------+------------------+----------------+
| ('G43', 0) | G43_0(0.0)    | G43_0(0.0)      | G43_0(1.0)       | G43_0(1.0)     |
+------------+---------------+-----------------+------------------+----------------+
| ('G9', 1)  | G9_1(0.0)     | G9_1(1.0)       | G9_1(0.0)        | G9_1(1.0)      |
+------------+---------------+-----------------+------------------+----------------+
| G43(0.0)   | 0.72641509434 | 0.961538461538  | 0.00948905109489 | 0.807692307692 |
+------------+---------------+-----------------+------------------+----------------+
| G43(1.0)   | 0.27358490566 | 0.0384615384615 | 0.990510948905   | 0.192307692308 |
+------------+---------------+-----------------+------------------+----------------+
+------------+-----------------+----------------+------------+-----------------+
| ('G10', 0) | G10_0(0.0)      | G10_0(0.0)     | G10_0(1.0) | G10_0(1.0)      |
+------------+-----------------+----------------+------------+-----------------+
| ('G43', 0) | G43_0(0.0)      | G43_0(1.0)     | G43_0(0.0) | G43_0(1.0)      |
+------------+-----------------+----------------+------------+-----------------+
| G44(0.0)   | 0.97311827957   | 0.342696629213 | 0.74       | 0.0172413793103 |
+------------+-----------------+----------------+------------+-----------------+
| G44(1.0)   | 0.0268817204301 | 0.657303370787 | 0.26       | 0.98275862069   |
+------------+-----------------+----------------+------------+-----------------+
+------------+----------------+----------------+----------------+------------------+
| ('G43', 0) | G43_0(0.0)     | G43_0(0.0)     | G43_0(1.0)     | G43_0(1.0)       |
+------------+----------------+----------------+----------------+------------------+
| ('G45', 0) | G45_0(0.0)     | G45_0(1.0)     | G45_0(0.0)     | G45_0(1.0)       |
+------------+----------------+----------------+----------------+------------------+
| G45(0.0)   | 0.801886792453 | 0.223076923077 | 0.277777777778 | 0.00362844702467 |
+------------+----------------+----------------+----------------+------------------+
| G45(1.0)   | 0.198113207547 | 0.776923076923 | 0.722222222222 | 0.996371552975   |
+------------+----------------+----------------+----------------+------------------+
+------------+----------------+-----------------+-----------------+----------------+
| ('G41', 1) | G41_1(0.0)     | G41_1(0.0)      | G41_1(1.0)      | G41_1(1.0)     |
+------------+----------------+-----------------+-----------------+----------------+
| ('G46', 0) | G46_0(0.0)     | G46_0(1.0)      | G46_0(0.0)      | G46_0(1.0)     |
+------------+----------------+-----------------+-----------------+----------------+
| G46(0.0)   | 0.675438596491 | 0.0109612141653 | 0.977876106195  | 0.198113207547 |
+------------+----------------+-----------------+-----------------+----------------+
| G46(1.0)   | 0.324561403509 | 0.989038785835  | 0.0221238938053 | 0.801886792453 |
+------------+----------------+-----------------+-----------------+----------------+
+------------+-----------------+------------+------------------+-----------------+
| ('G46', 0) | G46_0(0.0)      | G46_0(0.0) | G46_0(1.0)       | G46_0(1.0)      |
+------------+-----------------+------------+------------------+-----------------+
| ('G74', 1) | G74_1(0.0)      | G74_1(1.0) | G74_1(0.0)       | G74_1(1.0)      |
+------------+-----------------+------------+------------------+-----------------+
| G47(0.0)   | 0.0555555555556 | 0.98       | 0.00542299349241 | 0.0135135135135 |
+------------+-----------------+------------+------------------+-----------------+
| G47(1.0)   | 0.944444444444  | 0.02       | 0.994577006508   | 0.986486486486  |
+------------+-----------------+------------+------------------+-----------------+
+------------+----------------+-----------------+------------------+----------------+
| ('G52', 0) | G52_0(0.0)     | G52_0(0.0)      | G52_0(1.0)       | G52_0(1.0)     |
+------------+----------------+-----------------+------------------+----------------+
| ('G73', 1) | G73_1(0.0)     | G73_1(1.0)      | G73_1(0.0)       | G73_1(1.0)     |
+------------+----------------+-----------------+------------------+----------------+
| G48(0.0)   | 0.801886792453 | 0.961538461538  | 0.00394944707741 | 0.284615384615 |
+------------+----------------+-----------------+------------------+----------------+
| G48(1.0)   | 0.198113207547 | 0.0384615384615 | 0.996050552923   | 0.715384615385 |
+------------+----------------+-----------------+------------------+----------------+
+------------+-----------------+------------+----------------+-----------------+
| ('G46', 0) | G46_0(0.0)      | G46_0(0.0) | G46_0(1.0)     | G46_0(1.0)      |
+------------+-----------------+------------+----------------+-----------------+
| ('G49', 0) | G49_0(0.0)      | G49_0(1.0) | G49_0(0.0)     | G49_0(1.0)      |
+------------+-----------------+------------+----------------+-----------------+
| G49(0.0)   | 0.927586206897  | 0.9        | 0.722222222222 | 0.0185840707965 |
+------------+-----------------+------------+----------------+-----------------+
| G49(1.0)   | 0.0724137931034 | 0.1        | 0.277777777778 | 0.981415929204  |
+------------+-----------------+------------+----------------+-----------------+
+------------+----------------+----------------+----------------+-----------------+
| ('G66', 1) | G66_1(0.0)     | G66_1(0.0)     | G66_1(1.0)     | G66_1(1.0)      |
+------------+----------------+----------------+----------------+-----------------+
| ('G75', 0) | G75_0(0.0)     | G75_0(1.0)     | G75_0(0.0)     | G75_0(1.0)      |
+------------+----------------+----------------+----------------+-----------------+
| G75(0.0)   | 0.876470588235 | 0.185950413223 | 0.439393939394 | 0.0112651646447 |
+------------+----------------+----------------+----------------+-----------------+
| G75(1.0)   | 0.123529411765 | 0.814049586777 | 0.560606060606 | 0.988734835355  |
+------------+----------------+----------------+----------------+-----------------+
+------------+----------------+-----------------+------------------+----------------+
| ('G37', 0) | G37_0(0.0)     | G37_0(0.0)      | G37_0(1.0)       | G37_0(1.0)     |
+------------+----------------+-----------------+------------------+----------------+
| ('G74', 0) | G74_0(0.0)     | G74_0(1.0)      | G74_0(0.0)       | G74_0(1.0)     |
+------------+----------------+-----------------+------------------+----------------+
| G74(0.0)   | 0.472602739726 | 0.0121951219512 | 0.994226327945   | 0.366666666667 |
+------------+----------------+-----------------+------------------+----------------+
| G74(1.0)   | 0.527397260274 | 0.987804878049  | 0.00577367205543 | 0.633333333333 |
+------------+----------------+-----------------+------------------+----------------+
+------------+-----------------+----------------+----------------+-----------------+
| ('G72', 0) | G72_0(0.0)      | G72_0(0.0)     | G72_0(1.0)     | G72_0(1.0)      |
+------------+-----------------+----------------+----------------+-----------------+
| ('G77', 0) | G77_0(0.0)      | G77_0(1.0)     | G77_0(0.0)     | G77_0(1.0)      |
+------------+-----------------+----------------+----------------+-----------------+
| G77(0.0)   | 0.952431289641  | 0.245222929936 | 0.119047619048 | 0.0151515151515 |
+------------+-----------------+----------------+----------------+-----------------+
| G77(1.0)   | 0.0475687103594 | 0.754777070064 | 0.880952380952 | 0.984848484848  |
+------------+-----------------+----------------+----------------+-----------------+
+------------+------------+-----------------+-----------------+----------------+
| ('G72', 0) | G72_0(0.0) | G72_0(0.0)      | G72_0(1.0)      | G72_0(1.0)     |
+------------+------------+-----------------+-----------------+----------------+
| ('G76', 0) | G76_0(0.0) | G76_0(1.0)      | G76_0(0.0)      | G76_0(1.0)     |
+------------+------------+-----------------+-----------------+----------------+
| G76(0.0)   | 0.66       | 0.0366336633663 | 0.978632478632  | 0.384057971014 |
+------------+------------+-----------------+-----------------+----------------+
| G76(1.0)   | 0.34       | 0.963366336634  | 0.0213675213675 | 0.615942028986 |
+------------+------------+-----------------+-----------------+----------------+
+------------+----------------+-----------------+-----------------+------------+
| ('G37', 0) | G37_0(0.0)     | G37_0(0.0)      | G37_0(1.0)      | G37_0(1.0) |
+------------+----------------+-----------------+-----------------+------------+
| ('G71', 0) | G71_0(0.0)     | G71_0(1.0)      | G71_0(0.0)      | G71_0(1.0) |
+------------+----------------+-----------------+-----------------+------------+
| G71(0.0)   | 0.737623762376 | 0.0141242937853 | 0.916464891041  | 0.468      |
+------------+----------------+-----------------+-----------------+------------+
| G71(1.0)   | 0.262376237624 | 0.985875706215  | 0.0835351089588 | 0.532      |
+------------+----------------+-----------------+-----------------+------------+
+------------+------------+-----------------+------------+----------------+
| ('G70', 0) | G70_0(0.0) | G70_0(0.0)      | G70_0(1.0) | G70_0(1.0)     |
+------------+------------+-----------------+------------+----------------+
| ('G72', 0) | G72_0(0.0) | G72_0(1.0)      | G72_0(0.0) | G72_0(1.0)     |
+------------+------------+-----------------+------------+----------------+
| G70(0.0)   | 0.996      | 0.90522875817   | 0.5        | 0.439393939394 |
+------------+------------+-----------------+------------+----------------+
| G70(1.0)   | 0.004      | 0.0947712418301 | 0.5        | 0.560606060606 |
+------------+------------+-----------------+------------+----------------+
+------------+----------------+----------------+-----------------+----------------+
| ('G69', 1) | G69_1(0.0)     | G69_1(0.0)     | G69_1(1.0)      | G69_1(1.0)     |
+------------+----------------+----------------+-----------------+----------------+
| ('G73', 0) | G73_0(0.0)     | G73_0(1.0)     | G73_0(0.0)      | G73_0(1.0)     |
+------------+----------------+----------------+-----------------+----------------+
| G73(0.0)   | 0.658415841584 | 0.169724770642 | 0.995726495726  | 0.880952380952 |
+------------+----------------+----------------+-----------------+----------------+
| G73(1.0)   | 0.341584158416 | 0.830275229358 | 0.0042735042735 | 0.119047619048 |
+------------+----------------+----------------+-----------------+----------------+
+------------+----------------+-----------------+-----------------+-----------------+
| ('G37', 0) | G37_0(0.0)     | G37_0(0.0)      | G37_0(1.0)      | G37_0(1.0)      |
+------------+----------------+-----------------+-----------------+-----------------+
| ('G72', 0) | G72_0(0.0)     | G72_0(1.0)      | G72_0(0.0)      | G72_0(1.0)      |
+------------+----------------+-----------------+-----------------+-----------------+
| G72(0.0)   | 0.714876033058 | 0.0668789808917 | 0.995088408644  | 0.913793103448  |
+------------+----------------+-----------------+-----------------+-----------------+
| G72(1.0)   | 0.285123966942 | 0.933121019108  | 0.0049115913556 | 0.0862068965517 |
+------------+----------------+-----------------+-----------------+-----------------+
+------------+-----------------+----------------+----------------+----------------+
| ('G63', 1) | G63_1(0.0)      | G63_1(0.0)     | G63_1(1.0)     | G63_1(1.0)     |
+------------+-----------------+----------------+----------------+----------------+
| ('G94', 0) | G94_0(0.0)      | G94_0(1.0)     | G94_0(0.0)     | G94_0(1.0)     |
+------------+-----------------+----------------+----------------+----------------+
| G79(0.0)   | 0.0324675324675 | 0.147058823529 | 0.144444444444 | 0.889955686854 |
+------------+-----------------+----------------+----------------+----------------+
| G79(1.0)   | 0.967532467532  | 0.852941176471 | 0.855555555556 | 0.110044313146 |
+------------+-----------------+----------------+----------------+----------------+
+------------+----------------+-----------------+-----------------+------------------+
| ('G63', 0) | G63_0(0.0)     | G63_0(0.0)      | G63_0(1.0)      | G63_0(1.0)       |
+------------+----------------+-----------------+-----------------+------------------+
| ('G93', 1) | G93_1(0.0)     | G93_1(1.0)      | G93_1(0.0)      | G93_1(1.0)       |
+------------+----------------+-----------------+-----------------+------------------+
| G78(0.0)   | 0.824324324324 | 0.0438596491228 | 0.952830188679  | 0.990284005979   |
+------------+----------------+-----------------+-----------------+------------------+
| G78(1.0)   | 0.175675675676 | 0.956140350877  | 0.0471698113208 | 0.00971599402093 |
+------------+----------------+-----------------+-----------------+------------------+
+------------+----------------+----------------+----------------+-----------------+
| ('G23', 0) | G23_0(0.0)     | G23_0(0.0)     | G23_0(1.0)     | G23_0(1.0)      |
+------------+----------------+----------------+----------------+-----------------+
| ('G68', 0) | G68_0(0.0)     | G68_0(1.0)     | G68_0(0.0)     | G68_0(1.0)      |
+------------+----------------+----------------+----------------+-----------------+
| G68(0.0)   | 0.341584158416 | 0.215942028986 | 0.696721311475 | 0.0339805825243 |
+------------+----------------+----------------+----------------+-----------------+
| G68(1.0)   | 0.658415841584 | 0.784057971014 | 0.303278688525 | 0.966019417476  |
+------------+----------------+----------------+----------------+-----------------+
+------------+-----------------+----------------+----------------+------------------+
| ('G37', 0) | G37_0(0.0)      | G37_0(0.0)     | G37_0(1.0)     | G37_0(1.0)       |
+------------+-----------------+----------------+----------------+------------------+
| ('G69', 0) | G69_0(0.0)      | G69_0(1.0)     | G69_0(0.0)     | G69_0(1.0)       |
+------------+-----------------+----------------+----------------+------------------+
| G69(0.0)   | 0.962427745665  | 0.328571428571 | 0.175675675676 | 0.00499001996008 |
+------------+-----------------+----------------+----------------+------------------+
| G69(1.0)   | 0.0375722543353 | 0.671428571429 | 0.824324324324 | 0.99500998004    |
+------------+-----------------+----------------+----------------+------------------+
+------------+----------------+-----------------+---------------+----------------+
| ('G21', 1) | G21_1(0.0)     | G21_1(0.0)      | G21_1(1.0)    | G21_1(1.0)     |
+------------+----------------+-----------------+---------------+----------------+
| ('G62', 0) | G62_0(0.0)     | G62_0(1.0)      | G62_0(0.0)    | G62_0(1.0)     |
+------------+----------------+-----------------+---------------+----------------+
| G62(0.0)   | 0.762068965517 | 0.0597920277296 | 0.87037037037 | 0.807692307692 |
+------------+----------------+-----------------+---------------+----------------+
| G62(1.0)   | 0.237931034483 | 0.94020797227   | 0.12962962963 | 0.192307692308 |
+------------+----------------+-----------------+---------------+----------------+
+------------+-----------------+----------------+---------------+------------------+
| ('G45', 1) | G45_1(0.0)      | G45_1(0.0)     | G45_1(1.0)    | G45_1(1.0)       |
+------------+-----------------+----------------+---------------+------------------+
| ('G63', 0) | G63_0(0.0)      | G63_0(1.0)     | G63_0(0.0)    | G63_0(1.0)       |
+------------+-----------------+----------------+---------------+------------------+
| G63(0.0)   | 0.939024390244  | 0.690476190476 | 0.72641509434 | 0.00356633380884 |
+------------+-----------------+----------------+---------------+------------------+
| G63(1.0)   | 0.0609756097561 | 0.309523809524 | 0.27358490566 | 0.996433666191   |
+------------+-----------------+----------------+---------------+------------------+
+------------+----------------+----------------+------------+-----------------+
| ('G60', 0) | G60_0(0.0)     | G60_0(0.0)     | G60_0(1.0) | G60_0(1.0)      |
+------------+----------------+----------------+------------+-----------------+
| ('G65', 0) | G65_0(0.0)     | G65_0(1.0)     | G65_0(0.0) | G65_0(1.0)      |
+------------+----------------+----------------+------------+-----------------+
| G60(0.0)   | 0.763565891473 | 0.701550387597 | 0.5        | 0.0705521472393 |
+------------+----------------+----------------+------------+-----------------+
| G60(1.0)   | 0.236434108527 | 0.298449612403 | 0.5        | 0.929447852761  |
+------------+----------------+----------------+------------+-----------------+
+------------+---------------+-----------------+-----------------+----------------+
| ('G66', 1) | G66_1(0.0)    | G66_1(0.0)      | G66_1(1.0)      | G66_1(1.0)     |
+------------+---------------+-----------------+-----------------+----------------+
| ('G88', 0) | G88_0(0.0)    | G88_0(1.0)      | G88_0(0.0)      | G88_0(1.0)     |
+------------+---------------+-----------------+-----------------+----------------+
| G61(0.0)   | 0.43984962406 | 0.965753424658  | 0.981149012567  | 0.877358490566 |
+------------+---------------+-----------------+-----------------+----------------+
| G61(1.0)   | 0.56015037594 | 0.0342465753425 | 0.0188509874327 | 0.122641509434 |
+------------+---------------+-----------------+-----------------+----------------+
+------------+----------------+-----------------+----------------+----------------+
| ('G15', 1) | G15_1(0.0)     | G15_1(0.0)      | G15_1(1.0)     | G15_1(1.0)     |
+------------+----------------+-----------------+----------------+----------------+
| ('G66', 0) | G66_0(0.0)     | G66_0(1.0)      | G66_0(0.0)     | G66_0(1.0)     |
+------------+----------------+-----------------+----------------+----------------+
| G66(0.0)   | 0.845177664975 | 0.0443886097152 | 0.277777777778 | 0.807692307692 |
+------------+----------------+-----------------+----------------+----------------+
| G66(1.0)   | 0.154822335025 | 0.955611390285  | 0.722222222222 | 0.192307692308 |
+------------+----------------+-----------------+----------------+----------------+
+------------+---------------+----------------+----------------+----------------+
| ('G24', 0) | G24_0(0.0)    | G24_0(0.0)     | G24_0(1.0)     | G24_0(1.0)     |
+------------+---------------+----------------+----------------+----------------+
| ('G67', 0) | G67_0(0.0)    | G67_0(1.0)     | G67_0(0.0)     | G67_0(1.0)     |
+------------+---------------+----------------+----------------+----------------+
| G67(0.0)   | 0.43984962406 | 0.390547263682 | 0.519047619048 | 0.133952254642 |
+------------+---------------+----------------+----------------+----------------+
| G67(1.0)   | 0.56015037594 | 0.609452736318 | 0.480952380952 | 0.866047745358 |
+------------+---------------+----------------+----------------+----------------+
+------------+-----------------+------------+------------+-----------------+
| ('G43', 0) | G43_0(0.0)      | G43_0(0.0) | G43_0(1.0) | G43_0(1.0)      |
+------------+-----------------+------------+------------+-----------------+
| ('G64', 0) | G64_0(0.0)      | G64_0(1.0) | G64_0(0.0) | G64_0(1.0)      |
+------------+-----------------+------------+------------+-----------------+
| G64(0.0)   | 0.974226804124  | 0.5        | 0.5        | 0.0286821705426 |
+------------+-----------------+------------+------------+-----------------+
| G64(1.0)   | 0.0257731958763 | 0.5        | 0.5        | 0.971317829457  |
+------------+-----------------+------------+------------+-----------------+
+------------+----------------+-----------------+----------------+----------------+
| ('G57', 1) | G57_1(0.0)     | G57_1(0.0)      | G57_1(1.0)     | G57_1(1.0)     |
+------------+----------------+-----------------+----------------+----------------+
| ('G65', 0) | G65_0(0.0)     | G65_0(1.0)      | G65_0(0.0)     | G65_0(1.0)     |
+------------+----------------+-----------------+----------------+----------------+
| G65(0.0)   | 0.224137931034 | 0.0102040816327 | 0.748520710059 | 0.167560321716 |
+------------+----------------+-----------------+----------------+----------------+
| G65(1.0)   | 0.775862068966 | 0.989795918367  | 0.251479289941 | 0.832439678284 |
+------------+----------------+-----------------+----------------+----------------+
+-------------+-----------------+----------------+----------------+------------------+
| ('G100', 0) | G100_0(0.0)     | G100_0(0.0)    | G100_0(1.0)    | G100_0(1.0)      |
+-------------+-----------------+----------------+----------------+------------------+
| ('G90', 1)  | G90_1(0.0)      | G90_1(1.0)     | G90_1(0.0)     | G90_1(1.0)       |
+-------------+-----------------+----------------+----------------+------------------+
| G100(0.0)   | 0.967532467532  | 0.192307692308 | 0.184210526316 | 0.00373692077728 |
+-------------+-----------------+----------------+----------------+------------------+
| G100(1.0)   | 0.0324675324675 | 0.807692307692 | 0.815789473684 | 0.996263079223   |
+-------------+-----------------+----------------+----------------+------------------+
+------------+----------------+------------------+-----------------+----------------+
| ('G19', 0) | G19_0(0.0)     | G19_0(0.0)       | G19_0(1.0)      | G19_0(1.0)     |
+------------+----------------+------------------+-----------------+----------------+
| ('G85', 0) | G85_0(0.0)     | G85_0(1.0)       | G85_0(0.0)      | G85_0(1.0)     |
+------------+----------------+------------------+-----------------+----------------+
| G19(0.0)   | 0.867346938776 | 0.99653259362    | 0.0675675675676 | 0.722222222222 |
+------------+----------------+------------------+-----------------+----------------+
| G19(1.0)   | 0.132653061224 | 0.00346740638003 | 0.932432432432  | 0.277777777778 |
+------------+----------------+------------------+-----------------+----------------+
+------------+-----------------+----------------+----------------+------------------+
| ('G18', 0) | G18_0(0.0)      | G18_0(0.0)     | G18_0(1.0)     | G18_0(1.0)       |
+------------+-----------------+----------------+----------------+------------------+
| ('G46', 0) | G46_0(0.0)      | G46_0(1.0)     | G46_0(0.0)     | G46_0(1.0)       |
+------------+-----------------+----------------+----------------+------------------+
| G18(0.0)   | 0.975247524752  | 0.147058823529 | 0.210144927536 | 0.00397456279809 |
+------------+-----------------+----------------+----------------+------------------+
| G18(1.0)   | 0.0247524752475 | 0.852941176471 | 0.789855072464 | 0.996025437202   |
+------------+-----------------+----------------+----------------+------------------+
+------------+----------------+----------------+----------------+----------------+
| ('G27', 1) | G27_1(0.0)     | G27_1(0.0)     | G27_1(1.0)     | G27_1(1.0)     |
+------------+----------------+----------------+----------------+----------------+
| ('G85', 0) | G85_0(0.0)     | G85_0(1.0)     | G85_0(0.0)     | G85_0(1.0)     |
+------------+----------------+----------------+----------------+----------------+
| G17(0.0)   | 0.548780487805 | 0.675438596491 | 0.855555555556 | 0.158246656761 |
+------------+----------------+----------------+----------------+----------------+
| G17(1.0)   | 0.451219512195 | 0.324561403509 | 0.144444444444 | 0.841753343239 |
+------------+----------------+----------------+----------------+----------------+
+------------+------------+------------------+------------+----------------+
| ('G16', 0) | G16_0(0.0) | G16_0(0.0)       | G16_0(1.0) | G16_0(1.0)     |
+------------+------------+------------------+------------+----------------+
| ('G36', 1) | G36_1(0.0) | G36_1(1.0)       | G36_1(0.0) | G36_1(1.0)     |
+------------+------------+------------------+------------+----------------+
| G16(0.0)   | 0.82       | 0.995344506518   | 0.052      | 0.637931034483 |
+------------+------------+------------------+------------+----------------+
| G16(1.0)   | 0.18       | 0.00465549348231 | 0.948      | 0.362068965517 |
+------------+------------+------------------+------------+----------------+
+------------+------------------+---------------+------------+----------------+
| ('G15', 0) | G15_0(0.0)       | G15_0(0.0)    | G15_0(1.0) | G15_0(1.0)     |
+------------+------------------+---------------+------------+----------------+
| ('G82', 0) | G82_0(0.0)       | G82_0(1.0)    | G82_0(0.0) | G82_0(1.0)     |
+------------+------------------+---------------+------------+----------------+
| G15(0.0)   | 0.996714848883   | 0.80303030303 | 0.5        | 0.382352941176 |
+------------+------------------+---------------+------------+----------------+
| G15(1.0)   | 0.00328515111695 | 0.19696969697 | 0.5        | 0.617647058824 |
+------------+------------------+---------------+------------+----------------+
+------------+----------------+------------------+----------------+----------------+
| ('G14', 0) | G14_0(0.0)     | G14_0(0.0)       | G14_0(1.0)     | G14_0(1.0)     |
+------------+----------------+------------------+----------------+----------------+
| ('G91', 1) | G91_1(0.0)     | G91_1(1.0)       | G91_1(0.0)     | G91_1(1.0)     |
+------------+----------------+------------------+----------------+----------------+
| G14(0.0)   | 0.827868852459 | 0.996513249651   | 0.224137931034 | 0.722222222222 |
+------------+----------------+------------------+----------------+----------------+
| G14(1.0)   | 0.172131147541 | 0.00348675034868 | 0.775862068966 | 0.277777777778 |
+------------+----------------+------------------+----------------+----------------+
+----------+---+
| G13(0.0) | 1 |
+----------+---+
+------------+-----------------+-----------------+------------+-----------------+
| ('G10', 1) | G10_1(0.0)      | G10_1(0.0)      | G10_1(1.0) | G10_1(1.0)      |
+------------+-----------------+-----------------+------------+-----------------+
| ('G12', 0) | G12_0(0.0)      | G12_0(1.0)      | G12_0(0.0) | G12_0(1.0)      |
+------------+-----------------+-----------------+------------+-----------------+
| G12(0.0)   | 0.965753424658  | 0.0963302752294 | 0.26       | 0.0172413793103 |
+------------+-----------------+-----------------+------------+-----------------+
| G12(1.0)   | 0.0342465753425 | 0.903669724771  | 0.74       | 0.98275862069   |
+------------+-----------------+-----------------+------------+-----------------+
+----------+---+
| G11(0.0) | 1 |
+----------+---+
+------------+----------------+----------------+------------+-----------------+
| ('G10', 0) | G10_0(0.0)     | G10_0(0.0)     | G10_0(1.0) | G10_0(1.0)      |
+------------+----------------+----------------+------------+-----------------+
| ('G91', 1) | G91_1(0.0)     | G91_1(1.0)     | G91_1(0.0) | G91_1(1.0)      |
+------------+----------------+----------------+------------+-----------------+
| G10(0.0)   | 0.963768115942 | 0.800884955752 | 0.5        | 0.0236541598695 |
+------------+----------------+----------------+------------+-----------------+
| G10(1.0)   | 0.036231884058 | 0.199115044248 | 0.5        | 0.976345840131  |
+------------+----------------+----------------+------------+-----------------+
+------------+----------------+----------------+-----------------+----------------+
| ('G2', 1)  | G2_1(0.0)      | G2_1(0.0)      | G2_1(1.0)       | G2_1(1.0)      |
+------------+----------------+----------------+-----------------+----------------+
| ('G83', 0) | G83_0(0.0)     | G83_0(1.0)     | G83_0(0.0)      | G83_0(1.0)     |
+------------+----------------+----------------+-----------------+----------------+
| G97(0.0)   | 0.617647058824 | 0.457081545064 | 0.0342465753425 | 0.289046653144 |
+------------+----------------+----------------+-----------------+----------------+
| G97(1.0)   | 0.382352941176 | 0.542918454936 | 0.965753424658  | 0.710953346856 |
+------------+----------------+----------------+-----------------+----------------+
+------------+-----------------+----------------+----------------+----------------+
| ('G19', 0) | G19_0(0.0)      | G19_0(0.0)     | G19_0(1.0)     | G19_0(1.0)     |
+------------+-----------------+----------------+----------------+----------------+
| ('G83', 1) | G83_1(0.0)      | G83_1(1.0)     | G83_1(0.0)     | G83_1(1.0)     |
+------------+-----------------+----------------+----------------+----------------+
| G96(0.0)   | 0.959016393443  | 0.206629055007 | 0.362068965517 | 0.617647058824 |
+------------+-----------------+----------------+----------------+----------------+
| G96(1.0)   | 0.0409836065574 | 0.793370944993 | 0.637931034483 | 0.382352941176 |
+------------+-----------------+----------------+----------------+----------------+
+------------+-----------------+----------------+----------------+------------------+
| ('G93', 0) | G93_0(0.0)      | G93_0(0.0)     | G93_0(1.0)     | G93_0(1.0)       |
+------------+-----------------+----------------+----------------+------------------+
| ('G94', 0) | G94_0(0.0)      | G94_0(1.0)     | G94_0(0.0)     | G94_0(1.0)       |
+------------+-----------------+----------------+----------------+------------------+
| G95(0.0)   | 0.91095890411   | 0.147058823529 | 0.214285714286 | 0.00369276218612 |
+------------+-----------------+----------------+----------------+------------------+
| G95(1.0)   | 0.0890410958904 | 0.852941176471 | 0.785714285714 | 0.996307237814   |
+------------+-----------------+----------------+----------------+------------------+
+------------+-----------------+----------------+----------------+------------------+
| ('G43', 1) | G43_1(0.0)      | G43_1(0.0)     | G43_1(1.0)     | G43_1(1.0)       |
+------------+-----------------+----------------+----------------+------------------+
| ('G94', 0) | G94_0(0.0)      | G94_0(1.0)     | G94_0(0.0)     | G94_0(1.0)       |
+------------+-----------------+----------------+----------------+------------------+
| G94(0.0)   | 0.965753424658  | 0.322222222222 | 0.704081632653 | 0.00385208012327 |
+------------+-----------------+----------------+----------------+------------------+
| G94(1.0)   | 0.0342465753425 | 0.677777777778 | 0.295918367347 | 0.996147919877   |
+------------+-----------------+----------------+----------------+------------------+
+------------+----------------+-----------------+-----------------+------------+
| ('G9', 0)  | G9_0(0.0)      | G9_0(0.0)       | G9_0(1.0)       | G9_0(1.0)  |
+------------+----------------+-----------------+-----------------+------------+
| ('G93', 0) | G93_0(0.0)     | G93_0(1.0)      | G93_0(0.0)      | G93_0(1.0) |
+------------+----------------+-----------------+-----------------+------------+
| G93(0.0)   | 0.617647058824 | 0.0145631067961 | 0.91095890411   | 0.5        |
+------------+----------------+-----------------+-----------------+------------+
| G93(1.0)   | 0.382352941176 | 0.985436893204  | 0.0890410958904 | 0.5        |
+------------+----------------+-----------------+-----------------+------------+
+------------+-----------------+----------------+----------------+------------------+
| ('G91', 0) | G91_0(0.0)      | G91_0(0.0)     | G91_0(1.0)     | G91_0(1.0)       |
+------------+-----------------+----------------+----------------+------------------+
| ('G92', 0) | G92_0(0.0)      | G92_0(1.0)     | G92_0(0.0)     | G92_0(1.0)       |
+------------+-----------------+----------------+----------------+------------------+
| G92(0.0)   | 0.959016393443  | 0.362068965517 | 0.309523809524 | 0.00921985815603 |
+------------+-----------------+----------------+----------------+------------------+
| G92(1.0)   | 0.0409836065574 | 0.637931034483 | 0.690476190476 | 0.990780141844   |
+------------+-----------------+----------------+----------------+------------------+
+------------+----------------+----------------+----------------+-----------------+
| ('G43', 1) | G43_1(0.0)     | G43_1(0.0)     | G43_1(1.0)     | G43_1(1.0)      |
+------------+----------------+----------------+----------------+-----------------+
| ('G91', 0) | G91_0(0.0)     | G91_0(1.0)     | G91_0(0.0)     | G91_0(1.0)      |
+------------+----------------+----------------+----------------+-----------------+
| G91(0.0)   | 0.963768115942 | 0.132653061224 | 0.309523809524 | 0.0155096011817 |
+------------+----------------+----------------+----------------+-----------------+
| G91(1.0)   | 0.036231884058 | 0.867346938776 | 0.690476190476 | 0.984490398818  |
+------------+----------------+----------------+----------------+-----------------+
+------------+-----------------+----------------+----------------+-----------------+
| ('G83', 1) | G83_1(0.0)      | G83_1(0.0)     | G83_1(1.0)     | G83_1(1.0)      |
+------------+-----------------+----------------+----------------+-----------------+
| ('G90', 0) | G90_0(0.0)      | G90_0(1.0)     | G90_0(0.0)     | G90_0(1.0)      |
+------------+-----------------+----------------+----------------+-----------------+
| G90(0.0)   | 0.965753424658  | 0.617647058824 | 0.696721311475 | 0.0157894736842 |
+------------+-----------------+----------------+----------------+-----------------+
| G90(1.0)   | 0.0342465753425 | 0.382352941176 | 0.303278688525 | 0.984210526316  |
+------------+-----------------+----------------+----------------+-----------------+
+------------+----------------+-----------------+-----------------+----------------+
| ('G21', 0) | G21_0(0.0)     | G21_0(0.0)      | G21_0(1.0)      | G21_0(1.0)     |
+------------+----------------+-----------------+-----------------+----------------+
| ('G98', 0) | G98_0(0.0)     | G98_0(1.0)      | G98_0(0.0)      | G98_0(1.0)     |
+------------+----------------+-----------------+-----------------+----------------+
| G99(0.0)   | 0.233333333333 | 0.0096011816839 | 0.970588235294  | 0.277777777778 |
+------------+----------------+-----------------+-----------------+----------------+
| G99(1.0)   | 0.766666666667 | 0.990398818316  | 0.0294117647059 | 0.722222222222 |
+------------+----------------+-----------------+-----------------+----------------+
+------------+-----------------+----------------+----------------+-----------------+
| ('G5', 1)  | G5_1(0.0)       | G5_1(0.0)      | G5_1(1.0)      | G5_1(1.0)       |
+------------+-----------------+----------------+----------------+-----------------+
| ('G98', 0) | G98_0(0.0)      | G98_0(1.0)     | G98_0(0.0)     | G98_0(1.0)      |
+------------+-----------------+----------------+----------------+-----------------+
| G98(0.0)   | 0.91095890411   | 0.852941176471 | 0.675438596491 | 0.0156950672646 |
+------------+-----------------+----------------+----------------+-----------------+
| G98(1.0)   | 0.0890410958904 | 0.147058823529 | 0.324561403509 | 0.984304932735  |
+------------+-----------------+----------------+----------------+-----------------+
+------------+----------------+----------------+-----------------+----------------+
| ('G1', 0)  | G1_0(0.0)      | G1_0(0.0)      | G1_0(1.0)       | G1_0(1.0)      |
+------------+----------------+----------------+-----------------+----------------+
| ('G31', 0) | G31_0(0.0)     | G31_0(1.0)     | G31_0(0.0)      | G31_0(1.0)     |
+------------+----------------+----------------+-----------------+----------------+
| G31(0.0)   | 0.752964426877 | 0.265853658537 | 0.93771043771   | 0.434426229508 |
+------------+----------------+----------------+-----------------+----------------+
| G31(1.0)   | 0.247035573123 | 0.734146341463 | 0.0622895622896 | 0.565573770492 |
+------------+----------------+----------------+-----------------+----------------+
+------------+----------------+-----------------+------------------+------------+
| ('G30', 0) | G30_0(0.0)     | G30_0(0.0)      | G30_0(1.0)       | G30_0(1.0) |
+------------+----------------+-----------------+------------------+------------+
| ('G34', 1) | G34_1(0.0)     | G34_1(1.0)      | G34_1(0.0)       | G34_1(1.0) |
+------------+----------------+-----------------+------------------+------------+
| G30(0.0)   | 0.382352941176 | 0.959016393443  | 0.00348675034868 | 0.5        |
+------------+----------------+-----------------+------------------+------------+
| G30(1.0)   | 0.617647058824 | 0.0409836065574 | 0.996513249651   | 0.5        |
+------------+----------------+-----------------+------------------+------------+
+------------+----------------+----------------+-----------------+----------------+
| ('G50', 1) | G50_1(0.0)     | G50_1(0.0)     | G50_1(1.0)      | G50_1(1.0)     |
+------------+----------------+----------------+-----------------+----------------+
| ('G62', 1) | G62_1(0.0)     | G62_1(1.0)     | G62_1(0.0)      | G62_1(1.0)     |
+------------+----------------+----------------+-----------------+----------------+
| G33(0.0)   | 0.732558139535 | 0.677777777778 | 0.0670103092784 | 0.445945945946 |
+------------+----------------+----------------+-----------------+----------------+
| G33(1.0)   | 0.267441860465 | 0.322222222222 | 0.932989690722  | 0.554054054054 |
+------------+----------------+----------------+-----------------+----------------+
+----------+---+
| G32(0.0) | 1 |
+----------+---+
+------------+-----------------+----------------+----------------+------------------+
| ('G26', 0) | G26_0(0.0)      | G26_0(0.0)     | G26_0(1.0)     | G26_0(1.0)       |
+------------+-----------------+----------------+----------------+------------------+
| ('G35', 0) | G35_0(0.0)      | G35_0(1.0)     | G35_0(0.0)     | G35_0(1.0)       |
+------------+-----------------+----------------+----------------+------------------+
| G35(0.0)   | 0.913793103448  | 0.122641509434 | 0.277777777778 | 0.00344827586207 |
+------------+-----------------+----------------+----------------+------------------+
| G35(1.0)   | 0.0862068965517 | 0.877358490566 | 0.722222222222 | 0.996551724138   |
+------------+-----------------+----------------+----------------+------------------+
+------------+----------------+----------------+------------+------------------+
| ('G26', 0) | G26_0(0.0)     | G26_0(0.0)     | G26_0(1.0) | G26_0(1.0)       |
+------------+----------------+----------------+------------+------------------+
| ('G27', 1) | G27_1(0.0)     | G27_1(1.0)     | G27_1(0.0) | G27_1(1.0)       |
+------------+----------------+----------------+------------+------------------+
| G34(0.0)   | 0.198630136986 | 0.277777777778 | 0.42       | 0.996473906911   |
+------------+----------------+----------------+------------+------------------+
| G34(1.0)   | 0.801369863014 | 0.722222222222 | 0.58       | 0.00352609308886 |
+------------+----------------+----------------+------------+------------------+
+------------+-----------------+---------------+----------------+-----------------+
| ('G36', 0) | G36_0(0.0)      | G36_0(0.0)    | G36_0(1.0)     | G36_0(1.0)      |
+------------+-----------------+---------------+----------------+-----------------+
| ('G37', 0) | G37_0(0.0)      | G37_0(1.0)    | G37_0(0.0)     | G37_0(1.0)      |
+------------+-----------------+---------------+----------------+-----------------+
| G37(0.0)   | 0.985875706215  | 0.36301369863 | 0.618811881188 | 0.0311827956989 |
+------------+-----------------+---------------+----------------+-----------------+
| G37(1.0)   | 0.0141242937853 | 0.63698630137 | 0.381188118812 | 0.968817204301  |
+------------+-----------------+---------------+----------------+-----------------+
+------------+-----------------+----------------+----------------+-----------------+
| ('G36', 0) | G36_0(0.0)      | G36_0(0.0)     | G36_0(1.0)     | G36_0(1.0)      |
+------------+-----------------+----------------+----------------+-----------------+
| ('G42', 1) | G42_1(0.0)      | G42_1(1.0)     | G42_1(0.0)     | G42_1(1.0)      |
+------------+-----------------+----------------+----------------+-----------------+
| G36(0.0)   | 0.977876106195  | 0.806569343066 | 0.807692307692 | 0.0334538878843 |
+------------+-----------------+----------------+----------------+-----------------+
| G36(1.0)   | 0.0221238938053 | 0.193430656934 | 0.192307692308 | 0.966546112116  |
+------------+-----------------+----------------+----------------+-----------------+
+------------+----------------+-----------------+-----------------+----------------+
| ('G39', 0) | G39_0(0.0)     | G39_0(0.0)      | G39_0(1.0)      | G39_0(1.0)     |
+------------+----------------+-----------------+-----------------+----------------+
| ('G90', 1) | G90_1(0.0)     | G90_1(1.0)      | G90_1(0.0)      | G90_1(1.0)     |
+------------+----------------+-----------------+-----------------+----------------+
| G39(0.0)   | 0.716216216216 | 0.983920367534  | 0.0257731958763 | 0.637931034483 |
+------------+----------------+-----------------+-----------------+----------------+
| G39(1.0)   | 0.283783783784 | 0.0160796324655 | 0.974226804124  | 0.362068965517 |
+------------+----------------+-----------------+-----------------+----------------+
+------------+----------------+------------------+------------+----------------+
| ('G19', 0) | G19_0(0.0)     | G19_0(0.0)       | G19_0(1.0) | G19_0(1.0)     |
+------------+----------------+------------------+------------+----------------+
| ('G7', 0)  | G7_0(0.0)      | G7_0(1.0)        | G7_0(0.0)  | G7_0(1.0)      |
+------------+----------------+------------------+------------+----------------+
| G38(0.0)   | 0.617647058824 | 0.996679946879   | 0.5        | 0.353658536585 |
+------------+----------------+------------------+------------+----------------+
| G38(1.0)   | 0.382352941176 | 0.00332005312085 | 0.5        | 0.646341463415 |
+------------+----------------+------------------+------------+----------------+
+------------+-----------------+-----------------+----------------+----------------+
| ('G46', 0) | G46_0(0.0)      | G46_0(0.0)      | G46_0(1.0)     | G46_0(1.0)     |
+------------+-----------------+-----------------+----------------+----------------+
| ('G84', 0) | G84_0(0.0)      | G84_0(1.0)      | G84_0(0.0)     | G84_0(1.0)     |
+------------+-----------------+-----------------+----------------+----------------+
| G84(0.0)   | 0.91975308642   | 0.0730337078652 | 0.845776031434 | 0.602189781022 |
+------------+-----------------+-----------------+----------------+----------------+
| G84(1.0)   | 0.0802469135802 | 0.926966292135  | 0.154223968566 | 0.397810218978 |
+------------+-----------------+-----------------+----------------+----------------+
+------------+-----------------+----------------+----------------+------------------+
| ('G83', 0) | G83_0(0.0)      | G83_0(0.0)     | G83_0(1.0)     | G83_0(1.0)       |
+------------+-----------------+----------------+----------------+------------------+
| ('G85', 0) | G85_0(0.0)      | G85_0(1.0)     | G85_0(0.0)     | G85_0(1.0)       |
+------------+-----------------+----------------+----------------+------------------+
| G85(0.0)   | 0.965753424658  | 0.617647058824 | 0.192307692308 | 0.00350631136045 |
+------------+-----------------+----------------+----------------+------------------+
| G85(1.0)   | 0.0342465753425 | 0.382352941176 | 0.807692307692 | 0.99649368864    |
+------------+-----------------+----------------+----------------+------------------+
+------------+----------------+----------------+------------+----------------+
| ('G61', 1) | G61_1(0.0)     | G61_1(0.0)     | G61_1(1.0) | G61_1(1.0)     |
+------------+----------------+----------------+------------+----------------+
| ('G91', 0) | G91_0(0.0)     | G91_0(1.0)     | G91_0(0.0) | G91_0(1.0)     |
+------------+----------------+----------------+------------+----------------+
| G86(0.0)   | 0.346153846154 | 0.801369863014 | 0.26       | 0.268115942029 |
+------------+----------------+----------------+------------+----------------+
| G86(1.0)   | 0.653846153846 | 0.198630136986 | 0.74       | 0.731884057971 |
+------------+----------------+----------------+------------+----------------+
+------------+------------+-----------------+-----------------+----------------+
| ('G85', 0) | G85_0(0.0) | G85_0(0.0)      | G85_0(1.0)      | G85_0(1.0)     |
+------------+------------+-----------------+-----------------+----------------+
| ('G87', 0) | G87_0(0.0) | G87_0(1.0)      | G87_0(0.0)      | G87_0(1.0)     |
+------------+------------+-----------------+-----------------+----------------+
| G87(0.0)   | 0.5        | 0.0342465753425 | 0.954948301329  | 0.650943396226 |
+------------+------------+-----------------+-----------------+----------------+
| G87(1.0)   | 0.5        | 0.965753424658  | 0.0450516986706 | 0.349056603774 |
+------------+------------+-----------------+-----------------+----------------+
+------------+------------------+----------------+------------+----------------+
| ('G38', 0) | G38_0(0.0)       | G38_0(0.0)     | G38_0(1.0) | G38_0(1.0)     |
+------------+------------------+----------------+------------+----------------+
| ('G78', 1) | G78_1(0.0)       | G78_1(1.0)     | G78_1(0.0) | G78_1(1.0)     |
+------------+------------------+----------------+------------+----------------+
| G80(0.0)   | 0.99653259362    | 0.745614035088 | 0.42       | 0.192307692308 |
+------------+------------------+----------------+------------+----------------+
| G80(1.0)   | 0.00346740638003 | 0.254385964912 | 0.58       | 0.807692307692 |
+------------+------------------+----------------+------------+----------------+
+------------+----------------+----------------+----------------+------------+
| ('G21', 0) | G21_0(0.0)     | G21_0(0.0)     | G21_0(1.0)     | G21_0(1.0) |
+------------+----------------+----------------+----------------+------------+
| ('G81', 0) | G81_0(0.0)     | G81_0(1.0)     | G81_0(0.0)     | G81_0(1.0) |
+------------+----------------+----------------+----------------+------------+
| G81(0.0)   | 0.422480620155 | 0.118887015177 | 0.789855072464 | 0.74       |
+------------+----------------+----------------+----------------+------------+
| G81(1.0)   | 0.577519379845 | 0.881112984823 | 0.210144927536 | 0.26       |
+------------+----------------+----------------+----------------+------------+
+-----------+-----------------+-----------------+-----------+-----------------+
| ('G2', 0) | G2_0(0.0)       | G2_0(0.0)       | G2_0(1.0) | G2_0(1.0)       |
+-----------+-----------------+-----------------+-----------+-----------------+
| ('G8', 0) | G8_0(0.0)       | G8_0(1.0)       | G8_0(0.0) | G8_0(1.0)       |
+-----------+-----------------+-----------------+-----------+-----------------+
| G82(0.0)  | 0.0675675675676 | 0.988479262673  | 0.9       | 0.980446927374  |
+-----------+-----------------+-----------------+-----------+-----------------+
| G82(1.0)  | 0.932432432432  | 0.0115207373272 | 0.1       | 0.0195530726257 |
+-----------+-----------------+-----------------+-----------+-----------------+
+------------+----------------+-----------------+-----------------+-----------------+
| ('G50', 1) | G50_1(0.0)     | G50_1(0.0)      | G50_1(1.0)      | G50_1(1.0)      |
+------------+----------------+-----------------+-----------------+-----------------+
| ('G83', 0) | G83_0(0.0)     | G83_0(1.0)      | G83_0(0.0)      | G83_0(1.0)      |
+------------+----------------+-----------------+-----------------+-----------------+
| G83(0.0)   | 0.277777777778 | 0.0047619047619 | 0.91975308642   | 0.0522388059701 |
+------------+----------------+-----------------+-----------------+-----------------+
| G83(1.0)   | 0.722222222222 | 0.995238095238  | 0.0802469135802 | 0.94776119403   |
+------------+----------------+-----------------+-----------------+-----------------+
+------------+----------------+----------------+-----------------+----------------+
| ('G85', 0) | G85_0(0.0)     | G85_0(0.0)     | G85_0(1.0)      | G85_0(1.0)     |
+------------+----------------+----------------+-----------------+----------------+
| ('G88', 0) | G88_0(0.0)     | G88_0(1.0)     | G88_0(0.0)      | G88_0(1.0)     |
+------------+----------------+----------------+-----------------+----------------+
| G88(0.0)   | 0.147058823529 | 0.210144927536 | 0.984398216939  | 0.184210526316 |
+------------+----------------+----------------+-----------------+----------------+
| G88(1.0)   | 0.852941176471 | 0.789855072464 | 0.0156017830609 | 0.815789473684 |
+------------+----------------+----------------+-----------------+----------------+
+------------+----------------+----------------+----------------+-----------------+
| ('G73', 1) | G73_1(0.0)     | G73_1(0.0)     | G73_1(1.0)     | G73_1(1.0)      |
+------------+----------------+----------------+----------------+-----------------+
| ('G89', 0) | G89_0(0.0)     | G89_0(1.0)     | G89_0(0.0)     | G89_0(1.0)      |
+------------+----------------+----------------+----------------+-----------------+
| G89(0.0)   | 0.966819221968 | 0.154618473896 | 0.540816326531 | 0.0308641975309 |
+------------+----------------+----------------+----------------+-----------------+
| G89(1.0)   | 0.033180778032 | 0.845381526104 | 0.459183673469 | 0.969135802469  |
+------------+----------------+----------------+----------------+-----------------+
[('G42', 'G42'), ('G56', 'G56'), ('G67', 'G67'), ('G75', 'G75'), ('G19', 'G19'), ('G19', 'G58'), ('G19', 'G38'), ('G19', 'G96'), ('G22', 'G22'), ('G14', 'G14'), ('G36', 'G37'), ('G36', 'G36'), ('G4', 'G4'), ('G78', 'G80'), ('G49', 'G49'), ('G84', 'G84'), ('G65', 'G60'), ('G65', 'G65'), ('G27', 'G17'), ('G27', 'G34'), ('G98', 'G21'), ('G77', 'G77'), ('G12', 'G12'), ('G93', 'G9'), ('G93', 'G93'), ('G93', 'G95'), ('G79', 'G3'), ('G2', 'G2'), ('G2', 'G82'), ('G46', 'G84'), ('G46', 'G47'), ('G46', 'G53'), ('G46', 'G49'), ('G46', 'G18'), ('G46', 'G46'), ('G26', 'G28'), ('G71', 'G71'), ('G43', 'G94'), ('G43', 'G91'), ('G10', 'G44'), ('G10', 'G10'), ('G91', 'G92'), ('G91', 'G91'), ('G91', 'G86'), ('G31', 'G31'), ('G74', 'G3'), ('G74', 'G47'), ('G18', 'G52'), ('G69', 'G69'), ('G62', 'G62'), ('G73', 'G73'), ('G42', 'G40'), ('G42', 'G36'), ('G45', 'G63'), ('G9', 'G93'), ('G82', 'G15'), ('G51', 'G51'), ('G21', 'G62'), ('G60', 'G60'), ('G47', 'G52'), ('G27', 'G27'), ('G98', 'G99'), ('G98', 'G98'), ('G77', 'G55'), ('G35', 'G55'), ('G35', 'G35'), ('G38', 'G20'), ('G38', 'G80'), ('G7', 'G7'), ('G7', 'G38'), ('G41', 'G41'), ('G93', 'G78'), ('G93', 'G9'), ('G89', 'G89'), ('G57', 'G57'), ('G66', 'G66'), ('G30', 'G26'), ('G25', 'G25'), ('G15', 'G15'), ('G71', 'G1'), ('G71', 'G42'), ('G37', 'G37'), ('G37', 'G71'), ('G37', 'G74'), ('G37', 'G29'), ('G37', 'G72'), ('G37', 'G69'), ('G5', 'G2'), ('G5', 'G5'), ('G63', 'G79'), ('G43', 'G45'), ('G43', 'G64'), ('G43', 'G43'), ('G43', 'G44'), ('G91', 'G14'), ('G91', 'G10'), ('G64', 'G64'), ('G74', 'G23'), ('G74', 'G74'), ('G80', 'G20'), ('G28', 'G54'), ('G53', 'G22'), ('G18', 'G18'), ('G23', 'G23'), ('G23', 'G68'), ('G23', 'G24'), ('G94', 'G94'), ('G94', 'G79'), ('G94', 'G95'), ('G94', 'G59'), ('G73', 'G48'), ('G73', 'G89'), ('G50', 'G33'), ('G50', 'G83'), ('G61', 'G86'), ('G45', 'G45'), ('G85', 'G17'), ('G85', 'G19'), ('G85', 'G87'), ('G85', 'G88'), ('G85', 'G85'), ('G83', 'G96'), ('G83', 'G90'), ('G62', 'G4'), ('G62', 'G33'), ('G9', 'G43'), ('G90', 'G39'), ('G90', 'G100'), ('G76', 'G76'), ('G34', 'G30'), ('G51', 'G50'), ('G21', 'G81'), ('G21', 'G99'), ('G21', 'G21'), ('G92', 'G92'), ('G1', 'G31'), ('G1', 'G1'), ('G1', 'G29'), ('G87', 'G87'), ('G66', 'G75'), ('G66', 'G61'), ('G49', 'G58'), ('G68', 'G68'), ('G70', 'G70'), ('G36', 'G16'), ('G36', 'G5'), ('G57', 'G65'), ('G90', 'G90'), ('G28', 'G28'), ('G54', 'G40'), ('G30', 'G30'), ('G81', 'G81'), ('G52', 'G48'), ('G5', 'G8'), ('G5', 'G98'), ('G63', 'G78'), ('G63', 'G63'), ('G63', 'G59'), ('G72', 'G70'), ('G72', 'G76'), ('G72', 'G77'), ('G72', 'G72'), ('G48', 'G53'), ('G2', 'G97'), ('G31', 'G41'), ('G26', 'G26'), ('G26', 'G34'), ('G26', 'G35'), ('G26', 'G27'), ('G39', 'G39'), ('G8', 'G82'), ('G8', 'G54'), ('G8', 'G8'), ('G41', 'G46'), ('G41', 'G51'), ('G83', 'G97'), ('G83', 'G85'), ('G83', 'G83'), ('G88', 'G61'), ('G88', 'G88'), ('G50', 'G50'), ('G10', 'G56'), ('G10', 'G57'), ('G10', 'G12'), ('G61', 'G7'), ('G100', 'G100'), ('G15', 'G66'), ('G24', 'G67'), ('G24', 'G24'), ('G16', 'G16'), ('G69', 'G73'), ('G37', 'G25')]
