[('G3', 'G62'), ('G3', 'G76'), ('G3', 'G45'), ('G3', 'G21'), ('G1', 'G47'), ('G8', 'G50'), ('G50', 'G59'), ('G59', 'G40'), ('G59', 'G5'), ('G59', 'G86'), ('G43', 'G63'), ('G45', 'G84'), ('G45', 'G1'), ('G45', 'G8'), ('G47', 'G4'), ('G47', 'G80'), ('G76', 'G40'), ('G76', 'G70'), ('G62', 'G5'), ('G63', 'G58'), ('G63', 'G3'), ('G31', 'G43'), ('G30', 'G62'), ('G30', 'G88'), ('G80', 'G8'), ('G88', 'G84'), ('G88', 'G31')]
+----------+---+
| G26(1.0) | 1 |
+----------+---+
+----------+---+
| G27(1.0) | 1 |
+----------+---+
+----------+---+
| G24(1.0) | 1 |
+----------+---+
+----------+---+
| G25(1.0) | 1 |
+----------+---+
+----------+---+
| G22(1.0) | 1 |
+----------+---+
+----------+---+
| G23(1.0) | 1 |
+----------+---+
+----------+---+
| G20(1.0) | 1 |
+----------+---+
+----------+----------------+----------------+
| G3       | G3(0.0)        | G3(1.0)        |
+----------+----------------+----------------+
| G21(0.0) | 0.722222222222 | 0.214285714286 |
+----------+----------------+----------------+
| G21(1.0) | 0.277777777778 | 0.785714285714 |
+----------+----------------+----------------+
+----------+---+
| G28(1.0) | 1 |
+----------+---+
+----------+---+
| G29(1.0) | 1 |
+----------+---+
+---------+---+
| G7(0.0) | 1 |
+---------+---+
+---------+---+
| G6(1.0) | 1 |
+---------+---+
+---------+----------------+----------------+----------------+----------+
| G59     | G59(0.0)       | G59(0.0)       | G59(1.0)       | G59(1.0) |
+---------+----------------+----------------+----------------+----------+
| G62     | G62(0.0)       | G62(1.0)       | G62(0.0)       | G62(1.0) |
+---------+----------------+----------------+----------------+----------+
| G5(0.0) | 0.807692307692 | 0.192307692308 | 0.722222222222 | 0.9      |
+---------+----------------+----------------+----------------+----------+
| G5(1.0) | 0.192307692308 | 0.807692307692 | 0.277777777778 | 0.1      |
+---------+----------------+----------------+----------------+----------+
+---------+----------------+----------------+
| G47     | G47(0.0)       | G47(1.0)       |
+---------+----------------+----------------+
| G4(0.0) | 0.357142857143 | 0.717391304348 |
+---------+----------------+----------------+
| G4(1.0) | 0.642857142857 | 0.282608695652 |
+---------+----------------+----------------+
+---------+----------------+----------------+
| G63     | G63(0.0)       | G63(1.0)       |
+---------+----------------+----------------+
| G3(0.0) | 0.642857142857 | 0.195652173913 |
+---------+----------------+----------------+
| G3(1.0) | 0.357142857143 | 0.804347826087 |
+---------+----------------+----------------+
+---------+---+
| G2(0.0) | 1 |
+---------+---+
+---------+----------+----------------+
| G45     | G45(0.0) | G45(1.0)       |
+---------+----------+----------------+
| G1(0.0) | 0.5      | 0.807692307692 |
+---------+----------+----------------+
| G1(1.0) | 0.5      | 0.192307692308 |
+---------+----------+----------------+
+---------+---+
| G9(1.0) | 1 |
+---------+---+
+---------+----------------+----------+----------------+----------------+
| G45     | G45(0.0)       | G45(0.0) | G45(1.0)       | G45(1.0)       |
+---------+----------------+----------+----------------+----------------+
| G80     | G80(0.0)       | G80(1.0) | G80(0.0)       | G80(1.0)       |
+---------+----------------+----------+----------------+----------------+
| G8(0.0) | 0.119047619048 | 0.5      | 0.852941176471 | 0.277777777778 |
+---------+----------------+----------+----------------+----------------+
| G8(1.0) | 0.880952380952 | 0.5      | 0.147058823529 | 0.722222222222 |
+---------+----------------+----------+----------------+----------------+
+----------+---+
| G53(1.0) | 1 |
+----------+---+
+----------+---+
| G52(1.0) | 1 |
+----------+---+
+----------+---+
| G51(1.0) | 1 |
+----------+---+
+----------+----------------+----------------+
| G8       | G8(0.0)        | G8(1.0)        |
+----------+----------------+----------------+
| G50(0.0) | 0.346153846154 | 0.852941176471 |
+----------+----------------+----------------+
| G50(1.0) | 0.653846153846 | 0.147058823529 |
+----------+----------------+----------------+
+----------+---+
| G57(1.0) | 1 |
+----------+---+
+----------+---+
| G56(1.0) | 1 |
+----------+---+
+----------+---+
| G55(0.0) | 1 |
+----------+---+
+----------+---+
| G54(1.0) | 1 |
+----------+---+
+----------+----------------+----------------+
| G50      | G50(0.0)       | G50(1.0)       |
+----------+----------------+----------------+
| G59(0.0) | 0.552631578947 | 0.227272727273 |
+----------+----------------+----------------+
| G59(1.0) | 0.447368421053 | 0.772727272727 |
+----------+----------------+----------------+
+----------+----------------+----------------+
| G63      | G63(0.0)       | G63(1.0)       |
+----------+----------------+----------------+
| G58(0.0) | 0.642857142857 | 0.195652173913 |
+----------+----------------+----------------+
| G58(1.0) | 0.357142857143 | 0.804347826087 |
+----------+----------------+----------------+
+----------+----------------+----------------+----------------+----------------+
| G59      | G59(0.0)       | G59(0.0)       | G59(1.0)       | G59(1.0)       |
+----------+----------------+----------------+----------------+----------------+
| G76      | G76(0.0)       | G76(1.0)       | G76(0.0)       | G76(1.0)       |
+----------+----------------+----------------+----------------+----------------+
| G40(0.0) | 0.807692307692 | 0.807692307692 | 0.192307692308 | 0.880952380952 |
+----------+----------------+----------------+----------------+----------------+
| G40(1.0) | 0.192307692308 | 0.192307692308 | 0.807692307692 | 0.119047619048 |
+----------+----------------+----------------+----------------+----------------+
+----------+---+
| G41(1.0) | 1 |
+----------+---+
+----------+---+
| G42(1.0) | 1 |
+----------+---+
+----------+----------------+----------------+
| G31      | G31(0.0)       | G31(1.0)       |
+----------+----------------+----------------+
| G43(0.0) | 0.642857142857 | 0.108695652174 |
+----------+----------------+----------------+
| G43(1.0) | 0.357142857143 | 0.891304347826 |
+----------+----------------+----------------+
+----------+---+
| G44(0.0) | 1 |
+----------+---+
+----------+----------------+----------------+
| G3       | G3(0.0)        | G3(1.0)        |
+----------+----------------+----------------+
| G45(0.0) | 0.277777777778 | 0.690476190476 |
+----------+----------------+----------------+
| G45(1.0) | 0.722222222222 | 0.309523809524 |
+----------+----------------+----------------+
+----------+---+
| G46(1.0) | 1 |
+----------+---+
+----------+----------------+----------------+
| G1       | G1(0.0)        | G1(1.0)        |
+----------+----------------+----------------+
| G47(0.0) | 0.131578947368 | 0.409090909091 |
+----------+----------------+----------------+
| G47(1.0) | 0.868421052632 | 0.590909090909 |
+----------+----------------+----------------+
+----------+---+
| G48(0.0) | 1 |
+----------+---+
+----------+---+
| G49(1.0) | 1 |
+----------+---+
+----------+---+
| G75(0.0) | 1 |
+----------+---+
+----------+---+
| G74(1.0) | 1 |
+----------+---+
+----------+---+
| G77(1.0) | 1 |
+----------+---+
+----------+----------------+---------+
| G3       | G3(0.0)        | G3(1.0) |
+----------+----------------+---------+
| G76(0.0) | 0.277777777778 | 0.5     |
+----------+----------------+---------+
| G76(1.0) | 0.722222222222 | 0.5     |
+----------+----------------+---------+
+----------+---+
| G71(0.0) | 1 |
+----------+---+
+----------+----------------+----------------+
| G76      | G76(0.0)       | G76(1.0)       |
+----------+----------------+----------------+
| G70(0.0) | 0.192307692308 | 0.382352941176 |
+----------+----------------+----------------+
| G70(1.0) | 0.807692307692 | 0.617647058824 |
+----------+----------------+----------------+
+----------+---+
| G73(1.0) | 1 |
+----------+---+
+----------+---+
| G72(0.0) | 1 |
+----------+---+
+----------+---+
| G79(1.0) | 1 |
+----------+---+
+----------+---+
| G78(0.0) | 1 |
+----------+---+
+----------+---+
| G68(1.0) | 1 |
+----------+---+
+----------+---+
| G69(1.0) | 1 |
+----------+---+
+----------+----------------+----------+-----------------+----------------+
| G3       | G3(0.0)        | G3(0.0)  | G3(1.0)         | G3(1.0)        |
+----------+----------------+----------+-----------------+----------------+
| G30      | G30(0.0)       | G30(1.0) | G30(0.0)        | G30(1.0)       |
+----------+----------------+----------+-----------------+----------------+
| G62(0.0) | 0.807692307692 | 0.5      | 0.0757575757576 | 0.722222222222 |
+----------+----------------+----------+-----------------+----------------+
| G62(1.0) | 0.192307692308 | 0.5      | 0.924242424242  | 0.277777777778 |
+----------+----------------+----------+-----------------+----------------+
+----------+----------------+----------------+
| G43      | G43(0.0)       | G43(1.0)       |
+----------+----------------+----------------+
| G63(0.0) | 0.642857142857 | 0.108695652174 |
+----------+----------------+----------------+
| G63(1.0) | 0.357142857143 | 0.891304347826 |
+----------+----------------+----------------+
+----------+---+
| G60(0.0) | 1 |
+----------+---+
+----------+---+
| G61(0.0) | 1 |
+----------+---+
+----------+---+
| G66(1.0) | 1 |
+----------+---+
+----------+---+
| G67(1.0) | 1 |
+----------+---+
+----------+---+
| G64(0.0) | 1 |
+----------+---+
+----------+---+
| G65(1.0) | 1 |
+----------+---+
+-----------+---+
| G100(0.0) | 1 |
+-----------+---+
+----------+---+
| G19(1.0) | 1 |
+----------+---+
+----------+---+
| G18(1.0) | 1 |
+----------+---+
+----------+---+
| G17(1.0) | 1 |
+----------+---+
+----------+---+
| G16(0.0) | 1 |
+----------+---+
+----------+---+
| G15(1.0) | 1 |
+----------+---+
+----------+---+
| G14(1.0) | 1 |
+----------+---+
+----------+---+
| G13(1.0) | 1 |
+----------+---+
+----------+---+
| G12(1.0) | 1 |
+----------+---+
+----------+---+
| G11(1.0) | 1 |
+----------+---+
+----------+---+
| G10(1.0) | 1 |
+----------+---+
+----------+---+
| G97(1.0) | 1 |
+----------+---+
+----------+---+
| G96(1.0) | 1 |
+----------+---+
+----------+---+
| G95(0.0) | 1 |
+----------+---+
+----------+---+
| G94(0.0) | 1 |
+----------+---+
+----------+---+
| G93(0.0) | 1 |
+----------+---+
+----------+---+
| G92(1.0) | 1 |
+----------+---+
+----------+---+
| G91(1.0) | 1 |
+----------+---+
+----------+---+
| G90(0.0) | 1 |
+----------+---+
+----------+---+
| G99(1.0) | 1 |
+----------+---+
+----------+---+
| G98(0.0) | 1 |
+----------+---+
+----------+----------------+----------------+
| G88      | G88(0.0)       | G88(1.0)       |
+----------+----------------+----------------+
| G31(0.0) | 0.409090909091 | 0.131578947368 |
+----------+----------------+----------------+
| G31(1.0) | 0.590909090909 | 0.868421052632 |
+----------+----------------+----------------+
+----------+----------+
| G30(0.0) | 0.766667 |
+----------+----------+
| G30(1.0) | 0.233333 |
+----------+----------+
+----------+---+
| G33(0.0) | 1 |
+----------+---+
+----------+---+
| G32(0.0) | 1 |
+----------+---+
+----------+---+
| G35(0.0) | 1 |
+----------+---+
+----------+---+
| G34(0.0) | 1 |
+----------+---+
+----------+---+
| G37(0.0) | 1 |
+----------+---+
+----------+---+
| G36(1.0) | 1 |
+----------+---+
+----------+---+
| G39(1.0) | 1 |
+----------+---+
+----------+---+
| G38(0.0) | 1 |
+----------+---+
+----------+----------------+----------+----------------+----------------+
| G45      | G45(0.0)       | G45(0.0) | G45(1.0)       | G45(1.0)       |
+----------+----------------+----------+----------------+----------------+
| G88      | G88(0.0)       | G88(1.0) | G88(0.0)       | G88(1.0)       |
+----------+----------------+----------+----------------+----------------+
| G84(0.0) | 0.277777777778 | 0.1      | 0.192307692308 | 0.807692307692 |
+----------+----------------+----------+----------------+----------------+
| G84(1.0) | 0.722222222222 | 0.9      | 0.807692307692 | 0.192307692308 |
+----------+----------------+----------+----------------+----------------+
+----------+---+
| G85(0.0) | 1 |
+----------+---+
+----------+----------------+----------------+
| G59      | G59(0.0)       | G59(1.0)       |
+----------+----------------+----------------+
| G86(0.0) | 0.807692307692 | 0.617647058824 |
+----------+----------------+----------------+
| G86(1.0) | 0.192307692308 | 0.382352941176 |
+----------+----------------+----------------+
+----------+---+
| G87(1.0) | 1 |
+----------+---+
+----------+----------------+----------------+
| G47      | G47(0.0)       | G47(1.0)       |
+----------+----------------+----------------+
| G80(0.0) | 0.357142857143 | 0.717391304348 |
+----------+----------------+----------------+
| G80(1.0) | 0.642857142857 | 0.282608695652 |
+----------+----------------+----------------+
+----------+---+
| G81(1.0) | 1 |
+----------+---+
+----------+---+
| G82(0.0) | 1 |
+----------+---+
+----------+---+
| G83(1.0) | 1 |
+----------+---+
+----------+----------------+----------------+
| G30      | G30(0.0)       | G30(1.0)       |
+----------+----------------+----------------+
| G88(0.0) | 0.282608695652 | 0.642857142857 |
+----------+----------------+----------------+
| G88(1.0) | 0.717391304348 | 0.357142857143 |
+----------+----------------+----------------+
+----------+---+
| G89(1.0) | 1 |
+----------+---+
[(('G42', 0), ('G42', 1)), (('G11', 1), ('G81', 1)), (('G59', 0), ('G59', 1)), (('G1', 1), ('G75', 1)), (('G1', 1), ('G24', 1)), (('G1', 1), ('G83', 1)), (('G67', 0), ('G64', 1)), (('G29', 1), ('G11', 1)), (('G29', 1), ('G92', 1)), (('G29', 1), ('G33', 1)), (('G29', 1), ('G43', 1)), (('G29', 1), ('G30', 1)), (('G29', 1), ('G98', 1)), (('G75', 0), ('G75', 1)), (('G68', 1), ('G53', 1)), (('G68', 1), ('G25', 1)), (('G22', 0), ('G22', 1)), (('G14', 0), ('G14', 1)), (('G95', 0), ('G95', 1)), (('G36', 0), ('G88', 1)), (('G4', 0), ('G45', 1)), (('G4', 0), ('G76', 1)), (('G4', 0), ('G3', 1)), (('G4', 0), ('G70', 1)), (('G49', 0), ('G49', 1)), (('G54', 0), ('G99', 1)), (('G54', 0), ('G11', 1)), (('G54', 0), ('G86', 1)), (('G54', 0), ('G54', 1)), (('G81', 1), ('G35', 1)), (('G65', 0), ('G57', 1)), (('G98', 1), ('G74', 1)), (('G98', 1), ('G95', 1)), (('G77', 0), ('G77', 1)), (('G38', 1), ('G40', 1)), (('G38', 1), ('G41', 1)), (('G38', 1), ('G90', 1)), (('G12', 0), ('G26', 1)), (('G12', 0), ('G67', 1)), (('G12', 0), ('G12', 1)), (('G93', 0), ('G93', 1)), (('G89', 1), ('G1', 1)), (('G79', 1), ('G5', 1)), (('G2', 0), ('G2', 1)), (('G46', 0), ('G46', 1)), (('G86', 0), ('G100', 1)), (('G86', 0), ('G86', 1)), (('G96', 1), ('G22', 1)), (('G96', 1), ('G13', 1)), (('G88', 1), ('G96', 1)), (('G43', 1), ('G60', 1)), (('G91', 0), ('G91', 1)), (('G91', 0), ('G80', 1)), (('G31', 0), ('G31', 1)), (('G24', 1), ('G6', 1)), (('G53', 0), ('G100', 1)), (('G53', 0), ('G21', 1)), (('G53', 0), ('G33', 1)), (('G53', 0), ('G68', 1)), (('G53', 0), ('G52', 1)), (('G69', 0), ('G69', 1)), (('G23', 1), ('G73', 1)), (('G62', 0), ('G62', 1)), (('G73', 0), ('G17', 1)), (('G73', 0), ('G73', 1)), (('G73', 0), ('G65', 1)), (('G45', 1), ('G84', 1)), (('G29', 0), ('G32', 1)), (('G29', 0), ('G29', 1)), (('G75', 1), ('G48', 1)), (('G75', 1), ('G23', 1)), (('G75', 1), ('G20', 1)), (('G75', 1), ('G69', 1)), (('G75', 1), ('G52', 1)), (('G33', 0), ('G37', 1)), (('G33', 0), ('G33', 1)), (('G9', 0), ('G9', 1)), (('G92', 1), ('G42', 1)), (('G22', 1), ('G62', 1)), (('G22', 1), ('G56', 1)), (('G95', 1), ('G97', 1)), (('G51', 0), ('G14', 1)), (('G51', 0), ('G51', 1)), (('G27', 0), ('G19', 1)), (('G98', 0), ('G98', 1)), (('G35', 0), ('G7', 1)), (('G38', 0), ('G48', 1)), (('G38', 0), ('G11', 1)), (('G38', 0), ('G38', 1)), (('G41', 0), ('G39', 1)), (('G41', 0), ('G41', 1)), (('G41', 0), ('G77', 1)), (('G93', 1), ('G74', 1)), (('G89', 0), ('G89', 1)), (('G57', 0), ('G57', 1)), (('G13', 1), ('G34', 1)), (('G13', 1), ('G49', 1)), (('G13', 1), ('G51', 1)), (('G46', 1), ('G39', 1)), (('G30', 1), ('G58', 1)), (('G25', 0), ('G36', 1)), (('G15', 0), ('G50', 1)), (('G96', 0), ('G96', 1)), (('G37', 0), ('G37', 1)), (('G37', 0), ('G36', 1)), (('G5', 0), ('G5', 1)), (('G72', 1), ('G55', 1)), (('G43', 0), ('G43', 1)), (('G91', 1), ('G4', 1)), (('G55', 0), ('G40', 1)), (('G55', 0), ('G56', 1)), (('G55', 0), ('G55', 1)), (('G55', 0), ('G27', 1)), (('G8', 1), ('G2', 1)), (('G53', 1), ('G30', 1)), (('G18', 0), ('G18', 1)), (('G23', 0), ('G23', 1)), (('G13', 0), ('G31', 1)), (('G13', 0), ('G76', 1)), (('G13', 0), ('G13', 1)), (('G73', 1), ('G85', 1)), (('G73', 1), ('G65', 1)), (('G50', 1), ('G9', 1)), (('G50', 1), ('G72', 1)), (('G85', 0), ('G81', 1)), (('G85', 0), ('G85', 1)), (('G85', 0), ('G21', 1)), (('G83', 1), ('G53', 1)), (('G83', 1), ('G9', 1)), (('G33', 1), ('G15', 1)), (('G9', 1), ('G15', 1)), (('G9', 1), ('G54', 1)), (('G90', 1), ('G91', 1)), (('G90', 1), ('G88', 1)), (('G90', 1), ('G18', 1)), (('G34', 1), ('G16', 1)), (('G6', 1), ('G87', 1)), (('G92', 0), ('G92', 1)), (('G56', 1), ('G58', 1)), (('G1', 0), ('G1', 1)), (('G1', 0), ('G4', 1)), (('G1', 0), ('G20', 1)), (('G67', 1), ('G66', 1)), (('G67', 1), ('G10', 1)), (('G87', 0), ('G87', 1)), (('G66', 1), ('G60', 1)), (('G20', 1), ('G70', 1)), (('G20', 1), ('G80', 1)), (('G20', 1), ('G29', 1)), (('G20', 1), ('G79', 1)), (('G20', 1), ('G8', 1)), (('G68', 0), ('G84', 1)), (('G68', 0), ('G68', 1)), (('G90', 0), ('G90', 1)), (('G28', 0), ('G28', 1)), (('G54', 1), ('G10', 1)), (('G12', 1), ('G67', 1)), (('G72', 0), ('G72', 1)), (('G79', 0), ('G79', 1)), (('G48', 1), ('G50', 1)), (('G48', 1), ('G38', 1)), (('G48', 1), ('G47', 1)), (('G64', 1), ('G63', 1)), (('G26', 0), ('G26', 1)), (('G26', 0), ('G28', 1)), (('G99', 0), ('G48', 1)), (('G99', 0), ('G30', 1)), (('G32', 0), ('G53', 1)), (('G32', 0), ('G12', 1)), (('G32', 0), ('G19', 1)), (('G32', 0), ('G32', 1)), (('G39', 0), ('G46', 1)), (('G8', 0), ('G8', 1)), (('G41', 1), ('G59', 1)), (('G40', 0), ('G40', 1)), (('G40', 0), ('G62', 1)), (('G83', 0), ('G83', 1)), (('G88', 0), ('G88', 1)), (('G10', 1), ('G99', 1)), (('G24', 0), ('G25', 1)), (('G24', 0), ('G24', 1)), (('G16', 0), ('G16', 1)), (('G97', 0), ('G97', 1)), (('G97', 0), ('G93', 1)), (('G34', 0), ('G34', 1)), (('G6', 0), ('G89', 1)), (('G6', 0), ('G6', 1)), (('G6', 0), ('G27', 1))]
+------------+-----------------+----------------+----------------+-----------------+
| ('G12', 0) | G12_0(0.0)      | G12_0(0.0)     | G12_0(1.0)     | G12_0(1.0)      |
+------------+-----------------+----------------+----------------+-----------------+
| ('G26', 0) | G26_0(0.0)      | G26_0(1.0)     | G26_0(0.0)     | G26_0(1.0)      |
+------------+-----------------+----------------+----------------+-----------------+
| G26(0.0)   | 0.98322147651   | 0.852941176471 | 0.743093922652 | 0.0735607675906 |
+------------+-----------------+----------------+----------------+-----------------+
| G26(1.0)   | 0.0167785234899 | 0.147058823529 | 0.256906077348 | 0.926439232409  |
+------------+-----------------+----------------+----------------+-----------------+
+------------+----------------+----------------+-----------------+-----------------+
| ('G55', 0) | G55_0(0.0)     | G55_0(0.0)     | G55_0(1.0)      | G55_0(1.0)      |
+------------+----------------+----------------+-----------------+-----------------+
| ('G6', 0)  | G6_0(0.0)      | G6_0(1.0)      | G6_0(0.0)       | G6_0(1.0)       |
+------------+----------------+----------------+-----------------+-----------------+
| G27(0.0)   | 0.734146341463 | 0.259637188209 | 0.0342465753425 | 0.0257731958763 |
+------------+----------------+----------------+-----------------+-----------------+
| G27(1.0)   | 0.265853658537 | 0.740362811791 | 0.965753424658  | 0.974226804124  |
+------------+----------------+----------------+-----------------+-----------------+
+------------+-----------------+----------------+----------------+-----------------+
| ('G1', 1)  | G1_1(0.0)       | G1_1(0.0)      | G1_1(1.0)      | G1_1(1.0)       |
+------------+-----------------+----------------+----------------+-----------------+
| ('G24', 0) | G24_0(0.0)      | G24_0(1.0)     | G24_0(0.0)     | G24_0(1.0)      |
+------------+-----------------+----------------+----------------+-----------------+
| G24(0.0)   | 0.961538461538  | 0.205426356589 | 0.705128205128 | 0.0207920792079 |
+------------+-----------------+----------------+----------------+-----------------+
| G24(1.0)   | 0.0384615384615 | 0.794573643411 | 0.294871794872 | 0.979207920792  |
+------------+-----------------+----------------+----------------+-----------------+
+------------+----------------+----------------+----------------+------------------+
| ('G24', 0) | G24_0(0.0)     | G24_0(0.0)     | G24_0(1.0)     | G24_0(1.0)       |
+------------+----------------+----------------+----------------+------------------+
| ('G68', 1) | G68_1(0.0)     | G68_1(1.0)     | G68_1(0.0)     | G68_1(1.0)       |
+------------+----------------+----------------+----------------+------------------+
| G25(0.0)   | 0.603896103896 | 0.861904761905 | 0.137305699482 | 0.00566893424036 |
+------------+----------------+----------------+----------------+------------------+
| G25(1.0)   | 0.396103896104 | 0.138095238095 | 0.862694300518 | 0.99433106576    |
+------------+----------------+----------------+----------------+------------------+
+------------+-----------------+----------------+----------------+------------------+
| ('G22', 0) | G22_0(0.0)      | G22_0(0.0)     | G22_0(1.0)     | G22_0(1.0)       |
+------------+-----------------+----------------+----------------+------------------+
| ('G96', 1) | G96_1(0.0)      | G96_1(1.0)     | G96_1(0.0)     | G96_1(1.0)       |
+------------+-----------------+----------------+----------------+------------------+
| G22(0.0)   | 0.939024390244  | 0.277777777778 | 0.132653061224 | 0.00348675034868 |
+------------+-----------------+----------------+----------------+------------------+
| G22(1.0)   | 0.0609756097561 | 0.722222222222 | 0.867346938776 | 0.996513249651   |
+------------+-----------------+----------------+----------------+------------------+
+------------+----------------+-----------------+-----------------+-----------------+
| ('G23', 0) | G23_0(0.0)     | G23_0(0.0)      | G23_0(1.0)      | G23_0(1.0)      |
+------------+----------------+-----------------+-----------------+-----------------+
| ('G75', 1) | G75_1(0.0)     | G75_1(1.0)      | G75_1(0.0)      | G75_1(1.0)      |
+------------+----------------+-----------------+-----------------+-----------------+
| G23(0.0)   | 0.382352941176 | 0.961538461538  | 0.0045871559633 | 0.0555555555556 |
+------------+----------------+-----------------+-----------------+-----------------+
| G23(1.0)   | 0.617647058824 | 0.0384615384615 | 0.995412844037  | 0.944444444444  |
+------------+----------------+-----------------+-----------------+-----------------+
+------------+----------------+-----------------+----------------+-----------------+
| ('G1', 0)  | G1_0(0.0)      | G1_0(0.0)       | G1_0(1.0)      | G1_0(1.0)       |
+------------+----------------+-----------------+----------------+-----------------+
| ('G75', 1) | G75_1(0.0)     | G75_1(1.0)      | G75_1(0.0)     | G75_1(1.0)      |
+------------+----------------+-----------------+----------------+-----------------+
| G20(0.0)   | 0.207865168539 | 0.0229357798165 | 0.817124735729 | 0.0724137931034 |
+------------+----------------+-----------------+----------------+-----------------+
| G20(1.0)   | 0.792134831461 | 0.977064220183  | 0.182875264271 | 0.927586206897  |
+------------+----------------+-----------------+----------------+-----------------+
+------------+-----------------+----------------+----------------+-----------------+
| ('G53', 0) | G53_0(0.0)      | G53_0(0.0)     | G53_0(1.0)     | G53_0(1.0)      |
+------------+-----------------+----------------+----------------+-----------------+
| ('G85', 0) | G85_0(0.0)      | G85_0(1.0)     | G85_0(0.0)     | G85_0(1.0)      |
+------------+-----------------+----------------+----------------+-----------------+
| G21(0.0)   | 0.0547169811321 | 0.143835616438 | 0.423990498812 | 0.0438596491228 |
+------------+-----------------+----------------+----------------+-----------------+
| G21(1.0)   | 0.945283018868  | 0.856164383562 | 0.576009501188 | 0.956140350877  |
+------------+-----------------+----------------+----------------+-----------------+
+------------+-----------------+----------------+----------------+------------------+
| ('G26', 0) | G26_0(0.0)      | G26_0(0.0)     | G26_0(1.0)     | G26_0(1.0)       |
+------------+-----------------+----------------+----------------+------------------+
| ('G28', 0) | G28_0(0.0)      | G28_0(1.0)     | G28_0(0.0)     | G28_0(1.0)       |
+------------+-----------------+----------------+----------------+------------------+
| G28(0.0)   | 0.90414507772   | 0.193430656934 | 0.192307692308 | 0.00528541226216 |
+------------+-----------------+----------------+----------------+------------------+
| G28(1.0)   | 0.0958549222798 | 0.806569343066 | 0.807692307692 | 0.994714587738   |
+------------+-----------------+----------------+----------------+------------------+
+------------+----------------+------------------+-----------------+----------------+
| ('G20', 1) | G20_1(0.0)     | G20_1(0.0)       | G20_1(1.0)      | G20_1(1.0)     |
+------------+----------------+------------------+-----------------+----------------+
| ('G29', 0) | G29_0(0.0)     | G29_0(1.0)       | G29_0(0.0)      | G29_0(1.0)     |
+------------+----------------+------------------+-----------------+----------------+
| G29(0.0)   | 0.683486238532 | 0.00809061488673 | 0.951612903226  | 0.234806629834 |
+------------+----------------+------------------+-----------------+----------------+
| G29(1.0)   | 0.316513761468 | 0.991909385113   | 0.0483870967742 | 0.765193370166 |
+------------+----------------+------------------+-----------------+----------------+
+------------+-----------------+----------------+
| ('G35', 0) | G35_0(0.0)      | G35_0(1.0)     |
+------------+-----------------+----------------+
| G7(0.0)    | 0.978802992519  | 0.357142857143 |
+------------+-----------------+----------------+
| G7(1.0)    | 0.0211970074813 | 0.642857142857 |
+------------+-----------------+----------------+
+------------+------------+----------------+----------------+-----------------+
| ('G24', 1) | G24_1(0.0) | G24_1(0.0)     | G24_1(1.0)     | G24_1(1.0)      |
+------------+------------+----------------+----------------+-----------------+
| ('G6', 0)  | G6_0(0.0)  | G6_0(1.0)      | G6_0(0.0)      | G6_0(1.0)       |
+------------+------------+----------------+----------------+-----------------+
| G6(0.0)    | 0.98       | 0.254385964912 | 0.748366013072 | 0.0467775467775 |
+------------+------------+----------------+----------------+-----------------+
| G6(1.0)    | 0.02       | 0.745614035088 | 0.251633986928 | 0.953222453222  |
+------------+------------+----------------+----------------+-----------------+
+------------+----------------+-----------------+-----------------+----------------+
| ('G5', 0)  | G5_0(0.0)      | G5_0(0.0)       | G5_0(1.0)       | G5_0(1.0)      |
+------------+----------------+-----------------+-----------------+----------------+
| ('G79', 1) | G79_1(0.0)     | G79_1(1.0)      | G79_1(0.0)      | G79_1(1.0)     |
+------------+----------------+-----------------+-----------------+----------------+
| G5(0.0)    | 0.809278350515 | 0.937158469945  | 0.0643564356436 | 0.673913043478 |
+------------+----------------+-----------------+-----------------+----------------+
| G5(1.0)    | 0.190721649485 | 0.0628415300546 | 0.935643564356  | 0.326086956522 |
+------------+----------------+-----------------+-----------------+----------------+
+------------+----------------+----------------+-----------------+----------------+
| ('G1', 0)  | G1_0(0.0)      | G1_0(0.0)      | G1_0(1.0)       | G1_0(1.0)      |
+------------+----------------+----------------+-----------------+----------------+
| ('G91', 1) | G91_1(0.0)     | G91_1(1.0)     | G91_1(0.0)      | G91_1(1.0)     |
+------------+----------------+----------------+-----------------+----------------+
| G4(0.0)    | 0.144444444444 | 0.800653594771 | 0.0751295336788 | 0.175294117647 |
+------------+----------------+----------------+-----------------+----------------+
| G4(1.0)    | 0.855555555556 | 0.199346405229 | 0.924870466321  | 0.824705882353 |
+------------+----------------+----------------+-----------------+----------------+
+-----------+-----------------+----------------+
| ('G4', 0) | G4_0(0.0)       | G4_0(1.0)      |
+-----------+-----------------+----------------+
| G3(0.0)   | 0.0794392523364 | 0.240863787375 |
+-----------+-----------------+----------------+
| G3(1.0)   | 0.920560747664  | 0.759136212625 |
+-----------+-----------------+----------------+
+-----------+------------------+----------------+----------------+-----------------+
| ('G2', 0) | G2_0(0.0)        | G2_0(0.0)      | G2_0(1.0)      | G2_0(1.0)       |
+-----------+------------------+----------------+----------------+-----------------+
| ('G8', 1) | G8_1(0.0)        | G8_1(1.0)      | G8_1(0.0)      | G8_1(1.0)       |
+-----------+------------------+----------------+----------------+-----------------+
| G2(0.0)   | 0.995201535509   | 0.914201183432 | 0.617647058824 | 0.0963302752294 |
+-----------+------------------+----------------+----------------+-----------------+
| G2(1.0)   | 0.00479846449136 | 0.085798816568 | 0.382352941176 | 0.903669724771  |
+-----------+------------------+----------------+----------------+-----------------+
+------------+----------------+---------------+------------------+---------------+
| ('G1', 0)  | G1_0(0.0)      | G1_0(0.0)     | G1_0(1.0)        | G1_0(1.0)     |
+------------+----------------+---------------+------------------+---------------+
| ('G89', 1) | G89_1(0.0)     | G89_1(1.0)    | G89_1(0.0)       | G89_1(1.0)    |
+------------+----------------+---------------+------------------+---------------+
| G1(0.0)    | 0.735294117647 | 0.62389380531 | 0.00733137829912 | 0.21119133574 |
+------------+----------------+---------------+------------------+---------------+
| G1(1.0)    | 0.264705882353 | 0.37610619469 | 0.992668621701   | 0.78880866426 |
+------------+----------------+---------------+------------------+---------------+
+------------+-----------------+----------------+-----------------+-----------------+-----------------+----------------+-----------------+-----------------+
| ('G50', 1) | G50_1(0.0)      | G50_1(0.0)     | G50_1(0.0)      | G50_1(0.0)      | G50_1(1.0)      | G50_1(1.0)     | G50_1(1.0)      | G50_1(1.0)      |
+------------+-----------------+----------------+-----------------+-----------------+-----------------+----------------+-----------------+-----------------+
| ('G83', 1) | G83_1(0.0)      | G83_1(0.0)     | G83_1(1.0)      | G83_1(1.0)      | G83_1(0.0)      | G83_1(0.0)     | G83_1(1.0)      | G83_1(1.0)      |
+------------+-----------------+----------------+-----------------+-----------------+-----------------+----------------+-----------------+-----------------+
| ('G9', 0)  | G9_0(0.0)       | G9_0(1.0)      | G9_0(0.0)       | G9_0(1.0)       | G9_0(0.0)       | G9_0(1.0)      | G9_0(0.0)       | G9_0(1.0)       |
+------------+-----------------+----------------+-----------------+-----------------+-----------------+----------------+-----------------+-----------------+
| G9(0.0)    | 0.932432432432  | 0.880952380952 | 0.970588235294  | 0.0307917888563 | 0.986772486772  | 0.112903225806 | 0.0471698113208 | 0.0227552275523 |
+------------+-----------------+----------------+-----------------+-----------------+-----------------+----------------+-----------------+-----------------+
| G9(1.0)    | 0.0675675675676 | 0.119047619048 | 0.0294117647059 | 0.969208211144  | 0.0132275132275 | 0.887096774194 | 0.952830188679  | 0.977244772448  |
+------------+-----------------+----------------+-----------------+-----------------+-----------------+----------------+-----------------+-----------------+
+------------+-----------------+----------------+---------------+----------------+
| ('G20', 1) | G20_1(0.0)      | G20_1(0.0)     | G20_1(1.0)    | G20_1(1.0)     |
+------------+-----------------+----------------+---------------+----------------+
| ('G8', 0)  | G8_0(0.0)       | G8_0(1.0)      | G8_0(0.0)     | G8_0(1.0)      |
+------------+-----------------+----------------+---------------+----------------+
| G8(0.0)    | 0.969565217391  | 0.582191780822 | 0.71164021164 | 0.126794258373 |
+------------+-----------------+----------------+---------------+----------------+
| G8(1.0)    | 0.0304347826087 | 0.417808219178 | 0.28835978836 | 0.873205741627 |
+------------+-----------------+----------------+---------------+----------------+
+------------+----------------+-----------------+----------------+-----------------+-----------------+------------------+----------------+----------------+
| ('G32', 0) | G32_0(0.0)     | G32_0(0.0)      | G32_0(0.0)     | G32_0(0.0)      | G32_0(1.0)      | G32_0(1.0)       | G32_0(1.0)     | G32_0(1.0)     |
+------------+----------------+-----------------+----------------+-----------------+-----------------+------------------+----------------+----------------+
| ('G68', 1) | G68_1(0.0)     | G68_1(0.0)      | G68_1(1.0)     | G68_1(1.0)      | G68_1(0.0)      | G68_1(0.0)       | G68_1(1.0)     | G68_1(1.0)     |
+------------+----------------+-----------------+----------------+-----------------+-----------------+------------------+----------------+----------------+
| ('G83', 1) | G83_1(0.0)     | G83_1(1.0)      | G83_1(0.0)     | G83_1(1.0)      | G83_1(0.0)      | G83_1(1.0)       | G83_1(0.0)     | G83_1(1.0)     |
+------------+----------------+-----------------+----------------+-----------------+-----------------+------------------+----------------+----------------+
| G53(0.0)   | 0.963768115942 | 0.0324675324675 | 0.341584158416 | 0.0134443021767 | 0.975247524752  | 0.991467576792   | 0.963768115942 | 0.755319148936 |
+------------+----------------+-----------------+----------------+-----------------+-----------------+------------------+----------------+----------------+
| G53(1.0)   | 0.036231884058 | 0.967532467532  | 0.658415841584 | 0.986555697823  | 0.0247524752475 | 0.00853242320819 | 0.036231884058 | 0.244680851064 |
+------------+----------------+-----------------+----------------+-----------------+-----------------+------------------+----------------+----------------+
+------------+----------------+----------------+-----------------+-----------------+
| ('G53', 0) | G53_0(0.0)     | G53_0(0.0)     | G53_0(1.0)      | G53_0(1.0)      |
+------------+----------------+----------------+-----------------+-----------------+
| ('G75', 1) | G75_1(0.0)     | G75_1(1.0)     | G75_1(0.0)      | G75_1(1.0)      |
+------------+----------------+----------------+-----------------+-----------------+
| G52(0.0)   | 0.569868995633 | 0.133027522936 | 0.0675675675676 | 0.0724137931034 |
+------------+----------------+----------------+-----------------+-----------------+
| G52(1.0)   | 0.430131004367 | 0.866972477064 | 0.932432432432  | 0.927586206897  |
+------------+----------------+----------------+-----------------+-----------------+
+------------+-----------------+-----------------+----------------+------------------+
| ('G13', 1) | G13_1(0.0)      | G13_1(0.0)      | G13_1(1.0)     | G13_1(1.0)       |
+------------+-----------------+-----------------+----------------+------------------+
| ('G51', 0) | G51_0(0.0)      | G51_0(1.0)      | G51_0(0.0)     | G51_0(1.0)       |
+------------+-----------------+-----------------+----------------+------------------+
| G51(0.0)   | 0.932432432432  | 0.0963302752294 | 0.382352941176 | 0.00382848392037 |
+------------+-----------------+-----------------+----------------+------------------+
| G51(1.0)   | 0.0675675675676 | 0.903669724771  | 0.617647058824 | 0.99617151608    |
+------------+-----------------+-----------------+----------------+------------------+
+------------+-----------------+----------------+----------------+----------------+
| ('G15', 0) | G15_0(0.0)      | G15_0(0.0)     | G15_0(1.0)     | G15_0(1.0)     |
+------------+-----------------+----------------+----------------+----------------+
| ('G48', 1) | G48_1(0.0)      | G48_1(1.0)     | G48_1(0.0)     | G48_1(1.0)     |
+------------+-----------------+----------------+----------------+----------------+
| G50(0.0)   | 0.0680751173709 | 0.147058823529 | 0.327255278311 | 0.838461538462 |
+------------+-----------------+----------------+----------------+----------------+
| G50(1.0)   | 0.931924882629  | 0.852941176471 | 0.672744721689 | 0.161538461538 |
+------------+-----------------+----------------+----------------+----------------+
+------------+-----------------+----------------+----------------+------------------+
| ('G57', 0) | G57_0(0.0)      | G57_0(0.0)     | G57_0(1.0)     | G57_0(1.0)       |
+------------+-----------------+----------------+----------------+------------------+
| ('G65', 0) | G65_0(0.0)      | G65_0(1.0)     | G65_0(0.0)     | G65_0(1.0)       |
+------------+-----------------+----------------+----------------+------------------+
| G57(0.0)   | 0.944444444444  | 0.801886792453 | 0.722222222222 | 0.00352609308886 |
+------------+-----------------+----------------+----------------+------------------+
| G57(1.0)   | 0.0555555555556 | 0.198113207547 | 0.277777777778 | 0.996473906911   |
+------------+-----------------+----------------+----------------+------------------+
+------------+----------------+-----------------+-----------------+----------------+
| ('G22', 1) | G22_1(0.0)     | G22_1(0.0)      | G22_1(1.0)      | G22_1(1.0)     |
+------------+----------------+-----------------+-----------------+----------------+
| ('G55', 0) | G55_0(0.0)     | G55_0(1.0)      | G55_0(0.0)      | G55_0(1.0)     |
+------------+----------------+-----------------+-----------------+----------------+
| G56(0.0)   | 0.807692307692 | 0.932432432432  | 0.0102685624013 | 0.860902255639 |
+------------+----------------+-----------------+-----------------+----------------+
| G56(1.0)   | 0.192307692308 | 0.0675675675676 | 0.989731437599  | 0.139097744361 |
+------------+----------------+-----------------+-----------------+----------------+
+------------+------------+------------+------------+-----------------+
| ('G55', 0) | G55_0(0.0) | G55_0(0.0) | G55_0(1.0) | G55_0(1.0)      |
+------------+------------+------------+------------+-----------------+
| ('G72', 1) | G72_1(0.0) | G72_1(1.0) | G72_1(0.0) | G72_1(1.0)      |
+------------+------------+------------+------------+-----------------+
| G55(0.0)   | 0.9896     | 0.5        | 0.116      | 0.0555555555556 |
+------------+------------+------------+------------+-----------------+
| G55(1.0)   | 0.0104     | 0.5        | 0.884      | 0.944444444444  |
+------------+------------+------------+------------+-----------------+
+------------+-----------------+----------------+----------------+------------------+
| ('G54', 0) | G54_0(0.0)      | G54_0(0.0)     | G54_0(1.0)     | G54_0(1.0)       |
+------------+-----------------+----------------+----------------+------------------+
| ('G9', 1)  | G9_1(0.0)       | G9_1(1.0)      | G9_1(0.0)      | G9_1(1.0)        |
+------------+-----------------+----------------+----------------+------------------+
| G54(0.0)   | 0.965753424658  | 0.309523809524 | 0.133027522936 | 0.00407830342577 |
+------------+-----------------+----------------+----------------+------------------+
| G54(1.0)   | 0.0342465753425 | 0.690476190476 | 0.866972477064 | 0.995921696574   |
+------------+-----------------+----------------+----------------+------------------+
+------------+----------------+-----------------+----------------+----------------+
| ('G41', 1) | G41_1(0.0)     | G41_1(0.0)      | G41_1(1.0)     | G41_1(1.0)     |
+------------+----------------+-----------------+----------------+----------------+
| ('G59', 0) | G59_0(0.0)     | G59_0(1.0)      | G59_0(0.0)     | G59_0(1.0)     |
+------------+----------------+-----------------+----------------+----------------+
| G59(0.0)   | 0.309523809524 | 0.0294117647059 | 0.741469816273 | 0.335866261398 |
+------------+----------------+-----------------+----------------+----------------+
| G59(1.0)   | 0.690476190476 | 0.970588235294  | 0.258530183727 | 0.664133738602 |
+------------+----------------+-----------------+----------------+----------------+
+------------+----------------+----------------+----------------+---------------+
| ('G30', 1) | G30_1(0.0)     | G30_1(0.0)     | G30_1(1.0)     | G30_1(1.0)    |
+------------+----------------+----------------+----------------+---------------+
| ('G56', 1) | G56_1(0.0)     | G56_1(1.0)     | G56_1(0.0)     | G56_1(1.0)    |
+------------+----------------+----------------+----------------+---------------+
| G58(0.0)   | 0.161538461538 | 0.285440613027 | 0.777227722772 | 0.23264781491 |
+------------+----------------+----------------+----------------+---------------+
| G58(1.0)   | 0.838461538462 | 0.714559386973 | 0.222772277228 | 0.76735218509 |
+------------+----------------+----------------+----------------+---------------+
+------------+----------------+------------+----------------+----------------+----------------+------------+------------------+-----------------+
| ('G38', 1) | G38_1(0.0)     | G38_1(0.0) | G38_1(0.0)     | G38_1(0.0)     | G38_1(1.0)     | G38_1(1.0) | G38_1(1.0)       | G38_1(1.0)      |
+------------+----------------+------------+----------------+----------------+----------------+------------+------------------+-----------------+
| ('G40', 0) | G40_0(0.0)     | G40_0(0.0) | G40_0(1.0)     | G40_0(1.0)     | G40_0(0.0)     | G40_0(0.0) | G40_0(1.0)       | G40_0(1.0)      |
+------------+----------------+------------+----------------+----------------+----------------+------------+------------------+-----------------+
| ('G55', 0) | G55_0(0.0)     | G55_0(1.0) | G55_0(0.0)     | G55_0(1.0)     | G55_0(0.0)     | G55_0(1.0) | G55_0(0.0)       | G55_0(1.0)      |
+------------+----------------+------------+----------------+----------------+----------------+------------+------------------+-----------------+
| G40(0.0)   | 0.862886597938 | 0.34       | 0.193516699411 | 0.610091743119 | 0.119047619048 | 0.5        | 0.00902527075812 | 0.0247524752475 |
+------------+----------------+------------+----------------+----------------+----------------+------------+------------------+-----------------+
| G40(1.0)   | 0.137113402062 | 0.66       | 0.806483300589 | 0.389908256881 | 0.880952380952 | 0.5        | 0.990974729242   | 0.975247524752  |
+------------+----------------+------------+----------------+----------------+----------------+------------+------------------+-----------------+
+------------+----------------+------------------+-----------------+----------------+
| ('G38', 1) | G38_1(0.0)     | G38_1(0.0)       | G38_1(1.0)      | G38_1(1.0)     |
+------------+----------------+------------------+-----------------+----------------+
| ('G41', 0) | G41_0(0.0)     | G41_0(1.0)       | G41_0(0.0)      | G41_0(1.0)     |
+------------+----------------+------------------+-----------------+----------------+
| G41(0.0)   | 0.192307692308 | 0.00415973377704 | 0.930107526882  | 0.133027522936 |
+------------+----------------+------------------+-----------------+----------------+
| G41(1.0)   | 0.807692307692 | 0.995840266223   | 0.0698924731183 | 0.866972477064 |
+------------+----------------+------------------+-----------------+----------------+
+------------+-----------------+----------------+----------------+------------------+
| ('G42', 0) | G42_0(0.0)      | G42_0(0.0)     | G42_0(1.0)     | G42_0(1.0)       |
+------------+-----------------+----------------+----------------+------------------+
| ('G92', 1) | G92_1(0.0)      | G92_1(1.0)     | G92_1(0.0)     | G92_1(1.0)       |
+------------+-----------------+----------------+----------------+------------------+
| G42(0.0)   | 0.939024390244  | 0.277777777778 | 0.132653061224 | 0.00348675034868 |
+------------+-----------------+----------------+----------------+------------------+
| G42(1.0)   | 0.0609756097561 | 0.722222222222 | 0.867346938776 | 0.996513249651   |
+------------+-----------------+----------------+----------------+------------------+
+------------+-----------------+-----------------+----------------+---------------+
| ('G29', 1) | G29_1(0.0)      | G29_1(0.0)      | G29_1(1.0)     | G29_1(1.0)    |
+------------+-----------------+-----------------+----------------+---------------+
| ('G43', 0) | G43_0(0.0)      | G43_0(1.0)      | G43_0(0.0)     | G43_0(1.0)    |
+------------+-----------------+-----------------+----------------+---------------+
| G43(0.0)   | 0.98730964467   | 0.0813953488372 | 0.486206896552 | 0.18115942029 |
+------------+-----------------+-----------------+----------------+---------------+
| G43(1.0)   | 0.0126903553299 | 0.918604651163  | 0.513793103448 | 0.81884057971 |
+------------+-----------------+-----------------+----------------+---------------+
+----------+---+
| G44(0.0) | 1 |
+----------+---+
+-----------+----------------+--------------+
| ('G4', 0) | G4_0(0.0)      | G4_0(1.0)    |
+-----------+----------------+--------------+
| G45(0.0)  | 0.640186915888 | 0.3073089701 |
+-----------+----------------+--------------+
| G45(1.0)  | 0.359813084112 | 0.6926910299 |
+-----------+----------------+--------------+
+------------+----------------+----------------+------------+------------------+
| ('G39', 0) | G39_0(0.0)     | G39_0(0.0)     | G39_0(1.0) | G39_0(1.0)       |
+------------+----------------+----------------+------------+------------------+
| ('G46', 0) | G46_0(0.0)     | G46_0(1.0)     | G46_0(0.0) | G46_0(1.0)       |
+------------+----------------+----------------+------------+------------------+
| G46(0.0)   | 0.856435643564 | 0.560606060606 | 0.74       | 0.00380517503805 |
+------------+----------------+----------------+------------+------------------+
| G46(1.0)   | 0.143564356436 | 0.439393939394 | 0.26       | 0.996194824962   |
+------------+----------------+----------------+------------+------------------+
+------------+----------------+----------------+
| ('G48', 1) | G48_1(0.0)     | G48_1(1.0)     |
+------------+----------------+----------------+
| G47(0.0)   | 0.273841961853 | 0.743902439024 |
+------------+----------------+----------------+
| G47(1.0)   | 0.726158038147 | 0.256097560976 |
+------------+----------------+----------------+
+------------+------------+------------------+----------------+------------------+----------------+-----------------+-----------------+----------------+
| ('G38', 0) | G38_0(0.0) | G38_0(0.0)       | G38_0(0.0)     | G38_0(0.0)       | G38_0(1.0)     | G38_0(1.0)      | G38_0(1.0)      | G38_0(1.0)     |
+------------+------------+------------------+----------------+------------------+----------------+-----------------+-----------------+----------------+
| ('G75', 1) | G75_1(0.0) | G75_1(0.0)       | G75_1(1.0)     | G75_1(1.0)       | G75_1(0.0)     | G75_1(0.0)      | G75_1(1.0)      | G75_1(1.0)     |
+------------+------------+------------------+----------------+------------------+----------------+-----------------+-----------------+----------------+
| ('G99', 0) | G99_0(0.0) | G99_0(1.0)       | G99_0(0.0)     | G99_0(1.0)       | G99_0(0.0)     | G99_0(1.0)      | G99_0(0.0)      | G99_0(1.0)     |
+------------+------------+------------------+----------------+------------------+----------------+-----------------+-----------------+----------------+
| G48(0.0)   | 0.5        | 0.99692496925    | 0.192307692308 | 0.99343832021    | 0.594117647059 | 0.987804878049  | 0.0675675675676 | 0.136363636364 |
+------------+------------+------------------+----------------+------------------+----------------+-----------------+-----------------+----------------+
| G48(1.0)   | 0.5        | 0.00307503075031 | 0.807692307692 | 0.00656167979003 | 0.405882352941 | 0.0121951219512 | 0.932432432432  | 0.863636363636 |
+------------+------------+------------------+----------------+------------------+----------------+-----------------+-----------------+----------------+
+------------+-----------------+------------+---------------+----------------+
| ('G13', 1) | G13_1(0.0)      | G13_1(0.0) | G13_1(1.0)    | G13_1(1.0)     |
+------------+-----------------+------------+---------------+----------------+
| ('G49', 0) | G49_0(0.0)      | G49_0(1.0) | G49_0(0.0)    | G49_0(1.0)     |
+------------+-----------------+------------+---------------+----------------+
| G49(0.0)   | 0.944444444444  | 0.5        | 0.46449704142 | 0.172654690619 |
+------------+-----------------+------------+---------------+----------------+
| G49(1.0)   | 0.0555555555556 | 0.5        | 0.53550295858 | 0.827345309381 |
+------------+-----------------+------------+---------------+----------------+
+------------+----------------+---------------+-----------------+----------------+
| ('G1', 1)  | G1_1(0.0)      | G1_1(0.0)     | G1_1(1.0)       | G1_1(1.0)      |
+------------+----------------+---------------+-----------------+----------------+
| ('G75', 0) | G75_0(0.0)     | G75_0(1.0)    | G75_0(0.0)      | G75_0(1.0)     |
+------------+----------------+---------------+-----------------+----------------+
| G75(0.0)   | 0.709523809524 | 0.11797752809 | 0.985776805252  | 0.160606060606 |
+------------+----------------+---------------+-----------------+----------------+
| G75(1.0)   | 0.290476190476 | 0.88202247191 | 0.0142231947484 | 0.839393939394 |
+------------+----------------+---------------+-----------------+----------------+
+------------+-----------------+----------------+-----------------+-----------------+
| ('G93', 1) | G93_1(0.0)      | G93_1(0.0)     | G93_1(1.0)      | G93_1(1.0)      |
+------------+-----------------+----------------+-----------------+-----------------+
| ('G98', 1) | G98_1(0.0)      | G98_1(1.0)     | G98_1(0.0)      | G98_1(1.0)      |
+------------+-----------------+----------------+-----------------+-----------------+
| G74(0.0)   | 0.0839753466872 | 0.850515463918 | 0.0862068965517 | 0.0609756097561 |
+------------+-----------------+----------------+-----------------+-----------------+
| G74(1.0)   | 0.916024653313  | 0.149484536082 | 0.913793103448  | 0.939024390244  |
+------------+-----------------+----------------+-----------------+-----------------+
+------------+-----------------+-----------------+----------------+------------------+
| ('G41', 0) | G41_0(0.0)      | G41_0(0.0)      | G41_0(1.0)     | G41_0(1.0)       |
+------------+-----------------+-----------------+----------------+------------------+
| ('G77', 0) | G77_0(0.0)      | G77_0(1.0)      | G77_0(0.0)     | G77_0(1.0)       |
+------------+-----------------+-----------------+----------------+------------------+
| G77(0.0)   | 0.924242424242  | 0.0890410958904 | 0.277777777778 | 0.00356633380884 |
+------------+-----------------+-----------------+----------------+------------------+
| G77(1.0)   | 0.0757575757576 | 0.91095890411   | 0.722222222222 | 0.996433666191   |
+------------+-----------------+-----------------+----------------+------------------+
+------------+----------------+----------------+----------------+----------------+
| ('G13', 0) | G13_0(0.0)     | G13_0(0.0)     | G13_0(1.0)     | G13_0(1.0)     |
+------------+----------------+----------------+----------------+----------------+
| ('G4', 0)  | G4_0(0.0)      | G4_0(1.0)      | G4_0(0.0)      | G4_0(1.0)      |
+------------+----------------+----------------+----------------+----------------+
| G76(0.0)   | 0.622448979592 | 0.520618556701 | 0.136363636364 | 0.385148514851 |
+------------+----------------+----------------+----------------+----------------+
| G76(1.0)   | 0.377551020408 | 0.479381443299 | 0.863636363636 | 0.614851485149 |
+------------+----------------+----------------+----------------+----------------+
+----------+---+
| G71(0.0) | 1 |
+----------+---+
+------------+------------+----------------+-----------------+----------------+
| ('G20', 1) | G20_1(0.0) | G20_1(0.0)     | G20_1(1.0)      | G20_1(1.0)     |
+------------+------------+----------------+-----------------+----------------+
| ('G4', 0)  | G4_0(0.0)  | G4_0(1.0)      | G4_0(0.0)       | G4_0(1.0)      |
+------------+------------+----------------+-----------------+----------------+
| G70(0.0)   | 0.5        | 0.399159663866 | 0.0947712418301 | 0.614285714286 |
+------------+------------+----------------+-----------------+----------------+
| G70(1.0)   | 0.5        | 0.600840336134 | 0.90522875817   | 0.385714285714 |
+------------+------------+----------------+-----------------+----------------+
+------------+-----------------+----------------+----------------+------------------+
| ('G23', 1) | G23_1(0.0)      | G23_1(0.0)     | G23_1(1.0)     | G23_1(1.0)       |
+------------+-----------------+----------------+----------------+------------------+
| ('G73', 0) | G73_0(0.0)      | G73_0(1.0)     | G73_0(0.0)     | G73_0(1.0)       |
+------------+-----------------+----------------+----------------+------------------+
| G73(0.0)   | 0.939024390244  | 0.158536585366 | 0.277777777778 | 0.00344827586207 |
+------------+-----------------+----------------+----------------+------------------+
| G73(1.0)   | 0.0609756097561 | 0.841463414634 | 0.722222222222 | 0.996551724138   |
+------------+-----------------+----------------+----------------+------------------+
+------------+-----------------+-----------------+-----------------+----------------+
| ('G50', 1) | G50_1(0.0)      | G50_1(0.0)      | G50_1(1.0)      | G50_1(1.0)     |
+------------+-----------------+-----------------+-----------------+----------------+
| ('G72', 0) | G72_0(0.0)      | G72_0(1.0)      | G72_0(0.0)      | G72_0(1.0)     |
+------------+-----------------+-----------------+-----------------+----------------+
| G72(0.0)   | 0.98730964467   | 0.0555555555556 | 0.966546112116  | 0.880952380952 |
+------------+-----------------+-----------------+-----------------+----------------+
| G72(1.0)   | 0.0126903553299 | 0.944444444444  | 0.0334538878843 | 0.119047619048 |
+------------+-----------------+-----------------+-----------------+----------------+
+------------+----------------+----------------+----------------+----------------+
| ('G20', 1) | G20_1(0.0)     | G20_1(0.0)     | G20_1(1.0)     | G20_1(1.0)     |
+------------+----------------+----------------+----------------+----------------+
| ('G79', 0) | G79_0(0.0)     | G79_0(1.0)     | G79_0(0.0)     | G79_0(1.0)     |
+------------+----------------+----------------+----------------+----------------+
| G79(0.0)   | 0.161538461538 | 0.131728045326 | 0.825581395349 | 0.128252788104 |
+------------+----------------+----------------+----------------+----------------+
| G79(1.0)   | 0.838461538462 | 0.868271954674 | 0.174418604651 | 0.871747211896 |
+------------+----------------+----------------+----------------+----------------+
+----------+-----------+
| G78(0.0) | 0.982843  |
+----------+-----------+
| G78(1.0) | 0.0171569 |
+----------+-----------+
+------------+----------------+----------------+-----------------+----------------+
| ('G53', 0) | G53_0(0.0)     | G53_0(0.0)     | G53_0(1.0)      | G53_0(1.0)     |
+------------+----------------+----------------+-----------------+----------------+
| ('G68', 0) | G68_0(0.0)     | G68_0(1.0)     | G68_0(0.0)      | G68_0(1.0)     |
+------------+----------------+----------------+-----------------+----------------+
| G68(0.0)   | 0.971615720524 | 0.279816513761 | 0.0609756097561 | 0.033180778032 |
+------------+----------------+----------------+-----------------+----------------+
| G68(1.0)   | 0.028384279476 | 0.720183486239 | 0.939024390244  | 0.966819221968 |
+------------+----------------+----------------+-----------------+----------------+
+------------+----------------+----------------+------------------+-----------------+
| ('G69', 0) | G69_0(0.0)     | G69_0(0.0)     | G69_0(1.0)       | G69_0(1.0)      |
+------------+----------------+----------------+------------------+-----------------+
| ('G75', 1) | G75_1(0.0)     | G75_1(1.0)     | G75_1(0.0)       | G75_1(1.0)      |
+------------+----------------+----------------+------------------+-----------------+
| G69(0.0)   | 0.192307692308 | 0.827868852459 | 0.00455373406193 | 0.0958549222798 |
+------------+----------------+----------------+------------------+-----------------+
| G69(1.0)   | 0.807692307692 | 0.172131147541 | 0.995446265938   | 0.90414507772   |
+------------+----------------+----------------+------------------+-----------------+
+------------+----------------+------------+-----------------+----------------+----------------+----------------+-----------------+------------+
| ('G22', 1) | G22_1(0.0)     | G22_1(0.0) | G22_1(0.0)      | G22_1(0.0)     | G22_1(1.0)     | G22_1(1.0)     | G22_1(1.0)      | G22_1(1.0) |
+------------+----------------+------------+-----------------+----------------+----------------+----------------+-----------------+------------+
| ('G40', 0) | G40_0(0.0)     | G40_0(0.0) | G40_0(1.0)      | G40_0(1.0)     | G40_0(0.0)     | G40_0(0.0)     | G40_0(1.0)      | G40_0(1.0) |
+------------+----------------+------------+-----------------+----------------+----------------+----------------+-----------------+------------+
| ('G62', 0) | G62_0(0.0)     | G62_0(1.0) | G62_0(0.0)      | G62_0(1.0)     | G62_0(0.0)     | G62_0(1.0)     | G62_0(0.0)      | G62_0(1.0) |
+------------+----------------+------------+-----------------+----------------+----------------+----------------+-----------------+------------+
| G62(0.0)   | 0.192307692308 | 0.5        | 0.0862068965517 | 0.880952380952 | 0.626696832579 | 0.160273972603 | 0.938489646772  | 0.596      |
+------------+----------------+------------+-----------------+----------------+----------------+----------------+-----------------+------------+
| G62(1.0)   | 0.807692307692 | 0.5        | 0.913793103448  | 0.119047619048 | 0.373303167421 | 0.839726027397 | 0.0615103532278 | 0.404      |
+------------+----------------+------------+-----------------+----------------+----------------+----------------+-----------------+------------+
+------------+----------------+----------------+
| ('G64', 1) | G64_1(0.0)     | G64_1(1.0)     |
+------------+----------------+----------------+
| G63(0.0)   | 0.205539358601 | 0.561538461538 |
+------------+----------------+----------------+
| G63(1.0)   | 0.794460641399 | 0.438461538462 |
+------------+----------------+----------------+
+------------+----------------+-----------------+----------------+-----------------+
| ('G43', 1) | G43_1(0.0)     | G43_1(0.0)      | G43_1(1.0)     | G43_1(1.0)      |
+------------+----------------+-----------------+----------------+-----------------+
| ('G66', 1) | G66_1(0.0)     | G66_1(1.0)      | G66_1(0.0)     | G66_1(1.0)      |
+------------+----------------+-----------------+----------------+-----------------+
| G60(0.0)   | 0.852941176471 | 0.979750778816  | 0.158536585366 | 0.921052631579  |
+------------+----------------+-----------------+----------------+-----------------+
| G60(1.0)   | 0.147058823529 | 0.0202492211838 | 0.841463414634 | 0.0789473684211 |
+------------+----------------+-----------------+----------------+-----------------+
+----------+-----------+
| G61(0.0) | 0.982843  |
+----------+-----------+
| G61(1.0) | 0.0171569 |
+----------+-----------+
+------------+---------------+------------------+
| ('G67', 1) | G67_1(0.0)    | G67_1(1.0)       |
+------------+---------------+------------------+
| G66(0.0)   | 0.37323943662 | 0.00741839762611 |
+------------+---------------+------------------+
| G66(1.0)   | 0.62676056338 | 0.992581602374   |
+------------+---------------+------------------+
+------------+-----------------+-----------------+-----------------+------------------+
| ('G12', 0) | G12_0(0.0)      | G12_0(0.0)      | G12_0(1.0)      | G12_0(1.0)       |
+------------+-----------------+-----------------+-----------------+------------------+
| ('G12', 1) | G12_1(0.0)      | G12_1(1.0)      | G12_1(0.0)      | G12_1(1.0)       |
+------------+-----------------+-----------------+-----------------+------------------+
| G67(0.0)   | 0.981751824818  | 0.0862068965517 | 0.0862068965517 | 0.00402576489533 |
+------------+-----------------+-----------------+-----------------+------------------+
| G67(1.0)   | 0.0182481751825 | 0.913793103448  | 0.913793103448  | 0.995974235105   |
+------------+-----------------+-----------------+-----------------+------------------+
+------------+----------------+----------------+
| ('G67', 0) | G67_0(0.0)     | G67_0(1.0)     |
+------------+----------------+----------------+
| G64(0.0)   | 0.147887323944 | 0.986646884273 |
+------------+----------------+----------------+
| G64(1.0)   | 0.852112676056 | 0.013353115727 |
+------------+----------------+----------------+
+------------+-----------------+----------------+----------------+------------------+
| ('G73', 0) | G73_0(0.0)      | G73_0(0.0)     | G73_0(1.0)     | G73_0(1.0)       |
+------------+-----------------+----------------+----------------+------------------+
| ('G73', 1) | G73_1(0.0)      | G73_1(1.0)     | G73_1(0.0)     | G73_1(1.0)       |
+------------+-----------------+----------------+----------------+------------------+
| G65(0.0)   | 0.939024390244  | 0.722222222222 | 0.722222222222 | 0.00330250990753 |
+------------+-----------------+----------------+----------------+------------------+
| G65(1.0)   | 0.0609756097561 | 0.277777777778 | 0.277777777778 | 0.996697490092   |
+------------+-----------------+----------------+----------------+------------------+
+------------+----------------+------------+-----------------+----------------+
| ('G53', 0) | G53_0(0.0)     | G53_0(0.0) | G53_0(1.0)      | G53_0(1.0)     |
+------------+----------------+------------+-----------------+----------------+
| ('G86', 0) | G86_0(0.0)     | G86_0(1.0) | G86_0(0.0)      | G86_0(1.0)     |
+------------+----------------+------------+-----------------+----------------+
| G100(0.0)  | 0.424882629108 | 0.02       | 0.911899313501  | 0.548780487805 |
+------------+----------------+------------+-----------------+----------------+
| G100(1.0)  | 0.575117370892 | 0.98       | 0.0881006864989 | 0.451219512195 |
+------------+----------------+------------+-----------------+----------------+
+------------+-----------------+-----------------+------------------+----------------+
| ('G27', 0) | G27_0(0.0)      | G27_0(0.0)      | G27_0(1.0)       | G27_0(1.0)     |
+------------+-----------------+-----------------+------------------+----------------+
| ('G32', 0) | G32_0(0.0)      | G32_0(1.0)      | G32_0(0.0)       | G32_0(1.0)     |
+------------+-----------------+-----------------+------------------+----------------+
| G19(0.0)   | 0.0206611570248 | 0.956375838926  | 0.00636132315522 | 0.617647058824 |
+------------+-----------------+-----------------+------------------+----------------+
| G19(1.0)   | 0.979338842975  | 0.0436241610738 | 0.993638676845   | 0.382352941176 |
+------------+-----------------+-----------------+------------------+----------------+
+------------+----------------+-----------------+-----------------+------------+
| ('G18', 0) | G18_0(0.0)     | G18_0(0.0)      | G18_0(1.0)      | G18_0(1.0) |
+------------+----------------+-----------------+-----------------+------------+
| ('G90', 1) | G90_1(0.0)     | G90_1(1.0)      | G90_1(0.0)      | G90_1(1.0) |
+------------+----------------+-----------------+-----------------+------------+
| G18(0.0)   | 0.814410480349 | 0.96408839779   | 0.0637393767705 | 0.5        |
+------------+----------------+-----------------+-----------------+------------+
| G18(1.0)   | 0.185589519651 | 0.0359116022099 | 0.936260623229  | 0.5        |
+------------+----------------+-----------------+-----------------+------------+
+------------+------------+-----------------+
| ('G73', 0) | G73_0(0.0) | G73_0(1.0)      |
+------------+------------+-----------------+
| G17(0.0)   | 0.9        | 0.0065274151436 |
+------------+------------+-----------------+
| G17(1.0)   | 0.1        | 0.993472584856  |
+------------+------------+-----------------+
+------------+-----------------+----------------+----------------+----------------+
| ('G16', 0) | G16_0(0.0)      | G16_0(0.0)     | G16_0(1.0)     | G16_0(1.0)     |
+------------+-----------------+----------------+----------------+----------------+
| ('G34', 1) | G34_1(0.0)      | G34_1(1.0)     | G34_1(0.0)     | G34_1(1.0)     |
+------------+-----------------+----------------+----------------+----------------+
| G16(0.0)   | 0.968590831919  | 0.424528301887 | 0.327956989247 | 0.228395061728 |
+------------+-----------------+----------------+----------------+----------------+
| G16(1.0)   | 0.0314091680815 | 0.575471698113 | 0.672043010753 | 0.771604938272 |
+------------+-----------------+----------------+----------------+----------------+
+------------+-----------------+------------+-----------------+----------------+
| ('G33', 1) | G33_1(0.0)      | G33_1(0.0) | G33_1(1.0)      | G33_1(1.0)     |
+------------+-----------------+------------+-----------------+----------------+
| ('G9', 1)  | G9_1(0.0)       | G9_1(1.0)  | G9_1(0.0)       | G9_1(1.0)      |
+------------+-----------------+------------+-----------------+----------------+
| G15(0.0)   | 0.0757575757576 | 0.1        | 0.0436241610738 | 0.591185410334 |
+------------+-----------------+------------+-----------------+----------------+
| G15(1.0)   | 0.924242424242  | 0.9        | 0.956375838926  | 0.408814589666 |
+------------+-----------------+------------+-----------------+----------------+
+------------+----------------+----------------+----------------+-----------------+
| ('G14', 0) | G14_0(0.0)     | G14_0(0.0)     | G14_0(1.0)     | G14_0(1.0)      |
+------------+----------------+----------------+----------------+-----------------+
| ('G51', 0) | G51_0(0.0)     | G51_0(1.0)     | G51_0(0.0)     | G51_0(1.0)      |
+------------+----------------+----------------+----------------+-----------------+
| G14(0.0)   | 0.119047619048 | 0.641176470588 | 0.560606060606 | 0.0450516986706 |
+------------+----------------+----------------+----------------+-----------------+
| G14(1.0)   | 0.880952380952 | 0.358823529412 | 0.439393939394 | 0.954948301329  |
+------------+----------------+----------------+----------------+-----------------+
+------------+-----------------+----------------+----------------+-----------------+
| ('G13', 0) | G13_0(0.0)      | G13_0(0.0)     | G13_0(1.0)     | G13_0(1.0)      |
+------------+-----------------+----------------+----------------+-----------------+
| ('G96', 1) | G96_1(0.0)      | G96_1(1.0)     | G96_1(0.0)     | G96_1(1.0)      |
+------------+-----------------+----------------+----------------+-----------------+
| G13(0.0)   | 0.967532467532  | 0.731884057971 | 0.807692307692 | 0.0159817351598 |
+------------+-----------------+----------------+----------------+-----------------+
| G13(1.0)   | 0.0324675324675 | 0.268115942029 | 0.192307692308 | 0.98401826484   |
+------------+-----------------+----------------+----------------+-----------------+
+------------+----------------+-----------------+------------------+----------------+
| ('G12', 0) | G12_0(0.0)     | G12_0(0.0)      | G12_0(1.0)       | G12_0(1.0)     |
+------------+----------------+-----------------+------------------+----------------+
| ('G32', 0) | G32_0(0.0)     | G32_0(1.0)      | G32_0(0.0)       | G32_0(1.0)     |
+------------+----------------+-----------------+------------------+----------------+
| G12(0.0)   | 0.119047619048 | 0.927586206897  | 0.00507099391481 | 0.168789808917 |
+------------+----------------+-----------------+------------------+----------------+
| G12(1.0)   | 0.880952380952 | 0.0724137931034 | 0.994929006085   | 0.831210191083 |
+------------+----------------+-----------------+------------------+----------------+
+------------+-----------------+----------------+-----------------+---------------+----------------+------------------+-----------------+----------------+
| ('G29', 1) | G29_1(0.0)      | G29_1(0.0)     | G29_1(0.0)      | G29_1(0.0)    | G29_1(1.0)     | G29_1(1.0)       | G29_1(1.0)      | G29_1(1.0)     |
+------------+-----------------+----------------+-----------------+---------------+----------------+------------------+-----------------+----------------+
| ('G38', 0) | G38_0(0.0)      | G38_0(0.0)     | G38_0(1.0)      | G38_0(1.0)    | G38_0(0.0)     | G38_0(0.0)       | G38_0(1.0)      | G38_0(1.0)     |
+------------+-----------------+----------------+-----------------+---------------+----------------+------------------+-----------------+----------------+
| ('G54', 0) | G54_0(0.0)      | G54_0(1.0)     | G54_0(0.0)      | G54_0(1.0)    | G54_0(0.0)     | G54_0(1.0)       | G54_0(0.0)      | G54_0(1.0)     |
+------------+-----------------+----------------+-----------------+---------------+----------------+------------------+-----------------+----------------+
| G11(0.0)   | 0.959016393443  | 0.153543307087 | 0.967532467532  | 0.56015037594 | 0.192307692308 | 0.00323415265201 | 0.932432432432  | 0.270700636943 |
+------------+-----------------+----------------+-----------------+---------------+----------------+------------------+-----------------+----------------+
| G11(1.0)   | 0.0409836065574 | 0.846456692913 | 0.0324675324675 | 0.43984962406 | 0.807692307692 | 0.996765847348   | 0.0675675675676 | 0.729299363057 |
+------------+-----------------+----------------+-----------------+---------------+----------------+------------------+-----------------+----------------+
+------------+-----------------+------------+----------------+-----------------+
| ('G54', 1) | G54_1(0.0)      | G54_1(0.0) | G54_1(1.0)     | G54_1(1.0)      |
+------------+-----------------+------------+----------------+-----------------+
| ('G67', 1) | G67_1(0.0)      | G67_1(1.0) | G67_1(0.0)     | G67_1(1.0)      |
+------------+-----------------+------------+----------------+-----------------+
| G10(0.0)   | 0.905797101449  | 0.1        | 0.253424657534 | 0.0100154083205 |
+------------+-----------------+------------+----------------+-----------------+
| G10(1.0)   | 0.0942028985507 | 0.9        | 0.746575342466 | 0.98998459168   |
+------------+-----------------+------------+----------------+-----------------+
+------------+----------------+------------------+-----------------+------------+
| ('G95', 1) | G95_1(0.0)     | G95_1(0.0)       | G95_1(1.0)      | G95_1(1.0) |
+------------+----------------+------------------+-----------------+------------+
| ('G97', 0) | G97_0(0.0)     | G97_0(1.0)       | G97_0(0.0)      | G97_0(1.0) |
+------------+----------------+------------------+-----------------+------------+
| G97(0.0)   | 0.277777777778 | 0.00356633380884 | 0.939024390244  | 0.1        |
+------------+----------------+------------------+-----------------+------------+
| G97(1.0)   | 0.722222222222 | 0.996433666191   | 0.0609756097561 | 0.9        |
+------------+----------------+------------------+-----------------+------------+
+------------+-----------------+----------------+----------------+------------------+
| ('G88', 1) | G88_1(0.0)      | G88_1(0.0)     | G88_1(1.0)     | G88_1(1.0)       |
+------------+-----------------+----------------+----------------+------------------+
| ('G96', 0) | G96_0(0.0)      | G96_0(1.0)     | G96_0(0.0)     | G96_0(1.0)       |
+------------+-----------------+----------------+----------------+------------------+
| G96(0.0)   | 0.924242424242  | 0.143835616438 | 0.815789473684 | 0.00382848392037 |
+------------+-----------------+----------------+----------------+------------------+
| G96(1.0)   | 0.0757575757576 | 0.856164383562 | 0.184210526316 | 0.99617151608    |
+------------+-----------------+----------------+----------------+------------------+
+------------+-----------------+----------------+----------------+----------------+
| ('G95', 0) | G95_0(0.0)      | G95_0(0.0)     | G95_0(1.0)     | G95_0(1.0)     |
+------------+-----------------+----------------+----------------+----------------+
| ('G98', 1) | G98_1(0.0)      | G98_1(1.0)     | G98_1(0.0)     | G98_1(1.0)     |
+------------+-----------------+----------------+----------------+----------------+
| G95(0.0)   | 0.989731437599  | 0.801369863014 | 0.144444444444 | 0.284615384615 |
+------------+-----------------+----------------+----------------+----------------+
| G95(1.0)   | 0.0102685624013 | 0.198630136986 | 0.855555555556 | 0.715384615385 |
+------------+-----------------+----------------+----------------+----------------+
+----------+---+
| G94(0.0) | 1 |
+----------+---+
+------------+----------------+------------------+------------+----------------+
| ('G93', 0) | G93_0(0.0)     | G93_0(0.0)       | G93_0(1.0) | G93_0(1.0)     |
+------------+----------------+------------------+------------+----------------+
| ('G97', 0) | G97_0(0.0)     | G97_0(1.0)       | G97_0(0.0) | G97_0(1.0)     |
+------------+----------------+------------------+------------+----------------+
| G93(0.0)   | 0.309523809524 | 0.991034482759   | 0.5        | 0.158536585366 |
+------------+----------------+------------------+------------+----------------+
| G93(1.0)   | 0.690476190476 | 0.00896551724138 | 0.5        | 0.841463414634 |
+------------+----------------+------------------+------------+----------------+
+------------+-----------------+-----------------+----------------+------------------+
| ('G29', 1) | G29_1(0.0)      | G29_1(0.0)      | G29_1(1.0)     | G29_1(1.0)       |
+------------+-----------------+-----------------+----------------+------------------+
| ('G92', 0) | G92_0(0.0)      | G92_0(1.0)      | G92_0(0.0)     | G92_0(1.0)       |
+------------+-----------------+-----------------+----------------+------------------+
| G92(0.0)   | 0.967532467532  | 0.0421686746988 | 0.192307692308 | 0.00524109014675 |
+------------+-----------------+-----------------+----------------+------------------+
| G92(1.0)   | 0.0324675324675 | 0.957831325301  | 0.807692307692 | 0.994758909853   |
+------------+-----------------+-----------------+----------------+------------------+
+------------+----------------+-----------------+-----------------+----------------+
| ('G90', 1) | G90_1(0.0)     | G90_1(0.0)      | G90_1(1.0)      | G90_1(1.0)     |
+------------+----------------+-----------------+-----------------+----------------+
| ('G91', 0) | G91_0(0.0)     | G91_0(1.0)      | G91_0(0.0)      | G91_0(1.0)     |
+------------+----------------+-----------------+-----------------+----------------+
| G91(0.0)   | 0.592307692308 | 0.0357833655706 | 0.916184971098  | 0.368852459016 |
+------------+----------------+-----------------+-----------------+----------------+
| G91(1.0)   | 0.407692307692 | 0.964216634429  | 0.0838150289017 | 0.631147540984 |
+------------+----------------+-----------------+-----------------+----------------+
+------------+-----------------+----------------+----------------+----------------+
| ('G38', 1) | G38_1(0.0)      | G38_1(0.0)     | G38_1(1.0)     | G38_1(1.0)     |
+------------+-----------------+----------------+----------------+----------------+
| ('G90', 0) | G90_0(0.0)      | G90_0(1.0)     | G90_0(0.0)     | G90_0(1.0)     |
+------------+-----------------+----------------+----------------+----------------+
| G90(0.0)   | 0.987523992322  | 0.198924731183 | 0.464912280702 | 0.155172413793 |
+------------+-----------------+----------------+----------------+----------------+
| G90(1.0)   | 0.0124760076775 | 0.801075268817 | 0.535087719298 | 0.844827586207 |
+------------+-----------------+----------------+----------------+----------------+
+------------+-----------------+------------+----------------+------------------+
| ('G10', 1) | G10_1(0.0)      | G10_1(0.0) | G10_1(1.0)     | G10_1(1.0)       |
+------------+-----------------+------------+----------------+------------------+
| ('G54', 0) | G54_0(0.0)      | G54_0(1.0) | G54_0(0.0)     | G54_0(1.0)       |
+------------+-----------------+------------+----------------+------------------+
| G99(0.0)   | 0.961538461538  | 0.1        | 0.362068965517 | 0.00358680057389 |
+------------+-----------------+------------+----------------+------------------+
| G99(1.0)   | 0.0384615384615 | 0.9        | 0.637931034483 | 0.996413199426   |
+------------+-----------------+------------+----------------+------------------+
+------------+-----------------+-----------------+-----------------+----------------+
| ('G29', 1) | G29_1(0.0)      | G29_1(0.0)      | G29_1(1.0)      | G29_1(1.0)     |
+------------+-----------------+-----------------+-----------------+----------------+
| ('G98', 0) | G98_0(0.0)      | G98_0(1.0)      | G98_0(0.0)      | G98_0(1.0)     |
+------------+-----------------+-----------------+-----------------+----------------+
| G98(0.0)   | 0.970046082949  | 0.0229357798165 | 0.985776805252  | 0.439393939394 |
+------------+-----------------+-----------------+-----------------+----------------+
| G98(1.0)   | 0.0299539170507 | 0.977064220183  | 0.0142231947484 | 0.560606060606 |
+------------+-----------------+-----------------+-----------------+----------------+
+------------+-----------------+-----------------+----------------+----------------+
| ('G13', 0) | G13_0(0.0)      | G13_0(0.0)      | G13_0(1.0)     | G13_0(1.0)     |
+------------+-----------------+-----------------+----------------+----------------+
| ('G31', 0) | G31_0(0.0)      | G31_0(1.0)      | G31_0(0.0)     | G31_0(1.0)     |
+------------+-----------------+-----------------+----------------+----------------+
| G31(0.0)   | 0.97191011236   | 0.0438596491228 | 0.794736842105 | 0.162337662338 |
+------------+-----------------+-----------------+----------------+----------------+
| G31(1.0)   | 0.0280898876404 | 0.956140350877  | 0.205263157895 | 0.837662337662 |
+------------+-----------------+-----------------+----------------+----------------+
+------------+----------------+------------------+------------+-----------------+-----------------+-----------------+----------------+----------------+
| ('G29', 1) | G29_1(0.0)     | G29_1(0.0)       | G29_1(0.0) | G29_1(0.0)      | G29_1(1.0)      | G29_1(1.0)      | G29_1(1.0)     | G29_1(1.0)     |
+------------+----------------+------------------+------------+-----------------+-----------------+-----------------+----------------+----------------+
| ('G53', 1) | G53_1(0.0)     | G53_1(0.0)       | G53_1(1.0) | G53_1(1.0)      | G53_1(0.0)      | G53_1(0.0)      | G53_1(1.0)     | G53_1(1.0)     |
+------------+----------------+------------------+------------+-----------------+-----------------+-----------------+----------------+----------------+
| ('G99', 0) | G99_0(0.0)     | G99_0(1.0)       | G99_0(0.0) | G99_0(1.0)      | G99_0(0.0)      | G99_0(1.0)      | G99_0(0.0)     | G99_0(1.0)     |
+------------+----------------+------------------+------------+-----------------+-----------------+-----------------+----------------+----------------+
| G30(0.0)   | 0.341584158416 | 0.00733137829912 | 0.5        | 0.0512195121951 | 0.932432432432  | 0.0126903553299 | 0.807692307692 | 0.756480218281 |
+------------+----------------+------------------+------------+-----------------+-----------------+-----------------+----------------+----------------+
| G30(1.0)   | 0.658415841584 | 0.992668621701   | 0.5        | 0.948780487805  | 0.0675675675676 | 0.98730964467   | 0.192307692308 | 0.243519781719 |
+------------+----------------+------------------+------------+-----------------+-----------------+-----------------+----------------+----------------+
+------------+-----------------+----------------+------------------+----------------+------------+-----------------+------------------+----------------+
| ('G29', 1) | G29_1(0.0)      | G29_1(0.0)     | G29_1(0.0)       | G29_1(0.0)     | G29_1(1.0) | G29_1(1.0)      | G29_1(1.0)       | G29_1(1.0)     |
+------------+-----------------+----------------+------------------+----------------+------------+-----------------+------------------+----------------+
| ('G33', 0) | G33_0(0.0)      | G33_0(0.0)     | G33_0(1.0)       | G33_0(1.0)     | G33_0(0.0) | G33_0(0.0)      | G33_0(1.0)       | G33_0(1.0)     |
+------------+-----------------+----------------+------------------+----------------+------------+-----------------+------------------+----------------+
| ('G53', 0) | G53_0(0.0)      | G53_0(1.0)     | G53_0(0.0)       | G53_0(1.0)     | G53_0(0.0) | G53_0(1.0)      | G53_0(0.0)       | G53_0(1.0)     |
+------------+-----------------+----------------+------------------+----------------+------------+-----------------+------------------+----------------+
| G33(0.0)   | 0.0862068965517 | 0.525477707006 | 0.00700280112045 | 0.243119266055 | 0.5        | 0.961855670103  | 0.00877192982456 | 0.441463414634 |
+------------+-----------------+----------------+------------------+----------------+------------+-----------------+------------------+----------------+
| G33(1.0)   | 0.913793103448  | 0.474522292994 | 0.99299719888    | 0.756880733945 | 0.5        | 0.0381443298969 | 0.991228070175   | 0.558536585366 |
+------------+-----------------+----------------+------------------+----------------+------------+-----------------+------------------+----------------+
+------------+----------------+-----------------+------------------+----------------+
| ('G29', 0) | G29_0(0.0)     | G29_0(0.0)      | G29_0(1.0)       | G29_0(1.0)     |
+------------+----------------+-----------------+------------------+----------------+
| ('G32', 0) | G32_0(0.0)     | G32_0(1.0)      | G32_0(0.0)       | G32_0(1.0)     |
+------------+----------------+-----------------+------------------+----------------+
| G32(0.0)   | 0.448051948052 | 0.0100401606426 | 0.994279176201   | 0.801886792453 |
+------------+----------------+-----------------+------------------+----------------+
| G32(1.0)   | 0.551948051948 | 0.989959839357  | 0.00572082379863 | 0.198113207547 |
+------------+----------------+-----------------+------------------+----------------+
+------------+----------------+------------------+
| ('G81', 1) | G81_1(0.0)     | G81_1(1.0)       |
+------------+----------------+------------------+
| G35(0.0)   | 0.833333333333 | 0.99343832021    |
+------------+----------------+------------------+
| G35(1.0)   | 0.166666666667 | 0.00656167979003 |
+------------+----------------+------------------+
+------------+-----------------+----------------+-----------------+-----------------+
| ('G13', 1) | G13_1(0.0)      | G13_1(0.0)     | G13_1(1.0)      | G13_1(1.0)      |
+------------+-----------------+----------------+-----------------+-----------------+
| ('G34', 0) | G34_0(0.0)      | G34_0(1.0)     | G34_0(0.0)      | G34_0(1.0)      |
+------------+-----------------+----------------+-----------------+-----------------+
| G34(0.0)   | 0.918604651163  | 0.852941176471 | 0.973779385172  | 0.0897435897436 |
+------------+-----------------+----------------+-----------------+-----------------+
| G34(1.0)   | 0.0813953488372 | 0.147058823529 | 0.0262206148282 | 0.910256410256  |
+------------+-----------------+----------------+-----------------+-----------------+
+------------+-----------------+----------------+---------------+-----------------+
| ('G33', 0) | G33_0(0.0)      | G33_0(0.0)     | G33_0(1.0)    | G33_0(1.0)      |
+------------+-----------------+----------------+---------------+-----------------+
| ('G37', 0) | G37_0(0.0)      | G37_0(1.0)     | G37_0(0.0)    | G37_0(1.0)      |
+------------+-----------------+----------------+---------------+-----------------+
| G37(0.0)   | 0.973895582329  | 0.432584269663 | 0.62389380531 | 0.0287671232877 |
+------------+-----------------+----------------+---------------+-----------------+
| G37(1.0)   | 0.0261044176707 | 0.567415730337 | 0.37610619469 | 0.971232876712  |
+------------+-----------------+----------------+---------------+-----------------+
+------------+---------------+----------------+----------------+------------------+
| ('G25', 0) | G25_0(0.0)    | G25_0(0.0)     | G25_0(1.0)     | G25_0(1.0)       |
+------------+---------------+----------------+----------------+------------------+
| ('G37', 0) | G37_0(0.0)    | G37_0(1.0)     | G37_0(0.0)     | G37_0(1.0)       |
+------------+---------------+----------------+----------------+------------------+
| G36(0.0)   | 0.89175257732 | 0.963768115942 | 0.311320754717 | 0.993506493506   |
+------------+---------------+----------------+----------------+------------------+
| G36(1.0)   | 0.10824742268 | 0.036231884058 | 0.688679245283 | 0.00649350649351 |
+------------+---------------+----------------+----------------+------------------+
+------------+-----------------+----------------+----------------+-----------------+
| ('G41', 0) | G41_0(0.0)      | G41_0(0.0)     | G41_0(1.0)     | G41_0(1.0)      |
+------------+-----------------+----------------+----------------+-----------------+
| ('G46', 1) | G46_1(0.0)      | G46_1(1.0)     | G46_1(0.0)     | G46_1(1.0)      |
+------------+-----------------+----------------+----------------+-----------------+
| G39(0.0)   | 0.961538461538  | 0.451219512195 | 0.631147540984 | 0.0223420647149 |
+------------+-----------------+----------------+----------------+-----------------+
| G39(1.0)   | 0.0384615384615 | 0.548780487805 | 0.368852459016 | 0.977657935285  |
+------------+-----------------+----------------+----------------+-----------------+
+------------+-----------------+----------------+----------------+----------------+
| ('G38', 0) | G38_0(0.0)      | G38_0(0.0)     | G38_0(1.0)     | G38_0(1.0)     |
+------------+-----------------+----------------+----------------+----------------+
| ('G48', 1) | G48_1(0.0)      | G48_1(1.0)     | G48_1(0.0)     | G48_1(1.0)     |
+------------+-----------------+----------------+----------------+----------------+
| G38(0.0)   | 0.982529118136  | 0.192307692308 | 0.139097744361 | 0.036231884058 |
+------------+-----------------+----------------+----------------+----------------+
| G38(1.0)   | 0.0174708818636 | 0.807692307692 | 0.860902255639 | 0.963768115942 |
+------------+-----------------+----------------+----------------+----------------+
+------------+----------------+----------------+----------------+----------------+
| ('G45', 1) | G45_1(0.0)     | G45_1(0.0)     | G45_1(1.0)     | G45_1(1.0)     |
+------------+----------------+----------------+----------------+----------------+
| ('G68', 0) | G68_0(0.0)     | G68_0(1.0)     | G68_0(0.0)     | G68_0(1.0)     |
+------------+----------------+----------------+----------------+----------------+
| G84(0.0)   | 0.657303370787 | 0.285407725322 | 0.301104972376 | 0.148562300319 |
+------------+----------------+----------------+----------------+----------------+
| G84(1.0)   | 0.342696629213 | 0.714592274678 | 0.698895027624 | 0.851437699681 |
+------------+----------------+----------------+----------------+----------------+
+------------+----------------+-----------------+-----------------+----------------+
| ('G73', 1) | G73_1(0.0)     | G73_1(0.0)      | G73_1(1.0)      | G73_1(1.0)     |
+------------+----------------+-----------------+-----------------+----------------+
| ('G85', 0) | G85_0(0.0)     | G85_0(1.0)      | G85_0(0.0)      | G85_0(1.0)     |
+------------+----------------+-----------------+-----------------+----------------+
| G85(0.0)   | 0.277777777778 | 0.0609756097561 | 0.990398818316  | 0.162921348315 |
+------------+----------------+-----------------+-----------------+----------------+
| G85(1.0)   | 0.722222222222 | 0.939024390244  | 0.0096011816839 | 0.837078651685 |
+------------+----------------+-----------------+-----------------+----------------+
+------------+------------+-----------------+-----------------+----------------+
| ('G54', 0) | G54_0(0.0) | G54_0(0.0)      | G54_0(1.0)      | G54_0(1.0)     |
+------------+------------+-----------------+-----------------+----------------+
| ('G86', 0) | G86_0(0.0) | G86_0(1.0)      | G86_0(0.0)      | G86_0(1.0)     |
+------------+------------+-----------------+-----------------+----------------+
| G86(0.0)   | 0.5        | 0.0280898876404 | 0.934108527132  | 0.551948051948 |
+------------+------------+-----------------+-----------------+----------------+
| G86(1.0)   | 0.5        | 0.97191011236   | 0.0658914728682 | 0.448051948052 |
+------------+------------+-----------------+-----------------+----------------+
+------------+----------------+----------------+----------------+-----------------+
| ('G6', 1)  | G6_1(0.0)      | G6_1(0.0)      | G6_1(1.0)      | G6_1(1.0)       |
+------------+----------------+----------------+----------------+-----------------+
| ('G87', 0) | G87_0(0.0)     | G87_0(1.0)     | G87_0(0.0)     | G87_0(1.0)      |
+------------+----------------+----------------+----------------+-----------------+
| G87(0.0)   | 0.800884955752 | 0.189440993789 | 0.158536585366 | 0.0528942115768 |
+------------+----------------+----------------+----------------+-----------------+
| G87(1.0)   | 0.199115044248 | 0.810559006211 | 0.841463414634 | 0.947105788423  |
+------------+----------------+----------------+----------------+-----------------+
+------------+---------------+----------------+-----------------+---------------+
| ('G20', 1) | G20_1(0.0)    | G20_1(0.0)     | G20_1(1.0)      | G20_1(1.0)    |
+------------+---------------+----------------+-----------------+---------------+
| ('G91', 0) | G91_0(0.0)    | G91_0(1.0)     | G91_0(0.0)      | G91_0(1.0)    |
+------------+---------------+----------------+-----------------+---------------+
| G80(0.0)   | 0.45041322314 | 0.749158249158 | 0.0213675213675 | 0.67793594306 |
+------------+---------------+----------------+-----------------+---------------+
| G80(1.0)   | 0.54958677686 | 0.250841750842 | 0.978632478632  | 0.32206405694 |
+------------+---------------+----------------+-----------------+---------------+
+------------+-----------------+----------------+------------------+-----------------+
| ('G11', 1) | G11_1(0.0)      | G11_1(0.0)     | G11_1(1.0)       | G11_1(1.0)      |
+------------+-----------------+----------------+------------------+-----------------+
| ('G85', 0) | G85_0(0.0)      | G85_0(1.0)     | G85_0(0.0)       | G85_0(1.0)      |
+------------+-----------------+----------------+------------------+-----------------+
| G81(0.0)   | 0.0596330275229 | 0.653846153846 | 0.00433275563258 | 0.0384615384615 |
+------------+-----------------+----------------+------------------+-----------------+
| G81(1.0)   | 0.940366972477  | 0.346153846154 | 0.995667244367   | 0.961538461538  |
+------------+-----------------+----------------+------------------+-----------------+
+----------+-----------+
| G82(0.0) | 0.982843  |
+----------+-----------+
| G82(1.0) | 0.0171569 |
+----------+-----------+
+------------+-----------------+----------------+------------+------------------+
| ('G1', 1)  | G1_1(0.0)       | G1_1(0.0)      | G1_1(1.0)  | G1_1(1.0)        |
+------------+-----------------+----------------+------------+------------------+
| ('G83', 0) | G83_0(0.0)      | G83_0(1.0)     | G83_0(0.0) | G83_0(1.0)       |
+------------+-----------------+----------------+------------+------------------+
| G83(0.0)   | 0.944444444444  | 0.124161073826 | 0.852      | 0.00503018108652 |
+------------+-----------------+----------------+------------+------------------+
| G83(1.0)   | 0.0555555555556 | 0.875838926174 | 0.148      | 0.994969818913   |
+------------+-----------------+----------------+------------+------------------+
+------------+-----------------+----------------+------------------+-----------------+----------------+-----------------+---------------+------------+
| ('G36', 0) | G36_0(0.0)      | G36_0(0.0)     | G36_0(0.0)       | G36_0(0.0)      | G36_0(1.0)     | G36_0(1.0)      | G36_0(1.0)    | G36_0(1.0) |
+------------+-----------------+----------------+------------------+-----------------+----------------+-----------------+---------------+------------+
| ('G88', 0) | G88_0(0.0)      | G88_0(0.0)     | G88_0(1.0)       | G88_0(1.0)      | G88_0(0.0)     | G88_0(0.0)      | G88_0(1.0)    | G88_0(1.0) |
+------------+-----------------+----------------+------------------+-----------------+----------------+-----------------+---------------+------------+
| ('G90', 1) | G90_1(0.0)      | G90_1(1.0)     | G90_1(0.0)       | G90_1(1.0)      | G90_1(0.0)     | G90_1(1.0)      | G90_1(0.0)    | G90_1(1.0) |
+------------+-----------------+----------------+------------------+-----------------+----------------+-----------------+---------------+------------+
| G88(0.0)   | 0.0862068965517 | 0.827868852459 | 0.00298685782557 | 0.0339805825243 | 0.198113207547 | 0.967532467532  | 0.20612244898 | 0.5        |
+------------+-----------------+----------------+------------------+-----------------+----------------+-----------------+---------------+------------+
| G88(1.0)   | 0.913793103448  | 0.172131147541 | 0.997013142174   | 0.966019417476  | 0.801886792453 | 0.0324675324675 | 0.79387755102 | 0.5        |
+------------+-----------------+----------------+------------------+-----------------+----------------+-----------------+---------------+------------+
+------------+-----------------+------------+----------------+----------------+
| ('G6', 0)  | G6_0(0.0)       | G6_0(0.0)  | G6_0(1.0)      | G6_0(1.0)      |
+------------+-----------------+------------+----------------+----------------+
| ('G89', 0) | G89_0(0.0)      | G89_0(1.0) | G89_0(0.0)     | G89_0(1.0)     |
+------------+-----------------+------------+----------------+----------------+
| G89(0.0)   | 0.990118577075  | 0.74       | 0.684971098266 | 0.105479452055 |
+------------+-----------------+------------+----------------+----------------+
| G89(1.0)   | 0.0098814229249 | 0.26       | 0.315028901734 | 0.894520547945 |
+------------+-----------------+------------+----------------+----------------+
[('G42', 'G42'), ('G11', 'G81'), ('G59', 'G59'), ('G1', 'G75'), ('G1', 'G24'), ('G1', 'G83'), ('G67', 'G64'), ('G29', 'G11'), ('G29', 'G92'), ('G29', 'G33'), ('G29', 'G43'), ('G29', 'G30'), ('G29', 'G98'), ('G75', 'G75'), ('G68', 'G53'), ('G68', 'G25'), ('G22', 'G22'), ('G14', 'G14'), ('G95', 'G95'), ('G36', 'G88'), ('G4', 'G45'), ('G4', 'G76'), ('G4', 'G3'), ('G4', 'G70'), ('G49', 'G49'), ('G54', 'G99'), ('G54', 'G11'), ('G54', 'G86'), ('G54', 'G54'), ('G81', 'G35'), ('G65', 'G57'), ('G98', 'G74'), ('G98', 'G95'), ('G77', 'G77'), ('G38', 'G40'), ('G38', 'G41'), ('G38', 'G90'), ('G12', 'G26'), ('G12', 'G67'), ('G12', 'G12'), ('G93', 'G93'), ('G89', 'G1'), ('G79', 'G5'), ('G2', 'G2'), ('G46', 'G46'), ('G86', 'G100'), ('G86', 'G86'), ('G96', 'G22'), ('G96', 'G13'), ('G88', 'G96'), ('G43', 'G60'), ('G91', 'G91'), ('G91', 'G80'), ('G31', 'G31'), ('G24', 'G6'), ('G53', 'G100'), ('G53', 'G21'), ('G53', 'G33'), ('G53', 'G68'), ('G53', 'G52'), ('G69', 'G69'), ('G23', 'G73'), ('G62', 'G62'), ('G73', 'G17'), ('G73', 'G73'), ('G73', 'G65'), ('G45', 'G84'), ('G29', 'G32'), ('G29', 'G29'), ('G75', 'G48'), ('G75', 'G23'), ('G75', 'G20'), ('G75', 'G69'), ('G75', 'G52'), ('G33', 'G37'), ('G33', 'G33'), ('G9', 'G9'), ('G92', 'G42'), ('G22', 'G62'), ('G22', 'G56'), ('G95', 'G97'), ('G51', 'G14'), ('G51', 'G51'), ('G27', 'G19'), ('G98', 'G98'), ('G35', 'G7'), ('G38', 'G48'), ('G38', 'G11'), ('G38', 'G38'), ('G41', 'G39'), ('G41', 'G41'), ('G41', 'G77'), ('G93', 'G74'), ('G89', 'G89'), ('G57', 'G57'), ('G13', 'G34'), ('G13', 'G49'), ('G13', 'G51'), ('G46', 'G39'), ('G30', 'G58'), ('G25', 'G36'), ('G15', 'G50'), ('G96', 'G96'), ('G37', 'G37'), ('G37', 'G36'), ('G5', 'G5'), ('G72', 'G55'), ('G43', 'G43'), ('G91', 'G4'), ('G55', 'G40'), ('G55', 'G56'), ('G55', 'G55'), ('G55', 'G27'), ('G8', 'G2'), ('G53', 'G30'), ('G18', 'G18'), ('G23', 'G23'), ('G13', 'G31'), ('G13', 'G76'), ('G13', 'G13'), ('G73', 'G85'), ('G73', 'G65'), ('G50', 'G9'), ('G50', 'G72'), ('G85', 'G81'), ('G85', 'G85'), ('G85', 'G21'), ('G83', 'G53'), ('G83', 'G9'), ('G33', 'G15'), ('G9', 'G15'), ('G9', 'G54'), ('G90', 'G91'), ('G90', 'G88'), ('G90', 'G18'), ('G34', 'G16'), ('G6', 'G87'), ('G92', 'G92'), ('G56', 'G58'), ('G1', 'G1'), ('G1', 'G4'), ('G1', 'G20'), ('G67', 'G66'), ('G67', 'G10'), ('G87', 'G87'), ('G66', 'G60'), ('G20', 'G70'), ('G20', 'G80'), ('G20', 'G29'), ('G20', 'G79'), ('G20', 'G8'), ('G68', 'G84'), ('G68', 'G68'), ('G90', 'G90'), ('G28', 'G28'), ('G54', 'G10'), ('G12', 'G67'), ('G72', 'G72'), ('G79', 'G79'), ('G48', 'G50'), ('G48', 'G38'), ('G48', 'G47'), ('G64', 'G63'), ('G26', 'G26'), ('G26', 'G28'), ('G99', 'G48'), ('G99', 'G30'), ('G32', 'G53'), ('G32', 'G12'), ('G32', 'G19'), ('G32', 'G32'), ('G39', 'G46'), ('G8', 'G8'), ('G41', 'G59'), ('G40', 'G40'), ('G40', 'G62'), ('G83', 'G83'), ('G88', 'G88'), ('G10', 'G99'), ('G24', 'G25'), ('G24', 'G24'), ('G16', 'G16'), ('G97', 'G97'), ('G97', 'G93'), ('G34', 'G34'), ('G6', 'G89'), ('G6', 'G6'), ('G6', 'G27')]
