[('YAL040C', 'YER111C'), ('YAL040C', 'YDL056W'), ('YLR079W', 'YDR146C'), ('YGL116W', 'YPR120C'), ('YGR108W', 'YAL040C'), ('YER111C', 'YMR043W'), ('YER111C', 'YMR199W'), ('YPR120C', 'YLR079W'), ('YPR120C', 'YGL003C'), ('YGL003C', 'YGR108W')]
+------------+------------+
| YGR108W    | YGR108W(0) |
+------------+------------+
| YAL040C(0) | 1.0        |
+------------+------------+
+------------+------------+
| YPR120C    | YPR120C(0) |
+------------+------------+
| YLR079W(1) | 1.0        |
+------------+------------+
+------------+------------+
| YER111C    | YER111C(0) |
+------------+------------+
| YMR199W(1) | 1.0        |
+------------+------------+
+------------+------------+
| YAL040C    | YAL040C(0) |
+------------+------------+
| YDL056W(1) | 1.0        |
+------------+------------+
+------------+---+
| YGL116W(0) | 1 |
+------------+---+
+------------+------------+
| YER111C    | YER111C(0) |
+------------+------------+
| YMR043W(0) | 1.0        |
+------------+------------+
+------------+------------+
| YLR079W    | YLR079W(1) |
+------------+------------+
| YDR146C(0) | 1.0        |
+------------+------------+
+------------+------------+
| YGL003C    | YGL003C(1) |
+------------+------------+
| YGR108W(0) | 1.0        |
+------------+------------+
+------------+------------+
| YAL040C    | YAL040C(0) |
+------------+------------+
| YER111C(0) | 1.0        |
+------------+------------+
+------------+------------+
| YGL116W    | YGL116W(0) |
+------------+------------+
| YPR120C(0) | 1.0        |
+------------+------------+
+------------+------------+
| YPR120C    | YPR120C(0) |
+------------+------------+
| YGL003C(1) | 1.0        |
+------------+------------+
[(('YLR079W', 0), ('YAL040C', 1)), (('YER111C', 0), ('YLR079W', 1)), (('YGR108W', 1), ('YDL056W', 1)), (('YPR120C', 0), ('YLR079W', 1)), (('YGL116W', 0), ('YER111C', 1)), (('YGR108W', 0), ('YDR146C', 1)), (('YGR108W', 0), ('YGR108W', 1)), (('YPR120C', 1), ('YMR043W', 1)), (('YPR120C', 1), ('YDL056W', 1)), (('YGL116W', 1), ('YPR120C', 1)), (('YLR079W', 1), ('YMR199W', 1)), (('YLR079W', 1), ('YPR120C', 1)), (('YDL056W', 0), ('YGR108W', 1)), (('YDL056W', 0), ('YAL040C', 1)), (('YMR199W', 0), ('YGL003C', 1)), (('YMR199W', 0), ('YER111C', 1)), (('YDR146C', 1), ('YGL116W', 1))]
+----------------+----------------+----------------+--------------+----------------+
| ('YDL056W', 0) | YDL056W_0(0)   | YDL056W_0(0)   | YDL056W_0(1) | YDL056W_0(1)   |
+----------------+----------------+----------------+--------------+----------------+
| ('YLR079W', 0) | YLR079W_0(0)   | YLR079W_0(1)   | YLR079W_0(0) | YLR079W_0(1)   |
+----------------+----------------+----------------+--------------+----------------+
| YAL040C(0)     | 0.192307692308 | 0.147058823529 | 0.9          | 0.192307692308 |
+----------------+----------------+----------------+--------------+----------------+
| YAL040C(1)     | 0.807692307692 | 0.852941176471 | 0.1          | 0.807692307692 |
+----------------+----------------+----------------+--------------+----------------+
+----------------+----------------+----------------+----------------+--------------+
| ('YER111C', 0) | YER111C_0(0)   | YER111C_0(0)   | YER111C_0(1)   | YER111C_0(1) |
+----------------+----------------+----------------+----------------+--------------+
| ('YPR120C', 0) | YPR120C_0(0)   | YPR120C_0(1)   | YPR120C_0(0)   | YPR120C_0(1) |
+----------------+----------------+----------------+----------------+--------------+
| YLR079W(0)     | 0.309523809524 | 0.277777777778 | 0.192307692308 | 0.9          |
+----------------+----------------+----------------+----------------+--------------+
| YLR079W(1)     | 0.690476190476 | 0.722222222222 | 0.807692307692 | 0.1          |
+----------------+----------------+----------------+----------------+--------------+
+----------------+----------------+----------------+
| ('YMR199W', 0) | YMR199W_0(0)   | YMR199W_0(1)   |
+----------------+----------------+----------------+
| YGL003C(0)     | 0.772727272727 | 0.369565217391 |
+----------------+----------------+----------------+
| YGL003C(1)     | 0.227272727273 | 0.630434782609 |
+----------------+----------------+----------------+
+----------------+----------------+--------------+--------------+----------------+
| ('YGR108W', 1) | YGR108W_1(0)   | YGR108W_1(0) | YGR108W_1(1) | YGR108W_1(1)   |
+----------------+----------------+--------------+--------------+----------------+
| ('YPR120C', 1) | YPR120C_1(0)   | YPR120C_1(1) | YPR120C_1(0) | YPR120C_1(1)   |
+----------------+----------------+--------------+--------------+----------------+
| YDL056W(0)     | 0.277777777778 | 0.5          | 0.9          | 0.119047619048 |
+----------------+----------------+--------------+--------------+----------------+
| YDL056W(1)     | 0.722222222222 | 0.5          | 0.1          | 0.880952380952 |
+----------------+----------------+--------------+--------------+----------------+
+----------------+----------------+----------------+
| ('YDR146C', 1) | YDR146C_1(0)   | YDR146C_1(1)   |
+----------------+----------------+----------------+
| YGL116W(0)     | 0.772727272727 | 0.195652173913 |
+----------------+----------------+----------------+
| YGL116W(1)     | 0.227272727273 | 0.804347826087 |
+----------------+----------------+----------------+
+----------------+----------------+----------------+
| ('YPR120C', 1) | YPR120C_1(0)   | YPR120C_1(1)   |
+----------------+----------------+----------------+
| YMR043W(0)     | 0.617647058824 | 0.147058823529 |
+----------------+----------------+----------------+
| YMR043W(1)     | 0.382352941176 | 0.852941176471 |
+----------------+----------------+----------------+
+----------------+----------------+----------------+
| ('YGR108W', 0) | YGR108W_0(0)   | YGR108W_0(1)   |
+----------------+----------------+----------------+
| YDR146C(0)     | 0.653846153846 | 0.119047619048 |
+----------------+----------------+----------------+
| YDR146C(1)     | 0.346153846154 | 0.880952380952 |
+----------------+----------------+----------------+
+----------------+----------------+----------------+----------------+----------------+
| ('YDL056W', 0) | YDL056W_0(0)   | YDL056W_0(0)   | YDL056W_0(1)   | YDL056W_0(1)   |
+----------------+----------------+----------------+----------------+----------------+
| ('YGR108W', 0) | YGR108W_0(0)   | YGR108W_0(1)   | YGR108W_0(0)   | YGR108W_0(1)   |
+----------------+----------------+----------------+----------------+----------------+
| YGR108W(0)     | 0.277777777778 | 0.119047619048 | 0.852941176471 | 0.119047619048 |
+----------------+----------------+----------------+----------------+----------------+
| YGR108W(1)     | 0.722222222222 | 0.880952380952 | 0.147058823529 | 0.880952380952 |
+----------------+----------------+----------------+----------------+----------------+
+----------------+----------------+----------------+----------------+--------------+
| ('YGL116W', 0) | YGL116W_0(0)   | YGL116W_0(0)   | YGL116W_0(1)   | YGL116W_0(1) |
+----------------+----------------+----------------+----------------+--------------+
| ('YMR199W', 0) | YMR199W_0(0)   | YMR199W_0(1)   | YMR199W_0(0)   | YMR199W_0(1) |
+----------------+----------------+----------------+----------------+--------------+
| YER111C(0)     | 0.277777777778 | 0.119047619048 | 0.192307692308 | 0.9          |
+----------------+----------------+----------------+----------------+--------------+
| YER111C(1)     | 0.722222222222 | 0.880952380952 | 0.807692307692 | 0.1          |
+----------------+----------------+----------------+----------------+--------------+
+----------------+----------------+----------------+----------------+--------------+
| ('YGL116W', 1) | YGL116W_1(0)   | YGL116W_1(0)   | YGL116W_1(1)   | YGL116W_1(1) |
+----------------+----------------+----------------+----------------+--------------+
| ('YLR079W', 1) | YLR079W_1(0)   | YLR079W_1(1)   | YLR079W_1(0)   | YLR079W_1(1) |
+----------------+----------------+----------------+----------------+--------------+
| YPR120C(0)     | 0.147058823529 | 0.277777777778 | 0.382352941176 | 0.9          |
+----------------+----------------+----------------+----------------+--------------+
| YPR120C(1)     | 0.852941176471 | 0.722222222222 | 0.617647058824 | 0.1          |
+----------------+----------------+----------------+----------------+--------------+
+----------------+----------------+----------------+
| ('YLR079W', 1) | YLR079W_1(0)   | YLR079W_1(1)   |
+----------------+----------------+----------------+
| YMR199W(0)     | 0.147058823529 | 0.382352941176 |
+----------------+----------------+----------------+
| YMR199W(1)     | 0.852941176471 | 0.617647058824 |
+----------------+----------------+----------------+
[('YLR079W', 'YAL040C'), ('YER111C', 'YLR079W'), ('YGR108W', 'YDL056W'), ('YPR120C', 'YLR079W'), ('YGL116W', 'YER111C'), ('YGR108W', 'YDR146C'), ('YGR108W', 'YGR108W'), ('YPR120C', 'YMR043W'), ('YPR120C', 'YDL056W'), ('YGL116W', 'YPR120C'), ('YLR079W', 'YMR199W'), ('YLR079W', 'YPR120C'), ('YDL056W', 'YGR108W'), ('YDL056W', 'YAL040C'), ('YMR199W', 'YGL003C'), ('YMR199W', 'YER111C'), ('YDR146C', 'YGL116W')]
