[('YAL040C', 'YGL116W'), ('YAL040C', 'YER111C'), ('YAL040C', 'YMR199W'), ('YAL040C', 'YGL003C'), ('YLR079W', 'YGL116W'), ('YLR079W', 'YER111C'), ('YLR079W', 'YAL040C'), ('YDL056W', 'YAL040C'), ('YDL056W', 'YMR043W'), ('YGL116W', 'YMR199W'), ('YMR043W', 'YGL116W'), ('YDR146C', 'YAL040C'), ('YDR146C', 'YLR079W'), ('YDR146C', 'YGL003C'), ('YDR146C', 'YDL056W'), ('YGR108W', 'YAL040C'), ('YGR108W', 'YGL003C'), ('YGR108W', 'YDR146C'), ('YGR108W', 'YDL056W'), ('YGR108W', 'YMR043W'), ('YER111C', 'YGL003C'), ('YPR120C', 'YGL116W'), ('YPR120C', 'YGR108W'), ('YPR120C', 'YMR043W'), ('YPR120C', 'YDR146C'), ('YPR120C', 'YDL056W')]
+--------------+--------------+--------------+--------------+----------------+--------------+--------------+-----------------+--------------+----------------+-----------------+--------------+--------------+--------------+--------------+--------------+--------------+
| YDL056W      | YDL056W(0.0) | YDL056W(0.0) | YDL056W(0.0) | YDL056W(0.0)   | YDL056W(0.0) | YDL056W(0.0) | YDL056W(0.0)    | YDL056W(0.0) | YDL056W(1.0)   | YDL056W(1.0)    | YDL056W(1.0) | YDL056W(1.0) | YDL056W(1.0) | YDL056W(1.0) | YDL056W(1.0) | YDL056W(1.0) |
+--------------+--------------+--------------+--------------+----------------+--------------+--------------+-----------------+--------------+----------------+-----------------+--------------+--------------+--------------+--------------+--------------+--------------+
| YDR146C      | YDR146C(0.0) | YDR146C(0.0) | YDR146C(0.0) | YDR146C(0.0)   | YDR146C(1.0) | YDR146C(1.0) | YDR146C(1.0)    | YDR146C(1.0) | YDR146C(0.0)   | YDR146C(0.0)    | YDR146C(0.0) | YDR146C(0.0) | YDR146C(1.0) | YDR146C(1.0) | YDR146C(1.0) | YDR146C(1.0) |
+--------------+--------------+--------------+--------------+----------------+--------------+--------------+-----------------+--------------+----------------+-----------------+--------------+--------------+--------------+--------------+--------------+--------------+
| YGR108W      | YGR108W(0.0) | YGR108W(0.0) | YGR108W(1.0) | YGR108W(1.0)   | YGR108W(0.0) | YGR108W(0.0) | YGR108W(1.0)    | YGR108W(1.0) | YGR108W(0.0)   | YGR108W(0.0)    | YGR108W(1.0) | YGR108W(1.0) | YGR108W(0.0) | YGR108W(0.0) | YGR108W(1.0) | YGR108W(1.0) |
+--------------+--------------+--------------+--------------+----------------+--------------+--------------+-----------------+--------------+----------------+-----------------+--------------+--------------+--------------+--------------+--------------+--------------+
| YLR079W      | YLR079W(0.0) | YLR079W(1.0) | YLR079W(0.0) | YLR079W(1.0)   | YLR079W(0.0) | YLR079W(1.0) | YLR079W(0.0)    | YLR079W(1.0) | YLR079W(0.0)   | YLR079W(1.0)    | YLR079W(0.0) | YLR079W(1.0) | YLR079W(0.0) | YLR079W(1.0) | YLR079W(0.0) | YLR079W(1.0) |
+--------------+--------------+--------------+--------------+----------------+--------------+--------------+-----------------+--------------+----------------+-----------------+--------------+--------------+--------------+--------------+--------------+--------------+
| YAL040C(0.0) | 0.5          | 0.5          | 0.5          | 0.119047619048 | 0.5          | 0.5          | 0.0675675675676 | 0.5          | 0.119047619048 | 0.932432432432  | 0.5          | 0.5          | 0.5          | 0.5          | 0.5          | 0.5          |
+--------------+--------------+--------------+--------------+----------------+--------------+--------------+-----------------+--------------+----------------+-----------------+--------------+--------------+--------------+--------------+--------------+--------------+
| YAL040C(1.0) | 0.5          | 0.5          | 0.5          | 0.880952380952 | 0.5          | 0.5          | 0.932432432432  | 0.5          | 0.880952380952 | 0.0675675675676 | 0.5          | 0.5          | 0.5          | 0.5          | 0.5          | 0.5          |
+--------------+--------------+--------------+--------------+----------------+--------------+--------------+-----------------+--------------+----------------+-----------------+--------------+--------------+--------------+--------------+--------------+--------------+
+--------------+----------------+----------------+
| YDR146C      | YDR146C(0.0)   | YDR146C(1.0)   |
+--------------+----------------+----------------+
| YLR079W(0.0) | 0.346153846154 | 0.722222222222 |
+--------------+----------------+----------------+
| YLR079W(1.0) | 0.653846153846 | 0.277777777778 |
+--------------+----------------+----------------+
+--------------+----------------+--------------+----------------+----------------+
| YAL040C      | YAL040C(0.0)   | YAL040C(0.0) | YAL040C(1.0)   | YAL040C(1.0)   |
+--------------+----------------+--------------+----------------+----------------+
| YGL116W      | YGL116W(0.0)   | YGL116W(1.0) | YGL116W(0.0)   | YGL116W(1.0)   |
+--------------+----------------+--------------+----------------+----------------+
| YMR199W(0.0) | 0.192307692308 | 0.5          | 0.277777777778 | 0.852941176471 |
+--------------+----------------+--------------+----------------+----------------+
| YMR199W(1.0) | 0.807692307692 | 0.5          | 0.722222222222 | 0.147058823529 |
+--------------+----------------+--------------+----------------+----------------+
+--------------+-----------------+--------------+--------------+----------------+--------------+--------------+----------------+----------------+
| YDR146C      | YDR146C(0.0)    | YDR146C(0.0) | YDR146C(0.0) | YDR146C(0.0)   | YDR146C(1.0) | YDR146C(1.0) | YDR146C(1.0)   | YDR146C(1.0)   |
+--------------+-----------------+--------------+--------------+----------------+--------------+--------------+----------------+----------------+
| YGR108W      | YGR108W(0.0)    | YGR108W(0.0) | YGR108W(1.0) | YGR108W(1.0)   | YGR108W(0.0) | YGR108W(0.0) | YGR108W(1.0)   | YGR108W(1.0)   |
+--------------+-----------------+--------------+--------------+----------------+--------------+--------------+----------------+----------------+
| YPR120C      | YPR120C(0.0)    | YPR120C(1.0) | YPR120C(0.0) | YPR120C(1.0)   | YPR120C(0.0) | YPR120C(1.0) | YPR120C(0.0)   | YPR120C(1.0)   |
+--------------+-----------------+--------------+--------------+----------------+--------------+--------------+----------------+----------------+
| YDL056W(0.0) | 0.0862068965517 | 0.5          | 0.5          | 0.807692307692 | 0.5          | 0.5          | 0.807692307692 | 0.807692307692 |
+--------------+-----------------+--------------+--------------+----------------+--------------+--------------+----------------+----------------+
| YDL056W(1.0) | 0.913793103448  | 0.5          | 0.5          | 0.192307692308 | 0.5          | 0.5          | 0.192307692308 | 0.192307692308 |
+--------------+-----------------+--------------+--------------+----------------+--------------+--------------+----------------+----------------+
+--------------+--------------+--------------+--------------+--------------+-----------------+--------------+--------------+--------------+-----------------+--------------+--------------+----------------+--------------+--------------+--------------+----------------+
| YAL040C      | YAL040C(0.0) | YAL040C(0.0) | YAL040C(0.0) | YAL040C(0.0) | YAL040C(0.0)    | YAL040C(0.0) | YAL040C(0.0) | YAL040C(0.0) | YAL040C(1.0)    | YAL040C(1.0) | YAL040C(1.0) | YAL040C(1.0)   | YAL040C(1.0) | YAL040C(1.0) | YAL040C(1.0) | YAL040C(1.0)   |
+--------------+--------------+--------------+--------------+--------------+-----------------+--------------+--------------+--------------+-----------------+--------------+--------------+----------------+--------------+--------------+--------------+----------------+
| YLR079W      | YLR079W(0.0) | YLR079W(0.0) | YLR079W(0.0) | YLR079W(0.0) | YLR079W(1.0)    | YLR079W(1.0) | YLR079W(1.0) | YLR079W(1.0) | YLR079W(0.0)    | YLR079W(0.0) | YLR079W(0.0) | YLR079W(0.0)   | YLR079W(1.0) | YLR079W(1.0) | YLR079W(1.0) | YLR079W(1.0)   |
+--------------+--------------+--------------+--------------+--------------+-----------------+--------------+--------------+--------------+-----------------+--------------+--------------+----------------+--------------+--------------+--------------+----------------+
| YMR043W      | YMR043W(0.0) | YMR043W(0.0) | YMR043W(1.0) | YMR043W(1.0) | YMR043W(0.0)    | YMR043W(0.0) | YMR043W(1.0) | YMR043W(1.0) | YMR043W(0.0)    | YMR043W(0.0) | YMR043W(1.0) | YMR043W(1.0)   | YMR043W(0.0) | YMR043W(0.0) | YMR043W(1.0) | YMR043W(1.0)   |
+--------------+--------------+--------------+--------------+--------------+-----------------+--------------+--------------+--------------+-----------------+--------------+--------------+----------------+--------------+--------------+--------------+----------------+
| YPR120C      | YPR120C(0.0) | YPR120C(1.0) | YPR120C(0.0) | YPR120C(1.0) | YPR120C(0.0)    | YPR120C(1.0) | YPR120C(0.0) | YPR120C(1.0) | YPR120C(0.0)    | YPR120C(1.0) | YPR120C(0.0) | YPR120C(1.0)   | YPR120C(0.0) | YPR120C(1.0) | YPR120C(0.0) | YPR120C(1.0)   |
+--------------+--------------+--------------+--------------+--------------+-----------------+--------------+--------------+--------------+-----------------+--------------+--------------+----------------+--------------+--------------+--------------+----------------+
| YGL116W(0.0) | 0.5          | 0.5          | 0.5          | 0.5          | 0.932432432432  | 0.5          | 0.5          | 0.5          | 0.0675675675676 | 0.5          | 0.5          | 0.880952380952 | 0.5          | 0.5          | 0.5          | 0.119047619048 |
+--------------+--------------+--------------+--------------+--------------+-----------------+--------------+--------------+--------------+-----------------+--------------+--------------+----------------+--------------+--------------+--------------+----------------+
| YGL116W(1.0) | 0.5          | 0.5          | 0.5          | 0.5          | 0.0675675675676 | 0.5          | 0.5          | 0.5          | 0.932432432432  | 0.5          | 0.5          | 0.119047619048 | 0.5          | 0.5          | 0.5          | 0.880952380952 |
+--------------+--------------+--------------+--------------+--------------+-----------------+--------------+--------------+--------------+-----------------+--------------+--------------+----------------+--------------+--------------+--------------+----------------+
+--------------+--------------+--------------+----------------+----------------+-----------------+--------------+--------------+--------------+
| YDL056W      | YDL056W(0.0) | YDL056W(0.0) | YDL056W(0.0)   | YDL056W(0.0)   | YDL056W(1.0)    | YDL056W(1.0) | YDL056W(1.0) | YDL056W(1.0) |
+--------------+--------------+--------------+----------------+----------------+-----------------+--------------+--------------+--------------+
| YGR108W      | YGR108W(0.0) | YGR108W(0.0) | YGR108W(1.0)   | YGR108W(1.0)   | YGR108W(0.0)    | YGR108W(0.0) | YGR108W(1.0) | YGR108W(1.0) |
+--------------+--------------+--------------+----------------+----------------+-----------------+--------------+--------------+--------------+
| YPR120C      | YPR120C(0.0) | YPR120C(1.0) | YPR120C(0.0)   | YPR120C(1.0)   | YPR120C(0.0)    | YPR120C(1.0) | YPR120C(0.0) | YPR120C(1.0) |
+--------------+--------------+--------------+----------------+----------------+-----------------+--------------+--------------+--------------+
| YMR043W(0.0) | 0.5          | 0.5          | 0.807692307692 | 0.119047619048 | 0.913793103448  | 0.5          | 0.5          | 0.5          |
+--------------+--------------+--------------+----------------+----------------+-----------------+--------------+--------------+--------------+
| YMR043W(1.0) | 0.5          | 0.5          | 0.192307692308 | 0.880952380952 | 0.0862068965517 | 0.5          | 0.5          | 0.5          |
+--------------+--------------+--------------+----------------+----------------+-----------------+--------------+--------------+--------------+
+--------------+----------------+--------------+----------------+--------------+
| YGR108W      | YGR108W(0.0)   | YGR108W(0.0) | YGR108W(1.0)   | YGR108W(1.0) |
+--------------+----------------+--------------+----------------+--------------+
| YPR120C      | YPR120C(0.0)   | YPR120C(1.0) | YPR120C(0.0)   | YPR120C(1.0) |
+--------------+----------------+--------------+----------------+--------------+
| YDR146C(0.0) | 0.852941176471 | 0.5          | 0.277777777778 | 0.5          |
+--------------+----------------+--------------+----------------+--------------+
| YDR146C(1.0) | 0.147058823529 | 0.5          | 0.722222222222 | 0.5          |
+--------------+----------------+--------------+----------------+--------------+
+--------------+----------------+----------------+
| YPR120C      | YPR120C(0.0)   | YPR120C(1.0)   |
+--------------+----------------+----------------+
| YGR108W(0.0) | 0.653846153846 | 0.277777777778 |
+--------------+----------------+----------------+
| YGR108W(1.0) | 0.346153846154 | 0.722222222222 |
+--------------+----------------+----------------+
+--------------+--------------+--------------+----------------+----------------+
| YAL040C      | YAL040C(0.0) | YAL040C(0.0) | YAL040C(1.0)   | YAL040C(1.0)   |
+--------------+--------------+--------------+----------------+----------------+
| YLR079W      | YLR079W(0.0) | YLR079W(1.0) | YLR079W(0.0)   | YLR079W(1.0)   |
+--------------+--------------+--------------+----------------+----------------+
| YER111C(0.0) | 0.5          | 0.5          | 0.852941176471 | 0.277777777778 |
+--------------+--------------+--------------+----------------+----------------+
| YER111C(1.0) | 0.5          | 0.5          | 0.147058823529 | 0.722222222222 |
+--------------+--------------+--------------+----------------+----------------+
+--------------+----------+
| YPR120C(0.0) | 0.590909 |
+--------------+----------+
| YPR120C(1.0) | 0.409091 |
+--------------+----------+
+--------------+----------------+--------------+----------------+--------------+--------------+--------------+--------------+--------------+----------------+--------------+--------------+----------------+--------------+-----------------+--------------+--------------+
| YAL040C      | YAL040C(0.0)   | YAL040C(0.0) | YAL040C(0.0)   | YAL040C(0.0) | YAL040C(0.0) | YAL040C(0.0) | YAL040C(0.0) | YAL040C(0.0) | YAL040C(1.0)   | YAL040C(1.0) | YAL040C(1.0) | YAL040C(1.0)   | YAL040C(1.0) | YAL040C(1.0)    | YAL040C(1.0) | YAL040C(1.0) |
+--------------+----------------+--------------+----------------+--------------+--------------+--------------+--------------+--------------+----------------+--------------+--------------+----------------+--------------+-----------------+--------------+--------------+
| YDR146C      | YDR146C(0.0)   | YDR146C(0.0) | YDR146C(0.0)   | YDR146C(0.0) | YDR146C(1.0) | YDR146C(1.0) | YDR146C(1.0) | YDR146C(1.0) | YDR146C(0.0)   | YDR146C(0.0) | YDR146C(0.0) | YDR146C(0.0)   | YDR146C(1.0) | YDR146C(1.0)    | YDR146C(1.0) | YDR146C(1.0) |
+--------------+----------------+--------------+----------------+--------------+--------------+--------------+--------------+--------------+----------------+--------------+--------------+----------------+--------------+-----------------+--------------+--------------+
| YER111C      | YER111C(0.0)   | YER111C(0.0) | YER111C(1.0)   | YER111C(1.0) | YER111C(0.0) | YER111C(0.0) | YER111C(1.0) | YER111C(1.0) | YER111C(0.0)   | YER111C(0.0) | YER111C(1.0) | YER111C(1.0)   | YER111C(0.0) | YER111C(0.0)    | YER111C(1.0) | YER111C(1.0) |
+--------------+----------------+--------------+----------------+--------------+--------------+--------------+--------------+--------------+----------------+--------------+--------------+----------------+--------------+-----------------+--------------+--------------+
| YGR108W      | YGR108W(0.0)   | YGR108W(1.0) | YGR108W(0.0)   | YGR108W(1.0) | YGR108W(0.0) | YGR108W(1.0) | YGR108W(0.0) | YGR108W(1.0) | YGR108W(0.0)   | YGR108W(1.0) | YGR108W(0.0) | YGR108W(1.0)   | YGR108W(0.0) | YGR108W(1.0)    | YGR108W(0.0) | YGR108W(1.0) |
+--------------+----------------+--------------+----------------+--------------+--------------+--------------+--------------+--------------+----------------+--------------+--------------+----------------+--------------+-----------------+--------------+--------------+
| YGL003C(0.0) | 0.119047619048 | 0.5          | 0.880952380952 | 0.5          | 0.5          | 0.5          | 0.5          | 0.5          | 0.119047619048 | 0.5          | 0.5          | 0.119047619048 | 0.5          | 0.932432432432  | 0.5          | 0.5          |
+--------------+----------------+--------------+----------------+--------------+--------------+--------------+--------------+--------------+----------------+--------------+--------------+----------------+--------------+-----------------+--------------+--------------+
| YGL003C(1.0) | 0.880952380952 | 0.5          | 0.119047619048 | 0.5          | 0.5          | 0.5          | 0.5          | 0.5          | 0.880952380952 | 0.5          | 0.5          | 0.880952380952 | 0.5          | 0.0675675675676 | 0.5          | 0.5          |
+--------------+----------------+--------------+----------------+--------------+--------------+--------------+--------------+--------------+----------------+--------------+--------------+----------------+--------------+-----------------+--------------+--------------+
[(('YLR079W', 0), ('YMR199W', 1)), (('YLR079W', 0), ('YDL056W', 1)), (('YLR079W', 0), ('YLR079W', 1)), (('YLR079W', 0), ('YMR043W', 1)), (('YDL056W', 1), ('YGL116W', 1)), (('YDL056W', 1), ('YGR108W', 1)), (('YER111C', 1), ('YGR108W', 1)), (('YAL040C', 0), ('YGL116W', 1)), (('YAL040C', 0), ('YGL003C', 1)), (('YAL040C', 0), ('YDL056W', 1)), (('YAL040C', 0), ('YER111C', 1)), (('YER111C', 0), ('YMR199W', 1)), (('YER111C', 0), ('YPR120C', 1)), (('YER111C', 0), ('YER111C', 1)), (('YGR108W', 1), ('YLR079W', 1)), (('YGR108W', 1), ('YDR146C', 1)), (('YMR043W', 0), ('YAL040C', 1)), (('YPR120C', 0), ('YPR120C', 1)), (('YPR120C', 0), ('YDR146C', 1)), (('YPR120C', 0), ('YAL040C', 1)), (('YGL116W', 0), ('YGL003C', 1)), (('YGR108W', 0), ('YGL116W', 1)), (('YGR108W', 0), ('YGR108W', 1)), (('YGR108W', 0), ('YER111C', 1)), (('YMR199W', 1), ('YGL116W', 1)), (('YMR199W', 1), ('YGL003C', 1)), (('YMR199W', 1), ('YPR120C', 1)), (('YDR146C', 0), ('YDR146C', 1)), (('YPR120C', 1), ('YMR043W', 1)), (('YPR120C', 1), ('YGR108W', 1)), (('YGL116W', 1), ('YPR120C', 1)), (('YDL056W', 0), ('YDL056W', 1)), (('YMR199W', 0), ('YMR199W', 1)), (('YGL003C', 1), ('YLR079W', 1)), (('YDR146C', 1), ('YGL003C', 1))]
+----------------+----------------+----------------+----------------+----------------+
| ('YMR043W', 0) | YMR043W_0(0.0) | YMR043W_0(0.0) | YMR043W_0(1.0) | YMR043W_0(1.0) |
+----------------+----------------+----------------+----------------+----------------+
| ('YPR120C', 0) | YPR120C_0(0.0) | YPR120C_0(1.0) | YPR120C_0(0.0) | YPR120C_0(1.0) |
+----------------+----------------+----------------+----------------+----------------+
| YAL040C(0.0)   | 0.384057971014 | 0.885964912281 | 0.1            | 0.573394495413 |
+----------------+----------------+----------------+----------------+----------------+
| YAL040C(1.0)   | 0.615942028986 | 0.114035087719 | 0.9            | 0.426605504587 |
+----------------+----------------+----------------+----------------+----------------+
+----------------+----------------+-----------------+----------------+----------------+----------------+----------------+----------------+----------------+
| ('YGL003C', 1) | YGL003C_1(0.0) | YGL003C_1(0.0)  | YGL003C_1(0.0) | YGL003C_1(0.0) | YGL003C_1(1.0) | YGL003C_1(1.0) | YGL003C_1(1.0) | YGL003C_1(1.0) |
+----------------+----------------+-----------------+----------------+----------------+----------------+----------------+----------------+----------------+
| ('YGR108W', 1) | YGR108W_1(0.0) | YGR108W_1(0.0)  | YGR108W_1(1.0) | YGR108W_1(1.0) | YGR108W_1(0.0) | YGR108W_1(0.0) | YGR108W_1(1.0) | YGR108W_1(1.0) |
+----------------+----------------+-----------------+----------------+----------------+----------------+----------------+----------------+----------------+
| ('YLR079W', 0) | YLR079W_0(0.0) | YLR079W_0(1.0)  | YLR079W_0(0.0) | YLR079W_0(1.0) | YLR079W_0(0.0) | YLR079W_0(1.0) | YLR079W_0(0.0) | YLR079W_0(1.0) |
+----------------+----------------+-----------------+----------------+----------------+----------------+----------------+----------------+----------------+
| YLR079W(0.0)   | 0.119047619048 | 0.0324675324675 | 0.5            | 0.198113207547 | 0.119047619048 | 0.5            | 0.800578034682 | 0.226495726496 |
+----------------+----------------+-----------------+----------------+----------------+----------------+----------------+----------------+----------------+
| YLR079W(1.0)   | 0.880952380952 | 0.967532467532  | 0.5            | 0.801886792453 | 0.880952380952 | 0.5            | 0.199421965318 | 0.773504273504 |
+----------------+----------------+-----------------+----------------+----------------+----------------+----------------+----------------+----------------+
+----------------+----------------+----------------+----------------+----------------+----------------+----------------+-----------------+----------------+----------------+----------------+----------------+----------------+----------------+-----------------+-----------------+-----------------+
| ('YAL040C', 0) | YAL040C_0(0.0) | YAL040C_0(0.0) | YAL040C_0(0.0) | YAL040C_0(0.0) | YAL040C_0(0.0) | YAL040C_0(0.0) | YAL040C_0(0.0)  | YAL040C_0(0.0) | YAL040C_0(1.0) | YAL040C_0(1.0) | YAL040C_0(1.0) | YAL040C_0(1.0) | YAL040C_0(1.0) | YAL040C_0(1.0)  | YAL040C_0(1.0)  | YAL040C_0(1.0)  |
+----------------+----------------+----------------+----------------+----------------+----------------+----------------+-----------------+----------------+----------------+----------------+----------------+----------------+----------------+-----------------+-----------------+-----------------+
| ('YDR146C', 1) | YDR146C_1(0.0) | YDR146C_1(0.0) | YDR146C_1(0.0) | YDR146C_1(0.0) | YDR146C_1(1.0) | YDR146C_1(1.0) | YDR146C_1(1.0)  | YDR146C_1(1.0) | YDR146C_1(0.0) | YDR146C_1(0.0) | YDR146C_1(0.0) | YDR146C_1(0.0) | YDR146C_1(1.0) | YDR146C_1(1.0)  | YDR146C_1(1.0)  | YDR146C_1(1.0)  |
+----------------+----------------+----------------+----------------+----------------+----------------+----------------+-----------------+----------------+----------------+----------------+----------------+----------------+----------------+-----------------+-----------------+-----------------+
| ('YGL116W', 0) | YGL116W_0(0.0) | YGL116W_0(0.0) | YGL116W_0(1.0) | YGL116W_0(1.0) | YGL116W_0(0.0) | YGL116W_0(0.0) | YGL116W_0(1.0)  | YGL116W_0(1.0) | YGL116W_0(0.0) | YGL116W_0(0.0) | YGL116W_0(1.0) | YGL116W_0(1.0) | YGL116W_0(0.0) | YGL116W_0(0.0)  | YGL116W_0(1.0)  | YGL116W_0(1.0)  |
+----------------+----------------+----------------+----------------+----------------+----------------+----------------+-----------------+----------------+----------------+----------------+----------------+----------------+----------------+-----------------+-----------------+-----------------+
| ('YMR199W', 1) | YMR199W_1(0.0) | YMR199W_1(1.0) | YMR199W_1(0.0) | YMR199W_1(1.0) | YMR199W_1(0.0) | YMR199W_1(1.0) | YMR199W_1(0.0)  | YMR199W_1(1.0) | YMR199W_1(0.0) | YMR199W_1(1.0) | YMR199W_1(0.0) | YMR199W_1(1.0) | YMR199W_1(0.0) | YMR199W_1(1.0)  | YMR199W_1(0.0)  | YMR199W_1(1.0)  |
+----------------+----------------+----------------+----------------+----------------+----------------+----------------+-----------------+----------------+----------------+----------------+----------------+----------------+----------------+-----------------+-----------------+-----------------+
| YGL003C(0.0)   | 0.5            | 0.431623931624 | 0.119047619048 | 0.594117647059 | 0.880952380952 | 0.15811965812  | 0.0213675213675 | 0.341584158416 | 0.5            | 0.62030075188  | 0.119047619048 | 0.036231884058 | 0.217647058824 | 0.0471698113208 | 0.0151515151515 | 0.970588235294  |
+----------------+----------------+----------------+----------------+----------------+----------------+----------------+-----------------+----------------+----------------+----------------+----------------+----------------+----------------+-----------------+-----------------+-----------------+
| YGL003C(1.0)   | 0.5            | 0.568376068376 | 0.880952380952 | 0.405882352941 | 0.119047619048 | 0.84188034188  | 0.978632478632  | 0.658415841584 | 0.5            | 0.37969924812  | 0.880952380952 | 0.963768115942 | 0.782352941176 | 0.952830188679  | 0.984848484848  | 0.0294117647059 |
+----------------+----------------+----------------+----------------+----------------+----------------+----------------+-----------------+----------------+----------------+----------------+----------------+----------------+----------------+-----------------+-----------------+-----------------+
+----------------+----------------+----------------+----------------+-----------------+-----------------+----------------+----------------+----------------+
| ('YAL040C', 0) | YAL040C_0(0.0) | YAL040C_0(0.0) | YAL040C_0(0.0) | YAL040C_0(0.0)  | YAL040C_0(1.0)  | YAL040C_0(1.0) | YAL040C_0(1.0) | YAL040C_0(1.0) |
+----------------+----------------+----------------+----------------+-----------------+-----------------+----------------+----------------+----------------+
| ('YDL056W', 0) | YDL056W_0(0.0) | YDL056W_0(0.0) | YDL056W_0(1.0) | YDL056W_0(1.0)  | YDL056W_0(0.0)  | YDL056W_0(0.0) | YDL056W_0(1.0) | YDL056W_0(1.0) |
+----------------+----------------+----------------+----------------+-----------------+-----------------+----------------+----------------+----------------+
| ('YLR079W', 0) | YLR079W_0(0.0) | YLR079W_0(1.0) | YLR079W_0(0.0) | YLR079W_0(1.0)  | YLR079W_0(0.0)  | YLR079W_0(1.0) | YLR079W_0(0.0) | YLR079W_0(1.0) |
+----------------+----------------+----------------+----------------+-----------------+-----------------+----------------+----------------+----------------+
| YDL056W(0.0)   | 0.119047619048 | 0.565573770492 | 0.284946236559 | 0.0213675213675 | 0.0675675675676 | 0.551948051948 | 0.262376237624 | 0.629032258065 |
+----------------+----------------+----------------+----------------+-----------------+-----------------+----------------+----------------+----------------+
| YDL056W(1.0)   | 0.880952380952 | 0.434426229508 | 0.715053763441 | 0.978632478632  | 0.932432432432  | 0.448051948052 | 0.737623762376 | 0.370967741935 |
+----------------+----------------+----------------+----------------+-----------------+-----------------+----------------+----------------+----------------+
+----------------+----------------+----------------+-----------------+-----------------+----------------+----------------+----------------+----------------+----------------+-----------------+-----------------+----------------+----------------+----------------+-----------------+-----------------+
| ('YAL040C', 0) | YAL040C_0(0.0) | YAL040C_0(0.0) | YAL040C_0(0.0)  | YAL040C_0(0.0)  | YAL040C_0(0.0) | YAL040C_0(0.0) | YAL040C_0(0.0) | YAL040C_0(0.0) | YAL040C_0(1.0) | YAL040C_0(1.0)  | YAL040C_0(1.0)  | YAL040C_0(1.0) | YAL040C_0(1.0) | YAL040C_0(1.0) | YAL040C_0(1.0)  | YAL040C_0(1.0)  |
+----------------+----------------+----------------+-----------------+-----------------+----------------+----------------+----------------+----------------+----------------+-----------------+-----------------+----------------+----------------+----------------+-----------------+-----------------+
| ('YDL056W', 1) | YDL056W_1(0.0) | YDL056W_1(0.0) | YDL056W_1(0.0)  | YDL056W_1(0.0)  | YDL056W_1(1.0) | YDL056W_1(1.0) | YDL056W_1(1.0) | YDL056W_1(1.0) | YDL056W_1(0.0) | YDL056W_1(0.0)  | YDL056W_1(0.0)  | YDL056W_1(0.0) | YDL056W_1(1.0) | YDL056W_1(1.0) | YDL056W_1(1.0)  | YDL056W_1(1.0)  |
+----------------+----------------+----------------+-----------------+-----------------+----------------+----------------+----------------+----------------+----------------+-----------------+-----------------+----------------+----------------+----------------+-----------------+-----------------+
| ('YGR108W', 0) | YGR108W_0(0.0) | YGR108W_0(0.0) | YGR108W_0(1.0)  | YGR108W_0(1.0)  | YGR108W_0(0.0) | YGR108W_0(0.0) | YGR108W_0(1.0) | YGR108W_0(1.0) | YGR108W_0(0.0) | YGR108W_0(0.0)  | YGR108W_0(1.0)  | YGR108W_0(1.0) | YGR108W_0(0.0) | YGR108W_0(0.0) | YGR108W_0(1.0)  | YGR108W_0(1.0)  |
+----------------+----------------+----------------+-----------------+-----------------+----------------+----------------+----------------+----------------+----------------+-----------------+-----------------+----------------+----------------+----------------+-----------------+-----------------+
| ('YMR199W', 1) | YMR199W_1(0.0) | YMR199W_1(1.0) | YMR199W_1(0.0)  | YMR199W_1(1.0)  | YMR199W_1(0.0) | YMR199W_1(1.0) | YMR199W_1(0.0) | YMR199W_1(1.0) | YMR199W_1(0.0) | YMR199W_1(1.0)  | YMR199W_1(0.0)  | YMR199W_1(1.0) | YMR199W_1(0.0) | YMR199W_1(1.0) | YMR199W_1(0.0)  | YMR199W_1(1.0)  |
+----------------+----------------+----------------+-----------------+-----------------+----------------+----------------+----------------+----------------+----------------+-----------------+-----------------+----------------+----------------+----------------+-----------------+-----------------+
| YGL116W(0.0)   | 0.5            | 0.349056603774 | 0.0675675675676 | 0.0675675675676 | 0.119047619048 | 0.860902255639 | 0.5            | 0.418781725888 | 0.119047619048 | 0.970588235294  | 0.0471698113208 | 0.183168316832 | 0.5            | 0.84188034188  | 0.0126903553299 | 0.932432432432  |
+----------------+----------------+----------------+-----------------+-----------------+----------------+----------------+----------------+----------------+----------------+-----------------+-----------------+----------------+----------------+----------------+-----------------+-----------------+
| YGL116W(1.0)   | 0.5            | 0.650943396226 | 0.932432432432  | 0.932432432432  | 0.880952380952 | 0.139097744361 | 0.5            | 0.581218274112 | 0.880952380952 | 0.0294117647059 | 0.952830188679  | 0.816831683168 | 0.5            | 0.15811965812  | 0.98730964467   | 0.0675675675676 |
+----------------+----------------+----------------+-----------------+-----------------+----------------+----------------+----------------+----------------+----------------+-----------------+-----------------+----------------+----------------+----------------+-----------------+-----------------+
+----------------+----------------+----------------+----------------+----------------+
| ('YLR079W', 0) | YLR079W_0(0.0) | YLR079W_0(0.0) | YLR079W_0(1.0) | YLR079W_0(1.0) |
+----------------+----------------+----------------+----------------+----------------+
| ('YPR120C', 1) | YPR120C_1(0.0) | YPR120C_1(1.0) | YPR120C_1(0.0) | YPR120C_1(1.0) |
+----------------+----------------+----------------+----------------+----------------+
| YMR043W(0.0)   | 0.376543209877 | 0.233333333333 | 0.745614035088 | 0.397435897436 |
+----------------+----------------+----------------+----------------+----------------+
| YMR043W(1.0)   | 0.623456790123 | 0.766666666667 | 0.254385964912 | 0.602564102564 |
+----------------+----------------+----------------+----------------+----------------+
+----------------+----------------+-----------------+----------------+----------------+----------------+----------------+----------------+-----------------+
| ('YDR146C', 0) | YDR146C_0(0.0) | YDR146C_0(0.0)  | YDR146C_0(0.0) | YDR146C_0(0.0) | YDR146C_0(1.0) | YDR146C_0(1.0) | YDR146C_0(1.0) | YDR146C_0(1.0)  |
+----------------+----------------+-----------------+----------------+----------------+----------------+----------------+----------------+-----------------+
| ('YGR108W', 1) | YGR108W_1(0.0) | YGR108W_1(0.0)  | YGR108W_1(1.0) | YGR108W_1(1.0) | YGR108W_1(0.0) | YGR108W_1(0.0) | YGR108W_1(1.0) | YGR108W_1(1.0)  |
+----------------+----------------+-----------------+----------------+----------------+----------------+----------------+----------------+-----------------+
| ('YPR120C', 0) | YPR120C_0(0.0) | YPR120C_0(1.0)  | YPR120C_0(0.0) | YPR120C_0(1.0) | YPR120C_0(0.0) | YPR120C_0(1.0) | YPR120C_0(0.0) | YPR120C_0(1.0)  |
+----------------+----------------+-----------------+----------------+----------------+----------------+----------------+----------------+-----------------+
| YDR146C(0.0)   | 0.5            | 0.97311827957   | 0.880952380952 | 0.341584158416 | 0.801886792453 | 0.5            | 0.014450867052 | 0.0294117647059 |
+----------------+----------------+-----------------+----------------+----------------+----------------+----------------+----------------+-----------------+
| YDR146C(1.0)   | 0.5            | 0.0268817204301 | 0.119047619048 | 0.658415841584 | 0.198113207547 | 0.5            | 0.985549132948 | 0.970588235294  |
+----------------+----------------+-----------------+----------------+----------------+----------------+----------------+----------------+-----------------+
+----------------+----------------+----------------+----------------+----------------+----------------+----------------+-----------------+----------------+----------------+----------------+-----------------+-----------------+----------------+----------------+----------------+----------------+
| ('YDL056W', 1) | YDL056W_1(0.0) | YDL056W_1(0.0) | YDL056W_1(0.0) | YDL056W_1(0.0) | YDL056W_1(0.0) | YDL056W_1(0.0) | YDL056W_1(0.0)  | YDL056W_1(0.0) | YDL056W_1(1.0) | YDL056W_1(1.0) | YDL056W_1(1.0)  | YDL056W_1(1.0)  | YDL056W_1(1.0) | YDL056W_1(1.0) | YDL056W_1(1.0) | YDL056W_1(1.0) |
+----------------+----------------+----------------+----------------+----------------+----------------+----------------+-----------------+----------------+----------------+----------------+-----------------+-----------------+----------------+----------------+----------------+----------------+
| ('YER111C', 1) | YER111C_1(0.0) | YER111C_1(0.0) | YER111C_1(0.0) | YER111C_1(0.0) | YER111C_1(1.0) | YER111C_1(1.0) | YER111C_1(1.0)  | YER111C_1(1.0) | YER111C_1(0.0) | YER111C_1(0.0) | YER111C_1(0.0)  | YER111C_1(0.0)  | YER111C_1(1.0) | YER111C_1(1.0) | YER111C_1(1.0) | YER111C_1(1.0) |
+----------------+----------------+----------------+----------------+----------------+----------------+----------------+-----------------+----------------+----------------+----------------+-----------------+-----------------+----------------+----------------+----------------+----------------+
| ('YGR108W', 0) | YGR108W_0(0.0) | YGR108W_0(0.0) | YGR108W_0(1.0) | YGR108W_0(1.0) | YGR108W_0(0.0) | YGR108W_0(0.0) | YGR108W_0(1.0)  | YGR108W_0(1.0) | YGR108W_0(0.0) | YGR108W_0(0.0) | YGR108W_0(1.0)  | YGR108W_0(1.0)  | YGR108W_0(0.0) | YGR108W_0(0.0) | YGR108W_0(1.0) | YGR108W_0(1.0) |
+----------------+----------------+----------------+----------------+----------------+----------------+----------------+-----------------+----------------+----------------+----------------+-----------------+-----------------+----------------+----------------+----------------+----------------+
| ('YPR120C', 1) | YPR120C_1(0.0) | YPR120C_1(1.0) | YPR120C_1(0.0) | YPR120C_1(1.0) | YPR120C_1(0.0) | YPR120C_1(1.0) | YPR120C_1(0.0)  | YPR120C_1(1.0) | YPR120C_1(0.0) | YPR120C_1(1.0) | YPR120C_1(0.0)  | YPR120C_1(1.0)  | YPR120C_1(0.0) | YPR120C_1(1.0) | YPR120C_1(0.0) | YPR120C_1(1.0) |
+----------------+----------------+----------------+----------------+----------------+----------------+----------------+-----------------+----------------+----------------+----------------+-----------------+-----------------+----------------+----------------+----------------+----------------+
| YGR108W(0.0)   | 0.5            | 0.5            | 0.036231884058 | 0.5            | 0.880952380952 | 0.860902255639 | 0.0294117647059 | 0.963768115942 | 0.119047619048 | 0.880952380952 | 0.0126903553299 | 0.0247524752475 | 0.880952380952 | 0.537558685446 | 0.259398496241 | 0.341584158416 |
+----------------+----------------+----------------+----------------+----------------+----------------+----------------+-----------------+----------------+----------------+----------------+-----------------+-----------------+----------------+----------------+----------------+----------------+
| YGR108W(1.0)   | 0.5            | 0.5            | 0.963768115942 | 0.5            | 0.119047619048 | 0.139097744361 | 0.970588235294  | 0.036231884058 | 0.880952380952 | 0.119047619048 | 0.98730964467   | 0.975247524752  | 0.119047619048 | 0.462441314554 | 0.740601503759 | 0.658415841584 |
+----------------+----------------+----------------+----------------+----------------+----------------+----------------+-----------------+----------------+----------------+----------------+-----------------+-----------------+----------------+----------------+----------------+----------------+
+----------------+----------------+----------------+----------------+----------------+----------------+----------------+-----------------+----------------+
| ('YAL040C', 0) | YAL040C_0(0.0) | YAL040C_0(0.0) | YAL040C_0(0.0) | YAL040C_0(0.0) | YAL040C_0(1.0) | YAL040C_0(1.0) | YAL040C_0(1.0)  | YAL040C_0(1.0) |
+----------------+----------------+----------------+----------------+----------------+----------------+----------------+-----------------+----------------+
| ('YER111C', 0) | YER111C_0(0.0) | YER111C_0(0.0) | YER111C_0(1.0) | YER111C_0(1.0) | YER111C_0(0.0) | YER111C_0(0.0) | YER111C_0(1.0)  | YER111C_0(1.0) |
+----------------+----------------+----------------+----------------+----------------+----------------+----------------+-----------------+----------------+
| ('YGR108W', 0) | YGR108W_0(0.0) | YGR108W_0(1.0) | YGR108W_0(0.0) | YGR108W_0(1.0) | YGR108W_0(0.0) | YGR108W_0(1.0) | YGR108W_0(0.0)  | YGR108W_0(1.0) |
+----------------+----------------+----------------+----------------+----------------+----------------+----------------+-----------------+----------------+
| YER111C(0.0)   | 0.5            | 0.655844155844 | 0.10396039604  | 0.610091743119 | 0.807692307692 | 0.532          | 0.0247524752475 | 0.036231884058 |
+----------------+----------------+----------------+----------------+----------------+----------------+----------------+-----------------+----------------+
| YER111C(1.0)   | 0.5            | 0.344155844156 | 0.89603960396  | 0.389908256881 | 0.192307692308 | 0.468          | 0.975247524752  | 0.963768115942 |
+----------------+----------------+----------------+----------------+----------------+----------------+----------------+-----------------+----------------+
+----------------+----------------+----------------+----------------+----------------+-----------------+----------------+----------------+-----------------+----------------+----------------+----------------+----------------+-----------------+----------------+-----------------+----------------+
| ('YER111C', 0) | YER111C_0(0.0) | YER111C_0(0.0) | YER111C_0(0.0) | YER111C_0(0.0) | YER111C_0(0.0)  | YER111C_0(0.0) | YER111C_0(0.0) | YER111C_0(0.0)  | YER111C_0(1.0) | YER111C_0(1.0) | YER111C_0(1.0) | YER111C_0(1.0) | YER111C_0(1.0)  | YER111C_0(1.0) | YER111C_0(1.0)  | YER111C_0(1.0) |
+----------------+----------------+----------------+----------------+----------------+-----------------+----------------+----------------+-----------------+----------------+----------------+----------------+----------------+-----------------+----------------+-----------------+----------------+
| ('YGL116W', 1) | YGL116W_1(0.0) | YGL116W_1(0.0) | YGL116W_1(0.0) | YGL116W_1(0.0) | YGL116W_1(1.0)  | YGL116W_1(1.0) | YGL116W_1(1.0) | YGL116W_1(1.0)  | YGL116W_1(0.0) | YGL116W_1(0.0) | YGL116W_1(0.0) | YGL116W_1(0.0) | YGL116W_1(1.0)  | YGL116W_1(1.0) | YGL116W_1(1.0)  | YGL116W_1(1.0) |
+----------------+----------------+----------------+----------------+----------------+-----------------+----------------+----------------+-----------------+----------------+----------------+----------------+----------------+-----------------+----------------+-----------------+----------------+
| ('YMR199W', 1) | YMR199W_1(0.0) | YMR199W_1(0.0) | YMR199W_1(1.0) | YMR199W_1(1.0) | YMR199W_1(0.0)  | YMR199W_1(0.0) | YMR199W_1(1.0) | YMR199W_1(1.0)  | YMR199W_1(0.0) | YMR199W_1(0.0) | YMR199W_1(1.0) | YMR199W_1(1.0) | YMR199W_1(0.0)  | YMR199W_1(0.0) | YMR199W_1(1.0)  | YMR199W_1(1.0) |
+----------------+----------------+----------------+----------------+----------------+-----------------+----------------+----------------+-----------------+----------------+----------------+----------------+----------------+-----------------+----------------+-----------------+----------------+
| ('YPR120C', 0) | YPR120C_0(0.0) | YPR120C_0(1.0) | YPR120C_0(0.0) | YPR120C_0(1.0) | YPR120C_0(0.0)  | YPR120C_0(1.0) | YPR120C_0(0.0) | YPR120C_0(1.0)  | YPR120C_0(0.0) | YPR120C_0(1.0) | YPR120C_0(0.0) | YPR120C_0(1.0) | YPR120C_0(0.0)  | YPR120C_0(1.0) | YPR120C_0(0.0)  | YPR120C_0(1.0) |
+----------------+----------------+----------------+----------------+----------------+-----------------+----------------+----------------+-----------------+----------------+----------------+----------------+----------------+-----------------+----------------+-----------------+----------------+
| YPR120C(0.0)   | 0.880952380952 | 0.119047619048 | 0.119047619048 | 0.5            | 0.98730964467   | 0.731884057971 | 0.650943396226 | 0.952830188679  | 0.119047619048 | 0.5            | 0.217647058824 | 0.101173020528 | 0.970588235294  | 0.119047619048 | 0.0471698113208 | 0.338926174497 |
+----------------+----------------+----------------+----------------+----------------+-----------------+----------------+----------------+-----------------+----------------+----------------+----------------+----------------+-----------------+----------------+-----------------+----------------+
| YPR120C(1.0)   | 0.119047619048 | 0.880952380952 | 0.880952380952 | 0.5            | 0.0126903553299 | 0.268115942029 | 0.349056603774 | 0.0471698113208 | 0.880952380952 | 0.5            | 0.782352941176 | 0.898826979472 | 0.0294117647059 | 0.880952380952 | 0.952830188679  | 0.661073825503 |
+----------------+----------------+----------------+----------------+----------------+-----------------+----------------+----------------+-----------------+----------------+----------------+----------------+----------------+-----------------+----------------+-----------------+----------------+
+----------------+-----------------+----------------+----------------+----------------+----------------+----------------+----------------+-----------------+
| ('YER111C', 0) | YER111C_0(0.0)  | YER111C_0(0.0) | YER111C_0(0.0) | YER111C_0(0.0) | YER111C_0(1.0) | YER111C_0(1.0) | YER111C_0(1.0) | YER111C_0(1.0)  |
+----------------+-----------------+----------------+----------------+----------------+----------------+----------------+----------------+-----------------+
| ('YLR079W', 0) | YLR079W_0(0.0)  | YLR079W_0(0.0) | YLR079W_0(1.0) | YLR079W_0(1.0) | YLR079W_0(0.0) | YLR079W_0(0.0) | YLR079W_0(1.0) | YLR079W_0(1.0)  |
+----------------+-----------------+----------------+----------------+----------------+----------------+----------------+----------------+-----------------+
| ('YMR199W', 0) | YMR199W_0(0.0)  | YMR199W_0(1.0) | YMR199W_0(0.0) | YMR199W_0(1.0) | YMR199W_0(0.0) | YMR199W_0(1.0) | YMR199W_0(0.0) | YMR199W_0(1.0)  |
+----------------+-----------------+----------------+----------------+----------------+----------------+----------------+----------------+-----------------+
| YMR199W(0.0)   | 0.952830188679  | 0.615942028986 | 0.588888888889 | 0.650943396226 | 0.827868852459 | 0.036231884058 | 0.172131147541 | 0.0132275132275 |
+----------------+-----------------+----------------+----------------+----------------+----------------+----------------+----------------+-----------------+
| YMR199W(1.0)   | 0.0471698113208 | 0.384057971014 | 0.411111111111 | 0.349056603774 | 0.172131147541 | 0.963768115942 | 0.827868852459 | 0.986772486772  |
+----------------+-----------------+----------------+----------------+----------------+----------------+----------------+----------------+-----------------+
[('YLR079W', 'YMR199W'), ('YLR079W', 'YDL056W'), ('YLR079W', 'YLR079W'), ('YLR079W', 'YMR043W'), ('YDL056W', 'YGL116W'), ('YDL056W', 'YGR108W'), ('YER111C', 'YGR108W'), ('YAL040C', 'YGL116W'), ('YAL040C', 'YGL003C'), ('YAL040C', 'YDL056W'), ('YAL040C', 'YER111C'), ('YER111C', 'YMR199W'), ('YER111C', 'YPR120C'), ('YER111C', 'YER111C'), ('YGR108W', 'YLR079W'), ('YGR108W', 'YDR146C'), ('YMR043W', 'YAL040C'), ('YPR120C', 'YPR120C'), ('YPR120C', 'YDR146C'), ('YPR120C', 'YAL040C'), ('YGL116W', 'YGL003C'), ('YGR108W', 'YGL116W'), ('YGR108W', 'YGR108W'), ('YGR108W', 'YER111C'), ('YMR199W', 'YGL116W'), ('YMR199W', 'YGL003C'), ('YMR199W', 'YPR120C'), ('YDR146C', 'YDR146C'), ('YPR120C', 'YMR043W'), ('YPR120C', 'YGR108W'), ('YGL116W', 'YPR120C'), ('YDL056W', 'YDL056W'), ('YMR199W', 'YMR199W'), ('YGL003C', 'YLR079W'), ('YDR146C', 'YGL003C')]
