[]
+---------+---+
| G7(0.0) | 1 |
+---------+---+
+---------+---+
| G6(1.0) | 1 |
+---------+---+
+---------+---+
| G5(0.0) | 1 |
+---------+---+
+---------+---+
| G4(1.0) | 1 |
+---------+---+
+---------+---+
| G3(1.0) | 1 |
+---------+---+
+---------+---+
| G2(0.0) | 1 |
+---------+---+
+---------+------+
| G1(0.0) | 0.35 |
+---------+------+
| G1(1.0) | 0.65 |
+---------+------+
+---------+---+
| G9(1.0) | 1 |
+---------+---+
+---------+---+
| G8(1.0) | 1 |
+---------+---+
+----------+---+
| G10(1.0) | 1 |
+----------+---+
[(('G7', 1), ('G8', 1)), (('G7', 0), ('G7', 1)), (('G7', 0), ('G3', 1)), (('G4', 0), ('G1', 1)), (('G4', 0), ('G4', 1)), (('G4', 0), ('G3', 1)), (('G4', 0), ('G6', 1)), (('G4', 0), ('G10', 1)), (('G1', 1), ('G7', 1)), (('G4', 1), ('G9', 1)), (('G8', 0), ('G7', 1)), (('G8', 0), ('G8', 1)), (('G1', 0), ('G8', 1)), (('G5', 1), ('G9', 1)), (('G5', 1), ('G4', 1)), (('G5', 1), ('G3', 1)), (('G5', 0), ('G5', 1)), (('G9', 0), ('G2', 1)), (('G9', 0), ('G9', 1)), (('G9', 0), ('G6', 1)), (('G9', 0), ('G5', 1)), (('G9', 0), ('G10', 1)), (('G2', 0), ('G2', 1)), (('G2', 0), ('G8', 1)), (('G6', 0), ('G1', 1)), (('G6', 0), ('G6', 1)), (('G10', 1), ('G2', 1)), (('G10', 1), ('G9', 1)), (('G10', 1), ('G4', 1)), (('G10', 1), ('G6', 1)), (('G10', 0), ('G7', 1)), (('G10', 0), ('G3', 1)), (('G10', 0), ('G10', 1)), (('G6', 1), ('G4', 1)), (('G6', 1), ('G5', 1))]
+------------+------------+----------------+----------------+------------+------------+------------------+----------------+----------------+------------+-----------------+-----------------+------------+----------------+------------------+----------------+----------------+
| ('G1', 1)  | G1_1(0.0)  | G1_1(0.0)      | G1_1(0.0)      | G1_1(0.0)  | G1_1(0.0)  | G1_1(0.0)        | G1_1(0.0)      | G1_1(0.0)      | G1_1(1.0)  | G1_1(1.0)       | G1_1(1.0)       | G1_1(1.0)  | G1_1(1.0)      | G1_1(1.0)        | G1_1(1.0)      | G1_1(1.0)      |
+------------+------------+----------------+----------------+------------+------------+------------------+----------------+----------------+------------+-----------------+-----------------+------------+----------------+------------------+----------------+----------------+
| ('G10', 0) | G10_0(0.0) | G10_0(0.0)     | G10_0(0.0)     | G10_0(0.0) | G10_0(1.0) | G10_0(1.0)       | G10_0(1.0)     | G10_0(1.0)     | G10_0(0.0) | G10_0(0.0)      | G10_0(0.0)      | G10_0(0.0) | G10_0(1.0)     | G10_0(1.0)       | G10_0(1.0)     | G10_0(1.0)     |
+------------+------------+----------------+----------------+------------+------------+------------------+----------------+----------------+------------+-----------------+-----------------+------------+----------------+------------------+----------------+----------------+
| ('G7', 0)  | G7_0(0.0)  | G7_0(0.0)      | G7_0(1.0)      | G7_0(1.0)  | G7_0(0.0)  | G7_0(0.0)        | G7_0(1.0)      | G7_0(1.0)      | G7_0(0.0)  | G7_0(0.0)       | G7_0(1.0)       | G7_0(1.0)  | G7_0(0.0)      | G7_0(0.0)        | G7_0(1.0)      | G7_0(1.0)      |
+------------+------------+----------------+----------------+------------+------------+------------------+----------------+----------------+------------+-----------------+-----------------+------------+----------------+------------------+----------------+----------------+
| ('G8', 0)  | G8_0(0.0)  | G8_0(1.0)      | G8_0(0.0)      | G8_0(1.0)  | G8_0(0.0)  | G8_0(1.0)        | G8_0(0.0)      | G8_0(1.0)      | G8_0(0.0)  | G8_0(1.0)       | G8_0(0.0)       | G8_0(1.0)  | G8_0(0.0)      | G8_0(1.0)        | G8_0(0.0)      | G8_0(1.0)      |
+------------+------------+----------------+----------------+------------+------------+------------------+----------------+----------------+------------+-----------------+-----------------+------------+----------------+------------------+----------------+----------------+
| G7(0.0)    | 0.5        | 0.119047619048 | 0.119047619048 | 0.5        | 0.5        | 0.991467576792   | 0.650943396226 | 0.880952380952 | 0.5        | 0.98730964467   | 0.0247524752475 | 0.5        | 0.816831683168 | 0.996307237814   | 0.268115942029 | 0.119047619048 |
+------------+------------+----------------+----------------+------------+------------+------------------+----------------+----------------+------------+-----------------+-----------------+------------+----------------+------------------+----------------+----------------+
| G7(1.0)    | 0.5        | 0.880952380952 | 0.880952380952 | 0.5        | 0.5        | 0.00853242320819 | 0.349056603774 | 0.119047619048 | 0.5        | 0.0126903553299 | 0.975247524752  | 0.5        | 0.183168316832 | 0.00369276218612 | 0.731884057971 | 0.880952380952 |
+------------+------------+----------------+----------------+------------+------------+------------------+----------------+----------------+------------+-----------------+-----------------+------------+----------------+------------------+----------------+----------------+
+------------+------------+------------+------------+------------+------------+-----------------+------------+-----------------+------------+------------+-----------------+------------+----------------+----------------+----------------+-----------------+
| ('G10', 1) | G10_1(0.0) | G10_1(0.0) | G10_1(0.0) | G10_1(0.0) | G10_1(0.0) | G10_1(0.0)      | G10_1(0.0) | G10_1(0.0)      | G10_1(1.0) | G10_1(1.0) | G10_1(1.0)      | G10_1(1.0) | G10_1(1.0)     | G10_1(1.0)     | G10_1(1.0)     | G10_1(1.0)      |
+------------+------------+------------+------------+------------+------------+-----------------+------------+-----------------+------------+------------+-----------------+------------+----------------+----------------+----------------+-----------------+
| ('G4', 0)  | G4_0(0.0)  | G4_0(0.0)  | G4_0(0.0)  | G4_0(0.0)  | G4_0(1.0)  | G4_0(1.0)       | G4_0(1.0)  | G4_0(1.0)       | G4_0(0.0)  | G4_0(0.0)  | G4_0(0.0)       | G4_0(0.0)  | G4_0(1.0)      | G4_0(1.0)      | G4_0(1.0)      | G4_0(1.0)       |
+------------+------------+------------+------------+------------+------------+-----------------+------------+-----------------+------------+------------+-----------------+------------+----------------+----------------+----------------+-----------------+
| ('G6', 0)  | G6_0(0.0)  | G6_0(0.0)  | G6_0(1.0)  | G6_0(1.0)  | G6_0(0.0)  | G6_0(0.0)       | G6_0(1.0)  | G6_0(1.0)       | G6_0(0.0)  | G6_0(0.0)  | G6_0(1.0)       | G6_0(1.0)  | G6_0(0.0)      | G6_0(0.0)      | G6_0(1.0)      | G6_0(1.0)       |
+------------+------------+------------+------------+------------+------------+-----------------+------------+-----------------+------------+------------+-----------------+------------+----------------+----------------+----------------+-----------------+
| ('G9', 0)  | G9_0(0.0)  | G9_0(1.0)  | G9_0(0.0)  | G9_0(1.0)  | G9_0(0.0)  | G9_0(1.0)       | G9_0(0.0)  | G9_0(1.0)       | G9_0(0.0)  | G9_0(1.0)  | G9_0(0.0)       | G9_0(1.0)  | G9_0(0.0)      | G9_0(1.0)      | G9_0(0.0)      | G9_0(1.0)       |
+------------+------------+------------+------------+------------+------------+-----------------+------------+-----------------+------------+------------+-----------------+------------+----------------+----------------+----------------+-----------------+
| G6(0.0)    | 0.5        | 0.5        | 0.5        | 0.5        | 0.5        | 0.98322147651   | 0.5        | 0.0151515151515 | 0.5        | 0.5        | 0.0167785234899 | 0.5        | 0.887878787879 | 0.119047619048 | 0.119047619048 | 0.0194942044257 |
+------------+------------+------------+------------+------------+------------+-----------------+------------+-----------------+------------+------------+-----------------+------------+----------------+----------------+----------------+-----------------+
| G6(1.0)    | 0.5        | 0.5        | 0.5        | 0.5        | 0.5        | 0.0167785234899 | 0.5        | 0.984848484848  | 0.5        | 0.5        | 0.98322147651   | 0.5        | 0.112121212121 | 0.880952380952 | 0.880952380952 | 0.980505795574  |
+------------+------------+------------+------------+------------+------------+-----------------+------------+-----------------+------------+------------+-----------------+------------+----------------+----------------+----------------+-----------------+
+-----------+-----------------+----------------+----------------+------------------+-----------------+-----------+----------------+-----------+
| ('G5', 0) | G5_0(0.0)       | G5_0(0.0)      | G5_0(0.0)      | G5_0(0.0)        | G5_0(1.0)       | G5_0(1.0) | G5_0(1.0)      | G5_0(1.0) |
+-----------+-----------------+----------------+----------------+------------------+-----------------+-----------+----------------+-----------+
| ('G6', 1) | G6_1(0.0)       | G6_1(0.0)      | G6_1(1.0)      | G6_1(1.0)        | G6_1(0.0)       | G6_1(0.0) | G6_1(1.0)      | G6_1(1.0) |
+-----------+-----------------+----------------+----------------+------------------+-----------------+-----------+----------------+-----------+
| ('G9', 0) | G9_0(0.0)       | G9_0(1.0)      | G9_0(0.0)      | G9_0(1.0)        | G9_0(0.0)       | G9_0(1.0) | G9_0(0.0)      | G9_0(1.0) |
+-----------+-----------------+----------------+----------------+------------------+-----------------+-----------+----------------+-----------+
| G5(0.0)   | 0.0675675675676 | 0.731884057971 | 0.565573770492 | 0.995511669659   | 0.944444444444  | 0.5       | 0.716216216216 | 0.5       |
+-----------+-----------------+----------------+----------------+------------------+-----------------+-----------+----------------+-----------+
| G5(1.0)   | 0.932432432432  | 0.268115942029 | 0.434426229508 | 0.00448833034111 | 0.0555555555556 | 0.5       | 0.283783783784 | 0.5       |
+-----------+-----------------+----------------+----------------+------------------+-----------------+-----------+----------------+-----------+
+------------+------------+------------+------------+------------+-----------------+-----------------+-----------------+------------+------------+----------------+------------+-----------------+-----------------+------------------+-----------------+----------------+
| ('G10', 1) | G10_1(0.0) | G10_1(0.0) | G10_1(0.0) | G10_1(0.0) | G10_1(0.0)      | G10_1(0.0)      | G10_1(0.0)      | G10_1(0.0) | G10_1(1.0) | G10_1(1.0)     | G10_1(1.0) | G10_1(1.0)      | G10_1(1.0)      | G10_1(1.0)       | G10_1(1.0)      | G10_1(1.0)     |
+------------+------------+------------+------------+------------+-----------------+-----------------+-----------------+------------+------------+----------------+------------+-----------------+-----------------+------------------+-----------------+----------------+
| ('G4', 0)  | G4_0(0.0)  | G4_0(0.0)  | G4_0(0.0)  | G4_0(0.0)  | G4_0(1.0)       | G4_0(1.0)       | G4_0(1.0)       | G4_0(1.0)  | G4_0(0.0)  | G4_0(0.0)      | G4_0(0.0)  | G4_0(0.0)       | G4_0(1.0)       | G4_0(1.0)        | G4_0(1.0)       | G4_0(1.0)      |
+------------+------------+------------+------------+------------+-----------------+-----------------+-----------------+------------+------------+----------------+------------+-----------------+-----------------+------------------+-----------------+----------------+
| ('G5', 1)  | G5_1(0.0)  | G5_1(0.0)  | G5_1(1.0)  | G5_1(1.0)  | G5_1(0.0)       | G5_1(0.0)       | G5_1(1.0)       | G5_1(1.0)  | G5_1(0.0)  | G5_1(0.0)      | G5_1(1.0)  | G5_1(1.0)       | G5_1(0.0)       | G5_1(0.0)        | G5_1(1.0)       | G5_1(1.0)      |
+------------+------------+------------+------------+------------+-----------------+-----------------+-----------------+------------+------------+----------------+------------+-----------------+-----------------+------------------+-----------------+----------------+
| ('G6', 1)  | G6_1(0.0)  | G6_1(1.0)  | G6_1(0.0)  | G6_1(1.0)  | G6_1(0.0)       | G6_1(1.0)       | G6_1(0.0)       | G6_1(1.0)  | G6_1(0.0)  | G6_1(1.0)      | G6_1(0.0)  | G6_1(1.0)       | G6_1(0.0)       | G6_1(1.0)        | G6_1(0.0)       | G6_1(1.0)      |
+------------+------------+------------+------------+------------+-----------------+-----------------+-----------------+------------+------------+----------------+------------+-----------------+-----------------+------------------+-----------------+----------------+
| G4(0.0)    | 0.5        | 0.5        | 0.5        | 0.5        | 0.0213675213675 | 0.0151515151515 | 0.0675675675676 | 0.5        | 0.5        | 0.816831683168 | 0.5        | 0.952830188679  | 0.0294117647059 | 0.00259067357513 | 0.0294117647059 | 0.880952380952 |
+------------+------------+------------+------------+------------+-----------------+-----------------+-----------------+------------+------------+----------------+------------+-----------------+-----------------+------------------+-----------------+----------------+
| G4(1.0)    | 0.5        | 0.5        | 0.5        | 0.5        | 0.978632478632  | 0.984848484848  | 0.932432432432  | 0.5        | 0.5        | 0.183168316832 | 0.5        | 0.0471698113208 | 0.970588235294  | 0.997409326425   | 0.970588235294  | 0.119047619048 |
+------------+------------+------------+------------+------------+-----------------+-----------------+-----------------+------------+------------+----------------+------------+-----------------+-----------------+------------------+-----------------+----------------+
+------------+------------+------------+------------+------------+----------------+---------------+-----------------+------------+----------------+-----------------+------------+----------------+-----------------+----------------+-----------------+------------+
| ('G10', 0) | G10_0(0.0) | G10_0(0.0) | G10_0(0.0) | G10_0(0.0) | G10_0(0.0)     | G10_0(0.0)    | G10_0(0.0)      | G10_0(0.0) | G10_0(1.0)     | G10_0(1.0)      | G10_0(1.0) | G10_0(1.0)     | G10_0(1.0)      | G10_0(1.0)     | G10_0(1.0)      | G10_0(1.0) |
+------------+------------+------------+------------+------------+----------------+---------------+-----------------+------------+----------------+-----------------+------------+----------------+-----------------+----------------+-----------------+------------+
| ('G4', 0)  | G4_0(0.0)  | G4_0(0.0)  | G4_0(0.0)  | G4_0(0.0)  | G4_0(1.0)      | G4_0(1.0)     | G4_0(1.0)       | G4_0(1.0)  | G4_0(0.0)      | G4_0(0.0)       | G4_0(0.0)  | G4_0(0.0)      | G4_0(1.0)       | G4_0(1.0)      | G4_0(1.0)       | G4_0(1.0)  |
+------------+------------+------------+------------+------------+----------------+---------------+-----------------+------------+----------------+-----------------+------------+----------------+-----------------+----------------+-----------------+------------+
| ('G5', 1)  | G5_1(0.0)  | G5_1(0.0)  | G5_1(1.0)  | G5_1(1.0)  | G5_1(0.0)      | G5_1(0.0)     | G5_1(1.0)       | G5_1(1.0)  | G5_1(0.0)      | G5_1(0.0)       | G5_1(1.0)  | G5_1(1.0)      | G5_1(0.0)       | G5_1(0.0)      | G5_1(1.0)       | G5_1(1.0)  |
+------------+------------+------------+------------+------------+----------------+---------------+-----------------+------------+----------------+-----------------+------------+----------------+-----------------+----------------+-----------------+------------+
| ('G7', 0)  | G7_0(0.0)  | G7_0(1.0)  | G7_0(0.0)  | G7_0(1.0)  | G7_0(0.0)      | G7_0(1.0)     | G7_0(0.0)       | G7_0(1.0)  | G7_0(0.0)      | G7_0(1.0)       | G7_0(0.0)  | G7_0(1.0)      | G7_0(0.0)       | G7_0(1.0)      | G7_0(0.0)       | G7_0(1.0)  |
+------------+------------+------------+------------+------------+----------------+---------------+-----------------+------------+----------------+-----------------+------------+----------------+-----------------+----------------+-----------------+------------+
| G3(0.0)    | 0.5        | 0.5        | 0.5        | 0.5        | 0.544198895028 | 0.84188034188 | 0.0675675675676 | 0.5        | 0.036231884058 | 0.932432432432  | 0.5        | 0.119047619048 | 0.0369774919614 | 0.183168316832 | 0.0247524752475 | 0.5        |
+------------+------------+------------+------------+------------+----------------+---------------+-----------------+------------+----------------+-----------------+------------+----------------+-----------------+----------------+-----------------+------------+
| G3(1.0)    | 0.5        | 0.5        | 0.5        | 0.5        | 0.455801104972 | 0.15811965812 | 0.932432432432  | 0.5        | 0.963768115942 | 0.0675675675676 | 0.5        | 0.880952380952 | 0.963022508039  | 0.816831683168 | 0.975247524752  | 0.5        |
+------------+------------+------------+------------+------------+----------------+---------------+-----------------+------------+----------------+-----------------+------------+----------------+-----------------+----------------+-----------------+------------+
+------------+------------+------------+------------+------------+----------------+-----------------+-----------------+----------------+
| ('G10', 1) | G10_1(0.0) | G10_1(0.0) | G10_1(0.0) | G10_1(0.0) | G10_1(1.0)     | G10_1(1.0)      | G10_1(1.0)      | G10_1(1.0)     |
+------------+------------+------------+------------+------------+----------------+-----------------+-----------------+----------------+
| ('G2', 0)  | G2_0(0.0)  | G2_0(0.0)  | G2_0(1.0)  | G2_0(1.0)  | G2_0(0.0)      | G2_0(0.0)       | G2_0(1.0)       | G2_0(1.0)      |
+------------+------------+------------+------------+------------+----------------+-----------------+-----------------+----------------+
| ('G9', 0)  | G9_0(0.0)  | G9_0(1.0)  | G9_0(0.0)  | G9_0(1.0)  | G9_0(0.0)      | G9_0(1.0)       | G9_0(0.0)       | G9_0(1.0)      |
+------------+------------+------------+------------+------------+----------------+-----------------+-----------------+----------------+
| G2(0.0)    | 0.5        | 0.5        | 0.5        | 0.02       | 0.362068965517 | 0.971849865952  | 0.0177304964539 | 0.363247863248 |
+------------+------------+------------+------------+------------+----------------+-----------------+-----------------+----------------+
| G2(1.0)    | 0.5        | 0.5        | 0.5        | 0.98       | 0.637931034483 | 0.0281501340483 | 0.982269503546  | 0.636752136752 |
+------------+------------+------------+------------+------------+----------------+-----------------+-----------------+----------------+
+-----------+-----------+----------------+-----------------+----------------+
| ('G4', 0) | G4_0(0.0) | G4_0(0.0)      | G4_0(1.0)       | G4_0(1.0)      |
+-----------+-----------+----------------+-----------------+----------------+
| ('G6', 0) | G6_0(0.0) | G6_0(1.0)      | G6_0(0.0)       | G6_0(1.0)      |
+-----------+-----------+----------------+-----------------+----------------+
| G1(0.0)   | 0.5       | 0.451219512195 | 0.0764705882353 | 0.331578947368 |
+-----------+-----------+----------------+-----------------+----------------+
| G1(1.0)   | 0.5       | 0.548780487805 | 0.923529411765  | 0.668421052632 |
+-----------+-----------+----------------+-----------------+----------------+
+------------+------------+------------+------------+------------+------------+------------------+------------+-----------------+-----------------+------------+----------------+------------+----------------+-----------------+----------------+----------------+
| ('G10', 1) | G10_1(0.0) | G10_1(0.0) | G10_1(0.0) | G10_1(0.0) | G10_1(0.0) | G10_1(0.0)       | G10_1(0.0) | G10_1(0.0)      | G10_1(1.0)      | G10_1(1.0) | G10_1(1.0)     | G10_1(1.0) | G10_1(1.0)     | G10_1(1.0)      | G10_1(1.0)     | G10_1(1.0)     |
+------------+------------+------------+------------+------------+------------+------------------+------------+-----------------+-----------------+------------+----------------+------------+----------------+-----------------+----------------+----------------+
| ('G4', 1)  | G4_1(0.0)  | G4_1(0.0)  | G4_1(0.0)  | G4_1(0.0)  | G4_1(1.0)  | G4_1(1.0)        | G4_1(1.0)  | G4_1(1.0)       | G4_1(0.0)       | G4_1(0.0)  | G4_1(0.0)      | G4_1(0.0)  | G4_1(1.0)      | G4_1(1.0)       | G4_1(1.0)      | G4_1(1.0)      |
+------------+------------+------------+------------+------------+------------+------------------+------------+-----------------+-----------------+------------+----------------+------------+----------------+-----------------+----------------+----------------+
| ('G5', 1)  | G5_1(0.0)  | G5_1(0.0)  | G5_1(1.0)  | G5_1(1.0)  | G5_1(0.0)  | G5_1(0.0)        | G5_1(1.0)  | G5_1(1.0)       | G5_1(0.0)       | G5_1(0.0)  | G5_1(1.0)      | G5_1(1.0)  | G5_1(0.0)      | G5_1(0.0)       | G5_1(1.0)      | G5_1(1.0)      |
+------------+------------+------------+------------+------------+------------+------------------+------------+-----------------+-----------------+------------+----------------+------------+----------------+-----------------+----------------+----------------+
| ('G9', 0)  | G9_0(0.0)  | G9_0(1.0)  | G9_0(0.0)  | G9_0(1.0)  | G9_0(0.0)  | G9_0(1.0)        | G9_0(0.0)  | G9_0(1.0)       | G9_0(0.0)       | G9_0(1.0)  | G9_0(0.0)      | G9_0(1.0)  | G9_0(0.0)      | G9_0(1.0)       | G9_0(0.0)      | G9_0(1.0)      |
+------------+------------+------------+------------+------------+------------+------------------+------------+-----------------+-----------------+------------+----------------+------------+----------------+-----------------+----------------+----------------+
| G9(0.0)    | 0.5        | 0.5        | 0.5        | 0.5        | 0.5        | 0.00902527075812 | 0.5        | 0.0675675675676 | 0.970588235294  | 0.5        | 0.963768115942 | 0.5        | 0.705128205128 | 0.0194942044257 | 0.963768115942 | 0.880952380952 |
+------------+------------+------------+------------+------------+------------+------------------+------------+-----------------+-----------------+------------+----------------+------------+----------------+-----------------+----------------+----------------+
| G9(1.0)    | 0.5        | 0.5        | 0.5        | 0.5        | 0.5        | 0.990974729242   | 0.5        | 0.932432432432  | 0.0294117647059 | 0.5        | 0.036231884058 | 0.5        | 0.294871794872 | 0.980505795574  | 0.036231884058 | 0.119047619048 |
+------------+------------+------------+------------+------------+------------+------------------+------------+-----------------+-----------------+------------+----------------+------------+----------------+-----------------+----------------+----------------+
+-----------+-----------+------------------+----------------+-----------+----------------+-----------------+-----------------+-----------+----------------+-----------------+-----------+----------------+---------------+-----------------+-----------------+----------------+
| ('G1', 0) | G1_0(0.0) | G1_0(0.0)        | G1_0(0.0)      | G1_0(0.0) | G1_0(0.0)      | G1_0(0.0)       | G1_0(0.0)       | G1_0(0.0) | G1_0(1.0)      | G1_0(1.0)       | G1_0(1.0) | G1_0(1.0)      | G1_0(1.0)     | G1_0(1.0)       | G1_0(1.0)       | G1_0(1.0)      |
+-----------+-----------+------------------+----------------+-----------+----------------+-----------------+-----------------+-----------+----------------+-----------------+-----------+----------------+---------------+-----------------+-----------------+----------------+
| ('G2', 0) | G2_0(0.0) | G2_0(0.0)        | G2_0(0.0)      | G2_0(0.0) | G2_0(1.0)      | G2_0(1.0)       | G2_0(1.0)       | G2_0(1.0) | G2_0(0.0)      | G2_0(0.0)       | G2_0(0.0) | G2_0(0.0)      | G2_0(1.0)     | G2_0(1.0)       | G2_0(1.0)       | G2_0(1.0)      |
+-----------+-----------+------------------+----------------+-----------+----------------+-----------------+-----------------+-----------+----------------+-----------------+-----------+----------------+---------------+-----------------+-----------------+----------------+
| ('G7', 1) | G7_1(0.0) | G7_1(0.0)        | G7_1(1.0)      | G7_1(1.0) | G7_1(0.0)      | G7_1(0.0)       | G7_1(1.0)       | G7_1(1.0) | G7_1(0.0)      | G7_1(0.0)       | G7_1(1.0) | G7_1(1.0)      | G7_1(0.0)     | G7_1(0.0)       | G7_1(1.0)       | G7_1(1.0)      |
+-----------+-----------+------------------+----------------+-----------+----------------+-----------------+-----------------+-----------+----------------+-----------------+-----------+----------------+---------------+-----------------+-----------------+----------------+
| ('G8', 0) | G8_0(0.0) | G8_0(1.0)        | G8_0(0.0)      | G8_0(1.0) | G8_0(0.0)      | G8_0(1.0)       | G8_0(0.0)       | G8_0(1.0) | G8_0(0.0)      | G8_0(1.0)       | G8_0(0.0) | G8_0(1.0)      | G8_0(0.0)     | G8_0(1.0)       | G8_0(0.0)       | G8_0(1.0)      |
+-----------+-----------+------------------+----------------+-----------+----------------+-----------------+-----------------+-----------+----------------+-----------------+-----------+----------------+---------------+-----------------+-----------------+----------------+
| G8(0.0)   | 0.5       | 0.00902527075812 | 0.119047619048 | 0.5       | 0.880952380952 | 0.952830188679  | 0.975247524752  | 0.5       | 0.119047619048 | 0.0046904315197 | 0.5       | 0.119047619048 | 0.62030075188 | 0.0569230769231 | 0.978632478632  | 0.880952380952 |
+-----------+-----------+------------------+----------------+-----------+----------------+-----------------+-----------------+-----------+----------------+-----------------+-----------+----------------+---------------+-----------------+-----------------+----------------+
| G8(1.0)   | 0.5       | 0.990974729242   | 0.880952380952 | 0.5       | 0.119047619048 | 0.0471698113208 | 0.0247524752475 | 0.5       | 0.880952380952 | 0.99530956848   | 0.5       | 0.880952380952 | 0.37969924812 | 0.943076923077  | 0.0213675213675 | 0.119047619048 |
+-----------+-----------+------------------+----------------+-----------+----------------+-----------------+-----------------+-----------+----------------+-----------------+-----------+----------------+---------------+-----------------+-----------------+----------------+
+------------+------------+------------+------------+----------------+-----------------+------------+-----------------+-----------------+
| ('G10', 0) | G10_0(0.0) | G10_0(0.0) | G10_0(0.0) | G10_0(0.0)     | G10_0(1.0)      | G10_0(1.0) | G10_0(1.0)      | G10_0(1.0)      |
+------------+------------+------------+------------+----------------+-----------------+------------+-----------------+-----------------+
| ('G4', 0)  | G4_0(0.0)  | G4_0(0.0)  | G4_0(1.0)  | G4_0(1.0)      | G4_0(0.0)       | G4_0(0.0)  | G4_0(1.0)       | G4_0(1.0)       |
+------------+------------+------------+------------+----------------+-----------------+------------+-----------------+-----------------+
| ('G9', 0)  | G9_0(0.0)  | G9_0(1.0)  | G9_0(0.0)  | G9_0(1.0)      | G9_0(0.0)       | G9_0(1.0)  | G9_0(0.0)       | G9_0(1.0)       |
+------------+------------+------------+------------+----------------+-----------------+------------+-----------------+-----------------+
| G10(0.0)   | 0.5        | 0.5        | 0.5        | 0.887878787879 | 0.0324675324675 | 0.5        | 0.0268817204301 | 0.0220125786164 |
+------------+------------+------------+------------+----------------+-----------------+------------+-----------------+-----------------+
| G10(1.0)   | 0.5        | 0.5        | 0.5        | 0.112121212121 | 0.967532467532  | 0.5        | 0.97311827957   | 0.977987421384  |
+------------+------------+------------+------------+----------------+-----------------+------------+-----------------+-----------------+
[('G7', 'G8'), ('G7', 'G7'), ('G7', 'G3'), ('G4', 'G1'), ('G4', 'G4'), ('G4', 'G3'), ('G4', 'G6'), ('G4', 'G10'), ('G1', 'G7'), ('G4', 'G9'), ('G8', 'G7'), ('G8', 'G8'), ('G1', 'G8'), ('G5', 'G9'), ('G5', 'G4'), ('G5', 'G3'), ('G5', 'G5'), ('G9', 'G2'), ('G9', 'G9'), ('G9', 'G6'), ('G9', 'G5'), ('G9', 'G10'), ('G2', 'G2'), ('G2', 'G8'), ('G6', 'G1'), ('G6', 'G6'), ('G10', 'G2'), ('G10', 'G9'), ('G10', 'G4'), ('G10', 'G6'), ('G10', 'G7'), ('G10', 'G3'), ('G10', 'G10'), ('G6', 'G4'), ('G6', 'G5')]
