[]
+---------+---+
| G7(1.0) | 1 |
+---------+---+
+---------+------+
| G6(0.0) | 0.65 |
+---------+------+
| G6(1.0) | 0.35 |
+---------+------+
+---------+---+
| G5(0.0) | 1 |
+---------+---+
+---------+---+
| G4(1.0) | 1 |
+---------+---+
+---------+------+
| G3(0.0) | 0.45 |
+---------+------+
| G3(1.0) | 0.55 |
+---------+------+
+---------+---+
| G2(0.0) | 1 |
+---------+---+
+---------+---+
| G1(1.0) | 1 |
+---------+---+
+---------+---+
| G9(1.0) | 1 |
+---------+---+
+---------+---+
| G8(1.0) | 1 |
+---------+---+
+----------+---+
| G10(1.0) | 1 |
+----------+---+
[(('G7', 1), ('G9', 1)), (('G7', 0), ('G7', 1)), (('G7', 0), ('G4', 1)), (('G7', 0), ('G5', 1)), (('G4', 0), ('G4', 1)), (('G4', 0), ('G3', 1)), (('G4', 0), ('G6', 1)), (('G3', 1), ('G6', 1)), (('G1', 1), ('G3', 1)), (('G1', 1), ('G8', 1)), (('G8', 0), ('G2', 1)), (('G8', 0), ('G10', 1)), (('G8', 0), ('G8', 1)), (('G1', 0), ('G1', 1)), (('G1', 0), ('G5', 1)), (('G5', 1), ('G1', 1)), (('G5', 1), ('G4', 1)), (('G5', 0), ('G5', 1)), (('G9', 1), ('G8', 1)), (('G9', 0), ('G9', 1)), (('G9', 0), ('G6', 1)), (('G9', 0), ('G10', 1)), (('G2', 0), ('G7', 1)), (('G2', 0), ('G5', 1)), (('G2', 0), ('G8', 1)), (('G2', 0), ('G9', 1)), (('G2', 0), ('G2', 1)), (('G2', 0), ('G10', 1)), (('G6', 0), ('G9', 1)), (('G6', 0), ('G1', 1)), (('G10', 0), ('G2', 1)), (('G10', 0), ('G4', 1)), (('G10', 0), ('G3', 1)), (('G10', 0), ('G10', 1)), (('G6', 1), ('G7', 1)), (('G3', 0), ('G7', 1)), (('G3', 0), ('G2', 1))]
+-----------+-----------------+-----------------+-----------------+----------------+----------------+-----------------+-----------------+------------------+-----------+-----------+----------------+-----------+-----------+-----------+----------------+-----------+
| ('G2', 0) | G2_0(0.0)       | G2_0(0.0)       | G2_0(0.0)       | G2_0(0.0)      | G2_0(0.0)      | G2_0(0.0)       | G2_0(0.0)       | G2_0(0.0)        | G2_0(1.0) | G2_0(1.0) | G2_0(1.0)      | G2_0(1.0) | G2_0(1.0) | G2_0(1.0) | G2_0(1.0)      | G2_0(1.0) |
+-----------+-----------------+-----------------+-----------------+----------------+----------------+-----------------+-----------------+------------------+-----------+-----------+----------------+-----------+-----------+-----------+----------------+-----------+
| ('G3', 0) | G3_0(0.0)       | G3_0(0.0)       | G3_0(0.0)       | G3_0(0.0)      | G3_0(1.0)      | G3_0(1.0)       | G3_0(1.0)       | G3_0(1.0)        | G3_0(0.0) | G3_0(0.0) | G3_0(0.0)      | G3_0(0.0) | G3_0(1.0) | G3_0(1.0) | G3_0(1.0)      | G3_0(1.0) |
+-----------+-----------------+-----------------+-----------------+----------------+----------------+-----------------+-----------------+------------------+-----------+-----------+----------------+-----------+-----------+-----------+----------------+-----------+
| ('G6', 1) | G6_1(0.0)       | G6_1(0.0)       | G6_1(1.0)       | G6_1(1.0)      | G6_1(0.0)      | G6_1(0.0)       | G6_1(1.0)       | G6_1(1.0)        | G6_1(0.0) | G6_1(0.0) | G6_1(1.0)      | G6_1(1.0) | G6_1(0.0) | G6_1(0.0) | G6_1(1.0)      | G6_1(1.0) |
+-----------+-----------------+-----------------+-----------------+----------------+----------------+-----------------+-----------------+------------------+-----------+-----------+----------------+-----------+-----------+-----------+----------------+-----------+
| ('G7', 0) | G7_0(0.0)       | G7_0(1.0)       | G7_0(0.0)       | G7_0(1.0)      | G7_0(0.0)      | G7_0(1.0)       | G7_0(0.0)       | G7_0(1.0)        | G7_0(0.0) | G7_0(1.0) | G7_0(0.0)      | G7_0(1.0) | G7_0(0.0) | G7_0(1.0) | G7_0(0.0)      | G7_0(1.0) |
+-----------+-----------------+-----------------+-----------------+----------------+----------------+-----------------+-----------------+------------------+-----------+-----------+----------------+-----------+-----------+-----------+----------------+-----------+
| G7(0.0)   | 0.0675675675676 | 0.0151515151515 | 0.93321299639   | 0.193486590038 | 0.880952380952 | 0.0631399317406 | 0.978632478632  | 0.00642673521851 | 0.5       | 0.5       | 0.650943396226 | 0.5       | 0.5       | 0.5       | 0.880952380952 | 0.5       |
+-----------+-----------------+-----------------+-----------------+----------------+----------------+-----------------+-----------------+------------------+-----------+-----------+----------------+-----------+-----------+-----------+----------------+-----------+
| G7(1.0)   | 0.932432432432  | 0.984848484848  | 0.0667870036101 | 0.806513409962 | 0.119047619048 | 0.936860068259  | 0.0213675213675 | 0.993573264781   | 0.5       | 0.5       | 0.349056603774 | 0.5       | 0.5       | 0.5       | 0.119047619048 | 0.5       |
+-----------+-----------------+-----------------+-----------------+----------------+----------------+-----------------+-----------------+------------------+-----------+-----------+----------------+-----------+-----------+-----------+----------------+-----------+
+-----------+-----------------+----------------+-----------------+----------------+----------------+----------------+-----------------+----------------+
| ('G3', 1) | G3_1(0.0)       | G3_1(0.0)      | G3_1(0.0)       | G3_1(0.0)      | G3_1(1.0)      | G3_1(1.0)      | G3_1(1.0)       | G3_1(1.0)      |
+-----------+-----------------+----------------+-----------------+----------------+----------------+----------------+-----------------+----------------+
| ('G4', 0) | G4_0(0.0)       | G4_0(0.0)      | G4_0(1.0)       | G4_0(1.0)      | G4_0(0.0)      | G4_0(0.0)      | G4_0(1.0)       | G4_0(1.0)      |
+-----------+-----------------+----------------+-----------------+----------------+----------------+----------------+-----------------+----------------+
| ('G9', 0) | G9_0(0.0)       | G9_0(1.0)      | G9_0(0.0)       | G9_0(1.0)      | G9_0(0.0)      | G9_0(1.0)      | G9_0(0.0)       | G9_0(1.0)      |
+-----------+-----------------+----------------+-----------------+----------------+----------------+----------------+-----------------+----------------+
| G6(0.0)   | 0.0247524752475 | 0.262376237624 | 0.0862068965517 | 0.800578034682 | 0.119047619048 | 0.198924731183 | 0.0862068965517 | 0.261403508772 |
+-----------+-----------------+----------------+-----------------+----------------+----------------+----------------+-----------------+----------------+
| G6(1.0)   | 0.975247524752  | 0.737623762376 | 0.913793103448  | 0.199421965318 | 0.880952380952 | 0.801075268817 | 0.913793103448  | 0.738596491228 |
+-----------+-----------------+----------------+-----------------+----------------+----------------+----------------+-----------------+----------------+
+-----------+-----------+----------------+-----------+------------------+-----------+-----------+-----------+-----------+-----------------+------------------+----------------+-----------------+----------------+-----------+-----------+-----------+
| ('G1', 0) | G1_0(0.0) | G1_0(0.0)      | G1_0(0.0) | G1_0(0.0)        | G1_0(0.0) | G1_0(0.0) | G1_0(0.0) | G1_0(0.0) | G1_0(1.0)       | G1_0(1.0)        | G1_0(1.0)      | G1_0(1.0)       | G1_0(1.0)      | G1_0(1.0) | G1_0(1.0) | G1_0(1.0) |
+-----------+-----------+----------------+-----------+------------------+-----------+-----------+-----------+-----------+-----------------+------------------+----------------+-----------------+----------------+-----------+-----------+-----------+
| ('G2', 0) | G2_0(0.0) | G2_0(0.0)      | G2_0(0.0) | G2_0(0.0)        | G2_0(1.0) | G2_0(1.0) | G2_0(1.0) | G2_0(1.0) | G2_0(0.0)       | G2_0(0.0)        | G2_0(0.0)      | G2_0(0.0)       | G2_0(1.0)      | G2_0(1.0) | G2_0(1.0) | G2_0(1.0) |
+-----------+-----------+----------------+-----------+------------------+-----------+-----------+-----------+-----------+-----------------+------------------+----------------+-----------------+----------------+-----------+-----------+-----------+
| ('G5', 0) | G5_0(0.0) | G5_0(0.0)      | G5_0(1.0) | G5_0(1.0)        | G5_0(0.0) | G5_0(0.0) | G5_0(1.0) | G5_0(1.0) | G5_0(0.0)       | G5_0(0.0)        | G5_0(1.0)      | G5_0(1.0)       | G5_0(0.0)      | G5_0(0.0) | G5_0(1.0) | G5_0(1.0) |
+-----------+-----------+----------------+-----------+------------------+-----------+-----------+-----------+-----------+-----------------+------------------+----------------+-----------------+----------------+-----------+-----------+-----------+
| ('G7', 0) | G7_0(0.0) | G7_0(1.0)      | G7_0(0.0) | G7_0(1.0)        | G7_0(0.0) | G7_0(1.0) | G7_0(0.0) | G7_0(1.0) | G7_0(0.0)       | G7_0(1.0)        | G7_0(0.0)      | G7_0(1.0)       | G7_0(0.0)      | G7_0(1.0) | G7_0(0.0) | G7_0(1.0) |
+-----------+-----------+----------------+-----------+------------------+-----------+-----------+-----------+-----------+-----------------+------------------+----------------+-----------------+----------------+-----------+-----------+-----------+
| G5(0.0)   | 0.5       | 0.349056603774 | 0.5       | 0.00902527075812 | 0.5       | 0.5       | 0.5       | 0.5       | 0.956057007126  | 0.996626180837   | 0.880952380952 | 0.932432432432  | 0.963768115942 | 0.5       | 0.5       | 0.5       |
+-----------+-----------+----------------+-----------+------------------+-----------+-----------+-----------+-----------+-----------------+------------------+----------------+-----------------+----------------+-----------+-----------+-----------+
| G5(1.0)   | 0.5       | 0.650943396226 | 0.5       | 0.990974729242   | 0.5       | 0.5       | 0.5       | 0.5       | 0.0439429928741 | 0.00337381916329 | 0.119047619048 | 0.0675675675676 | 0.036231884058 | 0.5       | 0.5       | 0.5       |
+-----------+-----------+----------------+-----------+------------------+-----------+-----------+-----------+-----------+-----------------+------------------+----------------+-----------------+----------------+-----------+-----------+-----------+
+------------+-----------------+----------------+------------+------------+------------+------------+------------+------------+----------------+----------------+------------+----------------+----------------+------------------+----------------+----------------+
| ('G10', 0) | G10_0(0.0)      | G10_0(0.0)     | G10_0(0.0) | G10_0(0.0) | G10_0(0.0) | G10_0(0.0) | G10_0(0.0) | G10_0(0.0) | G10_0(1.0)     | G10_0(1.0)     | G10_0(1.0) | G10_0(1.0)     | G10_0(1.0)     | G10_0(1.0)       | G10_0(1.0)     | G10_0(1.0)     |
+------------+-----------------+----------------+------------+------------+------------+------------+------------+------------+----------------+----------------+------------+----------------+----------------+------------------+----------------+----------------+
| ('G4', 0)  | G4_0(0.0)       | G4_0(0.0)      | G4_0(0.0)  | G4_0(0.0)  | G4_0(1.0)  | G4_0(1.0)  | G4_0(1.0)  | G4_0(1.0)  | G4_0(0.0)      | G4_0(0.0)      | G4_0(0.0)  | G4_0(0.0)      | G4_0(1.0)      | G4_0(1.0)        | G4_0(1.0)      | G4_0(1.0)      |
+------------+-----------------+----------------+------------+------------+------------+------------+------------+------------+----------------+----------------+------------+----------------+----------------+------------------+----------------+----------------+
| ('G5', 1)  | G5_1(0.0)       | G5_1(0.0)      | G5_1(1.0)  | G5_1(1.0)  | G5_1(0.0)  | G5_1(0.0)  | G5_1(1.0)  | G5_1(1.0)  | G5_1(0.0)      | G5_1(0.0)      | G5_1(1.0)  | G5_1(1.0)      | G5_1(0.0)      | G5_1(0.0)        | G5_1(1.0)      | G5_1(1.0)      |
+------------+-----------------+----------------+------------+------------+------------+------------+------------+------------+----------------+----------------+------------+----------------+----------------+------------------+----------------+----------------+
| ('G7', 0)  | G7_0(0.0)       | G7_0(1.0)      | G7_0(0.0)  | G7_0(1.0)  | G7_0(0.0)  | G7_0(1.0)  | G7_0(0.0)  | G7_0(1.0)  | G7_0(0.0)      | G7_0(1.0)      | G7_0(0.0)  | G7_0(1.0)      | G7_0(0.0)      | G7_0(1.0)        | G7_0(0.0)      | G7_0(1.0)      |
+------------+-----------------+----------------+------------+------------+------------+------------+------------+------------+----------------+----------------+------------+----------------+----------------+------------------+----------------+----------------+
| G4(0.0)    | 0.975247524752  | 0.880952380952 | 0.5        | 0.5        | 0.5        | 0.5        | 0.5        | 0.5        | 0.859183673469 | 0.036231884058 | 0.5        | 0.897790055249 | 0.553691275168 | 0.00352609308886 | 0.119047619048 | 0.259398496241 |
+------------+-----------------+----------------+------------+------------+------------+------------+------------+------------+----------------+----------------+------------+----------------+----------------+------------------+----------------+----------------+
| G4(1.0)    | 0.0247524752475 | 0.119047619048 | 0.5        | 0.5        | 0.5        | 0.5        | 0.5        | 0.5        | 0.140816326531 | 0.963768115942 | 0.5        | 0.102209944751 | 0.446308724832 | 0.996473906911   | 0.880952380952 | 0.740601503759 |
+------------+-----------------+----------------+------------+------------+------------+------------+------------+------------+----------------+----------------+------------+----------------+----------------+------------------+----------------+----------------+
+------------+------------+------------+----------------+-----------------+-----------------+------------+----------------+---------------+
| ('G1', 1)  | G1_1(0.0)  | G1_1(0.0)  | G1_1(0.0)      | G1_1(0.0)       | G1_1(1.0)       | G1_1(1.0)  | G1_1(1.0)      | G1_1(1.0)     |
+------------+------------+------------+----------------+-----------------+-----------------+------------+----------------+---------------+
| ('G10', 0) | G10_0(0.0) | G10_0(0.0) | G10_0(1.0)     | G10_0(1.0)      | G10_0(0.0)      | G10_0(0.0) | G10_0(1.0)     | G10_0(1.0)    |
+------------+------------+------------+----------------+-----------------+-----------------+------------+----------------+---------------+
| ('G4', 0)  | G4_0(0.0)  | G4_0(1.0)  | G4_0(0.0)      | G4_0(1.0)       | G4_0(0.0)       | G4_0(1.0)  | G4_0(0.0)      | G4_0(1.0)     |
+------------+------------+------------+----------------+-----------------+-----------------+------------+----------------+---------------+
| G3(0.0)    | 0.5        | 0.5        | 0.123529411765 | 0.0324675324675 | 0.959016393443  | 0.5        | 0.790909090909 | 0.45337995338 |
+------------+------------+------------+----------------+-----------------+-----------------+------------+----------------+---------------+
| G3(1.0)    | 0.5        | 0.5        | 0.876470588235 | 0.967532467532  | 0.0409836065574 | 0.5        | 0.209090909091 | 0.54662004662 |
+------------+------------+------------+----------------+-----------------+-----------------+------------+----------------+---------------+
+------------+------------+-----------------+------------+----------------+------------+------------+------------+------------+------------+-----------------+-----------------+------------------+-----------------+------------+----------------+------------+
| ('G10', 0) | G10_0(0.0) | G10_0(0.0)      | G10_0(0.0) | G10_0(0.0)     | G10_0(0.0) | G10_0(0.0) | G10_0(0.0) | G10_0(0.0) | G10_0(1.0) | G10_0(1.0)      | G10_0(1.0)      | G10_0(1.0)       | G10_0(1.0)      | G10_0(1.0) | G10_0(1.0)     | G10_0(1.0) |
+------------+------------+-----------------+------------+----------------+------------+------------+------------+------------+------------+-----------------+-----------------+------------------+-----------------+------------+----------------+------------+
| ('G2', 0)  | G2_0(0.0)  | G2_0(0.0)       | G2_0(0.0)  | G2_0(0.0)      | G2_0(1.0)  | G2_0(1.0)  | G2_0(1.0)  | G2_0(1.0)  | G2_0(0.0)  | G2_0(0.0)       | G2_0(0.0)       | G2_0(0.0)        | G2_0(1.0)       | G2_0(1.0)  | G2_0(1.0)      | G2_0(1.0)  |
+------------+------------+-----------------+------------+----------------+------------+------------+------------+------------+------------+-----------------+-----------------+------------------+-----------------+------------+----------------+------------+
| ('G3', 0)  | G3_0(0.0)  | G3_0(0.0)       | G3_0(1.0)  | G3_0(1.0)      | G3_0(0.0)  | G3_0(0.0)  | G3_0(1.0)  | G3_0(1.0)  | G3_0(0.0)  | G3_0(0.0)       | G3_0(1.0)       | G3_0(1.0)        | G3_0(0.0)       | G3_0(0.0)  | G3_0(1.0)      | G3_0(1.0)  |
+------------+------------+-----------------+------------+----------------+------------+------------+------------+------------+------------+-----------------+-----------------+------------------+-----------------+------------+----------------+------------+
| ('G8', 0)  | G8_0(0.0)  | G8_0(1.0)       | G8_0(0.0)  | G8_0(1.0)      | G8_0(0.0)  | G8_0(1.0)  | G8_0(0.0)  | G8_0(1.0)  | G8_0(0.0)  | G8_0(1.0)       | G8_0(0.0)       | G8_0(1.0)        | G8_0(0.0)       | G8_0(1.0)  | G8_0(0.0)      | G8_0(1.0)  |
+------------+------------+-----------------+------------+----------------+------------+------------+------------+------------+------------+-----------------+-----------------+------------------+-----------------+------------+----------------+------------+
| G2(0.0)    | 0.5        | 0.975247524752  | 0.5        | 0.880952380952 | 0.5        | 0.5        | 0.5        | 0.5        | 0.5        | 0.99530956848   | 0.984848484848  | 0.996025437202   | 0.952830188679  | 0.5        | 0.119047619048 | 0.5        |
+------------+------------+-----------------+------------+----------------+------------+------------+------------+------------+------------+-----------------+-----------------+------------------+-----------------+------------+----------------+------------+
| G2(1.0)    | 0.5        | 0.0247524752475 | 0.5        | 0.119047619048 | 0.5        | 0.5        | 0.5        | 0.5        | 0.5        | 0.0046904315197 | 0.0151515151515 | 0.00397456279809 | 0.0471698113208 | 0.5        | 0.880952380952 | 0.5        |
+------------+------------+-----------------+------------+----------------+------------+------------+------------+------------+------------+-----------------+-----------------+------------------+-----------------+------------+----------------+------------+
+-----------+----------------+-----------+----------------+-----------------+-----------------+------------------+-----------+----------------+
| ('G1', 0) | G1_0(0.0)      | G1_0(0.0) | G1_0(0.0)      | G1_0(0.0)       | G1_0(1.0)       | G1_0(1.0)        | G1_0(1.0) | G1_0(1.0)      |
+-----------+----------------+-----------+----------------+-----------------+-----------------+------------------+-----------+----------------+
| ('G5', 1) | G5_1(0.0)      | G5_1(0.0) | G5_1(1.0)      | G5_1(1.0)       | G5_1(0.0)       | G5_1(0.0)        | G5_1(1.0) | G5_1(1.0)      |
+-----------+----------------+-----------+----------------+-----------------+-----------------+------------------+-----------+----------------+
| ('G6', 0) | G6_0(0.0)      | G6_0(1.0) | G6_0(0.0)      | G6_0(1.0)       | G6_0(0.0)       | G6_0(1.0)        | G6_0(0.0) | G6_0(1.0)      |
+-----------+----------------+-----------+----------------+-----------------+-----------------+------------------+-----------+----------------+
| G1(0.0)   | 0.807692307692 | 0.5       | 0.637931034483 | 0.921052631579  | 0.0475113122172 | 0.00605326876513 | 0.5       | 0.192307692308 |
+-----------+----------------+-----------+----------------+-----------------+-----------------+------------------+-----------+----------------+
| G1(1.0)   | 0.192307692308 | 0.5       | 0.362068965517 | 0.0789473684211 | 0.952488687783  | 0.993946731235   | 0.5       | 0.807692307692 |
+-----------+----------------+-----------+----------------+-----------------+-----------------+------------------+-----------+----------------+
+-----------+-----------+-----------+-----------+------------------+-----------------+-----------------+----------------+------------------+-----------+-----------+-----------+-----------+-----------------+-----------+----------------+-----------+
| ('G2', 0) | G2_0(0.0) | G2_0(0.0) | G2_0(0.0) | G2_0(0.0)        | G2_0(0.0)       | G2_0(0.0)       | G2_0(0.0)      | G2_0(0.0)        | G2_0(1.0) | G2_0(1.0) | G2_0(1.0) | G2_0(1.0) | G2_0(1.0)       | G2_0(1.0) | G2_0(1.0)      | G2_0(1.0) |
+-----------+-----------+-----------+-----------+------------------+-----------------+-----------------+----------------+------------------+-----------+-----------+-----------+-----------+-----------------+-----------+----------------+-----------+
| ('G6', 0) | G6_0(0.0) | G6_0(0.0) | G6_0(0.0) | G6_0(0.0)        | G6_0(1.0)       | G6_0(1.0)       | G6_0(1.0)      | G6_0(1.0)        | G6_0(0.0) | G6_0(0.0) | G6_0(0.0) | G6_0(0.0) | G6_0(1.0)       | G6_0(1.0) | G6_0(1.0)      | G6_0(1.0) |
+-----------+-----------+-----------+-----------+------------------+-----------------+-----------------+----------------+------------------+-----------+-----------+-----------+-----------+-----------------+-----------+----------------+-----------+
| ('G7', 1) | G7_1(0.0) | G7_1(0.0) | G7_1(1.0) | G7_1(1.0)        | G7_1(0.0)       | G7_1(0.0)       | G7_1(1.0)      | G7_1(1.0)        | G7_1(0.0) | G7_1(0.0) | G7_1(1.0) | G7_1(1.0) | G7_1(0.0)       | G7_1(0.0) | G7_1(1.0)      | G7_1(1.0) |
+-----------+-----------+-----------+-----------+------------------+-----------------+-----------------+----------------+------------------+-----------+-----------+-----------+-----------+-----------------+-----------+----------------+-----------+
| ('G9', 0) | G9_0(0.0) | G9_0(1.0) | G9_0(0.0) | G9_0(1.0)        | G9_0(0.0)       | G9_0(1.0)       | G9_0(0.0)      | G9_0(1.0)        | G9_0(0.0) | G9_0(1.0) | G9_0(0.0) | G9_0(1.0) | G9_0(0.0)       | G9_0(1.0) | G9_0(0.0)      | G9_0(1.0) |
+-----------+-----------+-----------+-----------+------------------+-----------------+-----------------+----------------+------------------+-----------+-----------+-----------+-----------+-----------------+-----------+----------------+-----------+
| G9(0.0)   | 0.5       | 0.5       | 0.5       | 0.00572082379863 | 0.989795918367  | 0.0167785234899 | 0.119047619048 | 0.00397456279809 | 0.5       | 0.5       | 0.5       | 0.5       | 0.952830188679  | 0.5       | 0.119047619048 | 0.5       |
+-----------+-----------+-----------+-----------+------------------+-----------------+-----------------+----------------+------------------+-----------+-----------+-----------+-----------+-----------------+-----------+----------------+-----------+
| G9(1.0)   | 0.5       | 0.5       | 0.5       | 0.994279176201   | 0.0102040816327 | 0.98322147651   | 0.880952380952 | 0.996025437202   | 0.5       | 0.5       | 0.5       | 0.5       | 0.0471698113208 | 0.5       | 0.880952380952 | 0.5       |
+-----------+-----------+-----------+-----------+------------------+-----------------+-----------------+----------------+------------------+-----------+-----------+-----------+-----------+-----------------+-----------+----------------+-----------+
+-----------+-----------+-----------------+-----------+----------------+-----------+-----------+-----------+-----------+-----------------+----------------+----------------+----------------+-----------------+----------------+-----------+-----------+
| ('G1', 1) | G1_1(0.0) | G1_1(0.0)       | G1_1(0.0) | G1_1(0.0)      | G1_1(0.0) | G1_1(0.0) | G1_1(0.0) | G1_1(0.0) | G1_1(1.0)       | G1_1(1.0)      | G1_1(1.0)      | G1_1(1.0)      | G1_1(1.0)       | G1_1(1.0)      | G1_1(1.0) | G1_1(1.0) |
+-----------+-----------+-----------------+-----------+----------------+-----------+-----------+-----------+-----------+-----------------+----------------+----------------+----------------+-----------------+----------------+-----------+-----------+
| ('G2', 0) | G2_0(0.0) | G2_0(0.0)       | G2_0(0.0) | G2_0(0.0)      | G2_0(1.0) | G2_0(1.0) | G2_0(1.0) | G2_0(1.0) | G2_0(0.0)       | G2_0(0.0)      | G2_0(0.0)      | G2_0(0.0)      | G2_0(1.0)       | G2_0(1.0)      | G2_0(1.0) | G2_0(1.0) |
+-----------+-----------+-----------------+-----------+----------------+-----------+-----------+-----------+-----------+-----------------+----------------+----------------+----------------+-----------------+----------------+-----------+-----------+
| ('G8', 0) | G8_0(0.0) | G8_0(0.0)       | G8_0(1.0) | G8_0(1.0)      | G8_0(0.0) | G8_0(0.0) | G8_0(1.0) | G8_0(1.0) | G8_0(0.0)       | G8_0(0.0)      | G8_0(1.0)      | G8_0(1.0)      | G8_0(0.0)       | G8_0(0.0)      | G8_0(1.0) | G8_0(1.0) |
+-----------+-----------+-----------------+-----------+----------------+-----------+-----------+-----------+-----------+-----------------+----------------+----------------+----------------+-----------------+----------------+-----------+-----------+
| ('G9', 1) | G9_1(0.0) | G9_1(1.0)       | G9_1(0.0) | G9_1(1.0)      | G9_1(0.0) | G9_1(1.0) | G9_1(0.0) | G9_1(1.0) | G9_1(0.0)       | G9_1(1.0)      | G9_1(0.0)      | G9_1(1.0)      | G9_1(0.0)       | G9_1(1.0)      | G9_1(0.0) | G9_1(1.0) |
+-----------+-----------+-----------------+-----------+----------------+-----------+-----------+-----------+-----------+-----------------+----------------+----------------+----------------+-----------------+----------------+-----------+-----------+
| G8(0.0)   | 0.5       | 0.98322147651   | 0.5       | 0.112121212121 | 0.5       | 0.5       | 0.5       | 0.5       | 0.975247524752  | 0.119047619048 | 0.102209944751 | 0.002679528403 | 0.952830188679  | 0.119047619048 | 0.5       | 0.5       |
+-----------+-----------+-----------------+-----------+----------------+-----------+-----------+-----------+-----------+-----------------+----------------+----------------+----------------+-----------------+----------------+-----------+-----------+
| G8(1.0)   | 0.5       | 0.0167785234899 | 0.5       | 0.887878787879 | 0.5       | 0.5       | 0.5       | 0.5       | 0.0247524752475 | 0.880952380952 | 0.897790055249 | 0.997320471597 | 0.0471698113208 | 0.880952380952 | 0.5       | 0.5       |
+-----------+-----------+-----------------+-----------+----------------+-----------+-----------+-----------+-----------+-----------------+----------------+----------------+----------------+-----------------+----------------+-----------+-----------+
+------------+------------+------------+-----------------+----------------+------------+------------+------------+------------+-----------------+-----------------+----------------+------------------+----------------+------------+------------+------------+
| ('G10', 0) | G10_0(0.0) | G10_0(0.0) | G10_0(0.0)      | G10_0(0.0)     | G10_0(0.0) | G10_0(0.0) | G10_0(0.0) | G10_0(0.0) | G10_0(1.0)      | G10_0(1.0)      | G10_0(1.0)     | G10_0(1.0)       | G10_0(1.0)     | G10_0(1.0) | G10_0(1.0) | G10_0(1.0) |
+------------+------------+------------+-----------------+----------------+------------+------------+------------+------------+-----------------+-----------------+----------------+------------------+----------------+------------+------------+------------+
| ('G2', 0)  | G2_0(0.0)  | G2_0(0.0)  | G2_0(0.0)       | G2_0(0.0)      | G2_0(1.0)  | G2_0(1.0)  | G2_0(1.0)  | G2_0(1.0)  | G2_0(0.0)       | G2_0(0.0)       | G2_0(0.0)      | G2_0(0.0)        | G2_0(1.0)      | G2_0(1.0)  | G2_0(1.0)  | G2_0(1.0)  |
+------------+------------+------------+-----------------+----------------+------------+------------+------------+------------+-----------------+-----------------+----------------+------------------+----------------+------------+------------+------------+
| ('G8', 0)  | G8_0(0.0)  | G8_0(0.0)  | G8_0(1.0)       | G8_0(1.0)      | G8_0(0.0)  | G8_0(0.0)  | G8_0(1.0)  | G8_0(1.0)  | G8_0(0.0)       | G8_0(0.0)       | G8_0(1.0)      | G8_0(1.0)        | G8_0(0.0)      | G8_0(0.0)  | G8_0(1.0)  | G8_0(1.0)  |
+------------+------------+------------+-----------------+----------------+------------+------------+------------+------------+-----------------+-----------------+----------------+------------------+----------------+------------+------------+------------+
| ('G9', 0)  | G9_0(0.0)  | G9_0(1.0)  | G9_0(0.0)       | G9_0(1.0)      | G9_0(0.0)  | G9_0(1.0)  | G9_0(0.0)  | G9_0(1.0)  | G9_0(0.0)       | G9_0(1.0)       | G9_0(0.0)      | G9_0(1.0)        | G9_0(0.0)      | G9_0(1.0)  | G9_0(0.0)  | G9_0(1.0)  |
+------------+------------+------------+-----------------+----------------+------------+------------+------------+------------+-----------------+-----------------+----------------+------------------+----------------+------------+------------+------------+
| G10(0.0)   | 0.5        | 0.5        | 0.975247524752  | 0.119047619048 | 0.5        | 0.5        | 0.5        | 0.5        | 0.0247524752475 | 0.0151515151515 | 0.268115942029 | 0.00228728270814 | 0.036231884058 | 0.5        | 0.5        | 0.5        |
+------------+------------+------------+-----------------+----------------+------------+------------+------------+------------+-----------------+-----------------+----------------+------------------+----------------+------------+------------+------------+
| G10(1.0)   | 0.5        | 0.5        | 0.0247524752475 | 0.880952380952 | 0.5        | 0.5        | 0.5        | 0.5        | 0.975247524752  | 0.984848484848  | 0.731884057971 | 0.997712717292   | 0.963768115942 | 0.5        | 0.5        | 0.5        |
+------------+------------+------------+-----------------+----------------+------------+------------+------------+------------+-----------------+-----------------+----------------+------------------+----------------+------------+------------+------------+
[('G7', 'G9'), ('G7', 'G7'), ('G7', 'G4'), ('G7', 'G5'), ('G4', 'G4'), ('G4', 'G3'), ('G4', 'G6'), ('G3', 'G6'), ('G1', 'G3'), ('G1', 'G8'), ('G8', 'G2'), ('G8', 'G10'), ('G8', 'G8'), ('G1', 'G1'), ('G1', 'G5'), ('G5', 'G1'), ('G5', 'G4'), ('G5', 'G5'), ('G9', 'G8'), ('G9', 'G9'), ('G9', 'G6'), ('G9', 'G10'), ('G2', 'G7'), ('G2', 'G5'), ('G2', 'G8'), ('G2', 'G9'), ('G2', 'G2'), ('G2', 'G10'), ('G6', 'G9'), ('G6', 'G1'), ('G10', 'G2'), ('G10', 'G4'), ('G10', 'G3'), ('G10', 'G10'), ('G6', 'G7'), ('G3', 'G7'), ('G3', 'G2')]
