[]
+---------+---+
| G7(0.0) | 1 |
+---------+---+
+---------+---+
| G6(0.0) | 1 |
+---------+---+
+---------+---+
| G5(0.0) | 1 |
+---------+---+
+---------+---+
| G4(0.0) | 1 |
+---------+---+
+---------+---+
| G3(1.0) | 1 |
+---------+---+
+---------+---+
| G2(1.0) | 1 |
+---------+---+
+---------+---+
| G1(1.0) | 1 |
+---------+---+
+---------+---+
| G9(0.0) | 1 |
+---------+---+
+---------+---+
| G8(1.0) | 1 |
+---------+---+
+----------+---+
| G10(1.0) | 1 |
+----------+---+
[(('G7', 1), ('G9', 1)), (('G7', 0), ('G7', 1)), (('G7', 0), ('G6', 1)), (('G7', 0), ('G5', 1)), (('G4', 0), ('G7', 1)), (('G4', 0), ('G2', 1)), (('G4', 0), ('G4', 1)), (('G8', 0), ('G9', 1)), (('G8', 0), ('G8', 1)), (('G1', 0), ('G1', 1)), (('G1', 0), ('G8', 1)), (('G5', 1), ('G4', 1)), (('G5', 0), ('G2', 1)), (('G5', 0), ('G3', 1)), (('G9', 1), ('G4', 1)), (('G9', 1), ('G6', 1)), (('G9', 0), ('G2', 1)), (('G9', 0), ('G9', 1)), (('G2', 0), ('G2', 1)), (('G2', 1), ('G1', 1)), (('G2', 1), ('G3', 1)), (('G6', 0), ('G1', 1)), (('G6', 0), ('G6', 1)), (('G10', 1), ('G5', 1)), (('G10', 1), ('G8', 1)), (('G10', 0), ('G9', 1)), (('G10', 0), ('G3', 1)), (('G10', 0), ('G6', 1)), (('G10', 0), ('G10', 1)), (('G6', 1), ('G5', 1)), (('G6', 1), ('G8', 1)), (('G3', 0), ('G7', 1)), (('G3', 0), ('G4', 1)), (('G3', 0), ('G3', 1))]
+-----------+----------------+-----------+-----------------+-----------------+------------------+-----------+-----------------+----------------+
| ('G3', 0) | G3_0(0.0)      | G3_0(0.0) | G3_0(0.0)       | G3_0(0.0)       | G3_0(1.0)        | G3_0(1.0) | G3_0(1.0)       | G3_0(1.0)      |
+-----------+----------------+-----------+-----------------+-----------------+------------------+-----------+-----------------+----------------+
| ('G4', 0) | G4_0(0.0)      | G4_0(0.0) | G4_0(1.0)       | G4_0(1.0)       | G4_0(0.0)        | G4_0(0.0) | G4_0(1.0)       | G4_0(1.0)      |
+-----------+----------------+-----------+-----------------+-----------------+------------------+-----------+-----------------+----------------+
| ('G7', 0) | G7_0(0.0)      | G7_0(1.0) | G7_0(0.0)       | G7_0(1.0)       | G7_0(0.0)        | G7_0(1.0) | G7_0(0.0)       | G7_0(1.0)      |
+-----------+----------------+-----------+-----------------+-----------------+------------------+-----------+-----------------+----------------+
| G7(0.0)   | 0.637931034483 | 0.5       | 0.98322147651   | 0.0294117647059 | 0.994279176201   | 0.5       | 0.977064220183  | 0.807692307692 |
+-----------+----------------+-----------+-----------------+-----------------+------------------+-----------+-----------------+----------------+
| G7(1.0)   | 0.362068965517 | 0.5       | 0.0167785234899 | 0.970588235294  | 0.00572082379863 | 0.5       | 0.0229357798165 | 0.192307692308 |
+-----------+----------------+-----------+-----------------+-----------------+------------------+-----------+-----------------+----------------+
+------------+------------+-----------------+------------+------------+----------------+-----------------+------------+-----------------+-----------------+----------------+------------+------------+-----------------+----------------+------------+-----------------+
| ('G10', 0) | G10_0(0.0) | G10_0(0.0)      | G10_0(0.0) | G10_0(0.0) | G10_0(0.0)     | G10_0(0.0)      | G10_0(0.0) | G10_0(0.0)      | G10_0(1.0)      | G10_0(1.0)     | G10_0(1.0) | G10_0(1.0) | G10_0(1.0)      | G10_0(1.0)     | G10_0(1.0) | G10_0(1.0)      |
+------------+------------+-----------------+------------+------------+----------------+-----------------+------------+-----------------+-----------------+----------------+------------+------------+-----------------+----------------+------------+-----------------+
| ('G6', 0)  | G6_0(0.0)  | G6_0(0.0)       | G6_0(0.0)  | G6_0(0.0)  | G6_0(1.0)      | G6_0(1.0)       | G6_0(1.0)  | G6_0(1.0)       | G6_0(0.0)       | G6_0(0.0)      | G6_0(0.0)  | G6_0(0.0)  | G6_0(1.0)       | G6_0(1.0)      | G6_0(1.0)  | G6_0(1.0)       |
+------------+------------+-----------------+------------+------------+----------------+-----------------+------------+-----------------+-----------------+----------------+------------+------------+-----------------+----------------+------------+-----------------+
| ('G7', 0)  | G7_0(0.0)  | G7_0(0.0)       | G7_0(1.0)  | G7_0(1.0)  | G7_0(0.0)      | G7_0(0.0)       | G7_0(1.0)  | G7_0(1.0)       | G7_0(0.0)       | G7_0(0.0)      | G7_0(1.0)  | G7_0(1.0)  | G7_0(0.0)       | G7_0(0.0)      | G7_0(1.0)  | G7_0(1.0)       |
+------------+------------+-----------------+------------+------------+----------------+-----------------+------------+-----------------+-----------------+----------------+------------+------------+-----------------+----------------+------------+-----------------+
| ('G9', 1)  | G9_1(0.0)  | G9_1(1.0)       | G9_1(0.0)  | G9_1(1.0)  | G9_1(0.0)      | G9_1(1.0)       | G9_1(0.0)  | G9_1(1.0)       | G9_1(0.0)       | G9_1(1.0)      | G9_1(0.0)  | G9_1(1.0)  | G9_1(0.0)       | G9_1(1.0)      | G9_1(0.0)  | G9_1(1.0)       |
+------------+------------+-----------------+------------+------------+----------------+-----------------+------------+-----------------+-----------------+----------------+------------+------------+-----------------+----------------+------------+-----------------+
| G6(0.0)    | 0.5        | 0.986187845304  | 0.5        | 0.5        | 0.036231884058 | 0.0117370892019 | 0.5        | 0.0247524752475 | 0.963073852295  | 0.963768115942 | 0.5        | 0.5        | 0.0167785234899 | 0.337563451777 | 0.5        | 0.0471698113208 |
+------------+------------+-----------------+------------+------------+----------------+-----------------+------------+-----------------+-----------------+----------------+------------+------------+-----------------+----------------+------------+-----------------+
| G6(1.0)    | 0.5        | 0.0138121546961 | 0.5        | 0.5        | 0.963768115942 | 0.988262910798  | 0.5        | 0.975247524752  | 0.0369261477046 | 0.036231884058 | 0.5        | 0.5        | 0.98322147651   | 0.662436548223 | 0.5        | 0.952830188679  |
+------------+------------+-----------------+------------+------------+----------------+-----------------+------------+-----------------+-----------------+----------------+------------+------------+-----------------+----------------+------------+-----------------+
+------------+------------+----------------+----------------+-----------------+------------------+------------+-----------------+-----------------+
| ('G10', 1) | G10_1(0.0) | G10_1(0.0)     | G10_1(0.0)     | G10_1(0.0)      | G10_1(1.0)       | G10_1(1.0) | G10_1(1.0)      | G10_1(1.0)      |
+------------+------------+----------------+----------------+-----------------+------------------+------------+-----------------+-----------------+
| ('G6', 1)  | G6_1(0.0)  | G6_1(0.0)      | G6_1(1.0)      | G6_1(1.0)       | G6_1(0.0)        | G6_1(0.0)  | G6_1(1.0)       | G6_1(1.0)       |
+------------+------------+----------------+----------------+-----------------+------------------+------------+-----------------+-----------------+
| ('G7', 0)  | G7_0(0.0)  | G7_0(1.0)      | G7_0(0.0)      | G7_0(1.0)       | G7_0(0.0)        | G7_0(1.0)  | G7_0(0.0)       | G7_0(1.0)       |
+------------+------------+----------------+----------------+-----------------+------------------+------------+-----------------+-----------------+
| G5(0.0)    | 0.98       | 0.807692307692 | 0.471631205674 | 0.0471698113208 | 0.991467576792   | 0.5        | 0.984848484848  | 0.0675675675676 |
+------------+------------+----------------+----------------+-----------------+------------------+------------+-----------------+-----------------+
| G5(1.0)    | 0.02       | 0.192307692308 | 0.528368794326 | 0.952830188679  | 0.00853242320819 | 0.5        | 0.0151515151515 | 0.932432432432  |
+------------+------------+----------------+----------------+-----------------+------------------+------------+-----------------+-----------------+
+-----------+-----------+-----------------+-----------+-----------+----------------+-----------------+-----------+-----------------+-----------------+----------------+----------------+----------------+----------------+----------------+----------------+-----------------+
| ('G3', 0) | G3_0(0.0) | G3_0(0.0)       | G3_0(0.0) | G3_0(0.0) | G3_0(0.0)      | G3_0(0.0)       | G3_0(0.0) | G3_0(0.0)       | G3_0(1.0)       | G3_0(1.0)      | G3_0(1.0)      | G3_0(1.0)      | G3_0(1.0)      | G3_0(1.0)      | G3_0(1.0)      | G3_0(1.0)       |
+-----------+-----------+-----------------+-----------+-----------+----------------+-----------------+-----------+-----------------+-----------------+----------------+----------------+----------------+----------------+----------------+----------------+-----------------+
| ('G4', 0) | G4_0(0.0) | G4_0(0.0)       | G4_0(0.0) | G4_0(0.0) | G4_0(1.0)      | G4_0(1.0)       | G4_0(1.0) | G4_0(1.0)       | G4_0(0.0)       | G4_0(0.0)      | G4_0(0.0)      | G4_0(0.0)      | G4_0(1.0)      | G4_0(1.0)      | G4_0(1.0)      | G4_0(1.0)       |
+-----------+-----------+-----------------+-----------+-----------+----------------+-----------------+-----------+-----------------+-----------------+----------------+----------------+----------------+----------------+----------------+----------------+-----------------+
| ('G5', 1) | G5_1(0.0) | G5_1(0.0)       | G5_1(1.0) | G5_1(1.0) | G5_1(0.0)      | G5_1(0.0)       | G5_1(1.0) | G5_1(1.0)       | G5_1(0.0)       | G5_1(0.0)      | G5_1(1.0)      | G5_1(1.0)      | G5_1(0.0)      | G5_1(0.0)      | G5_1(1.0)      | G5_1(1.0)       |
+-----------+-----------+-----------------+-----------+-----------+----------------+-----------------+-----------+-----------------+-----------------+----------------+----------------+----------------+----------------+----------------+----------------+-----------------+
| ('G9', 1) | G9_1(0.0) | G9_1(1.0)       | G9_1(0.0) | G9_1(1.0) | G9_1(0.0)      | G9_1(1.0)       | G9_1(0.0) | G9_1(1.0)       | G9_1(0.0)       | G9_1(1.0)      | G9_1(0.0)      | G9_1(1.0)      | G9_1(0.0)      | G9_1(1.0)      | G9_1(0.0)      | G9_1(1.0)       |
+-----------+-----------+-----------------+-----------+-----------+----------------+-----------------+-----------+-----------------+-----------------+----------------+----------------+----------------+----------------+----------------+----------------+-----------------+
| G4(0.0)   | 0.5       | 0.0471698113208 | 0.5       | 0.5       | 0.119047619048 | 0.0102040816327 | 0.5       | 0.0126903553299 | 0.969011725293  | 0.762910798122 | 0.650943396226 | 0.119047619048 | 0.658415841584 | 0.594117647059 | 0.119047619048 | 0.932432432432  |
+-----------+-----------+-----------------+-----------+-----------+----------------+-----------------+-----------+-----------------+-----------------+----------------+----------------+----------------+----------------+----------------+----------------+-----------------+
| G4(1.0)   | 0.5       | 0.952830188679  | 0.5       | 0.5       | 0.880952380952 | 0.989795918367  | 0.5       | 0.98730964467   | 0.0309882747069 | 0.237089201878 | 0.349056603774 | 0.880952380952 | 0.341584158416 | 0.405882352941 | 0.880952380952 | 0.0675675675676 |
+-----------+-----------+-----------------+-----------+-----------+----------------+-----------------+-----------+-----------------+-----------------+----------------+----------------+----------------+----------------+----------------+----------------+-----------------+
+------------+-----------------+-----------------+------------+------------+-----------------+----------------+----------------+-----------------+-----------------+------------+-----------------+-----------------+----------------+------------+------------------+------------+
| ('G10', 0) | G10_0(0.0)      | G10_0(0.0)      | G10_0(0.0) | G10_0(0.0) | G10_0(0.0)      | G10_0(0.0)     | G10_0(0.0)     | G10_0(0.0)      | G10_0(1.0)      | G10_0(1.0) | G10_0(1.0)      | G10_0(1.0)      | G10_0(1.0)     | G10_0(1.0) | G10_0(1.0)       | G10_0(1.0) |
+------------+-----------------+-----------------+------------+------------+-----------------+----------------+----------------+-----------------+-----------------+------------+-----------------+-----------------+----------------+------------+------------------+------------+
| ('G2', 1)  | G2_1(0.0)       | G2_1(0.0)       | G2_1(0.0)  | G2_1(0.0)  | G2_1(1.0)       | G2_1(1.0)      | G2_1(1.0)      | G2_1(1.0)       | G2_1(0.0)       | G2_1(0.0)  | G2_1(0.0)       | G2_1(0.0)       | G2_1(1.0)      | G2_1(1.0)  | G2_1(1.0)        | G2_1(1.0)  |
+------------+-----------------+-----------------+------------+------------+-----------------+----------------+----------------+-----------------+-----------------+------------+-----------------+-----------------+----------------+------------+------------------+------------+
| ('G3', 0)  | G3_0(0.0)       | G3_0(0.0)       | G3_0(1.0)  | G3_0(1.0)  | G3_0(0.0)       | G3_0(0.0)      | G3_0(1.0)      | G3_0(1.0)       | G3_0(0.0)       | G3_0(0.0)  | G3_0(1.0)       | G3_0(1.0)       | G3_0(0.0)      | G3_0(0.0)  | G3_0(1.0)        | G3_0(1.0)  |
+------------+-----------------+-----------------+------------+------------+-----------------+----------------+----------------+-----------------+-----------------+------------+-----------------+-----------------+----------------+------------+------------------+------------+
| ('G5', 0)  | G5_0(0.0)       | G5_0(1.0)       | G5_0(0.0)  | G5_0(1.0)  | G5_0(0.0)       | G5_0(1.0)      | G5_0(0.0)      | G5_0(1.0)       | G5_0(0.0)       | G5_0(1.0)  | G5_0(0.0)       | G5_0(1.0)       | G5_0(0.0)      | G5_0(1.0)  | G5_0(0.0)        | G5_0(1.0)  |
+------------+-----------------+-----------------+------------+------------+-----------------+----------------+----------------+-----------------+-----------------+------------+-----------------+-----------------+----------------+------------+------------------+------------+
| G3(0.0)    | 0.978632478632  | 0.98322147651   | 0.5        | 0.5        | 0.981203007519  | 0.880952380952 | 0.446308724832 | 0.0247524752475 | 0.0471698113208 | 0.5        | 0.0294117647059 | 0.0675675675676 | 0.880952380952 | 0.5        | 0.00337381916329 | 0.5        |
+------------+-----------------+-----------------+------------+------------+-----------------+----------------+----------------+-----------------+-----------------+------------+-----------------+-----------------+----------------+------------+------------------+------------+
| G3(1.0)    | 0.0213675213675 | 0.0167785234899 | 0.5        | 0.5        | 0.0187969924812 | 0.119047619048 | 0.553691275168 | 0.975247524752  | 0.952830188679  | 0.5        | 0.970588235294  | 0.932432432432  | 0.119047619048 | 0.5        | 0.996626180837   | 0.5        |
+------------+-----------------+-----------------+------------+------------+-----------------+----------------+----------------+-----------------+-----------------+------------+-----------------+-----------------+----------------+------------+------------------+------------+
+-----------+-----------+----------------+-----------+----------------+----------------+----------------+-----------+-----------------+------------------+----------------+-----------------+----------------+-----------------+----------------+-----------------+----------------+
| ('G2', 0) | G2_0(0.0) | G2_0(0.0)      | G2_0(0.0) | G2_0(0.0)      | G2_0(0.0)      | G2_0(0.0)      | G2_0(0.0) | G2_0(0.0)       | G2_0(1.0)        | G2_0(1.0)      | G2_0(1.0)       | G2_0(1.0)      | G2_0(1.0)       | G2_0(1.0)      | G2_0(1.0)       | G2_0(1.0)      |
+-----------+-----------+----------------+-----------+----------------+----------------+----------------+-----------+-----------------+------------------+----------------+-----------------+----------------+-----------------+----------------+-----------------+----------------+
| ('G4', 0) | G4_0(0.0) | G4_0(0.0)      | G4_0(0.0) | G4_0(0.0)      | G4_0(1.0)      | G4_0(1.0)      | G4_0(1.0) | G4_0(1.0)       | G4_0(0.0)        | G4_0(0.0)      | G4_0(0.0)       | G4_0(0.0)      | G4_0(1.0)       | G4_0(1.0)      | G4_0(1.0)       | G4_0(1.0)      |
+-----------+-----------+----------------+-----------+----------------+----------------+----------------+-----------+-----------------+------------------+----------------+-----------------+----------------+-----------------+----------------+-----------------+----------------+
| ('G5', 0) | G5_0(0.0) | G5_0(0.0)      | G5_0(1.0) | G5_0(1.0)      | G5_0(0.0)      | G5_0(0.0)      | G5_0(1.0) | G5_0(1.0)       | G5_0(0.0)        | G5_0(0.0)      | G5_0(1.0)       | G5_0(1.0)      | G5_0(0.0)       | G5_0(0.0)      | G5_0(1.0)       | G5_0(1.0)      |
+-----------+-----------+----------------+-----------+----------------+----------------+----------------+-----------+-----------------+------------------+----------------+-----------------+----------------+-----------------+----------------+-----------------+----------------+
| ('G9', 0) | G9_0(0.0) | G9_0(1.0)      | G9_0(0.0) | G9_0(1.0)      | G9_0(0.0)      | G9_0(1.0)      | G9_0(0.0) | G9_0(1.0)       | G9_0(0.0)        | G9_0(1.0)      | G9_0(0.0)       | G9_0(1.0)      | G9_0(0.0)       | G9_0(1.0)      | G9_0(0.0)       | G9_0(1.0)      |
+-----------+-----------+----------------+-----------+----------------+----------------+----------------+-----------+-----------------+------------------+----------------+-----------------+----------------+-----------------+----------------+-----------------+----------------+
| G2(0.0)   | 0.5       | 0.036231884058 | 0.5       | 0.880952380952 | 0.119047619048 | 0.693939393939 | 0.5       | 0.98730964467   | 0.00397456279809 | 0.231543624161 | 0.0471698113208 | 0.119047619048 | 0.0471698113208 | 0.462441314554 | 0.0675675675676 | 0.119047619048 |
+-----------+-----------+----------------+-----------+----------------+----------------+----------------+-----------+-----------------+------------------+----------------+-----------------+----------------+-----------------+----------------+-----------------+----------------+
| G2(1.0)   | 0.5       | 0.963768115942 | 0.5       | 0.119047619048 | 0.880952380952 | 0.306060606061 | 0.5       | 0.0126903553299 | 0.996025437202   | 0.768456375839 | 0.952830188679  | 0.880952380952 | 0.952830188679  | 0.537558685446 | 0.932432432432  | 0.880952380952 |
+-----------+-----------+----------------+-----------+----------------+----------------+----------------+-----------+-----------------+------------------+----------------+-----------------+----------------+-----------------+----------------+-----------------+----------------+
+-----------+----------------+-----------------+----------------+-----------------+----------------+-----------+-----------------+-----------------+
| ('G1', 0) | G1_0(0.0)      | G1_0(0.0)       | G1_0(0.0)      | G1_0(0.0)       | G1_0(1.0)      | G1_0(1.0) | G1_0(1.0)       | G1_0(1.0)       |
+-----------+----------------+-----------------+----------------+-----------------+----------------+-----------+-----------------+-----------------+
| ('G2', 1) | G2_1(0.0)      | G2_1(0.0)       | G2_1(1.0)      | G2_1(1.0)       | G2_1(0.0)      | G2_1(0.0) | G2_1(1.0)       | G2_1(1.0)       |
+-----------+----------------+-----------------+----------------+-----------------+----------------+-----------+-----------------+-----------------+
| ('G6', 0) | G6_0(0.0)      | G6_0(1.0)       | G6_0(0.0)      | G6_0(1.0)       | G6_0(0.0)      | G6_0(1.0) | G6_0(0.0)       | G6_0(1.0)       |
+-----------+----------------+-----------------+----------------+-----------------+----------------+-----------+-----------------+-----------------+
| G1(0.0)   | 0.716216216216 | 0.929530201342  | 0.551948051948 | 0.975247524752  | 0.880952380952 | 0.5       | 0.0348837209302 | 0.0229357798165 |
+-----------+----------------+-----------------+----------------+-----------------+----------------+-----------+-----------------+-----------------+
| G1(1.0)   | 0.283783783784 | 0.0704697986577 | 0.448051948052 | 0.0247524752475 | 0.119047619048 | 0.5       | 0.96511627907   | 0.977064220183  |
+-----------+----------------+-----------------+----------------+-----------------+----------------+-----------+-----------------+-----------------+
+------------+----------------+-----------------+-----------------+-----------------+------------+-----------------+------------+------------+----------------+-----------------+------------------+---------------+------------+-----------------+------------+------------+
| ('G10', 0) | G10_0(0.0)     | G10_0(0.0)      | G10_0(0.0)      | G10_0(0.0)      | G10_0(0.0) | G10_0(0.0)      | G10_0(0.0) | G10_0(0.0) | G10_0(1.0)     | G10_0(1.0)      | G10_0(1.0)       | G10_0(1.0)    | G10_0(1.0) | G10_0(1.0)      | G10_0(1.0) | G10_0(1.0) |
+------------+----------------+-----------------+-----------------+-----------------+------------+-----------------+------------+------------+----------------+-----------------+------------------+---------------+------------+-----------------+------------+------------+
| ('G7', 1)  | G7_1(0.0)      | G7_1(0.0)       | G7_1(0.0)       | G7_1(0.0)       | G7_1(1.0)  | G7_1(1.0)       | G7_1(1.0)  | G7_1(1.0)  | G7_1(0.0)      | G7_1(0.0)       | G7_1(0.0)        | G7_1(0.0)     | G7_1(1.0)  | G7_1(1.0)       | G7_1(1.0)  | G7_1(1.0)  |
+------------+----------------+-----------------+-----------------+-----------------+------------+-----------------+------------+------------+----------------+-----------------+------------------+---------------+------------+-----------------+------------+------------+
| ('G8', 0)  | G8_0(0.0)      | G8_0(0.0)       | G8_0(1.0)       | G8_0(1.0)       | G8_0(0.0)  | G8_0(0.0)       | G8_0(1.0)  | G8_0(1.0)  | G8_0(0.0)      | G8_0(0.0)       | G8_0(1.0)        | G8_0(1.0)     | G8_0(0.0)  | G8_0(0.0)       | G8_0(1.0)  | G8_0(1.0)  |
+------------+----------------+-----------------+-----------------+-----------------+------------+-----------------+------------+------------+----------------+-----------------+------------------+---------------+------------+-----------------+------------+------------+
| ('G9', 0)  | G9_0(0.0)      | G9_0(1.0)       | G9_0(0.0)       | G9_0(1.0)       | G9_0(0.0)  | G9_0(1.0)       | G9_0(0.0)  | G9_0(1.0)  | G9_0(0.0)      | G9_0(1.0)       | G9_0(0.0)        | G9_0(1.0)     | G9_0(0.0)  | G9_0(1.0)       | G9_0(0.0)  | G9_0(1.0)  |
+------------+----------------+-----------------+-----------------+-----------------+------------+-----------------+------------+------------+----------------+-----------------+------------------+---------------+------------+-----------------+------------+------------+
| G9(0.0)    | 0.036231884058 | 0.0095785440613 | 0.981203007519  | 0.0471698113208 | 0.5        | 0.0167785234899 | 0.5        | 0.5        | 0.860902255639 | 0.0117370892019 | 0.994481236203   | 0.62030075188 | 0.5        | 0.0675675675676 | 0.5        | 0.5        |
+------------+----------------+-----------------+-----------------+-----------------+------------+-----------------+------------+------------+----------------+-----------------+------------------+---------------+------------+-----------------+------------+------------+
| G9(1.0)    | 0.963768115942 | 0.990421455939  | 0.0187969924812 | 0.952830188679  | 0.5        | 0.98322147651   | 0.5        | 0.5        | 0.139097744361 | 0.988262910798  | 0.00551876379691 | 0.37969924812 | 0.5        | 0.932432432432  | 0.5        | 0.5        |
+------------+----------------+-----------------+-----------------+-----------------+------------+-----------------+------------+------------+----------------+-----------------+------------------+---------------+------------+-----------------+------------+------------+
+------------+-----------------+-----------------+-----------------+----------------+----------------+----------------+-----------------+------------+----------------+----------------+-----------------+------------+------------+------------------+-----------------+----------------+
| ('G1', 0)  | G1_0(0.0)       | G1_0(0.0)       | G1_0(0.0)       | G1_0(0.0)      | G1_0(0.0)      | G1_0(0.0)      | G1_0(0.0)       | G1_0(0.0)  | G1_0(1.0)      | G1_0(1.0)      | G1_0(1.0)       | G1_0(1.0)  | G1_0(1.0)  | G1_0(1.0)        | G1_0(1.0)       | G1_0(1.0)      |
+------------+-----------------+-----------------+-----------------+----------------+----------------+----------------+-----------------+------------+----------------+----------------+-----------------+------------+------------+------------------+-----------------+----------------+
| ('G10', 1) | G10_1(0.0)      | G10_1(0.0)      | G10_1(0.0)      | G10_1(0.0)     | G10_1(1.0)     | G10_1(1.0)     | G10_1(1.0)      | G10_1(1.0) | G10_1(0.0)     | G10_1(0.0)     | G10_1(0.0)      | G10_1(0.0) | G10_1(1.0) | G10_1(1.0)       | G10_1(1.0)      | G10_1(1.0)     |
+------------+-----------------+-----------------+-----------------+----------------+----------------+----------------+-----------------+------------+----------------+----------------+-----------------+------------+------------+------------------+-----------------+----------------+
| ('G6', 1)  | G6_1(0.0)       | G6_1(0.0)       | G6_1(1.0)       | G6_1(1.0)      | G6_1(0.0)      | G6_1(0.0)      | G6_1(1.0)       | G6_1(1.0)  | G6_1(0.0)      | G6_1(0.0)      | G6_1(1.0)       | G6_1(1.0)  | G6_1(0.0)  | G6_1(0.0)        | G6_1(1.0)       | G6_1(1.0)      |
+------------+-----------------+-----------------+-----------------+----------------+----------------+----------------+-----------------+------------+----------------+----------------+-----------------+------------+------------+------------------+-----------------+----------------+
| ('G8', 0)  | G8_0(0.0)       | G8_0(1.0)       | G8_0(0.0)       | G8_0(1.0)      | G8_0(0.0)      | G8_0(1.0)      | G8_0(0.0)       | G8_0(1.0)  | G8_0(0.0)      | G8_0(1.0)      | G8_0(0.0)       | G8_0(1.0)  | G8_0(0.0)  | G8_0(1.0)        | G8_0(0.0)       | G8_0(1.0)      |
+------------+-----------------+-----------------+-----------------+----------------+----------------+----------------+-----------------+------------+----------------+----------------+-----------------+------------+------------+------------------+-----------------+----------------+
| G8(0.0)    | 0.932432432432  | 0.0471698113208 | 0.986187845304  | 0.268115942029 | 0.036231884058 | 0.183168316832 | 0.913145539906  | 0.5        | 0.658415841584 | 0.782352941176 | 0.975247524752  | 0.5        | 0.5        | 0.00642673521851 | 0.981203007519  | 0.349056603774 |
+------------+-----------------+-----------------+-----------------+----------------+----------------+----------------+-----------------+------------+----------------+----------------+-----------------+------------+------------+------------------+-----------------+----------------+
| G8(1.0)    | 0.0675675675676 | 0.952830188679  | 0.0138121546961 | 0.731884057971 | 0.963768115942 | 0.816831683168 | 0.0868544600939 | 0.5        | 0.341584158416 | 0.217647058824 | 0.0247524752475 | 0.5        | 0.5        | 0.993573264781   | 0.0187969924812 | 0.650943396226 |
+------------+-----------------+-----------------+-----------------+----------------+----------------+----------------+-----------------+------------+----------------+----------------+-----------------+------------+------------+------------------+-----------------+----------------+
+------------+----------------+-----------------+
| ('G10', 0) | G10_0(0.0)     | G10_0(1.0)      |
+------------+----------------+-----------------+
| G10(0.0)   | 0.876470588235 | 0.0691056910569 |
+------------+----------------+-----------------+
| G10(1.0)   | 0.123529411765 | 0.930894308943  |
+------------+----------------+-----------------+
[('G7', 'G9'), ('G7', 'G7'), ('G7', 'G6'), ('G7', 'G5'), ('G4', 'G7'), ('G4', 'G2'), ('G4', 'G4'), ('G8', 'G9'), ('G8', 'G8'), ('G1', 'G1'), ('G1', 'G8'), ('G5', 'G4'), ('G5', 'G2'), ('G5', 'G3'), ('G9', 'G4'), ('G9', 'G6'), ('G9', 'G2'), ('G9', 'G9'), ('G2', 'G2'), ('G2', 'G1'), ('G2', 'G3'), ('G6', 'G1'), ('G6', 'G6'), ('G10', 'G5'), ('G10', 'G8'), ('G10', 'G9'), ('G10', 'G3'), ('G10', 'G6'), ('G10', 'G10'), ('G6', 'G5'), ('G6', 'G8'), ('G3', 'G7'), ('G3', 'G4'), ('G3', 'G3')]
