[('G1', 'G9')]
+---------+---+
| G7(0.0) | 1 |
+---------+---+
+---------+---+
| G6(0.0) | 1 |
+---------+---+
+---------+---+
| G5(1.0) | 1 |
+---------+---+
+---------+---+
| G4(1.0) | 1 |
+---------+---+
+---------+---+
| G3(1.0) | 1 |
+---------+---+
+---------+---+
| G2(0.0) | 1 |
+---------+---+
+---------+------+
| G1(0.0) | 0.35 |
+---------+------+
| G1(1.0) | 0.65 |
+---------+------+
+---------+----------------+----------------+
| G1      | G1(0.0)        | G1(1.0)        |
+---------+----------------+----------------+
| G9(0.0) | 0.357142857143 | 0.653846153846 |
+---------+----------------+----------------+
| G9(1.0) | 0.642857142857 | 0.346153846154 |
+---------+----------------+----------------+
+---------+---+
| G8(1.0) | 1 |
+---------+---+
+----------+---+
| G10(1.0) | 1 |
+----------+---+
[(('G7', 1), ('G2', 1)), (('G7', 0), ('G7', 1)), (('G4', 0), ('G1', 1)), (('G4', 0), ('G4', 1)), (('G4', 0), ('G5', 1)), (('G3', 1), ('G10', 1)), (('G1', 1), ('G9', 1)), (('G1', 1), ('G10', 1)), (('G8', 0), ('G10', 1)), (('G8', 0), ('G8', 1)), (('G1', 0), ('G1', 1)), (('G1', 0), ('G8', 1)), (('G5', 1), ('G7', 1)), (('G5', 1), ('G4', 1)), (('G8', 1), ('G7', 1)), (('G8', 1), ('G4', 1)), (('G8', 1), ('G5', 1)), (('G5', 0), ('G5', 1)), (('G2', 0), ('G7', 1)), (('G2', 0), ('G2', 1)), (('G2', 0), ('G1', 1)), (('G2', 0), ('G3', 1)), (('G2', 1), ('G4', 1)), (('G10', 0), ('G2', 1)), (('G10', 0), ('G1', 1)), (('G10', 0), ('G8', 1)), (('G10', 0), ('G10', 1)), (('G3', 0), ('G3', 1)), (('G3', 0), ('G8', 1))]
+-----------+-----------+-----------------+-----------+-----------+----------------+------------------+-----------+----------------+----------------+----------------+-----------+-----------------+-----------------+----------------+-----------+----------------+
| ('G2', 0) | G2_0(0.0) | G2_0(0.0)       | G2_0(0.0) | G2_0(0.0) | G2_0(0.0)      | G2_0(0.0)        | G2_0(0.0) | G2_0(0.0)      | G2_0(1.0)      | G2_0(1.0)      | G2_0(1.0) | G2_0(1.0)       | G2_0(1.0)       | G2_0(1.0)      | G2_0(1.0) | G2_0(1.0)      |
+-----------+-----------+-----------------+-----------+-----------+----------------+------------------+-----------+----------------+----------------+----------------+-----------+-----------------+-----------------+----------------+-----------+----------------+
| ('G5', 1) | G5_1(0.0) | G5_1(0.0)       | G5_1(0.0) | G5_1(0.0) | G5_1(1.0)      | G5_1(1.0)        | G5_1(1.0) | G5_1(1.0)      | G5_1(0.0)      | G5_1(0.0)      | G5_1(0.0) | G5_1(0.0)       | G5_1(1.0)       | G5_1(1.0)      | G5_1(1.0) | G5_1(1.0)      |
+-----------+-----------+-----------------+-----------+-----------+----------------+------------------+-----------+----------------+----------------+----------------+-----------+-----------------+-----------------+----------------+-----------+----------------+
| ('G7', 0) | G7_0(0.0) | G7_0(0.0)       | G7_0(1.0) | G7_0(1.0) | G7_0(0.0)      | G7_0(0.0)        | G7_0(1.0) | G7_0(1.0)      | G7_0(0.0)      | G7_0(0.0)      | G7_0(1.0) | G7_0(1.0)       | G7_0(0.0)       | G7_0(0.0)      | G7_0(1.0) | G7_0(1.0)      |
+-----------+-----------+-----------------+-----------+-----------+----------------+------------------+-----------+----------------+----------------+----------------+-----------+-----------------+-----------------+----------------+-----------+----------------+
| ('G8', 1) | G8_1(0.0) | G8_1(1.0)       | G8_1(0.0) | G8_1(1.0) | G8_1(0.0)      | G8_1(1.0)        | G8_1(0.0) | G8_1(1.0)      | G8_1(0.0)      | G8_1(1.0)      | G8_1(0.0) | G8_1(1.0)       | G8_1(0.0)       | G8_1(1.0)      | G8_1(0.0) | G8_1(1.0)      |
+-----------+-----------+-----------------+-----------+-----------+----------------+------------------+-----------+----------------+----------------+----------------+-----------+-----------------+-----------------+----------------+-----------+----------------+
| G7(0.0)   | 0.5       | 0.970588235294  | 0.5       | 0.5       | 0.880952380952 | 0.994845360825   | 0.5       | 0.880952380952 | 0.880952380952 | 0.119047619048 | 0.5       | 0.0102040816327 | 0.98322147651   | 0.787917737789 | 0.5       | 0.418781725888 |
+-----------+-----------+-----------------+-----------+-----------+----------------+------------------+-----------+----------------+----------------+----------------+-----------+-----------------+-----------------+----------------+-----------+----------------+
| G7(1.0)   | 0.5       | 0.0294117647059 | 0.5       | 0.5       | 0.119047619048 | 0.00515463917526 | 0.5       | 0.119047619048 | 0.119047619048 | 0.880952380952 | 0.5       | 0.989795918367  | 0.0167785234899 | 0.212082262211 | 0.5       | 0.581218274112 |
+-----------+-----------+-----------------+-----------+-----------+----------------+------------------+-----------+----------------+----------------+----------------+-----------+-----------------+-----------------+----------------+-----------+----------------+
+---------+---+
| G6(0.0) | 1 |
+---------+---+
+-----------+-----------+-----------------+-----------------+-----------------+----------------+----------------+----------------+-----------------+
| ('G4', 0) | G4_0(0.0) | G4_0(0.0)       | G4_0(0.0)       | G4_0(0.0)       | G4_0(1.0)      | G4_0(1.0)      | G4_0(1.0)      | G4_0(1.0)       |
+-----------+-----------+-----------------+-----------------+-----------------+----------------+----------------+----------------+-----------------+
| ('G5', 0) | G5_0(0.0) | G5_0(0.0)       | G5_0(1.0)       | G5_0(1.0)       | G5_0(0.0)      | G5_0(0.0)      | G5_0(1.0)      | G5_0(1.0)       |
+-----------+-----------+-----------------+-----------------+-----------------+----------------+----------------+----------------+-----------------+
| ('G8', 1) | G8_1(0.0) | G8_1(1.0)       | G8_1(0.0)       | G8_1(1.0)       | G8_1(0.0)      | G8_1(1.0)      | G8_1(0.0)      | G8_1(1.0)       |
+-----------+-----------+-----------------+-----------------+-----------------+----------------+----------------+----------------+-----------------+
| G5(0.0)   | 0.5       | 0.97311827957   | 0.0324675324675 | 0.0862068965517 | 0.192307692308 | 0.688235294118 | 0.807692307692 | 0.0512572533849 |
+-----------+-----------+-----------------+-----------------+-----------------+----------------+----------------+----------------+-----------------+
| G5(1.0)   | 0.5       | 0.0268817204301 | 0.967532467532  | 0.913793103448  | 0.807692307692 | 0.311764705882 | 0.192307692308 | 0.948742746615  |
+-----------+-----------+-----------------+-----------------+-----------------+----------------+----------------+----------------+-----------------+
+-----------+-----------+-----------------+-----------------+----------------+-----------+-----------------+-----------+------------------+-----------+----------------+-----------------+-----------------+----------------+----------------+----------------+-----------------+
| ('G2', 1) | G2_1(0.0) | G2_1(0.0)       | G2_1(0.0)       | G2_1(0.0)      | G2_1(0.0) | G2_1(0.0)       | G2_1(0.0) | G2_1(0.0)        | G2_1(1.0) | G2_1(1.0)      | G2_1(1.0)       | G2_1(1.0)       | G2_1(1.0)      | G2_1(1.0)      | G2_1(1.0)      | G2_1(1.0)       |
+-----------+-----------+-----------------+-----------------+----------------+-----------+-----------------+-----------+------------------+-----------+----------------+-----------------+-----------------+----------------+----------------+----------------+-----------------+
| ('G4', 0) | G4_0(0.0) | G4_0(0.0)       | G4_0(0.0)       | G4_0(0.0)      | G4_0(1.0) | G4_0(1.0)       | G4_0(1.0) | G4_0(1.0)        | G4_0(0.0) | G4_0(0.0)      | G4_0(0.0)       | G4_0(0.0)       | G4_0(1.0)      | G4_0(1.0)      | G4_0(1.0)      | G4_0(1.0)       |
+-----------+-----------+-----------------+-----------------+----------------+-----------+-----------------+-----------+------------------+-----------+----------------+-----------------+-----------------+----------------+----------------+----------------+-----------------+
| ('G5', 1) | G5_1(0.0) | G5_1(0.0)       | G5_1(1.0)       | G5_1(1.0)      | G5_1(0.0) | G5_1(0.0)       | G5_1(1.0) | G5_1(1.0)        | G5_1(0.0) | G5_1(0.0)      | G5_1(1.0)       | G5_1(1.0)       | G5_1(0.0)      | G5_1(0.0)      | G5_1(1.0)      | G5_1(1.0)       |
+-----------+-----------+-----------------+-----------------+----------------+-----------+-----------------+-----------+------------------+-----------+----------------+-----------------+-----------------+----------------+----------------+----------------+-----------------+
| ('G8', 1) | G8_1(0.0) | G8_1(1.0)       | G8_1(0.0)       | G8_1(1.0)      | G8_1(0.0) | G8_1(1.0)       | G8_1(0.0) | G8_1(1.0)        | G8_1(0.0) | G8_1(1.0)      | G8_1(0.0)       | G8_1(1.0)       | G8_1(0.0)      | G8_1(1.0)      | G8_1(0.0)      | G8_1(1.0)       |
+-----------+-----------+-----------------+-----------------+----------------+-----------+-----------------+-----------+------------------+-----------+----------------+-----------------+-----------------+----------------+----------------+----------------+-----------------+
| G4(0.0)   | 0.5       | 0.0471698113208 | 0.932432432432  | 0.119047619048 | 0.5       | 0.932432432432  | 0.5       | 0.00515463917526 | 0.5       | 0.860902255639 | 0.978632478632  | 0.0675675675676 | 0.119047619048 | 0.259398496241 | 0.880952380952 | 0.0628415300546 |
+-----------+-----------+-----------------+-----------------+----------------+-----------+-----------------+-----------+------------------+-----------+----------------+-----------------+-----------------+----------------+----------------+----------------+-----------------+
| G4(1.0)   | 0.5       | 0.952830188679  | 0.0675675675676 | 0.880952380952 | 0.5       | 0.0675675675676 | 0.5       | 0.994845360825   | 0.5       | 0.139097744361 | 0.0213675213675 | 0.932432432432  | 0.880952380952 | 0.740601503759 | 0.119047619048 | 0.937158469945  |
+-----------+-----------+-----------------+-----------------+----------------+-----------+-----------------+-----------+------------------+-----------+----------------+-----------------+-----------------+----------------+----------------+----------------+-----------------+
+-----------+----------------+----------------+---------------+----------------+
| ('G2', 0) | G2_0(0.0)      | G2_0(0.0)      | G2_0(1.0)     | G2_0(1.0)      |
+-----------+----------------+----------------+---------------+----------------+
| ('G3', 0) | G3_0(0.0)      | G3_0(1.0)      | G3_0(0.0)     | G3_0(1.0)      |
+-----------+----------------+----------------+---------------+----------------+
| G3(0.0)   | 0.391891891892 | 0.119834710744 | 0.84188034188 | 0.187943262411 |
+-----------+----------------+----------------+---------------+----------------+
| G3(1.0)   | 0.608108108108 | 0.880165289256 | 0.15811965812 | 0.812056737589 |
+-----------+----------------+----------------+---------------+----------------+
+------------+----------------+------------+-----------------+-----------------+----------------+------------+----------------+-----------------+
| ('G10', 0) | G10_0(0.0)     | G10_0(0.0) | G10_0(0.0)      | G10_0(0.0)      | G10_0(1.0)     | G10_0(1.0) | G10_0(1.0)     | G10_0(1.0)      |
+------------+----------------+------------+-----------------+-----------------+----------------+------------+----------------+-----------------+
| ('G2', 0)  | G2_0(0.0)      | G2_0(0.0)  | G2_0(1.0)       | G2_0(1.0)       | G2_0(0.0)      | G2_0(0.0)  | G2_0(1.0)      | G2_0(1.0)       |
+------------+----------------+------------+-----------------+-----------------+----------------+------------+----------------+-----------------+
| ('G7', 1)  | G7_1(0.0)      | G7_1(1.0)  | G7_1(0.0)       | G7_1(1.0)       | G7_1(0.0)      | G7_1(1.0)  | G7_1(0.0)      | G7_1(1.0)       |
+------------+----------------+------------+-----------------+-----------------+----------------+------------+----------------+-----------------+
| G2(0.0)    | 0.637931034483 | 0.5        | 0.0213675213675 | 0.0862068965517 | 0.759927797834 | 0.5        | 0.451515151515 | 0.0512195121951 |
+------------+----------------+------------+-----------------+-----------------+----------------+------------+----------------+-----------------+
| G2(1.0)    | 0.362068965517 | 0.5        | 0.978632478632  | 0.913793103448  | 0.240072202166 | 0.5        | 0.548484848485 | 0.948780487805  |
+------------+----------------+------------+-----------------+-----------------+----------------+------------+----------------+-----------------+
+------------+------------+------------+------------+------------+------------+----------------+-----------------+-----------------+------------+-----------------+-----------------+----------------+----------------+----------------+----------------+----------------+
| ('G1', 0)  | G1_0(0.0)  | G1_0(0.0)  | G1_0(0.0)  | G1_0(0.0)  | G1_0(0.0)  | G1_0(0.0)      | G1_0(0.0)       | G1_0(0.0)       | G1_0(1.0)  | G1_0(1.0)       | G1_0(1.0)       | G1_0(1.0)      | G1_0(1.0)      | G1_0(1.0)      | G1_0(1.0)      | G1_0(1.0)      |
+------------+------------+------------+------------+------------+------------+----------------+-----------------+-----------------+------------+-----------------+-----------------+----------------+----------------+----------------+----------------+----------------+
| ('G10', 0) | G10_0(0.0) | G10_0(0.0) | G10_0(0.0) | G10_0(0.0) | G10_0(1.0) | G10_0(1.0)     | G10_0(1.0)      | G10_0(1.0)      | G10_0(0.0) | G10_0(0.0)      | G10_0(0.0)      | G10_0(0.0)     | G10_0(1.0)     | G10_0(1.0)     | G10_0(1.0)     | G10_0(1.0)     |
+------------+------------+------------+------------+------------+------------+----------------+-----------------+-----------------+------------+-----------------+-----------------+----------------+----------------+----------------+----------------+----------------+
| ('G2', 0)  | G2_0(0.0)  | G2_0(0.0)  | G2_0(1.0)  | G2_0(1.0)  | G2_0(0.0)  | G2_0(0.0)      | G2_0(1.0)       | G2_0(1.0)       | G2_0(0.0)  | G2_0(0.0)       | G2_0(1.0)       | G2_0(1.0)      | G2_0(0.0)      | G2_0(0.0)      | G2_0(1.0)      | G2_0(1.0)      |
+------------+------------+------------+------------+------------+------------+----------------+-----------------+-----------------+------------+-----------------+-----------------+----------------+----------------+----------------+----------------+----------------+
| ('G4', 0)  | G4_0(0.0)  | G4_0(1.0)  | G4_0(0.0)  | G4_0(1.0)  | G4_0(0.0)  | G4_0(1.0)      | G4_0(0.0)       | G4_0(1.0)       | G4_0(0.0)  | G4_0(1.0)       | G4_0(0.0)       | G4_0(1.0)      | G4_0(0.0)      | G4_0(1.0)      | G4_0(0.0)      | G4_0(1.0)      |
+------------+------------+------------+------------+------------+------------+----------------+-----------------+-----------------+------------+-----------------+-----------------+----------------+----------------+----------------+----------------+----------------+
| G1(0.0)    | 0.5        | 0.5        | 0.5        | 0.5        | 0.5        | 0.679271708683 | 0.984848484848  | 0.963073852295  | 0.5        | 0.0471698113208 | 0.0187969924812 | 0.124161073826 | 0.036231884058 | 0.740601503759 | 0.119047619048 | 0.650943396226 |
+------------+------------+------------+------------+------------+------------+----------------+-----------------+-----------------+------------+-----------------+-----------------+----------------+----------------+----------------+----------------+----------------+
| G1(1.0)    | 0.5        | 0.5        | 0.5        | 0.5        | 0.5        | 0.320728291317 | 0.0151515151515 | 0.0369261477046 | 0.5        | 0.952830188679  | 0.981203007519  | 0.875838926174 | 0.963768115942 | 0.259398496241 | 0.880952380952 | 0.349056603774 |
+------------+------------+------------+------------+------------+------------+----------------+-----------------+-----------------+------------+-----------------+-----------------+----------------+----------------+----------------+----------------+----------------+
+-----------+----------------+----------------+
| ('G1', 1) | G1_1(0.0)      | G1_1(1.0)      |
+-----------+----------------+----------------+
| G9(0.0)   | 0.304511278195 | 0.486666666667 |
+-----------+----------------+----------------+
| G9(1.0)   | 0.695488721805 | 0.513333333333 |
+-----------+----------------+----------------+
+------------+------------+------------+------------+------------+------------+------------------+------------+------------------+------------+-----------------+-----------------+----------------+----------------+------------+------------+-----------------+
| ('G1', 0)  | G1_0(0.0)  | G1_0(0.0)  | G1_0(0.0)  | G1_0(0.0)  | G1_0(0.0)  | G1_0(0.0)        | G1_0(0.0)  | G1_0(0.0)        | G1_0(1.0)  | G1_0(1.0)       | G1_0(1.0)       | G1_0(1.0)      | G1_0(1.0)      | G1_0(1.0)  | G1_0(1.0)  | G1_0(1.0)       |
+------------+------------+------------+------------+------------+------------+------------------+------------+------------------+------------+-----------------+-----------------+----------------+----------------+------------+------------+-----------------+
| ('G10', 0) | G10_0(0.0) | G10_0(0.0) | G10_0(0.0) | G10_0(0.0) | G10_0(1.0) | G10_0(1.0)       | G10_0(1.0) | G10_0(1.0)       | G10_0(0.0) | G10_0(0.0)      | G10_0(0.0)      | G10_0(0.0)     | G10_0(1.0)     | G10_0(1.0) | G10_0(1.0) | G10_0(1.0)      |
+------------+------------+------------+------------+------------+------------+------------------+------------+------------------+------------+-----------------+-----------------+----------------+----------------+------------+------------+-----------------+
| ('G3', 0)  | G3_0(0.0)  | G3_0(0.0)  | G3_0(1.0)  | G3_0(1.0)  | G3_0(0.0)  | G3_0(0.0)        | G3_0(1.0)  | G3_0(1.0)        | G3_0(0.0)  | G3_0(0.0)       | G3_0(1.0)       | G3_0(1.0)      | G3_0(0.0)      | G3_0(0.0)  | G3_0(1.0)  | G3_0(1.0)       |
+------------+------------+------------+------------+------------+------------+------------------+------------+------------------+------------+-----------------+-----------------+----------------+----------------+------------+------------+-----------------+
| ('G8', 0)  | G8_0(0.0)  | G8_0(1.0)  | G8_0(0.0)  | G8_0(1.0)  | G8_0(0.0)  | G8_0(1.0)        | G8_0(0.0)  | G8_0(1.0)        | G8_0(0.0)  | G8_0(1.0)       | G8_0(0.0)       | G8_0(1.0)      | G8_0(0.0)      | G8_0(1.0)  | G8_0(0.0)  | G8_0(1.0)       |
+------------+------------+------------+------------+------------+------------+------------------+------------+------------------+------------+-----------------+-----------------+----------------+----------------+------------+------------+-----------------+
| G8(0.0)    | 0.5        | 0.5        | 0.5        | 0.5        | 0.5        | 0.00551876379691 | 0.5        | 0.00442477876106 | 0.5        | 0.0213675213675 | 0.981203007519  | 0.217647058824 | 0.880952380952 | 0.5        | 0.5        | 0.0117370892019 |
+------------+------------+------------+------------+------------+------------+------------------+------------+------------------+------------+-----------------+-----------------+----------------+----------------+------------+------------+-----------------+
| G8(1.0)    | 0.5        | 0.5        | 0.5        | 0.5        | 0.5        | 0.994481236203   | 0.5        | 0.995575221239   | 0.5        | 0.978632478632  | 0.0187969924812 | 0.782352941176 | 0.119047619048 | 0.5        | 0.5        | 0.988262910798  |
+------------+------------+------------+------------+------------+------------+------------------+------------+------------------+------------+-----------------+-----------------+----------------+----------------+------------+------------+-----------------+
+------------+------------+----------------+------------+------------+------------+------------------+------------+------------------+----------------+-----------------+-----------------+----------------+------------+------------+-----------------+-----------------+
| ('G1', 1)  | G1_1(0.0)  | G1_1(0.0)      | G1_1(0.0)  | G1_1(0.0)  | G1_1(0.0)  | G1_1(0.0)        | G1_1(0.0)  | G1_1(0.0)        | G1_1(1.0)      | G1_1(1.0)       | G1_1(1.0)       | G1_1(1.0)      | G1_1(1.0)  | G1_1(1.0)  | G1_1(1.0)       | G1_1(1.0)       |
+------------+------------+----------------+------------+------------+------------+------------------+------------+------------------+----------------+-----------------+-----------------+----------------+------------+------------+-----------------+-----------------+
| ('G10', 0) | G10_0(0.0) | G10_0(0.0)     | G10_0(0.0) | G10_0(0.0) | G10_0(1.0) | G10_0(1.0)       | G10_0(1.0) | G10_0(1.0)       | G10_0(0.0)     | G10_0(0.0)      | G10_0(0.0)      | G10_0(0.0)     | G10_0(1.0) | G10_0(1.0) | G10_0(1.0)      | G10_0(1.0)      |
+------------+------------+----------------+------------+------------+------------+------------------+------------+------------------+----------------+-----------------+-----------------+----------------+------------+------------+-----------------+-----------------+
| ('G3', 1)  | G3_1(0.0)  | G3_1(0.0)      | G3_1(1.0)  | G3_1(1.0)  | G3_1(0.0)  | G3_1(0.0)        | G3_1(1.0)  | G3_1(1.0)        | G3_1(0.0)      | G3_1(0.0)       | G3_1(1.0)       | G3_1(1.0)      | G3_1(0.0)  | G3_1(0.0)  | G3_1(1.0)       | G3_1(1.0)       |
+------------+------------+----------------+------------+------------+------------+------------------+------------+------------------+----------------+-----------------+-----------------+----------------+------------+------------+-----------------+-----------------+
| ('G8', 0)  | G8_0(0.0)  | G8_0(1.0)      | G8_0(0.0)  | G8_0(1.0)  | G8_0(0.0)  | G8_0(1.0)        | G8_0(0.0)  | G8_0(1.0)        | G8_0(0.0)      | G8_0(1.0)       | G8_0(0.0)       | G8_0(1.0)      | G8_0(0.0)  | G8_0(1.0)  | G8_0(0.0)       | G8_0(1.0)       |
+------------+------------+----------------+------------+------------+------------+------------------+------------+------------------+----------------+-----------------+-----------------+----------------+------------+------------+-----------------+-----------------+
| G10(0.0)   | 0.5        | 0.119047619048 | 0.5        | 0.5        | 0.5        | 0.00572082379863 | 0.5        | 0.00430292598967 | 0.119047619048 | 0.978632478632  | 0.978632478632  | 0.963768115942 | 0.5        | 0.5        | 0.0471698113208 | 0.0868544600939 |
+------------+------------+----------------+------------+------------+------------+------------------+------------+------------------+----------------+-----------------+-----------------+----------------+------------+------------+-----------------+-----------------+
| G10(1.0)   | 0.5        | 0.880952380952 | 0.5        | 0.5        | 0.5        | 0.994279176201   | 0.5        | 0.99569707401    | 0.880952380952 | 0.0213675213675 | 0.0213675213675 | 0.036231884058 | 0.5        | 0.5        | 0.952830188679  | 0.913145539906  |
+------------+------------+----------------+------------+------------+------------+------------------+------------+------------------+----------------+-----------------+-----------------+----------------+------------+------------+-----------------+-----------------+
[('G7', 'G2'), ('G7', 'G7'), ('G4', 'G1'), ('G4', 'G4'), ('G4', 'G5'), ('G3', 'G10'), ('G1', 'G9'), ('G1', 'G10'), ('G8', 'G10'), ('G8', 'G8'), ('G1', 'G1'), ('G1', 'G8'), ('G5', 'G7'), ('G5', 'G4'), ('G8', 'G7'), ('G8', 'G4'), ('G8', 'G5'), ('G5', 'G5'), ('G2', 'G7'), ('G2', 'G2'), ('G2', 'G1'), ('G2', 'G3'), ('G2', 'G4'), ('G10', 'G2'), ('G10', 'G1'), ('G10', 'G8'), ('G10', 'G10'), ('G3', 'G3'), ('G3', 'G8')]
