[('G6', 'G1')]
+---------+------+
| G7(0.0) | 0.65 |
+---------+------+
| G7(1.0) | 0.35 |
+---------+------+
+---------+------+
| G6(0.0) | 0.45 |
+---------+------+
| G6(1.0) | 0.55 |
+---------+------+
+---------+---+
| G5(1.0) | 1 |
+---------+---+
+---------+---+
| G4(0.0) | 1 |
+---------+---+
+---------+---+
| G3(1.0) | 1 |
+---------+---+
+---------+---+
| G2(0.0) | 1 |
+---------+---+
+---------+---------+----------------+
| G6      | G6(0.0) | G6(1.0)        |
+---------+---------+----------------+
| G1(0.0) | 0.5     | 0.227272727273 |
+---------+---------+----------------+
| G1(1.0) | 0.5     | 0.772727272727 |
+---------+---------+----------------+
+---------+------+
| G9(0.0) | 0.35 |
+---------+------+
| G9(1.0) | 0.65 |
+---------+------+
+---------+---+
| G8(1.0) | 1 |
+---------+---+
+----------+---+
| G10(1.0) | 1 |
+----------+---+
[(('G7', 0), ('G1', 1)), (('G4', 0), ('G4', 1)), (('G4', 0), ('G3', 1)), (('G4', 1), ('G10', 1)), (('G4', 1), ('G5', 1)), (('G8', 0), ('G4', 1)), (('G8', 0), ('G3', 1)), (('G8', 0), ('G6', 1)), (('G8', 0), ('G10', 1)), (('G8', 0), ('G8', 1)), (('G1', 0), ('G7', 1)), (('G1', 0), ('G2', 1)), (('G1', 0), ('G1', 1)), (('G8', 1), ('G4', 1)), (('G8', 1), ('G10', 1)), (('G5', 0), ('G4', 1)), (('G5', 0), ('G5', 1)), (('G2', 0), ('G2', 1)), (('G2', 0), ('G9', 1)), (('G2', 1), ('G9', 1)), (('G2', 1), ('G3', 1)), (('G6', 0), ('G5', 1)), (('G10', 1), ('G7', 1)), (('G10', 0), ('G2', 1)), (('G10', 0), ('G9', 1)), (('G10', 0), ('G8', 1)), (('G10', 0), ('G10', 1)), (('G6', 1), ('G7', 1)), (('G3', 0), ('G2', 1)), (('G3', 0), ('G3', 1)), (('G3', 0), ('G6', 1))]
+------------+-----------------+----------------+----------------+----------------+----------------+----------------+----------------+----------------+
| ('G1', 0)  | G1_0(0.0)       | G1_0(0.0)      | G1_0(0.0)      | G1_0(0.0)      | G1_0(1.0)      | G1_0(1.0)      | G1_0(1.0)      | G1_0(1.0)      |
+------------+-----------------+----------------+----------------+----------------+----------------+----------------+----------------+----------------+
| ('G10', 1) | G10_1(0.0)      | G10_1(0.0)     | G10_1(1.0)     | G10_1(1.0)     | G10_1(0.0)     | G10_1(0.0)     | G10_1(1.0)     | G10_1(1.0)     |
+------------+-----------------+----------------+----------------+----------------+----------------+----------------+----------------+----------------+
| ('G6', 1)  | G6_1(0.0)       | G6_1(1.0)      | G6_1(0.0)      | G6_1(1.0)      | G6_1(0.0)      | G6_1(1.0)      | G6_1(0.0)      | G6_1(1.0)      |
+------------+-----------------+----------------+----------------+----------------+----------------+----------------+----------------+----------------+
| G7(0.0)    | 0.0675675675676 | 0.119047619048 | 0.123529411765 | 0.462441314554 | 0.119047619048 | 0.119047619048 | 0.984076433121 | 0.817689530686 |
+------------+-----------------+----------------+----------------+----------------+----------------+----------------+----------------+----------------+
| G7(1.0)    | 0.932432432432  | 0.880952380952 | 0.876470588235 | 0.537558685446 | 0.880952380952 | 0.880952380952 | 0.015923566879 | 0.182310469314 |
+------------+-----------------+----------------+----------------+----------------+----------------+----------------+----------------+----------------+
+-----------+----------------+----------------+----------------+----------------+
| ('G3', 0) | G3_0(0.0)      | G3_0(0.0)      | G3_0(1.0)      | G3_0(1.0)      |
+-----------+----------------+----------------+----------------+----------------+
| ('G8', 0) | G8_0(0.0)      | G8_0(1.0)      | G8_0(0.0)      | G8_0(1.0)      |
+-----------+----------------+----------------+----------------+----------------+
| G6(0.0)   | 0.815789473684 | 0.342696629213 | 0.318181818182 | 0.263713080169 |
+-----------+----------------+----------------+----------------+----------------+
| G6(1.0)   | 0.184210526316 | 0.657303370787 | 0.681818181818 | 0.736286919831 |
+-----------+----------------+----------------+----------------+----------------+
+-----------+-----------+----------------+-----------------+----------------+----------------+-----------+-----------+----------------+
| ('G4', 1) | G4_1(0.0) | G4_1(0.0)      | G4_1(0.0)       | G4_1(0.0)      | G4_1(1.0)      | G4_1(1.0) | G4_1(1.0) | G4_1(1.0)      |
+-----------+-----------+----------------+-----------------+----------------+----------------+-----------+-----------+----------------+
| ('G5', 0) | G5_0(0.0) | G5_0(0.0)      | G5_0(1.0)       | G5_0(1.0)      | G5_0(0.0)      | G5_0(0.0) | G5_0(1.0) | G5_0(1.0)      |
+-----------+-----------+----------------+-----------------+----------------+----------------+-----------+-----------+----------------+
| ('G6', 0) | G6_0(0.0) | G6_0(1.0)      | G6_0(0.0)       | G6_0(1.0)      | G6_0(0.0)      | G6_0(1.0) | G6_0(0.0) | G6_0(1.0)      |
+-----------+-----------+----------------+-----------------+----------------+----------------+-----------+-----------+----------------+
| G5(0.0)   | 0.5       | 0.963768115942 | 0.0402298850575 | 0.023595505618 | 0.192307692308 | 0.5       | 0.5       | 0.192307692308 |
+-----------+-----------+----------------+-----------------+----------------+----------------+-----------+-----------+----------------+
| G5(1.0)   | 0.5       | 0.036231884058 | 0.959770114943  | 0.976404494382 | 0.807692307692 | 0.5       | 0.5       | 0.807692307692 |
+-----------+-----------+----------------+-----------------+----------------+----------------+-----------+-----------+----------------+
+-----------+----------------+-----------+-----------+-----------------+-----------------+-----------+-----------------+------------------+-----------+-----------+-----------+-----------+----------------+-----------+-----------+----------------+
| ('G4', 0) | G4_0(0.0)      | G4_0(0.0) | G4_0(0.0) | G4_0(0.0)       | G4_0(0.0)       | G4_0(0.0) | G4_0(0.0)       | G4_0(0.0)        | G4_0(1.0) | G4_0(1.0) | G4_0(1.0) | G4_0(1.0) | G4_0(1.0)      | G4_0(1.0) | G4_0(1.0) | G4_0(1.0)      |
+-----------+----------------+-----------+-----------+-----------------+-----------------+-----------+-----------------+------------------+-----------+-----------+-----------+-----------+----------------+-----------+-----------+----------------+
| ('G5', 0) | G5_0(0.0)      | G5_0(0.0) | G5_0(0.0) | G5_0(0.0)       | G5_0(1.0)       | G5_0(1.0) | G5_0(1.0)       | G5_0(1.0)        | G5_0(0.0) | G5_0(0.0) | G5_0(0.0) | G5_0(0.0) | G5_0(1.0)      | G5_0(1.0) | G5_0(1.0) | G5_0(1.0)      |
+-----------+----------------+-----------+-----------+-----------------+-----------------+-----------+-----------------+------------------+-----------+-----------+-----------+-----------+----------------+-----------+-----------+----------------+
| ('G8', 0) | G8_0(0.0)      | G8_0(0.0) | G8_0(1.0) | G8_0(1.0)       | G8_0(0.0)       | G8_0(0.0) | G8_0(1.0)       | G8_0(1.0)        | G8_0(0.0) | G8_0(0.0) | G8_0(1.0) | G8_0(1.0) | G8_0(0.0)      | G8_0(0.0) | G8_0(1.0) | G8_0(1.0)      |
+-----------+----------------+-----------+-----------+-----------------+-----------------+-----------+-----------------+------------------+-----------+-----------+-----------+-----------+----------------+-----------+-----------+----------------+
| ('G8', 1) | G8_1(0.0)      | G8_1(1.0) | G8_1(0.0) | G8_1(1.0)       | G8_1(0.0)       | G8_1(1.0) | G8_1(0.0)       | G8_1(1.0)        | G8_1(0.0) | G8_1(1.0) | G8_1(0.0) | G8_1(1.0) | G8_1(0.0)      | G8_1(1.0) | G8_1(0.0) | G8_1(1.0)      |
+-----------+----------------+-----------+-----------+-----------------+-----------------+-----------+-----------------+------------------+-----------+-----------+-----------+-----------+----------------+-----------+-----------+----------------+
| G4(0.0)   | 0.119047619048 | 0.5       | 0.5       | 0.984848484848  | 0.990421455939  | 0.5       | 0.932432432432  | 0.997643732328   | 0.5       | 0.5       | 0.5       | 0.5       | 0.880952380952 | 0.5       | 0.5       | 0.880952380952 |
+-----------+----------------+-----------+-----------+-----------------+-----------------+-----------+-----------------+------------------+-----------+-----------+-----------+-----------+----------------+-----------+-----------+----------------+
| G4(1.0)   | 0.880952380952 | 0.5       | 0.5       | 0.0151515151515 | 0.0095785440613 | 0.5       | 0.0675675675676 | 0.00235626767201 | 0.5       | 0.5       | 0.5       | 0.5       | 0.119047619048 | 0.5       | 0.5       | 0.119047619048 |
+-----------+----------------+-----------+-----------+-----------------+-----------------+-----------+-----------------+------------------+-----------+-----------+-----------+-----------+----------------+-----------+-----------+----------------+
+-----------+-----------------+----------------+----------------+----------------+----------------+------------------+-----------+-----------+-----------------+-----------------+-----------+-----------+-----------+----------------+-----------+-----------+
| ('G2', 1) | G2_1(0.0)       | G2_1(0.0)      | G2_1(0.0)      | G2_1(0.0)      | G2_1(0.0)      | G2_1(0.0)        | G2_1(0.0) | G2_1(0.0) | G2_1(1.0)       | G2_1(1.0)       | G2_1(1.0) | G2_1(1.0) | G2_1(1.0) | G2_1(1.0)      | G2_1(1.0) | G2_1(1.0) |
+-----------+-----------------+----------------+----------------+----------------+----------------+------------------+-----------+-----------+-----------------+-----------------+-----------+-----------+-----------+----------------+-----------+-----------+
| ('G3', 0) | G3_0(0.0)       | G3_0(0.0)      | G3_0(0.0)      | G3_0(0.0)      | G3_0(1.0)      | G3_0(1.0)        | G3_0(1.0) | G3_0(1.0) | G3_0(0.0)       | G3_0(0.0)       | G3_0(0.0) | G3_0(0.0) | G3_0(1.0) | G3_0(1.0)      | G3_0(1.0) | G3_0(1.0) |
+-----------+-----------------+----------------+----------------+----------------+----------------+------------------+-----------+-----------+-----------------+-----------------+-----------+-----------+-----------+----------------+-----------+-----------+
| ('G4', 0) | G4_0(0.0)       | G4_0(0.0)      | G4_0(1.0)      | G4_0(1.0)      | G4_0(0.0)      | G4_0(0.0)        | G4_0(1.0) | G4_0(1.0) | G4_0(0.0)       | G4_0(0.0)       | G4_0(1.0) | G4_0(1.0) | G4_0(0.0) | G4_0(0.0)      | G4_0(1.0) | G4_0(1.0) |
+-----------+-----------------+----------------+----------------+----------------+----------------+------------------+-----------+-----------+-----------------+-----------------+-----------+-----------+-----------+----------------+-----------+-----------+
| ('G8', 0) | G8_0(0.0)       | G8_0(1.0)      | G8_0(0.0)      | G8_0(1.0)      | G8_0(0.0)      | G8_0(1.0)        | G8_0(0.0) | G8_0(1.0) | G8_0(0.0)       | G8_0(1.0)       | G8_0(0.0) | G8_0(1.0) | G8_0(0.0) | G8_0(1.0)      | G8_0(0.0) | G8_0(1.0) |
+-----------+-----------------+----------------+----------------+----------------+----------------+------------------+-----------+-----------+-----------------+-----------------+-----------+-----------+-----------+----------------+-----------+-----------+
| G3(0.0)   | 0.970588235294  | 0.662436548223 | 0.119047619048 | 0.119047619048 | 0.405882352941 | 0.00316856780735 | 0.5       | 0.5       | 0.978632478632  | 0.981203007519  | 0.5       | 0.5       | 0.5       | 0.338926174497 | 0.5       | 0.5       |
+-----------+-----------------+----------------+----------------+----------------+----------------+------------------+-----------+-----------+-----------------+-----------------+-----------+-----------+-----------+----------------+-----------+-----------+
| G3(1.0)   | 0.0294117647059 | 0.337563451777 | 0.880952380952 | 0.880952380952 | 0.594117647059 | 0.996831432193   | 0.5       | 0.5       | 0.0213675213675 | 0.0187969924812 | 0.5       | 0.5       | 0.5       | 0.661073825503 | 0.5       | 0.5       |
+-----------+-----------------+----------------+----------------+----------------+----------------+------------------+-----------+-----------+-----------------+-----------------+-----------+-----------+-----------+----------------+-----------+-----------+
+------------+------------+----------------+----------------+----------------+-----------------+----------------+----------------+-----------------+------------+----------------+-----------------+------------+-----------------+------------------+-----------------+------------+
| ('G1', 0)  | G1_0(0.0)  | G1_0(0.0)      | G1_0(0.0)      | G1_0(0.0)      | G1_0(0.0)       | G1_0(0.0)      | G1_0(0.0)      | G1_0(0.0)       | G1_0(1.0)  | G1_0(1.0)      | G1_0(1.0)       | G1_0(1.0)  | G1_0(1.0)       | G1_0(1.0)        | G1_0(1.0)       | G1_0(1.0)  |
+------------+------------+----------------+----------------+----------------+-----------------+----------------+----------------+-----------------+------------+----------------+-----------------+------------+-----------------+------------------+-----------------+------------+
| ('G10', 0) | G10_0(0.0) | G10_0(0.0)     | G10_0(0.0)     | G10_0(0.0)     | G10_0(1.0)      | G10_0(1.0)     | G10_0(1.0)     | G10_0(1.0)      | G10_0(0.0) | G10_0(0.0)     | G10_0(0.0)      | G10_0(0.0) | G10_0(1.0)      | G10_0(1.0)       | G10_0(1.0)      | G10_0(1.0) |
+------------+------------+----------------+----------------+----------------+-----------------+----------------+----------------+-----------------+------------+----------------+-----------------+------------+-----------------+------------------+-----------------+------------+
| ('G2', 0)  | G2_0(0.0)  | G2_0(0.0)      | G2_0(1.0)      | G2_0(1.0)      | G2_0(0.0)       | G2_0(0.0)      | G2_0(1.0)      | G2_0(1.0)       | G2_0(0.0)  | G2_0(0.0)      | G2_0(1.0)       | G2_0(1.0)  | G2_0(0.0)       | G2_0(0.0)        | G2_0(1.0)       | G2_0(1.0)  |
+------------+------------+----------------+----------------+----------------+-----------------+----------------+----------------+-----------------+------------+----------------+-----------------+------------+-----------------+------------------+-----------------+------------+
| ('G3', 0)  | G3_0(0.0)  | G3_0(1.0)      | G3_0(0.0)      | G3_0(1.0)      | G3_0(0.0)       | G3_0(1.0)      | G3_0(0.0)      | G3_0(1.0)       | G3_0(0.0)  | G3_0(1.0)      | G3_0(0.0)       | G3_0(1.0)  | G3_0(0.0)       | G3_0(1.0)        | G3_0(0.0)       | G3_0(1.0)  |
+------------+------------+----------------+----------------+----------------+-----------------+----------------+----------------+-----------------+------------+----------------+-----------------+------------+-----------------+------------------+-----------------+------------+
| G2(0.0)    | 0.5        | 0.119047619048 | 0.036231884058 | 0.880952380952 | 0.970588235294  | 0.806513409962 | 0.124161073826 | 0.0247524752475 | 0.5        | 0.119047619048 | 0.0471698113208 | 0.5        | 0.984848484848  | 0.996124031008   | 0.952830188679  | 0.5        |
+------------+------------+----------------+----------------+----------------+-----------------+----------------+----------------+-----------------+------------+----------------+-----------------+------------+-----------------+------------------+-----------------+------------+
| G2(1.0)    | 0.5        | 0.880952380952 | 0.963768115942 | 0.119047619048 | 0.0294117647059 | 0.193486590038 | 0.875838926174 | 0.975247524752  | 0.5        | 0.880952380952 | 0.952830188679  | 0.5        | 0.0151515151515 | 0.00387596899225 | 0.0471698113208 | 0.5        |
+------------+------------+----------------+----------------+----------------+-----------------+----------------+----------------+-----------------+------------+----------------+-----------------+------------+-----------------+------------------+-----------------+------------+
+-----------+----------------+----------------+----------------+----------------+
| ('G1', 0) | G1_0(0.0)      | G1_0(0.0)      | G1_0(1.0)      | G1_0(1.0)      |
+-----------+----------------+----------------+----------------+----------------+
| ('G7', 0) | G7_0(0.0)      | G7_0(1.0)      | G7_0(0.0)      | G7_0(1.0)      |
+-----------+----------------+----------------+----------------+----------------+
| G1(0.0)   | 0.715384615385 | 0.836283185841 | 0.102209944751 | 0.394736842105 |
+-----------+----------------+----------------+----------------+----------------+
| G1(1.0)   | 0.284615384615 | 0.163716814159 | 0.897790055249 | 0.605263157895 |
+-----------+----------------+----------------+----------------+----------------+
+------------+------------+----------------+----------------+-----------------+----------------+-----------------+----------------+---------------+
| ('G10', 0) | G10_0(0.0) | G10_0(0.0)     | G10_0(0.0)     | G10_0(0.0)      | G10_0(1.0)     | G10_0(1.0)      | G10_0(1.0)     | G10_0(1.0)    |
+------------+------------+----------------+----------------+-----------------+----------------+-----------------+----------------+---------------+
| ('G2', 0)  | G2_0(0.0)  | G2_0(0.0)      | G2_0(1.0)      | G2_0(1.0)       | G2_0(0.0)      | G2_0(0.0)       | G2_0(1.0)      | G2_0(1.0)     |
+------------+------------+----------------+----------------+-----------------+----------------+-----------------+----------------+---------------+
| ('G2', 1)  | G2_1(0.0)  | G2_1(1.0)      | G2_1(0.0)      | G2_1(1.0)       | G2_1(0.0)      | G2_1(1.0)       | G2_1(0.0)      | G2_1(1.0)     |
+------------+------------+----------------+----------------+-----------------+----------------+-----------------+----------------+---------------+
| G9(0.0)    | 0.5        | 0.880952380952 | 0.192307692308 | 0.959016393443  | 0.121129326047 | 0.0862068965517 | 0.283783783784 | 0.84188034188 |
+------------+------------+----------------+----------------+-----------------+----------------+-----------------+----------------+---------------+
| G9(1.0)    | 0.5        | 0.119047619048 | 0.807692307692 | 0.0409836065574 | 0.878870673953 | 0.913793103448  | 0.716216216216 | 0.15811965812 |
+------------+------------+----------------+----------------+-----------------+----------------+-----------------+----------------+---------------+
+------------+----------------+------------+----------------+-----------------+
| ('G10', 0) | G10_0(0.0)     | G10_0(0.0) | G10_0(1.0)     | G10_0(1.0)      |
+------------+----------------+------------+----------------+-----------------+
| ('G8', 0)  | G8_0(0.0)      | G8_0(1.0)  | G8_0(0.0)      | G8_0(1.0)       |
+------------+----------------+------------+----------------+-----------------+
| G8(0.0)    | 0.855555555556 | 0.5        | 0.855555555556 | 0.0327102803738 |
+------------+----------------+------------+----------------+-----------------+
| G8(1.0)    | 0.144444444444 | 0.5        | 0.144444444444 | 0.967289719626  |
+------------+----------------+------------+----------------+-----------------+
+------------+-----------------+------------+------------+------------+------------+----------------+------------+------------+-----------------+----------------+------------+------------------+----------------+------------+------------+------------+
| ('G10', 0) | G10_0(0.0)      | G10_0(0.0) | G10_0(0.0) | G10_0(0.0) | G10_0(0.0) | G10_0(0.0)     | G10_0(0.0) | G10_0(0.0) | G10_0(1.0)      | G10_0(1.0)     | G10_0(1.0) | G10_0(1.0)       | G10_0(1.0)     | G10_0(1.0) | G10_0(1.0) | G10_0(1.0) |
+------------+-----------------+------------+------------+------------+------------+----------------+------------+------------+-----------------+----------------+------------+------------------+----------------+------------+------------+------------+
| ('G4', 1)  | G4_1(0.0)       | G4_1(0.0)  | G4_1(0.0)  | G4_1(0.0)  | G4_1(1.0)  | G4_1(1.0)      | G4_1(1.0)  | G4_1(1.0)  | G4_1(0.0)       | G4_1(0.0)      | G4_1(0.0)  | G4_1(0.0)        | G4_1(1.0)      | G4_1(1.0)  | G4_1(1.0)  | G4_1(1.0)  |
+------------+-----------------+------------+------------+------------+------------+----------------+------------+------------+-----------------+----------------+------------+------------------+----------------+------------+------------+------------+
| ('G8', 0)  | G8_0(0.0)       | G8_0(0.0)  | G8_0(1.0)  | G8_0(1.0)  | G8_0(0.0)  | G8_0(0.0)      | G8_0(1.0)  | G8_0(1.0)  | G8_0(0.0)       | G8_0(0.0)      | G8_0(1.0)  | G8_0(1.0)        | G8_0(0.0)      | G8_0(0.0)  | G8_0(1.0)  | G8_0(1.0)  |
+------------+-----------------+------------+------------+------------+------------+----------------+------------+------------+-----------------+----------------+------------+------------------+----------------+------------+------------+------------+
| ('G8', 1)  | G8_1(0.0)       | G8_1(1.0)  | G8_1(0.0)  | G8_1(1.0)  | G8_1(0.0)  | G8_1(1.0)      | G8_1(0.0)  | G8_1(1.0)  | G8_1(0.0)       | G8_1(1.0)      | G8_1(0.0)  | G8_1(1.0)        | G8_1(0.0)      | G8_1(1.0)  | G8_1(0.0)  | G8_1(1.0)  |
+------------+-----------------+------------+------------+------------+------------+----------------+------------+------------+-----------------+----------------+------------+------------------+----------------+------------+------------+------------+
| G10(0.0)   | 0.98322147651   | 0.5        | 0.5        | 0.5        | 0.5        | 0.119047619048 | 0.5        | 0.5        | 0.0187969924812 | 0.119047619048 | 0.5        | 0.00202101859337 | 0.119047619048 | 0.5        | 0.5        | 0.5        |
+------------+-----------------+------------+------------+------------+------------+----------------+------------+------------+-----------------+----------------+------------+------------------+----------------+------------+------------+------------+
| G10(1.0)   | 0.0167785234899 | 0.5        | 0.5        | 0.5        | 0.5        | 0.880952380952 | 0.5        | 0.5        | 0.981203007519  | 0.880952380952 | 0.5        | 0.997978981407   | 0.880952380952 | 0.5        | 0.5        | 0.5        |
+------------+-----------------+------------+------------+------------+------------+----------------+------------+------------+-----------------+----------------+------------+------------------+----------------+------------+------------+------------+
[('G7', 'G1'), ('G4', 'G4'), ('G4', 'G3'), ('G4', 'G10'), ('G4', 'G5'), ('G8', 'G4'), ('G8', 'G3'), ('G8', 'G6'), ('G8', 'G10'), ('G8', 'G8'), ('G1', 'G7'), ('G1', 'G2'), ('G1', 'G1'), ('G8', 'G4'), ('G8', 'G10'), ('G5', 'G4'), ('G5', 'G5'), ('G2', 'G2'), ('G2', 'G9'), ('G2', 'G9'), ('G2', 'G3'), ('G6', 'G5'), ('G10', 'G7'), ('G10', 'G2'), ('G10', 'G9'), ('G10', 'G8'), ('G10', 'G10'), ('G6', 'G7'), ('G3', 'G2'), ('G3', 'G3'), ('G3', 'G6')]
