[]
+---------+---+
| G7(0.0) | 1 |
+---------+---+
+---------+---+
| G6(1.0) | 1 |
+---------+---+
+---------+---+
| G5(0.0) | 1 |
+---------+---+
+---------+---+
| G4(1.0) | 1 |
+---------+---+
+---------+---+
| G3(1.0) | 1 |
+---------+---+
+---------+---+
| G2(0.0) | 1 |
+---------+---+
+---------+------+
| G1(0.0) | 0.35 |
+---------+------+
| G1(1.0) | 0.65 |
+---------+------+
+---------+---+
| G9(1.0) | 1 |
+---------+---+
+---------+---+
| G8(1.0) | 1 |
+---------+---+
+----------+---+
| G10(1.0) | 1 |
+----------+---+
[(('G7', 0), ('G7', 1)), (('G7', 0), ('G3', 1)), (('G4', 0), ('G1', 1)), (('G4', 0), ('G4', 1)), (('G8', 0), ('G8', 1)), (('G5', 1), ('G9', 1)), (('G5', 1), ('G6', 1)), (('G8', 1), ('G7', 1)), (('G5', 0), ('G2', 1)), (('G5', 0), ('G5', 1)), (('G9', 1), ('G4', 1)), (('G9', 0), ('G9', 1)), (('G9', 0), ('G5', 1)), (('G2', 0), ('G2', 1)), (('G2', 0), ('G8', 1)), (('G2', 1), ('G10', 1)), (('G6', 0), ('G1', 1)), (('G6', 0), ('G6', 1)), (('G10', 0), ('G3', 1)), (('G10', 0), ('G10', 1))]
+-----------+----------------+------------------+----------------+-----------+
| ('G7', 0) | G7_0(0.0)      | G7_0(0.0)        | G7_0(1.0)      | G7_0(1.0) |
+-----------+----------------+------------------+----------------+-----------+
| ('G8', 1) | G8_1(0.0)      | G8_1(1.0)        | G8_1(0.0)      | G8_1(1.0) |
+-----------+----------------+------------------+----------------+-----------+
| G7(0.0)   | 0.675438596491 | 0.991228070175   | 0.132653061224 | 0.58      |
+-----------+----------------+------------------+----------------+-----------+
| G7(1.0)   | 0.324561403509 | 0.00877192982456 | 0.867346938776 | 0.42      |
+-----------+----------------+------------------+----------------+-----------+
+-----------+----------------+------------------+-----------------+-----------+
| ('G5', 1) | G5_1(0.0)      | G5_1(0.0)        | G5_1(1.0)       | G5_1(1.0) |
+-----------+----------------+------------------+-----------------+-----------+
| ('G6', 0) | G6_0(0.0)      | G6_0(1.0)        | G6_0(0.0)       | G6_0(1.0) |
+-----------+----------------+------------------+-----------------+-----------+
| G6(0.0)   | 0.827868852459 | 0.00830564784053 | 0.913793103448  | 0.26      |
+-----------+----------------+------------------+-----------------+-----------+
| G6(1.0)   | 0.172131147541 | 0.991694352159   | 0.0862068965517 | 0.74      |
+-----------+----------------+------------------+-----------------+-----------+
+-----------+----------------+-----------------+----------------+-----------+
| ('G5', 0) | G5_0(0.0)      | G5_0(0.0)       | G5_0(1.0)      | G5_0(1.0) |
+-----------+----------------+-----------------+----------------+-----------+
| ('G9', 0) | G9_0(0.0)      | G9_0(1.0)       | G9_0(0.0)      | G9_0(1.0) |
+-----------+----------------+-----------------+----------------+-----------+
| G5(0.0)   | 0.377551020408 | 0.966453674121  | 0.841463414634 | 0.5       |
+-----------+----------------+-----------------+----------------+-----------+
| G5(1.0)   | 0.622448979592 | 0.0335463258786 | 0.158536585366 | 0.5       |
+-----------+----------------+-----------------+----------------+-----------+
+-----------+-----------------+----------------+----------------+------------------+
| ('G4', 0) | G4_0(0.0)       | G4_0(0.0)      | G4_0(1.0)      | G4_0(1.0)        |
+-----------+-----------------+----------------+----------------+------------------+
| ('G9', 1) | G9_1(0.0)       | G9_1(1.0)      | G9_1(0.0)      | G9_1(1.0)        |
+-----------+-----------------+----------------+----------------+------------------+
| G4(0.0)   | 0.932432432432  | 0.277777777778 | 0.122641509434 | 0.00788643533123 |
+-----------+-----------------+----------------+----------------+------------------+
| G4(1.0)   | 0.0675675675676 | 0.722222222222 | 0.877358490566 | 0.992113564669   |
+-----------+-----------------+----------------+----------------+------------------+
+------------+----------------+---------------+-----------------+----------------+
| ('G10', 0) | G10_0(0.0)     | G10_0(0.0)    | G10_0(1.0)      | G10_0(1.0)     |
+------------+----------------+---------------+-----------------+----------------+
| ('G7', 0)  | G7_0(0.0)      | G7_0(1.0)     | G7_0(0.0)       | G7_0(1.0)      |
+------------+----------------+---------------+-----------------+----------------+
| G3(0.0)    | 0.464912280702 | 0.80303030303 | 0.0508771929825 | 0.353658536585 |
+------------+----------------+---------------+-----------------+----------------+
| G3(1.0)    | 0.535087719298 | 0.19696969697 | 0.949122807018  | 0.646341463415 |
+------------+----------------+---------------+-----------------+----------------+
+-----------+-----------------+----------------+----------------+-----------------+
| ('G2', 0) | G2_0(0.0)       | G2_0(0.0)      | G2_0(1.0)      | G2_0(1.0)       |
+-----------+-----------------+----------------+----------------+-----------------+
| ('G5', 0) | G5_0(0.0)       | G5_0(1.0)      | G5_0(0.0)      | G5_0(1.0)       |
+-----------+-----------------+----------------+----------------+-----------------+
| G2(0.0)   | 0.930622009569  | 0.192307692308 | 0.147058823529 | 0.0609756097561 |
+-----------+-----------------+----------------+----------------+-----------------+
| G2(1.0)   | 0.0693779904306 | 0.807692307692 | 0.852941176471 | 0.939024390244  |
+-----------+-----------------+----------------+----------------+-----------------+
+-----------+-----------+----------------+-----------------+----------------+
| ('G4', 0) | G4_0(0.0) | G4_0(0.0)      | G4_0(1.0)       | G4_0(1.0)      |
+-----------+-----------+----------------+-----------------+----------------+
| ('G6', 0) | G6_0(0.0) | G6_0(1.0)      | G6_0(0.0)       | G6_0(1.0)      |
+-----------+-----------+----------------+-----------------+----------------+
| G1(0.0)   | 0.5       | 0.451219512195 | 0.0764705882353 | 0.331578947368 |
+-----------+-----------+----------------+-----------------+----------------+
| G1(1.0)   | 0.5       | 0.548780487805 | 0.923529411765  | 0.668421052632 |
+-----------+-----------+----------------+-----------------+----------------+
+-----------+----------------+-----------------+-----------------+----------------+
| ('G5', 1) | G5_1(0.0)      | G5_1(0.0)       | G5_1(1.0)       | G5_1(1.0)      |
+-----------+----------------+-----------------+-----------------+----------------+
| ('G9', 0) | G9_0(0.0)      | G9_0(1.0)       | G9_0(0.0)       | G9_0(1.0)      |
+-----------+----------------+-----------------+-----------------+----------------+
| G9(0.0)   | 0.801886792453 | 0.0210355987055 | 0.932432432432  | 0.382352941176 |
+-----------+----------------+-----------------+-----------------+----------------+
| G9(1.0)   | 0.198113207547 | 0.978964401294  | 0.0675675675676 | 0.617647058824 |
+-----------+----------------+-----------------+-----------------+----------------+
+-----------+----------------+----------------+----------------+----------------+
| ('G2', 0) | G2_0(0.0)      | G2_0(0.0)      | G2_0(1.0)      | G2_0(1.0)      |
+-----------+----------------+----------------+----------------+----------------+
| ('G8', 0) | G8_0(0.0)      | G8_0(1.0)      | G8_0(0.0)      | G8_0(1.0)      |
+-----------+----------------+----------------+----------------+----------------+
| G8(0.0)   | 0.192307692308 | 0.011961722488 | 0.844086021505 | 0.222772277228 |
+-----------+----------------+----------------+----------------+----------------+
| G8(1.0)   | 0.807692307692 | 0.988038277512 | 0.155913978495 | 0.777227722772 |
+-----------+----------------+----------------+----------------+----------------+
+------------+------------+----------------+-----------------+------------+
| ('G10', 0) | G10_0(0.0) | G10_0(0.0)     | G10_0(1.0)      | G10_0(1.0) |
+------------+------------+----------------+-----------------+------------+
| ('G2', 1)  | G2_1(0.0)  | G2_1(1.0)      | G2_1(0.0)       | G2_1(1.0)  |
+------------+------------+----------------+-----------------+------------+
| G10(0.0)   | 0.5        | 0.963768115942 | 0.0124378109453 | 0.052      |
+------------+------------+----------------+-----------------+------------+
| G10(1.0)   | 0.5        | 0.036231884058 | 0.987562189055  | 0.948      |
+------------+------------+----------------+-----------------+------------+
[('G7', 'G7'), ('G7', 'G3'), ('G4', 'G1'), ('G4', 'G4'), ('G8', 'G8'), ('G5', 'G9'), ('G5', 'G6'), ('G8', 'G7'), ('G5', 'G2'), ('G5', 'G5'), ('G9', 'G4'), ('G9', 'G9'), ('G9', 'G5'), ('G2', 'G2'), ('G2', 'G8'), ('G2', 'G10'), ('G6', 'G1'), ('G6', 'G6'), ('G10', 'G3'), ('G10', 'G10')]
