[('G6', 'G1')]
+---------+------+
| G7(0.0) | 0.65 |
+---------+------+
| G7(1.0) | 0.35 |
+---------+------+
+---------+------+
| G6(0.0) | 0.45 |
+---------+------+
| G6(1.0) | 0.55 |
+---------+------+
+---------+---+
| G5(1.0) | 1 |
+---------+---+
+---------+---+
| G4(0.0) | 1 |
+---------+---+
+---------+---+
| G3(1.0) | 1 |
+---------+---+
+---------+---+
| G2(0.0) | 1 |
+---------+---+
+---------+---------+----------------+
| G6      | G6(0.0) | G6(1.0)        |
+---------+---------+----------------+
| G1(0.0) | 0.5     | 0.227272727273 |
+---------+---------+----------------+
| G1(1.0) | 0.5     | 0.772727272727 |
+---------+---------+----------------+
+---------+------+
| G9(0.0) | 0.35 |
+---------+------+
| G9(1.0) | 0.65 |
+---------+------+
+---------+---+
| G8(1.0) | 1 |
+---------+---+
+----------+---+
| G10(1.0) | 1 |
+----------+---+
[(('G7', 0), ('G2', 1)), (('G7', 0), ('G1', 1)), (('G4', 0), ('G4', 1)), (('G4', 1), ('G5', 1)), (('G4', 1), ('G8', 1)), (('G8', 0), ('G4', 1)), (('G8', 0), ('G6', 1)), (('G8', 0), ('G8', 1)), (('G1', 0), ('G7', 1)), (('G1', 0), ('G1', 1)), (('G8', 1), ('G10', 1)), (('G5', 0), ('G5', 1)), (('G2', 0), ('G2', 1)), (('G2', 1), ('G9', 1)), (('G2', 1), ('G3', 1)), (('G10', 1), ('G7', 1)), (('G10', 0), ('G10', 1)), (('G3', 0), ('G9', 1)), (('G3', 0), ('G3', 1)), (('G3', 0), ('G6', 1))]
+------------+-----------------+----------------+----------------+----------------+
| ('G1', 0)  | G1_0(0.0)       | G1_0(0.0)      | G1_0(1.0)      | G1_0(1.0)      |
+------------+-----------------+----------------+----------------+----------------+
| ('G10', 1) | G10_1(0.0)      | G10_1(1.0)     | G10_1(0.0)     | G10_1(1.0)     |
+------------+-----------------+----------------+----------------+----------------+
| G7(0.0)    | 0.0862068965517 | 0.365771812081 | 0.119047619048 | 0.877880184332 |
+------------+-----------------+----------------+----------------+----------------+
| G7(1.0)    | 0.913793103448  | 0.634228187919 | 0.880952380952 | 0.122119815668 |
+------------+-----------------+----------------+----------------+----------------+
+-----------+----------------+----------------+----------------+----------------+
| ('G3', 0) | G3_0(0.0)      | G3_0(0.0)      | G3_0(1.0)      | G3_0(1.0)      |
+-----------+----------------+----------------+----------------+----------------+
| ('G8', 0) | G8_0(0.0)      | G8_0(1.0)      | G8_0(0.0)      | G8_0(1.0)      |
+-----------+----------------+----------------+----------------+----------------+
| G6(0.0)   | 0.815789473684 | 0.342696629213 | 0.318181818182 | 0.263713080169 |
+-----------+----------------+----------------+----------------+----------------+
| G6(1.0)   | 0.184210526316 | 0.657303370787 | 0.681818181818 | 0.736286919831 |
+-----------+----------------+----------------+----------------+----------------+
+-----------+----------------+-----------------+----------------+----------------+
| ('G4', 1) | G4_1(0.0)      | G4_1(0.0)       | G4_1(1.0)      | G4_1(1.0)      |
+-----------+----------------+-----------------+----------------+----------------+
| ('G5', 0) | G5_0(0.0)      | G5_0(1.0)       | G5_0(0.0)      | G5_0(1.0)      |
+-----------+----------------+-----------------+----------------+----------------+
| G5(0.0)   | 0.855555555556 | 0.0297450424929 | 0.277777777778 | 0.277777777778 |
+-----------+----------------+-----------------+----------------+----------------+
| G5(1.0)   | 0.144444444444 | 0.970254957507  | 0.722222222222 | 0.722222222222 |
+-----------+----------------+-----------------+----------------+----------------+
+-----------+---------------+------------------+----------------+----------------+
| ('G4', 0) | G4_0(0.0)     | G4_0(0.0)        | G4_0(1.0)      | G4_0(1.0)      |
+-----------+---------------+------------------+----------------+----------------+
| ('G8', 0) | G8_0(0.0)     | G8_0(1.0)        | G8_0(0.0)      | G8_0(1.0)      |
+-----------+---------------+------------------+----------------+----------------+
| G4(0.0)   | 0.87037037037 | 0.992113564669   | 0.722222222222 | 0.722222222222 |
+-----------+---------------+------------------+----------------+----------------+
| G4(1.0)   | 0.12962962963 | 0.00788643533123 | 0.277777777778 | 0.277777777778 |
+-----------+---------------+------------------+----------------+----------------+
+-----------+----------------+-----------------+-----------------+----------------+
| ('G2', 1) | G2_1(0.0)      | G2_1(0.0)       | G2_1(1.0)       | G2_1(1.0)      |
+-----------+----------------+-----------------+-----------------+----------------+
| ('G3', 0) | G3_0(0.0)      | G3_0(1.0)       | G3_0(0.0)       | G3_0(1.0)      |
+-----------+----------------+-----------------+-----------------+----------------+
| G3(0.0)   | 0.672839506173 | 0.0475113122172 | 0.961538461538  | 0.377551020408 |
+-----------+----------------+-----------------+-----------------+----------------+
| G3(1.0)   | 0.327160493827 | 0.952488687783  | 0.0384615384615 | 0.622448979592 |
+-----------+----------------+-----------------+-----------------+----------------+
+-----------+-----------------+----------------+-----------+----------------+
| ('G2', 0) | G2_0(0.0)       | G2_0(0.0)      | G2_0(1.0) | G2_0(1.0)      |
+-----------+-----------------+----------------+-----------+----------------+
| ('G7', 0) | G7_0(0.0)       | G7_0(1.0)      | G7_0(0.0) | G7_0(1.0)      |
+-----------+-----------------+----------------+-----------+----------------+
| G2(0.0)   | 0.988687782805  | 0.722222222222 | 0.42      | 0.162921348315 |
+-----------+-----------------+----------------+-----------+----------------+
| G2(1.0)   | 0.0113122171946 | 0.277777777778 | 0.58      | 0.837078651685 |
+-----------+-----------------+----------------+-----------+----------------+
+-----------+----------------+----------------+----------------+----------------+
| ('G1', 0) | G1_0(0.0)      | G1_0(0.0)      | G1_0(1.0)      | G1_0(1.0)      |
+-----------+----------------+----------------+----------------+----------------+
| ('G7', 0) | G7_0(0.0)      | G7_0(1.0)      | G7_0(0.0)      | G7_0(1.0)      |
+-----------+----------------+----------------+----------------+----------------+
| G1(0.0)   | 0.715384615385 | 0.836283185841 | 0.102209944751 | 0.394736842105 |
+-----------+----------------+----------------+----------------+----------------+
| G1(1.0)   | 0.284615384615 | 0.163716814159 | 0.897790055249 | 0.605263157895 |
+-----------+----------------+----------------+----------------+----------------+
+-----------+----------------+----------------+-----------+----------------+
| ('G2', 1) | G2_1(0.0)      | G2_1(0.0)      | G2_1(1.0) | G2_1(1.0)      |
+-----------+----------------+----------------+-----------+----------------+
| ('G3', 0) | G3_0(0.0)      | G3_0(1.0)      | G3_0(0.0) | G3_0(1.0)      |
+-----------+----------------+----------------+-----------+----------------+
| G9(0.0)   | 0.228395061728 | 0.101809954751 | 0.9       | 0.622448979592 |
+-----------+----------------+----------------+-----------+----------------+
| G9(1.0)   | 0.771604938272 | 0.898190045249 | 0.1       | 0.377551020408 |
+-----------+----------------+----------------+-----------+----------------+
+-----------+-----------------+-----------------+-----------+-----------+
| ('G4', 1) | G4_1(0.0)       | G4_1(0.0)       | G4_1(1.0) | G4_1(1.0) |
+-----------+-----------------+-----------------+-----------+-----------+
| ('G8', 0) | G8_0(0.0)       | G8_0(1.0)       | G8_0(0.0) | G8_0(1.0) |
+-----------+-----------------+-----------------+-----------+-----------+
| G8(0.0)   | 0.915584415584  | 0.0327102803738 | 0.5       | 0.5       |
+-----------+-----------------+-----------------+-----------+-----------+
| G8(1.0)   | 0.0844155844156 | 0.967289719626  | 0.5       | 0.5       |
+-----------+-----------------+-----------------+-----------+-----------+
+------------+-----------------+----------------+----------------+------------------+
| ('G10', 0) | G10_0(0.0)      | G10_0(0.0)     | G10_0(1.0)     | G10_0(1.0)       |
+------------+-----------------+----------------+----------------+------------------+
| ('G8', 1)  | G8_1(0.0)       | G8_1(1.0)      | G8_1(0.0)      | G8_1(1.0)        |
+------------+-----------------+----------------+----------------+------------------+
| G10(0.0)   | 0.939024390244  | 0.277777777778 | 0.132653061224 | 0.00788643533123 |
+------------+-----------------+----------------+----------------+------------------+
| G10(1.0)   | 0.0609756097561 | 0.722222222222 | 0.867346938776 | 0.992113564669   |
+------------+-----------------+----------------+----------------+------------------+
[('G7', 'G2'), ('G7', 'G1'), ('G4', 'G4'), ('G4', 'G5'), ('G4', 'G8'), ('G8', 'G4'), ('G8', 'G6'), ('G8', 'G8'), ('G1', 'G7'), ('G1', 'G1'), ('G8', 'G10'), ('G5', 'G5'), ('G2', 'G2'), ('G2', 'G9'), ('G2', 'G3'), ('G10', 'G7'), ('G10', 'G10'), ('G3', 'G9'), ('G3', 'G3'), ('G3', 'G6')]
