[('G1', 'G9')]
+---------+---+
| G7(0.0) | 1 |
+---------+---+
+---------+---+
| G6(0.0) | 1 |
+---------+---+
+---------+---+
| G5(1.0) | 1 |
+---------+---+
+---------+---+
| G4(1.0) | 1 |
+---------+---+
+---------+---+
| G3(1.0) | 1 |
+---------+---+
+---------+---+
| G2(0.0) | 1 |
+---------+---+
+---------+------+
| G1(0.0) | 0.35 |
+---------+------+
| G1(1.0) | 0.65 |
+---------+------+
+---------+----------------+----------------+
| G1      | G1(0.0)        | G1(1.0)        |
+---------+----------------+----------------+
| G9(0.0) | 0.357142857143 | 0.653846153846 |
+---------+----------------+----------------+
| G9(1.0) | 0.642857142857 | 0.346153846154 |
+---------+----------------+----------------+
+---------+---+
| G8(1.0) | 1 |
+---------+---+
+----------+---+
| G10(1.0) | 1 |
+----------+---+
[(('G7', 1), ('G2', 1)), (('G7', 0), ('G7', 1)), (('G4', 0), ('G4', 1)), (('G1', 1), ('G9', 1)), (('G1', 1), ('G10', 1)), (('G4', 1), ('G5', 1)), (('G8', 0), ('G8', 1)), (('G1', 0), ('G1', 1)), (('G5', 1), ('G7', 1)), (('G8', 1), ('G4', 1)), (('G5', 0), ('G5', 1)), (('G2', 0), ('G2', 1)), (('G2', 0), ('G1', 1)), (('G2', 0), ('G3', 1)), (('G10', 0), ('G8', 1)), (('G10', 0), ('G10', 1)), (('G3', 0), ('G3', 1))]
+-----------+---------------+-----------------+-----------------+----------------+
| ('G5', 1) | G5_1(0.0)     | G5_1(0.0)       | G5_1(1.0)       | G5_1(1.0)      |
+-----------+---------------+-----------------+-----------------+----------------+
| ('G7', 0) | G7_0(0.0)     | G7_0(1.0)       | G7_0(0.0)       | G7_0(1.0)      |
+-----------+---------------+-----------------+-----------------+----------------+
| G7(0.0)   | 0.80303030303 | 0.0384615384615 | 0.913793103448  | 0.464912280702 |
+-----------+---------------+-----------------+-----------------+----------------+
| G7(1.0)   | 0.19696969697 | 0.961538461538  | 0.0862068965517 | 0.535087719298 |
+-----------+---------------+-----------------+-----------------+----------------+
+---------+---+
| G6(0.0) | 1 |
+---------+---+
+-----------+----------------+----------------+----------------+-----------------+
| ('G4', 1) | G4_1(0.0)      | G4_1(0.0)      | G4_1(1.0)      | G4_1(1.0)       |
+-----------+----------------+----------------+----------------+-----------------+
| ('G5', 0) | G5_0(0.0)      | G5_0(1.0)      | G5_0(0.0)      | G5_0(1.0)       |
+-----------+----------------+----------------+----------------+-----------------+
| G5(0.0)   | 0.841463414634 | 0.237704918033 | 0.745614035088 | 0.0252918287938 |
+-----------+----------------+----------------+----------------+-----------------+
| G5(1.0)   | 0.158536585366 | 0.762295081967 | 0.254385964912 | 0.974708171206  |
+-----------+----------------+----------------+----------------+-----------------+
+-----------+-----------------+-----------+-----------+-----------------+
| ('G4', 0) | G4_0(0.0)       | G4_0(0.0) | G4_0(1.0) | G4_0(1.0)       |
+-----------+-----------------+-----------+-----------+-----------------+
| ('G8', 1) | G8_1(0.0)       | G8_1(1.0) | G8_1(0.0) | G8_1(1.0)       |
+-----------+-----------------+-----------+-----------+-----------------+
| G4(0.0)   | 0.939024390244  | 0.5       | 0.5       | 0.0880398671096 |
+-----------+-----------------+-----------+-----------+-----------------+
| G4(1.0)   | 0.0609756097561 | 0.5       | 0.5       | 0.91196013289   |
+-----------+-----------------+-----------+-----------+-----------------+
+-----------+----------------+----------------+---------------+----------------+
| ('G2', 0) | G2_0(0.0)      | G2_0(0.0)      | G2_0(1.0)     | G2_0(1.0)      |
+-----------+----------------+----------------+---------------+----------------+
| ('G3', 0) | G3_0(0.0)      | G3_0(1.0)      | G3_0(0.0)     | G3_0(1.0)      |
+-----------+----------------+----------------+---------------+----------------+
| G3(0.0)   | 0.391891891892 | 0.119834710744 | 0.84188034188 | 0.187943262411 |
+-----------+----------------+----------------+---------------+----------------+
| G3(1.0)   | 0.608108108108 | 0.880165289256 | 0.15811965812 | 0.812056737589 |
+-----------+----------------+----------------+---------------+----------------+
+-----------+----------------+-----------+---------------+-----------------+
| ('G2', 0) | G2_0(0.0)      | G2_0(0.0) | G2_0(1.0)     | G2_0(1.0)       |
+-----------+----------------+-----------+---------------+-----------------+
| ('G7', 1) | G7_1(0.0)      | G7_1(1.0) | G7_1(0.0)     | G7_1(1.0)       |
+-----------+----------------+-----------+---------------+-----------------+
| G2(0.0)   | 0.748366013072 | 0.5       | 0.27304964539 | 0.0555555555556 |
+-----------+----------------+-----------+---------------+-----------------+
| G2(1.0)   | 0.251633986928 | 0.5       | 0.72695035461 | 0.944444444444  |
+-----------+----------------+-----------+---------------+-----------------+
+-----------+----------------+-----------------+----------------+----------------+
| ('G1', 0) | G1_0(0.0)      | G1_0(0.0)       | G1_0(1.0)      | G1_0(1.0)      |
+-----------+----------------+-----------------+----------------+----------------+
| ('G2', 0) | G2_0(0.0)      | G2_0(1.0)       | G2_0(0.0)      | G2_0(1.0)      |
+-----------+----------------+-----------------+----------------+----------------+
| G1(0.0)   | 0.672043010753 | 0.961538461538  | 0.407692307692 | 0.162921348315 |
+-----------+----------------+-----------------+----------------+----------------+
| G1(1.0)   | 0.327956989247 | 0.0384615384615 | 0.592307692308 | 0.837078651685 |
+-----------+----------------+-----------------+----------------+----------------+
+-----------+----------------+----------------+
| ('G1', 1) | G1_1(0.0)      | G1_1(1.0)      |
+-----------+----------------+----------------+
| G9(0.0)   | 0.304511278195 | 0.486666666667 |
+-----------+----------------+----------------+
| G9(1.0)   | 0.695488721805 | 0.513333333333 |
+-----------+----------------+----------------+
+------------+-----------------+----------------+----------------+------------------+
| ('G10', 0) | G10_0(0.0)      | G10_0(0.0)     | G10_0(1.0)     | G10_0(1.0)       |
+------------+-----------------+----------------+----------------+------------------+
| ('G8', 0)  | G8_0(0.0)       | G8_0(1.0)      | G8_0(0.0)      | G8_0(1.0)        |
+------------+-----------------+----------------+----------------+------------------+
| G8(0.0)    | 0.932432432432  | 0.122641509434 | 0.617647058824 | 0.00809061488673 |
+------------+-----------------+----------------+----------------+------------------+
| G8(1.0)    | 0.0675675675676 | 0.877358490566 | 0.382352941176 | 0.991909385113   |
+------------+-----------------+----------------+----------------+------------------+
+------------+----------------+------------------+-----------------+-----------------+
| ('G1', 1)  | G1_1(0.0)      | G1_1(0.0)        | G1_1(1.0)       | G1_1(1.0)       |
+------------+----------------+------------------+-----------------+-----------------+
| ('G10', 0) | G10_0(0.0)     | G10_0(1.0)       | G10_0(0.0)      | G10_0(1.0)      |
+------------+----------------+------------------+-----------------+-----------------+
| G10(0.0)   | 0.277777777778 | 0.00972762645914 | 0.91975308642   | 0.0942028985507 |
+------------+----------------+------------------+-----------------+-----------------+
| G10(1.0)   | 0.722222222222 | 0.990272373541   | 0.0802469135802 | 0.905797101449  |
+------------+----------------+------------------+-----------------+-----------------+
[('G7', 'G2'), ('G7', 'G7'), ('G4', 'G4'), ('G1', 'G9'), ('G1', 'G10'), ('G4', 'G5'), ('G8', 'G8'), ('G1', 'G1'), ('G5', 'G7'), ('G8', 'G4'), ('G5', 'G5'), ('G2', 'G2'), ('G2', 'G1'), ('G2', 'G3'), ('G10', 'G8'), ('G10', 'G10'), ('G3', 'G3')]
