[('YAL040C', 'YGL116W'), ('YAL040C', 'YER111C'), ('YLR079W', 'YGL003C'), ('YGL116W', 'YMR199W'), ('YMR043W', 'YDL056W'), ('YDR146C', 'YLR079W'), ('YGR108W', 'YDR146C'), ('YER111C', 'YMR043W'), ('YPR120C', 'YGR108W'), ('YPR120C', 'YGL003C'), ('YPR120C', 'YER111C'), ('YGL003C', 'YGL116W'), ('YGL003C', 'YAL040C'), ('YGL003C', 'YMR199W')]
+--------------+----------------+----------------+
| YGL003C      | YGL003C(0.0)   | YGL003C(1.0)   |
+--------------+----------------+----------------+
| YAL040C(0.0) | 0.642857142857 | 0.277777777778 |
+--------------+----------------+----------------+
| YAL040C(1.0) | 0.357142857143 | 0.722222222222 |
+--------------+----------------+----------------+
+--------------+--------------+
| YDR146C      | YDR146C(0.0) |
+--------------+--------------+
| YLR079W(0.0) | 0.4375       |
+--------------+--------------+
| YLR079W(1.0) | 0.5625       |
+--------------+--------------+
+--------------+----------------+--------------+--------------+----------------+
| YGL003C      | YGL003C(0.0)   | YGL003C(0.0) | YGL003C(1.0) | YGL003C(1.0)   |
+--------------+----------------+--------------+--------------+----------------+
| YGL116W      | YGL116W(0.0)   | YGL116W(1.0) | YGL116W(0.0) | YGL116W(1.0)   |
+--------------+----------------+--------------+--------------+----------------+
| YMR199W(0.0) | 0.277777777778 | 0.5          | 0.5          | 0.807692307692 |
+--------------+----------------+--------------+--------------+----------------+
| YMR199W(1.0) | 0.722222222222 | 0.5          | 0.5          | 0.192307692308 |
+--------------+----------------+--------------+--------------+----------------+
+--------------+----------------+----------------+
| YMR043W      | YMR043W(0.0)   | YMR043W(1.0)   |
+--------------+----------------+----------------+
| YDL056W(0.0) | 0.277777777778 | 0.642857142857 |
+--------------+----------------+----------------+
| YDL056W(1.0) | 0.722222222222 | 0.357142857143 |
+--------------+----------------+----------------+
+--------------+----------------+--------------+--------------+----------------+
| YAL040C      | YAL040C(0.0)   | YAL040C(0.0) | YAL040C(1.0) | YAL040C(1.0)   |
+--------------+----------------+--------------+--------------+----------------+
| YGL003C      | YGL003C(0.0)   | YGL003C(1.0) | YGL003C(0.0) | YGL003C(1.0)   |
+--------------+----------------+--------------+--------------+----------------+
| YGL116W(0.0) | 0.722222222222 | 0.5          | 0.5          | 0.192307692308 |
+--------------+----------------+--------------+--------------+----------------+
| YGL116W(1.0) | 0.277777777778 | 0.5          | 0.5          | 0.807692307692 |
+--------------+----------------+--------------+--------------+----------------+
+--------------+----------------+--------------+
| YER111C      | YER111C(0.0)   | YER111C(1.0) |
+--------------+----------------+--------------+
| YMR043W(0.0) | 0.642857142857 | 0.5          |
+--------------+----------------+--------------+
| YMR043W(1.0) | 0.357142857143 | 0.5          |
+--------------+----------------+--------------+
+--------------+--------------+--------------+
| YGR108W      | YGR108W(0.0) | YGR108W(1.0) |
+--------------+--------------+--------------+
| YDR146C(0.0) | 1.0          | 1.0          |
+--------------+--------------+--------------+
+--------------+----------------+----------------+
| YPR120C      | YPR120C(0.0)   | YPR120C(1.0)   |
+--------------+----------------+----------------+
| YGR108W(0.0) | 0.722222222222 | 0.357142857143 |
+--------------+----------------+----------------+
| YGR108W(1.0) | 0.277777777778 | 0.642857142857 |
+--------------+----------------+----------------+
+--------------+----------------+--------------+----------------+----------------+
| YAL040C      | YAL040C(0.0)   | YAL040C(0.0) | YAL040C(1.0)   | YAL040C(1.0)   |
+--------------+----------------+--------------+----------------+----------------+
| YPR120C      | YPR120C(0.0)   | YPR120C(1.0) | YPR120C(0.0)   | YPR120C(1.0)   |
+--------------+----------------+--------------+----------------+----------------+
| YER111C(0.0) | 0.277777777778 | 0.5          | 0.722222222222 | 0.277777777778 |
+--------------+----------------+--------------+----------------+----------------+
| YER111C(1.0) | 0.722222222222 | 0.5          | 0.277777777778 | 0.722222222222 |
+--------------+----------------+--------------+----------------+----------------+
+--------------+--------+
| YPR120C(0.0) | 0.5625 |
+--------------+--------+
| YPR120C(1.0) | 0.4375 |
+--------------+--------+
+--------------+----------------+--------------+----------------+----------------+
| YLR079W      | YLR079W(0.0)   | YLR079W(0.0) | YLR079W(1.0)   | YLR079W(1.0)   |
+--------------+----------------+--------------+----------------+----------------+
| YPR120C      | YPR120C(0.0)   | YPR120C(1.0) | YPR120C(0.0)   | YPR120C(1.0)   |
+--------------+----------------+--------------+----------------+----------------+
| YGL003C(0.0) | 0.277777777778 | 0.5          | 0.722222222222 | 0.277777777778 |
+--------------+----------------+--------------+----------------+----------------+
| YGL003C(1.0) | 0.722222222222 | 0.5          | 0.277777777778 | 0.722222222222 |
+--------------+----------------+--------------+----------------+----------------+
[(('YLR079W', 0), ('YLR079W', 1)), (('YLR079W', 0), ('YGR108W', 1)), (('YDL056W', 1), ('YER111C', 1)), (('YGL003C', 0), ('YAL040C', 1)), (('YAL040C', 0), ('YDL056W', 1)), (('YER111C', 0), ('YMR199W', 1)), (('YER111C', 0), ('YPR120C', 1)), (('YGR108W', 1), ('YDR146C', 1)), (('YGR108W', 1), ('YPR120C', 1)), (('YGR108W', 1), ('YDL056W', 1)), (('YPR120C', 0), ('YAL040C', 1)), (('YGR108W', 0), ('YGR108W', 1)), (('YMR199W', 1), ('YGL116W', 1)), (('YMR199W', 1), ('YGL003C', 1)), (('YDR146C', 0), ('YDR146C', 1)), (('YPR120C', 1), ('YGL116W', 1)), (('YDL056W', 0), ('YMR043W', 1)), (('YMR199W', 0), ('YMR199W', 1)), (('YGL003C', 1), ('YLR079W', 1)), (('YDR146C', 1), ('YGL003C', 1)), (('YDR146C', 1), ('YER111C', 1))]
+----------------+----------------+----------------+----------------+----------------+
| ('YGL003C', 0) | YGL003C_0(0.0) | YGL003C_0(0.0) | YGL003C_0(1.0) | YGL003C_0(1.0) |
+----------------+----------------+----------------+----------------+----------------+
| ('YPR120C', 0) | YPR120C_0(0.0) | YPR120C_0(1.0) | YPR120C_0(0.0) | YPR120C_0(1.0) |
+----------------+----------------+----------------+----------------+----------------+
| YAL040C(0.0)   | 0.807692307692 | 0.745614035088 | 0.162921348315 | 0.672839506173 |
+----------------+----------------+----------------+----------------+----------------+
| YAL040C(1.0)   | 0.192307692308 | 0.254385964912 | 0.837078651685 | 0.327160493827 |
+----------------+----------------+----------------+----------------+----------------+
+----------------+----------------+----------------+----------------+----------------+
| ('YGL003C', 1) | YGL003C_1(0.0) | YGL003C_1(0.0) | YGL003C_1(1.0) | YGL003C_1(1.0) |
+----------------+----------------+----------------+----------------+----------------+
| ('YLR079W', 0) | YLR079W_0(0.0) | YLR079W_0(1.0) | YLR079W_0(0.0) | YLR079W_0(1.0) |
+----------------+----------------+----------------+----------------+----------------+
| YLR079W(0.0)   | 0.192307692308 | 0.114035087719 | 0.722222222222 | 0.297752808989 |
+----------------+----------------+----------------+----------------+----------------+
| YLR079W(1.0)   | 0.807692307692 | 0.885964912281 | 0.277777777778 | 0.702247191011 |
+----------------+----------------+----------------+----------------+----------------+
+----------------+----------------+----------------+-----------------+----------------+
| ('YDR146C', 1) | YDR146C_1(0.0) | YDR146C_1(0.0) | YDR146C_1(1.0)  | YDR146C_1(1.0) |
+----------------+----------------+----------------+-----------------+----------------+
| ('YMR199W', 1) | YMR199W_1(0.0) | YMR199W_1(1.0) | YMR199W_1(0.0)  | YMR199W_1(1.0) |
+----------------+----------------+----------------+-----------------+----------------+
| YGL003C(0.0)   | 0.5            | 0.477528089888 | 0.0764705882353 | 0.303278688525 |
+----------------+----------------+----------------+-----------------+----------------+
| YGL003C(1.0)   | 0.5            | 0.522471910112 | 0.923529411765  | 0.696721311475 |
+----------------+----------------+----------------+-----------------+----------------+
+----------------+----------------+----------------+----------------+-----------------+
| ('YAL040C', 0) | YAL040C_0(0.0) | YAL040C_0(0.0) | YAL040C_0(1.0) | YAL040C_0(1.0)  |
+----------------+----------------+----------------+----------------+-----------------+
| ('YGR108W', 1) | YGR108W_1(0.0) | YGR108W_1(1.0) | YGR108W_1(0.0) | YGR108W_1(1.0)  |
+----------------+----------------+----------------+----------------+-----------------+
| YDL056W(0.0)   | 0.283783783784 | 0.179012345679 | 0.72641509434  | 0.0942028985507 |
+----------------+----------------+----------------+----------------+-----------------+
| YDL056W(1.0)   | 0.716216216216 | 0.820987654321 | 0.27358490566  | 0.905797101449  |
+----------------+----------------+----------------+----------------+-----------------+
+----------------+----------------+----------------+----------------+----------------+
| ('YMR199W', 1) | YMR199W_1(0.0) | YMR199W_1(0.0) | YMR199W_1(1.0) | YMR199W_1(1.0) |
+----------------+----------------+----------------+----------------+----------------+
| ('YPR120C', 1) | YPR120C_1(0.0) | YPR120C_1(1.0) | YPR120C_1(0.0) | YPR120C_1(1.0) |
+----------------+----------------+----------------+----------------+----------------+
| YGL116W(0.0)   | 0.036231884058 | 0.5            | 0.439393939394 | 0.705128205128 |
+----------------+----------------+----------------+----------------+----------------+
| YGL116W(1.0)   | 0.963768115942 | 0.5            | 0.560606060606 | 0.294871794872 |
+----------------+----------------+----------------+----------------+----------------+
+----------------+----------------+----------------+
| ('YDL056W', 0) | YDL056W_0(0.0) | YDL056W_0(1.0) |
+----------------+----------------+----------------+
| YMR043W(0.0)   | 0.585714285714 | 0.405882352941 |
+----------------+----------------+----------------+
| YMR043W(1.0)   | 0.414285714286 | 0.594117647059 |
+----------------+----------------+----------------+
+----------------+-----------------+----------------+----------------+-----------------+
| ('YDR146C', 0) | YDR146C_0(0.0)  | YDR146C_0(0.0) | YDR146C_0(1.0) | YDR146C_0(1.0)  |
+----------------+-----------------+----------------+----------------+-----------------+
| ('YGR108W', 1) | YGR108W_1(0.0)  | YGR108W_1(1.0) | YGR108W_1(0.0) | YGR108W_1(1.0)  |
+----------------+-----------------+----------------+----------------+-----------------+
| YDR146C(0.0)   | 0.948979591837  | 0.459183673469 | 0.548780487805 | 0.0247524752475 |
+----------------+-----------------+----------------+----------------+-----------------+
| YDR146C(1.0)   | 0.0510204081633 | 0.540816326531 | 0.451219512195 | 0.975247524752  |
+----------------+-----------------+----------------+----------------+-----------------+
+----------------+----------------+----------------+-----------------+----------------+
| ('YGR108W', 0) | YGR108W_0(0.0) | YGR108W_0(0.0) | YGR108W_0(1.0)  | YGR108W_0(1.0) |
+----------------+----------------+----------------+-----------------+----------------+
| ('YLR079W', 0) | YLR079W_0(0.0) | YLR079W_0(1.0) | YLR079W_0(0.0)  | YLR079W_0(1.0) |
+----------------+----------------+----------------+-----------------+----------------+
| YGR108W(0.0)   | 0.5            | 0.691780821918 | 0.0342465753425 | 0.36301369863  |
+----------------+----------------+----------------+-----------------+----------------+
| YGR108W(1.0)   | 0.5            | 0.308219178082 | 0.965753424658  | 0.63698630137  |
+----------------+----------------+----------------+-----------------+----------------+
+----------------+-----------------+-----------------+----------------+----------------+
| ('YDL056W', 1) | YDL056W_1(0.0)  | YDL056W_1(0.0)  | YDL056W_1(1.0) | YDL056W_1(1.0) |
+----------------+-----------------+-----------------+----------------+----------------+
| ('YDR146C', 1) | YDR146C_1(0.0)  | YDR146C_1(1.0)  | YDR146C_1(0.0) | YDR146C_1(1.0) |
+----------------+-----------------+-----------------+----------------+----------------+
| YER111C(0.0)   | 0.0609756097561 | 0.0862068965517 | 0.122641509434 | 0.636752136752 |
+----------------+-----------------+-----------------+----------------+----------------+
| YER111C(1.0)   | 0.939024390244  | 0.913793103448  | 0.877358490566 | 0.363247863248 |
+----------------+-----------------+-----------------+----------------+----------------+
+----------------+----------------+-----------------+-----------------+----------------+
| ('YER111C', 0) | YER111C_0(0.0) | YER111C_0(0.0)  | YER111C_0(1.0)  | YER111C_0(1.0) |
+----------------+----------------+-----------------+-----------------+----------------+
| ('YGR108W', 1) | YGR108W_1(0.0) | YGR108W_1(1.0)  | YGR108W_1(0.0)  | YGR108W_1(1.0) |
+----------------+----------------+-----------------+-----------------+----------------+
| YPR120C(0.0)   | 0.192307692308 | 0.905797101449  | 0.0844155844156 | 0.376543209877 |
+----------------+----------------+-----------------+-----------------+----------------+
| YPR120C(1.0)   | 0.807692307692 | 0.0942028985507 | 0.915584415584  | 0.623456790123 |
+----------------+----------------+-----------------+-----------------+----------------+
+----------------+----------------+----------------+----------------+-----------------+
| ('YER111C', 0) | YER111C_0(0.0) | YER111C_0(0.0) | YER111C_0(1.0) | YER111C_0(1.0)  |
+----------------+----------------+----------------+----------------+-----------------+
| ('YMR199W', 0) | YMR199W_0(0.0) | YMR199W_0(1.0) | YMR199W_0(0.0) | YMR199W_0(1.0)  |
+----------------+----------------+----------------+----------------+-----------------+
| YMR199W(0.0)   | 0.841463414634 | 0.743902439024 | 0.459183673469 | 0.0229357798165 |
+----------------+----------------+----------------+----------------+-----------------+
| YMR199W(1.0)   | 0.158536585366 | 0.256097560976 | 0.540816326531 | 0.977064220183  |
+----------------+----------------+----------------+----------------+-----------------+
[('YLR079W', 'YLR079W'), ('YLR079W', 'YGR108W'), ('YDL056W', 'YER111C'), ('YGL003C', 'YAL040C'), ('YAL040C', 'YDL056W'), ('YER111C', 'YMR199W'), ('YER111C', 'YPR120C'), ('YGR108W', 'YDR146C'), ('YGR108W', 'YPR120C'), ('YGR108W', 'YDL056W'), ('YPR120C', 'YAL040C'), ('YGR108W', 'YGR108W'), ('YMR199W', 'YGL116W'), ('YMR199W', 'YGL003C'), ('YDR146C', 'YDR146C'), ('YPR120C', 'YGL116W'), ('YDL056W', 'YMR043W'), ('YMR199W', 'YMR199W'), ('YGL003C', 'YLR079W'), ('YDR146C', 'YGL003C'), ('YDR146C', 'YER111C')]
