[('YAL040C', 'YGL116W'), ('YAL040C', 'YER111C'), ('YAL040C', 'YMR199W'), ('YAL040C', 'YDL056W'), ('YAL040C', 'YGL003C'), ('YLR079W', 'YAL040C'), ('YDL056W', 'YMR043W'), ('YGL116W', 'YMR199W'), ('YDR146C', 'YLR079W'), ('YDR146C', 'YGL003C'), ('YGR108W', 'YAL040C'), ('YGR108W', 'YDL056W'), ('YGR108W', 'YDR146C'), ('YPR120C', 'YGL116W'), ('YPR120C', 'YGR108W'), ('YPR120C', 'YMR043W')]
+--------------+----------------+----------------+----------------+----------------+
| YGR108W      | YGR108W(0.0)   | YGR108W(0.0)   | YGR108W(1.0)   | YGR108W(1.0)   |
+--------------+----------------+----------------+----------------+----------------+
| YLR079W      | YLR079W(0.0)   | YLR079W(1.0)   | YLR079W(0.0)   | YLR079W(1.0)   |
+--------------+----------------+----------------+----------------+----------------+
| YAL040C(0.0) | 0.277777777778 | 0.807692307692 | 0.192307692308 | 0.277777777778 |
+--------------+----------------+----------------+----------------+----------------+
| YAL040C(1.0) | 0.722222222222 | 0.192307692308 | 0.807692307692 | 0.722222222222 |
+--------------+----------------+----------------+----------------+----------------+
+--------------+----------------+----------------+
| YDR146C      | YDR146C(0.0)   | YDR146C(1.0)   |
+--------------+----------------+----------------+
| YLR079W(0.0) | 0.346153846154 | 0.722222222222 |
+--------------+----------------+----------------+
| YLR079W(1.0) | 0.653846153846 | 0.277777777778 |
+--------------+----------------+----------------+
+--------------+----------------+--------------+----------------+----------------+
| YAL040C      | YAL040C(0.0)   | YAL040C(0.0) | YAL040C(1.0)   | YAL040C(1.0)   |
+--------------+----------------+--------------+----------------+----------------+
| YGL116W      | YGL116W(0.0)   | YGL116W(1.0) | YGL116W(0.0)   | YGL116W(1.0)   |
+--------------+----------------+--------------+----------------+----------------+
| YMR199W(0.0) | 0.192307692308 | 0.5          | 0.277777777778 | 0.852941176471 |
+--------------+----------------+--------------+----------------+----------------+
| YMR199W(1.0) | 0.807692307692 | 0.5          | 0.722222222222 | 0.147058823529 |
+--------------+----------------+--------------+----------------+----------------+
+--------------+----------------+--------------+----------------+----------------+
| YAL040C      | YAL040C(0.0)   | YAL040C(0.0) | YAL040C(1.0)   | YAL040C(1.0)   |
+--------------+----------------+--------------+----------------+----------------+
| YGR108W      | YGR108W(0.0)   | YGR108W(1.0) | YGR108W(0.0)   | YGR108W(1.0)   |
+--------------+----------------+--------------+----------------+----------------+
| YDL056W(0.0) | 0.192307692308 | 0.5          | 0.277777777778 | 0.852941176471 |
+--------------+----------------+--------------+----------------+----------------+
| YDL056W(1.0) | 0.807692307692 | 0.5          | 0.722222222222 | 0.147058823529 |
+--------------+----------------+--------------+----------------+----------------+
+--------------+----------------+--------------+----------------+--------------+
| YAL040C      | YAL040C(0.0)   | YAL040C(0.0) | YAL040C(1.0)   | YAL040C(1.0) |
+--------------+----------------+--------------+----------------+--------------+
| YPR120C      | YPR120C(0.0)   | YPR120C(1.0) | YPR120C(0.0)   | YPR120C(1.0) |
+--------------+----------------+--------------+----------------+--------------+
| YGL116W(0.0) | 0.807692307692 | 0.5          | 0.192307692308 | 0.5          |
+--------------+----------------+--------------+----------------+--------------+
| YGL116W(1.0) | 0.192307692308 | 0.5          | 0.807692307692 | 0.5          |
+--------------+----------------+--------------+----------------+--------------+
+--------------+----------------+----------------+----------------+--------------+
| YDL056W      | YDL056W(0.0)   | YDL056W(0.0)   | YDL056W(1.0)   | YDL056W(1.0) |
+--------------+----------------+----------------+----------------+--------------+
| YPR120C      | YPR120C(0.0)   | YPR120C(1.0)   | YPR120C(0.0)   | YPR120C(1.0) |
+--------------+----------------+----------------+----------------+--------------+
| YMR043W(0.0) | 0.722222222222 | 0.192307692308 | 0.852941176471 | 0.5          |
+--------------+----------------+----------------+----------------+--------------+
| YMR043W(1.0) | 0.277777777778 | 0.807692307692 | 0.147058823529 | 0.5          |
+--------------+----------------+----------------+----------------+--------------+
+--------------+----------------+----------------+
| YGR108W      | YGR108W(0.0)   | YGR108W(1.0)   |
+--------------+----------------+----------------+
| YDR146C(0.0) | 0.772727272727 | 0.409090909091 |
+--------------+----------------+----------------+
| YDR146C(1.0) | 0.227272727273 | 0.590909090909 |
+--------------+----------------+----------------+
+--------------+----------------+----------------+
| YPR120C      | YPR120C(0.0)   | YPR120C(1.0)   |
+--------------+----------------+----------------+
| YGR108W(0.0) | 0.653846153846 | 0.277777777778 |
+--------------+----------------+----------------+
| YGR108W(1.0) | 0.346153846154 | 0.722222222222 |
+--------------+----------------+----------------+
+--------------+--------------+----------------+
| YAL040C      | YAL040C(0.0) | YAL040C(1.0)   |
+--------------+--------------+----------------+
| YER111C(0.0) | 0.5          | 0.653846153846 |
+--------------+--------------+----------------+
| YER111C(1.0) | 0.5          | 0.346153846154 |
+--------------+--------------+----------------+
+--------------+----------+
| YPR120C(0.0) | 0.590909 |
+--------------+----------+
| YPR120C(1.0) | 0.409091 |
+--------------+----------+
+--------------+--------------+--------------+----------------+----------------+
| YAL040C      | YAL040C(0.0) | YAL040C(0.0) | YAL040C(1.0)   | YAL040C(1.0)   |
+--------------+--------------+--------------+----------------+----------------+
| YDR146C      | YDR146C(0.0) | YDR146C(1.0) | YDR146C(0.0)   | YDR146C(1.0)   |
+--------------+--------------+--------------+----------------+----------------+
| YGL003C(0.0) | 0.5          | 0.5          | 0.192307692308 | 0.807692307692 |
+--------------+--------------+--------------+----------------+----------------+
| YGL003C(1.0) | 0.5          | 0.5          | 0.807692307692 | 0.192307692308 |
+--------------+--------------+--------------+----------------+----------------+
[(('YLR079W', 0), ('YLR079W', 1)), (('YGL003C', 0), ('YPR120C', 1)), (('YAL040C', 0), ('YDL056W', 1)), (('YER111C', 0), ('YMR199W', 1)), (('YER111C', 0), ('YPR120C', 1)), (('YGR108W', 1), ('YDR146C', 1)), (('YGR108W', 1), ('YER111C', 1)), (('YGR108W', 1), ('YDL056W', 1)), (('YMR043W', 0), ('YAL040C', 1)), (('YPR120C', 0), ('YAL040C', 1)), (('YGL116W', 0), ('YGL003C', 1)), (('YGR108W', 0), ('YGL116W', 1)), (('YGR108W', 0), ('YGR108W', 1)), (('YMR199W', 1), ('YGL003C', 1)), (('YDR146C', 0), ('YDR146C', 1)), (('YPR120C', 1), ('YGL116W', 1)), (('YPR120C', 1), ('YGR108W', 1)), (('YDL056W', 0), ('YMR043W', 1)), (('YMR199W', 0), ('YMR199W', 1)), (('YGL003C', 1), ('YLR079W', 1)), (('YDR146C', 1), ('YER111C', 1))]
+----------------+----------------+----------------+----------------+----------------+
| ('YMR043W', 0) | YMR043W_0(0.0) | YMR043W_0(0.0) | YMR043W_0(1.0) | YMR043W_0(1.0) |
+----------------+----------------+----------------+----------------+----------------+
| ('YPR120C', 0) | YPR120C_0(0.0) | YPR120C_0(1.0) | YPR120C_0(0.0) | YPR120C_0(1.0) |
+----------------+----------------+----------------+----------------+----------------+
| YAL040C(0.0)   | 0.384057971014 | 0.885964912281 | 0.1            | 0.573394495413 |
+----------------+----------------+----------------+----------------+----------------+
| YAL040C(1.0)   | 0.615942028986 | 0.114035087719 | 0.9            | 0.426605504587 |
+----------------+----------------+----------------+----------------+----------------+
+----------------+----------------+----------------+----------------+----------------+
| ('YGL003C', 1) | YGL003C_1(0.0) | YGL003C_1(0.0) | YGL003C_1(1.0) | YGL003C_1(1.0) |
+----------------+----------------+----------------+----------------+----------------+
| ('YLR079W', 0) | YLR079W_0(0.0) | YLR079W_0(1.0) | YLR079W_0(0.0) | YLR079W_0(1.0) |
+----------------+----------------+----------------+----------------+----------------+
| YLR079W(0.0)   | 0.362068965517 | 0.1            | 0.726804123711 | 0.353211009174 |
+----------------+----------------+----------------+----------------+----------------+
| YLR079W(1.0)   | 0.637931034483 | 0.9            | 0.273195876289 | 0.646788990826 |
+----------------+----------------+----------------+----------------+----------------+
+----------------+----------------+----------------+-----------------+----------------+
| ('YGL116W', 0) | YGL116W_0(0.0) | YGL116W_0(0.0) | YGL116W_0(1.0)  | YGL116W_0(1.0) |
+----------------+----------------+----------------+-----------------+----------------+
| ('YMR199W', 1) | YMR199W_1(0.0) | YMR199W_1(1.0) | YMR199W_1(0.0)  | YMR199W_1(1.0) |
+----------------+----------------+----------------+-----------------+----------------+
| YGL003C(0.0)   | 0.362068965517 | 0.366666666667 | 0.0308641975309 | 0.5            |
+----------------+----------------+----------------+-----------------+----------------+
| YGL003C(1.0)   | 0.637931034483 | 0.633333333333 | 0.969135802469  | 0.5            |
+----------------+----------------+----------------+-----------------+----------------+
+----------------+----------------+----------------+----------------+----------------+
| ('YAL040C', 0) | YAL040C_0(0.0) | YAL040C_0(0.0) | YAL040C_0(1.0) | YAL040C_0(1.0) |
+----------------+----------------+----------------+----------------+----------------+
| ('YGR108W', 1) | YGR108W_1(0.0) | YGR108W_1(1.0) | YGR108W_1(0.0) | YGR108W_1(1.0) |
+----------------+----------------+----------------+----------------+----------------+
| YDL056W(0.0)   | 0.214285714286 | 0.231958762887 | 0.696721311475 | 0.241935483871 |
+----------------+----------------+----------------+----------------+----------------+
| YDL056W(1.0)   | 0.785714285714 | 0.768041237113 | 0.303278688525 | 0.758064516129 |
+----------------+----------------+----------------+----------------+----------------+
+----------------+----------------+----------------+----------------+----------------+
| ('YGR108W', 0) | YGR108W_0(0.0) | YGR108W_0(0.0) | YGR108W_0(1.0) | YGR108W_0(1.0) |
+----------------+----------------+----------------+----------------+----------------+
| ('YPR120C', 1) | YPR120C_1(0.0) | YPR120C_1(1.0) | YPR120C_1(0.0) | YPR120C_1(1.0) |
+----------------+----------------+----------------+----------------+----------------+
| YGL116W(0.0)   | 0.147058823529 | 0.844086021505 | 0.152892561983 | 0.442028985507 |
+----------------+----------------+----------------+----------------+----------------+
| YGL116W(1.0)   | 0.852941176471 | 0.155913978495 | 0.847107438017 | 0.557971014493 |
+----------------+----------------+----------------+----------------+----------------+
+----------------+----------------+----------------+
| ('YDL056W', 0) | YDL056W_0(0.0) | YDL056W_0(1.0) |
+----------------+----------------+----------------+
| YMR043W(0.0)   | 0.5            | 0.40099009901  |
+----------------+----------------+----------------+
| YMR043W(1.0)   | 0.5            | 0.59900990099  |
+----------------+----------------+----------------+
+----------------+----------------+----------------+----------------+-----------------+
| ('YDR146C', 0) | YDR146C_0(0.0) | YDR146C_0(0.0) | YDR146C_0(1.0) | YDR146C_0(1.0)  |
+----------------+----------------+----------------+----------------+-----------------+
| ('YGR108W', 1) | YGR108W_1(0.0) | YGR108W_1(1.0) | YGR108W_1(0.0) | YGR108W_1(1.0)  |
+----------------+----------------+----------------+----------------+-----------------+
| YDR146C(0.0)   | 0.885964912281 | 0.434426229508 | 0.650943396226 | 0.0193798449612 |
+----------------+----------------+----------------+----------------+-----------------+
| YDR146C(1.0)   | 0.114035087719 | 0.565573770492 | 0.349056603774 | 0.980620155039  |
+----------------+----------------+----------------+----------------+-----------------+
+----------------+----------------+----------------+-----------------+----------------+
| ('YGR108W', 0) | YGR108W_0(0.0) | YGR108W_0(0.0) | YGR108W_0(1.0)  | YGR108W_0(1.0) |
+----------------+----------------+----------------+-----------------+----------------+
| ('YPR120C', 1) | YPR120C_1(0.0) | YPR120C_1(1.0) | YPR120C_1(0.0)  | YPR120C_1(1.0) |
+----------------+----------------+----------------+-----------------+----------------+
| YGR108W(0.0)   | 0.617647058824 | 0.672043010753 | 0.0867768595041 | 0.384057971014 |
+----------------+----------------+----------------+-----------------+----------------+
| YGR108W(1.0)   | 0.382352941176 | 0.327956989247 | 0.913223140496  | 0.615942028986 |
+----------------+----------------+----------------+-----------------+----------------+
+----------------+-----------------+-----------------+----------------+----------------+
| ('YDR146C', 1) | YDR146C_1(0.0)  | YDR146C_1(0.0)  | YDR146C_1(1.0) | YDR146C_1(1.0) |
+----------------+-----------------+-----------------+----------------+----------------+
| ('YGR108W', 1) | YGR108W_1(0.0)  | YGR108W_1(1.0)  | YGR108W_1(0.0) | YGR108W_1(1.0) |
+----------------+-----------------+-----------------+----------------+----------------+
| YER111C(0.0)   | 0.0764705882353 | 0.0862068965517 | 0.1            | 0.586956521739 |
+----------------+-----------------+-----------------+----------------+----------------+
| YER111C(1.0)   | 0.923529411765  | 0.913793103448  | 0.9            | 0.413043478261 |
+----------------+-----------------+-----------------+----------------+----------------+
+----------------+----------------+----------------+-----------------+----------------+
| ('YER111C', 0) | YER111C_0(0.0) | YER111C_0(0.0) | YER111C_0(1.0)  | YER111C_0(1.0) |
+----------------+----------------+----------------+-----------------+----------------+
| ('YGL003C', 0) | YGL003C_0(0.0) | YGL003C_0(1.0) | YGL003C_0(0.0)  | YGL003C_0(1.0) |
+----------------+----------------+----------------+-----------------+----------------+
| YPR120C(0.0)   | 0.637931034483 | 0.87037037037  | 0.0384615384615 | 0.372          |
+----------------+----------------+----------------+-----------------+----------------+
| YPR120C(1.0)   | 0.362068965517 | 0.12962962963  | 0.961538461538  | 0.628          |
+----------------+----------------+----------------+-----------------+----------------+
+----------------+----------------+----------------+----------------+-----------------+
| ('YER111C', 0) | YER111C_0(0.0) | YER111C_0(0.0) | YER111C_0(1.0) | YER111C_0(1.0)  |
+----------------+----------------+----------------+----------------+-----------------+
| ('YMR199W', 0) | YMR199W_0(0.0) | YMR199W_0(1.0) | YMR199W_0(0.0) | YMR199W_0(1.0)  |
+----------------+----------------+----------------+----------------+-----------------+
| YMR199W(0.0)   | 0.785714285714 | 0.631147540984 | 0.5            | 0.0193798449612 |
+----------------+----------------+----------------+----------------+-----------------+
| YMR199W(1.0)   | 0.214285714286 | 0.368852459016 | 0.5            | 0.980620155039  |
+----------------+----------------+----------------+----------------+-----------------+
[('YLR079W', 'YLR079W'), ('YGL003C', 'YPR120C'), ('YAL040C', 'YDL056W'), ('YER111C', 'YMR199W'), ('YER111C', 'YPR120C'), ('YGR108W', 'YDR146C'), ('YGR108W', 'YER111C'), ('YGR108W', 'YDL056W'), ('YMR043W', 'YAL040C'), ('YPR120C', 'YAL040C'), ('YGL116W', 'YGL003C'), ('YGR108W', 'YGL116W'), ('YGR108W', 'YGR108W'), ('YMR199W', 'YGL003C'), ('YDR146C', 'YDR146C'), ('YPR120C', 'YGL116W'), ('YPR120C', 'YGR108W'), ('YDL056W', 'YMR043W'), ('YMR199W', 'YMR199W'), ('YGL003C', 'YLR079W'), ('YDR146C', 'YER111C')]
