[('YLR079W', 'YER111C'), ('YLR079W', 'YPR120C'), ('YGR108W', 'YMR043W'), ('YPR120C', 'YGR108W'), ('YPR120C', 'YDL056W')]
+--------------+---+
| YAL040C(1.0) | 1 |
+--------------+---+
+--------------+-----+
| YLR079W(0.0) | 0.5 |
+--------------+-----+
| YLR079W(1.0) | 0.5 |
+--------------+-----+
+--------------+---+
| YMR199W(0.0) | 1 |
+--------------+---+
+--------------+----------------+----------------+
| YPR120C      | YPR120C(0.0)   | YPR120C(1.0)   |
+--------------+----------------+----------------+
| YDL056W(0.0) | 0.357142857143 | 0.642857142857 |
+--------------+----------------+----------------+
| YDL056W(1.0) | 0.642857142857 | 0.357142857143 |
+--------------+----------------+----------------+
+--------------+---+
| YGL116W(1.0) | 1 |
+--------------+---+
+--------------+----------------+----------------+
| YGR108W      | YGR108W(0.0)   | YGR108W(1.0)   |
+--------------+----------------+----------------+
| YMR043W(0.0) | 0.642857142857 | 0.357142857143 |
+--------------+----------------+----------------+
| YMR043W(1.0) | 0.357142857143 | 0.642857142857 |
+--------------+----------------+----------------+
+--------------+---+
| YDR146C(0.0) | 1 |
+--------------+---+
+--------------+----------------+----------------+
| YPR120C      | YPR120C(0.0)   | YPR120C(1.0)   |
+--------------+----------------+----------------+
| YGR108W(0.0) | 0.642857142857 | 0.357142857143 |
+--------------+----------------+----------------+
| YGR108W(1.0) | 0.357142857143 | 0.642857142857 |
+--------------+----------------+----------------+
+--------------+----------------+----------------+
| YLR079W      | YLR079W(0.0)   | YLR079W(1.0)   |
+--------------+----------------+----------------+
| YER111C(0.0) | 0.642857142857 | 0.357142857143 |
+--------------+----------------+----------------+
| YER111C(1.0) | 0.357142857143 | 0.642857142857 |
+--------------+----------------+----------------+
+--------------+----------------+----------------+
| YLR079W      | YLR079W(0.0)   | YLR079W(1.0)   |
+--------------+----------------+----------------+
| YPR120C(0.0) | 0.642857142857 | 0.357142857143 |
+--------------+----------------+----------------+
| YPR120C(1.0) | 0.357142857143 | 0.642857142857 |
+--------------+----------------+----------------+
+--------------+---+
| YGL003C(1.0) | 1 |
+--------------+---+
[(('YLR079W', 0), ('YGR108W', 1)), (('YDL056W', 1), ('YMR043W', 1)), (('YER111C', 1), ('YDL056W', 1)), (('YAL040C', 0), ('YGL116W', 1)), (('YGR108W', 1), ('YMR043W', 1)), (('YGR108W', 1), ('YDR146C', 1)), (('YGR108W', 1), ('YPR120C', 1)), (('YPR120C', 0), ('YAL040C', 1)), (('YGL116W', 0), ('YGL003C', 1)), (('YGR108W', 0), ('YPR120C', 1)), (('YGR108W', 0), ('YGR108W', 1)), (('YMR199W', 1), ('YGL116W', 1)), (('YDR146C', 0), ('YMR199W', 1)), (('YDR146C', 0), ('YDR146C', 1)), (('YMR199W', 0), ('YLR079W', 1)), (('YDR146C', 1), ('YMR199W', 1)), (('YDR146C', 1), ('YLR079W', 1)), (('YDR146C', 1), ('YER111C', 1))]
+----------------+----------------+----------------+
| ('YPR120C', 0) | YPR120C_0(0.0) | YPR120C_0(1.0) |
+----------------+----------------+----------------+
| YAL040C(0.0)   | 0.22972972973  | 0.71568627451  |
+----------------+----------------+----------------+
| YAL040C(1.0)   | 0.77027027027  | 0.28431372549  |
+----------------+----------------+----------------+
+----------------+----------------+----------------+----------------+----------------+
| ('YDR146C', 1) | YDR146C_1(0.0) | YDR146C_1(0.0) | YDR146C_1(1.0) | YDR146C_1(1.0) |
+----------------+----------------+----------------+----------------+----------------+
| ('YMR199W', 0) | YMR199W_0(0.0) | YMR199W_0(1.0) | YMR199W_0(0.0) | YMR199W_0(1.0) |
+----------------+----------------+----------------+----------------+----------------+
| YLR079W(0.0)   | 0.309523809524 | 0.122641509434 | 0.424528301887 | 0.867346938776 |
+----------------+----------------+----------------+----------------+----------------+
| YLR079W(1.0)   | 0.690476190476 | 0.877358490566 | 0.575471698113 | 0.132653061224 |
+----------------+----------------+----------------+----------------+----------------+
+----------------+----------------+----------------+
| ('YGL116W', 0) | YGL116W_0(0.0) | YGL116W_0(1.0) |
+----------------+----------------+----------------+
| YGL003C(0.0)   | 0.423076923077 | 0.132653061224 |
+----------------+----------------+----------------+
| YGL003C(1.0)   | 0.576923076923 | 0.867346938776 |
+----------------+----------------+----------------+
+----------------+-----------------+----------------+
| ('YER111C', 1) | YER111C_1(0.0)  | YER111C_1(1.0) |
+----------------+-----------------+----------------+
| YDL056W(0.0)   | 0.0925925925926 | 0.467213114754 |
+----------------+-----------------+----------------+
| YDL056W(1.0)   | 0.907407407407  | 0.532786885246 |
+----------------+-----------------+----------------+
+----------------+----------------+----------------+-----------------+----------------+
| ('YAL040C', 0) | YAL040C_0(0.0) | YAL040C_0(0.0) | YAL040C_0(1.0)  | YAL040C_0(1.0) |
+----------------+----------------+----------------+-----------------+----------------+
| ('YMR199W', 1) | YMR199W_1(0.0) | YMR199W_1(1.0) | YMR199W_1(0.0)  | YMR199W_1(1.0) |
+----------------+----------------+----------------+-----------------+----------------+
| YGL116W(0.0)   | 0.362068965517 | 0.464912280702 | 0.0609756097561 | 0.785714285714 |
+----------------+----------------+----------------+-----------------+----------------+
| YGL116W(1.0)   | 0.637931034483 | 0.535087719298 | 0.939024390244  | 0.214285714286 |
+----------------+----------------+----------------+-----------------+----------------+
+----------------+----------------+----------------+----------------+----------------+
| ('YDL056W', 1) | YDL056W_1(0.0) | YDL056W_1(0.0) | YDL056W_1(1.0) | YDL056W_1(1.0) |
+----------------+----------------+----------------+----------------+----------------+
| ('YGR108W', 1) | YGR108W_1(0.0) | YGR108W_1(1.0) | YGR108W_1(0.0) | YGR108W_1(1.0) |
+----------------+----------------+----------------+----------------+----------------+
| YMR043W(0.0)   | 0.548780487805 | 0.119047619048 | 0.9            | 0.432584269663 |
+----------------+----------------+----------------+----------------+----------------+
| YMR043W(1.0)   | 0.451219512195 | 0.880952380952 | 0.1            | 0.567415730337 |
+----------------+----------------+----------------+----------------+----------------+
+----------------+-----------------+----------------+----------------+-----------------+
| ('YDR146C', 0) | YDR146C_0(0.0)  | YDR146C_0(0.0) | YDR146C_0(1.0) | YDR146C_0(1.0)  |
+----------------+-----------------+----------------+----------------+-----------------+
| ('YGR108W', 1) | YGR108W_1(0.0)  | YGR108W_1(1.0) | YGR108W_1(0.0) | YGR108W_1(1.0)  |
+----------------+-----------------+----------------+----------------+-----------------+
| YDR146C(0.0)   | 0.932432432432  | 0.5            | 0.637931034483 | 0.0342465753425 |
+----------------+-----------------+----------------+----------------+-----------------+
| YDR146C(1.0)   | 0.0675675675676 | 0.5            | 0.362068965517 | 0.965753424658  |
+----------------+-----------------+----------------+----------------+-----------------+
+----------------+----------------+----------------+-----------------+----------------+
| ('YGR108W', 0) | YGR108W_0(0.0) | YGR108W_0(0.0) | YGR108W_0(1.0)  | YGR108W_0(1.0) |
+----------------+----------------+----------------+-----------------+----------------+
| ('YLR079W', 0) | YLR079W_0(0.0) | YLR079W_0(1.0) | YLR079W_0(0.0)  | YLR079W_0(1.0) |
+----------------+----------------+----------------+-----------------+----------------+
| YGR108W(0.0)   | 0.617647058824 | 0.704081632653 | 0.0409836065574 | 0.377551020408 |
+----------------+----------------+----------------+-----------------+----------------+
| YGR108W(1.0)   | 0.382352941176 | 0.295918367347 | 0.959016393443  | 0.622448979592 |
+----------------+----------------+----------------+-----------------+----------------+
+----------------+-----------------+----------------+
| ('YDR146C', 1) | YDR146C_1(0.0)  | YDR146C_1(1.0) |
+----------------+-----------------+----------------+
| YER111C(0.0)   | 0.0675675675676 | 0.480392156863 |
+----------------+-----------------+----------------+
| YER111C(1.0)   | 0.932432432432  | 0.519607843137 |
+----------------+-----------------+----------------+
+----------------+----------------+----------------+----------------+----------------+
| ('YGR108W', 0) | YGR108W_0(0.0) | YGR108W_0(0.0) | YGR108W_0(1.0) | YGR108W_0(1.0) |
+----------------+----------------+----------------+----------------+----------------+
| ('YGR108W', 1) | YGR108W_1(0.0) | YGR108W_1(1.0) | YGR108W_1(0.0) | YGR108W_1(1.0) |
+----------------+----------------+----------------+----------------+----------------+
| YPR120C(0.0)   | 0.144444444444 | 0.119047619048 | 0.119047619048 | 0.702247191011 |
+----------------+----------------+----------------+----------------+----------------+
| YPR120C(1.0)   | 0.855555555556 | 0.880952380952 | 0.880952380952 | 0.297752808989 |
+----------------+----------------+----------------+----------------+----------------+
+----------------+-----------------+----------------+----------------+----------------+
| ('YDR146C', 0) | YDR146C_0(0.0)  | YDR146C_0(0.0) | YDR146C_0(1.0) | YDR146C_0(1.0) |
+----------------+-----------------+----------------+----------------+----------------+
| ('YDR146C', 1) | YDR146C_1(0.0)  | YDR146C_1(1.0) | YDR146C_1(0.0) | YDR146C_1(1.0) |
+----------------+-----------------+----------------+----------------+----------------+
| YMR199W(0.0)   | 0.0471698113208 | 0.119047619048 | 0.119047619048 | 0.771604938272 |
+----------------+-----------------+----------------+----------------+----------------+
| YMR199W(1.0)   | 0.952830188679  | 0.880952380952 | 0.880952380952 | 0.228395061728 |
+----------------+-----------------+----------------+----------------+----------------+
[('YLR079W', 'YGR108W'), ('YDL056W', 'YMR043W'), ('YER111C', 'YDL056W'), ('YAL040C', 'YGL116W'), ('YGR108W', 'YMR043W'), ('YGR108W', 'YDR146C'), ('YGR108W', 'YPR120C'), ('YPR120C', 'YAL040C'), ('YGL116W', 'YGL003C'), ('YGR108W', 'YPR120C'), ('YGR108W', 'YGR108W'), ('YMR199W', 'YGL116W'), ('YDR146C', 'YMR199W'), ('YDR146C', 'YDR146C'), ('YMR199W', 'YLR079W'), ('YDR146C', 'YMR199W'), ('YDR146C', 'YLR079W'), ('YDR146C', 'YER111C')]
