[('YAL040C', 'YMR199W'), ('YDL056W', 'YER111C'), ('YGL116W', 'YAL040C'), ('YGL116W', 'YLR079W'), ('YGL116W', 'YGL003C'), ('YGL116W', 'YPR120C'), ('YGR108W', 'YMR043W'), ('YPR120C', 'YGR108W'), ('YPR120C', 'YDL056W'), ('YGL003C', 'YER111C')]
+--------------+----------------+----------------+
| YGL116W      | YGL116W(0.0)   | YGL116W(1.0)   |
+--------------+----------------+----------------+
| YAL040C(0.0) | 0.722222222222 | 0.277777777778 |
+--------------+----------------+----------------+
| YAL040C(1.0) | 0.277777777778 | 0.722222222222 |
+--------------+----------------+----------------+
+--------------+----------------+--------------+
| YGL116W      | YGL116W(0.0)   | YGL116W(1.0) |
+--------------+----------------+--------------+
| YLR079W(0.0) | 0.277777777778 | 0.5          |
+--------------+----------------+--------------+
| YLR079W(1.0) | 0.722222222222 | 0.5          |
+--------------+----------------+--------------+
+--------------+----------------+----------------+
| YAL040C      | YAL040C(0.0)   | YAL040C(1.0)   |
+--------------+----------------+----------------+
| YMR199W(0.0) | 0.277777777778 | 0.722222222222 |
+--------------+----------------+----------------+
| YMR199W(1.0) | 0.722222222222 | 0.277777777778 |
+--------------+----------------+----------------+
+--------------+----------------+----------------+
| YPR120C      | YPR120C(0.0)   | YPR120C(1.0)   |
+--------------+----------------+----------------+
| YDL056W(0.0) | 0.227272727273 | 0.642857142857 |
+--------------+----------------+----------------+
| YDL056W(1.0) | 0.772727272727 | 0.357142857143 |
+--------------+----------------+----------------+
+--------------+-----+
| YGL116W(0.0) | 0.5 |
+--------------+-----+
| YGL116W(1.0) | 0.5 |
+--------------+-----+
+--------------+----------------+----------------+
| YGR108W      | YGR108W(0.0)   | YGR108W(1.0)   |
+--------------+----------------+----------------+
| YMR043W(0.0) | 0.772727272727 | 0.357142857143 |
+--------------+----------------+----------------+
| YMR043W(1.0) | 0.227272727273 | 0.642857142857 |
+--------------+----------------+----------------+
+--------------+---+
| YDR146C(0.0) | 1 |
+--------------+---+
+--------------+----------------+----------------+
| YPR120C      | YPR120C(0.0)   | YPR120C(1.0)   |
+--------------+----------------+----------------+
| YGR108W(0.0) | 0.772727272727 | 0.357142857143 |
+--------------+----------------+----------------+
| YGR108W(1.0) | 0.227272727273 | 0.642857142857 |
+--------------+----------------+----------------+
+--------------+--------------+----------------+----------------+----------------+
| YDL056W      | YDL056W(0.0) | YDL056W(0.0)   | YDL056W(1.0)   | YDL056W(1.0)   |
+--------------+--------------+----------------+----------------+----------------+
| YGL003C      | YGL003C(0.0) | YGL003C(1.0)   | YGL003C(0.0)   | YGL003C(1.0)   |
+--------------+--------------+----------------+----------------+----------------+
| YER111C(0.0) | 0.5          | 0.277777777778 | 0.277777777778 | 0.807692307692 |
+--------------+--------------+----------------+----------------+----------------+
| YER111C(1.0) | 0.5          | 0.722222222222 | 0.722222222222 | 0.192307692308 |
+--------------+--------------+----------------+----------------+----------------+
+--------------+----------------+--------------+
| YGL116W      | YGL116W(0.0)   | YGL116W(1.0) |
+--------------+----------------+--------------+
| YPR120C(0.0) | 0.722222222222 | 0.5          |
+--------------+----------------+--------------+
| YPR120C(1.0) | 0.277777777778 | 0.5          |
+--------------+----------------+--------------+
+--------------+--------------+----------------+
| YGL116W      | YGL116W(0.0) | YGL116W(1.0)   |
+--------------+--------------+----------------+
| YGL003C(0.0) | 0.5          | 0.277777777778 |
+--------------+--------------+----------------+
| YGL003C(1.0) | 0.5          | 0.722222222222 |
+--------------+--------------+----------------+
[(('YLR079W', 0), ('YDR146C', 1)), (('YLR079W', 0), ('YLR079W', 1)), (('YGL003C', 0), ('YPR120C', 1)), (('YAL040C', 0), ('YDL056W', 1)), (('YER111C', 0), ('YMR199W', 1)), (('YER111C', 0), ('YPR120C', 1)), (('YGR108W', 1), ('YDL056W', 1)), (('YGR108W', 1), ('YLR079W', 1)), (('YGR108W', 1), ('YER111C', 1)), (('YMR043W', 0), ('YAL040C', 1)), (('YPR120C', 0), ('YAL040C', 1)), (('YGR108W', 0), ('YGL116W', 1)), (('YGR108W', 0), ('YDR146C', 1)), (('YPR120C', 1), ('YGL116W', 1)), (('YLR079W', 1), ('YGL003C', 1)), (('YMR199W', 0), ('YMR199W', 1)), (('YDR146C', 1), ('YGR108W', 1)), (('YDR146C', 1), ('YER111C', 1))]
+----------------+----------------+----------------+----------------+----------------+
| ('YMR043W', 0) | YMR043W_0(0.0) | YMR043W_0(0.0) | YMR043W_0(1.0) | YMR043W_0(1.0) |
+----------------+----------------+----------------+----------------+----------------+
| ('YPR120C', 0) | YPR120C_0(0.0) | YPR120C_0(1.0) | YPR120C_0(0.0) | YPR120C_0(1.0) |
+----------------+----------------+----------------+----------------+----------------+
| YAL040C(0.0)   | 0.384057971014 | 0.885964912281 | 0.106557377049 | 0.595238095238 |
+----------------+----------------+----------------+----------------+----------------+
| YAL040C(1.0)   | 0.615942028986 | 0.114035087719 | 0.893442622951 | 0.404761904762 |
+----------------+----------------+----------------+----------------+----------------+
+----------------+----------------+----------------+----------------+----------------+
| ('YGR108W', 1) | YGR108W_1(0.0) | YGR108W_1(0.0) | YGR108W_1(1.0) | YGR108W_1(1.0) |
+----------------+----------------+----------------+----------------+----------------+
| ('YLR079W', 0) | YLR079W_0(0.0) | YLR079W_0(1.0) | YLR079W_0(0.0) | YLR079W_0(1.0) |
+----------------+----------------+----------------+----------------+----------------+
| YLR079W(0.0)   | 0.147058823529 | 0.297752808989 | 0.747619047619 | 0.179012345679 |
+----------------+----------------+----------------+----------------+----------------+
| YLR079W(1.0)   | 0.852941176471 | 0.702247191011 | 0.252380952381 | 0.820987654321 |
+----------------+----------------+----------------+----------------+----------------+
+----------------+----------------+----------------+
| ('YLR079W', 1) | YLR079W_1(0.0) | YLR079W_1(1.0) |
+----------------+----------------+----------------+
| YGL003C(0.0)   | 0.139344262295 | 0.452941176471 |
+----------------+----------------+----------------+
| YGL003C(1.0)   | 0.860655737705 | 0.547058823529 |
+----------------+----------------+----------------+
+----------------+----------------+----------------+----------------+----------------+
| ('YAL040C', 0) | YAL040C_0(0.0) | YAL040C_0(0.0) | YAL040C_0(1.0) | YAL040C_0(1.0) |
+----------------+----------------+----------------+----------------+----------------+
| ('YGR108W', 1) | YGR108W_1(0.0) | YGR108W_1(1.0) | YGR108W_1(0.0) | YGR108W_1(1.0) |
+----------------+----------------+----------------+----------------+----------------+
| YDL056W(0.0)   | 0.214285714286 | 0.231958762887 | 0.745614035088 | 0.207865168539 |
+----------------+----------------+----------------+----------------+----------------+
| YDL056W(1.0)   | 0.785714285714 | 0.768041237113 | 0.254385964912 | 0.792134831461 |
+----------------+----------------+----------------+----------------+----------------+
+----------------+----------------+----------------+----------------+----------------+
| ('YGR108W', 0) | YGR108W_0(0.0) | YGR108W_0(0.0) | YGR108W_0(1.0) | YGR108W_0(1.0) |
+----------------+----------------+----------------+----------------+----------------+
| ('YPR120C', 1) | YPR120C_1(0.0) | YPR120C_1(1.0) | YPR120C_1(0.0) | YPR120C_1(1.0) |
+----------------+----------------+----------------+----------------+----------------+
| YGL116W(0.0)   | 0.147058823529 | 0.844086021505 | 0.163716814159 | 0.442028985507 |
+----------------+----------------+----------------+----------------+----------------+
| YGL116W(1.0)   | 0.852941176471 | 0.155913978495 | 0.836283185841 | 0.557971014493 |
+----------------+----------------+----------------+----------------+----------------+
+--------------+----------+
| YMR043W(0.0) | 0.445205 |
+--------------+----------+
| YMR043W(1.0) | 0.554795 |
+--------------+----------+
+----------------+----------------+----------------+-----------------+----------------+
| ('YGR108W', 0) | YGR108W_0(0.0) | YGR108W_0(0.0) | YGR108W_0(1.0)  | YGR108W_0(1.0) |
+----------------+----------------+----------------+-----------------+----------------+
| ('YLR079W', 0) | YLR079W_0(0.0) | YLR079W_0(1.0) | YLR079W_0(0.0)  | YLR079W_0(1.0) |
+----------------+----------------+----------------+-----------------+----------------+
| YDR146C(0.0)   | 0.362068965517 | 0.820987654321 | 0.0268817204301 | 0.342696629213 |
+----------------+----------------+----------------+-----------------+----------------+
| YDR146C(1.0)   | 0.637931034483 | 0.179012345679 | 0.97311827957   | 0.657303370787 |
+----------------+----------------+----------------+-----------------+----------------+
+----------------+----------------+----------------+
| ('YDR146C', 1) | YDR146C_1(0.0) | YDR146C_1(1.0) |
+----------------+----------------+----------------+
| YGR108W(0.0)   | 0.736363636364 | 0.137362637363 |
+----------------+----------------+----------------+
| YGR108W(1.0)   | 0.263636363636 | 0.862637362637 |
+----------------+----------------+----------------+
+----------------+-----------------+-----------------+----------------+----------------+
| ('YDR146C', 1) | YDR146C_1(0.0)  | YDR146C_1(0.0)  | YDR146C_1(1.0) | YDR146C_1(1.0) |
+----------------+-----------------+-----------------+----------------+----------------+
| ('YGR108W', 1) | YGR108W_1(0.0)  | YGR108W_1(1.0)  | YGR108W_1(0.0) | YGR108W_1(1.0) |
+----------------+-----------------+-----------------+----------------+----------------+
| YER111C(0.0)   | 0.0802469135802 | 0.0862068965517 | 0.1            | 0.601910828025 |
+----------------+-----------------+-----------------+----------------+----------------+
| YER111C(1.0)   | 0.91975308642   | 0.913793103448  | 0.9            | 0.398089171975 |
+----------------+-----------------+-----------------+----------------+----------------+
+----------------+----------------+----------------+-----------------+----------------+
| ('YER111C', 0) | YER111C_0(0.0) | YER111C_0(0.0) | YER111C_0(1.0)  | YER111C_0(1.0) |
+----------------+----------------+----------------+-----------------+----------------+
| ('YGL003C', 0) | YGL003C_0(0.0) | YGL003C_0(1.0) | YGL003C_0(0.0)  | YGL003C_0(1.0) |
+----------------+----------------+----------------+-----------------+----------------+
| YPR120C(0.0)   | 0.58           | 0.87037037037  | 0.0384615384615 | 0.351239669421 |
+----------------+----------------+----------------+-----------------+----------------+
| YPR120C(1.0)   | 0.42           | 0.12962962963  | 0.961538461538  | 0.648760330579 |
+----------------+----------------+----------------+-----------------+----------------+
+----------------+----------------+----------------+----------------+-----------------+
| ('YER111C', 0) | YER111C_0(0.0) | YER111C_0(0.0) | YER111C_0(1.0) | YER111C_0(1.0)  |
+----------------+----------------+----------------+----------------+-----------------+
| ('YMR199W', 0) | YMR199W_0(0.0) | YMR199W_0(1.0) | YMR199W_0(0.0) | YMR199W_0(1.0)  |
+----------------+----------------+----------------+----------------+-----------------+
| YMR199W(0.0)   | 0.785714285714 | 0.605263157895 | 0.464912280702 | 0.0193798449612 |
+----------------+----------------+----------------+----------------+-----------------+
| YMR199W(1.0)   | 0.214285714286 | 0.394736842105 | 0.535087719298 | 0.980620155039  |
+----------------+----------------+----------------+----------------+-----------------+
[('YLR079W', 'YDR146C'), ('YLR079W', 'YLR079W'), ('YGL003C', 'YPR120C'), ('YAL040C', 'YDL056W'), ('YER111C', 'YMR199W'), ('YER111C', 'YPR120C'), ('YGR108W', 'YDL056W'), ('YGR108W', 'YLR079W'), ('YGR108W', 'YER111C'), ('YMR043W', 'YAL040C'), ('YPR120C', 'YAL040C'), ('YGR108W', 'YGL116W'), ('YGR108W', 'YDR146C'), ('YPR120C', 'YGL116W'), ('YLR079W', 'YGL003C'), ('YMR199W', 'YMR199W'), ('YDR146C', 'YGR108W'), ('YDR146C', 'YER111C')]
