[('G27', 'G61'), ('G22', 'G52'), ('G28', 'G52'), ('G7', 'G31'), ('G7', 'G22'), ('G6', 'G76'), ('G6', 'G54'), ('G5', 'G41'), ('G5', 'G87'), ('G9', 'G56'), ('G52', 'G36'), ('G57', 'G55'), ('G55', 'G70'), ('G55', 'G54'), ('G54', 'G31'), ('G54', 'G91'), ('G54', 'G72'), ('G59', 'G93'), ('G59', 'G57'), ('G59', 'G47'), ('G41', 'G81'), ('G47', 'G30'), ('G76', 'G79'), ('G71', 'G84'), ('G71', 'G9'), ('G70', 'G29'), ('G72', 'G89'), ('G79', 'G28'), ('G79', 'G36'), ('G69', 'G22'), ('G61', 'G13'), ('G61', 'G55'), ('G13', 'G19'), ('G93', 'G95'), ('G31', 'G28'), ('G87', 'G71'), ('G88', 'G7'), ('G88', 'G76'), ('G89', 'G25')]
+----------+---+
| G26(0.0) | 1 |
+----------+---+
+----------+----------+
| G27(0.0) | 0.233333 |
+----------+----------+
| G27(1.0) | 0.766667 |
+----------+----------+
+----------+---+
| G24(1.0) | 1 |
+----------+---+
+----------+----------------+----------------+
| G89      | G89(0.0)       | G89(1.0)       |
+----------+----------------+----------------+
| G25(0.0) | 0.409090909091 | 0.131578947368 |
+----------+----------------+----------------+
| G25(1.0) | 0.590909090909 | 0.868421052632 |
+----------+----------------+----------------+
+----------+----------+----------------+----------------+-----------------+
| G69      | G69(0.0) | G69(0.0)       | G69(1.0)       | G69(1.0)        |
+----------+----------+----------------+----------------+-----------------+
| G7       | G7(0.0)  | G7(1.0)        | G7(0.0)        | G7(1.0)         |
+----------+----------+----------------+----------------+-----------------+
| G22(0.0) | 0.5      | 0.722222222222 | 0.807692307692 | 0.0757575757576 |
+----------+----------+----------------+----------------+-----------------+
| G22(1.0) | 0.5      | 0.277777777778 | 0.192307692308 | 0.924242424242  |
+----------+----------+----------------+----------------+-----------------+
+----------+---+
| G23(0.0) | 1 |
+----------+---+
+----------+---+
| G20(1.0) | 1 |
+----------+---+
+----------+---+
| G21(0.0) | 1 |
+----------+---+
+----------+----------------+----------------+----------------+----------------+
| G31      | G31(0.0)       | G31(0.0)       | G31(1.0)       | G31(1.0)       |
+----------+----------------+----------------+----------------+----------------+
| G79      | G79(0.0)       | G79(1.0)       | G79(0.0)       | G79(1.0)       |
+----------+----------------+----------------+----------------+----------------+
| G28(0.0) | 0.880952380952 | 0.277777777778 | 0.192307692308 | 0.382352941176 |
+----------+----------------+----------------+----------------+----------------+
| G28(1.0) | 0.119047619048 | 0.722222222222 | 0.807692307692 | 0.617647058824 |
+----------+----------------+----------------+----------------+----------------+
+----------+----------------+----------------+
| G70      | G70(0.0)       | G70(1.0)       |
+----------+----------------+----------------+
| G29(0.0) | 0.166666666667 | 0.433333333333 |
+----------+----------------+----------------+
| G29(1.0) | 0.833333333333 | 0.566666666667 |
+----------+----------------+----------------+
+---------+----------------+----------------+
| G88     | G88(0.0)       | G88(1.0)       |
+---------+----------------+----------------+
| G7(0.0) | 0.642857142857 | 0.195652173913 |
+---------+----------------+----------------+
| G7(1.0) | 0.357142857143 | 0.804347826087 |
+---------+----------------+----------------+
+---------+----------+
| G6(0.0) | 0.233333 |
+---------+----------+
| G6(1.0) | 0.766667 |
+---------+----------+
+---------+----------+
| G5(0.0) | 0.766667 |
+---------+----------+
| G5(1.0) | 0.233333 |
+---------+----------+
+---------+---+
| G4(0.0) | 1 |
+---------+---+
+---------+---+
| G3(0.0) | 1 |
+---------+---+
+---------+---+
| G2(0.0) | 1 |
+---------+---+
+---------+---+
| G1(1.0) | 1 |
+---------+---+
+---------+----------------+----------------+
| G71     | G71(0.0)       | G71(1.0)       |
+---------+----------------+----------------+
| G9(0.0) | 0.119047619048 | 0.722222222222 |
+---------+----------------+----------------+
| G9(1.0) | 0.880952380952 | 0.277777777778 |
+---------+----------------+----------------+
+---------+---+
| G8(0.0) | 1 |
+---------+---+
+----------+---+
| G53(0.0) | 1 |
+----------+---+
+----------+----------+----------------+----------------+----------------+
| G22      | G22(0.0) | G22(0.0)       | G22(1.0)       | G22(1.0)       |
+----------+----------+----------------+----------------+----------------+
| G28      | G28(0.0) | G28(1.0)       | G28(0.0)       | G28(1.0)       |
+----------+----------+----------------+----------------+----------------+
| G52(0.0) | 0.5      | 0.722222222222 | 0.852941176471 | 0.119047619048 |
+----------+----------+----------------+----------------+----------------+
| G52(1.0) | 0.5      | 0.277777777778 | 0.147058823529 | 0.880952380952 |
+----------+----------+----------------+----------------+----------------+
+----------+---+
| G51(1.0) | 1 |
+----------+---+
+----------+---+
| G50(1.0) | 1 |
+----------+---+
+----------+----------------+----------------+
| G59      | G59(0.0)       | G59(1.0)       |
+----------+----------------+----------------+
| G57(0.0) | 0.108695652174 | 0.642857142857 |
+----------+----------------+----------------+
| G57(1.0) | 0.891304347826 | 0.357142857143 |
+----------+----------------+----------------+
+----------+----------------+----------------+
| G9       | G9(0.0)        | G9(1.0)        |
+----------+----------------+----------------+
| G56(0.0) | 0.277777777778 | 0.690476190476 |
+----------+----------------+----------------+
| G56(1.0) | 0.722222222222 | 0.309523809524 |
+----------+----------------+----------------+
+----------+----------+----------------+----------------+-----------------+
| G57      | G57(0.0) | G57(0.0)       | G57(1.0)       | G57(1.0)        |
+----------+----------+----------------+----------------+-----------------+
| G61      | G61(0.0) | G61(1.0)       | G61(0.0)       | G61(1.0)        |
+----------+----------+----------------+----------------+-----------------+
| G55(0.0) | 0.5      | 0.722222222222 | 0.722222222222 | 0.0675675675676 |
+----------+----------+----------------+----------------+-----------------+
| G55(1.0) | 0.5      | 0.277777777778 | 0.277777777778 | 0.932432432432  |
+----------+----------+----------------+----------------+-----------------+
+----------+----------+----------------+----------------+-----------------+
| G55      | G55(0.0) | G55(0.0)       | G55(1.0)       | G55(1.0)        |
+----------+----------+----------------+----------------+-----------------+
| G6       | G6(0.0)  | G6(1.0)        | G6(0.0)        | G6(1.0)         |
+----------+----------+----------------+----------------+-----------------+
| G54(0.0) | 0.5      | 0.192307692308 | 0.277777777778 | 0.924242424242  |
+----------+----------+----------------+----------------+-----------------+
| G54(1.0) | 0.5      | 0.807692307692 | 0.722222222222 | 0.0757575757576 |
+----------+----------+----------------+----------------+-----------------+
+----------+----------+
| G59(0.0) | 0.766667 |
+----------+----------+
| G59(1.0) | 0.233333 |
+----------+----------+
+----------+---+
| G58(0.0) | 1 |
+----------+---+
+----------+---+
| G40(1.0) | 1 |
+----------+---+
+----------+----------------+----------------+
| G5       | G5(0.0)        | G5(1.0)        |
+----------+----------------+----------------+
| G41(0.0) | 0.891304347826 | 0.357142857143 |
+----------+----------------+----------------+
| G41(1.0) | 0.108695652174 | 0.642857142857 |
+----------+----------------+----------------+
+----------+---+
| G42(1.0) | 1 |
+----------+---+
+----------+---+
| G43(1.0) | 1 |
+----------+---+
+----------+---+
| G44(1.0) | 1 |
+----------+---+
+----------+---+
| G45(1.0) | 1 |
+----------+---+
+----------+---+
| G46(0.0) | 1 |
+----------+---+
+----------+----------------+----------------+
| G59      | G59(0.0)       | G59(1.0)       |
+----------+----------------+----------------+
| G47(0.0) | 0.195652173913 | 0.642857142857 |
+----------+----------------+----------------+
| G47(1.0) | 0.804347826087 | 0.357142857143 |
+----------+----------------+----------------+
+----------+---+
| G48(0.0) | 1 |
+----------+---+
+----------+---+
| G49(1.0) | 1 |
+----------+---+
+----------+---+
| G75(0.0) | 1 |
+----------+---+
+----------+---+
| G74(0.0) | 1 |
+----------+---+
+----------+---+
| G77(0.0) | 1 |
+----------+---+
+----------+----------+----------------+----------------+-----------------+
| G6       | G6(0.0)  | G6(0.0)        | G6(1.0)        | G6(1.0)         |
+----------+----------+----------------+----------------+-----------------+
| G88      | G88(0.0) | G88(1.0)       | G88(0.0)       | G88(1.0)        |
+----------+----------+----------------+----------------+-----------------+
| G76(0.0) | 0.5      | 0.722222222222 | 0.722222222222 | 0.0675675675676 |
+----------+----------+----------------+----------------+-----------------+
| G76(1.0) | 0.5      | 0.277777777778 | 0.277777777778 | 0.932432432432  |
+----------+----------+----------------+----------------+-----------------+
+----------+----------------+----------------+
| G87      | G87(0.0)       | G87(1.0)       |
+----------+----------------+----------------+
| G71(0.0) | 0.880952380952 | 0.277777777778 |
+----------+----------------+----------------+
| G71(1.0) | 0.119047619048 | 0.722222222222 |
+----------+----------------+----------------+
+----------+----------------+----------------+
| G55      | G55(0.0)       | G55(1.0)       |
+----------+----------------+----------------+
| G70(0.0) | 0.722222222222 | 0.404761904762 |
+----------+----------------+----------------+
| G70(1.0) | 0.277777777778 | 0.595238095238 |
+----------+----------------+----------------+
+----------+---+
| G73(1.0) | 1 |
+----------+---+
+----------+----------------+----------------+
| G54      | G54(0.0)       | G54(1.0)       |
+----------+----------------+----------------+
| G72(0.0) | 0.447368421053 | 0.772727272727 |
+----------+----------------+----------------+
| G72(1.0) | 0.552631578947 | 0.227272727273 |
+----------+----------------+----------------+
+----------+----------------+----------+
| G76      | G76(0.0)       | G76(1.0) |
+----------+----------------+----------+
| G79(0.0) | 0.722222222222 | 0.5      |
+----------+----------------+----------+
| G79(1.0) | 0.277777777778 | 0.5      |
+----------+----------------+----------+
+----------+---+
| G78(1.0) | 1 |
+----------+---+
+----------+---+
| G68(1.0) | 1 |
+----------+---+
+----------+----------+
| G69(0.0) | 0.233333 |
+----------+----------+
| G69(1.0) | 0.766667 |
+----------+----------+
+----------+---+
| G62(1.0) | 1 |
+----------+---+
+----------+---+
| G63(1.0) | 1 |
+----------+---+
+----------+---+
| G60(0.0) | 1 |
+----------+---+
+----------+----------------+----------------+
| G27      | G27(0.0)       | G27(1.0)       |
+----------+----------------+----------------+
| G61(0.0) | 0.642857142857 | 0.108695652174 |
+----------+----------------+----------------+
| G61(1.0) | 0.357142857143 | 0.891304347826 |
+----------+----------------+----------------+
+----------+---+
| G66(1.0) | 1 |
+----------+---+
+----------+---+
| G67(1.0) | 1 |
+----------+---+
+----------+---+
| G64(1.0) | 1 |
+----------+---+
+----------+---+
| G65(0.0) | 1 |
+----------+---+
+-----------+---+
| G100(1.0) | 1 |
+-----------+---+
+----------+----------------+----------------+
| G13      | G13(0.0)       | G13(1.0)       |
+----------+----------------+----------------+
| G19(0.0) | 0.722222222222 | 0.119047619048 |
+----------+----------------+----------------+
| G19(1.0) | 0.277777777778 | 0.880952380952 |
+----------+----------------+----------------+
+----------+---+
| G18(1.0) | 1 |
+----------+---+
+----------+---+
| G17(0.0) | 1 |
+----------+---+
+----------+---+
| G16(1.0) | 1 |
+----------+---+
+----------+---+
| G15(1.0) | 1 |
+----------+---+
+----------+---+
| G14(0.0) | 1 |
+----------+---+
+----------+----------------+----------------+
| G61      | G61(0.0)       | G61(1.0)       |
+----------+----------------+----------------+
| G13(0.0) | 0.642857142857 | 0.195652173913 |
+----------+----------------+----------------+
| G13(1.0) | 0.357142857143 | 0.804347826087 |
+----------+----------------+----------------+
+----------+---+
| G12(1.0) | 1 |
+----------+---+
+----------+---+
| G11(1.0) | 1 |
+----------+---+
+----------+---+
| G10(0.0) | 1 |
+----------+---+
+----------+---+
| G97(1.0) | 1 |
+----------+---+
+----------+---+
| G96(1.0) | 1 |
+----------+---+
+----------+----------------+----------------+
| G93      | G93(0.0)       | G93(1.0)       |
+----------+----------------+----------------+
| G95(0.0) | 0.722222222222 | 0.119047619048 |
+----------+----------------+----------------+
| G95(1.0) | 0.277777777778 | 0.880952380952 |
+----------+----------------+----------------+
+----------+---+
| G94(1.0) | 1 |
+----------+---+
+----------+----------------+----------------+
| G59      | G59(0.0)       | G59(1.0)       |
+----------+----------------+----------------+
| G93(0.0) | 0.195652173913 | 0.642857142857 |
+----------+----------------+----------------+
| G93(1.0) | 0.804347826087 | 0.357142857143 |
+----------+----------------+----------------+
+----------+---+
| G92(1.0) | 1 |
+----------+---+
+----------+----------------+----------------+
| G54      | G54(0.0)       | G54(1.0)       |
+----------+----------------+----------------+
| G91(0.0) | 0.342105263158 | 0.772727272727 |
+----------+----------------+----------------+
| G91(1.0) | 0.657894736842 | 0.227272727273 |
+----------+----------------+----------------+
+----------+---+
| G90(0.0) | 1 |
+----------+---+
+----------+---+
| G99(1.0) | 1 |
+----------+---+
+----------+---+
| G98(0.0) | 1 |
+----------+---+
+----------+----------------+----------+----------+----------------+
| G54      | G54(0.0)       | G54(0.0) | G54(1.0) | G54(1.0)       |
+----------+----------------+----------+----------+----------------+
| G7       | G7(0.0)        | G7(1.0)  | G7(0.0)  | G7(1.0)        |
+----------+----------------+----------+----------+----------------+
| G31(0.0) | 0.807692307692 | 0.1      | 0.5      | 0.852941176471 |
+----------+----------------+----------+----------+----------------+
| G31(1.0) | 0.192307692308 | 0.9      | 0.5      | 0.147058823529 |
+----------+----------------+----------+----------+----------------+
+----------+----------------+----------------+
| G47      | G47(0.0)       | G47(1.0)       |
+----------+----------------+----------------+
| G30(0.0) | 0.722222222222 | 0.404761904762 |
+----------+----------------+----------------+
| G30(1.0) | 0.277777777778 | 0.595238095238 |
+----------+----------------+----------------+
+----------+---+
| G33(1.0) | 1 |
+----------+---+
+----------+---+
| G32(1.0) | 1 |
+----------+---+
+----------+---+
| G35(1.0) | 1 |
+----------+---+
+----------+---+
| G34(1.0) | 1 |
+----------+---+
+----------+---+
| G37(1.0) | 1 |
+----------+---+
+----------+----------------+----------------+----------------+----------------+
| G52      | G52(0.0)       | G52(0.0)       | G52(1.0)       | G52(1.0)       |
+----------+----------------+----------------+----------------+----------------+
| G79      | G79(0.0)       | G79(1.0)       | G79(0.0)       | G79(1.0)       |
+----------+----------------+----------------+----------------+----------------+
| G36(0.0) | 0.852941176471 | 0.807692307692 | 0.147058823529 | 0.807692307692 |
+----------+----------------+----------------+----------------+----------------+
| G36(1.0) | 0.147058823529 | 0.192307692308 | 0.852941176471 | 0.192307692308 |
+----------+----------------+----------------+----------------+----------------+
+----------+---+
| G39(1.0) | 1 |
+----------+---+
+----------+---+
| G38(1.0) | 1 |
+----------+---+
+----------+----------------+----------------+
| G71      | G71(0.0)       | G71(1.0)       |
+----------+----------------+----------------+
| G84(0.0) | 0.880952380952 | 0.277777777778 |
+----------+----------------+----------------+
| G84(1.0) | 0.119047619048 | 0.722222222222 |
+----------+----------------+----------------+
+----------+---+
| G85(1.0) | 1 |
+----------+---+
+----------+---+
| G86(1.0) | 1 |
+----------+---+
+----------+----------------+----------------+
| G5       | G5(0.0)        | G5(1.0)        |
+----------+----------------+----------------+
| G87(0.0) | 0.804347826087 | 0.357142857143 |
+----------+----------------+----------------+
| G87(1.0) | 0.195652173913 | 0.642857142857 |
+----------+----------------+----------------+
+----------+---+
| G80(1.0) | 1 |
+----------+---+
+----------+----------------+----------------+
| G41      | G41(0.0)       | G41(1.0)       |
+----------+----------------+----------------+
| G81(0.0) | 0.891304347826 | 0.357142857143 |
+----------+----------------+----------------+
| G81(1.0) | 0.108695652174 | 0.642857142857 |
+----------+----------------+----------------+
+----------+---+
| G82(1.0) | 1 |
+----------+---+
+----------+---+
| G83(0.0) | 1 |
+----------+---+
+----------+----------+
| G88(0.0) | 0.233333 |
+----------+----------+
| G88(1.0) | 0.766667 |
+----------+----------+
+----------+----------+----------------+
| G72      | G72(0.0) | G72(1.0)       |
+----------+----------+----------------+
| G89(0.0) | 0.5      | 0.192307692308 |
+----------+----------+----------------+
| G89(1.0) | 0.5      | 0.807692307692 |
+----------+----------+----------------+
[(('G42', 0), ('G44', 1)), (('G11', 1), ('G91', 1)), (('G56', 0), ('G56', 1)), (('G1', 1), ('G4', 1)), (('G1', 1), ('G36', 1)), (('G67', 0), ('G67', 1)), (('G29', 1), ('G28', 1)), (('G75', 0), ('G75', 1)), (('G75', 0), ('G88', 1)), (('G14', 0), ('G78', 1)), (('G14', 0), ('G14', 1)), (('G95', 0), ('G95', 1)), (('G36', 0), ('G56', 1)), (('G36', 0), ('G76', 1)), (('G36', 0), ('G36', 1)), (('G4', 0), ('G2', 1)), (('G4', 0), ('G4', 1)), (('G49', 0), ('G85', 1)), (('G49', 0), ('G49', 1)), (('G49', 0), ('G18', 1)), (('G54', 0), ('G54', 1)), (('G81', 1), ('G34', 1)), (('G38', 1), ('G23', 1)), (('G38', 1), ('G15', 1)), (('G20', 0), ('G20', 1)), (('G12', 0), ('G12', 1)), (('G46', 0), ('G46', 1)), (('G86', 0), ('G86', 1)), (('G99', 1), ('G93', 1)), (('G99', 1), ('G33', 1)), (('G60', 1), ('G81', 1)), (('G60', 1), ('G38', 1)), (('G39', 1), ('G22', 1)), (('G25', 1), ('G55', 1)), (('G25', 1), ('G50', 1)), (('G25', 1), ('G41', 1)), (('G96', 1), ('G5', 1)), (('G71', 0), ('G71', 1)), (('G88', 1), ('G67', 1)), (('G100', 1), ('G35', 1)), (('G31', 0), ('G31', 1)), (('G31', 0), ('G69', 1)), (('G31', 0), ('G71', 1)), (('G80', 0), ('G80', 1)), (('G97', 1), ('G44', 1)), (('G18', 1), ('G73', 1)), (('G69', 0), ('G69', 1)), (('G23', 1), ('G45', 1)), (('G23', 1), ('G64', 1)), (('G73', 0), ('G74', 1)), (('G45', 1), ('G94', 1)), (('G45', 1), ('G68', 1)), (('G29', 0), ('G29', 1)), (('G85', 1), ('G26', 1)), (('G75', 1), ('G30', 1)), (('G33', 0), ('G33', 1)), (('G9', 0), ('G9', 1)), (('G92', 1), ('G96', 1)), (('G19', 1), ('G13', 1)), (('G82', 0), ('G46', 1)), (('G82', 0), ('G95', 1)), (('G95', 1), ('G82', 1)), (('G51', 0), ('G26', 1)), (('G51', 0), ('G51', 1)), (('G21', 1), ('G31', 1)), (('G60', 0), ('G60', 1)), (('G44', 1), ('G73', 1)), (('G78', 0), ('G82', 1)), (('G27', 0), ('G27', 1)), (('G27', 0), ('G65', 1)), (('G35', 0), ('G100', 1)), (('G38', 0), ('G48', 1)), (('G38', 0), ('G43', 1)), (('G38', 0), ('G79', 1)), (('G38', 0), ('G42', 1)), (('G7', 0), ('G7', 1)), (('G41', 0), ('G25', 1)), (('G41', 0), ('G41', 1)), (('G89', 0), ('G89', 1)), (('G57', 0), ('G57', 1)), (('G57', 0), ('G52', 1)), (('G57', 0), ('G21', 1)), (('G66', 0), ('G66', 1)), (('G13', 1), ('G52', 1)), (('G30', 1), ('G11', 1)), (('G25', 0), ('G37', 1)), (('G25', 0), ('G25', 1)), (('G15', 0), ('G39', 1)), (('G15', 0), ('G15', 1)), (('G96', 0), ('G96', 1)), (('G71', 1), ('G89', 1)), (('G63', 1), ('G20', 1)), (('G72', 1), ('G75', 1)), (('G72', 1), ('G14', 1)), (('G43', 0), ('G43', 1)), (('G43', 0), ('G47', 1)), (('G48', 0), ('G6', 1)), (('G55', 0), ('G55', 1)), (('G55', 0), ('G59', 1)), (('G58', 0), ('G58', 1)), (('G64', 0), ('G6', 1)), (('G80', 1), ('G79', 1)), (('G28', 1), ('G10', 1)), (('G18', 0), ('G18', 1)), (('G23', 0), ('G40', 1)), (('G23', 0), ('G23', 1)), (('G23', 0), ('G9', 1)), (('G13', 0), ('G19', 1)), (('G94', 0), ('G94', 1)), (('G94', 0), ('G13', 1)), (('G94', 0), ('G63', 1)), (('G3', 0), ('G1', 1)), (('G3', 0), ('G3', 1)), (('G61', 1), ('G72', 1)), (('G45', 0), ('G45', 1)), (('G45', 0), ('G61', 1)), (('G45', 0), ('G90', 1)), (('G85', 0), ('G85', 1)), (('G33', 1), ('G11', 1)), (('G9', 1), ('G84', 1)), (('G9', 1), ('G59', 1)), (('G90', 1), ('G7', 1)), (('G82', 1), ('G78', 1)), (('G51', 1), ('G39', 1)), (('G51', 1), ('G53', 1)), (('G21', 0), ('G21', 1)), (('G92', 0), ('G92', 1)), (('G56', 1), ('G19', 1)), (('G56', 1), ('G76', 1)), (('G56', 1), ('G87', 1)), (('G1', 0), ('G1', 1)), (('G1', 0), ('G5', 1)), (('G87', 0), ('G87', 1)), (('G66', 1), ('G62', 1)), (('G35', 1), ('G86', 1)), (('G20', 1), ('G62', 1)), (('G20', 1), ('G30', 1)), (('G68', 0), ('G68', 1)), (('G14', 1), ('G99', 1)), (('G14', 1), ('G32', 1)), (('G14', 1), ('G49', 1)), (('G14', 1), ('G24', 1)), (('G70', 0), ('G70', 1)), (('G4', 1), ('G84', 1)), (('G4', 1), ('G22', 1)), (('G4', 1), ('G8', 1)), (('G90', 0), ('G17', 1)), (('G90', 0), ('G91', 1)), (('G90', 0), ('G90', 1)), (('G28', 0), ('G17', 1)), (('G28', 0), ('G28', 1)), (('G5', 1), ('G3', 1)), (('G12', 1), ('G80', 1)), (('G12', 1), ('G66', 1)), (('G63', 0), ('G2', 1)), (('G63', 0), ('G63', 1)), (('G72', 0), ('G72', 1)), (('G48', 1), ('G38', 1)), (('G55', 1), ('G57', 1)), (('G55', 1), ('G60', 1)), (('G31', 1), ('G29', 1)), (('G99', 0), ('G99', 1)), (('G32', 0), ('G64', 1)), (('G32', 0), ('G32', 1)), (('G8', 0), ('G8', 1)), (('G41', 1), ('G12', 1)), (('G40', 0), ('G40', 1)), (('G40', 0), ('G51', 1)), (('G83', 0), ('G83', 1)), (('G88', 0), ('G88', 1)), (('G50', 0), ('G50', 1)), (('G50', 0), ('G27', 1)), (('G3', 1), ('G83', 1)), (('G61', 0), ('G61', 1)), (('G61', 0), ('G54', 1)), (('G100', 0), ('G37', 1)), (('G15', 1), ('G70', 1)), (('G15', 1), ('G92', 1)), (('G24', 0), ('G24', 1)), (('G16', 0), ('G16', 1)), (('G97', 0), ('G97', 1)), (('G97', 0), ('G98', 1)), (('G97', 0), ('G47', 1)), (('G97', 0), ('G10', 1)), (('G34', 0), ('G34', 1)), (('G34', 0), ('G81', 1))]
+------------+-----------------+----------------+-----------------+------------------+
| ('G51', 0) | G51_0(0.0)      | G51_0(0.0)     | G51_0(1.0)      | G51_0(1.0)       |
+------------+-----------------+----------------+-----------------+------------------+
| ('G85', 1) | G85_1(0.0)      | G85_1(1.0)     | G85_1(0.0)      | G85_1(1.0)       |
+------------+-----------------+----------------+-----------------+------------------+
| G26(0.0)   | 0.924242424242  | 0.451219512195 | 0.915584415584  | 0.996240601504   |
+------------+-----------------+----------------+-----------------+------------------+
| G26(1.0)   | 0.0757575757576 | 0.548780487805 | 0.0844155844156 | 0.00375939849624 |
+------------+-----------------+----------------+-----------------+------------------+
+------------+------------+----------------+----------------+----------------+
| ('G27', 0) | G27_0(0.0) | G27_0(0.0)     | G27_0(1.0)     | G27_0(1.0)     |
+------------+------------+----------------+----------------+----------------+
| ('G50', 0) | G50_0(0.0) | G50_0(1.0)     | G50_0(0.0)     | G50_0(1.0)     |
+------------+------------+----------------+----------------+----------------+
| G27(0.0)   | 0.9        | 0.575675675676 | 0.016339869281 | 0.173289183223 |
+------------+------------+----------------+----------------+----------------+
| G27(1.0)   | 0.1        | 0.424324324324 | 0.983660130719 | 0.826710816777 |
+------------+------------+----------------+----------------+----------------+
+------------+----------------+----------------+----------------+----------------+
| ('G14', 1) | G14_1(0.0)     | G14_1(0.0)     | G14_1(1.0)     | G14_1(1.0)     |
+------------+----------------+----------------+----------------+----------------+
| ('G24', 0) | G24_0(0.0)     | G24_0(1.0)     | G24_0(0.0)     | G24_0(1.0)     |
+------------+----------------+----------------+----------------+----------------+
| G24(0.0)   | 0.119047619048 | 0.012104283054 | 0.830275229358 | 0.177852348993 |
+------------+----------------+----------------+----------------+----------------+
| G24(1.0)   | 0.880952380952 | 0.987895716946 | 0.169724770642 | 0.822147651007 |
+------------+----------------+----------------+----------------+----------------+
+------------+----------------+-----------------+-----------------+----------------+
| ('G25', 0) | G25_0(0.0)     | G25_0(0.0)      | G25_0(1.0)      | G25_0(1.0)     |
+------------+----------------+-----------------+-----------------+----------------+
| ('G41', 0) | G41_0(0.0)     | G41_0(1.0)      | G41_0(0.0)      | G41_0(1.0)     |
+------------+----------------+-----------------+-----------------+----------------+
| G25(0.0)   | 0.539603960396 | 0.976534296029  | 0.0700934579439 | 0.226495726496 |
+------------+----------------+-----------------+-----------------+----------------+
| G25(1.0)   | 0.460396039604 | 0.0234657039711 | 0.929906542056  | 0.773504273504 |
+------------+----------------+-----------------+-----------------+----------------+
+------------+------------+----------------+----------------+---------------+
| ('G39', 1) | G39_1(0.0) | G39_1(0.0)     | G39_1(1.0)     | G39_1(1.0)    |
+------------+------------+----------------+----------------+---------------+
| ('G4', 1)  | G4_1(0.0)  | G4_1(1.0)      | G4_1(0.0)      | G4_1(1.0)     |
+------------+------------+----------------+----------------+---------------+
| G22(0.0)   | 0.18       | 0.158536585366 | 0.385835095137 | 0.69209039548 |
+------------+------------+----------------+----------------+---------------+
| G22(1.0)   | 0.82       | 0.841463414634 | 0.614164904863 | 0.30790960452 |
+------------+------------+----------------+----------------+---------------+
+------------+----------------+-----------------+-----------------+----------------+
| ('G23', 0) | G23_0(0.0)     | G23_0(0.0)      | G23_0(1.0)      | G23_0(1.0)     |
+------------+----------------+-----------------+-----------------+----------------+
| ('G38', 1) | G38_1(0.0)     | G38_1(1.0)      | G38_1(0.0)      | G38_1(1.0)     |
+------------+----------------+-----------------+-----------------+----------------+
| G23(0.0)   | 0.147058823529 | 0.925806451613  | 0.0221238938053 | 0.210407239819 |
+------------+----------------+-----------------+-----------------+----------------+
| G23(1.0)   | 0.852941176471 | 0.0741935483871 | 0.977876106195  | 0.789592760181 |
+------------+----------------+-----------------+-----------------+----------------+
+------------+-----------------+----------------+----------------+------------------+
| ('G20', 0) | G20_0(0.0)      | G20_0(0.0)     | G20_0(1.0)     | G20_0(1.0)       |
+------------+-----------------+----------------+----------------+------------------+
| ('G63', 1) | G63_1(0.0)      | G63_1(1.0)     | G63_1(0.0)     | G63_1(1.0)       |
+------------+-----------------+----------------+----------------+------------------+
| G20(0.0)   | 0.965753424658  | 0.650943396226 | 0.391891891892 | 0.00995405819296 |
+------------+-----------------+----------------+----------------+------------------+
| G20(1.0)   | 0.0342465753425 | 0.349056603774 | 0.608108108108 | 0.990045941807   |
+------------+-----------------+----------------+----------------+------------------+
+------------+----------------+-----------------+-----------------+----------------+
| ('G21', 0) | G21_0(0.0)     | G21_0(0.0)      | G21_0(1.0)      | G21_0(1.0)     |
+------------+----------------+-----------------+-----------------+----------------+
| ('G57', 0) | G57_0(0.0)     | G57_0(1.0)      | G57_0(0.0)      | G57_0(1.0)     |
+------------+----------------+-----------------+-----------------+----------------+
| G21(0.0)   | 0.843195266272 | 0.977419354839  | 0.0555555555556 | 0.469230769231 |
+------------+----------------+-----------------+-----------------+----------------+
| G21(1.0)   | 0.156804733728 | 0.0225806451613 | 0.944444444444  | 0.530769230769 |
+------------+----------------+-----------------+-----------------+----------------+
+------------+-----------------+----------------+----------------+----------------+
| ('G28', 0) | G28_0(0.0)      | G28_0(0.0)     | G28_0(1.0)     | G28_0(1.0)     |
+------------+-----------------+----------------+----------------+----------------+
| ('G29', 1) | G29_1(0.0)      | G29_1(1.0)     | G29_1(0.0)     | G29_1(1.0)     |
+------------+-----------------+----------------+----------------+----------------+
| G28(0.0)   | 0.929530201342  | 0.542328042328 | 0.548780487805 | 0.161327231121 |
+------------+-----------------+----------------+----------------+----------------+
| G28(1.0)   | 0.0704697986577 | 0.457671957672 | 0.451219512195 | 0.838672768879 |
+------------+-----------------+----------------+----------------+----------------+
+------------+-----------------+----------------+----------------+-----------------+
| ('G29', 0) | G29_0(0.0)      | G29_0(0.0)     | G29_0(1.0)     | G29_0(1.0)      |
+------------+-----------------+----------------+----------------+-----------------+
| ('G31', 1) | G31_1(0.0)      | G31_1(1.0)     | G31_1(0.0)     | G31_1(1.0)      |
+------------+-----------------+----------------+----------------+-----------------+
| G29(0.0)   | 0.918604651163  | 0.284615384615 | 0.133027522936 | 0.0750487329435 |
+------------+-----------------+----------------+----------------+-----------------+
| G29(1.0)   | 0.0813953488372 | 0.715384615385 | 0.866972477064 | 0.924951267057  |
+------------+-----------------+----------------+----------------+-----------------+
+------------+----------------+-----------------+----------------+-----------------+
| ('G7', 0)  | G7_0(0.0)      | G7_0(0.0)       | G7_0(1.0)      | G7_0(1.0)       |
+------------+----------------+-----------------+----------------+-----------------+
| ('G90', 1) | G90_1(0.0)     | G90_1(1.0)      | G90_1(0.0)     | G90_1(1.0)      |
+------------+----------------+-----------------+----------------+-----------------+
| G7(0.0)    | 0.457671957672 | 0.948979591837  | 0.207910750507 | 0.0294117647059 |
+------------+----------------+-----------------+----------------+-----------------+
| G7(1.0)    | 0.542328042328 | 0.0510204081633 | 0.792089249493 | 0.970588235294  |
+------------+----------------+-----------------+----------------+-----------------+
+------------+----------------+-----------------+------------+-----------------+
| ('G48', 0) | G48_0(0.0)     | G48_0(0.0)      | G48_0(1.0) | G48_0(1.0)      |
+------------+----------------+-----------------+------------+-----------------+
| ('G64', 0) | G64_0(0.0)     | G64_0(1.0)      | G64_0(0.0) | G64_0(1.0)      |
+------------+----------------+-----------------+------------+-----------------+
| G6(0.0)    | 0.152892561983 | 0.0398230088496 | 0.5        | 0.935643564356  |
+------------+----------------+-----------------+------------+-----------------+
| G6(1.0)    | 0.847107438017 | 0.96017699115   | 0.5        | 0.0643564356436 |
+------------+----------------+-----------------+------------+-----------------+
+------------+----------------+----------------+----------------+---------------+
| ('G1', 0)  | G1_0(0.0)      | G1_0(0.0)      | G1_0(1.0)      | G1_0(1.0)     |
+------------+----------------+----------------+----------------+---------------+
| ('G96', 1) | G96_1(0.0)     | G96_1(1.0)     | G96_1(0.0)     | G96_1(1.0)    |
+------------+----------------+----------------+----------------+---------------+
| G5(0.0)    | 0.036231884058 | 0.115720524017 | 0.324561403509 | 0.86442516269 |
+------------+----------------+----------------+----------------+---------------+
| G5(1.0)    | 0.963768115942 | 0.884279475983 | 0.675438596491 | 0.13557483731 |
+------------+----------------+----------------+----------------+---------------+
+-----------+----------------+-----------------+-----------------+----------------+
| ('G1', 1) | G1_1(0.0)      | G1_1(0.0)       | G1_1(1.0)       | G1_1(1.0)      |
+-----------+----------------+-----------------+-----------------+----------------+
| ('G4', 0) | G4_0(0.0)      | G4_0(1.0)       | G4_0(0.0)       | G4_0(1.0)      |
+-----------+----------------+-----------------+-----------------+----------------+
| G4(0.0)   | 0.780991735537 | 0.0367231638418 | 0.986373165618  | 0.646341463415 |
+-----------+----------------+-----------------+-----------------+----------------+
| G4(1.0)   | 0.219008264463 | 0.963276836158  | 0.0136268343816 | 0.353658536585 |
+-----------+----------------+-----------------+-----------------+----------------+
+-----------+------------------+----------------+----------------+---------------+
| ('G3', 0) | G3_0(0.0)        | G3_0(0.0)      | G3_0(1.0)      | G3_0(1.0)     |
+-----------+------------------+----------------+----------------+---------------+
| ('G5', 1) | G5_1(0.0)        | G5_1(1.0)      | G5_1(0.0)      | G5_1(1.0)     |
+-----------+------------------+----------------+----------------+---------------+
| G3(0.0)   | 0.994279176201   | 0.849344978166 | 0.277777777778 | 0.27304964539 |
+-----------+------------------+----------------+----------------+---------------+
| G3(1.0)   | 0.00572082379863 | 0.150655021834 | 0.722222222222 | 0.72695035461 |
+-----------+------------------+----------------+----------------+---------------+
+------------+----------------+-----------------+----------------+----------------+
| ('G4', 0)  | G4_0(0.0)      | G4_0(0.0)       | G4_0(1.0)      | G4_0(1.0)      |
+------------+----------------+-----------------+----------------+----------------+
| ('G63', 0) | G63_0(0.0)     | G63_0(1.0)      | G63_0(0.0)     | G63_0(1.0)     |
+------------+----------------+-----------------+----------------+----------------+
| G2(0.0)    | 0.702247191011 | 0.995088408644  | 0.119047619048 | 0.418781725888 |
+------------+----------------+-----------------+----------------+----------------+
| G2(1.0)    | 0.297752808989 | 0.0049115913556 | 0.880952380952 | 0.581218274112 |
+------------+----------------+-----------------+----------------+----------------+
+-----------+----------------+-----------------+-----------------+----------------+
| ('G1', 0) | G1_0(0.0)      | G1_0(0.0)       | G1_0(1.0)       | G1_0(1.0)      |
+-----------+----------------+-----------------+-----------------+----------------+
| ('G3', 0) | G3_0(0.0)      | G3_0(1.0)       | G3_0(0.0)       | G3_0(1.0)      |
+-----------+----------------+-----------------+-----------------+----------------+
| G1(0.0)   | 0.711180124224 | 0.981751824818  | 0.0762376237624 | 0.807692307692 |
+-----------+----------------+-----------------+-----------------+----------------+
| G1(1.0)   | 0.288819875776 | 0.0182481751825 | 0.923762376238  | 0.192307692308 |
+-----------+----------------+-----------------+-----------------+----------------+
+------------+----------------+----------------+----------------+-----------------+
| ('G23', 0) | G23_0(0.0)     | G23_0(0.0)     | G23_0(1.0)     | G23_0(1.0)      |
+------------+----------------+----------------+----------------+-----------------+
| ('G9', 0)  | G9_0(0.0)      | G9_0(1.0)      | G9_0(0.0)      | G9_0(1.0)       |
+------------+----------------+----------------+----------------+-----------------+
| G9(0.0)    | 0.597297297297 | 0.318181818182 | 0.574074074074 | 0.0415019762846 |
+------------+----------------+----------------+----------------+-----------------+
| G9(1.0)    | 0.402702702703 | 0.681818181818 | 0.425925925926 | 0.958498023715  |
+------------+----------------+----------------+----------------+-----------------+
+-----------+-----------------+-----------+----------------+----------------+
| ('G4', 1) | G4_1(0.0)       | G4_1(0.0) | G4_1(1.0)      | G4_1(1.0)      |
+-----------+-----------------+-----------+----------------+----------------+
| ('G8', 0) | G8_0(0.0)       | G8_0(1.0) | G8_0(0.0)      | G8_0(1.0)      |
+-----------+-----------------+-----------+----------------+----------------+
| G8(0.0)   | 0.988656195462  | 0.9       | 0.720183486239 | 0.133027522936 |
+-----------+-----------------+-----------+----------------+----------------+
| G8(1.0)   | 0.0113438045375 | 0.1       | 0.279816513761 | 0.866972477064 |
+-----------+-----------------+-----------+----------------+----------------+
+------------+-----------------+-----------------+
| ('G51', 1) | G51_1(0.0)      | G51_1(1.0)      |
+------------+-----------------+-----------------+
| G53(0.0)   | 0.0675675675676 | 0.987870619946  |
+------------+-----------------+-----------------+
| G53(1.0)   | 0.932432432432  | 0.0121293800539 |
+------------+-----------------+-----------------+
+------------+------------+----------------+----------------+----------------+
| ('G13', 1) | G13_1(0.0) | G13_1(0.0)     | G13_1(1.0)     | G13_1(1.0)     |
+------------+------------+----------------+----------------+----------------+
| ('G57', 0) | G57_0(0.0) | G57_0(1.0)     | G57_0(0.0)     | G57_0(1.0)     |
+------------+------------+----------------+----------------+----------------+
| G52(0.0)   | 0.884      | 0.184210526316 | 0.388198757764 | 0.157505285412 |
+------------+------------+----------------+----------------+----------------+
| G52(1.0)   | 0.116      | 0.815789473684 | 0.611801242236 | 0.842494714588 |
+------------+------------+----------------+----------------+----------------+
+------------+-----------------+----------------+----------------+------------------+
| ('G40', 0) | G40_0(0.0)      | G40_0(0.0)     | G40_0(1.0)     | G40_0(1.0)       |
+------------+-----------------+----------------+----------------+------------------+
| ('G51', 0) | G51_0(0.0)      | G51_0(1.0)     | G51_0(0.0)     | G51_0(1.0)       |
+------------+-----------------+----------------+----------------+------------------+
| G51(0.0)   | 0.956140350877  | 0.283783783784 | 0.382352941176 | 0.00354609929078 |
+------------+-----------------+----------------+----------------+------------------+
| G51(1.0)   | 0.0438596491228 | 0.716216216216 | 0.617647058824 | 0.996453900709   |
+------------+-----------------+----------------+----------------+------------------+
+------------+----------------+-----------------+---------------+-----------------+
| ('G25', 1) | G25_1(0.0)     | G25_1(0.0)      | G25_1(1.0)    | G25_1(1.0)      |
+------------+----------------+-----------------+---------------+-----------------+
| ('G50', 0) | G50_0(0.0)     | G50_0(1.0)      | G50_0(0.0)    | G50_0(1.0)      |
+------------+----------------+-----------------+---------------+-----------------+
| G50(0.0)   | 0.872413793103 | 0.0458515283843 | 0.19696969697 | 0.0745721271394 |
+------------+----------------+-----------------+---------------+-----------------+
| G50(1.0)   | 0.127586206897 | 0.954148471616  | 0.80303030303 | 0.925427872861  |
+------------+----------------+-----------------+---------------+-----------------+
+------------+----------------+----------------+----------------+-----------------+
| ('G55', 1) | G55_1(0.0)     | G55_1(0.0)     | G55_1(1.0)     | G55_1(1.0)      |
+------------+----------------+----------------+----------------+-----------------+
| ('G57', 0) | G57_0(0.0)     | G57_0(1.0)     | G57_0(0.0)     | G57_0(1.0)      |
+------------+----------------+----------------+----------------+-----------------+
| G57(0.0)   | 0.835766423358 | 0.574074074074 | 0.580536912752 | 0.0857461024499 |
+------------+----------------+----------------+----------------+-----------------+
| G57(1.0)   | 0.164233576642 | 0.425925925926 | 0.419463087248 | 0.91425389755   |
+------------+----------------+----------------+----------------+-----------------+
+------------+----------------+----------------+----------------+----------------+
| ('G36', 0) | G36_0(0.0)     | G36_0(0.0)     | G36_0(1.0)     | G36_0(1.0)     |
+------------+----------------+----------------+----------------+----------------+
| ('G56', 0) | G56_0(0.0)     | G56_0(1.0)     | G56_0(0.0)     | G56_0(1.0)     |
+------------+----------------+----------------+----------------+----------------+
| G56(0.0)   | 0.733962264151 | 0.539215686275 | 0.670212765957 | 0.118677042802 |
+------------+----------------+----------------+----------------+----------------+
| G56(1.0)   | 0.266037735849 | 0.460784313725 | 0.329787234043 | 0.881322957198 |
+------------+----------------+----------------+----------------+----------------+
+------------+----------------+----------------+---------------+-----------------+
| ('G25', 1) | G25_1(0.0)     | G25_1(0.0)     | G25_1(1.0)    | G25_1(1.0)      |
+------------+----------------+----------------+---------------+-----------------+
| ('G55', 0) | G55_0(0.0)     | G55_0(1.0)     | G55_0(0.0)    | G55_0(1.0)      |
+------------+----------------+----------------+---------------+-----------------+
| G55(0.0)   | 0.835135135135 | 0.119047619048 | 0.19696969697 | 0.0843520782396 |
+------------+----------------+----------------+---------------+-----------------+
| G55(1.0)   | 0.164864864865 | 0.880952380952 | 0.80303030303 | 0.91564792176   |
+------------+----------------+----------------+---------------+-----------------+
+------------+----------------+----------------+-----------------+----------------+
| ('G54', 0) | G54_0(0.0)     | G54_0(0.0)     | G54_0(1.0)      | G54_0(1.0)     |
+------------+----------------+----------------+-----------------+----------------+
| ('G61', 0) | G61_0(0.0)     | G61_0(1.0)     | G61_0(0.0)      | G61_0(1.0)     |
+------------+----------------+----------------+-----------------+----------------+
| G54(0.0)   | 0.119047619048 | 0.693308550186 | 0.0512195121951 | 0.294392523364 |
+------------+----------------+----------------+-----------------+----------------+
| G54(1.0)   | 0.880952380952 | 0.306691449814 | 0.948780487805  | 0.705607476636 |
+------------+----------------+----------------+-----------------+----------------+
+------------+---------------+----------------+----------------+----------------+
| ('G55', 0) | G55_0(0.0)    | G55_0(0.0)     | G55_0(1.0)     | G55_0(1.0)     |
+------------+---------------+----------------+----------------+----------------+
| ('G9', 1)  | G9_1(0.0)     | G9_1(1.0)      | G9_1(0.0)      | G9_1(1.0)      |
+------------+---------------+----------------+----------------+----------------+
| G59(0.0)   | 0.24025974026 | 0.216312056738 | 0.532432432432 | 0.858353510896 |
+------------+---------------+----------------+----------------+----------------+
| G59(1.0)   | 0.75974025974 | 0.783687943262 | 0.467567567568 | 0.141646489104 |
+------------+---------------+----------------+----------------+----------------+
+------------+-----------------+------------+
| ('G58', 0) | G58_0(0.0)      | G58_0(1.0) |
+------------+-----------------+------------+
| G58(0.0)   | 0.983028720627  | 0.34       |
+------------+-----------------+------------+
| G58(1.0)   | 0.0169712793734 | 0.66       |
+------------+-----------------+------------+
+------------+----------------+------------------+-----------------+-----------------+
| ('G23', 0) | G23_0(0.0)     | G23_0(0.0)       | G23_0(1.0)      | G23_0(1.0)      |
+------------+----------------+------------------+-----------------+-----------------+
| ('G40', 0) | G40_0(0.0)     | G40_0(1.0)       | G40_0(0.0)      | G40_0(1.0)      |
+------------+----------------+------------------+-----------------+-----------------+
| G40(0.0)   | 0.147058823529 | 0.00537634408602 | 0.915584415584  | 0.0719844357977 |
+------------+----------------+------------------+-----------------+-----------------+
| G40(1.0)   | 0.852941176471 | 0.994623655914   | 0.0844155844156 | 0.928015564202  |
+------------+----------------+------------------+-----------------+-----------------+
+------------+---------------+----------------+----------------+----------------+
| ('G25', 1) | G25_1(0.0)    | G25_1(0.0)     | G25_1(1.0)     | G25_1(1.0)     |
+------------+---------------+----------------+----------------+----------------+
| ('G41', 0) | G41_0(0.0)    | G41_0(1.0)     | G41_0(0.0)     | G41_0(1.0)     |
+------------+---------------+----------------+----------------+----------------+
| G41(0.0)   | 0.75974025974 | 0.143097643098 | 0.760869565217 | 0.644329896907 |
+------------+---------------+----------------+----------------+----------------+
| G41(1.0)   | 0.24025974026 | 0.856902356902 | 0.239130434783 | 0.355670103093 |
+------------+---------------+----------------+----------------+----------------+
+------------+------------+-----------------+
| ('G38', 0) | G38_0(0.0) | G38_0(1.0)      |
+------------+------------+-----------------+
| G42(0.0)   | 0.9        | 0.0131195335277 |
+------------+------------+-----------------+
| G42(1.0)   | 0.1        | 0.986880466472  |
+------------+------------+-----------------+
+------------+-----------------+----------------+----------------+------------------+
| ('G38', 0) | G38_0(0.0)      | G38_0(0.0)     | G38_0(1.0)     | G38_0(1.0)       |
+------------+-----------------+----------------+----------------+------------------+
| ('G43', 0) | G43_0(0.0)      | G43_0(1.0)     | G43_0(0.0)     | G43_0(1.0)       |
+------------+-----------------+----------------+----------------+------------------+
| G43(0.0)   | 0.967532467532  | 0.198113207547 | 0.309523809524 | 0.00977443609023 |
+------------+-----------------+----------------+----------------+------------------+
| G43(1.0)   | 0.0324675324675 | 0.801886792453 | 0.690476190476 | 0.99022556391    |
+------------+-----------------+----------------+----------------+------------------+
+------------+-----------------+-----------------+-----------------+-----------------+
| ('G42', 0) | G42_0(0.0)      | G42_0(0.0)      | G42_0(1.0)      | G42_0(1.0)      |
+------------+-----------------+-----------------+-----------------+-----------------+
| ('G97', 1) | G97_1(0.0)      | G97_1(1.0)      | G97_1(0.0)      | G97_1(1.0)      |
+------------+-----------------+-----------------+-----------------+-----------------+
| G44(0.0)   | 0.0862068965517 | 0.974226804124  | 0.0438596491228 | 0.0102685624013 |
+------------+-----------------+-----------------+-----------------+-----------------+
| G44(1.0)   | 0.913793103448  | 0.0257731958763 | 0.956140350877  | 0.989731437599  |
+------------+-----------------+-----------------+-----------------+-----------------+
+------------+----------------+-----------------+-----------------+-----------------+
| ('G23', 1) | G23_1(0.0)     | G23_1(0.0)      | G23_1(1.0)      | G23_1(1.0)      |
+------------+----------------+-----------------+-----------------+-----------------+
| ('G45', 0) | G45_0(0.0)     | G45_0(1.0)      | G45_0(0.0)      | G45_0(1.0)      |
+------------+----------------+-----------------+-----------------+-----------------+
| G45(0.0)   | 0.147058823529 | 0.0139784946237 | 0.913223140496  | 0.0868544600939 |
+------------+----------------+-----------------+-----------------+-----------------+
| G45(1.0)   | 0.852941176471 | 0.986021505376  | 0.0867768595041 | 0.913145539906  |
+------------+----------------+-----------------+-----------------+-----------------+
+------------+----------------+-----------------+----------------+----------------+
| ('G46', 0) | G46_0(0.0)     | G46_0(0.0)      | G46_0(1.0)     | G46_0(1.0)     |
+------------+----------------+-----------------+----------------+----------------+
| ('G82', 0) | G82_0(0.0)     | G82_0(1.0)      | G82_0(0.0)     | G82_0(1.0)     |
+------------+----------------+-----------------+----------------+----------------+
| G46(0.0)   | 0.540816326531 | 0.98167539267   | 0.112403100775 | 0.284615384615 |
+------------+----------------+-----------------+----------------+----------------+
| G46(1.0)   | 0.459183673469 | 0.0183246073298 | 0.887596899225 | 0.715384615385 |
+------------+----------------+-----------------+----------------+----------------+
+------------+----------------+-----------------+----------------+-----------------+
| ('G43', 0) | G43_0(0.0)     | G43_0(0.0)      | G43_0(1.0)     | G43_0(1.0)      |
+------------+----------------+-----------------+----------------+-----------------+
| ('G97', 0) | G97_0(0.0)     | G97_0(1.0)      | G97_0(0.0)     | G97_0(1.0)      |
+------------+----------------+-----------------+----------------+-----------------+
| G47(0.0)   | 0.451219512195 | 0.956140350877  | 0.322222222222 | 0.0512630014859 |
+------------+----------------+-----------------+----------------+-----------------+
| G47(1.0)   | 0.548780487805 | 0.0438596491228 | 0.677777777778 | 0.948736998514  |
+------------+----------------+-----------------+----------------+-----------------+
+------------+-----------------+------------------+
| ('G38', 0) | G38_0(0.0)      | G38_0(1.0)       |
+------------+-----------------+------------------+
| G48(0.0)   | 0.0384615384615 | 0.992711370262   |
+------------+-----------------+------------------+
| G48(1.0)   | 0.961538461538  | 0.00728862973761 |
+------------+-----------------+------------------+
+------------+----------------+-----------------+-----------------+-----------------+
| ('G14', 1) | G14_1(0.0)     | G14_1(0.0)      | G14_1(1.0)      | G14_1(1.0)      |
+------------+----------------+-----------------+-----------------+-----------------+
| ('G49', 0) | G49_0(0.0)     | G49_0(1.0)      | G49_0(0.0)      | G49_0(1.0)      |
+------------+----------------+-----------------+-----------------+-----------------+
| G49(0.0)   | 0.147058823529 | 0.0120147874307 | 0.965753424658  | 0.0567567567568 |
+------------+----------------+-----------------+-----------------+-----------------+
| G49(1.0)   | 0.852941176471 | 0.987985212569  | 0.0342465753425 | 0.943243243243  |
+------------+----------------+-----------------+-----------------+-----------------+
+------------+----------------+----------------+----------------+----------------+
| ('G72', 1) | G72_1(0.0)     | G72_1(0.0)     | G72_1(1.0)     | G72_1(1.0)     |
+------------+----------------+----------------+----------------+----------------+
| ('G75', 0) | G75_0(0.0)     | G75_0(1.0)     | G75_0(0.0)     | G75_0(1.0)     |
+------------+----------------+----------------+----------------+----------------+
| G75(0.0)   | 0.863636363636 | 0.722222222222 | 0.828358208955 | 0.116580310881 |
+------------+----------------+----------------+----------------+----------------+
| G75(1.0)   | 0.136363636364 | 0.277777777778 | 0.171641791045 | 0.883419689119 |
+------------+----------------+----------------+----------------+----------------+
+------------+---------------+------------------+
| ('G73', 0) | G73_0(0.0)    | G73_0(1.0)       |
+------------+---------------+------------------+
| G74(0.0)   | 0.59756097561 | 0.993188010899   |
+------------+---------------+------------------+
| G74(1.0)   | 0.40243902439 | 0.00681198910082 |
+------------+---------------+------------------+
+----------+---+
| G77(0.0) | 1 |
+----------+---+
+------------+----------------+----------------+------------+-----------------+
| ('G36', 0) | G36_0(0.0)     | G36_0(0.0)     | G36_0(1.0) | G36_0(1.0)      |
+------------+----------------+----------------+------------+-----------------+
| ('G56', 1) | G56_1(0.0)     | G56_1(1.0)     | G56_1(0.0) | G56_1(1.0)      |
+------------+----------------+----------------+------------+-----------------+
| G76(0.0)   | 0.398916967509 | 0.329787234043 | 0.436      | 0.0531135531136 |
+------------+----------------+----------------+------------+-----------------+
| G76(1.0)   | 0.601083032491 | 0.670212765957 | 0.564      | 0.946886446886  |
+------------+----------------+----------------+------------+-----------------+
+------------+-----------------+----------------+----------------+----------------+
| ('G31', 0) | G31_0(0.0)      | G31_0(0.0)     | G31_0(1.0)     | G31_0(1.0)     |
+------------+-----------------+----------------+----------------+----------------+
| ('G71', 0) | G71_0(0.0)      | G71_0(1.0)     | G71_0(0.0)     | G71_0(1.0)     |
+------------+-----------------+----------------+----------------+----------------+
| G71(0.0)   | 0.981751824818  | 0.252380952381 | 0.641414141414 | 0.312274368231 |
+------------+-----------------+----------------+----------------+----------------+
| G71(1.0)   | 0.0182481751825 | 0.747619047619 | 0.358585858586 | 0.687725631769 |
+------------+-----------------+----------------+----------------+----------------+
+------------+-----------------+-----------------+---------------+----------------+
| ('G15', 1) | G15_1(0.0)      | G15_1(0.0)      | G15_1(1.0)    | G15_1(1.0)     |
+------------+-----------------+-----------------+---------------+----------------+
| ('G70', 0) | G70_0(0.0)      | G70_0(1.0)      | G70_0(0.0)    | G70_0(1.0)     |
+------------+-----------------+-----------------+---------------+----------------+
| G70(0.0)   | 0.91095890411   | 0.0744680851064 | 0.49043062201 | 0.260814249364 |
+------------+-----------------+-----------------+---------------+----------------+
| G70(1.0)   | 0.0890410958904 | 0.925531914894  | 0.50956937799 | 0.739185750636 |
+------------+-----------------+-----------------+---------------+----------------+
+------------+-----------------+-----------------+------------+------------------+
| ('G18', 1) | G18_1(0.0)      | G18_1(0.0)      | G18_1(1.0) | G18_1(1.0)       |
+------------+-----------------+-----------------+------------+------------------+
| ('G44', 1) | G44_1(0.0)      | G44_1(1.0)      | G44_1(0.0) | G44_1(1.0)       |
+------------+-----------------+-----------------+------------+------------------+
| G73(0.0)   | 0.91975308642   | 0.0409836065574 | 0.1        | 0.00385208012327 |
+------------+-----------------+-----------------+------------+------------------+
| G73(1.0)   | 0.0802469135802 | 0.959016393443  | 0.9        | 0.996147919877   |
+------------+-----------------+-----------------+------------+------------------+
+------------+------------+-----------------+----------------+--------------+
| ('G61', 1) | G61_1(0.0) | G61_1(0.0)      | G61_1(1.0)     | G61_1(1.0)   |
+------------+------------+-----------------+----------------+--------------+
| ('G72', 0) | G72_0(0.0) | G72_0(1.0)      | G72_0(0.0)     | G72_0(1.0)   |
+------------+------------+-----------------+----------------+--------------+
| G72(0.0)   | 0.5        | 0.0652173913043 | 0.889684813754 | 0.2805907173 |
+------------+------------+-----------------+----------------+--------------+
| G72(1.0)   | 0.5        | 0.934782608696  | 0.110315186246 | 0.7194092827 |
+------------+------------+-----------------+----------------+--------------+
+------------+------------+------------+-----------------+----------------+
| ('G38', 0) | G38_0(0.0) | G38_0(0.0) | G38_0(1.0)      | G38_0(1.0)     |
+------------+------------+------------+-----------------+----------------+
| ('G80', 1) | G80_1(0.0) | G80_1(1.0) | G80_1(0.0)      | G80_1(1.0)     |
+------------+------------+------------+-----------------+----------------+
| G79(0.0)   | 0.5        | 0.916      | 0.944444444444  | 0.384555382215 |
+------------+------------+------------+-----------------+----------------+
| G79(1.0)   | 0.5        | 0.084      | 0.0555555555556 | 0.615444617785 |
+------------+------------+------------+-----------------+----------------+
+------------+----------------+----------------+-----------------+----------------+
| ('G14', 0) | G14_0(0.0)     | G14_0(0.0)     | G14_0(1.0)      | G14_0(1.0)     |
+------------+----------------+----------------+-----------------+----------------+
| ('G82', 1) | G82_1(0.0)     | G82_1(1.0)     | G82_1(0.0)      | G82_1(1.0)     |
+------------+----------------+----------------+-----------------+----------------+
| G78(0.0)   | 0.586021505376 | 0.031453362256 | 0.970588235294  | 0.217514124294 |
+------------+----------------+----------------+-----------------+----------------+
| G78(1.0)   | 0.413978494624 | 0.968546637744 | 0.0294117647059 | 0.782485875706 |
+------------+----------------+----------------+-----------------+----------------+
+------------+-----------------+----------------+----------------+------------------+
| ('G45', 1) | G45_1(0.0)      | G45_1(0.0)     | G45_1(1.0)     | G45_1(1.0)       |
+------------+-----------------+----------------+----------------+------------------+
| ('G68', 0) | G68_0(0.0)      | G68_0(1.0)     | G68_0(0.0)     | G68_0(1.0)       |
+------------+-----------------+----------------+----------------+------------------+
| G68(0.0)   | 0.905797101449  | 0.210144927536 | 0.382352941176 | 0.00378214826021 |
+------------+-----------------+----------------+----------------+------------------+
| G68(1.0)   | 0.0942028985507 | 0.789855072464 | 0.617647058824 | 0.99621785174    |
+------------+-----------------+----------------+----------------+------------------+
+------------+----------------+----------------+-----------------+-----------------+
| ('G31', 0) | G31_0(0.0)     | G31_0(0.0)     | G31_0(1.0)      | G31_0(1.0)      |
+------------+----------------+----------------+-----------------+-----------------+
| ('G69', 0) | G69_0(0.0)     | G69_0(1.0)     | G69_0(0.0)      | G69_0(1.0)      |
+------------+----------------+----------------+-----------------+-----------------+
| G69(0.0)   | 0.880165289256 | 0.252066115702 | 0.0862068965517 | 0.0192660550459 |
+------------+----------------+----------------+-----------------+-----------------+
| G69(1.0)   | 0.119834710744 | 0.747933884298 | 0.913793103448  | 0.980733944954  |
+------------+----------------+----------------+-----------------+-----------------+
+------------+-----------------+----------------+----------------+------------------+
| ('G20', 1) | G20_1(0.0)      | G20_1(0.0)     | G20_1(1.0)     | G20_1(1.0)       |
+------------+-----------------+----------------+----------------+------------------+
| ('G66', 1) | G66_1(0.0)      | G66_1(1.0)     | G66_1(0.0)     | G66_1(1.0)       |
+------------+-----------------+----------------+----------------+------------------+
| G62(0.0)   | 0.913793103448  | 0.355670103093 | 0.720183486239 | 0.00430292598967 |
+------------+-----------------+----------------+----------------+------------------+
| G62(1.0)   | 0.0862068965517 | 0.644329896907 | 0.279816513761 | 0.99569707401    |
+------------+-----------------+----------------+----------------+------------------+
+------------+-----------------+------------+----------------+----------------+
| ('G63', 0) | G63_0(0.0)      | G63_0(0.0) | G63_0(1.0)     | G63_0(1.0)     |
+------------+-----------------+------------+----------------+----------------+
| ('G94', 0) | G94_0(0.0)      | G94_0(1.0) | G94_0(0.0)     | G94_0(1.0)     |
+------------+-----------------+------------+----------------+----------------+
| G63(0.0)   | 0.969135802469  | 0.5        | 0.112903225806 | 0.010603588907 |
+------------+-----------------+------------+----------------+----------------+
| G63(1.0)   | 0.0308641975309 | 0.5        | 0.887096774194 | 0.989396411093 |
+------------+-----------------+------------+----------------+----------------+
+------------+------------+----------------+------------------+----------------+
| ('G55', 1) | G55_1(0.0) | G55_1(0.0)     | G55_1(1.0)       | G55_1(1.0)     |
+------------+------------+----------------+------------------+----------------+
| ('G60', 0) | G60_0(0.0) | G60_0(1.0)     | G60_0(0.0)       | G60_0(1.0)     |
+------------+------------+----------------+------------------+----------------+
| G60(0.0)   | 0.82       | 0.198924731183 | 0.99547920434    | 0.144444444444 |
+------------+------------+----------------+------------------+----------------+
| G60(1.0)   | 0.18       | 0.801075268817 | 0.00452079566004 | 0.855555555556 |
+------------+------------+----------------+------------------+----------------+
+------------+----------------+----------------+----------------+-----------------+
| ('G45', 0) | G45_0(0.0)     | G45_0(0.0)     | G45_0(1.0)     | G45_0(1.0)      |
+------------+----------------+----------------+----------------+-----------------+
| ('G61', 0) | G61_0(0.0)     | G61_0(1.0)     | G61_0(0.0)     | G61_0(1.0)      |
+------------+----------------+----------------+----------------+-----------------+
| G61(0.0)   | 0.377551020408 | 0.297752808989 | 0.850282485876 | 0.0688622754491 |
+------------+----------------+----------------+----------------+-----------------+
| G61(1.0)   | 0.622448979592 | 0.702247191011 | 0.149717514124 | 0.931137724551  |
+------------+----------------+----------------+----------------+-----------------+
+------------+-----------------+----------------+----------------+-----------------+
| ('G12', 1) | G12_1(0.0)      | G12_1(0.0)     | G12_1(1.0)     | G12_1(1.0)      |
+------------+-----------------+----------------+----------------+-----------------+
| ('G66', 0) | G66_0(0.0)      | G66_0(1.0)     | G66_0(0.0)     | G66_0(1.0)      |
+------------+-----------------+----------------+----------------+-----------------+
| G66(0.0)   | 0.967532467532  | 0.256097560976 | 0.762295081967 | 0.0102040816327 |
+------------+-----------------+----------------+----------------+-----------------+
| G66(1.0)   | 0.0324675324675 | 0.743902439024 | 0.237704918033 | 0.989795918367  |
+------------+-----------------+----------------+----------------+-----------------+
+------------+---------------+-----------------+----------------+-----------------+
| ('G67', 0) | G67_0(0.0)    | G67_0(0.0)      | G67_0(1.0)     | G67_0(1.0)      |
+------------+---------------+-----------------+----------------+-----------------+
| ('G88', 1) | G88_1(0.0)    | G88_1(1.0)      | G88_1(0.0)     | G88_1(1.0)      |
+------------+---------------+-----------------+----------------+-----------------+
| G67(0.0)   | 0.73602484472 | 0.0862068965517 | 0.206666666667 | 0.0461346633416 |
+------------+---------------+-----------------+----------------+-----------------+
| G67(1.0)   | 0.26397515528 | 0.913793103448  | 0.793333333333 | 0.953865336658  |
+------------+---------------+-----------------+----------------+-----------------+
+------------+----------------+-----------------+-----------------+----------------+
| ('G23', 1) | G23_1(0.0)     | G23_1(0.0)      | G23_1(1.0)      | G23_1(1.0)     |
+------------+----------------+-----------------+-----------------+----------------+
| ('G32', 0) | G32_0(0.0)     | G32_0(1.0)      | G32_0(0.0)      | G32_0(1.0)     |
+------------+----------------+-----------------+-----------------+----------------+
| G64(0.0)   | 0.277777777778 | 0.0644820295983 | 0.961538461538  | 0.202602230483 |
+------------+----------------+-----------------+-----------------+----------------+
| G64(1.0)   | 0.722222222222 | 0.935517970402  | 0.0384615384615 | 0.797397769517 |
+------------+----------------+-----------------+-----------------+----------------+
+------------+-----------------+----------------+
| ('G27', 0) | G27_0(0.0)      | G27_0(1.0)     |
+------------+-----------------+----------------+
| G65(0.0)   | 0.97619047619   | 0.886138613861 |
+------------+-----------------+----------------+
| G65(1.0)   | 0.0238095238095 | 0.113861386139 |
+------------+-----------------+----------------+
+------------+----------------+-----------------+
| ('G35', 0) | G35_0(0.0)     | G35_0(1.0)      |
+------------+----------------+-----------------+
| G100(0.0)  | 0.855555555556 | 0.0179063360882 |
+------------+----------------+-----------------+
| G100(1.0)  | 0.144444444444 | 0.982093663912  |
+------------+----------------+-----------------+
+------------+----------------+------------+-----------------+-----------------+
| ('G13', 0) | G13_0(0.0)     | G13_0(0.0) | G13_0(1.0)      | G13_0(1.0)      |
+------------+----------------+------------+-----------------+-----------------+
| ('G56', 1) | G56_1(0.0)     | G56_1(1.0) | G56_1(0.0)      | G56_1(1.0)      |
+------------+----------------+------------+-----------------+-----------------+
| G19(0.0)   | 0.184210526316 | 0.884      | 0.0652173913043 | 0.0640138408304 |
+------------+----------------+------------+-----------------+-----------------+
| G19(1.0)   | 0.815789473684 | 0.116      | 0.934782608696  | 0.93598615917   |
+------------+----------------+------------+-----------------+-----------------+
+------------+----------------+----------------+----------------+------------+
| ('G18', 0) | G18_0(0.0)     | G18_0(0.0)     | G18_0(1.0)     | G18_0(1.0) |
+------------+----------------+----------------+----------------+------------+
| ('G49', 0) | G49_0(0.0)     | G49_0(1.0)     | G49_0(0.0)     | G49_0(1.0) |
+------------+----------------+----------------+----------------+------------+
| G18(0.0)   | 0.548780487805 | 0.777227722772 | 0.377551020408 | 0.036      |
+------------+----------------+----------------+----------------+------------+
| G18(1.0)   | 0.451219512195 | 0.222772277228 | 0.622448979592 | 0.964      |
+------------+----------------+----------------+----------------+------------+
+------------+------------------+----------------+------------------+-----------------+
| ('G28', 0) | G28_0(0.0)       | G28_0(0.0)     | G28_0(1.0)       | G28_0(1.0)      |
+------------+------------------+----------------+------------------+-----------------+
| ('G90', 0) | G90_0(0.0)       | G90_0(1.0)     | G90_0(0.0)       | G90_0(1.0)      |
+------------+------------------+----------------+------------------+-----------------+
| G17(0.0)   | 0.991803278689   | 0.439393939394 | 0.993368700265   | 0.975247524752  |
+------------+------------------+----------------+------------------+-----------------+
| G17(1.0)   | 0.00819672131148 | 0.560606060606 | 0.00663129973475 | 0.0247524752475 |
+------------+------------------+----------------+------------------+-----------------+
+------------+---------------+----------------+
| ('G16', 0) | G16_0(0.0)    | G16_0(1.0)     |
+------------+---------------+----------------+
| G16(0.0)   | 0.39552238806 | 0.118768328446 |
+------------+---------------+----------------+
| G16(1.0)   | 0.60447761194 | 0.881231671554 |
+------------+---------------+----------------+
+------------+-----------------+----------------+------------+-----------------+
| ('G15', 0) | G15_0(0.0)      | G15_0(0.0)     | G15_0(1.0) | G15_0(1.0)      |
+------------+-----------------+----------------+------------+-----------------+
| ('G38', 1) | G38_1(0.0)      | G38_1(1.0)     | G38_1(0.0) | G38_1(1.0)      |
+------------+-----------------+----------------+------------+-----------------+
| G15(0.0)   | 0.975247524752  | 0.765486725664 | 0.5        | 0.0253054101222 |
+------------+-----------------+----------------+------------+-----------------+
| G15(1.0)   | 0.0247524752475 | 0.234513274336 | 0.5        | 0.974694589878  |
+------------+-----------------+----------------+------------+-----------------+
+------------+-----------------+-----------------+----------------+-----------------+
| ('G14', 0) | G14_0(0.0)      | G14_0(0.0)      | G14_0(1.0)     | G14_0(1.0)      |
+------------+-----------------+-----------------+----------------+-----------------+
| ('G72', 1) | G72_1(0.0)      | G72_1(1.0)      | G72_1(0.0)     | G72_1(1.0)      |
+------------+-----------------+-----------------+----------------+-----------------+
| G14(0.0)   | 0.973282442748  | 0.909937888199  | 0.637931034483 | 0.0450643776824 |
+------------+-----------------+-----------------+----------------+-----------------+
| G14(1.0)   | 0.0267175572519 | 0.0900621118012 | 0.362068965517 | 0.954935622318  |
+------------+-----------------+-----------------+----------------+-----------------+
+------------+-----------------+----------------+----------------+-----------------+
| ('G19', 1) | G19_1(0.0)      | G19_1(0.0)     | G19_1(1.0)     | G19_1(1.0)      |
+------------+-----------------+----------------+----------------+-----------------+
| ('G94', 0) | G94_0(0.0)      | G94_0(1.0)     | G94_0(0.0)     | G94_0(1.0)      |
+------------+-----------------+----------------+----------------+-----------------+
| G13(0.0)   | 0.965753424658  | 0.477528089888 | 0.262376237624 | 0.0768535262206 |
+------------+-----------------+----------------+----------------+-----------------+
| G13(1.0)   | 0.0342465753425 | 0.522471910112 | 0.737623762376 | 0.923146473779  |
+------------+-----------------+----------------+----------------+-----------------+
+------------+----------------+----------------+------------------+----------------+
| ('G12', 0) | G12_0(0.0)     | G12_0(0.0)     | G12_0(1.0)       | G12_0(1.0)     |
+------------+----------------+----------------+------------------+----------------+
| ('G41', 1) | G41_1(0.0)     | G41_1(1.0)     | G41_1(0.0)       | G41_1(1.0)     |
+------------+----------------+----------------+------------------+----------------+
| G12(0.0)   | 0.277777777778 | 0.756880733945 | 0.00599520383693 | 0.108540925267 |
+------------+----------------+----------------+------------------+----------------+
| G12(1.0)   | 0.722222222222 | 0.243119266055 | 0.994004796163   | 0.891459074733 |
+------------+----------------+----------------+------------------+----------------+
+------------+------------+-----------------+-----------------+-----------------+
| ('G30', 1) | G30_1(0.0) | G30_1(0.0)      | G30_1(1.0)      | G30_1(1.0)      |
+------------+------------+-----------------+-----------------+-----------------+
| ('G33', 1) | G33_1(0.0) | G33_1(1.0)      | G33_1(0.0)      | G33_1(1.0)      |
+------------+------------+-----------------+-----------------+-----------------+
| G11(0.0)   | 0.5        | 0.0339805825243 | 0.970588235294  | 0.0792207792208 |
+------------+------------+-----------------+-----------------+-----------------+
| G11(1.0)   | 0.5        | 0.966019417476  | 0.0294117647059 | 0.920779220779  |
+------------+------------+-----------------+-----------------+-----------------+
+------------+----------------+------------------+----------------+----------------+
| ('G28', 1) | G28_1(0.0)     | G28_1(0.0)       | G28_1(1.0)     | G28_1(1.0)     |
+------------+----------------+------------------+----------------+----------------+
| ('G97', 0) | G97_0(0.0)     | G97_0(1.0)       | G97_0(0.0)     | G97_0(1.0)     |
+------------+----------------+------------------+----------------+----------------+
| G10(0.0)   | 0.785714285714 | 0.991228070175   | 0.391891891892 | 0.886516853933 |
+------------+----------------+------------------+----------------+----------------+
| G10(1.0)   | 0.214285714286 | 0.00877192982456 | 0.608108108108 | 0.113483146067 |
+------------+----------------+------------------+----------------+----------------+
+------------+----------------+-----------------+
| ('G97', 0) | G97_0(0.0)     | G97_0(1.0)      |
+------------+----------------+-----------------+
| G97(0.0)   | 0.848837209302 | 0.0178082191781 |
+------------+----------------+-----------------+
| G97(1.0)   | 0.151162790698 | 0.982191780822  |
+------------+----------------+-----------------+
+------------+-----------------+----------------+---------------+------------------+
| ('G92', 1) | G92_1(0.0)      | G92_1(0.0)     | G92_1(1.0)    | G92_1(1.0)       |
+------------+-----------------+----------------+---------------+------------------+
| ('G96', 0) | G96_0(0.0)      | G96_0(1.0)     | G96_0(0.0)    | G96_0(1.0)       |
+------------+-----------------+----------------+---------------+------------------+
| G96(0.0)   | 0.967532467532  | 0.214285714286 | 0.72641509434 | 0.00392464678179 |
+------------+-----------------+----------------+---------------+------------------+
| G96(1.0)   | 0.0324675324675 | 0.785714285714 | 0.27358490566 | 0.996075353218   |
+------------+-----------------+----------------+---------------+------------------+
+------------+-----------------+----------------+----------------+-----------------+
| ('G82', 0) | G82_0(0.0)      | G82_0(0.0)     | G82_0(1.0)     | G82_0(1.0)      |
+------------+-----------------+----------------+----------------+-----------------+
| ('G95', 0) | G95_0(0.0)      | G95_0(1.0)     | G95_0(0.0)     | G95_0(1.0)      |
+------------+-----------------+----------------+----------------+-----------------+
| G95(0.0)   | 0.958598726115  | 0.690476190476 | 0.517699115044 | 0.0961904761905 |
+------------+-----------------+----------------+----------------+-----------------+
| G95(1.0)   | 0.0414012738854 | 0.309523809524 | 0.482300884956 | 0.90380952381   |
+------------+-----------------+----------------+----------------+-----------------+
+------------+---------------+------------+----------------+-----------------+
| ('G45', 1) | G45_1(0.0)    | G45_1(0.0) | G45_1(1.0)     | G45_1(1.0)      |
+------------+---------------+------------+----------------+-----------------+
| ('G94', 0) | G94_0(0.0)    | G94_0(1.0) | G94_0(0.0)     | G94_0(1.0)      |
+------------+---------------+------------+----------------+-----------------+
| G94(0.0)   | 0.75974025974 | 0.5        | 0.768041237113 | 0.0180722891566 |
+------------+---------------+------------+----------------+-----------------+
| G94(1.0)   | 0.24025974026 | 0.5        | 0.231958762887 | 0.981927710843  |
+------------+---------------+------------+----------------+-----------------+
+------------+-----------------+----------------+
| ('G99', 1) | G99_1(0.0)      | G99_1(1.0)     |
+------------+-----------------+----------------+
| G93(0.0)   | 0.0301204819277 | 0.346153846154 |
+------------+-----------------+----------------+
| G93(1.0)   | 0.969879518072  | 0.653846153846 |
+------------+-----------------+----------------+
+------------+-----------------+----------------+----------------+------------------+
| ('G15', 1) | G15_1(0.0)      | G15_1(0.0)     | G15_1(1.0)     | G15_1(1.0)       |
+------------+-----------------+----------------+----------------+------------------+
| ('G92', 0) | G92_0(0.0)      | G92_0(1.0)     | G92_0(0.0)     | G92_0(1.0)       |
+------------+-----------------+----------------+----------------+------------------+
| G92(0.0)   | 0.910256410256  | 0.149484536082 | 0.277777777778 | 0.00421585160202 |
+------------+-----------------+----------------+----------------+------------------+
| G92(1.0)   | 0.0897435897436 | 0.850515463918 | 0.722222222222 | 0.995784148398   |
+------------+-----------------+----------------+----------------+------------------+
+------------+----------------+------------+----------------+----------------+
| ('G11', 1) | G11_1(0.0)     | G11_1(0.0) | G11_1(1.0)     | G11_1(1.0)     |
+------------+----------------+------------+----------------+----------------+
| ('G90', 0) | G90_0(0.0)     | G90_0(1.0) | G90_0(0.0)     | G90_0(1.0)     |
+------------+----------------+------------+----------------+----------------+
| G91(0.0)   | 0.567415730337 | 0.5        | 0.226812816189 | 0.820987654321 |
+------------+----------------+------------+----------------+----------------+
| G91(1.0)   | 0.432584269663 | 0.5        | 0.773187183811 | 0.179012345679 |
+------------+----------------+------------+----------------+----------------+
+------------+----------------+-----------------+------------------+----------------+
| ('G45', 0) | G45_0(0.0)     | G45_0(0.0)      | G45_0(1.0)       | G45_0(1.0)     |
+------------+----------------+-----------------+------------------+----------------+
| ('G90', 0) | G90_0(0.0)     | G90_0(1.0)      | G90_0(0.0)       | G90_0(1.0)     |
+------------+----------------+-----------------+------------------+----------------+
| G90(0.0)   | 0.608108108108 | 0.0247524752475 | 0.996124031008   | 0.439393939394 |
+------------+----------------+-----------------+------------------+----------------+
| G90(1.0)   | 0.391891891892 | 0.975247524752  | 0.00387596899225 | 0.560606060606 |
+------------+----------------+-----------------+------------------+----------------+
+------------+----------------+------------------+-----------------+----------------+
| ('G14', 1) | G14_1(0.0)     | G14_1(0.0)       | G14_1(1.0)      | G14_1(1.0)     |
+------------+----------------+------------------+-----------------+----------------+
| ('G99', 0) | G99_0(0.0)     | G99_0(1.0)       | G99_0(0.0)      | G99_0(1.0)     |
+------------+----------------+------------------+-----------------+----------------+
| G99(0.0)   | 0.147058823529 | 0.00462107208872 | 0.956375838926  | 0.169724770642 |
+------------+----------------+------------------+-----------------+----------------+
| G99(1.0)   | 0.852941176471 | 0.995378927911   | 0.0436241610738 | 0.830275229358 |
+------------+----------------+------------------+-----------------+----------------+
+------------+----------------+------------------+
| ('G97', 0) | G97_0(0.0)     | G97_0(1.0)       |
+------------+----------------+------------------+
| G98(0.0)   | 0.848837209302 | 0.993150684932   |
+------------+----------------+------------------+
| G98(1.0)   | 0.151162790698 | 0.00684931506849 |
+------------+----------------+------------------+
+------------+----------------+----------------+-----------------+----------------+
| ('G21', 1) | G21_1(0.0)     | G21_1(0.0)     | G21_1(1.0)      | G21_1(1.0)     |
+------------+----------------+----------------+-----------------+----------------+
| ('G31', 0) | G31_0(0.0)     | G31_0(1.0)     | G31_0(0.0)      | G31_0(1.0)     |
+------------+----------------+----------------+-----------------+----------------+
| G31(0.0)   | 0.316513761468 | 0.126666666667 | 0.951127819549  | 0.214285714286 |
+------------+----------------+----------------+-----------------+----------------+
| G31(1.0)   | 0.683486238532 | 0.873333333333 | 0.0488721804511 | 0.785714285714 |
+------------+----------------+----------------+-----------------+----------------+
+------------+-----------------+-----------------+----------------+----------------+
| ('G20', 1) | G20_1(0.0)      | G20_1(0.0)      | G20_1(1.0)     | G20_1(1.0)     |
+------------+-----------------+-----------------+----------------+----------------+
| ('G75', 1) | G75_1(0.0)      | G75_1(1.0)      | G75_1(0.0)     | G75_1(1.0)     |
+------------+-----------------+-----------------+----------------+----------------+
| G30(0.0)   | 0.0308641975309 | 0.0555555555556 | 0.604121475054 | 0.272925764192 |
+------------+-----------------+-----------------+----------------+----------------+
| G30(1.0)   | 0.969135802469  | 0.944444444444  | 0.395878524946 | 0.727074235808 |
+------------+-----------------+-----------------+----------------+----------------+
+------------+-----------------+----------------+----------------+------------------+
| ('G33', 0) | G33_0(0.0)      | G33_0(0.0)     | G33_0(1.0)     | G33_0(1.0)       |
+------------+-----------------+----------------+----------------+------------------+
| ('G99', 1) | G99_1(0.0)      | G99_1(1.0)     | G99_1(0.0)     | G99_1(1.0)       |
+------------+-----------------+----------------+----------------+------------------+
| G33(0.0)   | 0.91975308642   | 0.743902439024 | 0.170588235294 | 0.00410509031199 |
+------------+-----------------+----------------+----------------+------------------+
| G33(1.0)   | 0.0802469135802 | 0.256097560976 | 0.829411764706 | 0.995894909688   |
+------------+-----------------+----------------+----------------+------------------+
+------------+------------+-----------------+-----------------+-----------------+
| ('G14', 1) | G14_1(0.0) | G14_1(0.0)      | G14_1(1.0)      | G14_1(1.0)      |
+------------+------------+-----------------+-----------------+-----------------+
| ('G32', 0) | G32_0(0.0) | G32_0(1.0)      | G32_0(0.0)      | G32_0(1.0)      |
+------------+------------+-----------------+-----------------+-----------------+
| G32(0.0)   | 0.42       | 0.0046904315197 | 0.948979591837  | 0.0693779904306 |
+------------+------------+-----------------+-----------------+-----------------+
| G32(1.0)   | 0.58       | 0.99530956848   | 0.0510204081633 | 0.930622009569  |
+------------+------------+-----------------+-----------------+-----------------+
+-------------+-----------------+-----------------+
| ('G100', 1) | G100_1(0.0)     | G100_1(1.0)     |
+-------------+-----------------+-----------------+
| G35(0.0)    | 0.944444444444  | 0.0068870523416 |
+-------------+-----------------+-----------------+
| G35(1.0)    | 0.0555555555556 | 0.993112947658  |
+-------------+-----------------+-----------------+
+------------+---------------+-----------------+-----------------+---------------+
| ('G34', 0) | G34_0(0.0)    | G34_0(0.0)      | G34_0(1.0)      | G34_0(1.0)    |
+------------+---------------+-----------------+-----------------+---------------+
| ('G81', 1) | G81_1(0.0)    | G81_1(1.0)      | G81_1(0.0)      | G81_1(1.0)    |
+------------+---------------+-----------------+-----------------+---------------+
| G34(0.0)   | 0.72641509434 | 0.967532467532  | 0.0042735042735 | 0.10396039604 |
+------------+---------------+-----------------+-----------------+---------------+
| G34(1.0)   | 0.27358490566 | 0.0324675324675 | 0.995726495726  | 0.89603960396 |
+------------+---------------+-----------------+-----------------+---------------+
+-------------+-----------------+----------------+-----------------+------------------+
| ('G100', 0) | G100_0(0.0)     | G100_0(0.0)    | G100_0(1.0)     | G100_0(1.0)      |
+-------------+-----------------+----------------+-----------------+------------------+
| ('G25', 0)  | G25_0(0.0)      | G25_0(1.0)     | G25_0(0.0)      | G25_0(1.0)       |
+-------------+-----------------+----------------+-----------------+------------------+
| G37(0.0)    | 0.965753424658  | 0.382352941176 | 0.0344262295082 | 0.00593824228029 |
+-------------+-----------------+----------------+-----------------+------------------+
| G37(1.0)    | 0.0342465753425 | 0.617647058824 | 0.965573770492  | 0.99406175772    |
+-------------+-----------------+----------------+-----------------+------------------+
+------------+-----------------+-----------------+----------------+----------------+
| ('G1', 1)  | G1_1(0.0)       | G1_1(0.0)       | G1_1(1.0)      | G1_1(1.0)      |
+------------+-----------------+-----------------+----------------+----------------+
| ('G36', 0) | G36_0(0.0)      | G36_0(1.0)      | G36_0(0.0)     | G36_0(1.0)     |
+------------+-----------------+-----------------+----------------+----------------+
| G36(0.0)   | 0.93137254902   | 0.0172413793103 | 0.688679245283 | 0.341897233202 |
+------------+-----------------+-----------------+----------------+----------------+
| G36(1.0)   | 0.0686274509804 | 0.98275862069   | 0.311320754717 | 0.658102766798 |
+------------+-----------------+-----------------+----------------+----------------+
+------------+-----------------+----------------+----------------+----------------+
| ('G15', 0) | G15_0(0.0)      | G15_0(0.0)     | G15_0(1.0)     | G15_0(1.0)     |
+------------+-----------------+----------------+----------------+----------------+
| ('G51', 1) | G51_1(0.0)      | G51_1(1.0)     | G51_1(0.0)     | G51_1(1.0)     |
+------------+-----------------+----------------+----------------+----------------+
| G39(0.0)   | 0.0675675675676 | 0.669491525424 | 0.391891891892 | 0.053982300885 |
+------------+-----------------+----------------+----------------+----------------+
| G39(1.0)   | 0.932432432432  | 0.330508474576 | 0.608108108108 | 0.946017699115 |
+------------+-----------------+----------------+----------------+----------------+
+------------+----------------+----------------+----------------+-----------------+
| ('G48', 1) | G48_1(0.0)     | G48_1(0.0)     | G48_1(1.0)     | G48_1(1.0)      |
+------------+----------------+----------------+----------------+-----------------+
| ('G60', 1) | G60_1(0.0)     | G60_1(1.0)     | G60_1(0.0)     | G60_1(1.0)      |
+------------+----------------+----------------+----------------+-----------------+
| G38(0.0)   | 0.010333863275 | 0.184210526316 | 0.704081632653 | 0.969135802469  |
+------------+----------------+----------------+----------------+-----------------+
| G38(1.0)   | 0.989666136725 | 0.815789473684 | 0.295918367347 | 0.0308641975309 |
+------------+----------------+----------------+----------------+-----------------+
+-----------+----------------+----------------+-----------------+-----------------+
| ('G4', 1) | G4_1(0.0)      | G4_1(0.0)      | G4_1(1.0)       | G4_1(1.0)       |
+-----------+----------------+----------------+-----------------+-----------------+
| ('G9', 1) | G9_1(0.0)      | G9_1(1.0)      | G9_1(0.0)       | G9_1(1.0)       |
+-----------+----------------+----------------+-----------------+-----------------+
| G84(0.0)  | 0.409502262443 | 0.781167108753 | 0.0609756097561 | 0.0367231638418 |
+-----------+----------------+----------------+-----------------+-----------------+
| G84(1.0)  | 0.590497737557 | 0.218832891247 | 0.939024390244  | 0.963276836158  |
+-----------+----------------+----------------+-----------------+-----------------+
+------------+-----------------+----------------+----------------+-----------------+
| ('G49', 0) | G49_0(0.0)      | G49_0(0.0)     | G49_0(1.0)     | G49_0(1.0)      |
+------------+-----------------+----------------+----------------+-----------------+
| ('G85', 0) | G85_0(0.0)      | G85_0(1.0)     | G85_0(0.0)     | G85_0(1.0)      |
+------------+-----------------+----------------+----------------+-----------------+
| G85(0.0)   | 0.959016393443  | 0.362068965517 | 0.459183673469 | 0.0273264401773 |
+------------+-----------------+----------------+----------------+-----------------+
| G85(1.0)   | 0.0409836065574 | 0.637931034483 | 0.540816326531 | 0.972673559823  |
+------------+-----------------+----------------+----------------+-----------------+
+------------+-----------------+----------------+----------------+------------------+
| ('G35', 1) | G35_1(0.0)      | G35_1(0.0)     | G35_1(1.0)     | G35_1(1.0)       |
+------------+-----------------+----------------+----------------+------------------+
| ('G86', 0) | G86_0(0.0)      | G86_0(1.0)     | G86_0(0.0)     | G86_0(1.0)       |
+------------+-----------------+----------------+----------------+------------------+
| G86(0.0)   | 0.939024390244  | 0.132653061224 | 0.277777777778 | 0.00348675034868 |
+------------+-----------------+----------------+----------------+------------------+
| G86(1.0)   | 0.0609756097561 | 0.867346938776 | 0.722222222222 | 0.996513249651   |
+------------+-----------------+----------------+----------------+------------------+
+------------+----------------+---------------+---------------+-----------------+
| ('G56', 1) | G56_1(0.0)     | G56_1(0.0)    | G56_1(1.0)    | G56_1(1.0)      |
+------------+----------------+---------------+---------------+-----------------+
| ('G87', 0) | G87_0(0.0)     | G87_0(1.0)    | G87_0(0.0)    | G87_0(1.0)      |
+------------+----------------+---------------+---------------+-----------------+
| G87(0.0)   | 0.856807511737 | 0.39417989418 | 0.59696969697 | 0.0903614457831 |
+------------+----------------+---------------+---------------+-----------------+
| G87(1.0)   | 0.143192488263 | 0.60582010582 | 0.40303030303 | 0.909638554217  |
+------------+----------------+---------------+---------------+-----------------+
+------------+-----------------+-----------------+----------------+------------------+
| ('G12', 1) | G12_1(0.0)      | G12_1(0.0)      | G12_1(1.0)     | G12_1(1.0)       |
+------------+-----------------+-----------------+----------------+------------------+
| ('G80', 0) | G80_0(0.0)      | G80_0(1.0)      | G80_0(0.0)     | G80_0(1.0)       |
+------------+-----------------+-----------------+----------------+------------------+
| G80(0.0)   | 0.939024390244  | 0.0844155844156 | 0.277777777778 | 0.00362844702467 |
+------------+-----------------+-----------------+----------------+------------------+
| G80(1.0)   | 0.0609756097561 | 0.915584415584  | 0.722222222222 | 0.996371552975   |
+------------+-----------------+-----------------+----------------+------------------+
+------------+-----------------+-----------------+------------+----------------+
| ('G34', 0) | G34_0(0.0)      | G34_0(0.0)      | G34_0(1.0) | G34_0(1.0)     |
+------------+-----------------+-----------------+------------+----------------+
| ('G60', 1) | G60_1(0.0)      | G60_1(1.0)      | G60_1(0.0) | G60_1(1.0)     |
+------------+-----------------+-----------------+------------+----------------+
| G81(0.0)   | 0.952830188679  | 0.0324675324675 | 0.8744     | 0.631147540984 |
+------------+-----------------+-----------------+------------+----------------+
| G81(1.0)   | 0.0471698113208 | 0.967532467532  | 0.1256     | 0.368852459016 |
+------------+-----------------+-----------------+------------+----------------+
+------------+-----------------+----------------+------------+-----------------+
| ('G78', 0) | G78_0(0.0)      | G78_0(0.0)     | G78_0(1.0) | G78_0(1.0)      |
+------------+-----------------+----------------+------------+-----------------+
| ('G95', 1) | G95_1(0.0)      | G95_1(1.0)     | G95_1(0.0) | G95_1(1.0)      |
+------------+-----------------+----------------+------------+-----------------+
| G82(0.0)   | 0.929530201342  | 0.158536585366 | 0.148      | 0.0289421157685 |
+------------+-----------------+----------------+------------+-----------------+
| G82(1.0)   | 0.0704697986577 | 0.841463414634 | 0.852      | 0.971057884232  |
+------------+-----------------+----------------+------------+-----------------+
+------------+-----------------+----------------+----------------+-----------------+
| ('G3', 1)  | G3_1(0.0)       | G3_1(0.0)      | G3_1(1.0)      | G3_1(1.0)       |
+------------+-----------------+----------------+----------------+-----------------+
| ('G83', 0) | G83_0(0.0)      | G83_0(1.0)     | G83_0(0.0)     | G83_0(1.0)      |
+------------+-----------------+----------------+----------------+-----------------+
| G83(0.0)   | 0.989038785835  | 0.344155844156 | 0.731884057971 | 0.0324675324675 |
+------------+-----------------+----------------+----------------+-----------------+
| G83(1.0)   | 0.0109612141653 | 0.655844155844 | 0.268115942029 | 0.967532467532  |
+------------+-----------------+----------------+----------------+-----------------+
+------------+----------------+----------------+-----------------+------------+
| ('G75', 0) | G75_0(0.0)     | G75_0(0.0)     | G75_0(1.0)      | G75_0(1.0) |
+------------+----------------+----------------+-----------------+------------+
| ('G88', 0) | G88_0(0.0)     | G88_0(1.0)     | G88_0(0.0)      | G88_0(1.0) |
+------------+----------------+----------------+-----------------+------------+
| G88(0.0)   | 0.690871369295 | 0.127906976744 | 0.98322147651   | 0.276      |
+------------+----------------+----------------+-----------------+------------+
| G88(1.0)   | 0.309128630705 | 0.872093023256 | 0.0167785234899 | 0.724      |
+------------+----------------+----------------+-----------------+------------+
+------------+----------------+----------------+----------------+----------------+
| ('G71', 1) | G71_1(0.0)     | G71_1(0.0)     | G71_1(1.0)     | G71_1(1.0)     |
+------------+----------------+----------------+----------------+----------------+
| ('G89', 0) | G89_0(0.0)     | G89_0(1.0)     | G89_0(0.0)     | G89_0(1.0)     |
+------------+----------------+----------------+----------------+----------------+
| G89(0.0)   | 0.670212765957 | 0.223905723906 | 0.210144927536 | 0.111650485437 |
+------------+----------------+----------------+----------------+----------------+
| G89(1.0)   | 0.329787234043 | 0.776094276094 | 0.789855072464 | 0.888349514563 |
+------------+----------------+----------------+----------------+----------------+
[('G42', 'G44'), ('G11', 'G91'), ('G56', 'G56'), ('G1', 'G4'), ('G1', 'G36'), ('G67', 'G67'), ('G29', 'G28'), ('G75', 'G75'), ('G75', 'G88'), ('G14', 'G78'), ('G14', 'G14'), ('G95', 'G95'), ('G36', 'G56'), ('G36', 'G76'), ('G36', 'G36'), ('G4', 'G2'), ('G4', 'G4'), ('G49', 'G85'), ('G49', 'G49'), ('G49', 'G18'), ('G54', 'G54'), ('G81', 'G34'), ('G38', 'G23'), ('G38', 'G15'), ('G20', 'G20'), ('G12', 'G12'), ('G46', 'G46'), ('G86', 'G86'), ('G99', 'G93'), ('G99', 'G33'), ('G60', 'G81'), ('G60', 'G38'), ('G39', 'G22'), ('G25', 'G55'), ('G25', 'G50'), ('G25', 'G41'), ('G96', 'G5'), ('G71', 'G71'), ('G88', 'G67'), ('G100', 'G35'), ('G31', 'G31'), ('G31', 'G69'), ('G31', 'G71'), ('G80', 'G80'), ('G97', 'G44'), ('G18', 'G73'), ('G69', 'G69'), ('G23', 'G45'), ('G23', 'G64'), ('G73', 'G74'), ('G45', 'G94'), ('G45', 'G68'), ('G29', 'G29'), ('G85', 'G26'), ('G75', 'G30'), ('G33', 'G33'), ('G9', 'G9'), ('G92', 'G96'), ('G19', 'G13'), ('G82', 'G46'), ('G82', 'G95'), ('G95', 'G82'), ('G51', 'G26'), ('G51', 'G51'), ('G21', 'G31'), ('G60', 'G60'), ('G44', 'G73'), ('G78', 'G82'), ('G27', 'G27'), ('G27', 'G65'), ('G35', 'G100'), ('G38', 'G48'), ('G38', 'G43'), ('G38', 'G79'), ('G38', 'G42'), ('G7', 'G7'), ('G41', 'G25'), ('G41', 'G41'), ('G89', 'G89'), ('G57', 'G57'), ('G57', 'G52'), ('G57', 'G21'), ('G66', 'G66'), ('G13', 'G52'), ('G30', 'G11'), ('G25', 'G37'), ('G25', 'G25'), ('G15', 'G39'), ('G15', 'G15'), ('G96', 'G96'), ('G71', 'G89'), ('G63', 'G20'), ('G72', 'G75'), ('G72', 'G14'), ('G43', 'G43'), ('G43', 'G47'), ('G48', 'G6'), ('G55', 'G55'), ('G55', 'G59'), ('G58', 'G58'), ('G64', 'G6'), ('G80', 'G79'), ('G28', 'G10'), ('G18', 'G18'), ('G23', 'G40'), ('G23', 'G23'), ('G23', 'G9'), ('G13', 'G19'), ('G94', 'G94'), ('G94', 'G13'), ('G94', 'G63'), ('G3', 'G1'), ('G3', 'G3'), ('G61', 'G72'), ('G45', 'G45'), ('G45', 'G61'), ('G45', 'G90'), ('G85', 'G85'), ('G33', 'G11'), ('G9', 'G84'), ('G9', 'G59'), ('G90', 'G7'), ('G82', 'G78'), ('G51', 'G39'), ('G51', 'G53'), ('G21', 'G21'), ('G92', 'G92'), ('G56', 'G19'), ('G56', 'G76'), ('G56', 'G87'), ('G1', 'G1'), ('G1', 'G5'), ('G87', 'G87'), ('G66', 'G62'), ('G35', 'G86'), ('G20', 'G62'), ('G20', 'G30'), ('G68', 'G68'), ('G14', 'G99'), ('G14', 'G32'), ('G14', 'G49'), ('G14', 'G24'), ('G70', 'G70'), ('G4', 'G84'), ('G4', 'G22'), ('G4', 'G8'), ('G90', 'G17'), ('G90', 'G91'), ('G90', 'G90'), ('G28', 'G17'), ('G28', 'G28'), ('G5', 'G3'), ('G12', 'G80'), ('G12', 'G66'), ('G63', 'G2'), ('G63', 'G63'), ('G72', 'G72'), ('G48', 'G38'), ('G55', 'G57'), ('G55', 'G60'), ('G31', 'G29'), ('G99', 'G99'), ('G32', 'G64'), ('G32', 'G32'), ('G8', 'G8'), ('G41', 'G12'), ('G40', 'G40'), ('G40', 'G51'), ('G83', 'G83'), ('G88', 'G88'), ('G50', 'G50'), ('G50', 'G27'), ('G3', 'G83'), ('G61', 'G61'), ('G61', 'G54'), ('G100', 'G37'), ('G15', 'G70'), ('G15', 'G92'), ('G24', 'G24'), ('G16', 'G16'), ('G97', 'G97'), ('G97', 'G98'), ('G97', 'G47'), ('G97', 'G10'), ('G34', 'G34'), ('G34', 'G81')]
