[('G24', 'G50'), ('G24', 'G79'), ('G29', 'G58'), ('G4', 'G58'), ('G3', 'G31'), ('G2', 'G17'), ('G57', 'G97'), ('G57', 'G33'), ('G57', 'G3'), ('G55', 'G84'), ('G55', 'G2'), ('G55', 'G67'), ('G54', 'G67'), ('G40', 'G24'), ('G40', 'G65'), ('G79', 'G60'), ('G79', 'G3'), ('G68', 'G40'), ('G60', 'G97'), ('G60', 'G96'), ('G60', 'G84'), ('G67', 'G29'), ('G17', 'G96'), ('G97', 'G4'), ('G97', 'G81'), ('G33', 'G86'), ('G33', 'G68'), ('G84', 'G35'), ('G84', 'G2'), ('G86', 'G55'), ('G81', 'G50'), ('G81', 'G54')]
+----------+---+
| G26(1.0) | 1 |
+----------+---+
+----------+---+
| G27(1.0) | 1 |
+----------+---+
+----------+----------------+----------------+
| G40      | G40(0.0)       | G40(1.0)       |
+----------+----------------+----------------+
| G24(0.0) | 0.590909090909 | 0.868421052632 |
+----------+----------------+----------------+
| G24(1.0) | 0.409090909091 | 0.131578947368 |
+----------+----------------+----------------+
+----------+---+
| G25(0.0) | 1 |
+----------+---+
+----------+---+
| G22(0.0) | 1 |
+----------+---+
+----------+---+
| G23(0.0) | 1 |
+----------+---+
+----------+---+
| G20(0.0) | 1 |
+----------+---+
+----------+---+
| G21(0.0) | 1 |
+----------+---+
+----------+---+
| G28(1.0) | 1 |
+----------+---+
+----------+----------+----------------+
| G67      | G67(0.0) | G67(1.0)       |
+----------+----------+----------------+
| G29(0.0) | 0.5      | 0.880952380952 |
+----------+----------+----------------+
| G29(1.0) | 0.5      | 0.119047619048 |
+----------+----------+----------------+
+---------+---+
| G7(1.0) | 1 |
+---------+---+
+---------+---+
| G6(0.0) | 1 |
+---------+---+
+---------+---+
| G5(1.0) | 1 |
+---------+---+
+---------+----------+----------------+
| G97     | G97(0.0) | G97(1.0)       |
+---------+----------+----------------+
| G4(0.0) | 0.5      | 0.119047619048 |
+---------+----------+----------------+
| G4(1.0) | 0.5      | 0.880952380952 |
+---------+----------+----------------+
+---------+----------------+----------+----------------+----------------+
| G57     | G57(0.0)       | G57(0.0) | G57(1.0)       | G57(1.0)       |
+---------+----------------+----------+----------------+----------------+
| G79     | G79(0.0)       | G79(1.0) | G79(0.0)       | G79(1.0)       |
+---------+----------------+----------+----------------+----------------+
| G3(0.0) | 0.119047619048 | 0.5      | 0.880952380952 | 0.192307692308 |
+---------+----------------+----------+----------------+----------------+
| G3(1.0) | 0.880952380952 | 0.5      | 0.119047619048 | 0.807692307692 |
+---------+----------------+----------+----------------+----------------+
+---------+-----------------+----------+----------------+----------------+
| G55     | G55(0.0)        | G55(0.0) | G55(1.0)       | G55(1.0)       |
+---------+-----------------+----------+----------------+----------------+
| G84     | G84(0.0)        | G84(1.0) | G84(0.0)       | G84(1.0)       |
+---------+-----------------+----------+----------------+----------------+
| G2(0.0) | 0.0862068965517 | 0.5      | 0.807692307692 | 0.192307692308 |
+---------+-----------------+----------+----------------+----------------+
| G2(1.0) | 0.913793103448  | 0.5      | 0.192307692308 | 0.807692307692 |
+---------+-----------------+----------+----------------+----------------+
+---------+---+
| G1(0.0) | 1 |
+---------+---+
+---------+---+
| G9(0.0) | 1 |
+---------+---+
+---------+---+
| G8(1.0) | 1 |
+---------+---+
+----------+---+
| G53(1.0) | 1 |
+----------+---+
+----------+---+
| G52(1.0) | 1 |
+----------+---+
+----------+---+
| G51(1.0) | 1 |
+----------+---+
+----------+----------------+-----------------+----------+----------------+
| G24      | G24(0.0)       | G24(0.0)        | G24(1.0) | G24(1.0)       |
+----------+----------------+-----------------+----------+----------------+
| G81      | G81(0.0)       | G81(1.0)        | G81(0.0) | G81(1.0)       |
+----------+----------------+-----------------+----------+----------------+
| G50(0.0) | 0.277777777778 | 0.932432432432  | 0.5      | 0.277777777778 |
+----------+----------------+-----------------+----------+----------------+
| G50(1.0) | 0.722222222222 | 0.0675675675676 | 0.5      | 0.722222222222 |
+----------+----------------+-----------------+----------+----------------+
+----------+----------+
| G57(0.0) | 0.433333 |
+----------+----------+
| G57(1.0) | 0.566667 |
+----------+----------+
+----------+---+
| G56(1.0) | 1 |
+----------+---+
+----------+----------------+----------------+
| G86      | G86(0.0)       | G86(1.0)       |
+----------+----------------+----------------+
| G55(0.0) | 0.690476190476 | 0.277777777778 |
+----------+----------------+----------------+
| G55(1.0) | 0.309523809524 | 0.722222222222 |
+----------+----------------+----------------+
+----------+----------------+----------------+
| G81      | G81(0.0)       | G81(1.0)       |
+----------+----------------+----------------+
| G54(0.0) | 0.642857142857 | 0.282608695652 |
+----------+----------------+----------------+
| G54(1.0) | 0.357142857143 | 0.717391304348 |
+----------+----------------+----------------+
+----------+---+
| G59(0.0) | 1 |
+----------+---+
+----------+----------------+-----------------+----------+----------------+
| G29      | G29(0.0)       | G29(0.0)        | G29(1.0) | G29(1.0)       |
+----------+----------------+-----------------+----------+----------------+
| G4       | G4(0.0)        | G4(1.0)         | G4(0.0)  | G4(1.0)        |
+----------+----------------+-----------------+----------+----------------+
| G58(0.0) | 0.722222222222 | 0.0675675675676 | 0.5      | 0.722222222222 |
+----------+----------------+-----------------+----------+----------------+
| G58(1.0) | 0.277777777778 | 0.932432432432  | 0.5      | 0.277777777778 |
+----------+----------------+-----------------+----------+----------------+
+----------+----------------+----------------+
| G68      | G68(0.0)       | G68(1.0)       |
+----------+----------------+----------------+
| G40(0.0) | 0.166666666667 | 0.566666666667 |
+----------+----------------+----------------+
| G40(1.0) | 0.833333333333 | 0.433333333333 |
+----------+----------------+----------------+
+----------+---+
| G41(0.0) | 1 |
+----------+---+
+----------+---+
| G42(1.0) | 1 |
+----------+---+
+----------+---+
| G43(1.0) | 1 |
+----------+---+
+----------+---+
| G44(1.0) | 1 |
+----------+---+
+----------+---+
| G45(1.0) | 1 |
+----------+---+
+----------+---+
| G46(1.0) | 1 |
+----------+---+
+----------+---+
| G47(1.0) | 1 |
+----------+---+
+----------+---+
| G48(1.0) | 1 |
+----------+---+
+----------+---+
| G49(1.0) | 1 |
+----------+---+
+----------+---+
| G75(1.0) | 1 |
+----------+---+
+----------+---+
| G74(0.0) | 1 |
+----------+---+
+----------+---+
| G77(0.0) | 1 |
+----------+---+
+----------+---+
| G76(1.0) | 1 |
+----------+---+
+----------+---+
| G71(0.0) | 1 |
+----------+---+
+----------+---+
| G70(0.0) | 1 |
+----------+---+
+----------+---+
| G73(0.0) | 1 |
+----------+---+
+----------+---+
| G72(0.0) | 1 |
+----------+---+
+----------+----------------+----------------+
| G24      | G24(0.0)       | G24(1.0)       |
+----------+----------------+----------------+
| G79(0.0) | 0.804347826087 | 0.357142857143 |
+----------+----------------+----------------+
| G79(1.0) | 0.195652173913 | 0.642857142857 |
+----------+----------------+----------------+
+----------+---+
| G78(0.0) | 1 |
+----------+---+
+----------+----------------+----------------+
| G33      | G33(0.0)       | G33(1.0)       |
+----------+----------------+----------------+
| G68(0.0) | 0.342105263158 | 0.772727272727 |
+----------+----------------+----------------+
| G68(1.0) | 0.657894736842 | 0.227272727273 |
+----------+----------------+----------------+
+----------+---+
| G69(1.0) | 1 |
+----------+---+
+----------+---+
| G62(1.0) | 1 |
+----------+---+
+----------+---+
| G63(1.0) | 1 |
+----------+---+
+----------+----------------+----------------+
| G79      | G79(0.0)       | G79(1.0)       |
+----------+----------------+----------------+
| G60(0.0) | 0.595238095238 | 0.277777777778 |
+----------+----------------+----------------+
| G60(1.0) | 0.404761904762 | 0.722222222222 |
+----------+----------------+----------------+
+----------+---+
| G61(0.0) | 1 |
+----------+---+
+----------+---+
| G66(1.0) | 1 |
+----------+---+
+----------+----------------+----------------+----------+----------------+
| G54      | G54(0.0)       | G54(0.0)       | G54(1.0) | G54(1.0)       |
+----------+----------------+----------------+----------+----------------+
| G55      | G55(0.0)       | G55(1.0)       | G55(0.0) | G55(1.0)       |
+----------+----------------+----------------+----------+----------------+
| G67(0.0) | 0.277777777778 | 0.192307692308 | 0.1      | 0.807692307692 |
+----------+----------------+----------------+----------+----------------+
| G67(1.0) | 0.722222222222 | 0.807692307692 | 0.9      | 0.192307692308 |
+----------+----------------+----------------+----------+----------------+
+----------+---+
| G64(1.0) | 1 |
+----------+---+
+----------+----------------+----------------+
| G40      | G40(0.0)       | G40(1.0)       |
+----------+----------------+----------------+
| G65(0.0) | 0.409090909091 | 0.131578947368 |
+----------+----------------+----------------+
| G65(1.0) | 0.590909090909 | 0.868421052632 |
+----------+----------------+----------------+
+-----------+---+
| G100(1.0) | 1 |
+-----------+---+
+----------+---+
| G19(0.0) | 1 |
+----------+---+
+----------+---+
| G18(1.0) | 1 |
+----------+---+
+----------+----------------+----------------+
| G2       | G2(0.0)        | G2(1.0)        |
+----------+----------------+----------------+
| G17(0.0) | 0.722222222222 | 0.404761904762 |
+----------+----------------+----------------+
| G17(1.0) | 0.277777777778 | 0.595238095238 |
+----------+----------------+----------------+
+----------+---+
| G16(0.0) | 1 |
+----------+---+
+----------+---+
| G15(0.0) | 1 |
+----------+---+
+----------+---+
| G14(0.0) | 1 |
+----------+---+
+----------+---+
| G13(0.0) | 1 |
+----------+---+
+----------+---+
| G12(1.0) | 1 |
+----------+---+
+----------+---+
| G11(0.0) | 1 |
+----------+---+
+----------+---+
| G10(1.0) | 1 |
+----------+---+
+----------+----------------+----------------+----------------+----------------+
| G57      | G57(0.0)       | G57(0.0)       | G57(1.0)       | G57(1.0)       |
+----------+----------------+----------------+----------------+----------------+
| G60      | G60(0.0)       | G60(1.0)       | G60(0.0)       | G60(1.0)       |
+----------+----------------+----------------+----------------+----------------+
| G97(0.0) | 0.807692307692 | 0.192307692308 | 0.147058823529 | 0.147058823529 |
+----------+----------------+----------------+----------------+----------------+
| G97(1.0) | 0.192307692308 | 0.807692307692 | 0.852941176471 | 0.852941176471 |
+----------+----------------+----------------+----------------+----------------+
+----------+----------------+----------------+----------------+----------------+
| G17      | G17(0.0)       | G17(0.0)       | G17(1.0)       | G17(1.0)       |
+----------+----------------+----------------+----------------+----------------+
| G60      | G60(0.0)       | G60(1.0)       | G60(0.0)       | G60(1.0)       |
+----------+----------------+----------------+----------------+----------------+
| G96(0.0) | 0.147058823529 | 0.807692307692 | 0.192307692308 | 0.147058823529 |
+----------+----------------+----------------+----------------+----------------+
| G96(1.0) | 0.852941176471 | 0.192307692308 | 0.807692307692 | 0.852941176471 |
+----------+----------------+----------------+----------------+----------------+
+----------+---+
| G95(1.0) | 1 |
+----------+---+
+----------+---+
| G94(1.0) | 1 |
+----------+---+
+----------+---+
| G93(1.0) | 1 |
+----------+---+
+----------+---+
| G92(1.0) | 1 |
+----------+---+
+----------+---+
| G91(1.0) | 1 |
+----------+---+
+----------+---+
| G90(1.0) | 1 |
+----------+---+
+----------+---+
| G99(1.0) | 1 |
+----------+---+
+----------+---+
| G98(1.0) | 1 |
+----------+---+
+----------+----------------+---------+
| G3       | G3(0.0)        | G3(1.0) |
+----------+----------------+---------+
| G31(0.0) | 0.192307692308 | 0.5     |
+----------+----------------+---------+
| G31(1.0) | 0.807692307692 | 0.5     |
+----------+----------------+---------+
+----------+---+
| G30(1.0) | 1 |
+----------+---+
+----------+----------------+----------------+
| G57      | G57(0.0)       | G57(1.0)       |
+----------+----------------+----------------+
| G33(0.0) | 0.346153846154 | 0.852941176471 |
+----------+----------------+----------------+
| G33(1.0) | 0.653846153846 | 0.147058823529 |
+----------+----------------+----------------+
+----------+---+
| G32(0.0) | 1 |
+----------+---+
+----------+----------------+----------+
| G84      | G84(0.0)       | G84(1.0) |
+----------+----------------+----------+
| G35(0.0) | 0.119047619048 | 0.5      |
+----------+----------------+----------+
| G35(1.0) | 0.880952380952 | 0.5      |
+----------+----------------+----------+
+----------+---+
| G34(0.0) | 1 |
+----------+---+
+----------+---+
| G37(1.0) | 1 |
+----------+---+
+----------+---+
| G36(1.0) | 1 |
+----------+---+
+----------+---+
| G39(0.0) | 1 |
+----------+---+
+----------+---+
| G38(0.0) | 1 |
+----------+---+
+----------+----------------+----------------+----------------+----------------+
| G55      | G55(0.0)       | G55(0.0)       | G55(1.0)       | G55(1.0)       |
+----------+----------------+----------------+----------------+----------------+
| G60      | G60(0.0)       | G60(1.0)       | G60(0.0)       | G60(1.0)       |
+----------+----------------+----------------+----------------+----------------+
| G84(0.0) | 0.852941176471 | 0.852941176471 | 0.807692307692 | 0.192307692308 |
+----------+----------------+----------------+----------------+----------------+
| G84(1.0) | 0.147058823529 | 0.147058823529 | 0.192307692308 | 0.807692307692 |
+----------+----------------+----------------+----------------+----------------+
+----------+---+
| G85(1.0) | 1 |
+----------+---+
+----------+----------------+----------------+
| G33      | G33(0.0)       | G33(1.0)       |
+----------+----------------+----------------+
| G86(0.0) | 0.868421052632 | 0.409090909091 |
+----------+----------------+----------------+
| G86(1.0) | 0.131578947368 | 0.590909090909 |
+----------+----------------+----------------+
+----------+---+
| G87(0.0) | 1 |
+----------+---+
+----------+---+
| G80(0.0) | 1 |
+----------+---+
+----------+----------+----------------+
| G97      | G97(0.0) | G97(1.0)       |
+----------+----------+----------------+
| G81(0.0) | 0.5      | 0.119047619048 |
+----------+----------+----------------+
| G81(1.0) | 0.5      | 0.880952380952 |
+----------+----------+----------------+
+----------+---+
| G82(0.0) | 1 |
+----------+---+
+----------+---+
| G83(1.0) | 1 |
+----------+---+
+----------+---+
| G88(0.0) | 1 |
+----------+---+
+----------+---+
| G89(0.0) | 1 |
+----------+---+
[(('G42', 0), ('G42', 1)), (('G56', 0), ('G56', 1)), (('G59', 0), ('G59', 1)), (('G1', 1), ('G60', 1)), (('G67', 0), ('G67', 1)), (('G75', 0), ('G75', 1)), (('G19', 0), ('G19', 1)), (('G19', 0), ('G58', 1)), (('G19', 0), ('G38', 1)), (('G19', 0), ('G96', 1)), (('G22', 0), ('G22', 1)), (('G36', 0), ('G37', 1)), (('G36', 0), ('G36', 1)), (('G4', 0), ('G4', 1)), (('G49', 0), ('G49', 1)), (('G84', 0), ('G84', 1)), (('G65', 0), ('G65', 1)), (('G27', 1), ('G17', 1)), (('G27', 1), ('G34', 1)), (('G98', 1), ('G21', 1)), (('G77', 0), ('G77', 1)), (('G12', 0), ('G12', 1)), (('G12', 0), ('G57', 1)), (('G12', 0), ('G70', 1)), (('G93', 0), ('G9', 1)), (('G93', 0), ('G93', 1)), (('G93', 0), ('G95', 1)), (('G2', 0), ('G2', 1)), (('G2', 0), ('G82', 1)), (('G46', 0), ('G84', 1)), (('G46', 0), ('G47', 1)), (('G46', 0), ('G53', 1)), (('G46', 0), ('G49', 1)), (('G46', 0), ('G18', 1)), (('G46', 0), ('G46', 1)), (('G26', 1), ('G28', 1)), (('G26', 1), ('G73', 1)), (('G26', 1), ('G30', 1)), (('G96', 1), ('G83', 1)), (('G71', 0), ('G71', 1)), (('G43', 1), ('G64', 1)), (('G43', 1), ('G94', 1)), (('G43', 1), ('G9', 1)), (('G10', 0), ('G31', 1)), (('G10', 0), ('G44', 1)), (('G10', 0), ('G38', 1)), (('G10', 0), ('G10', 1)), (('G91', 0), ('G92', 1)), (('G91', 0), ('G91', 1)), (('G91', 0), ('G14', 1)), (('G31', 0), ('G31', 1)), (('G74', 1), ('G91', 1)), (('G74', 1), ('G47', 1)), (('G53', 0), ('G57', 1)), (('G53', 0), ('G86', 1)), (('G18', 1), ('G52', 1)), (('G69', 0), ('G69', 1)), (('G69', 0), ('G68', 1)), (('G23', 1), ('G24', 1)), (('G62', 0), ('G62', 1)), (('G42', 1), ('G36', 1)), (('G19', 1), ('G17', 1)), (('G82', 0), ('G15', 1)), (('G51', 0), ('G51', 1)), (('G60', 0), ('G60', 1)), (('G47', 1), ('G3', 1)), (('G27', 0), ('G27', 1)), (('G98', 0), ('G99', 1)), (('G98', 0), ('G98', 1)), (('G77', 1), ('G55', 1)), (('G35', 0), ('G55', 1)), (('G35', 0), ('G35', 1)), (('G38', 0), ('G20', 1)), (('G7', 0), ('G7', 1)), (('G41', 0), ('G41', 1)), (('G93', 1), ('G78', 1)), (('G89', 0), ('G62', 1)), (('G89', 0), ('G89', 1)), (('G66', 0), ('G66', 1)), (('G30', 1), ('G34', 1)), (('G25', 0), ('G25', 1)), (('G71', 1), ('G1', 1)), (('G71', 1), ('G42', 1)), (('G37', 0), ('G37', 1)), (('G37', 0), ('G71', 1)), (('G37', 0), ('G74', 1)), (('G37', 0), ('G29', 1)), (('G37', 0), ('G72', 1)), (('G37', 0), ('G69', 1)), (('G5', 0), ('G2', 1)), (('G5', 0), ('G5', 1)), (('G63', 1), ('G79', 1)), (('G43', 0), ('G45', 1)), (('G43', 0), ('G43', 1)), (('G43', 0), ('G44', 1)), (('G91', 1), ('G43', 1)), (('G91', 1), ('G10', 1)), (('G64', 0), ('G64', 1)), (('G64', 0), ('G63', 1)), (('G74', 0), ('G23', 1)), (('G74', 0), ('G74', 1)), (('G28', 1), ('G54', 1)), (('G53', 1), ('G22', 1)), (('G18', 0), ('G18', 1)), (('G23', 0), ('G23', 1)), (('G94', 0), ('G94', 1)), (('G94', 0), ('G79', 1)), (('G94', 0), ('G95', 1)), (('G73', 1), ('G89', 1)), (('G50', 1), ('G33', 1)), (('G61', 1), ('G86', 1)), (('G45', 0), ('G45', 1)), (('G85', 0), ('G19', 1)), (('G85', 0), ('G87', 1)), (('G85', 0), ('G88', 1)), (('G83', 1), ('G90', 1)), (('G62', 1), ('G33', 1)), (('G9', 1), ('G93', 1)), (('G90', 1), ('G100', 1)), (('G90', 1), ('G39', 1)), (('G76', 0), ('G76', 1)), (('G51', 1), ('G50', 1)), (('G21', 0), ('G81', 1)), (('G21', 0), ('G99', 1)), (('G21', 0), ('G21', 1)), (('G92', 0), ('G92', 1)), (('G56', 1), ('G14', 1)), (('G1', 0), ('G1', 1)), (('G1', 0), ('G29', 1)), (('G47', 0), ('G52', 1)), (('G87', 0), ('G87', 1)), (('G66', 1), ('G75', 1)), (('G66', 1), ('G61', 1)), (('G20', 1), ('G80', 1)), (('G49', 1), ('G58', 1)), (('G49', 1), ('G68', 1)), (('G36', 1), ('G16', 1)), (('G36', 1), ('G5', 1)), (('G57', 1), ('G65', 1)), (('G90', 0), ('G90', 1)), (('G28', 0), ('G28', 1)), (('G54', 1), ('G40', 1)), (('G30', 0), ('G30', 1)), (('G65', 1), ('G8', 1)), (('G81', 0), ('G81', 1)), (('G52', 0), ('G48', 1)), (('G5', 1), ('G98', 1)), (('G63', 0), ('G78', 1)), (('G63', 0), ('G80', 1)), (('G63', 0), ('G63', 1)), (('G63', 0), ('G59', 1)), (('G72', 0), ('G70', 1)), (('G72', 0), ('G76', 1)), (('G72', 0), ('G77', 1)), (('G72', 0), ('G72', 1)), (('G48', 1), ('G53', 1)), (('G2', 1), ('G97', 1)), (('G31', 1), ('G4', 1)), (('G31', 1), ('G41', 1)), (('G26', 0), ('G26', 1)), (('G26', 0), ('G35', 1)), (('G26', 0), ('G27', 1)), (('G39', 0), ('G39', 1)), (('G8', 0), ('G82', 1)), (('G8', 0), ('G54', 1)), (('G8', 0), ('G8', 1)), (('G41', 1), ('G46', 1)), (('G41', 1), ('G66', 1)), (('G41', 1), ('G51', 1)), (('G83', 0), ('G97', 1)), (('G83', 0), ('G96', 1)), (('G83', 0), ('G85', 1)), (('G83', 0), ('G83', 1)), (('G88', 0), ('G61', 1)), (('G88', 0), ('G88', 1)), (('G50', 0), ('G50', 1)), (('G10', 1), ('G56', 1)), (('G10', 1), ('G12', 1)), (('G100', 0), ('G100', 1)), (('G24', 0), ('G67', 1)), (('G24', 0), ('G24', 1)), (('G16', 0), ('G16', 1)), (('G69', 1), ('G48', 1)), (('G69', 1), ('G73', 1)), (('G37', 1), ('G25', 1))]
+------------+----------------+-----------------+
| ('G26', 0) | G26_0(0.0)     | G26_0(1.0)      |
+------------+----------------+-----------------+
| G26(0.0)   | 0.792682926829 | 0.0231607629428 |
+------------+----------------+-----------------+
| G26(1.0)   | 0.207317073171 | 0.976839237057  |
+------------+----------------+-----------------+
+------------+-----------------+----------------+----------------+----------------+
| ('G26', 0) | G26_0(0.0)      | G26_0(0.0)     | G26_0(1.0)     | G26_0(1.0)     |
+------------+-----------------+----------------+----------------+----------------+
| ('G27', 0) | G27_0(0.0)      | G27_0(1.0)     | G27_0(0.0)     | G27_0(1.0)     |
+------------+-----------------+----------------+----------------+----------------+
| G27(0.0)   | 0.961538461538  | 0.617647058824 | 0.560606060606 | 0.009272467903 |
+------------+-----------------+----------------+----------------+----------------+
| G27(1.0)   | 0.0384615384615 | 0.382352941176 | 0.439393939394 | 0.990727532097 |
+------------+-----------------+----------------+----------------+----------------+
+------------+-----------------+----------------+----------------+------------------+
| ('G23', 1) | G23_1(0.0)      | G23_1(0.0)     | G23_1(1.0)     | G23_1(1.0)       |
+------------+-----------------+----------------+----------------+------------------+
| ('G24', 0) | G24_0(0.0)      | G24_0(1.0)     | G24_0(0.0)     | G24_0(1.0)       |
+------------+-----------------+----------------+----------------+------------------+
| G24(0.0)   | 0.917582417582  | 0.268786127168 | 0.565573770492 | 0.00809061488673 |
+------------+-----------------+----------------+----------------+------------------+
| G24(1.0)   | 0.0824175824176 | 0.731213872832 | 0.434426229508 | 0.991909385113   |
+------------+-----------------+----------------+----------------+------------------+
+------------+----------------+-----------------+-----------------+----------------+
| ('G25', 0) | G25_0(0.0)     | G25_0(0.0)      | G25_0(1.0)      | G25_0(1.0)     |
+------------+----------------+-----------------+-----------------+----------------+
| ('G37', 1) | G37_1(0.0)     | G37_1(1.0)      | G37_1(0.0)      | G37_1(1.0)     |
+------------+----------------+-----------------+-----------------+----------------+
| G25(0.0)   | 0.859788359788 | 0.979041916168  | 0.0730337078652 | 0.824324324324 |
+------------+----------------+-----------------+-----------------+----------------+
| G25(1.0)   | 0.140211640212 | 0.0209580838323 | 0.926966292135  | 0.175675675676 |
+------------+----------------+-----------------+-----------------+----------------+
+------------+----------------+-----------------+-----------------+----------------+
| ('G22', 0) | G22_0(0.0)     | G22_0(0.0)      | G22_0(1.0)      | G22_0(1.0)     |
+------------+----------------+-----------------+-----------------+----------------+
| ('G53', 1) | G53_1(0.0)     | G53_1(1.0)      | G53_1(0.0)      | G53_1(1.0)     |
+------------+----------------+-----------------+-----------------+----------------+
| G22(0.0)   | 0.318181818182 | 0.926666666667  | 0.0147928994083 | 0.657303370787 |
+------------+----------------+-----------------+-----------------+----------------+
| G22(1.0)   | 0.681818181818 | 0.0733333333333 | 0.985207100592  | 0.342696629213 |
+------------+----------------+-----------------+-----------------+----------------+
+------------+-----------------+----------------+----------------+-----------------+
| ('G23', 0) | G23_0(0.0)      | G23_0(0.0)     | G23_0(1.0)     | G23_0(1.0)      |
+------------+-----------------+----------------+----------------+-----------------+
| ('G74', 0) | G74_0(0.0)      | G74_0(1.0)     | G74_0(0.0)     | G74_0(1.0)      |
+------------+-----------------+----------------+----------------+-----------------+
| G23(0.0)   | 0.935207823961  | 0.391891891892 | 0.438144329897 | 0.0238095238095 |
+------------+-----------------+----------------+----------------+-----------------+
| G23(1.0)   | 0.0647921760391 | 0.608108108108 | 0.561855670103 | 0.97619047619   |
+------------+-----------------+----------------+----------------+-----------------+
+------------+------------------+----------------+
| ('G38', 0) | G38_0(0.0)       | G38_0(1.0)     |
+------------+------------------+----------------+
| G20(0.0)   | 0.993573264781   | 0.342105263158 |
+------------+------------------+----------------+
| G20(1.0)   | 0.00642673521851 | 0.657894736842 |
+------------+------------------+----------------+
+------------+----------------+------------------+-----------------+----------------+
| ('G21', 0) | G21_0(0.0)     | G21_0(0.0)       | G21_0(1.0)      | G21_0(1.0)     |
+------------+----------------+------------------+-----------------+----------------+
| ('G98', 1) | G98_1(0.0)     | G98_1(1.0)       | G98_1(0.0)      | G98_1(1.0)     |
+------------+----------------+------------------+-----------------+----------------+
| G21(0.0)   | 0.801886792453 | 0.996263079223   | 0.0324675324675 | 0.617647058824 |
+------------+----------------+------------------+-----------------+----------------+
| G21(1.0)   | 0.198113207547 | 0.00373692077728 | 0.967532467532  | 0.382352941176 |
+------------+----------------+------------------+-----------------+----------------+
+------------+----------------+------------+----------------+-----------------+
| ('G26', 1) | G26_1(0.0)     | G26_1(0.0) | G26_1(1.0)     | G26_1(1.0)      |
+------------+----------------+------------+----------------+-----------------+
| ('G28', 0) | G28_0(0.0)     | G28_0(1.0) | G28_0(0.0)     | G28_0(1.0)      |
+------------+----------------+------------+----------------+-----------------+
| G28(0.0)   | 0.745614035088 | 0.74       | 0.826797385621 | 0.0318416523236 |
+------------+----------------+------------+----------------+-----------------+
| G28(1.0)   | 0.254385964912 | 0.26       | 0.173202614379 | 0.968158347676  |
+------------+----------------+------------+----------------+-----------------+
+------------+-----------------+---------------+-----------------+----------------+
| ('G1', 0)  | G1_0(0.0)       | G1_0(0.0)     | G1_0(1.0)       | G1_0(1.0)      |
+------------+-----------------+---------------+-----------------+----------------+
| ('G37', 0) | G37_0(0.0)      | G37_0(1.0)    | G37_0(0.0)      | G37_0(1.0)     |
+------------+-----------------+---------------+-----------------+----------------+
| G29(0.0)   | 0.0802469135802 | 0.81299734748 | 0.0126903553299 | 0.487577639752 |
+------------+-----------------+---------------+-----------------+----------------+
| G29(1.0)   | 0.91975308642   | 0.18700265252 | 0.98730964467   | 0.512422360248 |
+------------+-----------------+---------------+-----------------+----------------+
+-----------+----------------+-----------------+
| ('G7', 0) | G7_0(0.0)      | G7_0(1.0)       |
+-----------+----------------+-----------------+
| G7(0.0)   | 0.590909090909 | 0.0113350125945 |
+-----------+----------------+-----------------+
| G7(1.0)   | 0.409090909091 | 0.988664987406  |
+-----------+----------------+-----------------+
+---------+---+
| G6(0.0) | 1 |
+---------+---+
+------------+-----------------+-----------------+----------------+------------------+
| ('G36', 1) | G36_1(0.0)      | G36_1(0.0)      | G36_1(1.0)     | G36_1(1.0)       |
+------------+-----------------+-----------------+----------------+------------------+
| ('G5', 0)  | G5_0(0.0)       | G5_0(1.0)       | G5_0(0.0)      | G5_0(1.0)        |
+------------+-----------------+-----------------+----------------+------------------+
| G5(0.0)    | 0.967532467532  | 0.0606936416185 | 0.192307692308 | 0.00452079566004 |
+------------+-----------------+-----------------+----------------+------------------+
| G5(1.0)    | 0.0324675324675 | 0.939306358382  | 0.807692307692 | 0.99547920434    |
+------------+-----------------+-----------------+----------------+------------------+
+------------+----------------+-----------------+-----------------+-----------------+
| ('G31', 1) | G31_1(0.0)     | G31_1(0.0)      | G31_1(1.0)      | G31_1(1.0)      |
+------------+----------------+-----------------+-----------------+-----------------+
| ('G4', 0)  | G4_0(0.0)      | G4_0(1.0)       | G4_0(0.0)       | G4_0(1.0)       |
+------------+----------------+-----------------+-----------------+-----------------+
| G4(0.0)    | 0.442028985507 | 0.0467775467775 | 0.948979591837  | 0.0668202764977 |
+------------+----------------+-----------------+-----------------+-----------------+
| G4(1.0)    | 0.557971014493 | 0.953222453222  | 0.0510204081633 | 0.933179723502  |
+------------+----------------+-----------------+-----------------+-----------------+
+------------+------------+----------------+
| ('G47', 1) | G47_1(0.0) | G47_1(1.0)     |
+------------+------------+----------------+
| G3(0.0)    | 0.1        | 0.333819241983 |
+------------+------------+----------------+
| G3(1.0)    | 0.9        | 0.666180758017 |
+------------+------------+----------------+
+-----------+----------------+-----------+-----------+----------------+
| ('G2', 0) | G2_0(0.0)      | G2_0(0.0) | G2_0(1.0) | G2_0(1.0)      |
+-----------+----------------+-----------+-----------+----------------+
| ('G5', 0) | G5_0(0.0)      | G5_0(1.0) | G5_0(0.0) | G5_0(1.0)      |
+-----------+----------------+-----------+-----------+----------------+
| G2(0.0)   | 0.838461538462 | 0.5       | 0.74      | 0.153631284916 |
+-----------+----------------+-----------+-----------+----------------+
| G2(1.0)   | 0.161538461538 | 0.5       | 0.26      | 0.846368715084 |
+-----------+----------------+-----------+-----------+----------------+
+------------+----------------+----------------+----------------+-----------------+
| ('G1', 0)  | G1_0(0.0)      | G1_0(0.0)      | G1_0(1.0)      | G1_0(1.0)       |
+------------+----------------+----------------+----------------+-----------------+
| ('G71', 1) | G71_1(0.0)     | G71_1(1.0)     | G71_1(0.0)     | G71_1(1.0)      |
+------------+----------------+----------------+----------------+-----------------+
| G1(0.0)    | 0.875335120643 | 0.688235294118 | 0.443262411348 | 0.0483870967742 |
+------------+----------------+----------------+----------------+-----------------+
| G1(1.0)    | 0.124664879357 | 0.311764705882 | 0.556737588652 | 0.951612903226  |
+------------+----------------+----------------+----------------+-----------------+
+------------+-----------------+----------------+----------------+------------------+
| ('G43', 1) | G43_1(0.0)      | G43_1(0.0)     | G43_1(1.0)     | G43_1(1.0)       |
+------------+-----------------+----------------+----------------+------------------+
| ('G93', 0) | G93_0(0.0)      | G93_0(1.0)     | G93_0(0.0)     | G93_0(1.0)       |
+------------+-----------------+----------------+----------------+------------------+
| G9(0.0)    | 0.0890410958904 | 0.855555555556 | 0.852941176471 | 0.996328928047   |
+------------+-----------------+----------------+----------------+------------------+
| G9(1.0)    | 0.91095890411   | 0.144444444444 | 0.147058823529 | 0.00367107195301 |
+------------+-----------------+----------------+----------------+------------------+
+------------+-----------------+-----------------+----------------+-----------------+
| ('G65', 1) | G65_1(0.0)      | G65_1(0.0)      | G65_1(1.0)     | G65_1(1.0)      |
+------------+-----------------+-----------------+----------------+-----------------+
| ('G8', 0)  | G8_0(0.0)       | G8_0(1.0)       | G8_0(0.0)      | G8_0(1.0)       |
+------------+-----------------+-----------------+----------------+-----------------+
| G8(0.0)    | 0.939024390244  | 0.0668789808917 | 0.309523809524 | 0.0108877721943 |
+------------+-----------------+-----------------+----------------+-----------------+
| G8(1.0)    | 0.0609756097561 | 0.933121019108  | 0.690476190476 | 0.989112227806  |
+------------+-----------------+-----------------+----------------+-----------------+
+------------+-----------------+-----------------+---------------+-----------------+
| ('G46', 0) | G46_0(0.0)      | G46_0(0.0)      | G46_0(1.0)    | G46_0(1.0)      |
+------------+-----------------+-----------------+---------------+-----------------+
| ('G48', 1) | G48_1(0.0)      | G48_1(1.0)      | G48_1(0.0)    | G48_1(1.0)      |
+------------+-----------------+-----------------+---------------+-----------------+
| G53(0.0)   | 0.930107526882  | 0.967532467532  | 0.80303030303 | 0.0236541598695 |
+------------+-----------------+-----------------+---------------+-----------------+
| G53(1.0)   | 0.0698924731183 | 0.0324675324675 | 0.19696969697 | 0.976345840131  |
+------------+-----------------+-----------------+---------------+-----------------+
+------------+-----------------+----------------+----------------+------------------+
| ('G18', 1) | G18_1(0.0)      | G18_1(0.0)     | G18_1(1.0)     | G18_1(1.0)       |
+------------+-----------------+----------------+----------------+------------------+
| ('G47', 0) | G47_0(0.0)      | G47_0(1.0)     | G47_0(0.0)     | G47_0(1.0)       |
+------------+-----------------+----------------+----------------+------------------+
| G52(0.0)   | 0.969135802469  | 0.608108108108 | 0.295918367347 | 0.00385208012327 |
+------------+-----------------+----------------+----------------+------------------+
| G52(1.0)   | 0.0308641975309 | 0.391891891892 | 0.704081632653 | 0.996147919877   |
+------------+-----------------+----------------+----------------+------------------+
+------------+---------------+-----------------+-----------------+----------------+
| ('G41', 1) | G41_1(0.0)    | G41_1(0.0)      | G41_1(1.0)      | G41_1(1.0)     |
+------------+---------------+-----------------+-----------------+----------------+
| ('G51', 0) | G51_0(0.0)    | G51_0(1.0)      | G51_0(0.0)      | G51_0(1.0)     |
+------------+---------------+-----------------+-----------------+----------------+
| G51(0.0)   | 0.69801980198 | 0.0264116575592 | 0.951127819549  | 0.681818181818 |
+------------+---------------+-----------------+-----------------+----------------+
| G51(1.0)   | 0.30198019802 | 0.973588342441  | 0.0488721804511 | 0.318181818182 |
+------------+---------------+-----------------+-----------------+----------------+
+------------+------------+-----------------+-----------------+----------------+
| ('G50', 0) | G50_0(0.0) | G50_0(0.0)      | G50_0(1.0)      | G50_0(1.0)     |
+------------+------------+-----------------+-----------------+----------------+
| ('G51', 1) | G51_1(0.0) | G51_1(1.0)      | G51_1(0.0)      | G51_1(1.0)     |
+------------+------------+-----------------+-----------------+----------------+
| G50(0.0)   | 0.5        | 0.934408602151  | 0.0878787878788 | 0.431623931624 |
+------------+------------+-----------------+-----------------+----------------+
| G50(1.0)   | 0.5        | 0.0655913978495 | 0.912121212121  | 0.568376068376 |
+------------+------------+-----------------+-----------------+----------------+
+------------+----------------+-----------------+-----------------+----------------+
| ('G12', 0) | G12_0(0.0)     | G12_0(0.0)      | G12_0(1.0)      | G12_0(1.0)     |
+------------+----------------+-----------------+-----------------+----------------+
| ('G53', 0) | G53_0(0.0)     | G53_0(1.0)      | G53_0(0.0)      | G53_0(1.0)     |
+------------+----------------+-----------------+-----------------+----------------+
| G57(0.0)   | 0.277777777778 | 0.926966292135  | 0.0129533678756 | 0.355238095238 |
+------------+----------------+-----------------+-----------------+----------------+
| G57(1.0)   | 0.722222222222 | 0.0730337078652 | 0.987046632124  | 0.644761904762 |
+------------+----------------+-----------------+-----------------+----------------+
+------------+-----------------+------------+-----------------+-----------------+
| ('G10', 1) | G10_1(0.0)      | G10_1(0.0) | G10_1(1.0)      | G10_1(1.0)      |
+------------+-----------------+------------+-----------------+-----------------+
| ('G56', 0) | G56_0(0.0)      | G56_0(1.0) | G56_0(0.0)      | G56_0(1.0)      |
+------------+-----------------+------------+-----------------+-----------------+
| G56(0.0)   | 0.967532467532  | 0.1        | 0.0862068965517 | 0.0305785123967 |
+------------+-----------------+------------+-----------------+-----------------+
| G56(1.0)   | 0.0324675324675 | 0.9        | 0.913793103448  | 0.969421487603  |
+------------+-----------------+------------+-----------------+-----------------+
+------------+----------------+----------------+----------------+----------------+
| ('G35', 0) | G35_0(0.0)     | G35_0(0.0)     | G35_0(1.0)     | G35_0(1.0)     |
+------------+----------------+----------------+----------------+----------------+
| ('G77', 1) | G77_1(0.0)     | G77_1(1.0)     | G77_1(0.0)     | G77_1(1.0)     |
+------------+----------------+----------------+----------------+----------------+
| G55(0.0)   | 0.852941176471 | 0.880952380952 | 0.474842767296 | 0.220930232558 |
+------------+----------------+----------------+----------------+----------------+
| G55(1.0)   | 0.147058823529 | 0.119047619048 | 0.525157232704 | 0.779069767442 |
+------------+----------------+----------------+----------------+----------------+
+------------+------------+----------------+-----------------+----------------+
| ('G28', 1) | G28_1(0.0) | G28_1(0.0)     | G28_1(1.0)      | G28_1(1.0)     |
+------------+------------+----------------+-----------------+----------------+
| ('G8', 0)  | G8_0(0.0)  | G8_0(1.0)      | G8_0(0.0)       | G8_0(1.0)      |
+------------+------------+----------------+-----------------+----------------+
| G54(0.0)   | 0.5        | 0.768656716418 | 0.956140350877  | 0.308318264014 |
+------------+------------+----------------+-----------------+----------------+
| G54(1.0)   | 0.5        | 0.231343283582 | 0.0438596491228 | 0.691681735986 |
+------------+------------+----------------+-----------------+----------------+
+------------+----------------+-----------------+-----------------+------------+
| ('G59', 0) | G59_0(0.0)     | G59_0(0.0)      | G59_0(1.0)      | G59_0(1.0) |
+------------+----------------+-----------------+-----------------+------------+
| ('G63', 0) | G63_0(0.0)     | G63_0(1.0)      | G63_0(0.0)      | G63_0(1.0) |
+------------+----------------+-----------------+-----------------+------------+
| G59(0.0)   | 0.192307692308 | 0.972346786248  | 0.0308641975309 | 0.5        |
+------------+----------------+-----------------+-----------------+------------+
| G59(1.0)   | 0.807692307692 | 0.0276532137519 | 0.969135802469  | 0.5        |
+------------+----------------+-----------------+-----------------+------------+
+------------+-----------------+----------------+------------+-----------------+
| ('G19', 0) | G19_0(0.0)      | G19_0(0.0)     | G19_0(1.0) | G19_0(1.0)      |
+------------+-----------------+----------------+------------+-----------------+
| ('G49', 1) | G49_1(0.0)      | G49_1(1.0)     | G49_1(0.0) | G49_1(1.0)      |
+------------+-----------------+----------------+------------+-----------------+
| G58(0.0)   | 0.0294117647059 | 0.368852459016 | 0.5        | 0.939024390244  |
+------------+-----------------+----------------+------------+-----------------+
| G58(1.0)   | 0.970588235294  | 0.631147540984 | 0.5        | 0.0609756097561 |
+------------+-----------------+----------------+------------+-----------------+
+------------+---------------+----------------+
| ('G54', 1) | G54_1(0.0)    | G54_1(1.0)     |
+------------+---------------+----------------+
| G40(0.0)   | 0.11780104712 | 0.260368663594 |
+------------+---------------+----------------+
| G40(1.0)   | 0.88219895288 | 0.739631336406 |
+------------+---------------+----------------+
+------------+------------------+----------------+-----------------+-----------------+
| ('G31', 1) | G31_1(0.0)       | G31_1(0.0)     | G31_1(1.0)      | G31_1(1.0)      |
+------------+------------------+----------------+-----------------+-----------------+
| ('G41', 0) | G41_0(0.0)       | G41_0(1.0)     | G41_0(0.0)      | G41_0(1.0)      |
+------------+------------------+----------------+-----------------+-----------------+
| G41(0.0)   | 0.994929006085   | 0.254385964912 | 0.90522875817   | 0.0575221238938 |
+------------+------------------+----------------+-----------------+-----------------+
| G41(1.0)   | 0.00507099391481 | 0.745614035088 | 0.0947712418301 | 0.942477876106  |
+------------+------------------+----------------+-----------------+-----------------+
+------------+-----------------+----------------+-----------------+------------------+
| ('G42', 0) | G42_0(0.0)      | G42_0(0.0)     | G42_0(1.0)      | G42_0(1.0)       |
+------------+-----------------+----------------+-----------------+------------------+
| ('G71', 1) | G71_1(0.0)      | G71_1(1.0)     | G71_1(0.0)      | G71_1(1.0)       |
+------------+-----------------+----------------+-----------------+------------------+
| G42(0.0)   | 0.977064220183  | 0.147058823529 | 0.0358024691358 | 0.00877192982456 |
+------------+-----------------+----------------+-----------------+------------------+
| G42(1.0)   | 0.0229357798165 | 0.852941176471 | 0.964197530864  | 0.991228070175   |
+------------+-----------------+----------------+-----------------+------------------+
+------------+-----------------+---------------+------------+------------------+
| ('G43', 0) | G43_0(0.0)      | G43_0(0.0)    | G43_0(1.0) | G43_0(1.0)       |
+------------+-----------------+---------------+------------+------------------+
| ('G91', 1) | G91_1(0.0)      | G91_1(1.0)    | G91_1(0.0) | G91_1(1.0)       |
+------------+-----------------+---------------+------------+------------------+
| G43(0.0)   | 0.961538461538  | 0.72641509434 | 0.42       | 0.00965824665676 |
+------------+-----------------+---------------+------------+------------------+
| G43(1.0)   | 0.0384615384615 | 0.27358490566 | 0.58       | 0.990341753343   |
+------------+-----------------+---------------+------------+------------------+
+------------+-----------------+----------------+------------+-----------------+
| ('G10', 0) | G10_0(0.0)      | G10_0(0.0)     | G10_0(1.0) | G10_0(1.0)      |
+------------+-----------------+----------------+------------+-----------------+
| ('G43', 0) | G43_0(0.0)      | G43_0(1.0)     | G43_0(0.0) | G43_0(1.0)      |
+------------+-----------------+----------------+------------+-----------------+
| G44(0.0)   | 0.97311827957   | 0.342696629213 | 0.74       | 0.0172413793103 |
+------------+-----------------+----------------+------------+-----------------+
| G44(1.0)   | 0.0268817204301 | 0.657303370787 | 0.26       | 0.98275862069   |
+------------+-----------------+----------------+------------+-----------------+
+------------+----------------+----------------+----------------+------------------+
| ('G43', 0) | G43_0(0.0)     | G43_0(0.0)     | G43_0(1.0)     | G43_0(1.0)       |
+------------+----------------+----------------+----------------+------------------+
| ('G45', 0) | G45_0(0.0)     | G45_0(1.0)     | G45_0(0.0)     | G45_0(1.0)       |
+------------+----------------+----------------+----------------+------------------+
| G45(0.0)   | 0.801886792453 | 0.223076923077 | 0.277777777778 | 0.00362844702467 |
+------------+----------------+----------------+----------------+------------------+
| G45(1.0)   | 0.198113207547 | 0.776923076923 | 0.722222222222 | 0.996371552975   |
+------------+----------------+----------------+----------------+------------------+
+------------+----------------+-----------------+-----------------+----------------+
| ('G41', 1) | G41_1(0.0)     | G41_1(0.0)      | G41_1(1.0)      | G41_1(1.0)     |
+------------+----------------+-----------------+-----------------+----------------+
| ('G46', 0) | G46_0(0.0)     | G46_0(1.0)      | G46_0(0.0)      | G46_0(1.0)     |
+------------+----------------+-----------------+-----------------+----------------+
| G46(0.0)   | 0.675438596491 | 0.0109612141653 | 0.977876106195  | 0.198113207547 |
+------------+----------------+-----------------+-----------------+----------------+
| G46(1.0)   | 0.324561403509 | 0.989038785835  | 0.0221238938053 | 0.801886792453 |
+------------+----------------+-----------------+-----------------+----------------+
+------------+-----------------+------------+------------------+-----------------+
| ('G46', 0) | G46_0(0.0)      | G46_0(0.0) | G46_0(1.0)       | G46_0(1.0)      |
+------------+-----------------+------------+------------------+-----------------+
| ('G74', 1) | G74_1(0.0)      | G74_1(1.0) | G74_1(0.0)       | G74_1(1.0)      |
+------------+-----------------+------------+------------------+-----------------+
| G47(0.0)   | 0.0555555555556 | 0.98       | 0.00542299349241 | 0.0135135135135 |
+------------+-----------------+------------+------------------+-----------------+
| G47(1.0)   | 0.944444444444  | 0.02       | 0.994577006508   | 0.986486486486  |
+------------+-----------------+------------+------------------+-----------------+
+------------+-----------------+------------+----------------+-----------------+
| ('G52', 0) | G52_0(0.0)      | G52_0(0.0) | G52_0(1.0)     | G52_0(1.0)      |
+------------+-----------------+------------+----------------+-----------------+
| ('G69', 1) | G69_1(0.0)      | G69_1(1.0) | G69_1(0.0)     | G69_1(1.0)      |
+------------+-----------------+------------+----------------+-----------------+
| G48(0.0)   | 0.974226804124  | 0.5        | 0.163716814159 | 0.0042735042735 |
+------------+-----------------+------------+----------------+-----------------+
| G48(1.0)   | 0.0257731958763 | 0.5        | 0.836283185841 | 0.995726495726  |
+------------+-----------------+------------+----------------+-----------------+
+------------+-----------------+------------+----------------+-----------------+
| ('G46', 0) | G46_0(0.0)      | G46_0(0.0) | G46_0(1.0)     | G46_0(1.0)      |
+------------+-----------------+------------+----------------+-----------------+
| ('G49', 0) | G49_0(0.0)      | G49_0(1.0) | G49_0(0.0)     | G49_0(1.0)      |
+------------+-----------------+------------+----------------+-----------------+
| G49(0.0)   | 0.927586206897  | 0.9        | 0.722222222222 | 0.0185840707965 |
+------------+-----------------+------------+----------------+-----------------+
| G49(1.0)   | 0.0724137931034 | 0.1        | 0.277777777778 | 0.981415929204  |
+------------+-----------------+------------+----------------+-----------------+
+------------+----------------+----------------+----------------+-----------------+
| ('G66', 1) | G66_1(0.0)     | G66_1(0.0)     | G66_1(1.0)     | G66_1(1.0)      |
+------------+----------------+----------------+----------------+-----------------+
| ('G75', 0) | G75_0(0.0)     | G75_0(1.0)     | G75_0(0.0)     | G75_0(1.0)      |
+------------+----------------+----------------+----------------+-----------------+
| G75(0.0)   | 0.876470588235 | 0.185950413223 | 0.439393939394 | 0.0112651646447 |
+------------+----------------+----------------+----------------+-----------------+
| G75(1.0)   | 0.123529411765 | 0.814049586777 | 0.560606060606 | 0.988734835355  |
+------------+----------------+----------------+----------------+-----------------+
+------------+----------------+-----------------+------------------+----------------+
| ('G37', 0) | G37_0(0.0)     | G37_0(0.0)      | G37_0(1.0)       | G37_0(1.0)     |
+------------+----------------+-----------------+------------------+----------------+
| ('G74', 0) | G74_0(0.0)     | G74_0(1.0)      | G74_0(0.0)       | G74_0(1.0)     |
+------------+----------------+-----------------+------------------+----------------+
| G74(0.0)   | 0.472602739726 | 0.0121951219512 | 0.994226327945   | 0.366666666667 |
+------------+----------------+-----------------+------------------+----------------+
| G74(1.0)   | 0.527397260274 | 0.987804878049  | 0.00577367205543 | 0.633333333333 |
+------------+----------------+-----------------+------------------+----------------+
+------------+-----------------+----------------+----------------+-----------------+
| ('G72', 0) | G72_0(0.0)      | G72_0(0.0)     | G72_0(1.0)     | G72_0(1.0)      |
+------------+-----------------+----------------+----------------+-----------------+
| ('G77', 0) | G77_0(0.0)      | G77_0(1.0)     | G77_0(0.0)     | G77_0(1.0)      |
+------------+-----------------+----------------+----------------+-----------------+
| G77(0.0)   | 0.952431289641  | 0.245222929936 | 0.119047619048 | 0.0151515151515 |
+------------+-----------------+----------------+----------------+-----------------+
| G77(1.0)   | 0.0475687103594 | 0.754777070064 | 0.880952380952 | 0.984848484848  |
+------------+-----------------+----------------+----------------+-----------------+
+------------+------------+-----------------+-----------------+----------------+
| ('G72', 0) | G72_0(0.0) | G72_0(0.0)      | G72_0(1.0)      | G72_0(1.0)     |
+------------+------------+-----------------+-----------------+----------------+
| ('G76', 0) | G76_0(0.0) | G76_0(1.0)      | G76_0(0.0)      | G76_0(1.0)     |
+------------+------------+-----------------+-----------------+----------------+
| G76(0.0)   | 0.66       | 0.0366336633663 | 0.978632478632  | 0.384057971014 |
+------------+------------+-----------------+-----------------+----------------+
| G76(1.0)   | 0.34       | 0.963366336634  | 0.0213675213675 | 0.615942028986 |
+------------+------------+-----------------+-----------------+----------------+
+------------+----------------+-----------------+-----------------+------------+
| ('G37', 0) | G37_0(0.0)     | G37_0(0.0)      | G37_0(1.0)      | G37_0(1.0) |
+------------+----------------+-----------------+-----------------+------------+
| ('G71', 0) | G71_0(0.0)     | G71_0(1.0)      | G71_0(0.0)      | G71_0(1.0) |
+------------+----------------+-----------------+-----------------+------------+
| G71(0.0)   | 0.737623762376 | 0.0141242937853 | 0.916464891041  | 0.468      |
+------------+----------------+-----------------+-----------------+------------+
| G71(1.0)   | 0.262376237624 | 0.985875706215  | 0.0835351089588 | 0.532      |
+------------+----------------+-----------------+-----------------+------------+
+------------+-----------------+------------+------------------+-----------------+
| ('G12', 0) | G12_0(0.0)      | G12_0(0.0) | G12_0(1.0)       | G12_0(1.0)      |
+------------+-----------------+------------+------------------+-----------------+
| ('G72', 0) | G72_0(0.0)      | G72_0(1.0) | G72_0(0.0)       | G72_0(1.0)      |
+------------+-----------------+------------+------------------+-----------------+
| G70(0.0)   | 0.965753424658  | 0.26       | 0.995511669659   | 0.909937888199  |
+------------+-----------------+------------+------------------+-----------------+
| G70(1.0)   | 0.0342465753425 | 0.74       | 0.00448833034111 | 0.0900621118012 |
+------------+-----------------+------------+------------------+-----------------+
+------------+-----------------+-----------------+----------------+------------------+
| ('G26', 1) | G26_1(0.0)      | G26_1(0.0)      | G26_1(1.0)     | G26_1(1.0)       |
+------------+-----------------+-----------------+----------------+------------------+
| ('G69', 1) | G69_1(0.0)      | G69_1(1.0)      | G69_1(0.0)     | G69_1(1.0)       |
+------------+-----------------+-----------------+----------------+------------------+
| G73(0.0)   | 0.932432432432  | 0.944444444444  | 0.291907514451 | 0.995543672014   |
+------------+-----------------+-----------------+----------------+------------------+
| G73(1.0)   | 0.0675675675676 | 0.0555555555556 | 0.708092485549 | 0.00445632798574 |
+------------+-----------------+-----------------+----------------+------------------+
+------------+----------------+-----------------+-----------------+-----------------+
| ('G37', 0) | G37_0(0.0)     | G37_0(0.0)      | G37_0(1.0)      | G37_0(1.0)      |
+------------+----------------+-----------------+-----------------+-----------------+
| ('G72', 0) | G72_0(0.0)     | G72_0(1.0)      | G72_0(0.0)      | G72_0(1.0)      |
+------------+----------------+-----------------+-----------------+-----------------+
| G72(0.0)   | 0.714876033058 | 0.0668789808917 | 0.995088408644  | 0.913793103448  |
+------------+----------------+-----------------+-----------------+-----------------+
| G72(1.0)   | 0.285123966942 | 0.933121019108  | 0.0049115913556 | 0.0862068965517 |
+------------+----------------+-----------------+-----------------+-----------------+
+------------+-----------------+----------------+----------------+----------------+
| ('G63', 1) | G63_1(0.0)      | G63_1(0.0)     | G63_1(1.0)     | G63_1(1.0)     |
+------------+-----------------+----------------+----------------+----------------+
| ('G94', 0) | G94_0(0.0)      | G94_0(1.0)     | G94_0(0.0)     | G94_0(1.0)     |
+------------+-----------------+----------------+----------------+----------------+
| G79(0.0)   | 0.0324675324675 | 0.147058823529 | 0.144444444444 | 0.889955686854 |
+------------+-----------------+----------------+----------------+----------------+
| G79(1.0)   | 0.967532467532  | 0.852941176471 | 0.855555555556 | 0.110044313146 |
+------------+-----------------+----------------+----------------+----------------+
+------------+----------------+-----------------+-----------------+------------------+
| ('G63', 0) | G63_0(0.0)     | G63_0(0.0)      | G63_0(1.0)      | G63_0(1.0)       |
+------------+----------------+-----------------+-----------------+------------------+
| ('G93', 1) | G93_1(0.0)     | G93_1(1.0)      | G93_1(0.0)      | G93_1(1.0)       |
+------------+----------------+-----------------+-----------------+------------------+
| G78(0.0)   | 0.824324324324 | 0.0438596491228 | 0.952830188679  | 0.990284005979   |
+------------+----------------+-----------------+-----------------+------------------+
| G78(1.0)   | 0.175675675676 | 0.956140350877  | 0.0471698113208 | 0.00971599402093 |
+------------+----------------+-----------------+-----------------+------------------+
+------------+-----------------+----------------+-----------------+----------------+
| ('G49', 1) | G49_1(0.0)      | G49_1(0.0)     | G49_1(1.0)      | G49_1(1.0)     |
+------------+-----------------+----------------+-----------------+----------------+
| ('G69', 0) | G69_0(0.0)      | G69_0(1.0)     | G69_0(0.0)      | G69_0(1.0)     |
+------------+-----------------+----------------+-----------------+----------------+
| G68(0.0)   | 0.0229357798165 | 0.602564102564 | 0.0247524752475 | 0.176891615542 |
+------------+-----------------+----------------+-----------------+----------------+
| G68(1.0)   | 0.977064220183  | 0.397435897436 | 0.975247524752  | 0.823108384458 |
+------------+-----------------+----------------+-----------------+----------------+
+------------+-----------------+----------------+----------------+------------------+
| ('G37', 0) | G37_0(0.0)      | G37_0(0.0)     | G37_0(1.0)     | G37_0(1.0)       |
+------------+-----------------+----------------+----------------+------------------+
| ('G69', 0) | G69_0(0.0)      | G69_0(1.0)     | G69_0(0.0)     | G69_0(1.0)       |
+------------+-----------------+----------------+----------------+------------------+
| G69(0.0)   | 0.962427745665  | 0.328571428571 | 0.175675675676 | 0.00499001996008 |
+------------+-----------------+----------------+----------------+------------------+
| G69(1.0)   | 0.0375722543353 | 0.671428571429 | 0.824324324324 | 0.99500998004    |
+------------+-----------------+----------------+----------------+------------------+
+------------+----------------+-----------------+----------------+-----------------+
| ('G62', 0) | G62_0(0.0)     | G62_0(0.0)      | G62_0(1.0)     | G62_0(1.0)      |
+------------+----------------+-----------------+----------------+-----------------+
| ('G89', 0) | G89_0(0.0)     | G89_0(1.0)      | G89_0(0.0)     | G89_0(1.0)      |
+------------+----------------+-----------------+----------------+-----------------+
| G62(0.0)   | 0.710526315789 | 0.930107526882  | 0.120396600567 | 0.0105485232068 |
+------------+----------------+-----------------+----------------+-----------------+
| G62(1.0)   | 0.289473684211 | 0.0698924731183 | 0.879603399433 | 0.989451476793  |
+------------+----------------+-----------------+----------------+-----------------+
+------------+----------------+----------------+----------------+------------------+
| ('G63', 0) | G63_0(0.0)     | G63_0(0.0)     | G63_0(1.0)     | G63_0(1.0)       |
+------------+----------------+----------------+----------------+------------------+
| ('G64', 0) | G64_0(0.0)     | G64_0(1.0)     | G64_0(0.0)     | G64_0(1.0)       |
+------------+----------------+----------------+----------------+------------------+
| G63(0.0)   | 0.876470588235 | 0.277777777778 | 0.223076923077 | 0.00380517503805 |
+------------+----------------+----------------+----------------+------------------+
| G63(1.0)   | 0.123529411765 | 0.722222222222 | 0.776923076923 | 0.996194824962   |
+------------+----------------+----------------+----------------+------------------+
+------------+----------------+----------------+----------------+-----------------+
| ('G1', 1)  | G1_1(0.0)      | G1_1(0.0)      | G1_1(1.0)      | G1_1(1.0)       |
+------------+----------------+----------------+----------------+-----------------+
| ('G60', 0) | G60_0(0.0)     | G60_0(1.0)     | G60_0(0.0)     | G60_0(1.0)      |
+------------+----------------+----------------+----------------+-----------------+
| G60(0.0)   | 0.670212765957 | 0.209779179811 | 0.807692307692 | 0.0103734439834 |
+------------+----------------+----------------+----------------+-----------------+
| G60(1.0)   | 0.329787234043 | 0.790220820189 | 0.192307692308 | 0.989626556017  |
+------------+----------------+----------------+----------------+-----------------+
+------------+---------------+-----------------+-----------------+----------------+
| ('G66', 1) | G66_1(0.0)    | G66_1(0.0)      | G66_1(1.0)      | G66_1(1.0)     |
+------------+---------------+-----------------+-----------------+----------------+
| ('G88', 0) | G88_0(0.0)    | G88_0(1.0)      | G88_0(0.0)      | G88_0(1.0)     |
+------------+---------------+-----------------+-----------------+----------------+
| G61(0.0)   | 0.43984962406 | 0.965753424658  | 0.981149012567  | 0.877358490566 |
+------------+---------------+-----------------+-----------------+----------------+
| G61(1.0)   | 0.56015037594 | 0.0342465753425 | 0.0188509874327 | 0.122641509434 |
+------------+---------------+-----------------+-----------------+----------------+
+------------+----------------+-----------------+-----------------+----------------+
| ('G41', 1) | G41_1(0.0)     | G41_1(0.0)      | G41_1(1.0)      | G41_1(1.0)     |
+------------+----------------+-----------------+-----------------+----------------+
| ('G66', 0) | G66_0(0.0)     | G66_0(1.0)      | G66_0(0.0)      | G66_0(1.0)     |
+------------+----------------+-----------------+-----------------+----------------+
| G66(0.0)   | 0.644329896907 | 0.0406871609403 | 0.977064220183  | 0.254385964912 |
+------------+----------------+-----------------+-----------------+----------------+
| G66(1.0)   | 0.355670103093 | 0.95931283906   | 0.0229357798165 | 0.745614035088 |
+------------+----------------+-----------------+-----------------+----------------+
+------------+---------------+----------------+----------------+----------------+
| ('G24', 0) | G24_0(0.0)    | G24_0(0.0)     | G24_0(1.0)     | G24_0(1.0)     |
+------------+---------------+----------------+----------------+----------------+
| ('G67', 0) | G67_0(0.0)    | G67_0(1.0)     | G67_0(0.0)     | G67_0(1.0)     |
+------------+---------------+----------------+----------------+----------------+
| G67(0.0)   | 0.43984962406 | 0.390547263682 | 0.519047619048 | 0.133952254642 |
+------------+---------------+----------------+----------------+----------------+
| G67(1.0)   | 0.56015037594 | 0.609452736318 | 0.480952380952 | 0.866047745358 |
+------------+---------------+----------------+----------------+----------------+
+------------+-----------------+----------------+----------------+----------------+
| ('G43', 1) | G43_1(0.0)      | G43_1(0.0)     | G43_1(1.0)     | G43_1(1.0)     |
+------------+-----------------+----------------+----------------+----------------+
| ('G64', 0) | G64_0(0.0)      | G64_0(1.0)     | G64_0(0.0)     | G64_0(1.0)     |
+------------+-----------------+----------------+----------------+----------------+
| G64(0.0)   | 0.970588235294  | 0.439393939394 | 0.592307692308 | 0.022906793049 |
+------------+-----------------+----------------+----------------+----------------+
| G64(1.0)   | 0.0294117647059 | 0.560606060606 | 0.407692307692 | 0.977093206951 |
+------------+-----------------+----------------+----------------+----------------+
+------------+----------------+-----------------+----------------+----------------+
| ('G57', 1) | G57_1(0.0)     | G57_1(0.0)      | G57_1(1.0)     | G57_1(1.0)     |
+------------+----------------+-----------------+----------------+----------------+
| ('G65', 0) | G65_0(0.0)     | G65_0(1.0)      | G65_0(0.0)     | G65_0(1.0)     |
+------------+----------------+-----------------+----------------+----------------+
| G65(0.0)   | 0.224137931034 | 0.0102040816327 | 0.748520710059 | 0.167560321716 |
+------------+----------------+-----------------+----------------+----------------+
| G65(1.0)   | 0.775862068966 | 0.989795918367  | 0.251479289941 | 0.832439678284 |
+------------+----------------+-----------------+----------------+----------------+
+-------------+-----------------+----------------+----------------+------------------+
| ('G100', 0) | G100_0(0.0)     | G100_0(0.0)    | G100_0(1.0)    | G100_0(1.0)      |
+-------------+-----------------+----------------+----------------+------------------+
| ('G90', 1)  | G90_1(0.0)      | G90_1(1.0)     | G90_1(0.0)     | G90_1(1.0)       |
+-------------+-----------------+----------------+----------------+------------------+
| G100(0.0)   | 0.967532467532  | 0.192307692308 | 0.184210526316 | 0.00373692077728 |
+-------------+-----------------+----------------+----------------+------------------+
| G100(1.0)   | 0.0324675324675 | 0.807692307692 | 0.815789473684 | 0.996263079223   |
+-------------+-----------------+----------------+----------------+------------------+
+------------+----------------+------------------+-----------------+----------------+
| ('G19', 0) | G19_0(0.0)     | G19_0(0.0)       | G19_0(1.0)      | G19_0(1.0)     |
+------------+----------------+------------------+-----------------+----------------+
| ('G85', 0) | G85_0(0.0)     | G85_0(1.0)       | G85_0(0.0)      | G85_0(1.0)     |
+------------+----------------+------------------+-----------------+----------------+
| G19(0.0)   | 0.867346938776 | 0.99653259362    | 0.0675675675676 | 0.722222222222 |
+------------+----------------+------------------+-----------------+----------------+
| G19(1.0)   | 0.132653061224 | 0.00346740638003 | 0.932432432432  | 0.277777777778 |
+------------+----------------+------------------+-----------------+----------------+
+------------+-----------------+----------------+----------------+------------------+
| ('G18', 0) | G18_0(0.0)      | G18_0(0.0)     | G18_0(1.0)     | G18_0(1.0)       |
+------------+-----------------+----------------+----------------+------------------+
| ('G46', 0) | G46_0(0.0)      | G46_0(1.0)     | G46_0(0.0)     | G46_0(1.0)       |
+------------+-----------------+----------------+----------------+------------------+
| G18(0.0)   | 0.975247524752  | 0.147058823529 | 0.210144927536 | 0.00397456279809 |
+------------+-----------------+----------------+----------------+------------------+
| G18(1.0)   | 0.0247524752475 | 0.852941176471 | 0.789855072464 | 0.996025437202   |
+------------+-----------------+----------------+----------------+------------------+
+------------+----------------+----------------+------------+-----------------+
| ('G19', 1) | G19_1(0.0)     | G19_1(0.0)     | G19_1(1.0) | G19_1(1.0)      |
+------------+----------------+----------------+------------+-----------------+
| ('G27', 1) | G27_1(0.0)     | G27_1(1.0)     | G27_1(0.0) | G27_1(1.0)      |
+------------+----------------+----------------+------------+-----------------+
| G17(0.0)   | 0.629032258065 | 0.157311669129 | 0.5        | 0.939024390244  |
+------------+----------------+----------------+------------+-----------------+
| G17(1.0)   | 0.370967741935 | 0.842688330871 | 0.5        | 0.0609756097561 |
+------------+----------------+----------------+------------+-----------------+
+------------+------------+------------------+------------+----------------+
| ('G16', 0) | G16_0(0.0) | G16_0(0.0)       | G16_0(1.0) | G16_0(1.0)     |
+------------+------------+------------------+------------+----------------+
| ('G36', 1) | G36_1(0.0) | G36_1(1.0)       | G36_1(0.0) | G36_1(1.0)     |
+------------+------------+------------------+------------+----------------+
| G16(0.0)   | 0.82       | 0.995344506518   | 0.052      | 0.637931034483 |
+------------+------------+------------------+------------+----------------+
| G16(1.0)   | 0.18       | 0.00465549348231 | 0.948      | 0.362068965517 |
+------------+------------+------------------+------------+----------------+
+------------+-----------------+------------+
| ('G82', 0) | G82_0(0.0)      | G82_0(1.0) |
+------------+-----------------+------------+
| G15(0.0)   | 0.993472584856  | 0.66       |
+------------+-----------------+------------+
| G15(1.0)   | 0.0065274151436 | 0.34       |
+------------+-----------------+------------+
+------------+----------------+-----------------+-----------------+------------------+
| ('G56', 1) | G56_1(0.0)     | G56_1(0.0)      | G56_1(1.0)      | G56_1(1.0)       |
+------------+----------------+-----------------+-----------------+------------------+
| ('G91', 0) | G91_0(0.0)     | G91_0(1.0)      | G91_0(0.0)      | G91_0(1.0)       |
+------------+----------------+-----------------+-----------------+------------------+
| G14(0.0)   | 0.256097560976 | 0.961538461538  | 0.948979591837  | 0.99621785174    |
+------------+----------------+-----------------+-----------------+------------------+
| G14(1.0)   | 0.743902439024 | 0.0384615384615 | 0.0510204081633 | 0.00378214826021 |
+------------+----------------+-----------------+-----------------+------------------+
+----------+---+
| G13(0.0) | 1 |
+----------+---+
+------------+-----------------+-----------------+------------+-----------------+
| ('G10', 1) | G10_1(0.0)      | G10_1(0.0)      | G10_1(1.0) | G10_1(1.0)      |
+------------+-----------------+-----------------+------------+-----------------+
| ('G12', 0) | G12_0(0.0)      | G12_0(1.0)      | G12_0(0.0) | G12_0(1.0)      |
+------------+-----------------+-----------------+------------+-----------------+
| G12(0.0)   | 0.965753424658  | 0.0963302752294 | 0.26       | 0.0172413793103 |
+------------+-----------------+-----------------+------------+-----------------+
| G12(1.0)   | 0.0342465753425 | 0.903669724771  | 0.74       | 0.98275862069   |
+------------+-----------------+-----------------+------------+-----------------+
+----------+---+
| G11(0.0) | 1 |
+----------+---+
+------------+----------------+----------------+------------+-----------------+
| ('G10', 0) | G10_0(0.0)     | G10_0(0.0)     | G10_0(1.0) | G10_0(1.0)      |
+------------+----------------+----------------+------------+-----------------+
| ('G91', 1) | G91_1(0.0)     | G91_1(1.0)     | G91_1(0.0) | G91_1(1.0)      |
+------------+----------------+----------------+------------+-----------------+
| G10(0.0)   | 0.963768115942 | 0.800884955752 | 0.5        | 0.0236541598695 |
+------------+----------------+----------------+------------+-----------------+
| G10(1.0)   | 0.036231884058 | 0.199115044248 | 0.5        | 0.976345840131  |
+------------+----------------+----------------+------------+-----------------+
+------------+----------------+----------------+-----------------+----------------+
| ('G2', 1)  | G2_1(0.0)      | G2_1(0.0)      | G2_1(1.0)       | G2_1(1.0)      |
+------------+----------------+----------------+-----------------+----------------+
| ('G83', 0) | G83_0(0.0)     | G83_0(1.0)     | G83_0(0.0)      | G83_0(1.0)     |
+------------+----------------+----------------+-----------------+----------------+
| G97(0.0)   | 0.617647058824 | 0.457081545064 | 0.0342465753425 | 0.289046653144 |
+------------+----------------+----------------+-----------------+----------------+
| G97(1.0)   | 0.382352941176 | 0.542918454936 | 0.965753424658  | 0.710953346856 |
+------------+----------------+----------------+-----------------+----------------+
+------------+----------------+----------------+----------------+----------------+
| ('G19', 0) | G19_0(0.0)     | G19_0(0.0)     | G19_0(1.0)     | G19_0(1.0)     |
+------------+----------------+----------------+----------------+----------------+
| ('G83', 0) | G83_0(0.0)     | G83_0(1.0)     | G83_0(0.0)     | G83_0(1.0)     |
+------------+----------------+----------------+----------------+----------------+
| G96(0.0)   | 0.885964912281 | 0.216690042076 | 0.318181818182 | 0.807692307692 |
+------------+----------------+----------------+----------------+----------------+
| G96(1.0)   | 0.114035087719 | 0.783309957924 | 0.681818181818 | 0.192307692308 |
+------------+----------------+----------------+----------------+----------------+
+------------+-----------------+----------------+----------------+------------------+
| ('G93', 0) | G93_0(0.0)      | G93_0(0.0)     | G93_0(1.0)     | G93_0(1.0)       |
+------------+-----------------+----------------+----------------+------------------+
| ('G94', 0) | G94_0(0.0)      | G94_0(1.0)     | G94_0(0.0)     | G94_0(1.0)       |
+------------+-----------------+----------------+----------------+------------------+
| G95(0.0)   | 0.91095890411   | 0.147058823529 | 0.214285714286 | 0.00369276218612 |
+------------+-----------------+----------------+----------------+------------------+
| G95(1.0)   | 0.0890410958904 | 0.852941176471 | 0.785714285714 | 0.996307237814   |
+------------+-----------------+----------------+----------------+------------------+
+------------+-----------------+----------------+----------------+------------------+
| ('G43', 1) | G43_1(0.0)      | G43_1(0.0)     | G43_1(1.0)     | G43_1(1.0)       |
+------------+-----------------+----------------+----------------+------------------+
| ('G94', 0) | G94_0(0.0)      | G94_0(1.0)     | G94_0(0.0)     | G94_0(1.0)       |
+------------+-----------------+----------------+----------------+------------------+
| G94(0.0)   | 0.965753424658  | 0.322222222222 | 0.704081632653 | 0.00385208012327 |
+------------+-----------------+----------------+----------------+------------------+
| G94(1.0)   | 0.0342465753425 | 0.677777777778 | 0.295918367347 | 0.996147919877   |
+------------+-----------------+----------------+----------------+------------------+
+------------+------------+------------------+----------------+----------------+
| ('G9', 1)  | G9_1(0.0)  | G9_1(0.0)        | G9_1(1.0)      | G9_1(1.0)      |
+------------+------------+------------------+----------------+----------------+
| ('G93', 0) | G93_0(0.0) | G93_0(1.0)       | G93_0(0.0)     | G93_0(1.0)     |
+------------+------------+------------------+----------------+----------------+
| G93(0.0)   | 0.5        | 0.00906555090656 | 0.963768115942 | 0.722222222222 |
+------------+------------+------------------+----------------+----------------+
| G93(1.0)   | 0.5        | 0.990934449093   | 0.036231884058 | 0.277777777778 |
+------------+------------+------------------+----------------+----------------+
+------------+-----------------+----------------+----------------+------------------+
| ('G91', 0) | G91_0(0.0)      | G91_0(0.0)     | G91_0(1.0)     | G91_0(1.0)       |
+------------+-----------------+----------------+----------------+------------------+
| ('G92', 0) | G92_0(0.0)      | G92_0(1.0)     | G92_0(0.0)     | G92_0(1.0)       |
+------------+-----------------+----------------+----------------+------------------+
| G92(0.0)   | 0.959016393443  | 0.362068965517 | 0.309523809524 | 0.00921985815603 |
+------------+-----------------+----------------+----------------+------------------+
| G92(1.0)   | 0.0409836065574 | 0.637931034483 | 0.690476190476 | 0.990780141844   |
+------------+-----------------+----------------+----------------+------------------+
+------------+-----------------+-----------------+----------------+-----------------+
| ('G74', 1) | G74_1(0.0)      | G74_1(0.0)      | G74_1(1.0)     | G74_1(1.0)      |
+------------+-----------------+-----------------+----------------+-----------------+
| ('G91', 0) | G91_0(0.0)      | G91_0(1.0)      | G91_0(0.0)     | G91_0(1.0)      |
+------------+-----------------+-----------------+----------------+-----------------+
| G91(0.0)   | 0.965753424658  | 0.0242494226328 | 0.147058823529 | 0.0221843003413 |
+------------+-----------------+-----------------+----------------+-----------------+
| G91(1.0)   | 0.0342465753425 | 0.975750577367  | 0.852941176471 | 0.977815699659  |
+------------+-----------------+-----------------+----------------+-----------------+
+------------+-----------------+----------------+----------------+-----------------+
| ('G83', 1) | G83_1(0.0)      | G83_1(0.0)     | G83_1(1.0)     | G83_1(1.0)      |
+------------+-----------------+----------------+----------------+-----------------+
| ('G90', 0) | G90_0(0.0)      | G90_0(1.0)     | G90_0(0.0)     | G90_0(1.0)      |
+------------+-----------------+----------------+----------------+-----------------+
| G90(0.0)   | 0.965753424658  | 0.617647058824 | 0.696721311475 | 0.0157894736842 |
+------------+-----------------+----------------+----------------+-----------------+
| G90(1.0)   | 0.0342465753425 | 0.382352941176 | 0.303278688525 | 0.984210526316  |
+------------+-----------------+----------------+----------------+-----------------+
+------------+----------------+-----------------+-----------------+----------------+
| ('G21', 0) | G21_0(0.0)     | G21_0(0.0)      | G21_0(1.0)      | G21_0(1.0)     |
+------------+----------------+-----------------+-----------------+----------------+
| ('G98', 0) | G98_0(0.0)     | G98_0(1.0)      | G98_0(0.0)      | G98_0(1.0)     |
+------------+----------------+-----------------+-----------------+----------------+
| G99(0.0)   | 0.233333333333 | 0.0096011816839 | 0.970588235294  | 0.277777777778 |
+------------+----------------+-----------------+-----------------+----------------+
| G99(1.0)   | 0.766666666667 | 0.990398818316  | 0.0294117647059 | 0.722222222222 |
+------------+----------------+-----------------+-----------------+----------------+
+------------+-----------------+----------------+----------------+-----------------+
| ('G5', 1)  | G5_1(0.0)       | G5_1(0.0)      | G5_1(1.0)      | G5_1(1.0)       |
+------------+-----------------+----------------+----------------+-----------------+
| ('G98', 0) | G98_0(0.0)      | G98_0(1.0)     | G98_0(0.0)     | G98_0(1.0)      |
+------------+-----------------+----------------+----------------+-----------------+
| G98(0.0)   | 0.91095890411   | 0.852941176471 | 0.675438596491 | 0.0156950672646 |
+------------+-----------------+----------------+----------------+-----------------+
| G98(1.0)   | 0.0890410958904 | 0.147058823529 | 0.324561403509 | 0.984304932735  |
+------------+-----------------+----------------+----------------+-----------------+
+------------+-----------------+----------------+----------------+----------------+
| ('G10', 0) | G10_0(0.0)      | G10_0(0.0)     | G10_0(1.0)     | G10_0(1.0)     |
+------------+-----------------+----------------+----------------+----------------+
| ('G31', 0) | G31_0(0.0)      | G31_0(1.0)     | G31_0(0.0)     | G31_0(1.0)     |
+------------+-----------------+----------------+----------------+----------------+
| G31(0.0)   | 0.981751824818  | 0.233333333333 | 0.809927360775 | 0.319004524887 |
+------------+-----------------+----------------+----------------+----------------+
| G31(1.0)   | 0.0182481751825 | 0.766666666667 | 0.190072639225 | 0.680995475113 |
+------------+-----------------+----------------+----------------+----------------+
+------------+-----------------+----------------+------------+------------------+
| ('G26', 1) | G26_1(0.0)      | G26_1(0.0)     | G26_1(1.0) | G26_1(1.0)       |
+------------+-----------------+----------------+------------+------------------+
| ('G30', 0) | G30_0(0.0)      | G30_0(1.0)     | G30_0(0.0) | G30_0(1.0)       |
+------------+-----------------+----------------+------------+------------------+
| G30(0.0)   | 0.952830188679  | 0.362068965517 | 0.58       | 0.00352609308886 |
+------------+-----------------+----------------+------------+------------------+
| G30(1.0)   | 0.0471698113208 | 0.637931034483 | 0.42       | 0.996473906911   |
+------------+-----------------+----------------+------------+------------------+
+------------+----------------+----------------+-----------------+----------------+
| ('G50', 1) | G50_1(0.0)     | G50_1(0.0)     | G50_1(1.0)      | G50_1(1.0)     |
+------------+----------------+----------------+-----------------+----------------+
| ('G62', 1) | G62_1(0.0)     | G62_1(1.0)     | G62_1(0.0)      | G62_1(1.0)     |
+------------+----------------+----------------+-----------------+----------------+
| G33(0.0)   | 0.732558139535 | 0.677777777778 | 0.0670103092784 | 0.445945945946 |
+------------+----------------+----------------+-----------------+----------------+
| G33(1.0)   | 0.267441860465 | 0.322222222222 | 0.932989690722  | 0.554054054054 |
+------------+----------------+----------------+-----------------+----------------+
+----------+---+
| G32(0.0) | 1 |
+----------+---+
+------------+-----------------+----------------+----------------+------------------+
| ('G26', 0) | G26_0(0.0)      | G26_0(0.0)     | G26_0(1.0)     | G26_0(1.0)       |
+------------+-----------------+----------------+----------------+------------------+
| ('G35', 0) | G35_0(0.0)      | G35_0(1.0)     | G35_0(0.0)     | G35_0(1.0)       |
+------------+-----------------+----------------+----------------+------------------+
| G35(0.0)   | 0.913793103448  | 0.122641509434 | 0.277777777778 | 0.00344827586207 |
+------------+-----------------+----------------+----------------+------------------+
| G35(1.0)   | 0.0862068965517 | 0.877358490566 | 0.722222222222 | 0.996551724138   |
+------------+-----------------+----------------+----------------+------------------+
+------------+-----------------+----------------+----------------+------------------+
| ('G27', 1) | G27_1(0.0)      | G27_1(0.0)     | G27_1(1.0)     | G27_1(1.0)       |
+------------+-----------------+----------------+----------------+------------------+
| ('G30', 1) | G30_1(0.0)      | G30_1(1.0)     | G30_1(0.0)     | G30_1(1.0)       |
+------------+-----------------+----------------+----------------+------------------+
| G34(0.0)   | 0.0942028985507 | 0.637931034483 | 0.277777777778 | 0.996473906911   |
+------------+-----------------+----------------+----------------+------------------+
| G34(1.0)   | 0.905797101449  | 0.362068965517 | 0.722222222222 | 0.00352609308886 |
+------------+-----------------+----------------+----------------+------------------+
+------------+-----------------+---------------+----------------+-----------------+
| ('G36', 0) | G36_0(0.0)      | G36_0(0.0)    | G36_0(1.0)     | G36_0(1.0)      |
+------------+-----------------+---------------+----------------+-----------------+
| ('G37', 0) | G37_0(0.0)      | G37_0(1.0)    | G37_0(0.0)     | G37_0(1.0)      |
+------------+-----------------+---------------+----------------+-----------------+
| G37(0.0)   | 0.985875706215  | 0.36301369863 | 0.618811881188 | 0.0311827956989 |
+------------+-----------------+---------------+----------------+-----------------+
| G37(1.0)   | 0.0141242937853 | 0.63698630137 | 0.381188118812 | 0.968817204301  |
+------------+-----------------+---------------+----------------+-----------------+
+------------+-----------------+----------------+----------------+-----------------+
| ('G36', 0) | G36_0(0.0)      | G36_0(0.0)     | G36_0(1.0)     | G36_0(1.0)      |
+------------+-----------------+----------------+----------------+-----------------+
| ('G42', 1) | G42_1(0.0)      | G42_1(1.0)     | G42_1(0.0)     | G42_1(1.0)      |
+------------+-----------------+----------------+----------------+-----------------+
| G36(0.0)   | 0.977876106195  | 0.806569343066 | 0.807692307692 | 0.0334538878843 |
+------------+-----------------+----------------+----------------+-----------------+
| G36(1.0)   | 0.0221238938053 | 0.193430656934 | 0.192307692308 | 0.966546112116  |
+------------+-----------------+----------------+----------------+-----------------+
+------------+----------------+-----------------+-----------------+----------------+
| ('G39', 0) | G39_0(0.0)     | G39_0(0.0)      | G39_0(1.0)      | G39_0(1.0)     |
+------------+----------------+-----------------+-----------------+----------------+
| ('G90', 1) | G90_1(0.0)     | G90_1(1.0)      | G90_1(0.0)      | G90_1(1.0)     |
+------------+----------------+-----------------+-----------------+----------------+
| G39(0.0)   | 0.716216216216 | 0.983920367534  | 0.0257731958763 | 0.637931034483 |
+------------+----------------+-----------------+-----------------+----------------+
| G39(1.0)   | 0.283783783784 | 0.0160796324655 | 0.974226804124  | 0.362068965517 |
+------------+----------------+-----------------+-----------------+----------------+
+------------+----------------+-----------------+-----------------+----------------+
| ('G10', 0) | G10_0(0.0)     | G10_0(0.0)      | G10_0(1.0)      | G10_0(1.0)     |
+------------+----------------+-----------------+-----------------+----------------+
| ('G19', 0) | G19_0(0.0)     | G19_0(1.0)      | G19_0(0.0)      | G19_0(1.0)     |
+------------+----------------+-----------------+-----------------+----------------+
| G38(0.0)   | 0.983660130719 | 0.0862068965517 | 0.989465153971  | 0.852941176471 |
+------------+----------------+-----------------+-----------------+----------------+
| G38(1.0)   | 0.016339869281 | 0.913793103448  | 0.0105348460292 | 0.147058823529 |
+------------+----------------+-----------------+-----------------+----------------+
+------------+-----------------+-----------------+----------------+----------------+
| ('G46', 0) | G46_0(0.0)      | G46_0(0.0)      | G46_0(1.0)     | G46_0(1.0)     |
+------------+-----------------+-----------------+----------------+----------------+
| ('G84', 0) | G84_0(0.0)      | G84_0(1.0)      | G84_0(0.0)     | G84_0(1.0)     |
+------------+-----------------+-----------------+----------------+----------------+
| G84(0.0)   | 0.91975308642   | 0.0730337078652 | 0.845776031434 | 0.602189781022 |
+------------+-----------------+-----------------+----------------+----------------+
| G84(1.0)   | 0.0802469135802 | 0.926966292135  | 0.154223968566 | 0.397810218978 |
+------------+-----------------+-----------------+----------------+----------------+
+------------+------------+-----------------+
| ('G83', 0) | G83_0(0.0) | G83_0(1.0)      |
+------------+------------+-----------------+
| G85(0.0)   | 0.9        | 0.0068870523416 |
+------------+------------+-----------------+
| G85(1.0)   | 0.1        | 0.993112947658  |
+------------+------------+-----------------+
+------------+----------------+-----------------+----------------+------------+
| ('G53', 0) | G53_0(0.0)     | G53_0(0.0)      | G53_0(1.0)     | G53_0(1.0) |
+------------+----------------+-----------------+----------------+------------+
| ('G61', 1) | G61_1(0.0)     | G61_1(1.0)      | G61_1(0.0)     | G61_1(1.0) |
+------------+----------------+-----------------+----------------+------------+
| G86(0.0)   | 0.591503267974 | 0.0510204081633 | 0.805799648506 | 0.5        |
+------------+----------------+-----------------+----------------+------------+
| G86(1.0)   | 0.408496732026 | 0.948979591837  | 0.194200351494 | 0.5        |
+------------+----------------+-----------------+----------------+------------+
+------------+------------+-----------------+-----------------+----------------+
| ('G85', 0) | G85_0(0.0) | G85_0(0.0)      | G85_0(1.0)      | G85_0(1.0)     |
+------------+------------+-----------------+-----------------+----------------+
| ('G87', 0) | G87_0(0.0) | G87_0(1.0)      | G87_0(0.0)      | G87_0(1.0)     |
+------------+------------+-----------------+-----------------+----------------+
| G87(0.0)   | 0.5        | 0.0342465753425 | 0.954948301329  | 0.650943396226 |
+------------+------------+-----------------+-----------------+----------------+
| G87(1.0)   | 0.5        | 0.965753424658  | 0.0450516986706 | 0.349056603774 |
+------------+------------+-----------------+-----------------+----------------+
+------------+----------------+------------------+------------+------------+
| ('G20', 1) | G20_1(0.0)     | G20_1(0.0)       | G20_1(1.0) | G20_1(1.0) |
+------------+----------------+------------------+------------+------------+
| ('G63', 0) | G63_0(0.0)     | G63_0(1.0)       | G63_0(0.0) | G63_0(1.0) |
+------------+----------------+------------------+------------+------------+
| G80(0.0)   | 0.789855072464 | 0.996513249651   | 0.1        | 0.5        |
+------------+----------------+------------------+------------+------------+
| G80(1.0)   | 0.210144927536 | 0.00348675034868 | 0.9        | 0.5        |
+------------+----------------+------------------+------------+------------+
+------------+----------------+----------------+----------------+------------+
| ('G21', 0) | G21_0(0.0)     | G21_0(0.0)     | G21_0(1.0)     | G21_0(1.0) |
+------------+----------------+----------------+----------------+------------+
| ('G81', 0) | G81_0(0.0)     | G81_0(1.0)     | G81_0(0.0)     | G81_0(1.0) |
+------------+----------------+----------------+----------------+------------+
| G81(0.0)   | 0.422480620155 | 0.118887015177 | 0.789855072464 | 0.74       |
+------------+----------------+----------------+----------------+------------+
| G81(1.0)   | 0.577519379845 | 0.881112984823 | 0.210144927536 | 0.26       |
+------------+----------------+----------------+----------------+------------+
+-----------+-----------------+-----------------+-----------+-----------------+
| ('G2', 0) | G2_0(0.0)       | G2_0(0.0)       | G2_0(1.0) | G2_0(1.0)       |
+-----------+-----------------+-----------------+-----------+-----------------+
| ('G8', 0) | G8_0(0.0)       | G8_0(1.0)       | G8_0(0.0) | G8_0(1.0)       |
+-----------+-----------------+-----------------+-----------+-----------------+
| G82(0.0)  | 0.0675675675676 | 0.988479262673  | 0.9       | 0.980446927374  |
+-----------+-----------------+-----------------+-----------+-----------------+
| G82(1.0)  | 0.932432432432  | 0.0115207373272 | 0.1       | 0.0195530726257 |
+-----------+-----------------+-----------------+-----------+-----------------+
+------------+-----------------+----------------+-----------------+------------------+
| ('G83', 0) | G83_0(0.0)      | G83_0(0.0)     | G83_0(1.0)      | G83_0(1.0)       |
+------------+-----------------+----------------+-----------------+------------------+
| ('G96', 1) | G96_1(0.0)      | G96_1(1.0)     | G96_1(0.0)      | G96_1(1.0)       |
+------------+-----------------+----------------+-----------------+------------------+
| G83(0.0)   | 0.959016393443  | 0.637931034483 | 0.0636363636364 | 0.00445632798574 |
+------------+-----------------+----------------+-----------------+------------------+
| G83(1.0)   | 0.0409836065574 | 0.362068965517 | 0.936363636364  | 0.995543672014   |
+------------+-----------------+----------------+-----------------+------------------+
+------------+----------------+----------------+-----------------+----------------+
| ('G85', 0) | G85_0(0.0)     | G85_0(0.0)     | G85_0(1.0)      | G85_0(1.0)     |
+------------+----------------+----------------+-----------------+----------------+
| ('G88', 0) | G88_0(0.0)     | G88_0(1.0)     | G88_0(0.0)      | G88_0(1.0)     |
+------------+----------------+----------------+-----------------+----------------+
| G88(0.0)   | 0.147058823529 | 0.210144927536 | 0.984398216939  | 0.184210526316 |
+------------+----------------+----------------+-----------------+----------------+
| G88(1.0)   | 0.852941176471 | 0.789855072464 | 0.0156017830609 | 0.815789473684 |
+------------+----------------+----------------+-----------------+----------------+
+------------+----------------+----------------+----------------+-----------------+
| ('G73', 1) | G73_1(0.0)     | G73_1(0.0)     | G73_1(1.0)     | G73_1(1.0)      |
+------------+----------------+----------------+----------------+-----------------+
| ('G89', 0) | G89_0(0.0)     | G89_0(1.0)     | G89_0(0.0)     | G89_0(1.0)      |
+------------+----------------+----------------+----------------+-----------------+
| G89(0.0)   | 0.966819221968 | 0.154618473896 | 0.540816326531 | 0.0308641975309 |
+------------+----------------+----------------+----------------+-----------------+
| G89(1.0)   | 0.033180778032 | 0.845381526104 | 0.459183673469 | 0.969135802469  |
+------------+----------------+----------------+----------------+-----------------+
[('G42', 'G42'), ('G56', 'G56'), ('G59', 'G59'), ('G1', 'G60'), ('G67', 'G67'), ('G75', 'G75'), ('G19', 'G19'), ('G19', 'G58'), ('G19', 'G38'), ('G19', 'G96'), ('G22', 'G22'), ('G36', 'G37'), ('G36', 'G36'), ('G4', 'G4'), ('G49', 'G49'), ('G84', 'G84'), ('G65', 'G65'), ('G27', 'G17'), ('G27', 'G34'), ('G98', 'G21'), ('G77', 'G77'), ('G12', 'G12'), ('G12', 'G57'), ('G12', 'G70'), ('G93', 'G9'), ('G93', 'G93'), ('G93', 'G95'), ('G2', 'G2'), ('G2', 'G82'), ('G46', 'G84'), ('G46', 'G47'), ('G46', 'G53'), ('G46', 'G49'), ('G46', 'G18'), ('G46', 'G46'), ('G26', 'G28'), ('G26', 'G73'), ('G26', 'G30'), ('G96', 'G83'), ('G71', 'G71'), ('G43', 'G64'), ('G43', 'G94'), ('G43', 'G9'), ('G10', 'G31'), ('G10', 'G44'), ('G10', 'G38'), ('G10', 'G10'), ('G91', 'G92'), ('G91', 'G91'), ('G91', 'G14'), ('G31', 'G31'), ('G74', 'G91'), ('G74', 'G47'), ('G53', 'G57'), ('G53', 'G86'), ('G18', 'G52'), ('G69', 'G69'), ('G69', 'G68'), ('G23', 'G24'), ('G62', 'G62'), ('G42', 'G36'), ('G19', 'G17'), ('G82', 'G15'), ('G51', 'G51'), ('G60', 'G60'), ('G47', 'G3'), ('G27', 'G27'), ('G98', 'G99'), ('G98', 'G98'), ('G77', 'G55'), ('G35', 'G55'), ('G35', 'G35'), ('G38', 'G20'), ('G7', 'G7'), ('G41', 'G41'), ('G93', 'G78'), ('G89', 'G62'), ('G89', 'G89'), ('G66', 'G66'), ('G30', 'G34'), ('G25', 'G25'), ('G71', 'G1'), ('G71', 'G42'), ('G37', 'G37'), ('G37', 'G71'), ('G37', 'G74'), ('G37', 'G29'), ('G37', 'G72'), ('G37', 'G69'), ('G5', 'G2'), ('G5', 'G5'), ('G63', 'G79'), ('G43', 'G45'), ('G43', 'G43'), ('G43', 'G44'), ('G91', 'G43'), ('G91', 'G10'), ('G64', 'G64'), ('G64', 'G63'), ('G74', 'G23'), ('G74', 'G74'), ('G28', 'G54'), ('G53', 'G22'), ('G18', 'G18'), ('G23', 'G23'), ('G94', 'G94'), ('G94', 'G79'), ('G94', 'G95'), ('G73', 'G89'), ('G50', 'G33'), ('G61', 'G86'), ('G45', 'G45'), ('G85', 'G19'), ('G85', 'G87'), ('G85', 'G88'), ('G83', 'G90'), ('G62', 'G33'), ('G9', 'G93'), ('G90', 'G100'), ('G90', 'G39'), ('G76', 'G76'), ('G51', 'G50'), ('G21', 'G81'), ('G21', 'G99'), ('G21', 'G21'), ('G92', 'G92'), ('G56', 'G14'), ('G1', 'G1'), ('G1', 'G29'), ('G47', 'G52'), ('G87', 'G87'), ('G66', 'G75'), ('G66', 'G61'), ('G20', 'G80'), ('G49', 'G58'), ('G49', 'G68'), ('G36', 'G16'), ('G36', 'G5'), ('G57', 'G65'), ('G90', 'G90'), ('G28', 'G28'), ('G54', 'G40'), ('G30', 'G30'), ('G65', 'G8'), ('G81', 'G81'), ('G52', 'G48'), ('G5', 'G98'), ('G63', 'G78'), ('G63', 'G80'), ('G63', 'G63'), ('G63', 'G59'), ('G72', 'G70'), ('G72', 'G76'), ('G72', 'G77'), ('G72', 'G72'), ('G48', 'G53'), ('G2', 'G97'), ('G31', 'G4'), ('G31', 'G41'), ('G26', 'G26'), ('G26', 'G35'), ('G26', 'G27'), ('G39', 'G39'), ('G8', 'G82'), ('G8', 'G54'), ('G8', 'G8'), ('G41', 'G46'), ('G41', 'G66'), ('G41', 'G51'), ('G83', 'G97'), ('G83', 'G96'), ('G83', 'G85'), ('G83', 'G83'), ('G88', 'G61'), ('G88', 'G88'), ('G50', 'G50'), ('G10', 'G56'), ('G10', 'G12'), ('G100', 'G100'), ('G24', 'G67'), ('G24', 'G24'), ('G16', 'G16'), ('G69', 'G48'), ('G69', 'G73'), ('G37', 'G25')]
