[('G24', 'G42'), ('G6', 'G49'), ('G6', 'G42'), ('G6', 'G60'), ('G5', 'G6'), ('G51', 'G97'), ('G51', 'G81'), ('G51', 'G64'), ('G57', 'G17'), ('G57', 'G5'), ('G57', 'G21'), ('G42', 'G43'), ('G42', 'G87'), ('G43', 'G97'), ('G43', 'G67'), ('G78', 'G60'), ('G78', 'G21'), ('G69', 'G40'), ('G69', 'G63'), ('G69', 'G78'), ('G69', 'G91'), ('G60', 'G85'), ('G60', 'G68'), ('G61', 'G65'), ('G66', 'G51'), ('G66', 'G5'), ('G67', 'G69'), ('G64', 'G10'), ('G65', 'G57'), ('G65', 'G81'), ('G17', 'G83'), ('G14', 'G66'), ('G14', 'G67'), ('G10', 'G82'), ('G37', 'G14'), ('G37', 'G61'), ('G85', 'G31'), ('G87', 'G51'), ('G81', 'G78'), ('G82', 'G91'), ('G82', 'G83')]
+----------+---+
| G26(0.0) | 1 |
+----------+---+
+----------+---+
| G27(0.0) | 1 |
+----------+---+
+----------+----------+
| G24(0.0) | 0.433333 |
+----------+----------+
| G24(1.0) | 0.566667 |
+----------+----------+
+----------+---+
| G25(0.0) | 1 |
+----------+---+
+----------+---+
| G22(0.0) | 1 |
+----------+---+
+----------+---+
| G23(1.0) | 1 |
+----------+---+
+----------+---+
| G20(1.0) | 1 |
+----------+---+
+----------+----------------+----------------+----------------+----------------+
| G57      | G57(0.0)       | G57(0.0)       | G57(1.0)       | G57(1.0)       |
+----------+----------------+----------------+----------------+----------------+
| G78      | G78(0.0)       | G78(1.0)       | G78(0.0)       | G78(1.0)       |
+----------+----------------+----------------+----------------+----------------+
| G21(0.0) | 0.807692307692 | 0.722222222222 | 0.147058823529 | 0.880952380952 |
+----------+----------------+----------------+----------------+----------------+
| G21(1.0) | 0.192307692308 | 0.277777777778 | 0.852941176471 | 0.119047619048 |
+----------+----------------+----------------+----------------+----------------+
+----------+---+
| G28(1.0) | 1 |
+----------+---+
+----------+---+
| G29(1.0) | 1 |
+----------+---+
+---------+---+
| G7(1.0) | 1 |
+---------+---+
+---------+----------------+----------------+
| G5      | G5(0.0)        | G5(1.0)        |
+---------+----------------+----------------+
| G6(0.0) | 0.192307692308 | 0.617647058824 |
+---------+----------------+----------------+
| G6(1.0) | 0.807692307692 | 0.382352941176 |
+---------+----------------+----------------+
+---------+----------+----------------+----------------+-----------------+
| G57     | G57(0.0) | G57(0.0)       | G57(1.0)       | G57(1.0)        |
+---------+----------+----------------+----------------+-----------------+
| G66     | G66(0.0) | G66(1.0)       | G66(0.0)       | G66(1.0)        |
+---------+----------+----------------+----------------+-----------------+
| G5(0.0) | 0.5      | 0.852941176471 | 0.722222222222 | 0.0862068965517 |
+---------+----------+----------------+----------------+-----------------+
| G5(1.0) | 0.5      | 0.147058823529 | 0.277777777778 | 0.913793103448  |
+---------+----------+----------------+----------------+-----------------+
+---------+---+
| G4(1.0) | 1 |
+---------+---+
+---------+---+
| G3(1.0) | 1 |
+---------+---+
+---------+---+
| G2(0.0) | 1 |
+---------+---+
+---------+---+
| G1(1.0) | 1 |
+---------+---+
+---------+---+
| G9(1.0) | 1 |
+---------+---+
+---------+---+
| G8(0.0) | 1 |
+---------+---+
+----------+---+
| G53(0.0) | 1 |
+----------+---+
+----------+---+
| G52(1.0) | 1 |
+----------+---+
+----------+----------------+----------+-----------------+----------------+
| G66      | G66(0.0)       | G66(0.0) | G66(1.0)        | G66(1.0)       |
+----------+----------------+----------+-----------------+----------------+
| G87      | G87(0.0)       | G87(1.0) | G87(0.0)        | G87(1.0)       |
+----------+----------------+----------+-----------------+----------------+
| G51(0.0) | 0.277777777778 | 0.5      | 0.932432432432  | 0.277777777778 |
+----------+----------------+----------+-----------------+----------------+
| G51(1.0) | 0.722222222222 | 0.5      | 0.0675675675676 | 0.722222222222 |
+----------+----------------+----------+-----------------+----------------+
+----------+---+
| G50(1.0) | 1 |
+----------+---+
+----------+----------------+----------------+
| G65      | G65(0.0)       | G65(1.0)       |
+----------+----------------+----------------+
| G57(0.0) | 0.282608695652 | 0.642857142857 |
+----------+----------------+----------------+
| G57(1.0) | 0.717391304348 | 0.357142857143 |
+----------+----------------+----------------+
+----------+---+
| G56(0.0) | 1 |
+----------+---+
+----------+---+
| G55(1.0) | 1 |
+----------+---+
+----------+---+
| G54(1.0) | 1 |
+----------+---+
+----------+---+
| G59(1.0) | 1 |
+----------+---+
+----------+---+
| G58(1.0) | 1 |
+----------+---+
+----------+----------+----------------+
| G69      | G69(0.0) | G69(1.0)       |
+----------+----------+----------------+
| G40(0.0) | 0.5      | 0.119047619048 |
+----------+----------+----------------+
| G40(1.0) | 0.5      | 0.880952380952 |
+----------+----------+----------------+
+----------+---+
| G41(0.0) | 1 |
+----------+---+
+----------+----------------+----------------+----------------+----------------+
| G24      | G24(0.0)       | G24(0.0)       | G24(1.0)       | G24(1.0)       |
+----------+----------------+----------------+----------------+----------------+
| G6       | G6(0.0)        | G6(1.0)        | G6(0.0)        | G6(1.0)        |
+----------+----------------+----------------+----------------+----------------+
| G42(0.0) | 0.807692307692 | 0.807692307692 | 0.192307692308 | 0.880952380952 |
+----------+----------------+----------------+----------------+----------------+
| G42(1.0) | 0.192307692308 | 0.192307692308 | 0.807692307692 | 0.119047619048 |
+----------+----------------+----------------+----------------+----------------+
+----------+----------------+----------------+
| G42      | G42(0.0)       | G42(1.0)       |
+----------+----------------+----------------+
| G43(0.0) | 0.690476190476 | 0.277777777778 |
+----------+----------------+----------------+
| G43(1.0) | 0.309523809524 | 0.722222222222 |
+----------+----------------+----------------+
+----------+---+
| G44(1.0) | 1 |
+----------+---+
+----------+---+
| G45(1.0) | 1 |
+----------+---+
+----------+---+
| G46(0.0) | 1 |
+----------+---+
+----------+---+
| G47(0.0) | 1 |
+----------+---+
+----------+---+
| G48(1.0) | 1 |
+----------+---+
+----------+----------------+----------------+
| G6       | G6(0.0)        | G6(1.0)        |
+----------+----------------+----------------+
| G49(0.0) | 0.192307692308 | 0.617647058824 |
+----------+----------------+----------------+
| G49(1.0) | 0.807692307692 | 0.382352941176 |
+----------+----------------+----------------+
+----------+---+
| G75(1.0) | 1 |
+----------+---+
+----------+---+
| G74(1.0) | 1 |
+----------+---+
+----------+---+
| G77(0.0) | 1 |
+----------+---+
+----------+---+
| G76(0.0) | 1 |
+----------+---+
+----------+---+
| G71(0.0) | 1 |
+----------+---+
+----------+---+
| G70(0.0) | 1 |
+----------+---+
+----------+---+
| G73(0.0) | 1 |
+----------+---+
+----------+---+
| G72(0.0) | 1 |
+----------+---+
+----------+---+
| G79(1.0) | 1 |
+----------+---+
+----------+----------+----------------+----------------+----------+
| G69      | G69(0.0) | G69(0.0)       | G69(1.0)       | G69(1.0) |
+----------+----------+----------------+----------------+----------+
| G81      | G81(0.0) | G81(1.0)       | G81(0.0)       | G81(1.0) |
+----------+----------+----------------+----------------+----------+
| G78(0.0) | 0.5      | 0.192307692308 | 0.147058823529 | 0.9      |
+----------+----------+----------------+----------------+----------+
| G78(1.0) | 0.5      | 0.807692307692 | 0.852941176471 | 0.1      |
+----------+----------+----------------+----------------+----------+
+----------+----------------+----------------+
| G60      | G60(0.0)       | G60(1.0)       |
+----------+----------------+----------------+
| G68(0.0) | 0.590909090909 | 0.868421052632 |
+----------+----------------+----------------+
| G68(1.0) | 0.409090909091 | 0.131578947368 |
+----------+----------------+----------------+
+----------+----------------+----------+
| G67      | G67(0.0)       | G67(1.0) |
+----------+----------------+----------+
| G69(0.0) | 0.147058823529 | 0.5      |
+----------+----------------+----------+
| G69(1.0) | 0.852941176471 | 0.5      |
+----------+----------------+----------+
+----------+---+
| G62(1.0) | 1 |
+----------+---+
+----------+----------+----------------+
| G69      | G69(0.0) | G69(1.0)       |
+----------+----------+----------------+
| G63(0.0) | 0.5      | 0.119047619048 |
+----------+----------+----------------+
| G63(1.0) | 0.5      | 0.880952380952 |
+----------+----------+----------------+
+----------+----------------+----------------+----------------+----------------+
| G6       | G6(0.0)        | G6(0.0)        | G6(1.0)        | G6(1.0)        |
+----------+----------------+----------------+----------------+----------------+
| G78      | G78(0.0)       | G78(1.0)       | G78(0.0)       | G78(1.0)       |
+----------+----------------+----------------+----------------+----------------+
| G60(0.0) | 0.192307692308 | 0.192307692308 | 0.852941176471 | 0.147058823529 |
+----------+----------------+----------------+----------------+----------------+
| G60(1.0) | 0.807692307692 | 0.807692307692 | 0.147058823529 | 0.852941176471 |
+----------+----------------+----------------+----------------+----------------+
+----------+----------------+----------------+
| G37      | G37(0.0)       | G37(1.0)       |
+----------+----------------+----------------+
| G61(0.0) | 0.147058823529 | 0.653846153846 |
+----------+----------------+----------------+
| G61(1.0) | 0.852941176471 | 0.346153846154 |
+----------+----------------+----------------+
+----------+----------------+----------------+
| G14      | G14(0.0)       | G14(1.0)       |
+----------+----------------+----------------+
| G66(0.0) | 0.409090909091 | 0.131578947368 |
+----------+----------------+----------------+
| G66(1.0) | 0.590909090909 | 0.868421052632 |
+----------+----------------+----------------+
+----------+----------+----------------+----------------+----------------+
| G14      | G14(0.0) | G14(0.0)       | G14(1.0)       | G14(1.0)       |
+----------+----------+----------------+----------------+----------------+
| G43      | G43(0.0) | G43(1.0)       | G43(0.0)       | G43(1.0)       |
+----------+----------+----------------+----------------+----------------+
| G67(0.0) | 0.5      | 0.722222222222 | 0.880952380952 | 0.147058823529 |
+----------+----------+----------------+----------------+----------------+
| G67(1.0) | 0.5      | 0.277777777778 | 0.119047619048 | 0.852941176471 |
+----------+----------+----------------+----------------+----------------+
+----------+----------------+----------------+
| G51      | G51(0.0)       | G51(1.0)       |
+----------+----------------+----------------+
| G64(0.0) | 0.785714285714 | 0.277777777778 |
+----------+----------------+----------------+
| G64(1.0) | 0.214285714286 | 0.722222222222 |
+----------+----------------+----------------+
+----------+----------------+----------------+
| G61      | G61(0.0)       | G61(1.0)       |
+----------+----------------+----------------+
| G65(0.0) | 0.590909090909 | 0.868421052632 |
+----------+----------------+----------------+
| G65(1.0) | 0.409090909091 | 0.131578947368 |
+----------+----------------+----------------+
+-----------+---+
| G100(1.0) | 1 |
+-----------+---+
+----------+---+
| G19(0.0) | 1 |
+----------+---+
+----------+---+
| G18(1.0) | 1 |
+----------+---+
+----------+----------------+----------------+
| G57      | G57(0.0)       | G57(1.0)       |
+----------+----------------+----------------+
| G17(0.0) | 0.409090909091 | 0.131578947368 |
+----------+----------------+----------------+
| G17(1.0) | 0.590909090909 | 0.868421052632 |
+----------+----------------+----------------+
+----------+---+
| G16(0.0) | 1 |
+----------+---+
+----------+---+
| G15(1.0) | 1 |
+----------+---+
+----------+----------+----------------+
| G37      | G37(0.0) | G37(1.0)       |
+----------+----------+----------------+
| G14(0.0) | 0.5      | 0.192307692308 |
+----------+----------+----------------+
| G14(1.0) | 0.5      | 0.807692307692 |
+----------+----------+----------------+
+----------+---+
| G13(1.0) | 1 |
+----------+---+
+----------+---+
| G12(1.0) | 1 |
+----------+---+
+----------+---+
| G11(1.0) | 1 |
+----------+---+
+----------+----------------+----------------+
| G64      | G64(0.0)       | G64(1.0)       |
+----------+----------------+----------------+
| G10(0.0) | 0.868421052632 | 0.409090909091 |
+----------+----------------+----------------+
| G10(1.0) | 0.131578947368 | 0.590909090909 |
+----------+----------------+----------------+
+----------+----------+----------------+----------------+----------------+
| G43      | G43(0.0) | G43(0.0)       | G43(1.0)       | G43(1.0)       |
+----------+----------+----------------+----------------+----------------+
| G51      | G51(0.0) | G51(1.0)       | G51(0.0)       | G51(1.0)       |
+----------+----------+----------------+----------------+----------------+
| G97(0.0) | 0.9      | 0.277777777778 | 0.382352941176 | 0.277777777778 |
+----------+----------+----------------+----------------+----------------+
| G97(1.0) | 0.1      | 0.722222222222 | 0.617647058824 | 0.722222222222 |
+----------+----------+----------------+----------------+----------------+
+----------+---+
| G96(1.0) | 1 |
+----------+---+
+----------+---+
| G95(1.0) | 1 |
+----------+---+
+----------+---+
| G94(1.0) | 1 |
+----------+---+
+----------+---+
| G93(1.0) | 1 |
+----------+---+
+----------+---+
| G92(1.0) | 1 |
+----------+---+
+----------+----------------+----------+-----------------+----------------+
| G69      | G69(0.0)       | G69(0.0) | G69(1.0)        | G69(1.0)       |
+----------+----------------+----------+-----------------+----------------+
| G82      | G82(0.0)       | G82(1.0) | G82(0.0)        | G82(1.0)       |
+----------+----------------+----------+-----------------+----------------+
| G91(0.0) | 0.807692307692 | 0.5      | 0.0757575757576 | 0.722222222222 |
+----------+----------------+----------+-----------------+----------------+
| G91(1.0) | 0.192307692308 | 0.5      | 0.924242424242  | 0.277777777778 |
+----------+----------------+----------+-----------------+----------------+
+----------+---+
| G90(1.0) | 1 |
+----------+---+
+----------+---+
| G99(1.0) | 1 |
+----------+---+
+----------+---+
| G98(1.0) | 1 |
+----------+---+
+----------+----------------+----------------+
| G85      | G85(0.0)       | G85(1.0)       |
+----------+----------------+----------------+
| G31(0.0) | 0.642857142857 | 0.108695652174 |
+----------+----------------+----------------+
| G31(1.0) | 0.357142857143 | 0.891304347826 |
+----------+----------------+----------------+
+----------+---+
| G30(1.0) | 1 |
+----------+---+
+----------+---+
| G33(0.0) | 1 |
+----------+---+
+----------+---+
| G32(1.0) | 1 |
+----------+---+
+----------+---+
| G35(1.0) | 1 |
+----------+---+
+----------+---+
| G34(1.0) | 1 |
+----------+---+
+----------+----------+
| G37(0.0) | 0.566667 |
+----------+----------+
| G37(1.0) | 0.433333 |
+----------+----------+
+----------+---+
| G36(1.0) | 1 |
+----------+---+
+----------+---+
| G39(1.0) | 1 |
+----------+---+
+----------+---+
| G38(1.0) | 1 |
+----------+---+
+----------+---+
| G84(0.0) | 1 |
+----------+---+
+----------+----------------+----------------+
| G60      | G60(0.0)       | G60(1.0)       |
+----------+----------------+----------------+
| G85(0.0) | 0.409090909091 | 0.131578947368 |
+----------+----------------+----------------+
| G85(1.0) | 0.590909090909 | 0.868421052632 |
+----------+----------------+----------------+
+----------+---+
| G86(1.0) | 1 |
+----------+---+
+----------+----------------+----------+
| G42      | G42(0.0)       | G42(1.0) |
+----------+----------------+----------+
| G87(0.0) | 0.880952380952 | 0.5      |
+----------+----------------+----------+
| G87(1.0) | 0.119047619048 | 0.5      |
+----------+----------------+----------+
+----------+---+
| G80(0.0) | 1 |
+----------+---+
+----------+-----------------+----------------+----------------+----------+
| G51      | G51(0.0)        | G51(0.0)       | G51(1.0)       | G51(1.0) |
+----------+-----------------+----------------+----------------+----------+
| G65      | G65(0.0)        | G65(1.0)       | G65(0.0)       | G65(1.0) |
+----------+-----------------+----------------+----------------+----------+
| G81(0.0) | 0.0757575757576 | 0.722222222222 | 0.807692307692 | 0.5      |
+----------+-----------------+----------------+----------------+----------+
| G81(1.0) | 0.924242424242  | 0.277777777778 | 0.192307692308 | 0.5      |
+----------+-----------------+----------------+----------------+----------+
+----------+----------------+----------+
| G10      | G10(0.0)       | G10(1.0) |
+----------+----------------+----------+
| G82(0.0) | 0.880952380952 | 0.5      |
+----------+----------------+----------+
| G82(1.0) | 0.119047619048 | 0.5      |
+----------+----------------+----------+
+----------+----------------+----------+-----------------+----------------+
| G17      | G17(0.0)       | G17(0.0) | G17(1.0)        | G17(1.0)       |
+----------+----------------+----------+-----------------+----------------+
| G82      | G82(0.0)       | G82(1.0) | G82(0.0)        | G82(1.0)       |
+----------+----------------+----------+-----------------+----------------+
| G83(0.0) | 0.722222222222 | 0.5      | 0.0675675675676 | 0.722222222222 |
+----------+----------------+----------+-----------------+----------------+
| G83(1.0) | 0.277777777778 | 0.5      | 0.932432432432  | 0.277777777778 |
+----------+----------------+----------+-----------------+----------------+
+----------+---+
| G88(1.0) | 1 |
+----------+---+
+----------+---+
| G89(1.0) | 1 |
+----------+---+
[(('G42', 0), ('G42', 1)), (('G56', 0), ('G1', 1)), (('G1', 1), ('G56', 1)), (('G1', 1), ('G35', 1)), (('G1', 1), ('G5', 1)), (('G29', 1), ('G72', 1)), (('G75', 0), ('G75', 1)), (('G75', 0), ('G22', 1)), (('G75', 0), ('G68', 1)), (('G19', 0), ('G19', 1)), (('G22', 0), ('G92', 1)), (('G22', 0), ('G69', 1)), (('G22', 0), ('G22', 1)), (('G14', 0), ('G14', 1)), (('G14', 0), ('G60', 1)), (('G4', 0), ('G31', 1)), (('G4', 0), ('G4', 1)), (('G4', 0), ('G14', 1)), (('G44', 0), ('G20', 1)), (('G44', 0), ('G44', 1)), (('G78', 1), ('G94', 1)), (('G49', 0), ('G81', 1)), (('G84', 0), ('G41', 1)), (('G54', 0), ('G54', 1)), (('G98', 1), ('G40', 1)), (('G98', 1), ('G79', 1)), (('G77', 0), ('G15', 1)), (('G12', 0), ('G12', 1)), (('G93', 0), ('G97', 1)), (('G93', 0), ('G93', 1)), (('G89', 1), ('G82', 1)), (('G89', 1), ('G88', 1)), (('G79', 1), ('G11', 1)), (('G79', 1), ('G52', 1)), (('G2', 0), ('G2', 1)), (('G26', 1), ('G45', 1)), (('G86', 0), ('G86', 1)), (('G99', 1), ('G23', 1)), (('G99', 1), ('G74', 1)), (('G60', 1), ('G66', 1)), (('G25', 1), ('G100', 1)), (('G96', 1), ('G77', 1)), (('G71', 0), ('G71', 1)), (('G71', 0), ('G38', 1)), (('G71', 0), ('G59', 1)), (('G40', 1), ('G39', 1)), (('G40', 1), ('G76', 1)), (('G88', 1), ('G63', 1)), (('G10', 0), ('G10', 1)), (('G91', 0), ('G91', 1)), (('G100', 1), ('G50', 1)), (('G31', 0), ('G31', 1)), (('G74', 1), ('G51', 1)), (('G80', 0), ('G80', 1)), (('G53', 0), ('G53', 1)), (('G53', 0), ('G97', 1)), (('G18', 1), ('G95', 1)), (('G23', 1), ('G25', 1)), (('G42', 1), ('G61', 1)), (('G42', 1), ('G87', 1)), (('G29', 0), ('G66', 1)), (('G9', 0), ('G9', 1)), (('G92', 1), ('G91', 1)), (('G92', 1), ('G93', 1)), (('G19', 1), ('G71', 1)), (('G19', 1), ('G5', 1)), (('G19', 1), ('G65', 1)), (('G76', 1), ('G24', 1)), (('G76', 1), ('G29', 1)), (('G21', 1), ('G17', 1)), (('G44', 1), ('G26', 1)), (('G17', 1), ('G19', 1)), (('G17', 0), ('G17', 1)), (('G17', 0), ('G37', 1)), (('G98', 0), ('G26', 1)), (('G98', 0), ('G73', 1)), (('G98', 0), ('G87', 1)), (('G98', 0), ('G98', 1)), (('G35', 0), ('G35', 1)), (('G38', 0), ('G68', 1)), (('G7', 0), ('G7', 1)), (('G41', 0), ('G9', 1)), (('G89', 0), ('G89', 1)), (('G89', 0), ('G83', 1)), (('G57', 0), ('G57', 1)), (('G30', 1), ('G85', 1)), (('G30', 1), ('G21', 1)), (('G86', 1), ('G43', 1)), (('G86', 1), ('G41', 1)), (('G86', 1), ('G18', 1)), (('G25', 0), ('G46', 1)), (('G25', 0), ('G25', 1)), (('G96', 0), ('G96', 1)), (('G5', 0), ('G7', 1)), (('G5', 0), ('G4', 1)), (('G5', 0), ('G13', 1)), (('G5', 0), ('G60', 1)), (('G58', 1), ('G56', 1)), (('G58', 1), ('G55', 1)), (('G58', 1), ('G44', 1)), (('G58', 1), ('G6', 1)), (('G43', 0), ('G43', 1)), (('G91', 1), ('G78', 1)), (('G48', 0), ('G48', 1)), (('G48', 0), ('G75', 1)), (('G48', 0), ('G52', 1)), (('G55', 0), ('G55', 1)), (('G55', 0), ('G36', 1)), (('G58', 0), ('G8', 1)), (('G58', 0), ('G58', 1)), (('G58', 0), ('G59', 1)), (('G58', 0), ('G10', 1)), (('G87', 1), ('G16', 1)), (('G64', 0), ('G11', 1)), (('G74', 0), ('G32', 1)), (('G74', 0), ('G74', 1)), (('G32', 1), ('G78', 1)), (('G13', 0), ('G64', 1)), (('G13', 0), ('G13', 1)), (('G94', 0), ('G94', 1)), (('G94', 0), ('G18', 1)), (('G3', 0), ('G3', 1)), (('G45', 0), ('G45', 1)), (('G85', 0), ('G85', 1)), (('G9', 1), ('G89', 1)), (('G76', 0), ('G76', 1)), (('G76', 0), ('G80', 1)), (('G34', 1), ('G28', 1)), (('G92', 0), ('G92', 1)), (('G92', 0), ('G63', 1)), (('G52', 1), ('G48', 1)), (('G56', 1), ('G49', 1)), (('G1', 0), ('G2', 1)), (('G47', 0), ('G62', 1)), (('G47', 0), ('G70', 1)), (('G47', 0), ('G37', 1)), (('G47', 0), ('G47', 1)), (('G87', 0), ('G90', 1)), (('G35', 1), ('G30', 1)), (('G7', 1), ('G88', 1)), (('G14', 1), ('G51', 1)), (('G4', 1), ('G21', 1)), (('G90', 0), ('G81', 1)), (('G90', 0), ('G90', 1)), (('G28', 0), ('G62', 1)), (('G28', 0), ('G28', 1)), (('G28', 0), ('G38', 1)), (('G28', 0), ('G47', 1)), (('G54', 1), ('G27', 1)), (('G54', 1), ('G96', 1)), (('G30', 0), ('G1', 1)), (('G30', 0), ('G30', 1)), (('G94', 1), ('G23', 1)), (('G5', 1), ('G58', 1)), (('G5', 1), ('G15', 1)), (('G5', 1), ('G57', 1)), (('G5', 1), ('G12', 1)), (('G5', 1), ('G54', 1)), (('G5', 1), ('G3', 1)), (('G5', 1), ('G86', 1)), (('G5', 1), ('G98', 1)), (('G12', 1), ('G67', 1)), (('G72', 0), ('G70', 1)), (('G72', 0), ('G73', 1)), (('G72', 0), ('G72', 1)), (('G79', 0), ('G61', 1)), (('G79', 0), ('G79', 1)), (('G48', 1), ('G34', 1)), (('G48', 1), ('G99', 1)), (('G55', 1), ('G83', 1)), (('G99', 0), ('G99', 1)), (('G39', 0), ('G39', 1)), (('G39', 0), ('G65', 1)), (('G8', 0), ('G8', 1)), (('G41', 1), ('G84', 1)), (('G40', 0), ('G40', 1)), (('G40', 0), ('G95', 1)), (('G83', 0), ('G69', 1)), (('G50', 0), ('G53', 1)), (('G50', 0), ('G50', 1)), (('G50', 0), ('G42', 1)), (('G3', 1), ('G64', 1)), (('G3', 1), ('G82', 1)), (('G10', 1), ('G49', 1)), (('G100', 0), ('G100', 1)), (('G15', 1), ('G77', 1)), (('G24', 0), ('G24', 1)), (('G16', 0), ('G16', 1)), (('G16', 0), ('G29', 1)), (('G34', 0), ('G34', 1)), (('G34', 0), ('G36', 1)), (('G6', 0), ('G6', 1)), (('G37', 1), ('G67', 1))]
+------------+-----------------+----------------+-----------------+------------------+
| ('G44', 1) | G44_1(0.0)      | G44_1(0.0)     | G44_1(1.0)      | G44_1(1.0)       |
+------------+-----------------+----------------+-----------------+------------------+
| ('G98', 0) | G98_0(0.0)      | G98_0(1.0)     | G98_0(0.0)      | G98_0(1.0)       |
+------------+-----------------+----------------+-----------------+------------------+
| G26(0.0)   | 0.932432432432  | 0.224137931034 | 0.97311827957   | 0.996194824962   |
+------------+-----------------+----------------+-----------------+------------------+
| G26(1.0)   | 0.0675675675676 | 0.775862068966 | 0.0268817204301 | 0.00380517503805 |
+------------+-----------------+----------------+-----------------+------------------+
+------------+----------------+------------------+
| ('G54', 1) | G54_1(0.0)     | G54_1(1.0)       |
+------------+----------------+------------------+
| G27(0.0)   | 0.894957983193 | 0.991349480969   |
+------------+----------------+------------------+
| G27(1.0)   | 0.105042016807 | 0.00865051903114 |
+------------+----------------+------------------+
+------------+----------------+----------------+----------------+-----------------+
| ('G24', 0) | G24_0(0.0)     | G24_0(0.0)     | G24_0(1.0)     | G24_0(1.0)      |
+------------+----------------+----------------+----------------+-----------------+
| ('G76', 1) | G76_1(0.0)     | G76_1(1.0)     | G76_1(0.0)     | G76_1(1.0)      |
+------------+----------------+----------------+----------------+-----------------+
| G24(0.0)   | 0.635231316726 | 0.192307692308 | 0.284061696658 | 0.0187969924812 |
+------------+----------------+----------------+----------------+-----------------+
| G24(1.0)   | 0.364768683274 | 0.807692307692 | 0.715938303342 | 0.981203007519  |
+------------+----------------+----------------+----------------+-----------------+
+------------+----------------+-----------------+------------------+------------+
| ('G23', 1) | G23_1(0.0)     | G23_1(0.0)      | G23_1(1.0)       | G23_1(1.0) |
+------------+----------------+-----------------+------------------+------------+
| ('G25', 0) | G25_0(0.0)     | G25_0(1.0)      | G25_0(0.0)       | G25_0(1.0) |
+------------+----------------+-----------------+------------------+------------+
| G25(0.0)   | 0.847826086957 | 0.0384615384615 | 0.990045941807   | 0.5        |
+------------+----------------+-----------------+------------------+------------+
| G25(1.0)   | 0.152173913043 | 0.961538461538  | 0.00995405819296 | 0.5        |
+------------+----------------+-----------------+------------------+------------+
+------------+------------+------------------+------------+----------------+
| ('G22', 0) | G22_0(0.0) | G22_0(0.0)       | G22_0(1.0) | G22_0(1.0)     |
+------------+------------+------------------+------------+----------------+
| ('G75', 0) | G75_0(0.0) | G75_0(1.0)       | G75_0(0.0) | G75_0(1.0)     |
+------------+------------+------------------+------------+----------------+
| G22(0.0)   | 0.5        | 0.99621785174    | 0.74       | 0.123529411765 |
+------------+------------+------------------+------------+----------------+
| G22(1.0)   | 0.5        | 0.00378214826021 | 0.26       | 0.876470588235 |
+------------+------------+------------------+------------+----------------+
+------------+------------+----------------+----------------+-----------------+
| ('G94', 1) | G94_1(0.0) | G94_1(0.0)     | G94_1(1.0)     | G94_1(1.0)      |
+------------+------------+----------------+----------------+-----------------+
| ('G99', 1) | G99_1(0.0) | G99_1(1.0)     | G99_1(0.0)     | G99_1(1.0)      |
+------------+------------+----------------+----------------+-----------------+
| G23(0.0)   | 0.5        | 0.623456790123 | 0.876470588235 | 0.0100775193798 |
+------------+------------+----------------+----------------+-----------------+
| G23(1.0)   | 0.5        | 0.376543209877 | 0.123529411765 | 0.98992248062   |
+------------+------------+----------------+----------------+-----------------+
+------------+----------------+------------------+
| ('G44', 0) | G44_0(0.0)     | G44_0(1.0)       |
+------------+----------------+------------------+
| G20(0.0)   | 0.681818181818 | 0.00666666666667 |
+------------+----------------+------------------+
| G20(1.0)   | 0.318181818182 | 0.993333333333   |
+------------+----------------+------------------+
+------------+-----------------+-----------------+-----------------+---------------+
| ('G30', 1) | G30_1(0.0)      | G30_1(0.0)      | G30_1(1.0)      | G30_1(1.0)    |
+------------+-----------------+-----------------+-----------------+---------------+
| ('G4', 1)  | G4_1(0.0)       | G4_1(1.0)       | G4_1(0.0)       | G4_1(1.0)     |
+------------+-----------------+-----------------+-----------------+---------------+
| G21(0.0)   | 0.967532467532  | 0.944444444444  | 0.913145539906  | 0.47920997921 |
+------------+-----------------+-----------------+-----------------+---------------+
| G21(1.0)   | 0.0324675324675 | 0.0555555555556 | 0.0868544600939 | 0.52079002079 |
+------------+-----------------+-----------------+-----------------+---------------+
+------------+-----------------+----------------+----------------+------------------+
| ('G28', 0) | G28_0(0.0)      | G28_0(0.0)     | G28_0(1.0)     | G28_0(1.0)       |
+------------+-----------------+----------------+----------------+------------------+
| ('G34', 1) | G34_1(0.0)      | G34_1(1.0)     | G34_1(0.0)     | G34_1(1.0)       |
+------------+-----------------+----------------+----------------+------------------+
| G28(0.0)   | 0.965753424658  | 0.147058823529 | 0.322222222222 | 0.00367107195301 |
+------------+-----------------+----------------+----------------+------------------+
| G28(1.0)   | 0.0342465753425 | 0.852941176471 | 0.677777777778 | 0.996328928047   |
+------------+-----------------+----------------+----------------+------------------+
+------------+-----------------+----------------+----------------+-----------------+
| ('G16', 0) | G16_0(0.0)      | G16_0(0.0)     | G16_0(1.0)     | G16_0(1.0)      |
+------------+-----------------+----------------+----------------+-----------------+
| ('G76', 1) | G76_1(0.0)      | G76_1(1.0)     | G76_1(0.0)     | G76_1(1.0)      |
+------------+-----------------+----------------+----------------+-----------------+
| G29(0.0)   | 0.0256637168142 | 0.328571428571 | 0.290476190476 | 0.939024390244  |
+------------+-----------------+----------------+----------------+-----------------+
| G29(1.0)   | 0.974336283186  | 0.671428571429 | 0.709523809524 | 0.0609756097561 |
+------------+-----------------+----------------+----------------+-----------------+
+-----------+-----------------+----------------+----------------+------------------+
| ('G5', 0) | G5_0(0.0)       | G5_0(0.0)      | G5_0(1.0)      | G5_0(1.0)        |
+-----------+-----------------+----------------+----------------+------------------+
| ('G7', 0) | G7_0(0.0)       | G7_0(1.0)      | G7_0(0.0)      | G7_0(1.0)        |
+-----------+-----------------+----------------+----------------+------------------+
| G7(0.0)   | 0.97311827957   | 0.036523929471 | 0.147058823529 | 0.00809061488673 |
+-----------+-----------------+----------------+----------------+------------------+
| G7(1.0)   | 0.0268817204301 | 0.963476070529 | 0.852941176471 | 0.991909385113   |
+-----------+-----------------+----------------+----------------+------------------+
+------------+-----------------+-----------------+----------------+----------------+
| ('G58', 1) | G58_1(0.0)      | G58_1(0.0)      | G58_1(1.0)     | G58_1(1.0)     |
+------------+-----------------+-----------------+----------------+----------------+
| ('G6', 0)  | G6_0(0.0)       | G6_0(1.0)       | G6_0(0.0)      | G6_0(1.0)      |
+------------+-----------------+-----------------+----------------+----------------+
| G6(0.0)    | 0.939024390244  | 0.0323383084577 | 0.487577639752 | 0.199757869249 |
+------------+-----------------+-----------------+----------------+----------------+
| G6(1.0)    | 0.0609756097561 | 0.967661691542  | 0.512422360248 | 0.800242130751 |
+------------+-----------------+-----------------+----------------+----------------+
+------------+----------------+-----------------+----------------+----------------+
| ('G1', 1)  | G1_1(0.0)      | G1_1(0.0)       | G1_1(1.0)      | G1_1(1.0)      |
+------------+----------------+-----------------+----------------+----------------+
| ('G19', 1) | G19_1(0.0)     | G19_1(1.0)      | G19_1(0.0)     | G19_1(1.0)     |
+------------+----------------+-----------------+----------------+----------------+
| G5(0.0)    | 0.815789473684 | 0.979338842975  | 0.332167832168 | 0.873205741627 |
+------------+----------------+-----------------+----------------+----------------+
| G5(1.0)    | 0.184210526316 | 0.0206611570248 | 0.667832167832 | 0.126794258373 |
+------------+----------------+-----------------+----------------+----------------+
+-----------+-----------------+----------------+----------------+-----------------+
| ('G4', 0) | G4_0(0.0)       | G4_0(0.0)      | G4_0(1.0)      | G4_0(1.0)       |
+-----------+-----------------+----------------+----------------+-----------------+
| ('G5', 0) | G5_0(0.0)       | G5_0(1.0)      | G5_0(0.0)      | G5_0(1.0)       |
+-----------+-----------------+----------------+----------------+-----------------+
| G4(0.0)   | 0.972103004292  | 0.324561403509 | 0.134241245136 | 0.0390334572491 |
+-----------+-----------------+----------------+----------------+-----------------+
| G4(1.0)   | 0.0278969957082 | 0.675438596491 | 0.865758754864 | 0.960966542751  |
+-----------+-----------------+----------------+----------------+-----------------+
+-----------+-----------------+----------------+-----------------+------------------+
| ('G3', 0) | G3_0(0.0)       | G3_0(0.0)      | G3_0(1.0)       | G3_0(1.0)        |
+-----------+-----------------+----------------+-----------------+------------------+
| ('G5', 1) | G5_1(0.0)       | G5_1(1.0)      | G5_1(0.0)       | G5_1(1.0)        |
+-----------+-----------------+----------------+-----------------+------------------+
| G3(0.0)   | 0.967532467532  | 0.192307692308 | 0.0157384987893 | 0.00798722044728 |
+-----------+-----------------+----------------+-----------------+------------------+
| G3(1.0)   | 0.0324675324675 | 0.807692307692 | 0.984261501211  | 0.992012779553   |
+-----------+-----------------+----------------+-----------------+------------------+
+-----------+----------------+---------------+------------------+-----------+
| ('G1', 0) | G1_0(0.0)      | G1_0(0.0)     | G1_0(1.0)        | G1_0(1.0) |
+-----------+----------------+---------------+------------------+-----------+
| ('G2', 0) | G2_0(0.0)      | G2_0(1.0)     | G2_0(0.0)        | G2_0(1.0) |
+-----------+----------------+---------------+------------------+-----------+
| G2(0.0)   | 0.702247191011 | 0.11797752809 | 0.995921696574   | 0.74      |
+-----------+----------------+---------------+------------------+-----------+
| G2(1.0)   | 0.297752808989 | 0.88202247191 | 0.00407830342577 | 0.26      |
+-----------+----------------+---------------+------------------+-----------+
+------------+------------+----------------+------------------+----------------+
| ('G30', 0) | G30_0(0.0) | G30_0(0.0)     | G30_0(1.0)       | G30_0(1.0)     |
+------------+------------+----------------+------------------+----------------+
| ('G56', 0) | G56_0(0.0) | G56_0(1.0)     | G56_0(0.0)       | G56_0(1.0)     |
+------------+------------+----------------+------------------+----------------+
| G1(0.0)    | 0.58       | 0.856435643564 | 0.00421585160202 | 0.768041237113 |
+------------+------------+----------------+------------------+----------------+
| G1(1.0)    | 0.42       | 0.143564356436 | 0.995784148398   | 0.231958762887 |
+------------+------------+----------------+------------------+----------------+
+------------+----------------+-----------------+------------+----------------+
| ('G41', 0) | G41_0(0.0)     | G41_0(0.0)      | G41_0(1.0) | G41_0(1.0)     |
+------------+----------------+-----------------+------------+----------------+
| ('G9', 0)  | G9_0(0.0)      | G9_0(1.0)       | G9_0(0.0)  | G9_0(1.0)      |
+------------+----------------+-----------------+------------+----------------+
| G9(0.0)    | 0.768041237113 | 0.0336322869955 | 0.5        | 0.690476190476 |
+------------+----------------+-----------------+------------+----------------+
| G9(1.0)    | 0.231958762887 | 0.966367713004  | 0.5        | 0.309523809524 |
+------------+----------------+-----------------+------------+----------------+
+------------+----------------+-----------------+-----------------+----------------+
| ('G58', 0) | G58_0(0.0)     | G58_0(0.0)      | G58_0(1.0)      | G58_0(1.0)     |
+------------+----------------+-----------------+-----------------+----------------+
| ('G8', 0)  | G8_0(0.0)      | G8_0(1.0)       | G8_0(0.0)       | G8_0(1.0)      |
+------------+----------------+-----------------+-----------------+----------------+
| G8(0.0)    | 0.850515463918 | 0.0172413793103 | 0.9557956778    | 0.530769230769 |
+------------+----------------+-----------------+-----------------+----------------+
| G8(1.0)    | 0.149484536082 | 0.98275862069   | 0.0442043222004 | 0.469230769231 |
+------------+----------------+-----------------+-----------------+----------------+
+------------+----------------+---------------+----------------+----------------+
| ('G50', 0) | G50_0(0.0)     | G50_0(0.0)    | G50_0(1.0)     | G50_0(1.0)     |
+------------+----------------+---------------+----------------+----------------+
| ('G53', 0) | G53_0(0.0)     | G53_0(1.0)    | G53_0(0.0)     | G53_0(1.0)     |
+------------+----------------+---------------+----------------+----------------+
| G53(0.0)   | 0.675438596491 | 0.12962962963 | 0.982982171799 | 0.303278688525 |
+------------+----------------+---------------+----------------+----------------+
| G53(1.0)   | 0.324561403509 | 0.87037037037 | 0.017017828201 | 0.696721311475 |
+------------+----------------+---------------+----------------+----------------+
+------------+-----------------+------------+-----------------+-----------------+
| ('G48', 0) | G48_0(0.0)      | G48_0(0.0) | G48_0(1.0)      | G48_0(1.0)      |
+------------+-----------------+------------+-----------------+-----------------+
| ('G79', 1) | G79_1(0.0)      | G79_1(1.0) | G79_1(0.0)      | G79_1(1.0)      |
+------------+-----------------+------------+-----------------+-----------------+
| G52(0.0)   | 0.0555555555556 | 0.82       | 0.0438596491228 | 0.0178268251273 |
+------------+-----------------+------------+-----------------+-----------------+
| G52(1.0)   | 0.944444444444  | 0.18       | 0.956140350877  | 0.982173174873  |
+------------+-----------------+------------+-----------------+-----------------+
+------------+----------------+----------------+-----------------+-----------------+
| ('G14', 1) | G14_1(0.0)     | G14_1(0.0)     | G14_1(1.0)      | G14_1(1.0)      |
+------------+----------------+----------------+-----------------+-----------------+
| ('G74', 1) | G74_1(0.0)     | G74_1(1.0)     | G74_1(0.0)      | G74_1(1.0)      |
+------------+----------------+----------------+-----------------+-----------------+
| G51(0.0)   | 0.277777777778 | 0.507117437722 | 0.0675675675676 | 0.91308793456   |
+------------+----------------+----------------+-----------------+-----------------+
| G51(1.0)   | 0.722222222222 | 0.492882562278 | 0.932432432432  | 0.0869120654397 |
+------------+----------------+----------------+-----------------+-----------------+
+-------------+-----------------+----------------+----------------+-----------------+
| ('G100', 1) | G100_1(0.0)     | G100_1(0.0)    | G100_1(1.0)    | G100_1(1.0)     |
+-------------+-----------------+----------------+----------------+-----------------+
| ('G50', 0)  | G50_0(0.0)      | G50_0(1.0)     | G50_0(0.0)     | G50_0(1.0)      |
+-------------+-----------------+----------------+----------------+-----------------+
| G50(0.0)    | 0.939024390244  | 0.722222222222 | 0.685567010309 | 0.0396113602392 |
+-------------+-----------------+----------------+----------------+-----------------+
| G50(1.0)    | 0.0609756097561 | 0.277777777778 | 0.314432989691 | 0.960388639761  |
+-------------+-----------------+----------------+----------------+-----------------+
+------------+-----------------+----------------+----------------+-----------------+
| ('G5', 1)  | G5_1(0.0)       | G5_1(0.0)      | G5_1(1.0)      | G5_1(1.0)       |
+------------+-----------------+----------------+----------------+-----------------+
| ('G57', 0) | G57_0(0.0)      | G57_0(1.0)     | G57_0(0.0)     | G57_0(1.0)      |
+------------+-----------------+----------------+----------------+-----------------+
| G57(0.0)   | 0.902116402116  | 0.141196013289 | 0.324561403509 | 0.0539033457249 |
+------------+-----------------+----------------+----------------+-----------------+
| G57(1.0)   | 0.0978835978836 | 0.858803986711 | 0.675438596491 | 0.946096654275  |
+------------+-----------------+----------------+----------------+-----------------+
+------------+-----------------+----------------+---------------+-----------------+
| ('G1', 1)  | G1_1(0.0)       | G1_1(0.0)      | G1_1(1.0)     | G1_1(1.0)       |
+------------+-----------------+----------------+---------------+-----------------+
| ('G58', 1) | G58_1(0.0)      | G58_1(1.0)     | G58_1(0.0)    | G58_1(1.0)      |
+------------+-----------------+----------------+---------------+-----------------+
| G56(0.0)   | 0.0151515151515 | 0.192307692308 | 0.75974025974 | 0.988413547237  |
+------------+-----------------+----------------+---------------+-----------------+
| G56(1.0)   | 0.984848484848  | 0.807692307692 | 0.24025974026 | 0.0115864527629 |
+------------+-----------------+----------------+---------------+-----------------+
+------------+---------------+----------------+----------------+-----------------+
| ('G55', 0) | G55_0(0.0)    | G55_0(0.0)     | G55_0(1.0)     | G55_0(1.0)      |
+------------+---------------+----------------+----------------+-----------------+
| ('G58', 1) | G58_1(0.0)    | G58_1(1.0)     | G58_1(0.0)     | G58_1(1.0)      |
+------------+---------------+----------------+----------------+-----------------+
| G55(0.0)   | 0.89175257732 | 0.147058823529 | 0.127586206897 | 0.0116696588869 |
+------------+---------------+----------------+----------------+-----------------+
| G55(1.0)   | 0.10824742268 | 0.852941176471 | 0.872413793103 | 0.988330341113  |
+------------+---------------+----------------+----------------+-----------------+
+------------+-----------------+----------------+----------------+------------------+
| ('G5', 1)  | G5_1(0.0)       | G5_1(0.0)      | G5_1(1.0)      | G5_1(1.0)        |
+------------+-----------------+----------------+----------------+------------------+
| ('G54', 0) | G54_0(0.0)      | G54_0(1.0)     | G54_0(0.0)     | G54_0(1.0)       |
+------------+-----------------+----------------+----------------+------------------+
| G54(0.0)   | 0.906091370558  | 0.145051194539 | 0.353658536585 | 0.00877192982456 |
+------------+-----------------+----------------+----------------+------------------+
| G54(1.0)   | 0.0939086294416 | 0.854948805461 | 0.646341463415 | 0.991228070175   |
+------------+-----------------+----------------+----------------+------------------+
+------------+-----------------+----------------+-----------------+-----------------+
| ('G58', 0) | G58_0(0.0)      | G58_0(0.0)     | G58_0(1.0)      | G58_0(1.0)      |
+------------+-----------------+----------------+-----------------+-----------------+
| ('G71', 0) | G71_0(0.0)      | G71_0(1.0)     | G71_0(0.0)      | G71_0(1.0)      |
+------------+-----------------+----------------+-----------------+-----------------+
| G59(0.0)   | 0.916184971098  | 0.326086956522 | 0.0563770794824 | 0.0757575757576 |
+------------+-----------------+----------------+-----------------+-----------------+
| G59(1.0)   | 0.0838150289017 | 0.673913043478 | 0.943622920518  | 0.924242424242  |
+------------+-----------------+----------------+-----------------+-----------------+
+------------+-----------------+----------------+-----------------+------------------+
| ('G5', 1)  | G5_1(0.0)       | G5_1(0.0)      | G5_1(1.0)       | G5_1(1.0)        |
+------------+-----------------+----------------+-----------------+------------------+
| ('G58', 0) | G58_0(0.0)      | G58_0(1.0)     | G58_0(0.0)      | G58_0(1.0)       |
+------------+-----------------+----------------+-----------------+------------------+
| G58(0.0)   | 0.930622009569  | 0.151245551601 | 0.0757575757576 | 0.00853242320819 |
+------------+-----------------+----------------+-----------------+------------------+
| G58(1.0)   | 0.0693779904306 | 0.848754448399 | 0.924242424242  | 0.991467576792   |
+------------+-----------------+----------------+-----------------+------------------+
+------------+-----------------+----------------+----------------+----------------+
| ('G40', 0) | G40_0(0.0)      | G40_0(0.0)     | G40_0(1.0)     | G40_0(1.0)     |
+------------+-----------------+----------------+----------------+----------------+
| ('G98', 1) | G98_1(0.0)      | G98_1(1.0)     | G98_1(0.0)     | G98_1(1.0)     |
+------------+-----------------+----------------+----------------+----------------+
| G40(0.0)   | 0.977876106195  | 0.669312169312 | 0.852941176471 | 0.109657947686 |
+------------+-----------------+----------------+----------------+----------------+
| G40(1.0)   | 0.0221238938053 | 0.330687830688 | 0.147058823529 | 0.890342052314 |
+------------+-----------------+----------------+----------------+----------------+
+------------+----------------+------------------+-----------------+----------------+
| ('G84', 0) | G84_0(0.0)     | G84_0(0.0)       | G84_0(1.0)      | G84_0(1.0)     |
+------------+----------------+------------------+-----------------+----------------+
| ('G86', 1) | G86_1(0.0)     | G86_1(1.0)       | G86_1(0.0)      | G86_1(1.0)     |
+------------+----------------+------------------+-----------------+----------------+
| G41(0.0)   | 0.867346938776 | 0.996513249651   | 0.0609756097561 | 0.722222222222 |
+------------+----------------+------------------+-----------------+----------------+
| G41(1.0)   | 0.132653061224 | 0.00348675034868 | 0.939024390244  | 0.277777777778 |
+------------+----------------+------------------+-----------------+----------------+
+------------+------------+----------------+-----------------+----------------+
| ('G42', 0) | G42_0(0.0) | G42_0(0.0)     | G42_0(1.0)      | G42_0(1.0)     |
+------------+------------+----------------+-----------------+----------------+
| ('G50', 0) | G50_0(0.0) | G50_0(1.0)     | G50_0(0.0)      | G50_0(1.0)     |
+------------+------------+----------------+-----------------+----------------+
| G42(0.0)   | 0.58       | 0.811212814645 | 0.0221238938053 | 0.392116182573 |
+------------+------------+----------------+-----------------+----------------+
| G42(1.0)   | 0.42       | 0.188787185355 | 0.977876106195  | 0.607883817427 |
+------------+------------+----------------+-----------------+----------------+
+------------+----------------+----------------+-----------------+----------------+
| ('G43', 0) | G43_0(0.0)     | G43_0(0.0)     | G43_0(1.0)      | G43_0(1.0)     |
+------------+----------------+----------------+-----------------+----------------+
| ('G86', 1) | G86_1(0.0)     | G86_1(1.0)     | G86_1(0.0)      | G86_1(1.0)     |
+------------+----------------+----------------+-----------------+----------------+
| G43(0.0)   | 0.277777777778 | 0.746648793566 | 0.0308641975309 | 0.290368271955 |
+------------+----------------+----------------+-----------------+----------------+
| G43(1.0)   | 0.722222222222 | 0.253351206434 | 0.969135802469  | 0.709631728045 |
+------------+----------------+----------------+-----------------+----------------+
+------------+----------------+----------------+-----------------+------------------+
| ('G44', 0) | G44_0(0.0)     | G44_0(0.0)     | G44_0(1.0)      | G44_0(1.0)       |
+------------+----------------+----------------+-----------------+------------------+
| ('G58', 1) | G58_1(0.0)     | G58_1(1.0)     | G58_1(0.0)      | G58_1(1.0)       |
+------------+----------------+----------------+-----------------+------------------+
| G44(0.0)   | 0.877358490566 | 0.192307692308 | 0.0767195767196 | 0.00445632798574 |
+------------+----------------+----------------+-----------------+------------------+
| G44(1.0)   | 0.122641509434 | 0.807692307692 | 0.92328042328   | 0.995543672014   |
+------------+----------------+----------------+-----------------+------------------+
+------------+----------------+------------------+----------------+----------------+
| ('G26', 1) | G26_1(0.0)     | G26_1(0.0)       | G26_1(1.0)     | G26_1(1.0)     |
+------------+----------------+------------------+----------------+----------------+
| ('G45', 0) | G45_0(0.0)     | G45_0(1.0)       | G45_0(0.0)     | G45_0(1.0)     |
+------------+----------------+------------------+----------------+----------------+
| G45(0.0)   | 0.617647058824 | 0.00325097529259 | 0.880952380952 | 0.722222222222 |
+------------+----------------+------------------+----------------+----------------+
| G45(1.0)   | 0.382352941176 | 0.996749024707   | 0.119047619048 | 0.277777777778 |
+------------+----------------+------------------+----------------+----------------+
+------------+------------------+----------------+
| ('G25', 0) | G25_0(0.0)       | G25_0(1.0)     |
+------------+------------------+----------------+
| G46(0.0)   | 0.993074792244   | 0.776595744681 |
+------------+------------------+----------------+
| G46(1.0)   | 0.00692520775623 | 0.223404255319 |
+------------+------------------+----------------+
+------------+------------+-----------------+-----------------+----------------+
| ('G28', 0) | G28_0(0.0) | G28_0(0.0)      | G28_0(1.0)      | G28_0(1.0)     |
+------------+------------+-----------------+-----------------+----------------+
| ('G47', 0) | G47_0(0.0) | G47_0(1.0)      | G47_0(0.0)      | G47_0(1.0)     |
+------------+------------+-----------------+-----------------+----------------+
| G47(0.0)   | 0.58       | 0.0384615384615 | 0.984848484848  | 0.560606060606 |
+------------+------------+-----------------+-----------------+----------------+
| G47(1.0)   | 0.42       | 0.961538461538  | 0.0151515151515 | 0.439393939394 |
+------------+------------+-----------------+-----------------+----------------+
+------------+-----------------+----------------+----------------+-----------------+
| ('G48', 0) | G48_0(0.0)      | G48_0(0.0)     | G48_0(1.0)     | G48_0(1.0)      |
+------------+-----------------+----------------+----------------+-----------------+
| ('G52', 1) | G52_1(0.0)      | G52_1(1.0)     | G52_1(0.0)     | G52_1(1.0)      |
+------------+-----------------+----------------+----------------+-----------------+
| G48(0.0)   | 0.97619047619   | 0.715384615385 | 0.807692307692 | 0.0165876777251 |
+------------+-----------------+----------------+----------------+-----------------+
| G48(1.0)   | 0.0238095238095 | 0.284615384615 | 0.192307692308 | 0.983412322275  |
+------------+-----------------+----------------+----------------+-----------------+
+------------+----------------+-----------------+----------------+-----------------+
| ('G10', 1) | G10_1(0.0)     | G10_1(0.0)      | G10_1(1.0)     | G10_1(1.0)      |
+------------+----------------+-----------------+----------------+-----------------+
| ('G56', 1) | G56_1(0.0)     | G56_1(1.0)      | G56_1(0.0)     | G56_1(1.0)      |
+------------+----------------+-----------------+----------------+-----------------+
| G49(0.0)   | 0.240458015267 | 0.0862068965517 | 0.526666666667 | 0.0384615384615 |
+------------+----------------+-----------------+----------------+-----------------+
| G49(1.0)   | 0.759541984733 | 0.913793103448  | 0.473333333333 | 0.961538461538  |
+------------+----------------+-----------------+----------------+-----------------+
+------------+-----------------+------------+------------+----------------+
| ('G48', 0) | G48_0(0.0)      | G48_0(0.0) | G48_0(1.0) | G48_0(1.0)     |
+------------+-----------------+------------+------------+----------------+
| ('G75', 0) | G75_0(0.0)      | G75_0(1.0) | G75_0(0.0) | G75_0(1.0)     |
+------------+-----------------+------------+------------+----------------+
| G75(0.0)   | 0.944444444444  | 0.02       | 0.1        | 0.036231884058 |
+------------+-----------------+------------+------------+----------------+
| G75(1.0)   | 0.0555555555556 | 0.98       | 0.9        | 0.963768115942 |
+------------+-----------------+------------+------------+----------------+
+------------+-----------------+----------------+----------------+------------------+
| ('G74', 0) | G74_0(0.0)      | G74_0(0.0)     | G74_0(1.0)     | G74_0(1.0)       |
+------------+-----------------+----------------+----------------+------------------+
| ('G99', 1) | G99_1(0.0)      | G99_1(1.0)     | G99_1(0.0)     | G99_1(1.0)       |
+------------+-----------------+----------------+----------------+------------------+
| G74(0.0)   | 0.932432432432  | 0.277777777778 | 0.122641509434 | 0.00348675034868 |
+------------+-----------------+----------------+----------------+------------------+
| G74(1.0)   | 0.0675675675676 | 0.722222222222 | 0.877358490566 | 0.996513249651   |
+------------+-----------------+----------------+----------------+------------------+
+------------+----------------+-----------------+-----------------+------------------+
| ('G15', 1) | G15_1(0.0)     | G15_1(0.0)      | G15_1(1.0)      | G15_1(1.0)       |
+------------+----------------+-----------------+-----------------+------------------+
| ('G96', 1) | G96_1(0.0)     | G96_1(1.0)      | G96_1(0.0)      | G96_1(1.0)       |
+------------+----------------+-----------------+-----------------+------------------+
| G77(0.0)   | 0.617647058824 | 0.0294117647059 | 0.905797101449  | 0.996124031008   |
+------------+----------------+-----------------+-----------------+------------------+
| G77(1.0)   | 0.382352941176 | 0.970588235294  | 0.0942028985507 | 0.00387596899225 |
+------------+----------------+-----------------+-----------------+------------------+
+------------+----------------+-----------------+-----------------+----------------+
| ('G40', 1) | G40_1(0.0)     | G40_1(0.0)      | G40_1(1.0)      | G40_1(1.0)     |
+------------+----------------+-----------------+-----------------+----------------+
| ('G76', 0) | G76_0(0.0)     | G76_0(1.0)      | G76_0(0.0)      | G76_0(1.0)     |
+------------+----------------+-----------------+-----------------+----------------+
| G76(0.0)   | 0.895480225989 | 0.0813953488372 | 0.986815415822  | 0.852941176471 |
+------------+----------------+-----------------+-----------------+----------------+
| G76(1.0)   | 0.104519774011 | 0.918604651163  | 0.0131845841785 | 0.147058823529 |
+------------+----------------+-----------------+-----------------+----------------+
+------------+-----------------+----------------+------------------+-----------------+
| ('G19', 1) | G19_1(0.0)      | G19_1(0.0)     | G19_1(1.0)       | G19_1(1.0)      |
+------------+-----------------+----------------+------------------+-----------------+
| ('G71', 0) | G71_0(0.0)      | G71_0(1.0)     | G71_0(0.0)       | G71_0(1.0)      |
+------------+-----------------+----------------+------------------+-----------------+
| G71(0.0)   | 0.949888641425  | 0.608108108108 | 0.990566037736   | 0.0384615384615 |
+------------+-----------------+----------------+------------------+-----------------+
| G71(1.0)   | 0.0501113585746 | 0.391891891892 | 0.00943396226415 | 0.961538461538  |
+------------+-----------------+----------------+------------------+-----------------+
+------------+-----------------+----------------+---------------+----------------+
| ('G47', 0) | G47_0(0.0)      | G47_0(0.0)     | G47_0(1.0)    | G47_0(1.0)     |
+------------+-----------------+----------------+---------------+----------------+
| ('G72', 0) | G72_0(0.0)      | G72_0(1.0)     | G72_0(0.0)    | G72_0(1.0)     |
+------------+-----------------+----------------+---------------+----------------+
| G70(0.0)   | 0.91704718417   | 0.368852459016 | 0.27358490566 | 0.144444444444 |
+------------+-----------------+----------------+---------------+----------------+
| G70(1.0)   | 0.0829528158295 | 0.631147540984 | 0.72641509434 | 0.855555555556 |
+------------+-----------------+----------------+---------------+----------------+
+------------+---------------+-----------------+------------+----------------+
| ('G72', 0) | G72_0(0.0)    | G72_0(0.0)      | G72_0(1.0) | G72_0(1.0)     |
+------------+---------------+-----------------+------------+----------------+
| ('G98', 0) | G98_0(0.0)    | G98_0(1.0)      | G98_0(0.0) | G98_0(1.0)     |
+------------+---------------+-----------------+------------+----------------+
| G73(0.0)   | 0.82380952381 | 0.982644628099  | 0.9        | 0.376543209877 |
+------------+---------------+-----------------+------------+----------------+
| G73(1.0)   | 0.17619047619 | 0.0173553719008 | 0.1        | 0.623456790123 |
+------------+---------------+-----------------+------------+----------------+
+------------+----------------+-----------------+-----------------+----------------+
| ('G29', 1) | G29_1(0.0)     | G29_1(0.0)      | G29_1(1.0)      | G29_1(1.0)     |
+------------+----------------+-----------------+-----------------+----------------+
| ('G72', 0) | G72_0(0.0)     | G72_0(1.0)      | G72_0(0.0)      | G72_0(1.0)     |
+------------+----------------+-----------------+-----------------+----------------+
| G72(0.0)   | 0.815789473684 | 0.0409836065574 | 0.965543644717  | 0.677777777778 |
+------------+----------------+-----------------+-----------------+----------------+
| G72(1.0)   | 0.184210526316 | 0.959016393443  | 0.0344563552833 | 0.322222222222 |
+------------+----------------+-----------------+-----------------+----------------+
+------------+-----------------+------------+----------------+-----------------+
| ('G79', 0) | G79_0(0.0)      | G79_0(0.0) | G79_0(1.0)     | G79_0(1.0)      |
+------------+-----------------+------------+----------------+-----------------+
| ('G98', 1) | G98_1(0.0)      | G98_1(1.0) | G98_1(0.0)     | G98_1(1.0)      |
+------------+-----------------+------------+----------------+-----------------+
| G79(0.0)   | 0.967532467532  | 0.26       | 0.198113207547 | 0.0158850226929 |
+------------+-----------------+------------+----------------+-----------------+
| G79(1.0)   | 0.0324675324675 | 0.74       | 0.801886792453 | 0.984114977307  |
+------------+-----------------+------------+----------------+-----------------+
+------------+----------------+-----------------+----------------+----------------+
| ('G32', 1) | G32_1(0.0)     | G32_1(0.0)      | G32_1(1.0)     | G32_1(1.0)     |
+------------+----------------+-----------------+----------------+----------------+
| ('G91', 1) | G91_1(0.0)     | G91_1(1.0)      | G91_1(0.0)     | G91_1(1.0)     |
+------------+----------------+-----------------+----------------+----------------+
| G78(0.0)   | 0.256097560976 | 0.0890410958904 | 0.739234449761 | 0.410750507099 |
+------------+----------------+-----------------+----------------+----------------+
| G78(1.0)   | 0.743902439024 | 0.91095890411   | 0.260765550239 | 0.589249492901 |
+------------+----------------+-----------------+----------------+----------------+
+------------+-----------------+-----------------+------------+----------------+
| ('G38', 0) | G38_0(0.0)      | G38_0(0.0)      | G38_0(1.0) | G38_0(1.0)     |
+------------+-----------------+-----------------+------------+----------------+
| ('G75', 0) | G75_0(0.0)      | G75_0(1.0)      | G75_0(0.0) | G75_0(1.0)     |
+------------+-----------------+-----------------+------------+----------------+
| G68(0.0)   | 0.0609756097561 | 0.975247524752  | 0.5        | 0.729457364341 |
+------------+-----------------+-----------------+------------+----------------+
| G68(1.0)   | 0.939024390244  | 0.0247524752475 | 0.5        | 0.270542635659 |
+------------+-----------------+-----------------+------------+----------------+
+------------+----------------+----------------+----------------+----------------+
| ('G22', 0) | G22_0(0.0)     | G22_0(0.0)     | G22_0(1.0)     | G22_0(1.0)     |
+------------+----------------+----------------+----------------+----------------+
| ('G83', 0) | G83_0(0.0)     | G83_0(1.0)     | G83_0(0.0)     | G83_0(1.0)     |
+------------+----------------+----------------+----------------+----------------+
| G69(0.0)   | 0.715384615385 | 0.191107644306 | 0.548780487805 | 0.615942028986 |
+------------+----------------+----------------+----------------+----------------+
| G69(1.0)   | 0.284615384615 | 0.808892355694 | 0.451219512195 | 0.384057971014 |
+------------+----------------+----------------+----------------+----------------+
+------------+------------+----------------+-----------------+-----------------+
| ('G28', 0) | G28_0(0.0) | G28_0(0.0)     | G28_0(1.0)      | G28_0(1.0)      |
+------------+------------+----------------+-----------------+-----------------+
| ('G47', 0) | G47_0(0.0) | G47_0(1.0)     | G47_0(0.0)      | G47_0(1.0)      |
+------------+------------+----------------+-----------------+-----------------+
| G62(0.0)   | 0.1        | 0.838461538462 | 0.0036075036075 | 0.0757575757576 |
+------------+------------+----------------+-----------------+-----------------+
| G62(1.0)   | 0.9        | 0.161538461538 | 0.996392496392  | 0.924242424242  |
+------------+------------+----------------+-----------------+-----------------+
+------------+-----------------+-----------------+---------------+---------------+
| ('G88', 1) | G88_1(0.0)      | G88_1(0.0)      | G88_1(1.0)    | G88_1(1.0)    |
+------------+-----------------+-----------------+---------------+---------------+
| ('G92', 0) | G92_0(0.0)      | G92_0(1.0)      | G92_0(0.0)    | G92_0(1.0)    |
+------------+-----------------+-----------------+---------------+---------------+
| G63(0.0)   | 0.932432432432  | 0.0342465753425 | 0.75974025974 | 0.35373608903 |
+------------+-----------------+-----------------+---------------+---------------+
| G63(1.0)   | 0.0675675675676 | 0.965753424658  | 0.24025974026 | 0.64626391097 |
+------------+-----------------+-----------------+---------------+---------------+
+------------+----------------+----------------+----------------+----------------+
| ('G14', 0) | G14_0(0.0)     | G14_0(0.0)     | G14_0(1.0)     | G14_0(1.0)     |
+------------+----------------+----------------+----------------+----------------+
| ('G5', 0)  | G5_0(0.0)      | G5_0(1.0)      | G5_0(0.0)      | G5_0(1.0)      |
+------------+----------------+----------------+----------------+----------------+
| G60(0.0)   | 0.486206896552 | 0.596551724138 | 0.146376811594 | 0.632596685083 |
+------------+----------------+----------------+----------------+----------------+
| G60(1.0)   | 0.513793103448 | 0.403448275862 | 0.853623188406 | 0.367403314917 |
+------------+----------------+----------------+----------------+----------------+
+------------+----------------+----------------+-----------------+----------------+
| ('G42', 1) | G42_1(0.0)     | G42_1(0.0)     | G42_1(1.0)      | G42_1(1.0)     |
+------------+----------------+----------------+-----------------+----------------+
| ('G79', 0) | G79_0(0.0)     | G79_0(1.0)     | G79_0(0.0)      | G79_0(1.0)     |
+------------+----------------+----------------+-----------------+----------------+
| G61(0.0)   | 0.540816326531 | 0.101918465228 | 0.952830188679  | 0.210437710438 |
+------------+----------------+----------------+-----------------+----------------+
| G61(1.0)   | 0.459183673469 | 0.898081534772 | 0.0471698113208 | 0.789562289562 |
+------------+----------------+----------------+-----------------+----------------+
+------------+----------------+----------------+----------------+----------------+
| ('G29', 0) | G29_0(0.0)     | G29_0(0.0)     | G29_0(1.0)     | G29_0(1.0)     |
+------------+----------------+----------------+----------------+----------------+
| ('G60', 1) | G60_1(0.0)     | G60_1(1.0)     | G60_1(0.0)     | G60_1(1.0)     |
+------------+----------------+----------------+----------------+----------------+
| G66(0.0)   | 0.530769230769 | 0.650943396226 | 0.352140077821 | 0.132653061224 |
+------------+----------------+----------------+----------------+----------------+
| G66(1.0)   | 0.469230769231 | 0.349056603774 | 0.647859922179 | 0.867346938776 |
+------------+----------------+----------------+----------------+----------------+
+------------+-----------------+------------+---------------+----------------+
| ('G12', 1) | G12_1(0.0)      | G12_1(0.0) | G12_1(1.0)    | G12_1(1.0)     |
+------------+-----------------+------------+---------------+----------------+
| ('G37', 1) | G37_1(0.0)      | G37_1(1.0) | G37_1(0.0)    | G37_1(1.0)     |
+------------+-----------------+------------+---------------+----------------+
| G67(0.0)   | 0.0324675324675 | 0.1        | 0.29746835443 | 0.637299771167 |
+------------+-----------------+------------+---------------+----------------+
| G67(1.0)   | 0.967532467532  | 0.9        | 0.70253164557 | 0.362700228833 |
+------------+-----------------+------------+---------------+----------------+
+------------+------------+----------------+---------------+----------------+
| ('G13', 0) | G13_0(0.0) | G13_0(0.0)     | G13_0(1.0)    | G13_0(1.0)     |
+------------+------------+----------------+---------------+----------------+
| ('G3', 1)  | G3_1(0.0)  | G3_1(1.0)      | G3_1(0.0)     | G3_1(1.0)      |
+------------+------------+----------------+---------------+----------------+
| G64(0.0)   | 0.5        | 0.132653061224 | 0.12962962963 | 0.790748898678 |
+------------+------------+----------------+---------------+----------------+
| G64(1.0)   | 0.5        | 0.867346938776 | 0.87037037037 | 0.209251101322 |
+------------+------------+----------------+---------------+----------------+
+------------+-----------------+---------------+----------------+----------------+
| ('G19', 1) | G19_1(0.0)      | G19_1(0.0)    | G19_1(1.0)     | G19_1(1.0)     |
+------------+-----------------+---------------+----------------+----------------+
| ('G39', 0) | G39_0(0.0)      | G39_0(1.0)    | G39_0(0.0)     | G39_0(1.0)     |
+------------+-----------------+---------------+----------------+----------------+
| G65(0.0)   | 0.932432432432  | 0.61135857461 | 0.880952380952 | 0.279935275081 |
+------------+-----------------+---------------+----------------+----------------+
| G65(1.0)   | 0.0675675675676 | 0.38864142539 | 0.119047619048 | 0.720064724919 |
+------------+-----------------+---------------+----------------+----------------+
+-------------+----------------+-----------------+------------------+----------------+
| ('G100', 0) | G100_0(0.0)    | G100_0(0.0)     | G100_0(1.0)      | G100_0(1.0)    |
+-------------+----------------+-----------------+------------------+----------------+
| ('G25', 1)  | G25_1(0.0)     | G25_1(1.0)      | G25_1(0.0)       | G25_1(1.0)     |
+-------------+----------------+-----------------+------------------+----------------+
| G100(0.0)   | 0.277777777778 | 0.939024390244  | 0.00350631136045 | 0.122641509434 |
+-------------+----------------+-----------------+------------------+----------------+
| G100(1.0)   | 0.722222222222 | 0.0609756097561 | 0.99649368864    | 0.877358490566 |
+-------------+----------------+-----------------+------------------+----------------+
+------------+----------------+----------------+---------------+---------------+
| ('G17', 1) | G17_1(0.0)     | G17_1(0.0)     | G17_1(1.0)    | G17_1(1.0)    |
+------------+----------------+----------------+---------------+---------------+
| ('G19', 0) | G19_0(0.0)     | G19_0(1.0)     | G19_0(0.0)    | G19_0(1.0)    |
+------------+----------------+----------------+---------------+---------------+
| G19(0.0)   | 0.353658536585 | 0.109467455621 | 0.87641723356 | 0.40303030303 |
+------------+----------------+----------------+---------------+---------------+
| G19(1.0)   | 0.646341463415 | 0.890532544379 | 0.12358276644 | 0.59696969697 |
+------------+----------------+----------------+---------------+---------------+
+------------+----------------+----------------+----------------+------------------+
| ('G86', 1) | G86_1(0.0)     | G86_1(0.0)     | G86_1(1.0)     | G86_1(1.0)       |
+------------+----------------+----------------+----------------+------------------+
| ('G94', 0) | G94_0(0.0)     | G94_0(1.0)     | G94_0(0.0)     | G94_0(1.0)       |
+------------+----------------+----------------+----------------+------------------+
| G18(0.0)   | 0.841463414634 | 0.132653061224 | 0.233333333333 | 0.00367107195301 |
+------------+----------------+----------------+----------------+------------------+
| G18(1.0)   | 0.158536585366 | 0.867346938776 | 0.766666666667 | 0.996328928047   |
+------------+----------------+----------------+----------------+------------------+
+------------+----------------+----------------+----------------+------------------+
| ('G17', 0) | G17_0(0.0)     | G17_0(0.0)     | G17_0(1.0)     | G17_0(1.0)       |
+------------+----------------+----------------+----------------+------------------+
| ('G21', 1) | G21_1(0.0)     | G21_1(1.0)     | G21_1(0.0)     | G21_1(1.0)       |
+------------+----------------+----------------+----------------+------------------+
| G17(0.0)   | 0.779792746114 | 0.147058823529 | 0.156160458453 | 0.00972762645914 |
+------------+----------------+----------------+----------------+------------------+
| G17(1.0)   | 0.220207253886 | 0.852941176471 | 0.843839541547 | 0.990272373541   |
+------------+----------------+----------------+----------------+------------------+
+------------+-----------------+----------------+----------------+----------------+
| ('G16', 0) | G16_0(0.0)      | G16_0(0.0)     | G16_0(1.0)     | G16_0(1.0)     |
+------------+-----------------+----------------+----------------+----------------+
| ('G87', 1) | G87_1(0.0)      | G87_1(1.0)     | G87_1(0.0)     | G87_1(1.0)     |
+------------+-----------------+----------------+----------------+----------------+
| G16(0.0)   | 0.973967684022  | 0.694690265487 | 0.472602739726 | 0.198630136986 |
+------------+-----------------+----------------+----------------+----------------+
| G16(1.0)   | 0.0260323159785 | 0.305309734513 | 0.527397260274 | 0.801369863014 |
+------------+-----------------+----------------+----------------+----------------+
+------------+-----------------+-----------------+------------------+----------------+
| ('G5', 1)  | G5_1(0.0)       | G5_1(0.0)       | G5_1(1.0)        | G5_1(1.0)      |
+------------+-----------------+-----------------+------------------+----------------+
| ('G77', 0) | G77_0(0.0)      | G77_0(1.0)      | G77_0(0.0)       | G77_0(1.0)     |
+------------+-----------------+-----------------+------------------+----------------+
| G15(0.0)   | 0.0358024691358 | 0.970588235294  | 0.00798722044728 | 0.192307692308 |
+------------+-----------------+-----------------+------------------+----------------+
| G15(1.0)   | 0.964197530864  | 0.0294117647059 | 0.992012779553   | 0.807692307692 |
+------------+-----------------+-----------------+------------------+----------------+
+------------+----------------+----------------+-----------------+----------------+
| ('G14', 0) | G14_0(0.0)     | G14_0(0.0)     | G14_0(1.0)      | G14_0(1.0)     |
+------------+----------------+----------------+-----------------+----------------+
| ('G4', 0)  | G4_0(0.0)      | G4_0(1.0)      | G4_0(0.0)       | G4_0(1.0)      |
+------------+----------------+----------------+-----------------+----------------+
| G14(0.0)   | 0.362068965517 | 0.806513409962 | 0.0095785440613 | 0.250943396226 |
+------------+----------------+----------------+-----------------+----------------+
| G14(1.0)   | 0.637931034483 | 0.193486590038 | 0.990421455939  | 0.749056603774 |
+------------+----------------+----------------+-----------------+----------------+
+------------+-----------------+----------------+------------------+-----------------+
| ('G13', 0) | G13_0(0.0)      | G13_0(0.0)     | G13_0(1.0)       | G13_0(1.0)      |
+------------+-----------------+----------------+------------------+-----------------+
| ('G5', 0)  | G5_0(0.0)       | G5_0(1.0)      | G5_0(0.0)        | G5_0(1.0)       |
+------------+-----------------+----------------+------------------+-----------------+
| G13(0.0)   | 0.939024390244  | 0.192307692308 | 0.00556792873051 | 0.0335463258786 |
+------------+-----------------+----------------+------------------+-----------------+
| G13(1.0)   | 0.0609756097561 | 0.807692307692 | 0.994432071269   | 0.966453674121  |
+------------+-----------------+----------------+------------------+-----------------+
+------------+-----------------+----------------+-----------------+----------------+
| ('G12', 0) | G12_0(0.0)      | G12_0(0.0)     | G12_0(1.0)      | G12_0(1.0)     |
+------------+-----------------+----------------+-----------------+----------------+
| ('G5', 1)  | G5_1(0.0)       | G5_1(1.0)      | G5_1(0.0)       | G5_1(1.0)      |
+------------+-----------------+----------------+-----------------+----------------+
| G12(0.0)   | 0.959016393443  | 0.623456790123 | 0.0151515151515 | 0.108163265306 |
+------------+-----------------+----------------+-----------------+----------------+
| G12(1.0)   | 0.0409836065574 | 0.376543209877 | 0.984848484848  | 0.891836734694 |
+------------+-----------------+----------------+-----------------+----------------+
+------------+-----------------+-----------------+----------------+-----------------+
| ('G64', 0) | G64_0(0.0)      | G64_0(0.0)      | G64_0(1.0)     | G64_0(1.0)      |
+------------+-----------------+-----------------+----------------+-----------------+
| ('G79', 1) | G79_1(0.0)      | G79_1(1.0)      | G79_1(0.0)     | G79_1(1.0)      |
+------------+-----------------+-----------------+----------------+-----------------+
| G11(0.0)   | 0.905797101449  | 0.0869120654397 | 0.318181818182 | 0.0111111111111 |
+------------+-----------------+-----------------+----------------+-----------------+
| G11(1.0)   | 0.0942028985507 | 0.91308793456   | 0.681818181818 | 0.988888888889  |
+------------+-----------------+-----------------+----------------+-----------------+
+------------+----------------+----------------+-----------------+---------------+
| ('G10', 0) | G10_0(0.0)     | G10_0(0.0)     | G10_0(1.0)      | G10_0(1.0)    |
+------------+----------------+----------------+-----------------+---------------+
| ('G58', 0) | G58_0(0.0)     | G58_0(1.0)     | G58_0(0.0)      | G58_0(1.0)    |
+------------+----------------+----------------+-----------------+---------------+
| G10(0.0)   | 0.353658536585 | 0.855437665782 | 0.0323383084577 | 0.39847715736 |
+------------+----------------+----------------+-----------------+---------------+
| G10(1.0)   | 0.646341463415 | 0.144562334218 | 0.967661691542  | 0.60152284264 |
+------------+----------------+----------------+-----------------+---------------+
+------------+-----------------+----------------+------------+-----------------+
| ('G53', 0) | G53_0(0.0)      | G53_0(0.0)     | G53_0(1.0) | G53_0(1.0)      |
+------------+-----------------+----------------+------------+-----------------+
| ('G93', 0) | G93_0(0.0)      | G93_0(1.0)     | G93_0(0.0) | G93_0(1.0)      |
+------------+-----------------+----------------+------------+-----------------+
| G97(0.0)   | 0.961538461538  | 0.542692939245 | 0.5        | 0.0766423357664 |
+------------+-----------------+----------------+------------+-----------------+
| G97(1.0)   | 0.0384615384615 | 0.457307060755 | 0.5        | 0.923357664234  |
+------------+-----------------+----------------+------------+-----------------+
+------------+-----------------+-----------------+----------------+------------------+
| ('G54', 1) | G54_1(0.0)      | G54_1(0.0)      | G54_1(1.0)     | G54_1(1.0)       |
+------------+-----------------+-----------------+----------------+------------------+
| ('G96', 0) | G96_0(0.0)      | G96_0(1.0)      | G96_0(0.0)     | G96_0(1.0)       |
+------------+-----------------+-----------------+----------------+------------------+
| G96(0.0)   | 0.967532467532  | 0.0403726708075 | 0.192307692308 | 0.00442477876106 |
+------------+-----------------+-----------------+----------------+------------------+
| G96(1.0)   | 0.0324675324675 | 0.959627329193  | 0.807692307692 | 0.995575221239   |
+------------+-----------------+-----------------+----------------+------------------+
+------------+-----------------+----------------+------------------+------------------+
| ('G18', 1) | G18_1(0.0)      | G18_1(0.0)     | G18_1(1.0)       | G18_1(1.0)       |
+------------+-----------------+----------------+------------------+------------------+
| ('G40', 0) | G40_0(0.0)      | G40_0(1.0)     | G40_0(0.0)       | G40_0(1.0)       |
+------------+-----------------+----------------+------------------+------------------+
| G95(0.0)   | 0.932432432432  | 0.147058823529 | 0.00943396226415 | 0.00503018108652 |
+------------+-----------------+----------------+------------------+------------------+
| G95(1.0)   | 0.0675675675676 | 0.852941176471 | 0.990566037736   | 0.994969818913   |
+------------+-----------------+----------------+------------------+------------------+
+------------+----------------+------------------+-----------------+-----------------+
| ('G78', 1) | G78_1(0.0)     | G78_1(0.0)       | G78_1(1.0)      | G78_1(1.0)      |
+------------+----------------+------------------+-----------------+-----------------+
| ('G94', 0) | G94_0(0.0)     | G94_0(1.0)       | G94_0(0.0)      | G94_0(1.0)      |
+------------+----------------+------------------+-----------------+-----------------+
| G94(0.0)   | 0.192307692308 | 0.00692520775623 | 0.965753424658  | 0.0284552845528 |
+------------+----------------+------------------+-----------------+-----------------+
| G94(1.0)   | 0.807692307692 | 0.993074792244   | 0.0342465753425 | 0.971544715447  |
+------------+----------------+------------------+-----------------+-----------------+
+------------+-----------------+----------------+----------------+------------------+
| ('G92', 1) | G92_1(0.0)      | G92_1(0.0)     | G92_1(1.0)     | G92_1(1.0)       |
+------------+-----------------+----------------+----------------+------------------+
| ('G93', 0) | G93_0(0.0)      | G93_0(1.0)     | G93_0(0.0)     | G93_0(1.0)       |
+------------+-----------------+----------------+----------------+------------------+
| G93(0.0)   | 0.939024390244  | 0.198630136986 | 0.362068965517 | 0.00965824665676 |
+------------+-----------------+----------------+----------------+------------------+
| G93(1.0)   | 0.0609756097561 | 0.801369863014 | 0.637931034483 | 0.990341753343   |
+------------+-----------------+----------------+----------------+------------------+
+------------+----------------+-----------------+-----------------+----------------+
| ('G22', 0) | G22_0(0.0)     | G22_0(0.0)      | G22_0(1.0)      | G22_0(1.0)     |
+------------+----------------+-----------------+-----------------+----------------+
| ('G92', 0) | G92_0(0.0)     | G92_0(1.0)      | G92_0(0.0)      | G92_0(1.0)     |
+------------+----------------+-----------------+-----------------+----------------+
| G92(0.0)   | 0.459183673469 | 0.0281582952816 | 0.961538461538  | 0.233333333333 |
+------------+----------------+-----------------+-----------------+----------------+
| G92(1.0)   | 0.540816326531 | 0.971841704718  | 0.0384615384615 | 0.766666666667 |
+------------+----------------+-----------------+-----------------+----------------+
+------------+----------------+----------------+-----------------+----------------+
| ('G91', 0) | G91_0(0.0)     | G91_0(0.0)     | G91_0(1.0)      | G91_0(1.0)     |
+------------+----------------+----------------+-----------------+----------------+
| ('G92', 1) | G92_1(0.0)     | G92_1(1.0)     | G92_1(0.0)      | G92_1(1.0)     |
+------------+----------------+----------------+-----------------+----------------+
| G91(0.0)   | 0.688235294118 | 0.582840236686 | 0.913793103448  | 0.124765478424 |
+------------+----------------+----------------+-----------------+----------------+
| G91(1.0)   | 0.311764705882 | 0.417159763314 | 0.0862068965517 | 0.875234521576 |
+------------+----------------+----------------+-----------------+----------------+
+------------+----------------+------------------+-----------------+---------------+
| ('G87', 0) | G87_0(0.0)     | G87_0(0.0)       | G87_0(1.0)      | G87_0(1.0)    |
+------------+----------------+------------------+-----------------+---------------+
| ('G90', 0) | G90_0(0.0)     | G90_0(1.0)       | G90_0(0.0)      | G90_0(1.0)    |
+------------+----------------+------------------+-----------------+---------------+
| G90(0.0)   | 0.746575342466 | 0.00448833034111 | 0.924242424242  | 0.12091503268 |
+------------+----------------+------------------+-----------------+---------------+
| G90(1.0)   | 0.253424657534 | 0.995511669659   | 0.0757575757576 | 0.87908496732 |
+------------+----------------+------------------+-----------------+---------------+
+------------+-----------------+----------------+----------------+------------------+
| ('G48', 1) | G48_1(0.0)      | G48_1(0.0)     | G48_1(1.0)     | G48_1(1.0)       |
+------------+-----------------+----------------+----------------+------------------+
| ('G99', 0) | G99_0(0.0)      | G99_0(1.0)     | G99_0(0.0)     | G99_0(1.0)       |
+------------+-----------------+----------------+----------------+------------------+
| G99(0.0)   | 0.967532467532  | 0.112903225806 | 0.192307692308 | 0.00394944707741 |
+------------+-----------------+----------------+----------------+------------------+
| G99(1.0)   | 0.0324675324675 | 0.887096774194 | 0.807692307692 | 0.996050552923   |
+------------+-----------------+----------------+----------------+------------------+
+------------+-----------------+-----------------+----------------+------------------+
| ('G5', 1)  | G5_1(0.0)       | G5_1(0.0)       | G5_1(1.0)      | G5_1(1.0)        |
+------------+-----------------+-----------------+----------------+------------------+
| ('G98', 0) | G98_0(0.0)      | G98_0(1.0)      | G98_0(0.0)     | G98_0(1.0)       |
+------------+-----------------+-----------------+----------------+------------------+
| G98(0.0)   | 0.977064220183  | 0.0380577427822 | 0.309523809524 | 0.00819672131148 |
+------------+-----------------+-----------------+----------------+------------------+
| G98(1.0)   | 0.0229357798165 | 0.961942257218  | 0.690476190476 | 0.991803278689   |
+------------+-----------------+-----------------+----------------+------------------+
+------------+-----------------+----------------+----------------+----------------+
| ('G31', 0) | G31_0(0.0)      | G31_0(0.0)     | G31_0(1.0)     | G31_0(1.0)     |
+------------+-----------------+----------------+----------------+----------------+
| ('G4', 0)  | G4_0(0.0)       | G4_0(1.0)      | G4_0(0.0)      | G4_0(1.0)      |
+------------+-----------------+----------------+----------------+----------------+
| G31(0.0)   | 0.91975308642   | 0.456989247312 | 0.011961722488 | 0.125866050808 |
+------------+-----------------+----------------+----------------+----------------+
| G31(1.0)   | 0.0802469135802 | 0.543010752688 | 0.988038277512 | 0.874133949192 |
+------------+-----------------+----------------+----------------+----------------+
+------------+-----------------+------------+-----------------+-----------------+
| ('G30', 0) | G30_0(0.0)      | G30_0(0.0) | G30_0(1.0)      | G30_0(1.0)      |
+------------+-----------------+------------+-----------------+-----------------+
| ('G35', 1) | G35_1(0.0)      | G35_1(1.0) | G35_1(0.0)      | G35_1(1.0)      |
+------------+-----------------+------------+-----------------+-----------------+
| G30(0.0)   | 0.975247524752  | 0.42       | 0.0294117647059 | 0.0173553719008 |
+------------+-----------------+------------+-----------------+-----------------+
| G30(1.0)   | 0.0247524752475 | 0.58       | 0.970588235294  | 0.982644628099  |
+------------+-----------------+------------+-----------------+-----------------+
+----------+---+
| G33(0.0) | 1 |
+----------+---+
+------------+----------------+-----------------+
| ('G74', 0) | G74_0(0.0)     | G74_0(1.0)      |
+------------+----------------+-----------------+
| G32(0.0)   | 0.891304347826 | 0.0948051948052 |
+------------+----------------+-----------------+
| G32(1.0)   | 0.108695652174 | 0.905194805195  |
+------------+----------------+-----------------+
+------------+------------+----------------+------------+-----------------+
| ('G1', 1)  | G1_1(0.0)  | G1_1(0.0)      | G1_1(1.0)  | G1_1(1.0)       |
+------------+------------+----------------+------------+-----------------+
| ('G35', 0) | G35_0(0.0) | G35_0(1.0)     | G35_0(0.0) | G35_0(1.0)      |
+------------+------------+----------------+------------+-----------------+
| G35(0.0)   | 0.948      | 0.349056603774 | 0.5        | 0.0320623916811 |
+------------+------------+----------------+------------+-----------------+
| G35(1.0)   | 0.052      | 0.650943396226 | 0.5        | 0.967937608319  |
+------------+------------+----------------+------------+-----------------+
+------------+-----------------+----------------+----------------+------------------+
| ('G34', 0) | G34_0(0.0)      | G34_0(0.0)     | G34_0(1.0)     | G34_0(1.0)       |
+------------+-----------------+----------------+----------------+------------------+
| ('G48', 1) | G48_1(0.0)      | G48_1(1.0)     | G48_1(0.0)     | G48_1(1.0)       |
+------------+-----------------+----------------+----------------+------------------+
| G34(0.0)   | 0.938095238095  | 0.192307692308 | 0.223076923077 | 0.00394944707741 |
+------------+-----------------+----------------+----------------+------------------+
| G34(1.0)   | 0.0619047619048 | 0.807692307692 | 0.776923076923 | 0.996050552923   |
+------------+-----------------+----------------+----------------+------------------+
+------------+-----------------+-----------------+----------------+----------------+
| ('G17', 0) | G17_0(0.0)      | G17_0(0.0)      | G17_0(1.0)     | G17_0(1.0)     |
+------------+-----------------+-----------------+----------------+----------------+
| ('G47', 0) | G47_0(0.0)      | G47_0(1.0)      | G47_0(0.0)     | G47_0(1.0)     |
+------------+-----------------+-----------------+----------------+----------------+
| G37(0.0)   | 0.0606936416185 | 0.932432432432  | 0.400917431193 | 0.827868852459 |
+------------+-----------------+-----------------+----------------+----------------+
| G37(1.0)   | 0.939306358382  | 0.0675675675676 | 0.599082568807 | 0.172131147541 |
+------------+-----------------+-----------------+----------------+----------------+
+------------+----------------+-----------------+-----------------+----------------+
| ('G34', 0) | G34_0(0.0)     | G34_0(0.0)      | G34_0(1.0)      | G34_0(1.0)     |
+------------+----------------+-----------------+-----------------+----------------+
| ('G55', 0) | G55_0(0.0)     | G55_0(1.0)      | G55_0(0.0)      | G55_0(1.0)     |
+------------+----------------+-----------------+-----------------+----------------+
| G36(0.0)   | 0.277777777778 | 0.977064220183  | 0.0238095238095 | 0.118887015177 |
+------------+----------------+-----------------+-----------------+----------------+
| G36(1.0)   | 0.722222222222 | 0.0229357798165 | 0.97619047619   | 0.881112984823 |
+------------+----------------+-----------------+-----------------+----------------+
+------------+-----------------+----------------+-----------------+------------------+
| ('G39', 0) | G39_0(0.0)      | G39_0(0.0)     | G39_0(1.0)      | G39_0(1.0)       |
+------------+-----------------+----------------+-----------------+------------------+
| ('G40', 1) | G40_1(0.0)      | G40_1(1.0)     | G40_1(0.0)      | G40_1(1.0)       |
+------------+-----------------+----------------+-----------------+------------------+
| G39(0.0)   | 0.944444444444  | 0.192307692308 | 0.0402298850575 | 0.00503018108652 |
+------------+-----------------+----------------+-----------------+------------------+
| G39(1.0)   | 0.0555555555556 | 0.807692307692 | 0.959770114943  | 0.994969818913   |
+------------+-----------------+----------------+-----------------+------------------+
+------------+-----------------+----------------+-----------------+-----------------+
| ('G28', 0) | G28_0(0.0)      | G28_0(0.0)     | G28_0(1.0)      | G28_0(1.0)      |
+------------+-----------------+----------------+-----------------+-----------------+
| ('G71', 0) | G71_0(0.0)      | G71_0(1.0)     | G71_0(0.0)      | G71_0(1.0)      |
+------------+-----------------+----------------+-----------------+-----------------+
| G38(0.0)   | 0.969135802469  | 0.277777777778 | 0.0924170616114 | 0.0268817204301 |
+------------+-----------------+----------------+-----------------+-----------------+
| G38(1.0)   | 0.0308641975309 | 0.722222222222 | 0.907582938389  | 0.97311827957   |
+------------+-----------------+----------------+-----------------+-----------------+
+------------+-----------------+------------+
| ('G41', 1) | G41_1(0.0)      | G41_1(1.0) |
+------------+-----------------+------------+
| G84(0.0)   | 0.993472584856  | 0.1        |
+------------+-----------------+------------+
| G84(1.0)   | 0.0065274151436 | 0.9        |
+------------+-----------------+------------+
+------------+-----------------+-----------------+----------------+----------------+
| ('G30', 1) | G30_1(0.0)      | G30_1(0.0)      | G30_1(1.0)     | G30_1(1.0)     |
+------------+-----------------+-----------------+----------------+----------------+
| ('G85', 0) | G85_0(0.0)      | G85_0(1.0)      | G85_0(0.0)     | G85_0(1.0)     |
+------------+-----------------+-----------------+----------------+----------------+
| G85(0.0)   | 0.939024390244  | 0.0308641975309 | 0.297752808989 | 0.096694214876 |
+------------+-----------------+-----------------+----------------+----------------+
| G85(1.0)   | 0.0609756097561 | 0.969135802469  | 0.702247191011 | 0.903305785124 |
+------------+-----------------+-----------------+----------------+----------------+
+------------+-----------------+-----------------+----------------+------------------+
| ('G5', 1)  | G5_1(0.0)       | G5_1(0.0)       | G5_1(1.0)      | G5_1(1.0)        |
+------------+-----------------+-----------------+----------------+------------------+
| ('G86', 0) | G86_0(0.0)      | G86_0(1.0)      | G86_0(0.0)     | G86_0(1.0)       |
+------------+-----------------+-----------------+----------------+------------------+
| G86(0.0)   | 0.967532467532  | 0.0254237288136 | 0.192307692308 | 0.00798722044728 |
+------------+-----------------+-----------------+----------------+------------------+
| G86(1.0)   | 0.0324675324675 | 0.974576271186  | 0.807692307692 | 0.992012779553   |
+------------+-----------------+-----------------+----------------+------------------+
+------------+----------------+-----------------+-----------------+----------------+
| ('G42', 1) | G42_1(0.0)     | G42_1(0.0)      | G42_1(1.0)      | G42_1(1.0)     |
+------------+----------------+-----------------+-----------------+----------------+
| ('G98', 0) | G98_0(0.0)     | G98_0(1.0)      | G98_0(0.0)      | G98_0(1.0)     |
+------------+----------------+-----------------+-----------------+----------------+
| G87(0.0)   | 0.377551020408 | 0.926858513189  | 0.0308641975309 | 0.827137546468 |
+------------+----------------+-----------------+-----------------+----------------+
| G87(1.0)   | 0.622448979592 | 0.0731414868106 | 0.969135802469  | 0.172862453532 |
+------------+----------------+-----------------+-----------------+----------------+
+------------+-----------------+----------------+----------------+------------+
| ('G76', 0) | G76_0(0.0)      | G76_0(0.0)     | G76_0(1.0)     | G76_0(1.0) |
+------------+-----------------+----------------+----------------+------------+
| ('G80', 0) | G80_0(0.0)      | G80_0(1.0)     | G80_0(0.0)     | G80_0(1.0) |
+------------+-----------------+----------------+----------------+------------+
| G80(0.0)   | 0.953752181501  | 0.314432989691 | 0.594117647059 | 0.5        |
+------------+-----------------+----------------+----------------+------------+
| G80(1.0)   | 0.0462478184991 | 0.685567010309 | 0.405882352941 | 0.5        |
+------------+-----------------+----------------+----------------+------------+
+------------+----------------+----------------+-----------------+----------------+
| ('G49', 0) | G49_0(0.0)     | G49_0(0.0)     | G49_0(1.0)      | G49_0(1.0)     |
+------------+----------------+----------------+-----------------+----------------+
| ('G90', 0) | G90_0(0.0)     | G90_0(1.0)     | G90_0(0.0)      | G90_0(1.0)     |
+------------+----------------+----------------+-----------------+----------------+
| G81(0.0)   | 0.224137931034 | 0.282383419689 | 0.915584415584  | 0.399419729207 |
+------------+----------------+----------------+-----------------+----------------+
| G81(1.0)   | 0.775862068966 | 0.717616580311 | 0.0844155844156 | 0.600580270793 |
+------------+----------------+----------------+-----------------+----------------+
+------------+-----------------+-----------------+----------------+---------------+
| ('G3', 1)  | G3_1(0.0)       | G3_1(0.0)       | G3_1(1.0)      | G3_1(1.0)     |
+------------+-----------------+-----------------+----------------+---------------+
| ('G89', 1) | G89_1(0.0)      | G89_1(1.0)      | G89_1(0.0)     | G89_1(1.0)    |
+------------+-----------------+-----------------+----------------+---------------+
| G82(0.0)   | 0.0757575757576 | 0.0471698113208 | 0.133027522936 | 0.60305958132 |
+------------+-----------------+-----------------+----------------+---------------+
| G82(1.0)   | 0.924242424242  | 0.952830188679  | 0.866972477064 | 0.39694041868 |
+------------+-----------------+-----------------+----------------+---------------+
+------------+----------------+----------------+----------------+----------------+
| ('G55', 1) | G55_1(0.0)     | G55_1(0.0)     | G55_1(1.0)     | G55_1(1.0)     |
+------------+----------------+----------------+----------------+----------------+
| ('G89', 0) | G89_0(0.0)     | G89_0(1.0)     | G89_0(0.0)     | G89_0(1.0)     |
+------------+----------------+----------------+----------------+----------------+
| G83(0.0)   | 0.893442622951 | 0.198113207547 | 0.228395061728 | 0.036231884058 |
+------------+----------------+----------------+----------------+----------------+
| G83(1.0)   | 0.106557377049 | 0.801886792453 | 0.771604938272 | 0.963768115942 |
+------------+----------------+----------------+----------------+----------------+
+------------+-----------------+------------+----------------+-----------------+
| ('G7', 1)  | G7_1(0.0)       | G7_1(0.0)  | G7_1(1.0)      | G7_1(1.0)       |
+------------+-----------------+------------+----------------+-----------------+
| ('G89', 1) | G89_1(0.0)      | G89_1(1.0) | G89_1(0.0)     | G89_1(1.0)      |
+------------+-----------------+------------+----------------+-----------------+
| G88(0.0)   | 0.965753424658  | 0.5        | 0.210144927536 | 0.0102040816327 |
+------------+-----------------+------------+----------------+-----------------+
| G88(1.0)   | 0.0342465753425 | 0.5        | 0.789855072464 | 0.989795918367  |
+------------+-----------------+------------+----------------+-----------------+
+------------+----------------+----------------+----------------+-----------------+
| ('G89', 0) | G89_0(0.0)     | G89_0(0.0)     | G89_0(1.0)     | G89_0(1.0)      |
+------------+----------------+----------------+----------------+-----------------+
| ('G9', 1)  | G9_1(0.0)      | G9_1(1.0)      | G9_1(0.0)      | G9_1(1.0)       |
+------------+----------------+----------------+----------------+-----------------+
| G89(0.0)   | 0.847826086957 | 0.801369863014 | 0.324561403509 | 0.0105348460292 |
+------------+----------------+----------------+----------------+-----------------+
| G89(1.0)   | 0.152173913043 | 0.198630136986 | 0.675438596491 | 0.989465153971  |
+------------+----------------+----------------+----------------+-----------------+
[('G42', 'G42'), ('G56', 'G1'), ('G1', 'G56'), ('G1', 'G35'), ('G1', 'G5'), ('G29', 'G72'), ('G75', 'G75'), ('G75', 'G22'), ('G75', 'G68'), ('G19', 'G19'), ('G22', 'G92'), ('G22', 'G69'), ('G22', 'G22'), ('G14', 'G14'), ('G14', 'G60'), ('G4', 'G31'), ('G4', 'G4'), ('G4', 'G14'), ('G44', 'G20'), ('G44', 'G44'), ('G78', 'G94'), ('G49', 'G81'), ('G84', 'G41'), ('G54', 'G54'), ('G98', 'G40'), ('G98', 'G79'), ('G77', 'G15'), ('G12', 'G12'), ('G93', 'G97'), ('G93', 'G93'), ('G89', 'G82'), ('G89', 'G88'), ('G79', 'G11'), ('G79', 'G52'), ('G2', 'G2'), ('G26', 'G45'), ('G86', 'G86'), ('G99', 'G23'), ('G99', 'G74'), ('G60', 'G66'), ('G25', 'G100'), ('G96', 'G77'), ('G71', 'G71'), ('G71', 'G38'), ('G71', 'G59'), ('G40', 'G39'), ('G40', 'G76'), ('G88', 'G63'), ('G10', 'G10'), ('G91', 'G91'), ('G100', 'G50'), ('G31', 'G31'), ('G74', 'G51'), ('G80', 'G80'), ('G53', 'G53'), ('G53', 'G97'), ('G18', 'G95'), ('G23', 'G25'), ('G42', 'G61'), ('G42', 'G87'), ('G29', 'G66'), ('G9', 'G9'), ('G92', 'G91'), ('G92', 'G93'), ('G19', 'G71'), ('G19', 'G5'), ('G19', 'G65'), ('G76', 'G24'), ('G76', 'G29'), ('G21', 'G17'), ('G44', 'G26'), ('G17', 'G19'), ('G17', 'G17'), ('G17', 'G37'), ('G98', 'G26'), ('G98', 'G73'), ('G98', 'G87'), ('G98', 'G98'), ('G35', 'G35'), ('G38', 'G68'), ('G7', 'G7'), ('G41', 'G9'), ('G89', 'G89'), ('G89', 'G83'), ('G57', 'G57'), ('G30', 'G85'), ('G30', 'G21'), ('G86', 'G43'), ('G86', 'G41'), ('G86', 'G18'), ('G25', 'G46'), ('G25', 'G25'), ('G96', 'G96'), ('G5', 'G7'), ('G5', 'G4'), ('G5', 'G13'), ('G5', 'G60'), ('G58', 'G56'), ('G58', 'G55'), ('G58', 'G44'), ('G58', 'G6'), ('G43', 'G43'), ('G91', 'G78'), ('G48', 'G48'), ('G48', 'G75'), ('G48', 'G52'), ('G55', 'G55'), ('G55', 'G36'), ('G58', 'G8'), ('G58', 'G58'), ('G58', 'G59'), ('G58', 'G10'), ('G87', 'G16'), ('G64', 'G11'), ('G74', 'G32'), ('G74', 'G74'), ('G32', 'G78'), ('G13', 'G64'), ('G13', 'G13'), ('G94', 'G94'), ('G94', 'G18'), ('G3', 'G3'), ('G45', 'G45'), ('G85', 'G85'), ('G9', 'G89'), ('G76', 'G76'), ('G76', 'G80'), ('G34', 'G28'), ('G92', 'G92'), ('G92', 'G63'), ('G52', 'G48'), ('G56', 'G49'), ('G1', 'G2'), ('G47', 'G62'), ('G47', 'G70'), ('G47', 'G37'), ('G47', 'G47'), ('G87', 'G90'), ('G35', 'G30'), ('G7', 'G88'), ('G14', 'G51'), ('G4', 'G21'), ('G90', 'G81'), ('G90', 'G90'), ('G28', 'G62'), ('G28', 'G28'), ('G28', 'G38'), ('G28', 'G47'), ('G54', 'G27'), ('G54', 'G96'), ('G30', 'G1'), ('G30', 'G30'), ('G94', 'G23'), ('G5', 'G58'), ('G5', 'G15'), ('G5', 'G57'), ('G5', 'G12'), ('G5', 'G54'), ('G5', 'G3'), ('G5', 'G86'), ('G5', 'G98'), ('G12', 'G67'), ('G72', 'G70'), ('G72', 'G73'), ('G72', 'G72'), ('G79', 'G61'), ('G79', 'G79'), ('G48', 'G34'), ('G48', 'G99'), ('G55', 'G83'), ('G99', 'G99'), ('G39', 'G39'), ('G39', 'G65'), ('G8', 'G8'), ('G41', 'G84'), ('G40', 'G40'), ('G40', 'G95'), ('G83', 'G69'), ('G50', 'G53'), ('G50', 'G50'), ('G50', 'G42'), ('G3', 'G64'), ('G3', 'G82'), ('G10', 'G49'), ('G100', 'G100'), ('G15', 'G77'), ('G24', 'G24'), ('G16', 'G16'), ('G16', 'G29'), ('G34', 'G34'), ('G34', 'G36'), ('G6', 'G6'), ('G37', 'G67')]
