[('G28', 'G24'), ('G6', 'G15'), ('G6', 'G13'), ('G4', 'G13'), ('G4', 'G36'), ('G2', 'G100'), ('G51', 'G62'), ('G56', 'G14'), ('G56', 'G28'), ('G40', 'G69'), ('G48', 'G79'), ('G73', 'G97'), ('G73', 'G16'), ('G73', 'G10'), ('G69', 'G73'), ('G62', 'G31'), ('G64', 'G100'), ('G64', 'G33'), ('G65', 'G48'), ('G65', 'G24'), ('G65', 'G51'), ('G100', 'G40'), ('G16', 'G27'), ('G16', 'G89'), ('G15', 'G1'), ('G13', 'G96'), ('G13', 'G65'), ('G10', 'G56'), ('G96', 'G32'), ('G33', 'G54'), ('G32', 'G35'), ('G32', 'G34'), ('G35', 'G2'), ('G35', 'G28'), ('G34', 'G77'), ('G34', 'G87'), ('G36', 'G22'), ('G87', 'G64'), ('G87', 'G21'), ('G89', 'G80')]
+----------+---+
| G26(1.0) | 1 |
+----------+---+
+----------+----------------+----------------+
| G16      | G16(0.0)       | G16(1.0)       |
+----------+----------------+----------------+
| G27(0.0) | 0.642857142857 | 0.195652173913 |
+----------+----------------+----------------+
| G27(1.0) | 0.357142857143 | 0.804347826087 |
+----------+----------------+----------------+
+----------+----------------+----------------+----------------+----------------+
| G28      | G28(0.0)       | G28(0.0)       | G28(1.0)       | G28(1.0)       |
+----------+----------------+----------------+----------------+----------------+
| G65      | G65(0.0)       | G65(1.0)       | G65(0.0)       | G65(1.0)       |
+----------+----------------+----------------+----------------+----------------+
| G24(0.0) | 0.192307692308 | 0.807692307692 | 0.119047619048 | 0.192307692308 |
+----------+----------------+----------------+----------------+----------------+
| G24(1.0) | 0.807692307692 | 0.192307692308 | 0.880952380952 | 0.807692307692 |
+----------+----------------+----------------+----------------+----------------+
+----------+---+
| G25(1.0) | 1 |
+----------+---+
+----------+----------------+----------------+
| G36      | G36(0.0)       | G36(1.0)       |
+----------+----------------+----------------+
| G22(0.0) | 0.891304347826 | 0.357142857143 |
+----------+----------------+----------------+
| G22(1.0) | 0.108695652174 | 0.642857142857 |
+----------+----------------+----------------+
+----------+---+
| G23(1.0) | 1 |
+----------+---+
+----------+---+
| G20(1.0) | 1 |
+----------+---+
+----------+----------------+----------------+
| G87      | G87(0.0)       | G87(1.0)       |
+----------+----------------+----------------+
| G21(0.0) | 0.868421052632 | 0.227272727273 |
+----------+----------------+----------------+
| G21(1.0) | 0.131578947368 | 0.772727272727 |
+----------+----------------+----------------+
+----------+----------------+-----------------+----------+----------------+
| G35      | G35(0.0)       | G35(0.0)        | G35(1.0) | G35(1.0)       |
+----------+----------------+-----------------+----------+----------------+
| G56      | G56(0.0)       | G56(1.0)        | G56(0.0) | G56(1.0)       |
+----------+----------------+-----------------+----------+----------------+
| G28(0.0) | 0.807692307692 | 0.0862068965517 | 0.5      | 0.807692307692 |
+----------+----------------+-----------------+----------+----------------+
| G28(1.0) | 0.192307692308 | 0.913793103448  | 0.5      | 0.192307692308 |
+----------+----------------+-----------------+----------+----------------+
+----------+---+
| G29(0.0) | 1 |
+----------+---+
+---------+---+
| G7(1.0) | 1 |
+---------+---+
+---------+----------+
| G6(0.0) | 0.233333 |
+---------+----------+
| G6(1.0) | 0.766667 |
+---------+----------+
+---------+---+
| G5(0.0) | 1 |
+---------+---+
+---------+----------+
| G4(0.0) | 0.233333 |
+---------+----------+
| G4(1.0) | 0.766667 |
+---------+----------+
+---------+---+
| G3(1.0) | 1 |
+---------+---+
+---------+----------------+----------+
| G35     | G35(0.0)       | G35(1.0) |
+---------+----------------+----------+
| G2(0.0) | 0.119047619048 | 0.5      |
+---------+----------------+----------+
| G2(1.0) | 0.880952380952 | 0.5      |
+---------+----------------+----------+
+---------+----------------+----------------+
| G15     | G15(0.0)       | G15(1.0)       |
+---------+----------------+----------------+
| G1(0.0) | 0.214285714286 | 0.722222222222 |
+---------+----------------+----------------+
| G1(1.0) | 0.785714285714 | 0.277777777778 |
+---------+----------------+----------------+
+---------+---+
| G9(1.0) | 1 |
+---------+---+
+---------+---+
| G8(1.0) | 1 |
+---------+---+
+----------+---+
| G53(1.0) | 1 |
+----------+---+
+----------+---+
| G52(1.0) | 1 |
+----------+---+
+----------+----------------+----------+
| G65      | G65(0.0)       | G65(1.0) |
+----------+----------------+----------+
| G51(0.0) | 0.852941176471 | 0.5      |
+----------+----------------+----------+
| G51(1.0) | 0.147058823529 | 0.5      |
+----------+----------------+----------+
+----------+---+
| G50(1.0) | 1 |
+----------+---+
+----------+---+
| G57(0.0) | 1 |
+----------+---+
+----------+----------------+----------------+
| G10      | G10(0.0)       | G10(1.0)       |
+----------+----------------+----------------+
| G56(0.0) | 0.192307692308 | 0.382352941176 |
+----------+----------------+----------------+
| G56(1.0) | 0.807692307692 | 0.617647058824 |
+----------+----------------+----------------+
+----------+---+
| G55(1.0) | 1 |
+----------+---+
+----------+----------------+----------------+
| G33      | G33(0.0)       | G33(1.0)       |
+----------+----------------+----------------+
| G54(0.0) | 0.642857142857 | 0.108695652174 |
+----------+----------------+----------------+
| G54(1.0) | 0.357142857143 | 0.891304347826 |
+----------+----------------+----------------+
+----------+---+
| G59(0.0) | 1 |
+----------+---+
+----------+---+
| G58(0.0) | 1 |
+----------+---+
+----------+----------------+----------------+
| G100     | G100(0.0)      | G100(1.0)      |
+----------+----------------+----------------+
| G40(0.0) | 0.722222222222 | 0.119047619048 |
+----------+----------------+----------------+
| G40(1.0) | 0.277777777778 | 0.880952380952 |
+----------+----------------+----------------+
+----------+---+
| G41(1.0) | 1 |
+----------+---+
+----------+---+
| G42(0.0) | 1 |
+----------+---+
+----------+---+
| G43(1.0) | 1 |
+----------+---+
+----------+---+
| G44(0.0) | 1 |
+----------+---+
+----------+---+
| G45(0.0) | 1 |
+----------+---+
+----------+---+
| G46(1.0) | 1 |
+----------+---+
+----------+---+
| G47(1.0) | 1 |
+----------+---+
+----------+----------+----------------+
| G65      | G65(0.0) | G65(1.0)       |
+----------+----------+----------------+
| G48(0.0) | 0.5      | 0.192307692308 |
+----------+----------+----------------+
| G48(1.0) | 0.5      | 0.807692307692 |
+----------+----------+----------------+
+----------+---+
| G49(1.0) | 1 |
+----------+---+
+----------+---+
| G75(1.0) | 1 |
+----------+---+
+----------+---+
| G74(0.0) | 1 |
+----------+---+
+----------+----------+----------------+
| G34      | G34(0.0) | G34(1.0)       |
+----------+----------+----------------+
| G77(0.0) | 0.5      | 0.192307692308 |
+----------+----------+----------------+
| G77(1.0) | 0.5      | 0.807692307692 |
+----------+----------+----------------+
+----------+---+
| G76(0.0) | 1 |
+----------+---+
+----------+---+
| G71(1.0) | 1 |
+----------+---+
+----------+---+
| G70(0.0) | 1 |
+----------+---+
+----------+----------------+----------------+
| G69      | G69(0.0)       | G69(1.0)       |
+----------+----------------+----------------+
| G73(0.0) | 0.590909090909 | 0.131578947368 |
+----------+----------------+----------------+
| G73(1.0) | 0.409090909091 | 0.868421052632 |
+----------+----------------+----------------+
+----------+---+
| G72(1.0) | 1 |
+----------+---+
+----------+----------------+----------------+
| G48      | G48(0.0)       | G48(1.0)       |
+----------+----------------+----------------+
| G79(0.0) | 0.409090909091 | 0.131578947368 |
+----------+----------------+----------------+
| G79(1.0) | 0.590909090909 | 0.868421052632 |
+----------+----------------+----------------+
+----------+---+
| G78(1.0) | 1 |
+----------+---+
+----------+---+
| G68(0.0) | 1 |
+----------+---+
+----------+----------------+----------------+
| G40      | G40(0.0)       | G40(1.0)       |
+----------+----------------+----------------+
| G69(0.0) | 0.722222222222 | 0.214285714286 |
+----------+----------------+----------------+
| G69(1.0) | 0.277777777778 | 0.785714285714 |
+----------+----------------+----------------+
+----------+----------------+----------+
| G51      | G51(0.0)       | G51(1.0) |
+----------+----------------+----------+
| G62(0.0) | 0.880952380952 | 0.5      |
+----------+----------------+----------+
| G62(1.0) | 0.119047619048 | 0.5      |
+----------+----------------+----------+
+----------+---+
| G63(1.0) | 1 |
+----------+---+
+----------+---+
| G60(1.0) | 1 |
+----------+---+
+----------+---+
| G61(0.0) | 1 |
+----------+---+
+----------+---+
| G66(1.0) | 1 |
+----------+---+
+----------+---+
| G67(0.0) | 1 |
+----------+---+
+----------+----------------+----------------+
| G87      | G87(0.0)       | G87(1.0)       |
+----------+----------------+----------------+
| G64(0.0) | 0.131578947368 | 0.409090909091 |
+----------+----------------+----------------+
| G64(1.0) | 0.868421052632 | 0.590909090909 |
+----------+----------------+----------------+
+----------+----------------+----------------+
| G13      | G13(0.0)       | G13(1.0)       |
+----------+----------------+----------------+
| G65(0.0) | 0.690476190476 | 0.277777777778 |
+----------+----------------+----------------+
| G65(1.0) | 0.309523809524 | 0.722222222222 |
+----------+----------------+----------------+
+-----------+----------+----------------+----------------+-----------------+
| G2        | G2(0.0)  | G2(0.0)        | G2(1.0)        | G2(1.0)         |
+-----------+----------+----------------+----------------+-----------------+
| G64       | G64(0.0) | G64(1.0)       | G64(0.0)       | G64(1.0)        |
+-----------+----------+----------------+----------------+-----------------+
| G100(0.0) | 0.5      | 0.722222222222 | 0.722222222222 | 0.0675675675676 |
+-----------+----------+----------------+----------------+-----------------+
| G100(1.0) | 0.5      | 0.277777777778 | 0.277777777778 | 0.932432432432  |
+-----------+----------+----------------+----------------+-----------------+
+----------+---+
| G19(1.0) | 1 |
+----------+---+
+----------+---+
| G18(1.0) | 1 |
+----------+---+
+----------+---+
| G17(1.0) | 1 |
+----------+---+
+----------+----------+----------------+
| G73      | G73(0.0) | G73(1.0)       |
+----------+----------+----------------+
| G16(0.0) | 0.5      | 0.119047619048 |
+----------+----------+----------------+
| G16(1.0) | 0.5      | 0.880952380952 |
+----------+----------+----------------+
+----------+----------------+----------------+
| G6       | G6(0.0)        | G6(1.0)        |
+----------+----------------+----------------+
| G15(0.0) | 0.357142857143 | 0.804347826087 |
+----------+----------------+----------------+
| G15(1.0) | 0.642857142857 | 0.195652173913 |
+----------+----------------+----------------+
+----------+----------------+----------------+
| G56      | G56(0.0)       | G56(1.0)       |
+----------+----------------+----------------+
| G14(0.0) | 0.722222222222 | 0.119047619048 |
+----------+----------------+----------------+
| G14(1.0) | 0.277777777778 | 0.880952380952 |
+----------+----------------+----------------+
+----------+---------+----------------+----------------+-----------------+
| G4       | G4(0.0) | G4(0.0)        | G4(1.0)        | G4(1.0)         |
+----------+---------+----------------+----------------+-----------------+
| G6       | G6(0.0) | G6(1.0)        | G6(0.0)        | G6(1.0)         |
+----------+---------+----------------+----------------+-----------------+
| G13(0.0) | 0.5     | 0.277777777778 | 0.277777777778 | 0.932432432432  |
+----------+---------+----------------+----------------+-----------------+
| G13(1.0) | 0.5     | 0.722222222222 | 0.722222222222 | 0.0675675675676 |
+----------+---------+----------------+----------------+-----------------+
+----------+---+
| G12(0.0) | 1 |
+----------+---+
+----------+---+
| G11(1.0) | 1 |
+----------+---+
+----------+----------------+----------------+
| G73      | G73(0.0)       | G73(1.0)       |
+----------+----------------+----------------+
| G10(0.0) | 0.722222222222 | 0.309523809524 |
+----------+----------------+----------------+
| G10(1.0) | 0.277777777778 | 0.690476190476 |
+----------+----------------+----------------+
+----------+----------------+----------------+
| G73      | G73(0.0)       | G73(1.0)       |
+----------+----------------+----------------+
| G97(0.0) | 0.722222222222 | 0.214285714286 |
+----------+----------------+----------------+
| G97(1.0) | 0.277777777778 | 0.785714285714 |
+----------+----------------+----------------+
+----------+----------------+----------------+
| G13      | G13(0.0)       | G13(1.0)       |
+----------+----------------+----------------+
| G96(0.0) | 0.119047619048 | 0.722222222222 |
+----------+----------------+----------------+
| G96(1.0) | 0.880952380952 | 0.277777777778 |
+----------+----------------+----------------+
+----------+---+
| G95(0.0) | 1 |
+----------+---+
+----------+---+
| G94(1.0) | 1 |
+----------+---+
+----------+---+
| G93(0.0) | 1 |
+----------+---+
+----------+---+
| G92(1.0) | 1 |
+----------+---+
+----------+---+
| G91(1.0) | 1 |
+----------+---+
+----------+---+
| G90(1.0) | 1 |
+----------+---+
+----------+---+
| G99(0.0) | 1 |
+----------+---+
+----------+---+
| G98(1.0) | 1 |
+----------+---+
+----------+----------------+----------------+
| G62      | G62(0.0)       | G62(1.0)       |
+----------+----------------+----------------+
| G31(0.0) | 0.891304347826 | 0.357142857143 |
+----------+----------------+----------------+
| G31(1.0) | 0.108695652174 | 0.642857142857 |
+----------+----------------+----------------+
+----------+---+
| G30(0.0) | 1 |
+----------+---+
+----------+----------------+----------------+
| G64      | G64(0.0)       | G64(1.0)       |
+----------+----------------+----------------+
| G33(0.0) | 0.642857142857 | 0.108695652174 |
+----------+----------------+----------------+
| G33(1.0) | 0.357142857143 | 0.891304347826 |
+----------+----------------+----------------+
+----------+----------------+----------------+
| G96      | G96(0.0)       | G96(1.0)       |
+----------+----------------+----------------+
| G32(0.0) | 0.722222222222 | 0.214285714286 |
+----------+----------------+----------------+
| G32(1.0) | 0.277777777778 | 0.785714285714 |
+----------+----------------+----------------+
+----------+----------------+----------------+
| G32      | G32(0.0)       | G32(1.0)       |
+----------+----------------+----------------+
| G35(0.0) | 0.409090909091 | 0.868421052632 |
+----------+----------------+----------------+
| G35(1.0) | 0.590909090909 | 0.131578947368 |
+----------+----------------+----------------+
+----------+----------------+----------------+
| G32      | G32(0.0)       | G32(1.0)       |
+----------+----------------+----------------+
| G34(0.0) | 0.772727272727 | 0.447368421053 |
+----------+----------------+----------------+
| G34(1.0) | 0.227272727273 | 0.552631578947 |
+----------+----------------+----------------+
+----------+---+
| G37(1.0) | 1 |
+----------+---+
+----------+----------------+----------------+
| G4       | G4(0.0)        | G4(1.0)        |
+----------+----------------+----------------+
| G36(0.0) | 0.357142857143 | 0.891304347826 |
+----------+----------------+----------------+
| G36(1.0) | 0.642857142857 | 0.108695652174 |
+----------+----------------+----------------+
+----------+---+
| G39(1.0) | 1 |
+----------+---+
+----------+---+
| G38(0.0) | 1 |
+----------+---+
+----------+---+
| G84(0.0) | 1 |
+----------+---+
+----------+---+
| G85(1.0) | 1 |
+----------+---+
+----------+---+
| G86(1.0) | 1 |
+----------+---+
+----------+----------------+----------------+
| G34      | G34(0.0)       | G34(1.0)       |
+----------+----------------+----------------+
| G87(0.0) | 0.852941176471 | 0.346153846154 |
+----------+----------------+----------------+
| G87(1.0) | 0.147058823529 | 0.653846153846 |
+----------+----------------+----------------+
+----------+----------------+----------------+
| G89      | G89(0.0)       | G89(1.0)       |
+----------+----------------+----------------+
| G80(0.0) | 0.108695652174 | 0.642857142857 |
+----------+----------------+----------------+
| G80(1.0) | 0.891304347826 | 0.357142857143 |
+----------+----------------+----------------+
+----------+---+
| G81(1.0) | 1 |
+----------+---+
+----------+---+
| G82(1.0) | 1 |
+----------+---+
+----------+---+
| G83(1.0) | 1 |
+----------+---+
+----------+---+
| G88(1.0) | 1 |
+----------+---+
+----------+----------------+----------------+
| G16      | G16(0.0)       | G16(1.0)       |
+----------+----------------+----------------+
| G89(0.0) | 0.357142857143 | 0.891304347826 |
+----------+----------------+----------------+
| G89(1.0) | 0.642857142857 | 0.108695652174 |
+----------+----------------+----------------+
[(('G42', 0), ('G7', 1)), (('G42', 0), ('G42', 1)), (('G11', 1), ('G83', 1)), (('G11', 1), ('G72', 1)), (('G56', 0), ('G56', 1)), (('G1', 1), ('G97', 1)), (('G67', 0), ('G97', 1)), (('G29', 1), ('G57', 1)), (('G75', 0), ('G75', 1)), (('G75', 0), ('G82', 1)), (('G19', 0), ('G19', 1)), (('G19', 0), ('G77', 1)), (('G22', 0), ('G87', 1)), (('G22', 0), ('G22', 1)), (('G22', 0), ('G36', 1)), (('G36', 0), ('G36', 1)), (('G4', 0), ('G4', 1)), (('G49', 0), ('G49', 1)), (('G84', 0), ('G84', 1)), (('G54', 0), ('G54', 1)), (('G65', 0), ('G65', 1)), (('G27', 1), ('G64', 1)), (('G27', 1), ('G54', 1)), (('G98', 1), ('G53', 1)), (('G98', 1), ('G84', 1)), (('G98', 1), ('G86', 1)), (('G98', 1), ('G65', 1)), (('G77', 0), ('G6', 1)), (('G20', 0), ('G20', 1)), (('G12', 0), ('G12', 1)), (('G79', 1), ('G21', 1)), (('G79', 1), ('G90', 1)), (('G79', 1), ('G34', 1)), (('G79', 1), ('G73', 1)), (('G79', 1), ('G69', 1)), (('G79', 1), ('G30', 1)), (('G2', 0), ('G26', 1)), (('G2', 0), ('G2', 1)), (('G2', 0), ('G96', 1)), (('G46', 0), ('G46', 1)), (('G86', 0), ('G52', 1)), (('G86', 0), ('G86', 1)), (('G99', 1), ('G74', 1)), (('G71', 0), ('G81', 1)), (('G71', 0), ('G99', 1)), (('G71', 0), ('G71', 1)), (('G43', 1), ('G40', 1)), (('G43', 1), ('G31', 1)), (('G91', 0), ('G91', 1)), (('G91', 0), ('G82', 1)), (('G31', 0), ('G31', 1)), (('G31', 0), ('G13', 1)), (('G80', 0), ('G80', 1)), (('G53', 0), ('G53', 1)), (('G69', 0), ('G69', 1)), (('G62', 0), ('G62', 1)), (('G62', 0), ('G3', 1)), (('G62', 0), ('G6', 1)), (('G73', 0), ('G73', 1)), (('G42', 1), ('G67', 1)), (('G42', 1), ('G61', 1)), (('G42', 1), ('G10', 1)), (('G29', 0), ('G48', 1)), (('G29', 0), ('G45', 1)), (('G29', 0), ('G29', 1)), (('G9', 0), ('G12', 1)), (('G9', 0), ('G10', 1)), (('G92', 1), ('G85', 1)), (('G22', 1), ('G34', 1)), (('G22', 1), ('G8', 1)), (('G51', 0), ('G1', 1)), (('G51', 0), ('G52', 1)), (('G51', 0), ('G51', 1)), (('G60', 0), ('G67', 1)), (('G78', 0), ('G78', 1)), (('G84', 1), ('G40', 1)), (('G17', 0), ('G17', 1)), (('G17', 0), ('G64', 1)), (('G17', 0), ('G94', 1)), (('G17', 0), ('G93', 1)), (('G17', 0), ('G95', 1)), (('G98', 0), ('G88', 1)), (('G98', 0), ('G98', 1)), (('G35', 0), ('G35', 1)), (('G38', 0), ('G80', 1)), (('G38', 0), ('G38', 1)), (('G70', 1), ('G43', 1)), (('G89', 0), ('G89', 1)), (('G57', 0), ('G50', 1)), (('G57', 0), ('G57', 1)), (('G57', 0), ('G14', 1)), (('G66', 0), ('G66', 1)), (('G66', 0), ('G63', 1)), (('G13', 1), ('G22', 1)), (('G13', 1), ('G24', 1)), (('G46', 1), ('G9', 1)), (('G46', 1), ('G32', 1)), (('G46', 1), ('G11', 1)), (('G86', 1), ('G88', 1)), (('G25', 0), ('G25', 1)), (('G15', 0), ('G15', 1)), (('G71', 1), ('G100', 1)), (('G37', 0), ('G37', 1)), (('G5', 0), ('G16', 1)), (('G5', 0), ('G5', 1)), (('G72', 1), ('G75', 1)), (('G43', 0), ('G43', 1)), (('G91', 1), ('G62', 1)), (('G91', 1), ('G70', 1)), (('G91', 1), ('G66', 1)), (('G48', 0), ('G48', 1)), (('G55', 0), ('G55', 1)), (('G58', 0), ('G58', 1)), (('G87', 1), ('G14', 1)), (('G87', 1), ('G38', 1)), (('G80', 1), ('G89', 1)), (('G18', 0), ('G18', 1)), (('G23', 0), ('G23', 1)), (('G23', 0), ('G9', 1)), (('G23', 0), ('G32', 1)), (('G13', 0), ('G13', 1)), (('G94', 0), ('G94', 1)), (('G61', 1), ('G25', 1)), (('G45', 0), ('G45', 1)), (('G45', 0), ('G49', 1)), (('G83', 1), ('G37', 1)), (('G83', 1), ('G4', 1)), (('G83', 1), ('G91', 1)), (('G83', 1), ('G5', 1)), (('G9', 1), ('G23', 1)), (('G9', 1), ('G2', 1)), (('G16', 1), ('G18', 1)), (('G90', 1), ('G19', 1)), (('G76', 0), ('G41', 1)), (('G21', 0), ('G21', 1)), (('G11', 0), ('G11', 1)), (('G92', 0), ('G92', 1)), (('G56', 1), ('G17', 1)), (('G1', 0), ('G33', 1)), (('G67', 1), ('G79', 1)), (('G67', 1), ('G60', 1)), (('G47', 0), ('G47', 1)), (('G87', 0), ('G56', 1)), (('G87', 0), ('G87', 1)), (('G87', 0), ('G27', 1)), (('G35', 1), ('G27', 1)), (('G49', 1), ('G96', 1)), (('G68', 0), ('G68', 1)), (('G70', 0), ('G70', 1)), (('G57', 1), ('G55', 1)), (('G57', 1), ('G47', 1)), (('G90', 0), ('G90', 1)), (('G30', 0), ('G30', 1)), (('G65', 1), ('G51', 1)), (('G94', 1), ('G78', 1)), (('G5', 1), ('G20', 1)), (('G5', 1), ('G42', 1)), (('G72', 0), ('G15', 1)), (('G72', 0), ('G72', 1)), (('G79', 0), ('G79', 1)), (('G55', 1), ('G85', 1)), (('G31', 1), ('G35', 1)), (('G31', 1), ('G63', 1)), (('G64', 1), ('G7', 1)), (('G26', 0), ('G26', 1)), (('G99', 0), ('G3', 1)), (('G32', 0), ('G41', 1)), (('G39', 0), ('G58', 1)), (('G8', 0), ('G77', 1)), (('G8', 0), ('G8', 1)), (('G41', 1), ('G28', 1)), (('G41', 1), ('G76', 1)), (('G83', 0), ('G39', 1)), (('G83', 0), ('G83', 1)), (('G50', 0), ('G50', 1)), (('G61', 0), ('G61', 1)), (('G24', 0), ('G24', 1)), (('G16', 0), ('G16', 1)), (('G37', 1), ('G1', 1))]
+------------+---------------+----------------+----------------+-----------------+
| ('G2', 0)  | G2_0(0.0)     | G2_0(0.0)      | G2_0(1.0)      | G2_0(1.0)       |
+------------+---------------+----------------+----------------+-----------------+
| ('G26', 0) | G26_0(0.0)    | G26_0(1.0)     | G26_0(0.0)     | G26_0(1.0)      |
+------------+---------------+----------------+----------------+-----------------+
| G26(0.0)   | 0.62389380531 | 0.251152073733 | 0.527397260274 | 0.0544794188862 |
+------------+---------------+----------------+----------------+-----------------+
| G26(1.0)   | 0.37610619469 | 0.748847926267 | 0.472602739726 | 0.945520581114  |
+------------+---------------+----------------+----------------+-----------------+
+------------+----------------+----------------+-----------------+----------------+
| ('G35', 1) | G35_1(0.0)     | G35_1(0.0)     | G35_1(1.0)      | G35_1(1.0)     |
+------------+----------------+----------------+-----------------+----------------+
| ('G87', 0) | G87_0(0.0)     | G87_0(1.0)     | G87_0(0.0)      | G87_0(1.0)     |
+------------+----------------+----------------+-----------------+----------------+
| G27(0.0)   | 0.382352941176 | 0.729299363057 | 0.0857605177994 | 0.696721311475 |
+------------+----------------+----------------+-----------------+----------------+
| G27(1.0)   | 0.617647058824 | 0.270700636943 | 0.914239482201  | 0.303278688525 |
+------------+----------------+----------------+-----------------+----------------+
+------------+------------+-----------------+----------------+----------------+
| ('G13', 1) | G13_1(0.0) | G13_1(0.0)      | G13_1(1.0)     | G13_1(1.0)     |
+------------+------------+-----------------+----------------+----------------+
| ('G24', 0) | G24_0(0.0) | G24_0(1.0)      | G24_0(0.0)     | G24_0(1.0)     |
+------------+------------+-----------------+----------------+----------------+
| G24(0.0)   | 0.692      | 0.0353535353535 | 0.850282485876 | 0.251152073733 |
+------------+------------+-----------------+----------------+----------------+
| G24(1.0)   | 0.308      | 0.964646464646  | 0.149717514124 | 0.748847926267 |
+------------+------------+-----------------+----------------+----------------+
+------------+----------------+-----------------+-----------------+-----------------+
| ('G25', 0) | G25_0(0.0)     | G25_0(0.0)      | G25_0(1.0)      | G25_0(1.0)      |
+------------+----------------+-----------------+-----------------+-----------------+
| ('G61', 1) | G61_1(0.0)     | G61_1(1.0)      | G61_1(0.0)      | G61_1(1.0)      |
+------------+----------------+-----------------+-----------------+-----------------+
| G25(0.0)   | 0.158536585366 | 0.939024390244  | 0.0500725689405 | 0.0555555555556 |
+------------+----------------+-----------------+-----------------+-----------------+
| G25(1.0)   | 0.841463414634 | 0.0609756097561 | 0.94992743106   | 0.944444444444  |
+------------+----------------+-----------------+-----------------+-----------------+
+------------+-----------------+----------------+----------------+-----------------+
| ('G13', 1) | G13_1(0.0)      | G13_1(0.0)     | G13_1(1.0)     | G13_1(1.0)      |
+------------+-----------------+----------------+----------------+-----------------+
| ('G22', 0) | G22_0(0.0)      | G22_0(1.0)     | G22_0(0.0)     | G22_0(1.0)      |
+------------+-----------------+----------------+----------------+-----------------+
| G22(0.0)   | 0.941640378549  | 0.366666666667 | 0.434426229508 | 0.0435435435435 |
+------------+-----------------+----------------+----------------+-----------------+
| G22(1.0)   | 0.0583596214511 | 0.633333333333 | 0.565573770492 | 0.956456456456  |
+------------+-----------------+----------------+----------------+-----------------+
+------------+-----------------+----------------+----------------+-----------------+
| ('G23', 0) | G23_0(0.0)      | G23_0(0.0)     | G23_0(1.0)     | G23_0(1.0)      |
+------------+-----------------+----------------+----------------+-----------------+
| ('G9', 1)  | G9_1(0.0)       | G9_1(1.0)      | G9_1(0.0)      | G9_1(1.0)       |
+------------+-----------------+----------------+----------------+-----------------+
| G23(0.0)   | 0.97619047619   | 0.631147540984 | 0.617647058824 | 0.0165876777251 |
+------------+-----------------+----------------+----------------+-----------------+
| G23(1.0)   | 0.0238095238095 | 0.368852459016 | 0.382352941176 | 0.983412322275  |
+------------+-----------------+----------------+----------------+-----------------+
+------------+----------------+----------------+-----------------+----------------+
| ('G20', 0) | G20_0(0.0)     | G20_0(0.0)     | G20_0(1.0)      | G20_0(1.0)     |
+------------+----------------+----------------+-----------------+----------------+
| ('G5', 1)  | G5_1(0.0)      | G5_1(1.0)      | G5_1(0.0)       | G5_1(1.0)      |
+------------+----------------+----------------+-----------------+----------------+
| G20(0.0)   | 0.785714285714 | 0.368852459016 | 0.0445544554455 | 0.265517241379 |
+------------+----------------+----------------+-----------------+----------------+
| G20(1.0)   | 0.214285714286 | 0.631147540984 | 0.955445544554  | 0.734482758621 |
+------------+----------------+----------------+-----------------+----------------+
+------------+----------------+----------------+-----------------+----------------+
| ('G21', 0) | G21_0(0.0)     | G21_0(0.0)     | G21_0(1.0)      | G21_0(1.0)     |
+------------+----------------+----------------+-----------------+----------------+
| ('G79', 1) | G79_1(0.0)     | G79_1(1.0)     | G79_1(0.0)      | G79_1(1.0)     |
+------------+----------------+----------------+-----------------+----------------+
| G21(0.0)   | 0.673913043478 | 0.877952755906 | 0.0359116022099 | 0.337837837838 |
+------------+----------------+----------------+-----------------+----------------+
| G21(1.0)   | 0.326086956522 | 0.122047244094 | 0.96408839779   | 0.662162162162 |
+------------+----------------+----------------+-----------------+----------------+
+------------+----------------+----------------+
| ('G41', 1) | G41_1(0.0)     | G41_1(1.0)     |
+------------+----------------+----------------+
| G28(0.0)   | 0.677777777778 | 0.287878787879 |
+------------+----------------+----------------+
| G28(1.0)   | 0.322222222222 | 0.712121212121 |
+------------+----------------+----------------+
+------------+-----------------+----------------+
| ('G29', 0) | G29_0(0.0)      | G29_0(1.0)     |
+------------+-----------------+----------------+
| G29(0.0)   | 0.960815047022  | 0.140449438202 |
+------------+-----------------+----------------+
| G29(1.0)   | 0.0391849529781 | 0.859550561798 |
+------------+-----------------+----------------+
+------------+----------------+----------------+------------+----------------+
| ('G42', 0) | G42_0(0.0)     | G42_0(0.0)     | G42_0(1.0) | G42_0(1.0)     |
+------------+----------------+----------------+------------+----------------+
| ('G64', 1) | G64_1(0.0)     | G64_1(1.0)     | G64_1(0.0) | G64_1(1.0)     |
+------------+----------------+----------------+------------+----------------+
| G7(0.0)    | 0.539603960396 | 0.126570915619 | 0.5        | 0.513793103448 |
+------------+----------------+----------------+------------+----------------+
| G7(1.0)    | 0.460396039604 | 0.873429084381 | 0.5        | 0.486206896552 |
+------------+----------------+----------------+------------+----------------+
+------------+-----------------+-----------------+-----------------+----------------+
| ('G62', 0) | G62_0(0.0)      | G62_0(0.0)      | G62_0(1.0)      | G62_0(1.0)     |
+------------+-----------------+-----------------+-----------------+----------------+
| ('G77', 0) | G77_0(0.0)      | G77_0(1.0)      | G77_0(0.0)      | G77_0(1.0)     |
+------------+-----------------+-----------------+-----------------+----------------+
| G6(0.0)    | 0.0636363636364 | 0.0108153078203 | 0.932432432432  | 0.192307692308 |
+------------+-----------------+-----------------+-----------------+----------------+
| G6(1.0)    | 0.936363636364  | 0.98918469218   | 0.0675675675676 | 0.807692307692 |
+------------+-----------------+-----------------+-----------------+----------------+
+------------+----------------+-----------------+----------------+----------------+
| ('G5', 0)  | G5_0(0.0)      | G5_0(0.0)       | G5_0(1.0)      | G5_0(1.0)      |
+------------+----------------+-----------------+----------------+----------------+
| ('G83', 1) | G83_1(0.0)     | G83_1(1.0)      | G83_1(0.0)     | G83_1(1.0)     |
+------------+----------------+-----------------+----------------+----------------+
| G5(0.0)    | 0.283783783784 | 0.967486818981  | 0.198924731183 | 0.260683760684 |
+------------+----------------+-----------------+----------------+----------------+
| G5(1.0)    | 0.716216216216 | 0.0325131810193 | 0.801075268817 | 0.739316239316 |
+------------+----------------+-----------------+----------------+----------------+
+------------+----------------+----------------+----------------+-----------------+
| ('G4', 0)  | G4_0(0.0)      | G4_0(0.0)      | G4_0(1.0)      | G4_0(1.0)       |
+------------+----------------+----------------+----------------+-----------------+
| ('G83', 1) | G83_1(0.0)     | G83_1(1.0)     | G83_1(0.0)     | G83_1(1.0)      |
+------------+----------------+----------------+----------------+-----------------+
| G4(0.0)    | 0.782352941176 | 0.515503875969 | 0.588888888889 | 0.0978456014363 |
+------------+----------------+----------------+----------------+-----------------+
| G4(1.0)    | 0.217647058824 | 0.484496124031 | 0.411111111111 | 0.902154398564  |
+------------+----------------+----------------+----------------+-----------------+
+------------+------------------+------------+----------------+------------+
| ('G62', 0) | G62_0(0.0)       | G62_0(0.0) | G62_0(1.0)     | G62_0(1.0) |
+------------+------------------+------------+----------------+------------+
| ('G99', 0) | G99_0(0.0)       | G99_0(1.0) | G99_0(0.0)     | G99_0(1.0) |
+------------+------------------+------------+----------------+------------+
| G3(0.0)    | 0.00335570469799 | 0.5        | 0.855555555556 | 0.5        |
+------------+------------------+------------+----------------+------------+
| G3(1.0)    | 0.996644295302   | 0.5        | 0.144444444444 | 0.5        |
+------------+------------------+------------+----------------+------------+
+-----------+----------------+----------------+-----------------+----------------+
| ('G2', 0) | G2_0(0.0)      | G2_0(0.0)      | G2_0(1.0)       | G2_0(1.0)      |
+-----------+----------------+----------------+-----------------+----------------+
| ('G9', 1) | G9_1(0.0)      | G9_1(1.0)      | G9_1(0.0)       | G9_1(1.0)      |
+-----------+----------------+----------------+-----------------+----------------+
| G2(0.0)   | 0.147058823529 | 0.723642172524 | 0.0619047619048 | 0.248031496063 |
+-----------+----------------+----------------+-----------------+----------------+
| G2(1.0)   | 0.852941176471 | 0.276357827476 | 0.938095238095  | 0.751968503937 |
+-----------+----------------+----------------+-----------------+----------------+
+------------+-----------------+-----------------+----------------+----------------+
| ('G37', 1) | G37_1(0.0)      | G37_1(0.0)      | G37_1(1.0)     | G37_1(1.0)     |
+------------+-----------------+-----------------+----------------+----------------+
| ('G51', 0) | G51_0(0.0)      | G51_0(1.0)      | G51_0(0.0)     | G51_0(1.0)     |
+------------+-----------------+-----------------+----------------+----------------+
| G1(0.0)    | 0.0802469135802 | 0.944444444444  | 0.250528541226 | 0.490783410138 |
+------------+-----------------+-----------------+----------------+----------------+
| G1(1.0)    | 0.91975308642   | 0.0555555555556 | 0.749471458774 | 0.509216589862 |
+------------+-----------------+-----------------+----------------+----------------+
+------------+-----------------+----------------+----------------+-----------------+
| ('G23', 0) | G23_0(0.0)      | G23_0(0.0)     | G23_0(1.0)     | G23_0(1.0)      |
+------------+-----------------+----------------+----------------+-----------------+
| ('G46', 1) | G46_1(0.0)      | G46_1(1.0)     | G46_1(0.0)     | G46_1(1.0)      |
+------------+-----------------+----------------+----------------+-----------------+
| G9(0.0)    | 0.0675675675676 | 0.794573643411 | 0.192307692308 | 0.0227629513344 |
+------------+-----------------+----------------+----------------+-----------------+
| G9(1.0)    | 0.932432432432  | 0.205426356589 | 0.807692307692 | 0.977237048666  |
+------------+-----------------+----------------+----------------+-----------------+
+------------+----------------+-----------------+----------------+----------------+
| ('G22', 1) | G22_1(0.0)     | G22_1(0.0)      | G22_1(1.0)     | G22_1(1.0)     |
+------------+----------------+-----------------+----------------+----------------+
| ('G8', 0)  | G8_0(0.0)      | G8_0(1.0)       | G8_0(0.0)      | G8_0(1.0)      |
+------------+----------------+-----------------+----------------+----------------+
| G8(0.0)    | 0.885964912281 | 0.0202492211838 | 0.442857142857 | 0.175675675676 |
+------------+----------------+-----------------+----------------+----------------+
| G8(1.0)    | 0.114035087719 | 0.979750778816  | 0.557142857143 | 0.824324324324 |
+------------+----------------+-----------------+----------------+----------------+
+------------+-----------------+----------------+----------------+------------------+
| ('G53', 0) | G53_0(0.0)      | G53_0(0.0)     | G53_0(1.0)     | G53_0(1.0)       |
+------------+-----------------+----------------+----------------+------------------+
| ('G98', 1) | G98_1(0.0)      | G98_1(1.0)     | G98_1(0.0)     | G98_1(1.0)       |
+------------+-----------------+----------------+----------------+------------------+
| G53(0.0)   | 0.97311827957   | 0.560606060606 | 0.198630136986 | 0.00405186385737 |
+------------+-----------------+----------------+----------------+------------------+
| G53(1.0)   | 0.0268817204301 | 0.439393939394 | 0.801369863014 | 0.995948136143   |
+------------+-----------------+----------------+----------------+------------------+
+------------+----------------+-----------------+----------------+----------------+
| ('G51', 0) | G51_0(0.0)     | G51_0(0.0)      | G51_0(1.0)     | G51_0(1.0)     |
+------------+----------------+-----------------+----------------+----------------+
| ('G86', 0) | G86_0(0.0)     | G86_0(1.0)      | G86_0(0.0)     | G86_0(1.0)     |
+------------+----------------+-----------------+----------------+----------------+
| G52(0.0)   | 0.106557377049 | 0.0212981744422 | 0.836283185841 | 0.124161073826 |
+------------+----------------+-----------------+----------------+----------------+
| G52(1.0)   | 0.893442622951 | 0.978701825558  | 0.163716814159 | 0.875838926174 |
+------------+----------------+-----------------+----------------+----------------+
+------------+-----------------+----------------+----------------+-----------------+
| ('G51', 0) | G51_0(0.0)      | G51_0(0.0)     | G51_0(1.0)     | G51_0(1.0)      |
+------------+-----------------+----------------+----------------+-----------------+
| ('G65', 1) | G65_1(0.0)      | G65_1(1.0)     | G65_1(0.0)     | G65_1(1.0)      |
+------------+-----------------+----------------+----------------+-----------------+
| G51(0.0)   | 0.981994459834  | 0.821243523316 | 0.327160493827 | 0.0801104972376 |
+------------+-----------------+----------------+----------------+-----------------+
| G51(1.0)   | 0.0180055401662 | 0.178756476684 | 0.672839506173 | 0.919889502762  |
+------------+-----------------+----------------+----------------+-----------------+
+------------+----------------+----------------+-----------------+----------------+
| ('G50', 0) | G50_0(0.0)     | G50_0(0.0)     | G50_0(1.0)      | G50_0(1.0)     |
+------------+----------------+----------------+-----------------+----------------+
| ('G57', 0) | G57_0(0.0)     | G57_0(1.0)     | G57_0(0.0)      | G57_0(1.0)     |
+------------+----------------+----------------+-----------------+----------------+
| G50(0.0)   | 0.353658536585 | 0.734482758621 | 0.0303983228512 | 0.330065359477 |
+------------+----------------+----------------+-----------------+----------------+
| G50(1.0)   | 0.646341463415 | 0.265517241379 | 0.969601677149  | 0.669934640523 |
+------------+----------------+----------------+-----------------+----------------+
+------------+-----------------+----------------+----------------+----------------+
| ('G29', 1) | G29_1(0.0)      | G29_1(0.0)     | G29_1(1.0)     | G29_1(1.0)     |
+------------+-----------------+----------------+----------------+----------------+
| ('G57', 0) | G57_0(0.0)      | G57_0(1.0)     | G57_0(0.0)     | G57_0(1.0)     |
+------------+-----------------+----------------+----------------+----------------+
| G57(0.0)   | 0.970824949698  | 0.187943262411 | 0.309523809524 | 0.015923566879 |
+------------+-----------------+----------------+----------------+----------------+
| G57(1.0)   | 0.0291750503018 | 0.812056737589 | 0.690476190476 | 0.984076433121 |
+------------+-----------------+----------------+----------------+----------------+
+------------+----------------+------------+-----------------+----------------+
| ('G56', 0) | G56_0(0.0)     | G56_0(0.0) | G56_0(1.0)      | G56_0(1.0)     |
+------------+----------------+------------+-----------------+----------------+
| ('G87', 0) | G87_0(0.0)     | G87_0(1.0) | G87_0(0.0)      | G87_0(1.0)     |
+------------+----------------+------------+-----------------+----------------+
| G56(0.0)   | 0.439393939394 | 0.884      | 0.0256637168142 | 0.241935483871 |
+------------+----------------+------------+-----------------+----------------+
| G56(1.0)   | 0.560606060606 | 0.116      | 0.974336283186  | 0.758064516129 |
+------------+----------------+------------+-----------------+----------------+
+------------+------------+----------------+------------------+----------------+
| ('G55', 0) | G55_0(0.0) | G55_0(0.0)     | G55_0(1.0)       | G55_0(1.0)     |
+------------+------------+----------------+------------------+----------------+
| ('G57', 1) | G57_1(0.0) | G57_1(1.0)     | G57_1(0.0)       | G57_1(1.0)     |
+------------+------------+----------------+------------------+----------------+
| G55(0.0)   | 0.5        | 0.794573643411 | 0.00487329434698 | 0.156804733728 |
+------------+------------+----------------+------------------+----------------+
| G55(1.0)   | 0.5        | 0.205426356589 | 0.995126705653   | 0.843195266272 |
+------------+------------+----------------+------------------+----------------+
+------------+----------------+----------------+----------------+----------------+
| ('G27', 1) | G27_1(0.0)     | G27_1(0.0)     | G27_1(1.0)     | G27_1(1.0)     |
+------------+----------------+----------------+----------------+----------------+
| ('G54', 0) | G54_0(0.0)     | G54_0(1.0)     | G54_0(0.0)     | G54_0(1.0)     |
+------------+----------------+----------------+----------------+----------------+
| G54(0.0)   | 0.890977443609 | 0.114906832298 | 0.442857142857 | 0.130695443645 |
+------------+----------------+----------------+----------------+----------------+
| G54(1.0)   | 0.109022556391 | 0.885093167702 | 0.557142857143 | 0.869304556355 |
+------------+----------------+----------------+----------------+----------------+
+----------+---+
| G59(0.0) | 1 |
+----------+---+
+------------+----------------+------------+------------------+----------------+
| ('G39', 0) | G39_0(0.0)     | G39_0(0.0) | G39_0(1.0)       | G39_0(1.0)     |
+------------+----------------+------------+------------------+----------------+
| ('G58', 0) | G58_0(0.0)     | G58_0(1.0) | G58_0(0.0)       | G58_0(1.0)     |
+------------+----------------+------------+------------------+----------------+
| G58(0.0)   | 0.605263157895 | 0.5        | 0.990045941807   | 0.172131147541 |
+------------+----------------+------------+------------------+----------------+
| G58(1.0)   | 0.394736842105 | 0.5        | 0.00995405819296 | 0.827868852459 |
+------------+----------------+------------+------------------+----------------+
+------------+-----------------+----------------+----------------+-----------------+
| ('G43', 1) | G43_1(0.0)      | G43_1(0.0)     | G43_1(1.0)     | G43_1(1.0)      |
+------------+-----------------+----------------+----------------+-----------------+
| ('G84', 1) | G84_1(0.0)      | G84_1(1.0)     | G84_1(0.0)     | G84_1(1.0)      |
+------------+-----------------+----------------+----------------+-----------------+
| G40(0.0)   | 0.975247524752  | 0.852941176471 | 0.233558178752 | 0.938095238095  |
+------------+-----------------+----------------+----------------+-----------------+
| G40(1.0)   | 0.0247524752475 | 0.147058823529 | 0.766441821248 | 0.0619047619048 |
+------------+-----------------+----------------+----------------+-----------------+
+------------+----------------+----------------+-----------------+-----------------+
| ('G32', 0) | G32_0(0.0)     | G32_0(0.0)     | G32_0(1.0)      | G32_0(1.0)      |
+------------+----------------+----------------+-----------------+-----------------+
| ('G76', 0) | G76_0(0.0)     | G76_0(1.0)     | G76_0(0.0)      | G76_0(1.0)      |
+------------+----------------+----------------+-----------------+-----------------+
| G41(0.0)   | 0.011961722488 | 0.309523809524 | 0.0204678362573 | 0.965753424658  |
+------------+----------------+----------------+-----------------+-----------------+
| G41(1.0)   | 0.988038277512 | 0.690476190476 | 0.979532163743  | 0.0342465753425 |
+------------+----------------+----------------+-----------------+-----------------+
+------------+-----------------+----------------+----------------+----------------+
| ('G42', 0) | G42_0(0.0)      | G42_0(0.0)     | G42_0(1.0)     | G42_0(1.0)     |
+------------+-----------------+----------------+----------------+----------------+
| ('G5', 1)  | G5_1(0.0)       | G5_1(1.0)      | G5_1(0.0)      | G5_1(1.0)      |
+------------+-----------------+----------------+----------------+----------------+
| G42(0.0)   | 0.988413547237  | 0.768041237113 | 0.295918367347 | 0.133027522936 |
+------------+-----------------+----------------+----------------+----------------+
| G42(1.0)   | 0.0115864527629 | 0.231958762887 | 0.704081632653 | 0.866972477064 |
+------------+-----------------+----------------+----------------+----------------+
+------------+----------------+-----------------+-----------------+----------------+
| ('G43', 0) | G43_0(0.0)     | G43_0(0.0)      | G43_0(1.0)      | G43_0(1.0)     |
+------------+----------------+-----------------+-----------------+----------------+
| ('G70', 1) | G70_1(0.0)     | G70_1(1.0)      | G70_1(0.0)      | G70_1(1.0)     |
+------------+----------------+-----------------+-----------------+----------------+
| G43(0.0)   | 0.548780487805 | 0.967532467532  | 0.0158850226929 | 0.283783783784 |
+------------+----------------+-----------------+-----------------+----------------+
| G43(1.0)   | 0.451219512195 | 0.0324675324675 | 0.984114977307  | 0.716216216216 |
+------------+----------------+-----------------+-----------------+----------------+
+----------+---+
| G44(0.0) | 1 |
+----------+---+
+------------+-----------------+------------+----------------+-----------------+
| ('G29', 0) | G29_0(0.0)      | G29_0(0.0) | G29_0(1.0)     | G29_0(1.0)      |
+------------+-----------------+------------+----------------+-----------------+
| ('G45', 0) | G45_0(0.0)      | G45_0(1.0) | G45_0(0.0)     | G45_0(1.0)      |
+------------+-----------------+------------+----------------+-----------------+
| G45(0.0)   | 0.982871125612  | 0.74       | 0.696721311475 | 0.0897435897436 |
+------------+-----------------+------------+----------------+-----------------+
| G45(1.0)   | 0.0171288743883 | 0.26       | 0.303278688525 | 0.910256410256  |
+------------+-----------------+------------+----------------+-----------------+
+------------+------------+-----------------+
| ('G46', 0) | G46_0(0.0) | G46_0(1.0)      |
+------------+------------+-----------------+
| G46(0.0)   | 0.82       | 0.0117493472585 |
+------------+------------+-----------------+
| G46(1.0)   | 0.18       | 0.988250652742  |
+------------+------------+-----------------+
+------------+----------------+-----------------+-----------------+----------------+
| ('G47', 0) | G47_0(0.0)     | G47_0(0.0)      | G47_0(1.0)      | G47_0(1.0)     |
+------------+----------------+-----------------+-----------------+----------------+
| ('G57', 1) | G57_1(0.0)     | G57_1(1.0)      | G57_1(0.0)      | G57_1(1.0)     |
+------------+----------------+-----------------+-----------------+----------------+
| G47(0.0)   | 0.451219512195 | 0.964864864865  | 0.0136268343816 | 0.199115044248 |
+------------+----------------+-----------------+-----------------+----------------+
| G47(1.0)   | 0.548780487805 | 0.0351351351351 | 0.986373165618  | 0.800884955752 |
+------------+----------------+-----------------+-----------------+----------------+
+------------+----------------+----------------+-----------------+------------+
| ('G29', 0) | G29_0(0.0)     | G29_0(0.0)     | G29_0(1.0)      | G29_0(1.0) |
+------------+----------------+----------------+-----------------+------------+
| ('G48', 0) | G48_0(0.0)     | G48_0(1.0)     | G48_0(0.0)      | G48_0(1.0) |
+------------+----------------+----------------+-----------------+------------+
| G48(0.0)   | 0.565306122449 | 0.250636132316 | 0.956375838926  | 0.5        |
+------------+----------------+----------------+-----------------+------------+
| G48(1.0)   | 0.434693877551 | 0.749363867684 | 0.0436241610738 | 0.5        |
+------------+----------------+----------------+-----------------+------------+
+------------+------------+-----------------+-----------------+----------------+
| ('G45', 0) | G45_0(0.0) | G45_0(0.0)      | G45_0(1.0)      | G45_0(1.0)     |
+------------+------------+-----------------+-----------------+----------------+
| ('G49', 0) | G49_0(0.0) | G49_0(1.0)      | G49_0(0.0)      | G49_0(1.0)     |
+------------+------------+-----------------+-----------------+----------------+
| G49(0.0)   | 0.5        | 0.0305785123967 | 0.926966292135  | 0.424528301887 |
+------------+------------+-----------------+-----------------+----------------+
| G49(1.0)   | 0.5        | 0.969421487603  | 0.0730337078652 | 0.575471698113 |
+------------+------------+-----------------+-----------------+----------------+
+------------+------------+-----------------+----------------+-----------------+
| ('G72', 1) | G72_1(0.0) | G72_1(0.0)      | G72_1(1.0)     | G72_1(1.0)      |
+------------+------------+-----------------+----------------+-----------------+
| ('G75', 0) | G75_0(0.0) | G75_0(1.0)      | G75_0(0.0)     | G75_0(1.0)      |
+------------+------------+-----------------+----------------+-----------------+
| G75(0.0)   | 0.9        | 0.0686274509804 | 0.192307692308 | 0.0111111111111 |
+------------+------------+-----------------+----------------+-----------------+
| G75(1.0)   | 0.1        | 0.93137254902   | 0.807692307692 | 0.988888888889  |
+------------+------------+-----------------+----------------+-----------------+
+------------+------------------+----------------+
| ('G99', 1) | G99_1(0.0)       | G99_1(1.0)     |
+------------+------------------+----------------+
| G74(0.0)   | 0.993670886076   | 0.192307692308 |
+------------+------------------+----------------+
| G74(1.0)   | 0.00632911392405 | 0.807692307692 |
+------------+------------------+----------------+
+------------+----------------+---------------+----------------+---------------+
| ('G19', 0) | G19_0(0.0)     | G19_0(0.0)    | G19_0(1.0)     | G19_0(1.0)    |
+------------+----------------+---------------+----------------+---------------+
| ('G8', 0)  | G8_0(0.0)      | G8_0(1.0)     | G8_0(0.0)      | G8_0(1.0)     |
+------------+----------------+---------------+----------------+---------------+
| G77(0.0)   | 0.223076923077 | 0.26397515528 | 0.809278350515 | 0.12677484787 |
+------------+----------------+---------------+----------------+---------------+
| G77(1.0)   | 0.776923076923 | 0.73602484472 | 0.190721649485 | 0.87322515213 |
+------------+----------------+---------------+----------------+---------------+
+------------+-----------------+-----------------+
| ('G41', 1) | G41_1(0.0)      | G41_1(1.0)      |
+------------+-----------------+-----------------+
| G76(0.0)   | 0.0555555555556 | 0.987603305785  |
+------------+-----------------+-----------------+
| G76(1.0)   | 0.944444444444  | 0.0123966942149 |
+------------+-----------------+-----------------+
+------------+----------------+-----------------+
| ('G71', 0) | G71_0(0.0)     | G71_0(1.0)      |
+------------+----------------+-----------------+
| G71(0.0)   | 0.804347826087 | 0.0116883116883 |
+------------+----------------+-----------------+
| G71(1.0)   | 0.195652173913 | 0.988311688312  |
+------------+----------------+-----------------+
+------------+----------------+------------------+----------------+----------------+
| ('G70', 0) | G70_0(0.0)     | G70_0(0.0)       | G70_0(1.0)     | G70_0(1.0)     |
+------------+----------------+------------------+----------------+----------------+
| ('G91', 1) | G91_1(0.0)     | G91_1(1.0)       | G91_1(0.0)     | G91_1(1.0)     |
+------------+----------------+------------------+----------------+----------------+
| G70(0.0)   | 0.362068965517 | 0.990341753343   | 0.161538461538 | 0.295918367347 |
+------------+----------------+------------------+----------------+----------------+
| G70(1.0)   | 0.637931034483 | 0.00965824665676 | 0.838461538462 | 0.704081632653 |
+------------+----------------+------------------+----------------+----------------+
+------------+-----------------+----------------+----------------+----------------+
| ('G73', 0) | G73_0(0.0)      | G73_0(0.0)     | G73_0(1.0)     | G73_0(1.0)     |
+------------+-----------------+----------------+----------------+----------------+
| ('G79', 1) | G79_1(0.0)      | G79_1(1.0)     | G79_1(0.0)     | G79_1(1.0)     |
+------------+-----------------+----------------+----------------+----------------+
| G73(0.0)   | 0.988262910798  | 0.629963898917 | 0.608108108108 | 0.285467128028 |
+------------+-----------------+----------------+----------------+----------------+
| G73(1.0)   | 0.0117370892019 | 0.370036101083 | 0.391891891892 | 0.714532871972 |
+------------+-----------------+----------------+----------------+----------------+
+------------+----------------+----------------+----------------+-----------------+
| ('G11', 1) | G11_1(0.0)     | G11_1(0.0)     | G11_1(1.0)     | G11_1(1.0)      |
+------------+----------------+----------------+----------------+-----------------+
| ('G72', 0) | G72_0(0.0)     | G72_0(1.0)     | G72_0(0.0)     | G72_0(1.0)      |
+------------+----------------+----------------+----------------+-----------------+
| G72(0.0)   | 0.119047619048 | 0.253424657534 | 0.824873096447 | 0.0657142857143 |
+------------+----------------+----------------+----------------+-----------------+
| G72(1.0)   | 0.880952380952 | 0.746575342466 | 0.175126903553 | 0.934285714286  |
+------------+----------------+----------------+----------------+-----------------+
+------------+----------------+-----------------+-----------------+----------------+
| ('G67', 1) | G67_1(0.0)     | G67_1(0.0)      | G67_1(1.0)      | G67_1(1.0)     |
+------------+----------------+-----------------+-----------------+----------------+
| ('G79', 0) | G79_0(0.0)     | G79_0(1.0)      | G79_0(0.0)      | G79_0(1.0)     |
+------------+----------------+-----------------+-----------------+----------------+
| G79(0.0)   | 0.737288135593 | 0.0628415300546 | 0.967532467532  | 0.807692307692 |
+------------+----------------+-----------------+-----------------+----------------+
| G79(1.0)   | 0.262711864407 | 0.937158469945  | 0.0324675324675 | 0.192307692308 |
+------------+----------------+-----------------+-----------------+----------------+
+------------+----------------+----------------+----------------+------------+
| ('G78', 0) | G78_0(0.0)     | G78_0(0.0)     | G78_0(1.0)     | G78_0(1.0) |
+------------+----------------+----------------+----------------+------------+
| ('G94', 1) | G94_1(0.0)     | G94_1(1.0)     | G94_1(0.0)     | G94_1(1.0) |
+------------+----------------+----------------+----------------+------------+
| G78(0.0)   | 0.575471698113 | 0.830275229358 | 0.637931034483 | 0.0296     |
+------------+----------------+----------------+----------------+------------+
| G78(1.0)   | 0.424528301887 | 0.169724770642 | 0.362068965517 | 0.9704     |
+------------+----------------+----------------+----------------+------------+
+------------+-----------------+----------------+
| ('G68', 0) | G68_0(0.0)      | G68_0(1.0)     |
+------------+-----------------+----------------+
| G68(0.0)   | 0.982939632546  | 0.240740740741 |
+------------+-----------------+----------------+
| G68(1.0)   | 0.0170603674541 | 0.759259259259 |
+------------+-----------------+----------------+
+------------+----------------+------------+----------------+---------------+
| ('G69', 0) | G69_0(0.0)     | G69_0(0.0) | G69_0(1.0)     | G69_0(1.0)    |
+------------+----------------+------------+----------------+---------------+
| ('G79', 1) | G79_1(0.0)     | G79_1(1.0) | G79_1(0.0)     | G79_1(1.0)    |
+------------+----------------+------------+----------------+---------------+
| G69(0.0)   | 0.777372262774 | 0.404      | 0.411504424779 | 0.12358276644 |
+------------+----------------+------------+----------------+---------------+
| G69(1.0)   | 0.222627737226 | 0.596      | 0.588495575221 | 0.87641723356 |
+------------+----------------+------------+----------------+---------------+
+------------+----------------+------------------+-----------------+----------------+
| ('G62', 0) | G62_0(0.0)     | G62_0(0.0)       | G62_0(1.0)      | G62_0(1.0)     |
+------------+----------------+------------------+-----------------+----------------+
| ('G91', 1) | G91_1(0.0)     | G91_1(1.0)       | G91_1(0.0)      | G91_1(1.0)     |
+------------+----------------+------------------+-----------------+----------------+
| G62(0.0)   | 0.877358490566 | 0.99649368864    | 0.0609756097561 | 0.722222222222 |
+------------+----------------+------------------+-----------------+----------------+
| G62(1.0)   | 0.122641509434 | 0.00350631136045 | 0.939024390244  | 0.277777777778 |
+------------+----------------+------------------+-----------------+----------------+
+------------+------------+-----------------+-----------------+----------------+
| ('G31', 1) | G31_1(0.0) | G31_1(0.0)      | G31_1(1.0)      | G31_1(1.0)     |
+------------+------------+-----------------+-----------------+----------------+
| ('G66', 0) | G66_0(0.0) | G66_0(1.0)      | G66_0(0.0)      | G66_0(1.0)     |
+------------+------------+-----------------+-----------------+----------------+
| G63(0.0)   | 0.26       | 0.0905882352941 | 0.923529411765  | 0.307829181495 |
+------------+------------+-----------------+-----------------+----------------+
| G63(1.0)   | 0.74       | 0.909411764706  | 0.0764705882353 | 0.692170818505 |
+------------+------------+-----------------+-----------------+----------------+
+------------+-----------------+------------+
| ('G67', 1) | G67_1(0.0)      | G67_1(1.0) |
+------------+-----------------+------------+
| G60(0.0)   | 0.0068870523416 | 0.9        |
+------------+-----------------+------------+
| G60(1.0)   | 0.993112947658  | 0.1        |
+------------+-----------------+------------+
+------------+-----------------+----------------+---------------+-----------------+
| ('G42', 1) | G42_1(0.0)      | G42_1(0.0)     | G42_1(1.0)    | G42_1(1.0)      |
+------------+-----------------+----------------+---------------+-----------------+
| ('G61', 0) | G61_0(0.0)      | G61_0(1.0)     | G61_0(0.0)    | G61_0(1.0)      |
+------------+-----------------+----------------+---------------+-----------------+
| G61(0.0)   | 0.983619344774  | 0.852941176471 | 0.88202247191 | 0.0942028985507 |
+------------+-----------------+----------------+---------------+-----------------+
| G61(1.0)   | 0.0163806552262 | 0.147058823529 | 0.11797752809 | 0.905797101449  |
+------------+-----------------+----------------+---------------+-----------------+
+------------+----------------+---------------+------------+------------------+
| ('G66', 0) | G66_0(0.0)     | G66_0(0.0)    | G66_0(1.0) | G66_0(1.0)       |
+------------+----------------+---------------+------------+------------------+
| ('G91', 1) | G91_1(0.0)     | G91_1(1.0)    | G91_1(0.0) | G91_1(1.0)       |
+------------+----------------+---------------+------------+------------------+
| G66(0.0)   | 0.815789473684 | 0.72641509434 | 0.5        | 0.00373692077728 |
+------------+----------------+---------------+------------+------------------+
| G66(1.0)   | 0.184210526316 | 0.27358490566 | 0.5        | 0.996263079223   |
+------------+----------------+---------------+------------+------------------+
+------------+----------------+-----------------+-----------------+----------------+
| ('G42', 1) | G42_1(0.0)     | G42_1(0.0)      | G42_1(1.0)      | G42_1(1.0)     |
+------------+----------------+-----------------+-----------------+----------------+
| ('G60', 0) | G60_0(0.0)     | G60_0(1.0)      | G60_0(0.0)      | G60_0(1.0)     |
+------------+----------------+-----------------+-----------------+----------------+
| G67(0.0)   | 0.807692307692 | 0.98992248062   | 0.0342465753425 | 0.876470588235 |
+------------+----------------+-----------------+-----------------+----------------+
| G67(1.0)   | 0.192307692308 | 0.0100775193798 | 0.965753424658  | 0.123529411765 |
+------------+----------------+-----------------+-----------------+----------------+
+------------+----------------+----------------+----------------+-----------------+
| ('G17', 0) | G17_0(0.0)     | G17_0(0.0)     | G17_0(1.0)     | G17_0(1.0)      |
+------------+----------------+----------------+----------------+-----------------+
| ('G27', 1) | G27_1(0.0)     | G27_1(1.0)     | G27_1(0.0)     | G27_1(1.0)      |
+------------+----------------+----------------+----------------+-----------------+
| G64(0.0)   | 0.838461538462 | 0.277777777778 | 0.203056768559 | 0.0204678362573 |
+------------+----------------+----------------+----------------+-----------------+
| G64(1.0)   | 0.161538461538 | 0.722222222222 | 0.796943231441 | 0.979532163743  |
+------------+----------------+----------------+----------------+-----------------+
+------------+----------------+----------------+-----------------+----------------+
| ('G65', 0) | G65_0(0.0)     | G65_0(0.0)     | G65_0(1.0)      | G65_0(1.0)     |
+------------+----------------+----------------+-----------------+----------------+
| ('G98', 1) | G98_1(0.0)     | G98_1(1.0)     | G98_1(0.0)      | G98_1(1.0)     |
+------------+----------------+----------------+-----------------+----------------+
| G65(0.0)   | 0.815789473684 | 0.775324675325 | 0.0229357798165 | 0.356603773585 |
+------------+----------------+----------------+-----------------+----------------+
| G65(1.0)   | 0.184210526316 | 0.224675324675 | 0.977064220183  | 0.643396226415 |
+------------+----------------+----------------+-----------------+----------------+
+------------+----------------+----------------+
| ('G71', 1) | G71_1(0.0)     | G71_1(1.0)     |
+------------+----------------+----------------+
| G100(0.0)  | 0.804347826087 | 0.235064935065 |
+------------+----------------+----------------+
| G100(1.0)  | 0.195652173913 | 0.764935064935 |
+------------+----------------+----------------+
+------------+-----------------+------------+------------+-----------------+
| ('G19', 0) | G19_0(0.0)      | G19_0(0.0) | G19_0(1.0) | G19_0(1.0)      |
+------------+-----------------+------------+------------+-----------------+
| ('G90', 1) | G90_1(0.0)      | G90_1(1.0) | G90_1(0.0) | G90_1(1.0)      |
+------------+-----------------+------------+------------+-----------------+
| G19(0.0)   | 0.975247524752  | 0.564      | 0.5        | 0.0817223198594 |
+------------+-----------------+------------+------------+-----------------+
| G19(1.0)   | 0.0247524752475 | 0.436      | 0.5        | 0.918277680141  |
+------------+-----------------+------------+------------+-----------------+
+------------+----------------+----------------+----------------+-----------------+
| ('G16', 1) | G16_1(0.0)     | G16_1(0.0)     | G16_1(1.0)     | G16_1(1.0)      |
+------------+----------------+----------------+----------------+-----------------+
| ('G18', 0) | G18_0(0.0)     | G18_0(1.0)     | G18_0(0.0)     | G18_0(1.0)      |
+------------+----------------+----------------+----------------+-----------------+
| G18(0.0)   | 0.646788990826 | 0.293103448276 | 0.794573643411 | 0.0519630484988 |
+------------+----------------+----------------+----------------+-----------------+
| G18(1.0)   | 0.353211009174 | 0.706896551724 | 0.205426356589 | 0.948036951501  |
+------------+----------------+----------------+----------------+-----------------+
+------------+----------------+------------+----------------+------------------+
| ('G17', 0) | G17_0(0.0)     | G17_0(0.0) | G17_0(1.0)     | G17_0(1.0)       |
+------------+----------------+------------+----------------+------------------+
| ('G56', 1) | G56_1(0.0)     | G56_1(1.0) | G56_1(0.0)     | G56_1(1.0)       |
+------------+----------------+------------+----------------+------------------+
| G17(0.0)   | 0.762295081967 | 0.5        | 0.183168316832 | 0.00390015600624 |
+------------+----------------+------------+----------------+------------------+
| G17(1.0)   | 0.237704918033 | 0.5        | 0.816831683168 | 0.996099843994   |
+------------+----------------+------------+----------------+------------------+
+------------+----------------+-----------------+----------------+----------------+
| ('G16', 0) | G16_0(0.0)     | G16_0(0.0)      | G16_0(1.0)     | G16_0(1.0)     |
+------------+----------------+-----------------+----------------+----------------+
| ('G5', 0)  | G5_0(0.0)      | G5_0(1.0)       | G5_0(0.0)      | G5_0(1.0)      |
+------------+----------------+-----------------+----------------+----------------+
| G16(0.0)   | 0.417159763314 | 0.97191011236   | 0.188787185355 | 0.119834710744 |
+------------+----------------+-----------------+----------------+----------------+
| G16(1.0)   | 0.582840236686 | 0.0280898876404 | 0.811212814645 | 0.880165289256 |
+------------+----------------+-----------------+----------------+----------------+
+------------+----------------+----------------+-----------------+---------------+
| ('G15', 0) | G15_0(0.0)     | G15_0(0.0)     | G15_0(1.0)      | G15_0(1.0)    |
+------------+----------------+----------------+-----------------+---------------+
| ('G72', 0) | G72_0(0.0)     | G72_0(1.0)     | G72_0(0.0)      | G72_0(1.0)    |
+------------+----------------+----------------+-----------------+---------------+
| G15(0.0)   | 0.785714285714 | 0.863636363636 | 0.0147928994083 | 0.39349112426 |
+------------+----------------+----------------+-----------------+---------------+
| G15(1.0)   | 0.214285714286 | 0.136363636364 | 0.985207100592  | 0.60650887574 |
+------------+----------------+----------------+-----------------+---------------+
+------------+----------------+----------------+---------------+----------------+
| ('G57', 0) | G57_0(0.0)     | G57_0(0.0)     | G57_0(1.0)    | G57_0(1.0)     |
+------------+----------------+----------------+---------------+----------------+
| ('G87', 1) | G87_1(0.0)     | G87_1(1.0)     | G87_1(0.0)    | G87_1(1.0)     |
+------------+----------------+----------------+---------------+----------------+
| G14(0.0)   | 0.301916932907 | 0.773170731707 | 0.10701754386 | 0.192307692308 |
+------------+----------------+----------------+---------------+----------------+
| G14(1.0)   | 0.698083067093 | 0.226829268293 | 0.89298245614 | 0.807692307692 |
+------------+----------------+----------------+---------------+----------------+
+------------+----------------+----------------+----------------+-----------------+
| ('G13', 0) | G13_0(0.0)     | G13_0(0.0)     | G13_0(1.0)     | G13_0(1.0)      |
+------------+----------------+----------------+----------------+-----------------+
| ('G31', 0) | G31_0(0.0)     | G31_0(1.0)     | G31_0(0.0)     | G31_0(1.0)      |
+------------+----------------+----------------+----------------+-----------------+
| G13(0.0)   | 0.898671096346 | 0.747933884298 | 0.348275862069 | 0.0421686746988 |
+------------+----------------+----------------+----------------+-----------------+
| G13(1.0)   | 0.101328903654 | 0.252066115702 | 0.651724137931 | 0.957831325301  |
+------------+----------------+----------------+----------------+-----------------+
+------------+----------------+-----------------+-----------------+----------------+
| ('G12', 0) | G12_0(0.0)     | G12_0(0.0)      | G12_0(1.0)      | G12_0(1.0)     |
+------------+----------------+-----------------+-----------------+----------------+
| ('G9', 0)  | G9_0(0.0)      | G9_0(1.0)       | G9_0(0.0)       | G9_0(1.0)      |
+------------+----------------+-----------------+-----------------+----------------+
| G12(0.0)   | 0.119047619048 | 0.910748560461  | 0.0643564356436 | 0.338150289017 |
+------------+----------------+-----------------+-----------------+----------------+
| G12(1.0)   | 0.880952380952 | 0.0892514395393 | 0.935643564356  | 0.661849710983 |
+------------+----------------+-----------------+-----------------+----------------+
+------------+-----------------+---------------+----------------+-----------------+
| ('G11', 0) | G11_0(0.0)      | G11_0(0.0)    | G11_0(1.0)     | G11_0(1.0)      |
+------------+-----------------+---------------+----------------+-----------------+
| ('G46', 1) | G46_1(0.0)      | G46_1(1.0)    | G46_1(0.0)     | G46_1(1.0)      |
+------------+-----------------+---------------+----------------+-----------------+
| G11(0.0)   | 0.939024390244  | 0.72641509434 | 0.722222222222 | 0.0147265077139 |
+------------+-----------------+---------------+----------------+-----------------+
| G11(1.0)   | 0.0609756097561 | 0.27358490566 | 0.277777777778 | 0.985273492286  |
+------------+-----------------+---------------+----------------+-----------------+
+------------+-----------------+----------------+------------+-----------------+
| ('G42', 1) | G42_1(0.0)      | G42_1(0.0)     | G42_1(1.0) | G42_1(1.0)      |
+------------+-----------------+----------------+------------+-----------------+
| ('G9', 0)  | G9_0(0.0)       | G9_0(1.0)      | G9_0(0.0)  | G9_0(1.0)       |
+------------+-----------------+----------------+------------+-----------------+
| G10(0.0)   | 0.0257731958763 | 0.539215686275 | 0.1        | 0.951127819549  |
+------------+-----------------+----------------+------------+-----------------+
| G10(1.0)   | 0.974226804124  | 0.460784313725 | 0.9        | 0.0488721804511 |
+------------+-----------------+----------------+------------+-----------------+
+------------+----------------+----------------+----------------+------------+
| ('G1', 1)  | G1_1(0.0)      | G1_1(0.0)      | G1_1(1.0)      | G1_1(1.0)  |
+------------+----------------+----------------+----------------+------------+
| ('G67', 0) | G67_0(0.0)     | G67_0(1.0)     | G67_0(0.0)     | G67_0(1.0) |
+------------+----------------+----------------+----------------+------------+
| G97(0.0)   | 0.432489451477 | 0.824324324324 | 0.201431492843 | 0.5        |
+------------+----------------+----------------+----------------+------------+
| G97(1.0)   | 0.567510548523 | 0.175675675676 | 0.798568507157 | 0.5        |
+------------+----------------+----------------+----------------+------------+
+------------+----------------+----------------+-----------------+----------------+
| ('G2', 0)  | G2_0(0.0)      | G2_0(0.0)      | G2_0(1.0)       | G2_0(1.0)      |
+------------+----------------+----------------+-----------------+----------------+
| ('G49', 1) | G49_1(0.0)     | G49_1(1.0)     | G49_1(0.0)      | G49_1(1.0)     |
+------------+----------------+----------------+-----------------+----------------+
| G96(0.0)   | 0.143835616438 | 0.570038910506 | 0.0764705882353 | 0.275561097257 |
+------------+----------------+----------------+-----------------+----------------+
| G96(1.0)   | 0.856164383562 | 0.429961089494 | 0.923529411765  | 0.724438902743 |
+------------+----------------+----------------+-----------------+----------------+
+------------+----------------+------------------+
| ('G17', 0) | G17_0(0.0)     | G17_0(1.0)       |
+------------+----------------+------------------+
| G95(0.0)   | 0.824324324324 | 0.993261455526   |
+------------+----------------+------------------+
| G95(1.0)   | 0.175675675676 | 0.00673854447439 |
+------------+----------------+------------------+
+------------+----------------+----------------+----------------+----------------+
| ('G17', 0) | G17_0(0.0)     | G17_0(0.0)     | G17_0(1.0)     | G17_0(1.0)     |
+------------+----------------+----------------+----------------+----------------+
| ('G94', 0) | G94_0(0.0)     | G94_0(1.0)     | G94_0(0.0)     | G94_0(1.0)     |
+------------+----------------+----------------+----------------+----------------+
| G94(0.0)   | 0.841463414634 | 0.439393939394 | 0.646341463415 | 0.009272467903 |
+------------+----------------+----------------+----------------+----------------+
| G94(1.0)   | 0.158536585366 | 0.560606060606 | 0.353658536585 | 0.990727532097 |
+------------+----------------+----------------+----------------+----------------+
+------------+----------------+------------------+
| ('G17', 0) | G17_0(0.0)     | G17_0(1.0)       |
+------------+----------------+------------------+
| G93(0.0)   | 0.824324324324 | 0.993261455526   |
+------------+----------------+------------------+
| G93(1.0)   | 0.175675675676 | 0.00673854447439 |
+------------+----------------+------------------+
+------------+----------------+-----------------+
| ('G92', 0) | G92_0(0.0)     | G92_0(1.0)      |
+------------+----------------+-----------------+
| G92(0.0)   | 0.848837209302 | 0.0178082191781 |
+------------+----------------+-----------------+
| G92(1.0)   | 0.151162790698 | 0.982191780822  |
+------------+----------------+-----------------+
+------------+-----------------+----------------+----------------+------------------+
| ('G83', 1) | G83_1(0.0)      | G83_1(0.0)     | G83_1(1.0)     | G83_1(1.0)       |
+------------+-----------------+----------------+----------------+------------------+
| ('G91', 0) | G91_0(0.0)      | G91_0(1.0)     | G91_0(0.0)     | G91_0(1.0)       |
+------------+-----------------+----------------+----------------+------------------+
| G91(0.0)   | 0.967532467532  | 0.198113207547 | 0.147058823529 | 0.00971599402093 |
+------------+-----------------+----------------+----------------+------------------+
| G91(1.0)   | 0.0324675324675 | 0.801886792453 | 0.852941176471 | 0.990284005979   |
+------------+-----------------+----------------+----------------+------------------+
+------------+-----------------+----------------+----------------+-----------------+
| ('G79', 1) | G79_1(0.0)      | G79_1(0.0)     | G79_1(1.0)     | G79_1(1.0)      |
+------------+-----------------+----------------+----------------+-----------------+
| ('G90', 0) | G90_0(0.0)      | G90_0(1.0)     | G90_0(0.0)     | G90_0(1.0)      |
+------------+-----------------+----------------+----------------+-----------------+
| G90(0.0)   | 0.935643564356  | 0.124161073826 | 0.309523809524 | 0.0045871559633 |
+------------+-----------------+----------------+----------------+-----------------+
| G90(1.0)   | 0.0643564356436 | 0.875838926174 | 0.690476190476 | 0.995412844037  |
+------------+-----------------+----------------+----------------+-----------------+
+------------+---------------+------------------+
| ('G71', 0) | G71_0(0.0)    | G71_0(1.0)       |
+------------+---------------+------------------+
| G99(0.0)   | 0.54347826087 | 0.993506493506   |
+------------+---------------+------------------+
| G99(1.0)   | 0.45652173913 | 0.00649350649351 |
+------------+---------------+------------------+
+------------+----------------+-----------------+
| ('G98', 0) | G98_0(0.0)     | G98_0(1.0)      |
+------------+----------------+-----------------+
| G98(0.0)   | 0.876470588235 | 0.0263157894737 |
+------------+----------------+-----------------+
| G98(1.0)   | 0.123529411765 | 0.973684210526  |
+------------+----------------+-----------------+
+------------+----------------+----------------+-----------------+----------------+
| ('G31', 0) | G31_0(0.0)     | G31_0(0.0)     | G31_0(1.0)      | G31_0(1.0)     |
+------------+----------------+----------------+-----------------+----------------+
| ('G43', 1) | G43_1(0.0)     | G43_1(1.0)     | G43_1(0.0)      | G43_1(1.0)     |
+------------+----------------+----------------+-----------------+----------------+
| G31(0.0)   | 0.192307692308 | 0.892609699769 | 0.0238095238095 | 0.220754716981 |
+------------+----------------+----------------+-----------------+----------------+
| G31(1.0)   | 0.807692307692 | 0.107390300231 | 0.97619047619   | 0.779245283019 |
+------------+----------------+----------------+-----------------+----------------+
+------------+-----------------+------------------+----------------+----------------+
| ('G30', 0) | G30_0(0.0)      | G30_0(0.0)       | G30_0(1.0)     | G30_0(1.0)     |
+------------+-----------------+------------------+----------------+----------------+
| ('G79', 1) | G79_1(0.0)      | G79_1(1.0)       | G79_1(0.0)     | G79_1(1.0)     |
+------------+-----------------+------------------+----------------+----------------+
| G30(0.0)   | 0.941988950276  | 0.99547920434    | 0.036231884058 | 0.807692307692 |
+------------+-----------------+------------------+----------------+----------------+
| G30(1.0)   | 0.0580110497238 | 0.00452079566004 | 0.963768115942 | 0.192307692308 |
+------------+-----------------+------------------+----------------+----------------+
+-----------+----------------+----------------+
| ('G1', 0) | G1_0(0.0)      | G1_0(1.0)      |
+-----------+----------------+----------------+
| G33(0.0)  | 0.485401459854 | 0.215867158672 |
+-----------+----------------+----------------+
| G33(1.0)  | 0.514598540146 | 0.784132841328 |
+-----------+----------------+----------------+
+------------+-----------------+-----------------+----------------+----------------+
| ('G23', 0) | G23_0(0.0)      | G23_0(0.0)      | G23_0(1.0)     | G23_0(1.0)     |
+------------+-----------------+-----------------+----------------+----------------+
| ('G46', 1) | G46_1(0.0)      | G46_1(1.0)      | G46_1(0.0)     | G46_1(1.0)     |
+------------+-----------------+-----------------+----------------+----------------+
| G32(0.0)   | 0.932432432432  | 0.0503875968992 | 0.807692307692 | 0.286499215071 |
+------------+-----------------+-----------------+----------------+----------------+
| G32(1.0)   | 0.0675675675676 | 0.949612403101  | 0.192307692308 | 0.713500784929 |
+------------+-----------------+-----------------+----------------+----------------+
+------------+----------------+------------+----------------+-----------------+
| ('G31', 1) | G31_1(0.0)     | G31_1(0.0) | G31_1(1.0)     | G31_1(1.0)      |
+------------+----------------+------------+----------------+-----------------+
| ('G35', 0) | G35_0(0.0)     | G35_0(1.0) | G35_0(0.0)     | G35_0(1.0)      |
+------------+----------------+------------+----------------+-----------------+
| G35(0.0)   | 0.783076923077 | 0.628      | 0.773504273504 | 0.0903614457831 |
+------------+----------------+------------+----------------+-----------------+
| G35(1.0)   | 0.216923076923 | 0.372      | 0.226495726496 | 0.909638554217  |
+------------+----------------+------------+----------------+-----------------+
+------------+----------------+----------------+-----------------+----------------+
| ('G22', 1) | G22_1(0.0)     | G22_1(0.0)     | G22_1(1.0)      | G22_1(1.0)     |
+------------+----------------+----------------+-----------------+----------------+
| ('G79', 1) | G79_1(0.0)     | G79_1(1.0)     | G79_1(0.0)      | G79_1(1.0)     |
+------------+----------------+----------------+-----------------+----------------+
| G34(0.0)   | 0.696721311475 | 0.701892744479 | 0.0555555555556 | 0.411646586345 |
+------------+----------------+----------------+-----------------+----------------+
| G34(1.0)   | 0.303278688525 | 0.298107255521 | 0.944444444444  | 0.588353413655 |
+------------+----------------+----------------+-----------------+----------------+
+------------+---------------+----------------+----------------+-----------------+
| ('G37', 0) | G37_0(0.0)    | G37_0(0.0)     | G37_0(1.0)     | G37_0(1.0)      |
+------------+---------------+----------------+----------------+-----------------+
| ('G83', 1) | G83_1(0.0)    | G83_1(1.0)     | G83_1(0.0)     | G83_1(1.0)      |
+------------+---------------+----------------+----------------+-----------------+
| G37(0.0)   | 0.87037037037 | 0.588888888889 | 0.377551020408 | 0.0163806552262 |
+------------+---------------+----------------+----------------+-----------------+
| G37(1.0)   | 0.12962962963 | 0.411111111111 | 0.622448979592 | 0.983619344774  |
+------------+---------------+----------------+----------------+-----------------+
+------------+-----------------+----------------+----------------+-----------------+
| ('G22', 0) | G22_0(0.0)      | G22_0(0.0)     | G22_0(1.0)     | G22_0(1.0)      |
+------------+-----------------+----------------+----------------+-----------------+
| ('G36', 0) | G36_0(0.0)      | G36_0(1.0)     | G36_0(0.0)     | G36_0(1.0)      |
+------------+-----------------+----------------+----------------+-----------------+
| G36(0.0)   | 0.925249169435  | 0.603896103896 | 0.424528301887 | 0.0168831168831 |
+------------+-----------------+----------------+----------------+-----------------+
| G36(1.0)   | 0.0747508305648 | 0.396103896104 | 0.575471698113 | 0.983116883117  |
+------------+-----------------+----------------+----------------+-----------------+
+------------+----------------+------------------+
| ('G83', 0) | G83_0(0.0)     | G83_0(1.0)       |
+------------+----------------+------------------+
| G39(0.0)   | 0.746153846154 | 0.00728862973761 |
+------------+----------------+------------------+
| G39(1.0)   | 0.253846153846 | 0.992711370262   |
+------------+----------------+------------------+
+------------+------------------+---------------+----------------+---------------+
| ('G38', 0) | G38_0(0.0)       | G38_0(0.0)    | G38_0(1.0)     | G38_0(1.0)    |
+------------+------------------+---------------+----------------+---------------+
| ('G87', 1) | G87_1(0.0)       | G87_1(1.0)    | G87_1(0.0)     | G87_1(1.0)    |
+------------+------------------+---------------+----------------+---------------+
| G38(0.0)   | 0.99569707401    | 0.86496350365 | 0.617647058824 | 0.12962962963 |
+------------+------------------+---------------+----------------+---------------+
| G38(1.0)   | 0.00430292598967 | 0.13503649635 | 0.382352941176 | 0.87037037037 |
+------------+------------------+---------------+----------------+---------------+
+------------+----------------+-----------------+----------------+----------------+
| ('G84', 0) | G84_0(0.0)     | G84_0(0.0)      | G84_0(1.0)     | G84_0(1.0)     |
+------------+----------------+-----------------+----------------+----------------+
| ('G98', 1) | G98_1(0.0)     | G98_1(1.0)      | G98_1(0.0)     | G98_1(1.0)     |
+------------+----------------+-----------------+----------------+----------------+
| G84(0.0)   | 0.715053763441 | 0.98918469218   | 0.253424657534 | 0.295918367347 |
+------------+----------------+-----------------+----------------+----------------+
| G84(1.0)   | 0.284946236559 | 0.0108153078203 | 0.746575342466 | 0.704081632653 |
+------------+----------------+-----------------+----------------+----------------+
+------------+------------+----------------+----------------+----------------+
| ('G55', 1) | G55_1(0.0) | G55_1(0.0)     | G55_1(1.0)     | G55_1(1.0)     |
+------------+------------+----------------+----------------+----------------+
| ('G92', 1) | G92_1(0.0) | G92_1(1.0)     | G92_1(0.0)     | G92_1(1.0)     |
+------------+------------+----------------+----------------+----------------+
| G85(0.0)   | 0.9        | 0.830275229358 | 0.696721311475 | 0.145732689211 |
+------------+------------+----------------+----------------+----------------+
| G85(1.0)   | 0.1        | 0.169724770642 | 0.303278688525 | 0.854267310789 |
+------------+------------+----------------+----------------+----------------+
+------------+----------------+----------------+----------------+-----------------+
| ('G86', 0) | G86_0(0.0)     | G86_0(0.0)     | G86_0(1.0)     | G86_0(1.0)      |
+------------+----------------+----------------+----------------+-----------------+
| ('G98', 1) | G98_1(0.0)     | G98_1(1.0)     | G98_1(0.0)     | G98_1(1.0)      |
+------------+----------------+----------------+----------------+-----------------+
| G86(0.0)   | 0.963768115942 | 0.709523809524 | 0.190721649485 | 0.0266055045872 |
+------------+----------------+----------------+----------------+-----------------+
| G86(1.0)   | 0.036231884058 | 0.290476190476 | 0.809278350515 | 0.973394495413  |
+------------+----------------+----------------+----------------+-----------------+
+------------+----------------+----------------+------------------+----------------+
| ('G22', 0) | G22_0(0.0)     | G22_0(0.0)     | G22_0(1.0)       | G22_0(1.0)     |
+------------+----------------+----------------+------------------+----------------+
| ('G87', 0) | G87_0(0.0)     | G87_0(1.0)     | G87_0(0.0)       | G87_0(1.0)     |
+------------+----------------+----------------+------------------+----------------+
| G87(0.0)   | 0.777456647399 | 0.148780487805 | 0.994117647059   | 0.807692307692 |
+------------+----------------+----------------+------------------+----------------+
| G87(1.0)   | 0.222543352601 | 0.851219512195 | 0.00588235294118 | 0.192307692308 |
+------------+----------------+----------------+------------------+----------------+
+------------+----------------+-----------------+-----------------+----------------+
| ('G38', 0) | G38_0(0.0)     | G38_0(0.0)      | G38_0(1.0)      | G38_0(1.0)     |
+------------+----------------+-----------------+-----------------+----------------+
| ('G80', 0) | G80_0(0.0)     | G80_0(1.0)      | G80_0(0.0)      | G80_0(1.0)     |
+------------+----------------+-----------------+-----------------+----------------+
| G80(0.0)   | 0.746575342466 | 0.0162790697674 | 0.923529411765  | 0.807692307692 |
+------------+----------------+-----------------+-----------------+----------------+
| G80(1.0)   | 0.253424657534 | 0.983720930233  | 0.0764705882353 | 0.192307692308 |
+------------+----------------+-----------------+-----------------+----------------+
+------------+----------------+-----------------+
| ('G71', 0) | G71_0(0.0)     | G71_0(1.0)      |
+------------+----------------+-----------------+
| G81(0.0)   | 0.804347826087 | 0.0168831168831 |
+------------+----------------+-----------------+
| G81(1.0)   | 0.195652173913 | 0.983116883117  |
+------------+----------------+-----------------+
+------------+----------------+----------------+----------------+---------------+
| ('G75', 0) | G75_0(0.0)     | G75_0(0.0)     | G75_0(1.0)     | G75_0(1.0)    |
+------------+----------------+----------------+----------------+---------------+
| ('G91', 0) | G91_0(0.0)     | G91_0(1.0)     | G91_0(0.0)     | G91_0(1.0)    |
+------------+----------------+----------------+----------------+---------------+
| G82(0.0)   | 0.722222222222 | 0.963768115942 | 0.641176470588 | 0.14471669219 |
+------------+----------------+----------------+----------------+---------------+
| G82(1.0)   | 0.277777777778 | 0.036231884058 | 0.358823529412 | 0.85528330781 |
+------------+----------------+----------------+----------------+---------------+
+------------+-----------------+----------------+---------------+------------------+
| ('G11', 1) | G11_1(0.0)      | G11_1(0.0)     | G11_1(1.0)    | G11_1(1.0)       |
+------------+-----------------+----------------+---------------+------------------+
| ('G83', 0) | G83_0(0.0)      | G83_0(1.0)     | G83_0(0.0)    | G83_0(1.0)       |
+------------+-----------------+----------------+---------------+------------------+
| G83(0.0)   | 0.967532467532  | 0.617647058824 | 0.72641509434 | 0.00971599402093 |
+------------+-----------------+----------------+---------------+------------------+
| G83(1.0)   | 0.0324675324675 | 0.382352941176 | 0.27358490566 | 0.990284005979   |
+------------+-----------------+----------------+---------------+------------------+
+------------+----------------+-----------------+-----------------+------------------+
| ('G86', 1) | G86_1(0.0)     | G86_1(0.0)      | G86_1(1.0)      | G86_1(1.0)       |
+------------+----------------+-----------------+-----------------+------------------+
| ('G98', 0) | G98_0(0.0)     | G98_0(1.0)      | G98_0(0.0)      | G98_0(1.0)       |
+------------+----------------+-----------------+-----------------+------------------+
| G88(0.0)   | 0.726804123711 | 0.0844155844156 | 0.0342465753425 | 0.00439367311072 |
+------------+----------------+-----------------+-----------------+------------------+
| G88(1.0)   | 0.273195876289 | 0.915584415584  | 0.965753424658  | 0.995606326889   |
+------------+----------------+-----------------+-----------------+------------------+
+------------+----------------+-----------------+------------+----------------+
| ('G80', 1) | G80_1(0.0)     | G80_1(0.0)      | G80_1(1.0) | G80_1(1.0)     |
+------------+----------------+-----------------+------------+----------------+
| ('G89', 0) | G89_0(0.0)     | G89_0(1.0)      | G89_0(0.0) | G89_0(1.0)     |
+------------+----------------+-----------------+------------+----------------+
| G89(0.0)   | 0.766666666667 | 0.0229357798165 | 0.9832     | 0.608108108108 |
+------------+----------------+-----------------+------------+----------------+
| G89(1.0)   | 0.233333333333 | 0.977064220183  | 0.0168     | 0.391891891892 |
+------------+----------------+-----------------+------------+----------------+
[('G42', 'G7'), ('G42', 'G42'), ('G11', 'G83'), ('G11', 'G72'), ('G56', 'G56'), ('G1', 'G97'), ('G67', 'G97'), ('G29', 'G57'), ('G75', 'G75'), ('G75', 'G82'), ('G19', 'G19'), ('G19', 'G77'), ('G22', 'G87'), ('G22', 'G22'), ('G22', 'G36'), ('G36', 'G36'), ('G4', 'G4'), ('G49', 'G49'), ('G84', 'G84'), ('G54', 'G54'), ('G65', 'G65'), ('G27', 'G64'), ('G27', 'G54'), ('G98', 'G53'), ('G98', 'G84'), ('G98', 'G86'), ('G98', 'G65'), ('G77', 'G6'), ('G20', 'G20'), ('G12', 'G12'), ('G79', 'G21'), ('G79', 'G90'), ('G79', 'G34'), ('G79', 'G73'), ('G79', 'G69'), ('G79', 'G30'), ('G2', 'G26'), ('G2', 'G2'), ('G2', 'G96'), ('G46', 'G46'), ('G86', 'G52'), ('G86', 'G86'), ('G99', 'G74'), ('G71', 'G81'), ('G71', 'G99'), ('G71', 'G71'), ('G43', 'G40'), ('G43', 'G31'), ('G91', 'G91'), ('G91', 'G82'), ('G31', 'G31'), ('G31', 'G13'), ('G80', 'G80'), ('G53', 'G53'), ('G69', 'G69'), ('G62', 'G62'), ('G62', 'G3'), ('G62', 'G6'), ('G73', 'G73'), ('G42', 'G67'), ('G42', 'G61'), ('G42', 'G10'), ('G29', 'G48'), ('G29', 'G45'), ('G29', 'G29'), ('G9', 'G12'), ('G9', 'G10'), ('G92', 'G85'), ('G22', 'G34'), ('G22', 'G8'), ('G51', 'G1'), ('G51', 'G52'), ('G51', 'G51'), ('G60', 'G67'), ('G78', 'G78'), ('G84', 'G40'), ('G17', 'G17'), ('G17', 'G64'), ('G17', 'G94'), ('G17', 'G93'), ('G17', 'G95'), ('G98', 'G88'), ('G98', 'G98'), ('G35', 'G35'), ('G38', 'G80'), ('G38', 'G38'), ('G70', 'G43'), ('G89', 'G89'), ('G57', 'G50'), ('G57', 'G57'), ('G57', 'G14'), ('G66', 'G66'), ('G66', 'G63'), ('G13', 'G22'), ('G13', 'G24'), ('G46', 'G9'), ('G46', 'G32'), ('G46', 'G11'), ('G86', 'G88'), ('G25', 'G25'), ('G15', 'G15'), ('G71', 'G100'), ('G37', 'G37'), ('G5', 'G16'), ('G5', 'G5'), ('G72', 'G75'), ('G43', 'G43'), ('G91', 'G62'), ('G91', 'G70'), ('G91', 'G66'), ('G48', 'G48'), ('G55', 'G55'), ('G58', 'G58'), ('G87', 'G14'), ('G87', 'G38'), ('G80', 'G89'), ('G18', 'G18'), ('G23', 'G23'), ('G23', 'G9'), ('G23', 'G32'), ('G13', 'G13'), ('G94', 'G94'), ('G61', 'G25'), ('G45', 'G45'), ('G45', 'G49'), ('G83', 'G37'), ('G83', 'G4'), ('G83', 'G91'), ('G83', 'G5'), ('G9', 'G23'), ('G9', 'G2'), ('G16', 'G18'), ('G90', 'G19'), ('G76', 'G41'), ('G21', 'G21'), ('G11', 'G11'), ('G92', 'G92'), ('G56', 'G17'), ('G1', 'G33'), ('G67', 'G79'), ('G67', 'G60'), ('G47', 'G47'), ('G87', 'G56'), ('G87', 'G87'), ('G87', 'G27'), ('G35', 'G27'), ('G49', 'G96'), ('G68', 'G68'), ('G70', 'G70'), ('G57', 'G55'), ('G57', 'G47'), ('G90', 'G90'), ('G30', 'G30'), ('G65', 'G51'), ('G94', 'G78'), ('G5', 'G20'), ('G5', 'G42'), ('G72', 'G15'), ('G72', 'G72'), ('G79', 'G79'), ('G55', 'G85'), ('G31', 'G35'), ('G31', 'G63'), ('G64', 'G7'), ('G26', 'G26'), ('G99', 'G3'), ('G32', 'G41'), ('G39', 'G58'), ('G8', 'G77'), ('G8', 'G8'), ('G41', 'G28'), ('G41', 'G76'), ('G83', 'G39'), ('G83', 'G83'), ('G50', 'G50'), ('G61', 'G61'), ('G24', 'G24'), ('G16', 'G16'), ('G37', 'G1')]
