[('G26', 'G28'), ('G24', 'G6'), ('G24', 'G25'), ('G24', 'G79'), ('G24', 'G70'), ('G22', 'G84'), ('G22', 'G96'), ('G22', 'G73'), ('G22', 'G55'), ('G22', 'G56'), ('G23', 'G32'), ('G23', 'G91'), ('G23', 'G73'), ('G23', 'G8'), ('G20', 'G75'), ('G20', 'G24'), ('G20', 'G89'), ('G20', 'G8'), ('G29', 'G30'), ('G29', 'G33'), ('G29', 'G32'), ('G29', 'G80'), ('G29', 'G67'), ('G29', 'G11'), ('G6', 'G87'), ('G6', 'G89'), ('G6', 'G72'), ('G4', 'G76'), ('G4', 'G70'), ('G4', 'G45'), ('G2', 'G43'), ('G2', 'G34'), ('G2', 'G87'), ('G2', 'G72'), ('G1', 'G4'), ('G1', 'G20'), ('G9', 'G54'), ('G9', 'G29'), ('G9', 'G74'), ('G9', 'G12'), ('G9', 'G83'), ('G9', 'G60'), ('G9', 'G13'), ('G9', 'G15'), ('G8', 'G2'), ('G53', 'G100'), ('G53', 'G30'), ('G53', 'G33'), ('G53', 'G21'), ('G53', 'G51'), ('G53', 'G52'), ('G53', 'G68'), ('G51', 'G39'), ('G51', 'G46'), ('G57', 'G6'), ('G57', 'G93'), ('G56', 'G26'), ('G55', 'G31'), ('G55', 'G27'), ('G55', 'G58'), ('G55', 'G56'), ('G55', 'G41'), ('G54', 'G42'), ('G54', 'G86'), ('G54', 'G11'), ('G54', 'G99'), ('G40', 'G62'), ('G40', 'G18'), ('G41', 'G39'), ('G41', 'G77'), ('G41', 'G59'), ('G42', 'G22'), ('G42', 'G97'), ('G42', 'G85'), ('G42', 'G57'), ('G42', 'G92'), ('G42', 'G16'), ('G42', 'G66'), ('G42', 'G81'), ('G46', 'G40'), ('G48', 'G31'), ('G48', 'G81'), ('G75', 'G5'), ('G74', 'G98'), ('G77', 'G60'), ('G73', 'G17'), ('G73', 'G85'), ('G73', 'G7'), ('G73', 'G65'), ('G72', 'G50'), ('G79', 'G5'), ('G78', 'G61'), ('G68', 'G84'), ('G69', 'G14'), ('G69', 'G98'), ('G69', 'G82'), ('G69', 'G83'), ('G62', 'G79'), ('G61', 'G3'), ('G66', 'G35'), ('G66', 'G45'), ('G66', 'G10'), ('G67', 'G63'), ('G67', 'G86'), ('G67', 'G64'), ('G65', 'G38'), ('G65', 'G37'), ('G65', 'G47'), ('G18', 'G28'), ('G13', 'G49'), ('G13', 'G51'), ('G13', 'G76'), ('G13', 'G23'), ('G12', 'G26'), ('G12', 'G66'), ('G12', 'G67'), ('G12', 'G64'), ('G11', 'G38'), ('G97', 'G95'), ('G97', 'G35'), ('G97', 'G59'), ('G96', 'G43'), ('G96', 'G13'), ('G95', 'G93'), ('G95', 'G92'), ('G93', 'G27'), ('G93', 'G25'), ('G93', 'G88'), ('G93', 'G78'), ('G93', 'G63'), ('G92', 'G96'), ('G92', 'G68'), ('G91', 'G4'), ('G91', 'G80'), ('G90', 'G91'), ('G90', 'G18'), ('G99', 'G48'), ('G99', 'G10'), ('G98', 'G22'), ('G98', 'G23'), ('G98', 'G77'), ('G98', 'G75'), ('G98', 'G95'), ('G98', 'G54'), ('G98', 'G14'), ('G33', 'G15'), ('G33', 'G50'), ('G33', 'G37'), ('G32', 'G53'), ('G32', 'G12'), ('G32', 'G19'), ('G32', 'G36'), ('G35', 'G7'), ('G35', 'G99'), ('G35', 'G82'), ('G35', 'G65'), ('G34', 'G16'), ('G34', 'G55'), ('G37', 'G1'), ('G37', 'G36'), ('G36', 'G19'), ('G36', 'G88'), ('G36', 'G20'), ('G36', 'G1'), ('G39', 'G46'), ('G38', 'G52'), ('G38', 'G62'), ('G38', 'G40'), ('G38', 'G41'), ('G38', 'G90'), ('G38', 'G48'), ('G38', 'G58'), ('G84', 'G3'), ('G85', 'G24'), ('G85', 'G21'), ('G85', 'G57'), ('G85', 'G29'), ('G86', 'G100'), ('G81', 'G47'), ('G82', 'G17'), ('G82', 'G61'), ('G82', 'G78'), ('G83', 'G53'), ('G83', 'G97'), ('G83', 'G42'), ('G83', 'G2'), ('G83', 'G49'), ('G88', 'G34'), ('G88', 'G90')]
+----------+----------------+-----------------+----------------+----------------+
| G12      | G12(0.0)       | G12(0.0)        | G12(1.0)       | G12(1.0)       |
+----------+----------------+-----------------+----------------+----------------+
| G56      | G56(0.0)       | G56(1.0)        | G56(0.0)       | G56(1.0)       |
+----------+----------------+-----------------+----------------+----------------+
| G26(0.0) | 0.885964912281 | 0.903669724771  | 0.830275229358 | 0.154700854701 |
+----------+----------------+-----------------+----------------+----------------+
| G26(1.0) | 0.114035087719 | 0.0963302752294 | 0.169724770642 | 0.845299145299 |
+----------+----------------+-----------------+----------------+----------------+
+----------+----------+----------------+-----------------+----------+
| G55      | G55(0.0) | G55(0.0)       | G55(1.0)        | G55(1.0) |
+----------+----------+----------------+-----------------+----------+
| G93      | G93(0.0) | G93(1.0)       | G93(0.0)        | G93(1.0) |
+----------+----------+----------------+-----------------+----------+
| G27(0.0) | 0.3368   | 0.838461538462 | 0.0151515151515 | 0.5      |
+----------+----------+----------------+-----------------+----------+
| G27(1.0) | 0.6632   | 0.161538461538 | 0.984848484848  | 0.5      |
+----------+----------+----------------+-----------------+----------+
+----------+-----------------+----------------+----------------+-----------------+
| G20      | G20(0.0)        | G20(0.0)       | G20(1.0)       | G20(1.0)        |
+----------+-----------------+----------------+----------------+-----------------+
| G85      | G85(0.0)        | G85(1.0)       | G85(0.0)       | G85(1.0)        |
+----------+-----------------+----------------+----------------+-----------------+
| G24(0.0) | 0.0490716180371 | 0.158536585366 | 0.437677053824 | 0.0280898876404 |
+----------+-----------------+----------------+----------------+-----------------+
| G24(1.0) | 0.950928381963  | 0.841463414634 | 0.562322946176 | 0.97191011236   |
+----------+-----------------+----------------+----------------+-----------------+
+----------+----------------+----------------+----------+----------------+
| G24      | G24(0.0)       | G24(0.0)       | G24(1.0) | G24(1.0)       |
+----------+----------------+----------------+----------+----------------+
| G93      | G93(0.0)       | G93(1.0)       | G93(0.0) | G93(1.0)       |
+----------+----------------+----------------+----------+----------------+
| G25(0.0) | 0.742424242424 | 0.617647058824 | 0.036    | 0.198113207547 |
+----------+----------------+----------------+----------+----------------+
| G25(1.0) | 0.257575757576 | 0.382352941176 | 0.964    | 0.801886792453 |
+----------+----------------+----------------+----------+----------------+
+----------+-----------------+----------+-----------------+-----------------+
| G42      | G42(0.0)        | G42(0.0) | G42(1.0)        | G42(1.0)        |
+----------+-----------------+----------+-----------------+-----------------+
| G98      | G98(0.0)        | G98(1.0) | G98(0.0)        | G98(1.0)        |
+----------+-----------------+----------+-----------------+-----------------+
| G22(0.0) | 0.0555555555556 | 0.5      | 0.0631500742942 | 0.0182481751825 |
+----------+-----------------+----------+-----------------+-----------------+
| G22(1.0) | 0.944444444444  | 0.5      | 0.936849925706  | 0.981751824818  |
+----------+-----------------+----------+-----------------+-----------------+
+----------+----------------+-----------------+-----------------+-----------------+
| G13      | G13(0.0)       | G13(0.0)        | G13(1.0)        | G13(1.0)        |
+----------+----------------+-----------------+-----------------+-----------------+
| G98      | G98(0.0)       | G98(1.0)        | G98(0.0)        | G98(1.0)        |
+----------+----------------+-----------------+-----------------+-----------------+
| G23(0.0) | 0.685567010309 | 0.0510204081633 | 0.0169082125604 | 0.0268817204301 |
+----------+----------------+-----------------+-----------------+-----------------+
| G23(1.0) | 0.314432989691 | 0.948979591837  | 0.98309178744   | 0.97311827957   |
+----------+----------------+-----------------+-----------------+-----------------+
+----------+----------------+-----------------+----------------+----------------+
| G1       | G1(0.0)        | G1(0.0)         | G1(1.0)        | G1(1.0)        |
+----------+----------------+-----------------+----------------+----------------+
| G36      | G36(0.0)       | G36(1.0)        | G36(0.0)       | G36(1.0)       |
+----------+----------------+-----------------+----------------+----------------+
| G20(0.0) | 0.162921348315 | 0.0766423357664 | 0.647448015123 | 0.480952380952 |
+----------+----------------+-----------------+----------------+----------------+
| G20(1.0) | 0.837078651685 | 0.923357664234  | 0.352551984877 | 0.519047619048 |
+----------+----------------+-----------------+----------------+----------------+
+----------+-----------------+----------------+---------------+----------------+
| G53      | G53(0.0)        | G53(0.0)       | G53(1.0)      | G53(1.0)       |
+----------+-----------------+----------------+---------------+----------------+
| G85      | G85(0.0)        | G85(1.0)       | G85(0.0)      | G85(1.0)       |
+----------+-----------------+----------------+---------------+----------------+
| G21(0.0) | 0.0698113207547 | 0.198630136986 | 0.39247311828 | 0.114035087719 |
+----------+-----------------+----------------+---------------+----------------+
| G21(1.0) | 0.930188679245  | 0.801369863014 | 0.60752688172 | 0.885964912281 |
+----------+-----------------+----------------+---------------+----------------+
+----------+----------------+-----------------+----------------+------------------+
| G18      | G18(0.0)       | G18(0.0)        | G18(1.0)       | G18(1.0)         |
+----------+----------------+-----------------+----------------+------------------+
| G26      | G26(0.0)       | G26(1.0)        | G26(0.0)       | G26(1.0)         |
+----------+----------------+-----------------+----------------+------------------+
| G28(0.0) | 0.785714285714 | 0.0544041450777 | 0.199115044248 | 0.00741839762611 |
+----------+----------------+-----------------+----------------+------------------+
| G28(1.0) | 0.214285714286 | 0.945595854922  | 0.800884955752 | 0.992581602374   |
+----------+----------------+-----------------+----------------+------------------+
+----------+----------------+----------------+-----------------+----------------+
| G85      | G85(0.0)       | G85(0.0)       | G85(1.0)        | G85(1.0)       |
+----------+----------------+----------------+-----------------+----------------+
| G9       | G9(0.0)        | G9(1.0)        | G9(0.0)         | G9(1.0)        |
+----------+----------------+----------------+-----------------+----------------+
| G29(0.0) | 0.830827067669 | 0.185092127303 | 0.948979591837  | 0.722222222222 |
+----------+----------------+----------------+-----------------+----------------+
| G29(1.0) | 0.169172932331 | 0.814907872697 | 0.0510204081633 | 0.277777777778 |
+----------+----------------+----------------+-----------------+----------------+
+---------+----------------+----------------+----------+----------------+
| G35     | G35(0.0)       | G35(0.0)       | G35(1.0) | G35(1.0)       |
+---------+----------------+----------------+----------+----------------+
| G73     | G73(0.0)       | G73(1.0)       | G73(0.0) | G73(1.0)       |
+---------+----------------+----------------+----------+----------------+
| G7(0.0) | 0.855555555556 | 0.981897627965 | 0.5      | 0.722222222222 |
+---------+----------------+----------------+----------+----------------+
| G7(1.0) | 0.144444444444 | 0.018102372035 | 0.5      | 0.277777777778 |
+---------+----------------+----------------+----------+----------------+
+---------+----------------+----------------+----------------+----------------+
| G24     | G24(0.0)       | G24(0.0)       | G24(1.0)       | G24(1.0)       |
+---------+----------------+----------------+----------------+----------------+
| G57     | G57(0.0)       | G57(1.0)       | G57(0.0)       | G57(1.0)       |
+---------+----------------+----------------+----------------+----------------+
| G6(0.0) | 0.722222222222 | 0.754335260116 | 0.837078651685 | 0.112903225806 |
+---------+----------------+----------------+----------------+----------------+
| G6(1.0) | 0.277777777778 | 0.245664739884 | 0.162921348315 | 0.887096774194 |
+---------+----------------+----------------+----------------+----------------+
+---------+----------------+-----------------+----------------+---------------+
| G75     | G75(0.0)       | G75(0.0)        | G75(1.0)       | G75(1.0)      |
+---------+----------------+-----------------+----------------+---------------+
| G79     | G79(0.0)       | G79(1.0)        | G79(0.0)       | G79(1.0)      |
+---------+----------------+-----------------+----------------+---------------+
| G5(0.0) | 0.792134831461 | 0.925531914894  | 0.133027522936 | 0.81724137931 |
+---------+----------------+-----------------+----------------+---------------+
| G5(1.0) | 0.207865168539 | 0.0744680851064 | 0.866972477064 | 0.18275862069 |
+---------+----------------+-----------------+----------------+---------------+
+---------+----------------+----------------+-----------------+----------------+
| G1      | G1(0.0)        | G1(0.0)        | G1(1.0)         | G1(1.0)        |
+---------+----------------+----------------+-----------------+----------------+
| G91     | G91(0.0)       | G91(1.0)       | G91(0.0)        | G91(1.0)       |
+---------+----------------+----------------+-----------------+----------------+
| G4(0.0) | 0.224137931034 | 0.621827411168 | 0.0693779904306 | 0.241176470588 |
+---------+----------------+----------------+-----------------+----------------+
| G4(1.0) | 0.775862068966 | 0.378172588832 | 0.930622009569  | 0.758823529412 |
+---------+----------------+----------------+-----------------+----------------+
+---------+----------------+----------------+----------+----------------+
| G61     | G61(0.0)       | G61(0.0)       | G61(1.0) | G61(1.0)       |
+---------+----------------+----------------+----------+----------------+
| G84     | G84(0.0)       | G84(1.0)       | G84(0.0) | G84(1.0)       |
+---------+----------------+----------------+----------+----------------+
| G3(0.0) | 0.150655021834 | 0.217990275527 | 0.5      | 0.277777777778 |
+---------+----------------+----------------+----------+----------------+
| G3(1.0) | 0.849344978166 | 0.782009724473 | 0.5      | 0.722222222222 |
+---------+----------------+----------------+----------+----------------+
+---------+----------------+-----------------+-----------------+----------------+
| G8      | G8(0.0)        | G8(0.0)         | G8(1.0)         | G8(1.0)        |
+---------+----------------+-----------------+-----------------+----------------+
| G83     | G83(0.0)       | G83(1.0)        | G83(0.0)        | G83(1.0)       |
+---------+----------------+-----------------+-----------------+----------------+
| G2(0.0) | 0.963768115942 | 0.986597938144  | 0.975247524752  | 0.441463414634 |
+---------+----------------+-----------------+-----------------+----------------+
| G2(1.0) | 0.036231884058 | 0.0134020618557 | 0.0247524752475 | 0.558536585366 |
+---------+----------------+-----------------+-----------------+----------------+
+---------+----------------+-----------------+---------------+----------------+
| G36     | G36(0.0)       | G36(0.0)        | G36(1.0)      | G36(1.0)       |
+---------+----------------+-----------------+---------------+----------------+
| G37     | G37(0.0)       | G37(1.0)        | G37(0.0)      | G37(1.0)       |
+---------+----------------+-----------------+---------------+----------------+
| G1(0.0) | 0.315028901734 | 0.0775280898876 | 0.56008583691 | 0.722222222222 |
+---------+----------------+-----------------+---------------+----------------+
| G1(1.0) | 0.684971098266 | 0.922471910112  | 0.43991416309 | 0.277777777778 |
+---------+----------------+-----------------+---------------+----------------+
+---------+----------+
| G9(0.0) | 0.211628 |
+---------+----------+
| G9(1.0) | 0.788372 |
+---------+----------+
+---------+----------------+-----------------+-----------------+---------------+
| G20     | G20(0.0)       | G20(0.0)        | G20(1.0)        | G20(1.0)      |
+---------+----------------+-----------------+-----------------+---------------+
| G23     | G23(0.0)       | G23(1.0)        | G23(0.0)        | G23(1.0)      |
+---------+----------------+-----------------+-----------------+---------------+
| G8(0.0) | 0.722222222222 | 0.90586797066   | 0.91095890411   | 0.29945799458 |
+---------+----------------+-----------------+-----------------+---------------+
| G8(1.0) | 0.277777777778 | 0.0941320293399 | 0.0890410958904 | 0.70054200542 |
+---------+----------------+-----------------+-----------------+---------------+
+----------+----------+-----------------+-----------------+----------------+
| G32      | G32(0.0) | G32(0.0)        | G32(1.0)        | G32(1.0)       |
+----------+----------+-----------------+-----------------+----------------+
| G83      | G83(0.0) | G83(1.0)        | G83(0.0)        | G83(1.0)       |
+----------+----------+-----------------+-----------------+----------------+
| G53(0.0) | 0.5      | 0.0869120654397 | 0.975247524752  | 0.808457711443 |
+----------+----------+-----------------+-----------------+----------------+
| G53(1.0) | 0.5      | 0.91308793456   | 0.0247524752475 | 0.191542288557 |
+----------+----------+-----------------+-----------------+----------------+
+----------+----------+-----------------+----------------+----------------+
| G38      | G38(0.0) | G38(0.0)        | G38(1.0)       | G38(1.0)       |
+----------+----------+-----------------+----------------+----------------+
| G53      | G53(0.0) | G53(1.0)        | G53(0.0)       | G53(1.0)       |
+----------+----------+-----------------+----------------+----------------+
| G52(0.0) | 0.26     | 0.0704387990762 | 0.553097345133 | 0.297752808989 |
+----------+----------+-----------------+----------------+----------------+
| G52(1.0) | 0.74     | 0.929561200924  | 0.446902654867 | 0.702247191011 |
+----------+----------+-----------------+----------------+----------------+
+----------+----------------+-----------------+----------------+------------------+
| G13      | G13(0.0)       | G13(0.0)        | G13(1.0)       | G13(1.0)         |
+----------+----------------+-----------------+----------------+------------------+
| G53      | G53(0.0)       | G53(1.0)        | G53(0.0)       | G53(1.0)         |
+----------+----------------+-----------------+----------------+------------------+
| G51(0.0) | 0.785714285714 | 0.0670103092784 | 0.022491349481 | 0.00588235294118 |
+----------+----------------+-----------------+----------------+------------------+
| G51(1.0) | 0.214285714286 | 0.932989690722  | 0.977508650519 | 0.994117647059   |
+----------+----------------+-----------------+----------------+------------------+
+----------+----------------+----------------+----------------+----------------+
| G33      | G33(0.0)       | G33(0.0)       | G33(1.0)       | G33(1.0)       |
+----------+----------------+----------------+----------------+----------------+
| G72      | G72(0.0)       | G72(1.0)       | G72(0.0)       | G72(1.0)       |
+----------+----------------+----------------+----------------+----------------+
| G50(0.0) | 0.456164383562 | 0.382352941176 | 0.136363636364 | 0.785714285714 |
+----------+----------------+----------------+----------------+----------------+
| G50(1.0) | 0.543835616438 | 0.617647058824 | 0.863636363636 | 0.214285714286 |
+----------+----------------+----------------+----------------+----------------+
+----------+----------+-----------------+----------+-----------------+
| G42      | G42(0.0) | G42(0.0)        | G42(1.0) | G42(1.0)        |
+----------+----------+-----------------+----------+-----------------+
| G85      | G85(0.0) | G85(1.0)        | G85(0.0) | G85(1.0)        |
+----------+----------+-----------------+----------+-----------------+
| G57(0.0) | 0.5      | 0.0555555555556 | 0.02     | 0.923529411765  |
+----------+----------+-----------------+----------+-----------------+
| G57(1.0) | 0.5      | 0.944444444444  | 0.98     | 0.0764705882353 |
+----------+----------+-----------------+----------+-----------------+
+----------+----------------+-----------------+-----------------+----------------+
| G22      | G22(0.0)       | G22(0.0)        | G22(1.0)        | G22(1.0)       |
+----------+----------------+-----------------+-----------------+----------------+
| G55      | G55(0.0)       | G55(1.0)        | G55(0.0)        | G55(1.0)       |
+----------+----------------+-----------------+-----------------+----------------+
| G56(0.0) | 0.722222222222 | 0.939024390244  | 0.0212922173275 | 0.825581395349 |
+----------+----------------+-----------------+-----------------+----------------+
| G56(1.0) | 0.277777777778 | 0.0609756097561 | 0.978707782673  | 0.174418604651 |
+----------+----------------+-----------------+-----------------+----------------+
+----------+----------------+----------------+-----------------+----------+
| G22      | G22(0.0)       | G22(0.0)       | G22(1.0)        | G22(1.0) |
+----------+----------------+----------------+-----------------+----------+
| G34      | G34(0.0)       | G34(1.0)       | G34(0.0)        | G34(1.0) |
+----------+----------------+----------------+-----------------+----------+
| G55(0.0) | 0.158536585366 | 0.277777777778 | 0.967153284672  | 0.148    |
+----------+----------------+----------------+-----------------+----------+
| G55(1.0) | 0.841463414634 | 0.722222222222 | 0.0328467153285 | 0.852    |
+----------+----------------+----------------+-----------------+----------+
+----------+---------------+-----------------+-----------------+-----------------+
| G9       | G9(0.0)       | G9(0.0)         | G9(1.0)         | G9(1.0)         |
+----------+---------------+-----------------+-----------------+-----------------+
| G98      | G98(0.0)      | G98(1.0)        | G98(0.0)        | G98(1.0)        |
+----------+---------------+-----------------+-----------------+-----------------+
| G54(0.0) | 0.62030075188 | 0.0510204081633 | 0.0111111111111 | 0.0268817204301 |
+----------+---------------+-----------------+-----------------+-----------------+
| G54(1.0) | 0.37969924812 | 0.948979591837  | 0.988888888889  | 0.97311827957   |
+----------+---------------+-----------------+-----------------+-----------------+
+----------+----------+-----------------+-----------------+---------------+
| G41      | G41(0.0) | G41(0.0)        | G41(1.0)        | G41(1.0)      |
+----------+----------+-----------------+-----------------+---------------+
| G97      | G97(0.0) | G97(1.0)        | G97(0.0)        | G97(1.0)      |
+----------+----------+-----------------+-----------------+---------------+
| G59(0.0) | 0.5      | 0.0643564356436 | 0.0555555555556 | 0.57898448519 |
+----------+----------+-----------------+-----------------+---------------+
| G59(1.0) | 0.5      | 0.935643564356  | 0.944444444444  | 0.42101551481 |
+----------+----------+-----------------+-----------------+---------------+
+----------+----------------+----------------+----------------+----------------+
| G38      | G38(0.0)       | G38(0.0)       | G38(1.0)       | G38(1.0)       |
+----------+----------------+----------------+----------------+----------------+
| G55      | G55(0.0)       | G55(1.0)       | G55(0.0)       | G55(1.0)       |
+----------+----------------+----------------+----------------+----------------+
| G58(0.0) | 0.278188539741 | 0.636752136752 | 0.204697986577 | 0.198113207547 |
+----------+----------------+----------------+----------------+----------------+
| G58(1.0) | 0.721811460259 | 0.363247863248 | 0.795302013423 | 0.801886792453 |
+----------+----------------+----------------+----------------+----------------+
+----------+----------------+----------------+-----------------+-----------------+
| G38      | G38(0.0)       | G38(0.0)       | G38(1.0)        | G38(1.0)        |
+----------+----------------+----------------+-----------------+-----------------+
| G46      | G46(0.0)       | G46(1.0)       | G46(0.0)        | G46(1.0)        |
+----------+----------------+----------------+-----------------+-----------------+
| G40(0.0) | 0.036231884058 | 0.588285229202 | 0.0438596491228 | 0.0172413793103 |
+----------+----------------+----------------+-----------------+-----------------+
| G40(1.0) | 0.963768115942 | 0.411714770798 | 0.956140350877  | 0.98275862069   |
+----------+----------------+----------------+-----------------+-----------------+
+----------+------------------+-----------------+----------------+-----------------+
| G38      | G38(0.0)         | G38(0.0)        | G38(1.0)       | G38(1.0)        |
+----------+------------------+-----------------+----------------+-----------------+
| G55      | G55(0.0)         | G55(1.0)        | G55(0.0)       | G55(1.0)        |
+----------+------------------+-----------------+----------------+-----------------+
| G41(0.0) | 0.00462107208872 | 0.0213675213675 | 0.661073825503 | 0.0471698113208 |
+----------+------------------+-----------------+----------------+-----------------+
| G41(1.0) | 0.995378927911   | 0.978632478632  | 0.338926174497 | 0.952830188679  |
+----------+------------------+-----------------+----------------+-----------------+
+----------+----------------+-----------------+-----------------+------------------+
| G54      | G54(0.0)       | G54(0.0)        | G54(1.0)        | G54(1.0)         |
+----------+----------------+-----------------+-----------------+------------------+
| G83      | G83(0.0)       | G83(1.0)        | G83(0.0)        | G83(1.0)         |
+----------+----------------+-----------------+-----------------+------------------+
| G42(0.0) | 0.867346938776 | 0.0555555555556 | 0.0206611570248 | 0.00387596899225 |
+----------+----------------+-----------------+-----------------+------------------+
| G42(1.0) | 0.132653061224 | 0.944444444444  | 0.979338842975  | 0.996124031008   |
+----------+----------------+-----------------+-----------------+------------------+
+----------+-----------------+----------------+----------+-----------------+
| G2       | G2(0.0)         | G2(0.0)        | G2(1.0)  | G2(1.0)         |
+----------+-----------------+----------------+----------+-----------------+
| G96      | G96(0.0)        | G96(1.0)       | G96(0.0) | G96(1.0)        |
+----------+-----------------+----------------+----------+-----------------+
| G43(0.0) | 0.970588235294  | 0.225731895223 | 0.5      | 0.946280991736  |
+----------+-----------------+----------------+----------+-----------------+
| G43(1.0) | 0.0294117647059 | 0.774268104777 | 0.5      | 0.0537190082645 |
+----------+-----------------+----------------+----------+-----------------+
+----------+---+
| G44(0.0) | 1 |
+----------+---+
+----------+----------------+----------------+----------------+----------------+
| G4       | G4(0.0)        | G4(0.0)        | G4(1.0)        | G4(1.0)        |
+----------+----------------+----------------+----------------+----------------+
| G66      | G66(0.0)       | G66(1.0)       | G66(0.0)       | G66(1.0)       |
+----------+----------------+----------------+----------------+----------------+
| G45(0.0) | 0.617647058824 | 0.517467248908 | 0.646341463415 | 0.339441535777 |
+----------+----------------+----------------+----------------+----------------+
| G45(1.0) | 0.382352941176 | 0.482532751092 | 0.353658536585 | 0.660558464223 |
+----------+----------------+----------------+----------------+----------------+
+----------+---------------+----------------+----------+-----------------+
| G39      | G39(0.0)      | G39(0.0)       | G39(1.0) | G39(1.0)        |
+----------+---------------+----------------+----------+-----------------+
| G51      | G51(0.0)      | G51(1.0)       | G51(0.0) | G51(1.0)        |
+----------+---------------+----------------+----------+-----------------+
| G46(0.0) | 0.80303030303 | 0.737623762376 | 0.5      | 0.0205673758865 |
+----------+---------------+----------------+----------+-----------------+
| G46(1.0) | 0.19696969697 | 0.262376237624 | 0.5      | 0.979432624113  |
+----------+---------------+----------------+----------+-----------------+
+----------+----------------+----------------+----------------+----------------+
| G65      | G65(0.0)       | G65(0.0)       | G65(1.0)       | G65(1.0)       |
+----------+----------------+----------------+----------------+----------------+
| G81      | G81(0.0)       | G81(1.0)       | G81(0.0)       | G81(1.0)       |
+----------+----------------+----------------+----------------+----------------+
| G47(0.0) | 0.852941176471 | 0.608108108108 | 0.608108108108 | 0.273732119636 |
+----------+----------------+----------------+----------------+----------------+
| G47(1.0) | 0.147058823529 | 0.391891891892 | 0.391891891892 | 0.726267880364 |
+----------+----------------+----------------+----------------+----------------+
+----------+----------------+------------------+----------------+----------------+
| G38      | G38(0.0)       | G38(0.0)         | G38(1.0)       | G38(1.0)       |
+----------+----------------+------------------+----------------+----------------+
| G99      | G99(0.0)       | G99(1.0)         | G99(0.0)       | G99(1.0)       |
+----------+----------------+------------------+----------------+----------------+
| G48(0.0) | 0.852941176471 | 0.996099843994   | 0.303278688525 | 0.755319148936 |
+----------+----------------+------------------+----------------+----------------+
| G48(1.0) | 0.147058823529 | 0.00390015600624 | 0.696721311475 | 0.244680851064 |
+----------+----------------+------------------+----------------+----------------+
+----------+----------+----------------+-----------------+----------------+
| G13      | G13(0.0) | G13(0.0)       | G13(1.0)        | G13(1.0)       |
+----------+----------+----------------+-----------------+----------------+
| G83      | G83(0.0) | G83(1.0)       | G83(0.0)        | G83(1.0)       |
+----------+----------+----------------+-----------------+----------------+
| G49(0.0) | 0.5      | 0.868794326241 | 0.0878787878788 | 0.274134790528 |
+----------+----------+----------------+-----------------+----------------+
| G49(1.0) | 0.5      | 0.131205673759 | 0.912121212121  | 0.725865209472 |
+----------+----------+----------------+-----------------+----------------+
+----------+-----------------+-----------------+----------------+-----------------+
| G20      | G20(0.0)        | G20(0.0)        | G20(1.0)       | G20(1.0)        |
+----------+-----------------+-----------------+----------------+-----------------+
| G98      | G98(0.0)        | G98(1.0)        | G98(0.0)       | G98(1.0)        |
+----------+-----------------+-----------------+----------------+-----------------+
| G75(0.0) | 0.970588235294  | 0.959016393443  | 0.339335180055 | 0.969135802469  |
+----------+-----------------+-----------------+----------------+-----------------+
| G75(1.0) | 0.0294117647059 | 0.0409836065574 | 0.660664819945 | 0.0308641975309 |
+----------+-----------------+-----------------+----------------+-----------------+
+----------+----------------+----------------+
| G9       | G9(0.0)        | G9(1.0)        |
+----------+----------------+----------------+
| G74(0.0) | 0.313186813187 | 0.125368731563 |
+----------+----------------+----------------+
| G74(1.0) | 0.686813186813 | 0.874631268437 |
+----------+----------------+----------------+
+----------+-----------------+----------------+------------------+-----------------+
| G41      | G41(0.0)        | G41(0.0)       | G41(1.0)         | G41(1.0)        |
+----------+-----------------+----------------+------------------+-----------------+
| G98      | G98(0.0)        | G98(1.0)       | G98(0.0)         | G98(1.0)        |
+----------+-----------------+----------------+------------------+-----------------+
| G77(0.0) | 0.0409836065574 | 0.677777777778 | 0.00380517503805 | 0.0670103092784 |
+----------+-----------------+----------------+------------------+-----------------+
| G77(1.0) | 0.959016393443  | 0.322222222222 | 0.996194824962   | 0.932989690722  |
+----------+-----------------+----------------+------------------+-----------------+
+----------+----------------+----------------+----------------+----------------+
| G13      | G13(0.0)       | G13(0.0)       | G13(1.0)       | G13(1.0)       |
+----------+----------------+----------------+----------------+----------------+
| G4       | G4(0.0)        | G4(1.0)        | G4(0.0)        | G4(1.0)        |
+----------+----------------+----------------+----------------+----------------+
| G76(0.0) | 0.622448979592 | 0.438144329897 | 0.296954314721 | 0.352998065764 |
+----------+----------------+----------------+----------------+----------------+
| G76(1.0) | 0.377551020408 | 0.561855670103 | 0.703045685279 | 0.647001934236 |
+----------+----------------+----------------+----------------+----------------+
+----------+---+
| G71(0.0) | 1 |
+----------+---+
+----------+----------------+----------------+----------------+----------------+
| G24      | G24(0.0)       | G24(0.0)       | G24(1.0)       | G24(1.0)       |
+----------+----------------+----------------+----------------+----------------+
| G4       | G4(0.0)        | G4(1.0)        | G4(0.0)        | G4(1.0)        |
+----------+----------------+----------------+----------------+----------------+
| G70(0.0) | 0.277777777778 | 0.539603960396 | 0.306060606061 | 0.425925925926 |
+----------+----------------+----------------+----------------+----------------+
| G70(1.0) | 0.722222222222 | 0.460396039604 | 0.693939393939 | 0.574074074074 |
+----------+----------------+----------------+----------------+----------------+
+----------+-----------------+----------------+----------------+------------------+
| G22      | G22(0.0)        | G22(0.0)       | G22(1.0)       | G22(1.0)         |
+----------+-----------------+----------------+----------------+------------------+
| G23      | G23(0.0)        | G23(1.0)       | G23(0.0)       | G23(1.0)         |
+----------+-----------------+----------------+----------------+------------------+
| G73(0.0) | 0.0757575757576 | 0.147058823529 | 0.867346938776 | 0.00328515111695 |
+----------+-----------------+----------------+----------------+------------------+
| G73(1.0) | 0.924242424242  | 0.852941176471 | 0.132653061224 | 0.996714848883   |
+----------+-----------------+----------------+----------------+------------------+
+----------+-----------------+-----------------+-----------------+----------------+
| G2       | G2(0.0)         | G2(0.0)         | G2(1.0)         | G2(1.0)        |
+----------+-----------------+-----------------+-----------------+----------------+
| G6       | G6(0.0)         | G6(1.0)         | G6(0.0)         | G6(1.0)        |
+----------+-----------------+-----------------+-----------------+----------------+
| G72(0.0) | 0.967661691542  | 0.980300187617  | 0.915584415584  | 0.132653061224 |
+----------+-----------------+-----------------+-----------------+----------------+
| G72(1.0) | 0.0323383084577 | 0.0196998123827 | 0.0844155844156 | 0.867346938776 |
+----------+-----------------+-----------------+-----------------+----------------+
+----------+----------------+----------------+----------------+----------------+
| G24      | G24(0.0)       | G24(0.0)       | G24(1.0)       | G24(1.0)       |
+----------+----------------+----------------+----------------+----------------+
| G62      | G62(0.0)       | G62(1.0)       | G62(0.0)       | G62(1.0)       |
+----------+----------------+----------------+----------------+----------------+
| G79(0.0) | 0.273195876289 | 0.876470588235 | 0.145514223195 | 0.138009049774 |
+----------+----------------+----------------+----------------+----------------+
| G79(1.0) | 0.726804123711 | 0.123529411765 | 0.854485776805 | 0.861990950226 |
+----------+----------------+----------------+----------------+----------------+
+----------+------------------+----------+----------------+----------+
| G82      | G82(0.0)         | G82(0.0) | G82(1.0)       | G82(1.0) |
+----------+------------------+----------+----------------+----------+
| G93      | G93(0.0)         | G93(1.0) | G93(0.0)       | G93(1.0) |
+----------+------------------+----------+----------------+----------+
| G78(0.0) | 0.996798975672   | 0.9      | 0.722222222222 | 0.5      |
+----------+------------------+----------+----------------+----------+
| G78(1.0) | 0.00320102432778 | 0.1      | 0.277777777778 | 0.5      |
+----------+------------------+----------+----------------+----------+
+----------+----------------+----------------+----------------+-----------------+
| G53      | G53(0.0)       | G53(0.0)       | G53(1.0)       | G53(1.0)        |
+----------+----------------+----------------+----------------+-----------------+
| G92      | G92(0.0)       | G92(1.0)       | G92(0.0)       | G92(1.0)        |
+----------+----------------+----------------+----------------+-----------------+
| G68(0.0) | 0.036231884058 | 0.842007434944 | 0.119047619048 | 0.0768463073852 |
+----------+----------------+----------------+----------------+-----------------+
| G68(1.0) | 0.963768115942 | 0.157992565056 | 0.880952380952 | 0.923153692615  |
+----------+----------------+----------------+----------------+-----------------+
+----------+-----------+
| G69(0.0) | 0.0860465 |
+----------+-----------+
| G69(1.0) | 0.913953  |
+----------+-----------+
+----------+----------------+----------------+----------+-----------------+
| G38      | G38(0.0)       | G38(0.0)       | G38(1.0) | G38(1.0)        |
+----------+----------------+----------------+----------+-----------------+
| G40      | G40(0.0)       | G40(1.0)       | G40(0.0) | G40(1.0)        |
+----------+----------------+----------------+----------+-----------------+
| G62(0.0) | 0.362464183381 | 0.745954692557 | 0.5      | 0.98730964467   |
+----------+----------------+----------------+----------+-----------------+
| G62(1.0) | 0.637535816619 | 0.254045307443 | 0.5      | 0.0126903553299 |
+----------+----------------+----------------+----------+-----------------+
+----------+---------------+----------------+----------------+----------------+
| G67      | G67(0.0)      | G67(0.0)       | G67(1.0)       | G67(1.0)       |
+----------+---------------+----------------+----------------+----------------+
| G93      | G93(0.0)      | G93(1.0)       | G93(0.0)       | G93(1.0)       |
+----------+---------------+----------------+----------------+----------------+
| G63(0.0) | 0.48347107438 | 0.690476190476 | 0.183109118087 | 0.459183673469 |
+----------+---------------+----------------+----------------+----------------+
| G63(1.0) | 0.51652892562 | 0.309523809524 | 0.816890881913 | 0.540816326531 |
+----------+---------------+----------------+----------------+----------------+
+----------+----------------+----------------+----------------+-----------------+
| G77      | G77(0.0)       | G77(0.0)       | G77(1.0)       | G77(1.0)        |
+----------+----------------+----------------+----------------+-----------------+
| G9       | G9(0.0)        | G9(1.0)        | G9(0.0)        | G9(1.0)         |
+----------+----------------+----------------+----------------+-----------------+
| G60(0.0) | 0.318181818182 | 0.277777777778 | 0.795302013423 | 0.972346786248  |
+----------+----------------+----------------+----------------+-----------------+
| G60(1.0) | 0.681818181818 | 0.722222222222 | 0.204697986577 | 0.0276532137519 |
+----------+----------------+----------------+----------------+-----------------+
+----------+------------------+----------------+----------------+----------+
| G78      | G78(0.0)         | G78(0.0)       | G78(1.0)       | G78(1.0) |
+----------+------------------+----------------+----------------+----------+
| G82      | G82(0.0)         | G82(1.0)       | G82(0.0)       | G82(1.0) |
+----------+------------------+----------------+----------------+----------+
| G61(0.0) | 0.992234169654   | 0.722222222222 | 0.722222222222 | 0.5      |
+----------+------------------+----------------+----------------+----------+
| G61(1.0) | 0.00776583034648 | 0.277777777778 | 0.277777777778 | 0.5      |
+----------+------------------+----------------+----------------+----------+
+----------+----------------+----------------+----------------+------------------+
| G12      | G12(0.0)       | G12(0.0)       | G12(1.0)       | G12(1.0)         |
+----------+----------------+----------------+----------------+------------------+
| G42      | G42(0.0)       | G42(1.0)       | G42(0.0)       | G42(1.0)         |
+----------+----------------+----------------+----------------+------------------+
| G66(0.0) | 0.608108108108 | 0.236434108527 | 0.192307692308 | 0.00367107195301 |
+----------+----------------+----------------+----------------+------------------+
| G66(1.0) | 0.391891891892 | 0.763565891473 | 0.807692307692 | 0.996328928047   |
+----------+----------------+----------------+----------------+------------------+
+----------+----------------+----------------+-----------------+------------------+
| G12      | G12(0.0)       | G12(0.0)       | G12(1.0)        | G12(1.0)         |
+----------+----------------+----------------+-----------------+------------------+
| G29      | G29(0.0)       | G29(1.0)       | G29(0.0)        | G29(1.0)         |
+----------+----------------+----------------+-----------------+------------------+
| G67(0.0) | 0.814049586777 | 0.855555555556 | 0.0121951219512 | 0.00511247443763 |
+----------+----------------+----------------+-----------------+------------------+
| G67(1.0) | 0.185950413223 | 0.144444444444 | 0.987804878049  | 0.994887525562   |
+----------+----------------+----------------+-----------------+------------------+
+----------+----------------+-----------------+----------+-----------------+
| G12      | G12(0.0)       | G12(0.0)        | G12(1.0) | G12(1.0)        |
+----------+----------------+-----------------+----------+-----------------+
| G67      | G67(0.0)       | G67(1.0)        | G67(0.0) | G67(1.0)        |
+----------+----------------+-----------------+----------+-----------------+
| G64(0.0) | 0.222627737226 | 0.913793103448  | 0.5      | 0.973149492017  |
+----------+----------------+-----------------+----------+-----------------+
| G64(1.0) | 0.777372262774 | 0.0862068965517 | 0.5      | 0.0268505079826 |
+----------+----------------+-----------------+----------+-----------------+
+----------+-----------------+------------------+----------+----------------+
| G35      | G35(0.0)        | G35(0.0)         | G35(1.0) | G35(1.0)       |
+----------+-----------------+------------------+----------+----------------+
| G73      | G73(0.0)        | G73(1.0)         | G73(0.0) | G73(1.0)       |
+----------+-----------------+------------------+----------+----------------+
| G65(0.0) | 0.944444444444  | 0.00811485642946 | 0.5      | 0.277777777778 |
+----------+-----------------+------------------+----------+----------------+
| G65(1.0) | 0.0555555555556 | 0.991885143571   | 0.5      | 0.722222222222 |
+----------+-----------------+------------------+----------+----------------+
+-----------+----------------+----------+----------------+----------------+
| G53       | G53(0.0)       | G53(0.0) | G53(1.0)       | G53(1.0)       |
+-----------+----------------+----------+----------------+----------------+
| G86       | G86(0.0)       | G86(1.0) | G86(0.0)       | G86(1.0)       |
+-----------+----------------+----------+----------------+----------------+
| G100(0.0) | 0.462441314554 | 0.052    | 0.884778012685 | 0.704081632653 |
+-----------+----------------+----------+----------------+----------------+
| G100(1.0) | 0.537558685446 | 0.948    | 0.115221987315 | 0.295918367347 |
+-----------+----------------+----------+----------------+----------------+
+----------+-----------------+----------------+----------------+-----------------+
| G32      | G32(0.0)        | G32(0.0)       | G32(1.0)       | G32(1.0)        |
+----------+-----------------+----------------+----------------+-----------------+
| G36      | G36(0.0)        | G36(1.0)       | G36(0.0)       | G36(1.0)        |
+----------+-----------------+----------------+----------------+-----------------+
| G19(0.0) | 0.0530085959885 | 0.011961722488 | 0.812267657993 | 0.0757575757576 |
+----------+-----------------+----------------+----------------+-----------------+
| G19(1.0) | 0.946991404011  | 0.988038277512 | 0.187732342007 | 0.924242424242  |
+----------+-----------------+----------------+----------------+-----------------+
+----------+----------------+----------------+----------------+-----------------+
| G40      | G40(0.0)       | G40(0.0)       | G40(1.0)       | G40(1.0)        |
+----------+----------------+----------------+----------------+-----------------+
| G90      | G90(0.0)       | G90(1.0)       | G90(0.0)       | G90(1.0)        |
+----------+----------------+----------------+----------------+-----------------+
| G18(0.0) | 0.135782747604 | 0.353658536585 | 0.538834951456 | 0.946700507614  |
+----------+----------------+----------------+----------------+-----------------+
| G18(1.0) | 0.864217252396 | 0.646341463415 | 0.461165048544 | 0.0532994923858 |
+----------+----------------+----------------+----------------+-----------------+
+----------+----------------+----------+------------------+----------------+
| G73      | G73(0.0)       | G73(0.0) | G73(1.0)         | G73(1.0)       |
+----------+----------------+----------+------------------+----------------+
| G82      | G82(0.0)       | G82(1.0) | G82(0.0)         | G82(1.0)       |
+----------+----------------+----------+------------------+----------------+
| G17(0.0) | 0.855555555556 | 0.5      | 0.00811485642946 | 0.277777777778 |
+----------+----------------+----------+------------------+----------------+
| G17(1.0) | 0.144444444444 | 0.5      | 0.991885143571   | 0.722222222222 |
+----------+----------------+----------+------------------+----------------+
+----------+----------------+-----------------+----------+----------------+
| G34      | G34(0.0)       | G34(0.0)        | G34(1.0) | G34(1.0)       |
+----------+----------------+-----------------+----------+----------------+
| G42      | G42(0.0)       | G42(1.0)        | G42(0.0) | G42(1.0)       |
+----------+----------------+-----------------+----------+----------------+
| G16(0.0) | 0.144444444444 | 0.937591776799  | 0.5      | 0.298449612403 |
+----------+----------------+-----------------+----------+----------------+
| G16(1.0) | 0.855555555556 | 0.0624082232012 | 0.5      | 0.701550387597 |
+----------+----------------+-----------------+----------+----------------+
+----------+-----------------+-----------------+-----------------+----------------+
| G33      | G33(0.0)        | G33(0.0)        | G33(1.0)        | G33(1.0)       |
+----------+-----------------+-----------------+-----------------+----------------+
| G9       | G9(0.0)         | G9(1.0)         | G9(0.0)         | G9(1.0)        |
+----------+-----------------+-----------------+-----------------+----------------+
| G15(0.0) | 0.0757575757576 | 0.0873925501433 | 0.0436241610738 | 0.591185410334 |
+----------+-----------------+-----------------+-----------------+----------------+
| G15(1.0) | 0.924242424242  | 0.912607449857  | 0.956375838926  | 0.408814589666 |
+----------+-----------------+-----------------+-----------------+----------------+
+----------+----------------+----------+-----------------+----------------+
| G69      | G69(0.0)       | G69(0.0) | G69(1.0)        | G69(1.0)       |
+----------+----------------+----------+-----------------+----------------+
| G98      | G98(0.0)       | G98(1.0) | G98(0.0)        | G98(1.0)       |
+----------+----------------+----------+-----------------+----------------+
| G14(0.0) | 0.615942028986 | 0.5      | 0.0408320493066 | 0.251824817518 |
+----------+----------------+----------+-----------------+----------------+
| G14(1.0) | 0.384057971014 | 0.5      | 0.959167950693  | 0.748175182482 |
+----------+----------------+----------+-----------------+----------------+
+----------+----------+-----------------+-----------------+-----------------+
| G9       | G9(0.0)  | G9(0.0)         | G9(1.0)         | G9(1.0)         |
+----------+----------+-----------------+-----------------+-----------------+
| G96      | G96(0.0) | G96(1.0)        | G96(0.0)        | G96(1.0)        |
+----------+----------+-----------------+-----------------+-----------------+
| G13(0.0) | 0.5      | 0.0141242937853 | 0.970588235294  | 0.0986509274874 |
+----------+----------+-----------------+-----------------+-----------------+
| G13(1.0) | 0.5      | 0.985875706215  | 0.0294117647059 | 0.901349072513  |
+----------+----------+-----------------+-----------------+-----------------+
+----------+-----------------+-----------------+----------------+----------------+
| G32      | G32(0.0)        | G32(0.0)        | G32(1.0)       | G32(1.0)       |
+----------+-----------------+-----------------+----------------+----------------+
| G9       | G9(0.0)         | G9(1.0)         | G9(0.0)        | G9(1.0)        |
+----------+-----------------+-----------------+----------------+----------------+
| G12(0.0) | 0.0555555555556 | 0.0360623781676 | 0.806569343066 | 0.209090909091 |
+----------+-----------------+-----------------+----------------+----------------+
| G12(1.0) | 0.944444444444  | 0.963937621832  | 0.193430656934 | 0.790909090909 |
+----------+-----------------+-----------------+----------------+----------------+
+----------+---------------+----------------+----------------+-----------------+
| G29      | G29(0.0)      | G29(0.0)       | G29(1.0)       | G29(1.0)        |
+----------+---------------+----------------+----------------+-----------------+
| G54      | G54(0.0)      | G54(1.0)       | G54(0.0)       | G54(1.0)        |
+----------+---------------+----------------+----------------+-----------------+
| G11(0.0) | 0.87037037037 | 0.255102040816 | 0.807692307692 | 0.0585412667946 |
+----------+---------------+----------------+----------------+-----------------+
| G11(1.0) | 0.12962962963 | 0.744897959184 | 0.192307692308 | 0.941458733205  |
+----------+---------------+----------------+----------------+-----------------+
+----------+-----------------+----------+----------------+-----------------+
| G66      | G66(0.0)        | G66(0.0) | G66(1.0)       | G66(1.0)        |
+----------+-----------------+----------+----------------+-----------------+
| G99      | G99(0.0)        | G99(1.0) | G99(0.0)       | G99(1.0)        |
+----------+-----------------+----------+----------------+-----------------+
| G10(0.0) | 0.924242424242  | 0.58     | 0.766666666667 | 0.0138705416116 |
+----------+-----------------+----------+----------------+-----------------+
| G10(1.0) | 0.0757575757576 | 0.42     | 0.233333333333 | 0.986129458388  |
+----------+-----------------+----------+----------------+-----------------+
+----------+-----------------+----------+----------+-----------------+
| G42      | G42(0.0)        | G42(0.0) | G42(1.0) | G42(1.0)        |
+----------+-----------------+----------+----------+-----------------+
| G83      | G83(0.0)        | G83(1.0) | G83(0.0) | G83(1.0)        |
+----------+-----------------+----------+----------+-----------------+
| G97(0.0) | 0.0555555555556 | 0.5      | 0.34     | 0.0036496350365 |
+----------+-----------------+----------+----------+-----------------+
| G97(1.0) | 0.944444444444  | 0.5      | 0.66     | 0.996350364964  |
+----------+-----------------+----------+----------+-----------------+
+----------+----------+-----------------+----------+------------------+
| G22      | G22(0.0) | G22(0.0)        | G22(1.0) | G22(1.0)         |
+----------+----------+-----------------+----------+------------------+
| G92      | G92(0.0) | G92(1.0)        | G92(0.0) | G92(1.0)         |
+----------+----------+-----------------+----------+------------------+
| G96(0.0) | 0.5      | 0.944444444444  | 0.5      | 0.00344827586207 |
+----------+----------+-----------------+----------+------------------+
| G96(1.0) | 0.5      | 0.0555555555556 | 0.5      | 0.996551724138   |
+----------+----------+-----------------+----------+------------------+
+----------+-----------------+----------+-----------------+----------------+
| G97      | G97(0.0)        | G97(0.0) | G97(1.0)        | G97(1.0)       |
+----------+-----------------+----------+-----------------+----------------+
| G98      | G98(0.0)        | G98(1.0) | G98(0.0)        | G98(1.0)       |
+----------+-----------------+----------+-----------------+----------------+
| G95(0.0) | 0.0555555555556 | 0.5      | 0.996285289747  | 0.543795620438 |
+----------+-----------------+----------+-----------------+----------------+
| G95(1.0) | 0.944444444444  | 0.5      | 0.0037147102526 | 0.456204379562 |
+----------+-----------------+----------+-----------------+----------------+
+----------+---+
| G94(0.0) | 1 |
+----------+---+
+----------+----------------+----------+-----------------+----------------+
| G57      | G57(0.0)       | G57(0.0) | G57(1.0)        | G57(1.0)       |
+----------+----------------+----------+-----------------+----------------+
| G95      | G95(0.0)       | G95(1.0) | G95(0.0)        | G95(1.0)       |
+----------+----------------+----------+-----------------+----------------+
| G93(0.0) | 0.746575342466 | 0.26     | 0.990398818316  | 0.688235294118 |
+----------+----------------+----------+-----------------+----------------+
| G93(1.0) | 0.253424657534 | 0.74     | 0.0096011816839 | 0.311764705882 |
+----------+----------------+----------+-----------------+----------------+
+----------+-----------------+----------+------------------+----------------+
| G42      | G42(0.0)        | G42(0.0) | G42(1.0)         | G42(1.0)       |
+----------+-----------------+----------+------------------+----------------+
| G95      | G95(0.0)        | G95(1.0) | G95(0.0)         | G95(1.0)       |
+----------+-----------------+----------+------------------+----------------+
| G92(0.0) | 0.944444444444  | 0.5      | 0.00354609929078 | 0.404761904762 |
+----------+-----------------+----------+------------------+----------------+
| G92(1.0) | 0.0555555555556 | 0.5      | 0.996453900709   | 0.595238095238 |
+----------+-----------------+----------+------------------+----------------+
+----------+----------+-----------------+-----------------+---------------+
| G23      | G23(0.0) | G23(0.0)        | G23(1.0)        | G23(1.0)      |
+----------+----------+-----------------+-----------------+---------------+
| G90      | G90(0.0) | G90(1.0)        | G90(0.0)        | G90(1.0)      |
+----------+----------+-----------------+-----------------+---------------+
| G91(0.0) | 0.5      | 0.959016393443  | 0.0773710482529 | 0.69209039548 |
+----------+----------+-----------------+-----------------+---------------+
| G91(1.0) | 0.5      | 0.0409836065574 | 0.922628951747  | 0.30790960452 |
+----------+----------+-----------------+-----------------+---------------+
+----------+----------------+-----------------+----------+----------------+
| G38      | G38(0.0)       | G38(0.0)        | G38(1.0) | G38(1.0)       |
+----------+----------------+-----------------+----------+----------------+
| G88      | G88(0.0)       | G88(1.0)        | G88(0.0) | G88(1.0)       |
+----------+----------------+-----------------+----------+----------------+
| G90(0.0) | 0.363247863248 | 0.980591497227  | 0.5      | 0.236040609137 |
+----------+----------------+-----------------+----------+----------------+
| G90(1.0) | 0.636752136752 | 0.0194085027726 | 0.5      | 0.763959390863 |
+----------+----------------+-----------------+----------+----------------+
+----------+----------------+------------------+----------------+----------+
| G35      | G35(0.0)       | G35(0.0)         | G35(1.0)       | G35(1.0) |
+----------+----------------+------------------+----------------+----------+
| G54      | G54(0.0)       | G54(1.0)         | G54(0.0)       | G54(1.0) |
+----------+----------------+------------------+----------------+----------+
| G99(0.0) | 0.735294117647 | 0.00854139290407 | 0.722222222222 | 0.5      |
+----------+----------------+------------------+----------------+----------+
| G99(1.0) | 0.264705882353 | 0.991458607096   | 0.277777777778 | 0.5      |
+----------+----------------+------------------+----------------+----------+
+----------+----------------+-----------------+----------------+----------------+
| G69      | G69(0.0)       | G69(0.0)        | G69(1.0)       | G69(1.0)       |
+----------+----------------+-----------------+----------------+----------------+
| G74      | G74(0.0)       | G74(1.0)        | G74(0.0)       | G74(1.0)       |
+----------+----------------+-----------------+----------------+----------------+
| G98(0.0) | 0.880952380952 | 0.952830188679  | 0.318181818182 | 0.918045112782 |
+----------+----------------+-----------------+----------------+----------------+
| G98(1.0) | 0.119047619048 | 0.0471698113208 | 0.681818181818 | 0.081954887218 |
+----------+----------------+-----------------+----------------+----------------+
+----------+----------------+-----------------+----------------+----------+
| G48      | G48(0.0)       | G48(0.0)        | G48(1.0)       | G48(1.0) |
+----------+----------------+-----------------+----------------+----------+
| G55      | G55(0.0)       | G55(1.0)        | G55(0.0)       | G55(1.0) |
+----------+----------------+-----------------+----------------+----------+
| G31(0.0) | 0.281990521327 | 0.98275862069   | 0.885964912281 | 0.42     |
+----------+----------------+-----------------+----------------+----------+
| G31(1.0) | 0.718009478673 | 0.0172413793103 | 0.114035087719 | 0.58     |
+----------+----------------+-----------------+----------------+----------+
+----------+-----------------+-----------------+---------------+----------------+
| G29      | G29(0.0)        | G29(0.0)        | G29(1.0)      | G29(1.0)       |
+----------+-----------------+-----------------+---------------+----------------+
| G53      | G53(0.0)        | G53(1.0)        | G53(0.0)      | G53(1.0)       |
+----------+-----------------+-----------------+---------------+----------------+
| G30(0.0) | 0.0837104072398 | 0.0619047619048 | 0.15811965812 | 0.773381294964 |
+----------+-----------------+-----------------+---------------+----------------+
| G30(1.0) | 0.91628959276   | 0.938095238095  | 0.84188034188 | 0.226618705036 |
+----------+-----------------+-----------------+---------------+----------------+
+----------+-----------------+----------------+-----------------+----------------+
| G29      | G29(0.0)        | G29(0.0)       | G29(1.0)        | G29(1.0)       |
+----------+-----------------+----------------+-----------------+----------------+
| G53      | G53(0.0)        | G53(1.0)       | G53(0.0)        | G53(1.0)       |
+----------+-----------------+----------------+-----------------+----------------+
| G33(0.0) | 0.0475113122172 | 0.442857142857 | 0.0555555555556 | 0.763788968825 |
+----------+-----------------+----------------+-----------------+----------------+
| G33(1.0) | 0.952488687783  | 0.557142857143 | 0.944444444444  | 0.236211031175 |
+----------+-----------------+----------------+-----------------+----------------+
+----------+----------------+----------+----------------+-----------------+
| G23      | G23(0.0)       | G23(0.0) | G23(1.0)       | G23(1.0)        |
+----------+----------------+----------+----------------+-----------------+
| G29      | G29(0.0)       | G29(1.0) | G29(0.0)       | G29(1.0)        |
+----------+----------------+----------+----------------+-----------------+
| G32(0.0) | 0.464912280702 | 0.74     | 0.187732342007 | 0.908644400786  |
+----------+----------------+----------+----------------+-----------------+
| G32(1.0) | 0.535087719298 | 0.26     | 0.812267657993 | 0.0913555992141 |
+----------+----------------+----------+----------------+-----------------+
+----------+----------+----------------+-----------------+------------------+
| G66      | G66(0.0) | G66(0.0)       | G66(1.0)        | G66(1.0)         |
+----------+----------+----------------+-----------------+------------------+
| G97      | G97(0.0) | G97(1.0)       | G97(0.0)        | G97(1.0)         |
+----------+----------+----------------+-----------------+------------------+
| G35(0.0) | 0.5      | 0.877358490566 | 0.944444444444  | 0.996697490092   |
+----------+----------+----------------+-----------------+------------------+
| G35(1.0) | 0.5      | 0.122641509434 | 0.0555555555556 | 0.00330250990753 |
+----------+----------+----------------+-----------------+------------------+
+----------+-----------------+-----------------+-----------------+----------------+
| G2       | G2(0.0)         | G2(0.0)         | G2(1.0)         | G2(1.0)        |
+----------+-----------------+-----------------+-----------------+----------------+
| G88      | G88(0.0)        | G88(1.0)        | G88(0.0)        | G88(1.0)       |
+----------+-----------------+-----------------+-----------------+----------------+
| G34(0.0) | 0.91095890411   | 0.905446293495  | 0.948979591837  | 0.188311688312 |
+----------+-----------------+-----------------+-----------------+----------------+
| G34(1.0) | 0.0890410958904 | 0.0945537065053 | 0.0510204081633 | 0.811688311688 |
+----------+-----------------+-----------------+-----------------+----------------+
+----------+----------+----------------+-----------------+----------------+
| G33      | G33(0.0) | G33(0.0)       | G33(1.0)        | G33(1.0)       |
+----------+----------+----------------+-----------------+----------------+
| G65      | G65(0.0) | G65(1.0)       | G65(0.0)        | G65(1.0)       |
+----------+----------+----------------+-----------------+----------------+
| G37(0.0) | 0.1      | 0.813725490196 | 0.0862068965517 | 0.246102449889 |
+----------+----------+----------------+-----------------+----------------+
| G37(1.0) | 0.9      | 0.186274509804 | 0.913793103448  | 0.753897550111 |
+----------+----------+----------------+-----------------+----------------+
+----------+---------------+-----------------+----------------+-----------------+
| G32      | G32(0.0)      | G32(0.0)        | G32(1.0)       | G32(1.0)        |
+----------+---------------+-----------------+----------------+-----------------+
| G37      | G37(0.0)      | G37(1.0)        | G37(0.0)       | G37(1.0)        |
+----------+---------------+-----------------+----------------+-----------------+
| G36(0.0) | 0.36119873817 | 0.973029045643  | 0.657303370787 | 0.988262910798  |
+----------+---------------+-----------------+----------------+-----------------+
| G36(1.0) | 0.63880126183 | 0.0269709543568 | 0.342696629213 | 0.0117370892019 |
+----------+---------------+-----------------+----------------+-----------------+
+----------+----------------+----------------+----------------+-----------------+
| G41      | G41(0.0)       | G41(0.0)       | G41(1.0)       | G41(1.0)        |
+----------+----------------+----------------+----------------+-----------------+
| G51      | G51(0.0)       | G51(1.0)       | G51(0.0)       | G51(1.0)        |
+----------+----------------+----------------+----------------+-----------------+
| G39(0.0) | 0.192307692308 | 0.715053763441 | 0.743902439024 | 0.0483870967742 |
+----------+----------------+----------------+----------------+-----------------+
| G39(1.0) | 0.807692307692 | 0.284946236559 | 0.256097560976 | 0.951612903226  |
+----------+----------------+----------------+----------------+-----------------+
+----------+----------+----------------+-----------------+-----------------+
| G11      | G11(0.0) | G11(0.0)       | G11(1.0)        | G11(1.0)        |
+----------+----------+----------------+-----------------+-----------------+
| G65      | G65(0.0) | G65(1.0)       | G65(0.0)        | G65(1.0)        |
+----------+----------+----------------+-----------------+-----------------+
| G38(0.0) | 0.1      | 0.365771812081 | 0.0862068965517 | 0.91095890411   |
+----------+----------+----------------+-----------------+-----------------+
| G38(1.0) | 0.9      | 0.634228187919 | 0.913793103448  | 0.0890410958904 |
+----------+----------+----------------+-----------------+-----------------+
+----------+----------+----------------+---------------+----------------+
| G22      | G22(0.0) | G22(0.0)       | G22(1.0)      | G22(1.0)       |
+----------+----------+----------------+---------------+----------------+
| G68      | G68(0.0) | G68(1.0)       | G68(0.0)      | G68(1.0)       |
+----------+----------+----------------+---------------+----------------+
| G84(0.0) | 0.5      | 0.411111111111 | 0.38679245283 | 0.202752293578 |
+----------+----------+----------------+---------------+----------------+
| G84(1.0) | 0.5      | 0.588888888889 | 0.61320754717 | 0.797247706422 |
+----------+----------+----------------+---------------+----------------+
+----------+----------+-----------------+-----------------+-----------------+
| G42      | G42(0.0) | G42(0.0)        | G42(1.0)        | G42(1.0)        |
+----------+----------+-----------------+-----------------+-----------------+
| G73      | G73(0.0) | G73(1.0)        | G73(0.0)        | G73(1.0)        |
+----------+----------+-----------------+-----------------+-----------------+
| G85(0.0) | 0.5      | 0.0555555555556 | 0.0555555555556 | 0.944444444444  |
+----------+----------+-----------------+-----------------+-----------------+
| G85(1.0) | 0.5      | 0.944444444444  | 0.944444444444  | 0.0555555555556 |
+----------+----------+-----------------+-----------------+-----------------+
+----------+----------------+----------+----------------+-----------------+
| G54      | G54(0.0)       | G54(0.0) | G54(1.0)       | G54(1.0)        |
+----------+----------------+----------+----------------+-----------------+
| G67      | G67(0.0)       | G67(1.0) | G67(0.0)       | G67(1.0)        |
+----------+----------------+----------+----------------+-----------------+
| G86(0.0) | 0.036231884058 | 0.1      | 0.582191780822 | 0.921356421356  |
+----------+----------------+----------+----------------+-----------------+
| G86(1.0) | 0.963768115942 | 0.9      | 0.417808219178 | 0.0786435786436 |
+----------+----------------+----------+----------------+-----------------+
+----------+----------------+-----------------+----------------+----------------+
| G2       | G2(0.0)        | G2(0.0)         | G2(1.0)        | G2(1.0)        |
+----------+----------------+-----------------+----------------+----------------+
| G6       | G6(0.0)        | G6(1.0)         | G6(0.0)        | G6(1.0)        |
+----------+----------------+-----------------+----------------+----------------+
| G87(0.0) | 0.271144278607 | 0.0497185741088 | 0.863636363636 | 0.132653061224 |
+----------+----------------+-----------------+----------------+----------------+
| G87(1.0) | 0.728855721393 | 0.950281425891  | 0.136363636364 | 0.867346938776 |
+----------+----------------+-----------------+----------------+----------------+
+----------+-----------------+----------------+----------------+---------------+
| G29      | G29(0.0)        | G29(0.0)       | G29(1.0)       | G29(1.0)      |
+----------+-----------------+----------------+----------------+---------------+
| G91      | G91(0.0)        | G91(1.0)       | G91(0.0)       | G91(1.0)      |
+----------+-----------------+----------------+----------------+---------------+
| G80(0.0) | 0.0789473684211 | 0.862694300518 | 0.480952380952 | 0.63986013986 |
+----------+-----------------+----------------+----------------+---------------+
| G80(1.0) | 0.921052631579  | 0.137305699482 | 0.519047619048 | 0.36013986014 |
+----------+-----------------+----------------+----------------+---------------+
+----------+----------------+----------------+-----------------+----------------+
| G42      | G42(0.0)       | G42(0.0)       | G42(1.0)        | G42(1.0)       |
+----------+----------------+----------------+-----------------+----------------+
| G48      | G48(0.0)       | G48(1.0)       | G48(0.0)        | G48(1.0)       |
+----------+----------------+----------------+-----------------+----------------+
| G81(0.0) | 0.362068965517 | 0.880952380952 | 0.0086782376502 | 0.303278688525 |
+----------+----------------+----------------+-----------------+----------------+
| G81(1.0) | 0.637931034483 | 0.119047619048 | 0.99132176235   | 0.696721311475 |
+----------+----------------+----------------+-----------------+----------------+
+----------+-----------------+-----------------+----------+----------------+
| G35      | G35(0.0)        | G35(0.0)        | G35(1.0) | G35(1.0)       |
+----------+-----------------+-----------------+----------+----------------+
| G69      | G69(0.0)        | G69(1.0)        | G69(0.0) | G69(1.0)       |
+----------+-----------------+-----------------+----------+----------------+
| G82(0.0) | 0.905797101449  | 0.996782496782  | 0.5      | 0.722222222222 |
+----------+-----------------+-----------------+----------+----------------+
| G82(1.0) | 0.0942028985507 | 0.0032175032175 | 0.5      | 0.277777777778 |
+----------+-----------------+-----------------+----------+----------------+
+----------+----------------+----------------+----------------+------------------+
| G69      | G69(0.0)       | G69(0.0)       | G69(1.0)       | G69(1.0)         |
+----------+----------------+----------------+----------------+------------------+
| G9       | G9(0.0)        | G9(1.0)        | G9(0.0)        | G9(1.0)          |
+----------+----------------+----------------+----------------+------------------+
| G83(0.0) | 0.277777777778 | 0.653846153846 | 0.708092485549 | 0.00407830342577 |
+----------+----------------+----------------+----------------+------------------+
| G83(1.0) | 0.722222222222 | 0.346153846154 | 0.291907514451 | 0.995921696574   |
+----------+----------------+----------------+----------------+------------------+
+----------+-----------------+----------------+----------------+----------------+
| G36      | G36(0.0)        | G36(0.0)       | G36(1.0)       | G36(1.0)       |
+----------+-----------------+----------------+----------------+----------------+
| G93      | G93(0.0)        | G93(1.0)       | G93(0.0)       | G93(1.0)       |
+----------+-----------------+----------------+----------------+----------------+
| G88(0.0) | 0.0395430579965 | 0.459183673469 | 0.282805429864 | 0.690476190476 |
+----------+-----------------+----------------+----------------+----------------+
| G88(1.0) | 0.960456942004  | 0.540816326531 | 0.717194570136 | 0.309523809524 |
+----------+-----------------+----------------+----------------+----------------+
+----------+-----------------+----------------+----------------+-----------------+
| G20      | G20(0.0)        | G20(0.0)       | G20(1.0)       | G20(1.0)        |
+----------+-----------------+----------------+----------------+-----------------+
| G6       | G6(0.0)         | G6(1.0)        | G6(0.0)        | G6(1.0)         |
+----------+-----------------+----------------+----------------+-----------------+
| G89(0.0) | 0.970588235294  | 0.451951951952 | 0.883419689119 | 0.0903614457831 |
+----------+-----------------+----------------+----------------+-----------------+
| G89(1.0) | 0.0294117647059 | 0.548048048048 | 0.116580310881 | 0.909638554217  |
+----------+-----------------+----------------+----------------+-----------------+
