[('G26', 'G38'), ('G27', 'G64'), ('G25', 'G20'), ('G22', 'G87'), ('G22', 'G36'), ('G23', 'G69'), ('G23', 'G50'), ('G23', 'G58'), ('G21', 'G34'), ('G29', 'G48'), ('G29', 'G57'), ('G29', 'G45'), ('G29', 'G92'), ('G5', 'G36'), ('G3', 'G6'), ('G2', 'G26'), ('G2', 'G96'), ('G2', 'G65'), ('G1', 'G33'), ('G9', 'G23'), ('G9', 'G76'), ('G9', 'G43'), ('G9', 'G13'), ('G9', 'G12'), ('G9', 'G10'), ('G8', 'G51'), ('G8', 'G77'), ('G53', 'G51'), ('G53', 'G65'), ('G53', 'G18'), ('G51', 'G31'), ('G51', 'G2'), ('G51', 'G1'), ('G51', 'G18'), ('G51', 'G28'), ('G51', 'G52'), ('G51', 'G16'), ('G51', 'G63'), ('G50', 'G8'), ('G57', 'G22'), ('G57', 'G47'), ('G57', 'G85'), ('G57', 'G50'), ('G57', 'G55'), ('G57', 'G54'), ('G55', 'G21'), ('G54', 'G17'), ('G54', 'G33'), ('G54', 'G87'), ('G58', 'G80'), ('G41', 'G58'), ('G41', 'G92'), ('G41', 'G29'), ('G42', 'G7'), ('G42', 'G5'), ('G42', 'G61'), ('G42', 'G13'), ('G42', 'G10'), ('G43', 'G86'), ('G43', 'G66'), ('G43', 'G73'), ('G45', 'G49'), ('G45', 'G47'), ('G46', 'G39'), ('G46', 'G97'), ('G46', 'G42'), ('G46', 'G91'), ('G46', 'G61'), ('G46', 'G11'), ('G75', 'G26'), ('G75', 'G4'), ('G75', 'G76'), ('G75', 'G82'), ('G75', 'G54'), ('G75', 'G78'), ('G74', 'G99'), ('G76', 'G41'), ('G76', 'G15'), ('G71', 'G74'), ('G71', 'G81'), ('G71', 'G99'), ('G70', 'G16'), ('G70', 'G43'), ('G70', 'G66'), ('G72', 'G75'), ('G72', 'G62'), ('G72', 'G15'), ('G72', 'G68'), ('G79', 'G24'), ('G79', 'G20'), ('G79', 'G21'), ('G79', 'G9'), ('G79', 'G89'), ('G79', 'G84'), ('G79', 'G69'), ('G79', 'G73'), ('G79', 'G90'), ('G79', 'G12'), ('G78', 'G48'), ('G68', 'G100'), ('G68', 'G74'), ('G68', 'G71'), ('G62', 'G6'), ('G62', 'G3'), ('G62', 'G8'), ('G62', 'G40'), ('G62', 'G68'), ('G62', 'G83'), ('G62', 'G60'), ('G60', 'G25'), ('G61', 'G29'), ('G66', 'G63'), ('G66', 'G5'), ('G67', 'G31'), ('G67', 'G97'), ('G67', 'G60'), ('G67', 'G79'), ('G67', 'G42'), ('G64', 'G94'), ('G100', 'G71'), ('G19', 'G77'), ('G18', 'G25'), ('G17', 'G7'), ('G17', 'G27'), ('G17', 'G37'), ('G17', 'G96'), ('G17', 'G95'), ('G17', 'G93'), ('G17', 'G64'), ('G13', 'G24'), ('G13', 'G90'), ('G13', 'G22'), ('G13', 'G45'), ('G13', 'G72'), ('G12', 'G84'), ('G12', 'G85'), ('G11', 'G49'), ('G11', 'G30'), ('G11', 'G23'), ('G11', 'G9'), ('G11', 'G83'), ('G97', 'G62'), ('G97', 'G11'), ('G93', 'G95'), ('G92', 'G2'), ('G92', 'G70'), ('G92', 'G98'), ('G91', 'G28'), ('G91', 'G70'), ('G91', 'G82'), ('G90', 'G19'), ('G99', 'G93'), ('G99', 'G3'), ('G99', 'G81'), ('G98', 'G53'), ('G98', 'G40'), ('G98', 'G57'), ('G98', 'G88'), ('G31', 'G35'), ('G30', 'G53'), ('G30', 'G88'), ('G30', 'G79'), ('G32', 'G41'), ('G32', 'G46'), ('G32', 'G30'), ('G35', 'G19'), ('G34', 'G14'), ('G37', 'G1'), ('G38', 'G94'), ('G38', 'G80'), ('G38', 'G56'), ('G84', 'G72'), ('G84', 'G98'), ('G85', 'G55'), ('G86', 'G52'), ('G87', 'G27'), ('G87', 'G34'), ('G87', 'G38'), ('G87', 'G56'), ('G87', 'G17'), ('G87', 'G14'), ('G80', 'G89'), ('G80', 'G78'), ('G81', 'G75'), ('G83', 'G39'), ('G83', 'G4'), ('G83', 'G35'), ('G83', 'G91'), ('G83', 'G37'), ('G88', 'G86')]
+----------+----------------+----------------+----------------+-----------------+
| G2       | G2(0.0)        | G2(0.0)        | G2(1.0)        | G2(1.0)         |
+----------+----------------+----------------+----------------+-----------------+
| G75      | G75(0.0)       | G75(1.0)       | G75(0.0)       | G75(1.0)        |
+----------+----------------+----------------+----------------+-----------------+
| G26(0.0) | 0.681818181818 | 0.300664451827 | 0.588888888889 | 0.0966735966736 |
+----------+----------------+----------------+----------------+-----------------+
| G26(1.0) | 0.318181818182 | 0.699335548173 | 0.411111111111 | 0.903326403326  |
+----------+----------------+----------------+----------------+-----------------+
+----------+----------+----------------+----------+----------------+
| G17      | G17(0.0) | G17(0.0)       | G17(1.0) | G17(1.0)       |
+----------+----------+----------------+----------+----------------+
| G87      | G87(0.0) | G87(1.0)       | G87(0.0) | G87(1.0)       |
+----------+----------+----------------+----------+----------------+
| G27(0.0) | 0.5      | 0.963768115942 | 0.2344   | 0.537267080745 |
+----------+----------+----------------+----------+----------------+
| G27(1.0) | 0.5      | 0.036231884058 | 0.7656   | 0.462732919255 |
+----------+----------+----------------+----------+----------------+
+----------+----------------+----------------+----------------+----------------+
| G13      | G13(0.0)       | G13(0.0)       | G13(1.0)       | G13(1.0)       |
+----------+----------------+----------------+----------------+----------------+
| G79      | G79(0.0)       | G79(1.0)       | G79(0.0)       | G79(1.0)       |
+----------+----------------+----------------+----------------+----------------+
| G24(0.0) | 0.453488372093 | 0.129179331307 | 0.112403100775 | 0.712454212454 |
+----------+----------------+----------------+----------------+----------------+
| G24(1.0) | 0.546511627907 | 0.870820668693 | 0.887596899225 | 0.287545787546 |
+----------+----------------+----------------+----------------+----------------+
+----------+-----------------+-----------------+-----------------+-----------------+
| G18      | G18(0.0)        | G18(0.0)        | G18(1.0)        | G18(1.0)        |
+----------+-----------------+-----------------+-----------------+-----------------+
| G60      | G60(0.0)        | G60(1.0)        | G60(0.0)        | G60(1.0)        |
+----------+-----------------+-----------------+-----------------+-----------------+
| G25(0.0) | 0.0609756097561 | 0.0939086294416 | 0.944444444444  | 0.0320623916811 |
+----------+-----------------+-----------------+-----------------+-----------------+
| G25(1.0) | 0.939024390244  | 0.906091370558  | 0.0555555555556 | 0.967937608319  |
+----------+-----------------+-----------------+-----------------+-----------------+
+----------+----------------+----------------+----------------+-----------------+
| G13      | G13(0.0)       | G13(0.0)       | G13(1.0)       | G13(1.0)        |
+----------+----------------+----------------+----------------+-----------------+
| G57      | G57(0.0)       | G57(1.0)       | G57(0.0)       | G57(1.0)        |
+----------+----------------+----------------+----------------+-----------------+
| G22(0.0) | 0.898950131234 | 0.396103896104 | 0.190607734807 | 0.0475113122172 |
+----------+----------------+----------------+----------------+-----------------+
| G22(1.0) | 0.101049868766 | 0.603896103896 | 0.809392265193 | 0.952488687783  |
+----------+----------------+----------------+----------------+-----------------+
+----------+----------------+----------------+-----------------+-----------------+
| G11      | G11(0.0)       | G11(0.0)       | G11(1.0)        | G11(1.0)        |
+----------+----------------+----------------+-----------------+-----------------+
| G9       | G9(0.0)        | G9(1.0)        | G9(0.0)         | G9(1.0)         |
+----------+----------------+----------------+-----------------+-----------------+
| G23(0.0) | 0.841463414634 | 0.801886792453 | 0.969135802469  | 0.0153284671533 |
+----------+----------------+----------------+-----------------+-----------------+
| G23(1.0) | 0.158536585366 | 0.198113207547 | 0.0308641975309 | 0.984671532847  |
+----------+----------------+----------------+-----------------+-----------------+
+----------+----------------+---------------+----------------+-----------------+
| G25      | G25(0.0)       | G25(0.0)      | G25(1.0)       | G25(1.0)        |
+----------+----------------+---------------+----------------+-----------------+
| G79      | G79(0.0)       | G79(1.0)      | G79(0.0)       | G79(1.0)        |
+----------+----------------+---------------+----------------+-----------------+
| G20(0.0) | 0.785714285714 | 0.19696969697 | 0.394736842105 | 0.0676625659051 |
+----------+----------------+---------------+----------------+-----------------+
| G20(1.0) | 0.214285714286 | 0.80303030303 | 0.605263157895 | 0.932337434095  |
+----------+----------------+---------------+----------------+-----------------+
+----------+----------+----------------+----------------+----------------+
| G55      | G55(0.0) | G55(0.0)       | G55(1.0)       | G55(1.0)       |
+----------+----------+----------------+----------------+----------------+
| G79      | G79(0.0) | G79(1.0)       | G79(0.0)       | G79(1.0)       |
+----------+----------+----------------+----------------+----------------+
| G21(0.0) | 0.1      | 0.152173913043 | 0.282383419689 | 0.770168855535 |
+----------+----------+----------------+----------------+----------------+
| G21(1.0) | 0.9      | 0.847826086957 | 0.717616580311 | 0.229831144465 |
+----------+----------+----------------+----------------+----------------+
+----------+-----------------+----------------+----------------+----------------+
| G51      | G51(0.0)        | G51(0.0)       | G51(1.0)       | G51(1.0)       |
+----------+-----------------+----------------+----------------+----------------+
| G91      | G91(0.0)        | G91(1.0)       | G91(0.0)       | G91(1.0)       |
+----------+-----------------+----------------+----------------+----------------+
| G28(0.0) | 0.0555555555556 | 0.276146788991 | 0.377551020408 | 0.518099547511 |
+----------+-----------------+----------------+----------------+----------------+
| G28(1.0) | 0.944444444444  | 0.723853211009 | 0.622448979592 | 0.481900452489 |
+----------+-----------------+----------------+----------------+----------------+
+----------+----------------+----------------+-----------------+-----------------+
| G41      | G41(0.0)       | G41(0.0)       | G41(1.0)        | G41(1.0)        |
+----------+----------------+----------------+-----------------+-----------------+
| G61      | G61(0.0)       | G61(1.0)       | G61(0.0)        | G61(1.0)        |
+----------+----------------+----------------+-----------------+-----------------+
| G29(0.0) | 0.574074074074 | 0.277777777778 | 0.90404040404   | 0.0844155844156 |
+----------+----------------+----------------+-----------------+-----------------+
| G29(1.0) | 0.425925925926 | 0.722222222222 | 0.0959595959596 | 0.915584415584  |
+----------+----------------+----------------+-----------------+-----------------+
+---------+----------------+----------+---------------+----------------+
| G17     | G17(0.0)       | G17(0.0) | G17(1.0)      | G17(1.0)       |
+---------+----------------+----------+---------------+----------------+
| G42     | G42(0.0)       | G42(1.0) | G42(0.0)      | G42(1.0)       |
+---------+----------------+----------+---------------+----------------+
| G7(0.0) | 0.557971014493 | 0.5      | 0.15560821485 | 0.434640522876 |
+---------+----------------+----------+---------------+----------------+
| G7(1.0) | 0.442028985507 | 0.5      | 0.84439178515 | 0.565359477124 |
+---------+----------------+----------+---------------+----------------+
+---------+----------------+----------------+-----------------+----------------+
| G3      | G3(0.0)        | G3(0.0)        | G3(1.0)         | G3(1.0)        |
+---------+----------------+----------------+-----------------+----------------+
| G62     | G62(0.0)       | G62(1.0)       | G62(0.0)        | G62(1.0)       |
+---------+----------------+----------------+-----------------+----------------+
| G6(0.0) | 0.382352941176 | 0.824324324324 | 0.0234474017744 | 0.147058823529 |
+---------+----------------+----------------+-----------------+----------------+
| G6(1.0) | 0.617647058824 | 0.175675675676 | 0.976552598226  | 0.852941176471 |
+---------+----------------+----------------+-----------------+----------------+
+---------+----------------+-----------------+-----------------+----------------+
| G42     | G42(0.0)       | G42(0.0)        | G42(1.0)        | G42(1.0)       |
+---------+----------------+-----------------+-----------------+----------------+
| G66     | G66(0.0)       | G66(1.0)        | G66(0.0)        | G66(1.0)       |
+---------+----------------+-----------------+-----------------+----------------+
| G5(0.0) | 0.179012345679 | 0.95732689211   | 0.0862068965517 | 0.298449612403 |
+---------+----------------+-----------------+-----------------+----------------+
| G5(1.0) | 0.820987654321 | 0.0426731078905 | 0.913793103448  | 0.701550387597 |
+---------+----------------+-----------------+-----------------+----------------+
+---------+----------------+----------------+----------------+----------------+
| G75     | G75(0.0)       | G75(0.0)       | G75(1.0)       | G75(1.0)       |
+---------+----------------+----------------+----------------+----------------+
| G83     | G83(0.0)       | G83(1.0)       | G83(0.0)       | G83(1.0)       |
+---------+----------------+----------------+----------------+----------------+
| G4(0.0) | 0.722222222222 | 0.847826086957 | 0.714876033058 | 0.100605143722 |
+---------+----------------+----------------+----------------+----------------+
| G4(1.0) | 0.277777777778 | 0.152173913043 | 0.285123966942 | 0.899394856278 |
+---------+----------------+----------------+----------------+----------------+
+---------+-----------------+----------------+----------------+----------+
| G62     | G62(0.0)        | G62(0.0)       | G62(1.0)       | G62(1.0) |
+---------+-----------------+----------------+----------------+----------+
| G99     | G99(0.0)        | G99(1.0)       | G99(0.0)       | G99(1.0) |
+---------+-----------------+----------------+----------------+----------+
| G3(0.0) | 0.0133757961783 | 0.309523809524 | 0.704081632653 | 0.5      |
+---------+-----------------+----------------+----------------+----------+
| G3(1.0) | 0.986624203822  | 0.690476190476 | 0.295918367347 | 0.5      |
+---------+-----------------+----------------+----------------+----------+
+---------+----------------+----------------+----------------+-----------------+
| G51     | G51(0.0)       | G51(0.0)       | G51(1.0)       | G51(1.0)        |
+---------+----------------+----------------+----------------+-----------------+
| G92     | G92(0.0)       | G92(1.0)       | G92(0.0)       | G92(1.0)        |
+---------+----------------+----------------+----------------+-----------------+
| G2(0.0) | 0.233333333333 | 0.511009174312 | 0.743902439024 | 0.0633187772926 |
+---------+----------------+----------------+----------------+-----------------+
| G2(1.0) | 0.766666666667 | 0.488990825688 | 0.256097560976 | 0.936681222707  |
+---------+----------------+----------------+----------------+-----------------+
+---------+----------------+-----------------+----------------+----------------+
| G37     | G37(0.0)       | G37(0.0)        | G37(1.0)       | G37(1.0)       |
+---------+----------------+-----------------+----------------+----------------+
| G51     | G51(0.0)       | G51(1.0)        | G51(0.0)       | G51(1.0)       |
+---------+----------------+-----------------+----------------+----------------+
| G1(0.0) | 0.123529411765 | 0.939024390244  | 0.250495049505 | 0.482532751092 |
+---------+----------------+-----------------+----------------+----------------+
| G1(1.0) | 0.876470588235 | 0.0609756097561 | 0.749504950495 | 0.517467248908 |
+---------+----------------+-----------------+----------------+----------------+
+---------+----------------+-----------------+-----------------+----------------+
| G11     | G11(0.0)       | G11(0.0)        | G11(1.0)        | G11(1.0)       |
+---------+----------------+-----------------+-----------------+----------------+
| G79     | G79(0.0)       | G79(1.0)        | G79(0.0)        | G79(1.0)       |
+---------+----------------+-----------------+-----------------+----------------+
| G9(0.0) | 0.855555555556 | 0.0510204081633 | 0.0305164319249 | 0.134719710669 |
+---------+----------------+-----------------+-----------------+----------------+
| G9(1.0) | 0.144444444444 | 0.948979591837  | 0.969483568075  | 0.865280289331 |
+---------+----------------+-----------------+-----------------+----------------+
+---------+----------------+----------------+-----------------+----------------+
| G50     | G50(0.0)       | G50(0.0)       | G50(1.0)        | G50(1.0)       |
+---------+----------------+----------------+-----------------+----------------+
| G62     | G62(0.0)       | G62(1.0)       | G62(0.0)        | G62(1.0)       |
+---------+----------------+----------------+-----------------+----------------+
| G8(0.0) | 0.398305084746 | 0.722222222222 | 0.0739268680445 | 0.855555555556 |
+---------+----------------+----------------+-----------------+----------------+
| G8(1.0) | 0.601694915254 | 0.277777777778 | 0.926073131955  | 0.144444444444 |
+---------+----------------+----------------+-----------------+----------------+
+----------+----------+-----------------+-----------------+-----------------+
| G30      | G30(0.0) | G30(0.0)        | G30(1.0)        | G30(1.0)        |
+----------+----------+-----------------+-----------------+-----------------+
| G98      | G98(0.0) | G98(1.0)        | G98(0.0)        | G98(1.0)        |
+----------+----------+-----------------+-----------------+-----------------+
| G53(0.0) | 0.82     | 0.0283307810107 | 0.0555555555556 | 0.0675675675676 |
+----------+----------+-----------------+-----------------+-----------------+
| G53(1.0) | 0.18     | 0.971669218989  | 0.944444444444  | 0.932432432432  |
+----------+----------+-----------------+-----------------+-----------------+
+----------+----------------+-----------------+----------------+----------------+
| G51      | G51(0.0)       | G51(0.0)        | G51(1.0)       | G51(1.0)       |
+----------+----------------+-----------------+----------------+----------------+
| G86      | G86(0.0)       | G86(1.0)        | G86(0.0)       | G86(1.0)       |
+----------+----------------+-----------------+----------------+----------------+
| G52(0.0) | 0.106557377049 | 0.0274102079395 | 0.765486725664 | 0.143312101911 |
+----------+----------------+-----------------+----------------+----------------+
| G52(1.0) | 0.893442622951 | 0.97258979206   | 0.234513274336 | 0.856687898089 |
+----------+----------------+-----------------+----------------+----------------+
+----------+-----------------+----------------+----------------+----------------+
| G53      | G53(0.0)        | G53(0.0)       | G53(1.0)       | G53(1.0)       |
+----------+-----------------+----------------+----------------+----------------+
| G8       | G8(0.0)         | G8(1.0)        | G8(0.0)        | G8(1.0)        |
+----------+-----------------+----------------+----------------+----------------+
| G51(0.0) | 0.0862068965517 | 0.149484536082 | 0.289473684211 | 0.889351081531 |
+----------+-----------------+----------------+----------------+----------------+
| G51(1.0) | 0.913793103448  | 0.850515463918 | 0.710526315789 | 0.110648918469 |
+----------+-----------------+----------------+----------------+----------------+
+----------+----------------+----------------+-----------------+----------------+
| G23      | G23(0.0)       | G23(0.0)       | G23(1.0)        | G23(1.0)       |
+----------+----------------+----------------+-----------------+----------------+
| G57      | G57(0.0)       | G57(1.0)       | G57(0.0)        | G57(1.0)       |
+----------+----------------+----------------+-----------------+----------------+
| G50(0.0) | 0.155913978495 | 0.856164383562 | 0.0565031982942 | 0.366666666667 |
+----------+----------------+----------------+-----------------+----------------+
| G50(1.0) | 0.844086021505 | 0.143835616438 | 0.943496801706  | 0.633333333333 |
+----------+----------------+----------------+-----------------+----------------+
+----------+----------+-----------------+-----------------+-----------------+
| G29      | G29(0.0) | G29(0.0)        | G29(1.0)        | G29(1.0)        |
+----------+----------+-----------------+-----------------+-----------------+
| G98      | G98(0.0) | G98(1.0)        | G98(0.0)        | G98(1.0)        |
+----------+----------+-----------------+-----------------+-----------------+
| G57(0.0) | 0.372    | 0.90933572711   | 0.0555555555556 | 0.0488721804511 |
+----------+----------+-----------------+-----------------+-----------------+
| G57(1.0) | 0.628    | 0.0906642728905 | 0.944444444444  | 0.951127819549  |
+----------+----------+-----------------+-----------------+-----------------+
+----------+-----------------+----------------+----------------+----------------+
| G38      | G38(0.0)        | G38(0.0)       | G38(1.0)       | G38(1.0)       |
+----------+-----------------+----------------+----------------+----------------+
| G87      | G87(0.0)        | G87(1.0)       | G87(0.0)       | G87(1.0)       |
+----------+-----------------+----------------+----------------+----------------+
| G56(0.0) | 0.0555555555556 | 0.386524822695 | 0.722222222222 | 0.837078651685 |
+----------+-----------------+----------------+----------------+----------------+
| G56(1.0) | 0.944444444444  | 0.613475177305 | 0.277777777778 | 0.162921348315 |
+----------+-----------------+----------------+----------------+----------------+
+----------+-----------------+------------------+----------------+---------------+
| G57      | G57(0.0)        | G57(0.0)         | G57(1.0)       | G57(1.0)      |
+----------+-----------------+------------------+----------------+---------------+
| G85      | G85(0.0)        | G85(1.0)         | G85(0.0)       | G85(1.0)      |
+----------+-----------------+------------------+----------------+---------------+
| G55(0.0) | 0.0384615384615 | 0.00503018108652 | 0.610497237569 | 0.15811965812 |
+----------+-----------------+------------------+----------------+---------------+
| G55(1.0) | 0.961538461538  | 0.994969818913   | 0.389502762431 | 0.84188034188 |
+----------+-----------------+------------------+----------------+---------------+
+----------+----------------+----------------+----------+----------------+
| G57      | G57(0.0)       | G57(0.0)       | G57(1.0) | G57(1.0)       |
+----------+----------------+----------------+----------+----------------+
| G75      | G75(0.0)       | G75(1.0)       | G75(0.0) | G75(1.0)       |
+----------+----------------+----------------+----------+----------------+
| G54(0.0) | 0.856164383562 | 0.152351738241 | 0.5      | 0.349829351536 |
+----------+----------------+----------------+----------+----------------+
| G54(1.0) | 0.143835616438 | 0.847648261759 | 0.5      | 0.650170648464 |
+----------+----------------+----------------+----------+----------------+
+----------+---+
| G59(0.0) | 1 |
+----------+---+
+----------+-----------------+----------------+----------------+-----------------+
| G23      | G23(0.0)        | G23(0.0)       | G23(1.0)       | G23(1.0)        |
+----------+-----------------+----------------+----------------+-----------------+
| G41      | G41(0.0)        | G41(1.0)       | G41(0.0)       | G41(1.0)        |
+----------+-----------------+----------------+----------------+-----------------+
| G58(0.0) | 0.944444444444  | 0.351239669421 | 0.588888888889 | 0.98998459168   |
+----------+-----------------+----------------+----------------+-----------------+
| G58(1.0) | 0.0555555555556 | 0.648760330579 | 0.411111111111 | 0.0100154083205 |
+----------+-----------------+----------------+----------------+-----------------+
+----------+----------------+----------------+----------+----------------+
| G62      | G62(0.0)       | G62(0.0)       | G62(1.0) | G62(1.0)       |
+----------+----------------+----------------+----------+----------------+
| G98      | G98(0.0)       | G98(1.0)       | G98(0.0) | G98(1.0)       |
+----------+----------------+----------------+----------+----------------+
| G40(0.0) | 0.887878787879 | 0.265990639626 | 0.5      | 0.867346938776 |
+----------+----------------+----------------+----------+----------------+
| G40(1.0) | 0.112121212121 | 0.734009360374 | 0.5      | 0.132653061224 |
+----------+----------------+----------------+----------+----------------+
+----------+-----------------+----------------+------------------+-----------------+
| G32      | G32(0.0)        | G32(0.0)       | G32(1.0)         | G32(1.0)        |
+----------+-----------------+----------------+------------------+-----------------+
| G76      | G76(0.0)        | G76(1.0)       | G76(0.0)         | G76(1.0)        |
+----------+-----------------+----------------+------------------+-----------------+
| G41(0.0) | 0.0111111111111 | 0.690476190476 | 0.00462107208872 | 0.965753424658  |
+----------+-----------------+----------------+------------------+-----------------+
| G41(1.0) | 0.988888888889  | 0.309523809524 | 0.995378927911   | 0.0342465753425 |
+----------+-----------------+----------------+------------------+-----------------+
+----------+-----------------+----------+-----------------+-----------------+
| G46      | G46(0.0)        | G46(0.0) | G46(1.0)        | G46(1.0)        |
+----------+-----------------+----------+-----------------+-----------------+
| G67      | G67(0.0)        | G67(1.0) | G67(0.0)        | G67(1.0)        |
+----------+-----------------+----------+-----------------+-----------------+
| G42(0.0) | 0.0555555555556 | 0.5      | 0.952413793103  | 0.0764705882353 |
+----------+-----------------+----------+-----------------+-----------------+
| G42(1.0) | 0.944444444444  | 0.5      | 0.0475862068966 | 0.923529411765  |
+----------+-----------------+----------+-----------------+-----------------+
+----------+----------------+------------------+-----------------+-----------------+
| G70      | G70(0.0)       | G70(0.0)         | G70(1.0)        | G70(1.0)        |
+----------+----------------+------------------+-----------------+-----------------+
| G9       | G9(0.0)        | G9(1.0)          | G9(0.0)         | G9(1.0)         |
+----------+----------------+------------------+-----------------+-----------------+
| G43(0.0) | 0.327956989247 | 0.00382848392037 | 0.0862068965517 | 0.970588235294  |
+----------+----------------+------------------+-----------------+-----------------+
| G43(1.0) | 0.672043010753 | 0.99617151608    | 0.913793103448  | 0.0294117647059 |
+----------+----------------+------------------+-----------------+-----------------+
+----------+---+
| G44(0.0) | 1 |
+----------+---+
+----------+-----------------+-----------------+-----------------+----------------+
| G13      | G13(0.0)        | G13(0.0)        | G13(1.0)        | G13(1.0)       |
+----------+-----------------+-----------------+-----------------+----------------+
| G29      | G29(0.0)        | G29(1.0)        | G29(0.0)        | G29(1.0)       |
+----------+-----------------+-----------------+-----------------+----------------+
| G45(0.0) | 0.975524475524  | 0.913793103448  | 0.942687747036  | 0.231543624161 |
+----------+-----------------+-----------------+-----------------+----------------+
| G45(1.0) | 0.0244755244755 | 0.0862068965517 | 0.0573122529644 | 0.768456375839 |
+----------+-----------------+-----------------+-----------------+----------------+
+----------+----------------+------------------+
| G32      | G32(0.0)       | G32(1.0)         |
+----------+----------------+------------------+
| G46(0.0) | 0.182926829268 | 0.00814332247557 |
+----------+----------------+------------------+
| G46(1.0) | 0.817073170732 | 0.991856677524   |
+----------+----------------+------------------+
+----------+-----------------+---------------+----------------+-----------------+
| G45      | G45(0.0)        | G45(0.0)      | G45(1.0)       | G45(1.0)        |
+----------+-----------------+---------------+----------------+-----------------+
| G57      | G57(0.0)        | G57(1.0)      | G57(0.0)       | G57(1.0)        |
+----------+-----------------+---------------+----------------+-----------------+
| G47(0.0) | 0.0409836065574 | 0.46449704142 | 0.192307692308 | 0.949612403101  |
+----------+-----------------+---------------+----------------+-----------------+
| G47(1.0) | 0.959016393443  | 0.53550295858 | 0.807692307692 | 0.0503875968992 |
+----------+-----------------+---------------+----------------+-----------------+
+----------+-----------------+----------------+----------+----------------+
| G29      | G29(0.0)        | G29(0.0)       | G29(1.0) | G29(1.0)       |
+----------+-----------------+----------------+----------+----------------+
| G78      | G78(0.0)        | G78(1.0)       | G78(0.0) | G78(1.0)       |
+----------+-----------------+----------------+----------+----------------+
| G48(0.0) | 0.0668789808917 | 0.469523809524 | 0.5      | 0.846820809249 |
+----------+-----------------+----------------+----------+----------------+
| G48(1.0) | 0.933121019108  | 0.530476190476 | 0.5      | 0.153179190751 |
+----------+-----------------+----------------+----------+----------------+
+----------+----------------+----------------+-----------------+----------------+
| G11      | G11(0.0)       | G11(0.0)       | G11(1.0)        | G11(1.0)       |
+----------+----------------+----------------+-----------------+----------------+
| G45      | G45(0.0)       | G45(1.0)       | G45(0.0)        | G45(1.0)       |
+----------+----------------+----------------+-----------------+----------------+
| G49(0.0) | 0.745614035088 | 0.824324324324 | 0.0400907715582 | 0.557142857143 |
+----------+----------------+----------------+-----------------+----------------+
| G49(1.0) | 0.254385964912 | 0.175675675676 | 0.959909228442  | 0.442857142857 |
+----------+----------------+----------------+-----------------+----------------+
+----------+----------------+---------------+----------------+----------------+
| G72      | G72(0.0)       | G72(0.0)      | G72(1.0)       | G72(1.0)       |
+----------+----------------+---------------+----------------+----------------+
| G81      | G81(0.0)       | G81(1.0)      | G81(0.0)       | G81(1.0)       |
+----------+----------------+---------------+----------------+----------------+
| G75(0.0) | 0.824324324324 | 0.21270718232 | 0.192307692308 | 0.010333863275 |
+----------+----------------+---------------+----------------+----------------+
| G75(1.0) | 0.175675675676 | 0.78729281768 | 0.807692307692 | 0.989666136725 |
+----------+----------------+---------------+----------------+----------------+
+----------+----------------+------------------+----------+----------------+
| G68      | G68(0.0)       | G68(0.0)         | G68(1.0) | G68(1.0)       |
+----------+----------------+------------------+----------+----------------+
| G71      | G71(0.0)       | G71(1.0)         | G71(0.0) | G71(1.0)       |
+----------+----------------+------------------+----------+----------------+
| G74(0.0) | 0.722222222222 | 0.996863237139   | 0.5      | 0.852941176471 |
+----------+----------------+------------------+----------+----------------+
| G74(1.0) | 0.277777777778 | 0.00313676286073 | 0.5      | 0.147058823529 |
+----------+----------------+------------------+----------+----------------+
+----------+----------------+----------------+----------------+----------------+
| G19      | G19(0.0)       | G19(0.0)       | G19(1.0)       | G19(1.0)       |
+----------+----------------+----------------+----------------+----------------+
| G8       | G8(0.0)        | G8(1.0)        | G8(0.0)        | G8(1.0)        |
+----------+----------------+----------------+----------------+----------------+
| G77(0.0) | 0.346153846154 | 0.313664596273 | 0.603092783505 | 0.153631284916 |
+----------+----------------+----------------+----------------+----------------+
| G77(1.0) | 0.653846153846 | 0.686335403727 | 0.396907216495 | 0.846368715084 |
+----------+----------------+----------------+----------------+----------------+
+----------+----------------+----------------+---------------+------------------+
| G75      | G75(0.0)       | G75(0.0)       | G75(1.0)      | G75(1.0)         |
+----------+----------------+----------------+---------------+------------------+
| G9       | G9(0.0)        | G9(1.0)        | G9(0.0)       | G9(1.0)          |
+----------+----------------+----------------+---------------+------------------+
| G76(0.0) | 0.722222222222 | 0.384057971014 | 0.62389380531 | 0.990284005979   |
+----------+----------------+----------------+---------------+------------------+
| G76(1.0) | 0.277777777778 | 0.615942028986 | 0.37610619469 | 0.00971599402093 |
+----------+----------------+----------------+---------------+------------------+
+----------+-----------------+----------------+------------------+----------------+
| G100     | G100(0.0)       | G100(0.0)      | G100(1.0)        | G100(1.0)      |
+----------+-----------------+----------------+------------------+----------------+
| G68      | G68(0.0)        | G68(1.0)       | G68(0.0)         | G68(1.0)       |
+----------+-----------------+----------------+------------------+----------------+
| G71(0.0) | 0.0336787564767 | 0.824324324324 | 0.00407830342577 | 0.382352941176 |
+----------+-----------------+----------------+------------------+----------------+
| G71(1.0) | 0.966321243523  | 0.175675675676 | 0.995921696574   | 0.617647058824 |
+----------+-----------------+----------------+------------------+----------------+
+----------+----------------+----------------+----------+------------------+
| G91      | G91(0.0)       | G91(0.0)       | G91(1.0) | G91(1.0)         |
+----------+----------------+----------------+----------+------------------+
| G92      | G92(0.0)       | G92(1.0)       | G92(0.0) | G92(1.0)         |
+----------+----------------+----------------+----------+------------------+
| G70(0.0) | 0.277777777778 | 0.217647058824 | 0.5      | 0.996371552975   |
+----------+----------------+----------------+----------+------------------+
| G70(1.0) | 0.722222222222 | 0.782352941176 | 0.5      | 0.00362844702467 |
+----------+----------------+----------------+----------+------------------+
+----------+----------+----------------+-----------------+----------------+
| G43      | G43(0.0) | G43(0.0)       | G43(1.0)        | G43(1.0)       |
+----------+----------+----------------+-----------------+----------------+
| G79      | G79(0.0) | G79(1.0)       | G79(0.0)        | G79(1.0)       |
+----------+----------+----------------+-----------------+----------------+
| G73(0.0) | 0.5      | 0.138095238095 | 0.924489795918  | 0.504024144869 |
+----------+----------+----------------+-----------------+----------------+
| G73(1.0) | 0.5      | 0.861904761905 | 0.0755102040816 | 0.495975855131 |
+----------+----------+----------------+-----------------+----------------+
+----------+----------------+-----------------+----------------+-----------------+
| G13      | G13(0.0)       | G13(0.0)        | G13(1.0)       | G13(1.0)        |
+----------+----------------+-----------------+----------------+-----------------+
| G84      | G84(0.0)       | G84(1.0)        | G84(0.0)       | G84(1.0)        |
+----------+----------------+-----------------+----------------+-----------------+
| G72(0.0) | 0.271883289125 | 0.969135802469  | 0.095567867036 | 0.0609756097561 |
+----------+----------------+-----------------+----------------+-----------------+
| G72(1.0) | 0.728116710875 | 0.0308641975309 | 0.904432132964 | 0.939024390244  |
+----------+----------------+-----------------+----------------+-----------------+
+----------+----------------+-----------------+-----------------+----------+
| G30      | G30(0.0)       | G30(0.0)        | G30(1.0)        | G30(1.0) |
+----------+----------------+-----------------+-----------------+----------+
| G67      | G67(0.0)       | G67(1.0)        | G67(0.0)        | G67(1.0) |
+----------+----------------+-----------------+-----------------+----------+
| G79(0.0) | 0.142135642136 | 0.970588235294  | 0.967532467532  | 0.5      |
+----------+----------------+-----------------+-----------------+----------+
| G79(1.0) | 0.857864357864 | 0.0294117647059 | 0.0324675324675 | 0.5      |
+----------+----------------+-----------------+-----------------+----------+
+----------+-----------------+----------------+---------------+-----------------+
| G75      | G75(0.0)        | G75(0.0)       | G75(1.0)      | G75(1.0)        |
+----------+-----------------+----------------+---------------+-----------------+
| G80      | G80(0.0)        | G80(1.0)       | G80(0.0)      | G80(1.0)        |
+----------+-----------------+----------------+---------------+-----------------+
| G78(0.0) | 0.913793103448  | 0.785714285714 | 0.56015037594 | 0.0346687211094 |
+----------+-----------------+----------------+---------------+-----------------+
| G78(1.0) | 0.0862068965517 | 0.214285714286 | 0.43984962406 | 0.965331278891  |
+----------+-----------------+----------------+---------------+-----------------+
+----------+----------------+------------------+-----------------+----------------+
| G62      | G62(0.0)       | G62(0.0)         | G62(1.0)        | G62(1.0)       |
+----------+----------------+------------------+-----------------+----------------+
| G72      | G72(0.0)       | G72(1.0)         | G72(0.0)        | G72(1.0)       |
+----------+----------------+------------------+-----------------+----------------+
| G68(0.0) | 0.731213872832 | 0.996050552923   | 0.944444444444  | 0.722222222222 |
+----------+----------------+------------------+-----------------+----------------+
| G68(1.0) | 0.268786127168 | 0.00394944707741 | 0.0555555555556 | 0.277777777778 |
+----------+----------------+------------------+-----------------+----------------+
+----------+----------------+---------------+----------------+----------------+
| G23      | G23(0.0)       | G23(0.0)      | G23(1.0)       | G23(1.0)       |
+----------+----------------+---------------+----------------+----------------+
| G79      | G79(0.0)       | G79(1.0)      | G79(0.0)       | G79(1.0)       |
+----------+----------------+---------------+----------------+----------------+
| G69(0.0) | 0.214285714286 | 0.15811965812 | 0.700956937799 | 0.203092783505 |
+----------+----------------+---------------+----------------+----------------+
| G69(1.0) | 0.785714285714 | 0.84188034188 | 0.299043062201 | 0.796907216495 |
+----------+----------------+---------------+----------------+----------------+
+----------+----------------+-----------------+-----------------+-----------------+
| G72      | G72(0.0)       | G72(0.0)        | G72(1.0)        | G72(1.0)        |
+----------+----------------+-----------------+-----------------+-----------------+
| G97      | G97(0.0)       | G97(1.0)        | G97(0.0)        | G97(1.0)        |
+----------+----------------+-----------------+-----------------+-----------------+
| G62(0.0) | 0.557971014493 | 0.902684563758  | 0.987804878049  | 0.985125858124  |
+----------+----------------+-----------------+-----------------+-----------------+
| G62(1.0) | 0.442028985507 | 0.0973154362416 | 0.0121951219512 | 0.0148741418764 |
+----------+----------------+-----------------+-----------------+-----------------+
+----------+----------+----------------+----------------+----------------+
| G51      | G51(0.0) | G51(0.0)       | G51(1.0)       | G51(1.0)       |
+----------+----------+----------------+----------------+----------------+
| G66      | G66(0.0) | G66(1.0)       | G66(0.0)       | G66(1.0)       |
+----------+----------+----------------+----------------+----------------+
| G63(0.0) | 0.5      | 0.134719710669 | 0.856164383562 | 0.296954314721 |
+----------+----------+----------------+----------------+----------------+
| G63(1.0) | 0.5      | 0.865280289331 | 0.143835616438 | 0.703045685279 |
+----------+----------+----------------+----------------+----------------+
+----------+------------------+-----------------+-----------------+----------+
| G62      | G62(0.0)         | G62(0.0)        | G62(1.0)        | G62(1.0) |
+----------+------------------+-----------------+-----------------+----------+
| G67      | G67(0.0)         | G67(1.0)        | G67(0.0)        | G67(1.0) |
+----------+------------------+-----------------+-----------------+----------+
| G60(0.0) | 0.00346740638003 | 0.923529411765  | 0.0510204081633 | 0.5      |
+----------+------------------+-----------------+-----------------+----------+
| G60(1.0) | 0.99653259362    | 0.0764705882353 | 0.948979591837  | 0.5      |
+----------+------------------+-----------------+-----------------+----------+
+----------+----------+-----------------+----------------+---------------+
| G42      | G42(0.0) | G42(0.0)        | G42(1.0)       | G42(1.0)      |
+----------+----------+-----------------+----------------+---------------+
| G46      | G46(0.0) | G46(1.0)        | G46(0.0)       | G46(1.0)      |
+----------+----------+-----------------+----------------+---------------+
| G61(0.0) | 0.5      | 0.98493543759   | 0.322222222222 | 0.62389380531 |
+----------+----------+-----------------+----------------+---------------+
| G61(1.0) | 0.5      | 0.0150645624103 | 0.677777777778 | 0.37610619469 |
+----------+----------+-----------------+----------------+---------------+
+----------+-----------------+----------+----------------+----------+
| G43      | G43(0.0)        | G43(0.0) | G43(1.0)       | G43(1.0) |
+----------+-----------------+----------+----------------+----------+
| G70      | G70(0.0)        | G70(1.0) | G70(0.0)       | G70(1.0) |
+----------+-----------------+----------+----------------+----------+
| G66(0.0) | 0.924242424242  | 0.5      | 0.031556802244 | 0.5      |
+----------+-----------------+----------+----------------+----------+
| G66(1.0) | 0.0757575757576 | 0.5      | 0.968443197756 | 0.5      |
+----------+-----------------+----------+----------------+----------+
+----------+----------+
| G67(0.0) | 0.895349 |
+----------+----------+
| G67(1.0) | 0.104651 |
+----------+----------+
+----------+----------------+----------+----------------+-----------------+
| G17      | G17(0.0)       | G17(0.0) | G17(1.0)       | G17(1.0)        |
+----------+----------------+----------+----------------+-----------------+
| G27      | G27(0.0)       | G27(1.0) | G27(0.0)       | G27(1.0)        |
+----------+----------------+----------+----------------+-----------------+
| G64(0.0) | 0.731884057971 | 0.5      | 0.216738197425 | 0.0262206148282 |
+----------+----------------+----------+----------------+-----------------+
| G64(1.0) | 0.268115942029 | 0.5      | 0.783261802575 | 0.973779385172  |
+----------+----------------+----------+----------------+-----------------+
+----------+----------------+----------------+-----------------+----------------+
| G2       | G2(0.0)        | G2(0.0)        | G2(1.0)         | G2(1.0)        |
+----------+----------------+----------------+-----------------+----------------+
| G53      | G53(0.0)       | G53(1.0)       | G53(0.0)        | G53(1.0)       |
+----------+----------------+----------------+-----------------+----------------+
| G65(0.0) | 0.214285714286 | 0.794736842105 | 0.0324675324675 | 0.513363028953 |
+----------+----------------+----------------+-----------------+----------------+
| G65(1.0) | 0.785714285714 | 0.205263157895 | 0.967532467532  | 0.486636971047 |
+----------+----------------+----------------+-----------------+----------------+
+-----------+----------------+----------------+
| G68       | G68(0.0)       | G68(1.0)       |
+-----------+----------------+----------------+
| G100(0.0) | 0.239454094293 | 0.685185185185 |
+-----------+----------------+----------------+
| G100(1.0) | 0.760545905707 | 0.314814814815 |
+-----------+----------------+----------------+
+----------+----------------+-----------------+-----------------+----------------+
| G35      | G35(0.0)       | G35(0.0)        | G35(1.0)        | G35(1.0)       |
+----------+----------------+-----------------+-----------------+----------------+
| G90      | G90(0.0)       | G90(1.0)        | G90(0.0)        | G90(1.0)       |
+----------+----------------+-----------------+-----------------+----------------+
| G19(0.0) | 0.766666666667 | 0.0612009237875 | 0.967532467532  | 0.296721311475 |
+----------+----------------+-----------------+-----------------+----------------+
| G19(1.0) | 0.233333333333 | 0.938799076212  | 0.0324675324675 | 0.703278688525 |
+----------+----------------+-----------------+-----------------+----------------+
+----------+----------------+----------------+----------------+---------------+
| G51      | G51(0.0)       | G51(0.0)       | G51(1.0)       | G51(1.0)      |
+----------+----------------+----------------+----------------+---------------+
| G53      | G53(0.0)       | G53(1.0)       | G53(0.0)       | G53(1.0)      |
+----------+----------------+----------------+----------------+---------------+
| G18(0.0) | 0.617647058824 | 0.143979057592 | 0.830275229358 | 0.33850931677 |
+----------+----------------+----------------+----------------+---------------+
| G18(1.0) | 0.382352941176 | 0.856020942408 | 0.169724770642 | 0.66149068323 |
+----------+----------------+----------------+----------------+---------------+
+----------+-----------------+----------------+-----------------+-----------------+
| G54      | G54(0.0)        | G54(0.0)       | G54(1.0)        | G54(1.0)        |
+----------+-----------------+----------------+-----------------+-----------------+
| G87      | G87(0.0)        | G87(1.0)       | G87(0.0)        | G87(1.0)        |
+----------+-----------------+----------------+-----------------+-----------------+
| G17(0.0) | 0.0238095238095 | 0.456204379562 | 0.0047619047619 | 0.0698924731183 |
+----------+-----------------+----------------+-----------------+-----------------+
| G17(1.0) | 0.97619047619   | 0.543795620438 | 0.995238095238  | 0.930107526882  |
+----------+-----------------+----------------+-----------------+-----------------+
+----------+----------------+-----------------+----------------+-----------------+
| G51      | G51(0.0)       | G51(0.0)        | G51(1.0)       | G51(1.0)        |
+----------+----------------+-----------------+----------------+-----------------+
| G70      | G70(0.0)       | G70(1.0)        | G70(0.0)       | G70(1.0)        |
+----------+----------------+-----------------+----------------+-----------------+
| G16(0.0) | 0.214285714286 | 0.0675675675676 | 0.717616580311 | 0.0324675324675 |
+----------+----------------+-----------------+----------------+-----------------+
| G16(1.0) | 0.785714285714 | 0.932432432432  | 0.282383419689 | 0.967532467532  |
+----------+----------------+-----------------+----------------+-----------------+
+----------+----------------+----------------+----------------+-----------------+
| G72      | G72(0.0)       | G72(0.0)       | G72(1.0)       | G72(1.0)        |
+----------+----------------+----------------+----------------+-----------------+
| G76      | G76(0.0)       | G76(1.0)       | G76(0.0)       | G76(1.0)        |
+----------+----------------+----------------+----------------+-----------------+
| G15(0.0) | 0.257575757576 | 0.122641509434 | 0.769550748752 | 0.0609756097561 |
+----------+----------------+----------------+----------------+-----------------+
| G15(1.0) | 0.742424242424 | 0.877358490566 | 0.230449251248 | 0.939024390244  |
+----------+----------------+----------------+----------------+-----------------+
+----------+----------------+----------------+---------------+----------------+
| G34      | G34(0.0)       | G34(0.0)       | G34(1.0)      | G34(1.0)       |
+----------+----------------+----------------+---------------+----------------+
| G87      | G87(0.0)       | G87(1.0)       | G87(0.0)      | G87(1.0)       |
+----------+----------------+----------------+---------------+----------------+
| G14(0.0) | 0.233905579399 | 0.777456647399 | 0.18765743073 | 0.535087719298 |
+----------+----------------+----------------+---------------+----------------+
| G14(1.0) | 0.766094420601 | 0.222543352601 | 0.81234256927 | 0.464912280702 |
+----------+----------------+----------------+---------------+----------------+
+----------+----------------+----------------+-----------------+-----------------+
| G42      | G42(0.0)       | G42(0.0)       | G42(1.0)        | G42(1.0)        |
+----------+----------------+----------------+-----------------+-----------------+
| G9       | G9(0.0)        | G9(1.0)        | G9(0.0)         | G9(1.0)         |
+----------+----------------+----------------+-----------------+-----------------+
| G13(0.0) | 0.198924731183 | 0.700328407225 | 0.0862068965517 | 0.0813953488372 |
+----------+----------------+----------------+-----------------+-----------------+
| G13(1.0) | 0.801075268817 | 0.299671592775 | 0.913793103448  | 0.918604651163  |
+----------+----------------+----------------+-----------------+-----------------+
+----------+----------------+----------------+----------------+----------------+
| G79      | G79(0.0)       | G79(0.0)       | G79(1.0)       | G79(1.0)       |
+----------+----------------+----------------+----------------+----------------+
| G9       | G9(0.0)        | G9(1.0)        | G9(0.0)        | G9(1.0)        |
+----------+----------------+----------------+----------------+----------------+
| G12(0.0) | 0.144444444444 | 0.518779342723 | 0.188311688312 | 0.865714285714 |
+----------+----------------+----------------+----------------+----------------+
| G12(1.0) | 0.855555555556 | 0.481220657277 | 0.811688311688 | 0.134285714286 |
+----------+----------------+----------------+----------------+----------------+
+----------+----------------+-----------------+-----------------+-----------------+
| G46      | G46(0.0)       | G46(0.0)        | G46(1.0)        | G46(1.0)        |
+----------+----------------+-----------------+-----------------+-----------------+
| G97      | G97(0.0)       | G97(1.0)        | G97(0.0)        | G97(1.0)        |
+----------+----------------+-----------------+-----------------+-----------------+
| G11(0.0) | 0.722222222222 | 0.939024390244  | 0.0245283018868 | 0.0779816513761 |
+----------+----------------+-----------------+-----------------+-----------------+
| G11(1.0) | 0.277777777778 | 0.0609756097561 | 0.975471698113  | 0.922018348624  |
+----------+----------------+-----------------+-----------------+-----------------+
+----------+-----------------+----------------+-----------------+-----------------+
| G42      | G42(0.0)        | G42(0.0)       | G42(1.0)        | G42(1.0)        |
+----------+-----------------+----------------+-----------------+-----------------+
| G9       | G9(0.0)         | G9(1.0)        | G9(0.0)         | G9(1.0)         |
+----------+-----------------+----------------+-----------------+-----------------+
| G10(0.0) | 0.0698924731183 | 0.522988505747 | 0.0862068965517 | 0.980620155039  |
+----------+-----------------+----------------+-----------------+-----------------+
| G10(1.0) | 0.930107526882  | 0.477011494253 | 0.913793103448  | 0.0193798449612 |
+----------+-----------------+----------------+-----------------+-----------------+
+----------+----------------+----------+----------------+----------------+
| G46      | G46(0.0)       | G46(0.0) | G46(1.0)       | G46(1.0)       |
+----------+----------------+----------+----------------+----------------+
| G67      | G67(0.0)       | G67(1.0) | G67(0.0)       | G67(1.0)       |
+----------+----------------+----------+----------------+----------------+
| G97(0.0) | 0.144444444444 | 0.5      | 0.301379310345 | 0.547058823529 |
+----------+----------------+----------+----------------+----------------+
| G97(1.0) | 0.855555555556 | 0.5      | 0.698620689655 | 0.452941176471 |
+----------+----------------+----------+----------------+----------------+
+----------+----------------+----------------+----------------+----------------+
| G17      | G17(0.0)       | G17(0.0)       | G17(1.0)       | G17(1.0)       |
+----------+----------------+----------------+----------------+----------------+
| G2       | G2(0.0)        | G2(1.0)        | G2(0.0)        | G2(1.0)        |
+----------+----------------+----------------+----------------+----------------+
| G96(0.0) | 0.766666666667 | 0.362068965517 | 0.354671280277 | 0.270623742455 |
+----------+----------------+----------------+----------------+----------------+
| G96(1.0) | 0.233333333333 | 0.637931034483 | 0.645328719723 | 0.729376257545 |
+----------+----------------+----------------+----------------+----------------+
+----------+-----------------+----------+------------------+----------+
| G17      | G17(0.0)        | G17(0.0) | G17(1.0)         | G17(1.0) |
+----------+-----------------+----------+------------------+----------+
| G93      | G93(0.0)        | G93(1.0) | G93(0.0)         | G93(1.0) |
+----------+-----------------+----------+------------------+----------+
| G95(0.0) | 0.959016393443  | 0.5      | 0.991677336748   | 0.5      |
+----------+-----------------+----------+------------------+----------+
| G95(1.0) | 0.0409836065574 | 0.5      | 0.00832266325224 | 0.5      |
+----------+-----------------+----------+------------------+----------+
+----------+----------------+-----------------+----------------+----------------+
| G38      | G38(0.0)       | G38(0.0)        | G38(1.0)       | G38(1.0)       |
+----------+----------------+-----------------+----------------+----------------+
| G64      | G64(0.0)       | G64(1.0)        | G64(0.0)       | G64(1.0)       |
+----------+----------------+-----------------+----------------+----------------+
| G94(0.0) | 0.198630136986 | 0.0152394775036 | 0.855555555556 | 0.349056603774 |
+----------+----------------+-----------------+----------------+----------------+
| G94(1.0) | 0.801369863014 | 0.984760522496  | 0.144444444444 | 0.650943396226 |
+----------+----------------+-----------------+----------------+----------------+
+----------+----------------+----------+------------------+----------------+
| G17      | G17(0.0)       | G17(0.0) | G17(1.0)         | G17(1.0)       |
+----------+----------------+----------+------------------+----------------+
| G99      | G99(0.0)       | G99(1.0) | G99(0.0)         | G99(1.0)       |
+----------+----------------+----------+------------------+----------------+
| G93(0.0) | 0.847826086957 | 0.5      | 0.996732026144   | 0.880952380952 |
+----------+----------------+----------+------------------+----------------+
| G93(1.0) | 0.152173913043 | 0.5      | 0.00326797385621 | 0.119047619048 |
+----------+----------------+----------+------------------+----------------+
+----------+----------------+-----------------+-----------------+---------------+
| G29      | G29(0.0)       | G29(0.0)        | G29(1.0)        | G29(1.0)      |
+----------+----------------+-----------------+-----------------+---------------+
| G41      | G41(0.0)       | G41(1.0)        | G41(0.0)        | G41(1.0)      |
+----------+----------------+-----------------+-----------------+---------------+
| G92(0.0) | 0.785714285714 | 0.0102685624013 | 0.0609756097561 | 0.28102189781 |
+----------+----------------+-----------------+-----------------+---------------+
| G92(1.0) | 0.214285714286 | 0.989731437599  | 0.939024390244  | 0.71897810219 |
+----------+----------------+-----------------+-----------------+---------------+
+----------+-----------------+----------+-----------------+------------------+
| G46      | G46(0.0)        | G46(0.0) | G46(1.0)        | G46(1.0)         |
+----------+-----------------+----------+-----------------+------------------+
| G83      | G83(0.0)        | G83(1.0) | G83(0.0)        | G83(1.0)         |
+----------+-----------------+----------+-----------------+------------------+
| G91(0.0) | 0.0555555555556 | 0.5      | 0.970588235294  | 0.00896551724138 |
+----------+-----------------+----------+-----------------+------------------+
| G91(1.0) | 0.944444444444  | 0.5      | 0.0294117647059 | 0.991034482759   |
+----------+-----------------+----------+-----------------+------------------+
+----------+----------------+-----------------+----------------+------------------+
| G13      | G13(0.0)       | G13(0.0)        | G13(1.0)       | G13(1.0)         |
+----------+----------------+-----------------+----------------+------------------+
| G79      | G79(0.0)       | G79(1.0)        | G79(0.0)       | G79(1.0)         |
+----------+----------------+-----------------+----------------+------------------+
| G90(0.0) | 0.174418604651 | 0.0197568389058 | 0.701550387597 | 0.00915750915751 |
+----------+----------------+-----------------+----------------+------------------+
| G90(1.0) | 0.825581395349 | 0.980243161094  | 0.298449612403 | 0.990842490842   |
+----------+----------------+-----------------+----------------+------------------+
+----------+----------+----------------+------------------+----------+
| G71      | G71(0.0) | G71(0.0)       | G71(1.0)         | G71(1.0) |
+----------+----------+----------------+------------------+----------+
| G74      | G74(0.0) | G74(1.0)       | G74(0.0)         | G74(1.0) |
+----------+----------+----------------+------------------+----------+
| G99(0.0) | 0.9      | 0.119047619048 | 0.996909765142   | 0.5      |
+----------+----------+----------------+------------------+----------+
| G99(1.0) | 0.1      | 0.880952380952 | 0.00309023485785 | 0.5      |
+----------+----------+----------------+------------------+----------+
+----------+----------------+-----------------+-----------------+-----------------+
| G84      | G84(0.0)       | G84(0.0)        | G84(1.0)        | G84(1.0)        |
+----------+----------------+-----------------+-----------------+-----------------+
| G92      | G92(0.0)       | G92(1.0)        | G92(0.0)        | G92(1.0)        |
+----------+----------------+-----------------+-----------------+-----------------+
| G98(0.0) | 0.855555555556 | 0.0728715728716 | 0.0609756097561 | 0.969135802469  |
+----------+----------------+-----------------+-----------------+-----------------+
| G98(1.0) | 0.144444444444 | 0.927128427128  | 0.939024390244  | 0.0308641975309 |
+----------+----------------+-----------------+-----------------+-----------------+
+----------+----------------+-----------------+----------------+-----------------+
| G51      | G51(0.0)       | G51(0.0)        | G51(1.0)       | G51(1.0)        |
+----------+----------------+-----------------+----------------+-----------------+
| G67      | G67(0.0)       | G67(1.0)        | G67(0.0)       | G67(1.0)        |
+----------+----------------+-----------------+----------------+-----------------+
| G31(0.0) | 0.795748613678 | 0.0510204081633 | 0.220524017467 | 0.0609756097561 |
+----------+----------------+-----------------+----------------+-----------------+
| G31(1.0) | 0.204251386322 | 0.948979591837  | 0.779475982533 | 0.939024390244  |
+----------+----------------+-----------------+----------------+-----------------+
+----------+-----------------+----------------+-----------------+-----------------+
| G11      | G11(0.0)        | G11(0.0)       | G11(1.0)        | G11(1.0)        |
+----------+-----------------+----------------+-----------------+-----------------+
| G32      | G32(0.0)        | G32(1.0)       | G32(0.0)        | G32(1.0)        |
+----------+-----------------+----------------+-----------------+-----------------+
| G30(0.0) | 0.944444444444  | 0.295918367347 | 0.987562189055  | 0.924778761062  |
+----------+-----------------+----------------+-----------------+-----------------+
| G30(1.0) | 0.0555555555556 | 0.704081632653 | 0.0124378109453 | 0.0752212389381 |
+----------+-----------------+----------------+-----------------+-----------------+
+----------+----------------+----------------+----------------+----------------+
| G1       | G1(0.0)        | G1(0.0)        | G1(1.0)        | G1(1.0)        |
+----------+----------------+----------------+----------------+----------------+
| G54      | G54(0.0)       | G54(1.0)       | G54(0.0)       | G54(1.0)       |
+----------+----------------+----------------+----------------+----------------+
| G33(0.0) | 0.452941176471 | 0.330845771144 | 0.474522292994 | 0.178657074341 |
+----------+----------------+----------------+----------------+----------------+
| G33(1.0) | 0.547058823529 | 0.669154228856 | 0.525477707006 | 0.821342925659 |
+----------+----------------+----------------+----------------+----------------+
+----------+----------+
| G32(0.0) | 0.286047 |
+----------+----------+
| G32(1.0) | 0.713953 |
+----------+----------+
+----------+----------------+----------------+----------------+----------------+
| G31      | G31(0.0)       | G31(0.0)       | G31(1.0)       | G31(1.0)       |
+----------+----------------+----------------+----------------+----------------+
| G83      | G83(0.0)       | G83(1.0)       | G83(0.0)       | G83(1.0)       |
+----------+----------------+----------------+----------------+----------------+
| G35(0.0) | 0.615942028986 | 0.763788968825 | 0.827868852459 | 0.212460063898 |
+----------+----------------+----------------+----------------+----------------+
| G35(1.0) | 0.384057971014 | 0.236211031175 | 0.172131147541 | 0.787539936102 |
+----------+----------------+----------------+----------------+----------------+
+----------+----------------+----------------+----------------+----------------+
| G21      | G21(0.0)       | G21(0.0)       | G21(1.0)       | G21(1.0)       |
+----------+----------------+----------------+----------------+----------------+
| G87      | G87(0.0)       | G87(1.0)       | G87(0.0)       | G87(1.0)       |
+----------+----------------+----------------+----------------+----------------+
| G34(0.0) | 0.580996884735 | 0.785714285714 | 0.150485436893 | 0.673913043478 |
+----------+----------------+----------------+----------------+----------------+
| G34(1.0) | 0.419003115265 | 0.214285714286 | 0.849514563107 | 0.326086956522 |
+----------+----------------+----------------+----------------+----------------+
+----------+----------------+----------------+----------------+------------------+
| G17      | G17(0.0)       | G17(0.0)       | G17(1.0)       | G17(1.0)         |
+----------+----------------+----------------+----------------+------------------+
| G83      | G83(0.0)       | G83(1.0)       | G83(0.0)       | G83(1.0)         |
+----------+----------------+----------------+----------------+------------------+
| G37(0.0) | 0.852941176471 | 0.535087719298 | 0.659292035398 | 0.00965824665676 |
+----------+----------------+----------------+----------------+------------------+
| G37(1.0) | 0.147058823529 | 0.464912280702 | 0.340707964602 | 0.990341753343   |
+----------+----------------+----------------+----------------+------------------+
+----------+----------------+----------------+----------------+---------------+
| G22      | G22(0.0)       | G22(0.0)       | G22(1.0)       | G22(1.0)      |
+----------+----------------+----------------+----------------+---------------+
| G5       | G5(0.0)        | G5(1.0)        | G5(0.0)        | G5(1.0)       |
+----------+----------------+----------------+----------------+---------------+
| G36(0.0) | 0.876811594203 | 0.527397260274 | 0.113114754098 | 0.13503649635 |
+----------+----------------+----------------+----------------+---------------+
| G36(1.0) | 0.123188405797 | 0.472602739726 | 0.886885245902 | 0.86496350365 |
+----------+----------------+----------------+----------------+---------------+
+----------+----------------+----------+----------------+------------------+
| G46      | G46(0.0)       | G46(0.0) | G46(1.0)       | G46(1.0)         |
+----------+----------------+----------+----------------+------------------+
| G83      | G83(0.0)       | G83(1.0) | G83(0.0)       | G83(1.0)         |
+----------+----------------+----------+----------------+------------------+
| G39(0.0) | 0.766666666667 | 0.5      | 0.688235294118 | 0.00896551724138 |
+----------+----------------+----------+----------------+------------------+
| G39(1.0) | 0.233333333333 | 0.5      | 0.311764705882 | 0.991034482759   |
+----------+----------------+----------+----------------+------------------+
+----------+-----------------+----------------+-----------------+----------------+
| G26      | G26(0.0)        | G26(0.0)       | G26(1.0)        | G26(1.0)       |
+----------+-----------------+----------------+-----------------+----------------+
| G87      | G87(0.0)        | G87(1.0)       | G87(0.0)        | G87(1.0)       |
+----------+-----------------+----------------+-----------------+----------------+
| G38(0.0) | 0.975247524752  | 0.311764705882 | 0.987712665406  | 0.789655172414 |
+----------+-----------------+----------------+-----------------+----------------+
| G38(1.0) | 0.0247524752475 | 0.688235294118 | 0.0122873345936 | 0.210344827586 |
+----------+-----------------+----------------+-----------------+----------------+
+----------+---------------+------------------+----------------+----------------+
| G12      | G12(0.0)      | G12(0.0)         | G12(1.0)       | G12(1.0)       |
+----------+---------------+------------------+----------------+----------------+
| G79      | G79(0.0)      | G79(1.0)         | G79(0.0)       | G79(1.0)       |
+----------+---------------+------------------+----------------+----------------+
| G84(0.0) | 0.84188034188 | 0.994669509595   | 0.386524822695 | 0.890977443609 |
+----------+---------------+------------------+----------------+----------------+
| G84(1.0) | 0.15811965812 | 0.00533049040512 | 0.613475177305 | 0.109022556391 |
+----------+---------------+------------------+----------------+----------------+
+----------+----------------+----------+----------------+----------------+
| G12      | G12(0.0)       | G12(0.0) | G12(1.0)       | G12(1.0)       |
+----------+----------------+----------+----------------+----------------+
| G57      | G57(0.0)       | G57(1.0) | G57(0.0)       | G57(1.0)       |
+----------+----------------+----------+----------------+----------------+
| G85(0.0) | 0.016049382716 | 0.5      | 0.372611464968 | 0.773504273504 |
+----------+----------------+----------+----------------+----------------+
| G85(1.0) | 0.983950617284 | 0.5      | 0.627388535032 | 0.226495726496 |
+----------+----------------+----------+----------------+----------------+
+----------+----------------+----------------+-----------------+-----------------+
| G43      | G43(0.0)       | G43(0.0)       | G43(1.0)        | G43(1.0)        |
+----------+----------------+----------------+-----------------+-----------------+
| G88      | G88(0.0)       | G88(1.0)       | G88(0.0)        | G88(1.0)        |
+----------+----------------+----------------+-----------------+-----------------+
| G86(0.0) | 0.722222222222 | 0.536697247706 | 0.965753424658  | 0.0575485799701 |
+----------+----------------+----------------+-----------------+-----------------+
| G86(1.0) | 0.277777777778 | 0.463302752294 | 0.0342465753425 | 0.94245142003   |
+----------+----------------+----------------+-----------------+-----------------+
+----------+-----------------+----------------+-----------------+-----------------+
| G22      | G22(0.0)        | G22(0.0)       | G22(1.0)        | G22(1.0)        |
+----------+-----------------+----------------+-----------------+-----------------+
| G54      | G54(0.0)        | G54(1.0)       | G54(0.0)        | G54(1.0)        |
+----------+-----------------+----------------+-----------------+-----------------+
| G87(0.0) | 0.0973154362416 | 0.693308550186 | 0.97311827957   | 0.969914040115  |
+----------+-----------------+----------------+-----------------+-----------------+
| G87(1.0) | 0.902684563758  | 0.306691449814 | 0.0268817204301 | 0.0300859598854 |
+----------+-----------------+----------------+-----------------+-----------------+
+----------+-----------------+----------+----------------+----------------+
| G38      | G38(0.0)        | G38(0.0) | G38(1.0)       | G38(1.0)       |
+----------+-----------------+----------+----------------+----------------+
| G58      | G58(0.0)        | G58(1.0) | G58(0.0)       | G58(1.0)       |
+----------+-----------------+----------+----------------+----------------+
| G80(0.0) | 0.0509601181684 | 0.5      | 0.863636363636 | 0.880952380952 |
+----------+-----------------+----------+----------------+----------------+
| G80(1.0) | 0.949039881832  | 0.5      | 0.136363636364 | 0.119047619048 |
+----------+-----------------+----------+----------------+----------------+
+----------+----------+----------------+-----------------+----------+
| G71      | G71(0.0) | G71(0.0)       | G71(1.0)        | G71(1.0) |
+----------+----------+----------------+-----------------+----------+
| G99      | G99(0.0) | G99(1.0)       | G99(0.0)        | G99(1.0) |
+----------+----------+----------------+-----------------+----------+
| G81(0.0) | 0.58     | 0.880952380952 | 0.0179233621755 | 0.5      |
+----------+----------+----------------+-----------------+----------+
| G81(1.0) | 0.42     | 0.119047619048 | 0.982076637824  | 0.5      |
+----------+----------+----------------+-----------------+----------+
+----------+----------------+-----------------+----------------+----------------+
| G75      | G75(0.0)       | G75(0.0)        | G75(1.0)       | G75(1.0)       |
+----------+----------------+-----------------+----------------+----------------+
| G91      | G91(0.0)       | G91(1.0)        | G91(0.0)       | G91(1.0)       |
+----------+----------------+-----------------+----------------+----------------+
| G82(0.0) | 0.722222222222 | 0.905797101449  | 0.547058823529 | 0.152797704448 |
+----------+----------------+-----------------+----------------+----------------+
| G82(1.0) | 0.277777777778 | 0.0942028985507 | 0.452941176471 | 0.847202295552 |
+----------+----------------+-----------------+----------------+----------------+
+----------+-----------------+----------+------------------+----------------+
| G11      | G11(0.0)        | G11(0.0) | G11(1.0)         | G11(1.0)       |
+----------+-----------------+----------+------------------+----------------+
| G62      | G62(0.0)        | G62(1.0) | G62(0.0)         | G62(1.0)       |
+----------+-----------------+----------+------------------+----------------+
| G83(0.0) | 0.926966292135  | 0.5      | 0.00348675034868 | 0.867346938776 |
+----------+-----------------+----------+------------------+----------------+
| G83(1.0) | 0.0730337078652 | 0.5      | 0.996513249651   | 0.132653061224 |
+----------+-----------------+----------+------------------+----------------+
+----------+----------+-----------------+----------------+-----------------+
| G30      | G30(0.0) | G30(0.0)        | G30(1.0)       | G30(1.0)        |
+----------+----------+-----------------+----------------+-----------------+
| G98      | G98(0.0) | G98(1.0)        | G98(0.0)       | G98(1.0)        |
+----------+----------+-----------------+----------------+-----------------+
| G88(0.0) | 0.18     | 0.0283307810107 | 0.855555555556 | 0.0675675675676 |
+----------+----------+-----------------+----------------+-----------------+
| G88(1.0) | 0.82     | 0.971669218989  | 0.144444444444 | 0.932432432432  |
+----------+----------+-----------------+----------------+-----------------+
+----------+----------------+-----------------+-----------------+-----------------+
| G79      | G79(0.0)       | G79(0.0)        | G79(1.0)        | G79(1.0)        |
+----------+----------------+-----------------+-----------------+-----------------+
| G80      | G80(0.0)       | G80(1.0)        | G80(0.0)        | G80(1.0)        |
+----------+----------------+-----------------+-----------------+-----------------+
| G89(0.0) | 0.743902439024 | 0.970046082949  | 0.0537190082645 | 0.961538461538  |
+----------+----------------+-----------------+-----------------+-----------------+
| G89(1.0) | 0.256097560976 | 0.0299539170507 | 0.946280991736  | 0.0384615384615 |
+----------+----------------+-----------------+-----------------+-----------------+
