[('G26', 'G27'), ('G26', 'G5'), ('G26', 'G35'), ('G26', 'G34'), ('G26', 'G30'), ('G26', 'G98'), ('G27', 'G100'), ('G27', 'G50'), ('G27', 'G34'), ('G27', 'G28'), ('G27', 'G2'), ('G22', 'G97'), ('G23', 'G24'), ('G23', 'G72'), ('G21', 'G62'), ('G21', 'G60'), ('G21', 'G81'), ('G21', 'G99'), ('G28', 'G29'), ('G28', 'G54'), ('G29', 'G55'), ('G29', 'G1'), ('G7', 'G38'), ('G7', 'G68'), ('G7', 'G15'), ('G7', 'G81'), ('G7', 'G20'), ('G5', 'G54'), ('G5', 'G2'), ('G5', 'G8'), ('G5', 'G90'), ('G5', 'G36'), ('G2', 'G7'), ('G2', 'G82'), ('G1', 'G31'), ('G9', 'G41'), ('G9', 'G43'), ('G9', 'G78'), ('G9', 'G45'), ('G8', 'G82'), ('G53', 'G48'), ('G53', 'G22'), ('G53', 'G86'), ('G53', 'G57'), ('G53', 'G83'), ('G52', 'G48'), ('G51', 'G33'), ('G51', 'G66'), ('G50', 'G31'), ('G50', 'G36'), ('G50', 'G83'), ('G57', 'G43'), ('G56', 'G42'), ('G41', 'G4'), ('G41', 'G76'), ('G41', 'G84'), ('G41', 'G51'), ('G41', 'G50'), ('G41', 'G16'), ('G41', 'G89'), ('G42', 'G88'), ('G42', 'G71'), ('G42', 'G65'), ('G43', 'G44'), ('G43', 'G45'), ('G43', 'G91'), ('G43', 'G62'), ('G43', 'G64'), ('G43', 'G10'), ('G44', 'G19'), ('G44', 'G64'), ('G45', 'G63'), ('G46', 'G24'), ('G46', 'G22'), ('G46', 'G37'), ('G46', 'G41'), ('G46', 'G47'), ('G46', 'G53'), ('G46', 'G52'), ('G46', 'G18'), ('G46', 'G49'), ('G46', 'G60'), ('G46', 'G98'), ('G47', 'G53'), ('G48', 'G69'), ('G49', 'G58'), ('G49', 'G28'), ('G74', 'G23'), ('G77', 'G76'), ('G76', 'G89'), ('G71', 'G74'), ('G71', 'G67'), ('G73', 'G25'), ('G72', 'G77'), ('G72', 'G70'), ('G78', 'G33'), ('G78', 'G79'), ('G69', 'G68'), ('G69', 'G23'), ('G69', 'G73'), ('G63', 'G59'), ('G63', 'G80'), ('G63', 'G78'), ('G60', 'G86'), ('G60', 'G18'), ('G60', 'G65'), ('G61', 'G7'), ('G66', 'G75'), ('G66', 'G61'), ('G66', 'G67'), ('G67', 'G40'), ('G64', 'G75'), ('G64', 'G63'), ('G64', 'G94'), ('G64', 'G92'), ('G65', 'G97'), ('G100', 'G49'), ('G100', 'G8'), ('G100', 'G57'), ('G100', 'G70'), ('G100', 'G10'), ('G19', 'G38'), ('G19', 'G58'), ('G18', 'G52'), ('G18', 'G51'), ('G18', 'G66'), ('G16', 'G1'), ('G10', 'G44'), ('G10', 'G56'), ('G10', 'G12'), ('G94', 'G59'), ('G94', 'G79'), ('G94', 'G95'), ('G93', 'G27'), ('G93', 'G46'), ('G93', 'G9'), ('G93', 'G95'), ('G93', 'G94'), ('G93', 'G91'), ('G93', 'G14'), ('G93', 'G12'), ('G91', 'G14'), ('G91', 'G92'), ('G90', 'G39'), ('G90', 'G100'), ('G90', 'G77'), ('G90', 'G85'), ('G98', 'G5'), ('G98', 'G99'), ('G98', 'G21'), ('G30', 'G35'), ('G35', 'G9'), ('G35', 'G55'), ('G35', 'G46'), ('G34', 'G17'), ('G34', 'G30'), ('G37', 'G3'), ('G37', 'G72'), ('G37', 'G29'), ('G37', 'G74'), ('G37', 'G69'), ('G37', 'G71'), ('G37', 'G73'), ('G37', 'G47'), ('G36', 'G4'), ('G36', 'G37'), ('G36', 'G42'), ('G36', 'G25'), ('G36', 'G56'), ('G36', 'G16'), ('G39', 'G21'), ('G38', 'G96'), ('G38', 'G80'), ('G38', 'G20'), ('G85', 'G17'), ('G85', 'G87'), ('G85', 'G19'), ('G80', 'G3'), ('G82', 'G84'), ('G82', 'G15'), ('G83', 'G39'), ('G83', 'G85'), ('G83', 'G87'), ('G83', 'G88'), ('G83', 'G90'), ('G88', 'G40'), ('G88', 'G96'), ('G88', 'G61')]
+----------+-----------+
| G26(0.0) | 0.0953488 |
+----------+-----------+
| G26(1.0) | 0.904651  |
+----------+-----------+
+----------+----------+----------------+-----------------+-----------------+
| G26      | G26(0.0) | G26(0.0)       | G26(1.0)        | G26(1.0)        |
+----------+----------+----------------+-----------------+-----------------+
| G93      | G93(0.0) | G93(1.0)       | G93(0.0)        | G93(1.0)        |
+----------+----------+----------------+-----------------+-----------------+
| G27(0.0) | 0.5      | 0.811688311688 | 0.0294117647059 | 0.0440115440115 |
+----------+----------+----------------+-----------------+-----------------+
| G27(1.0) | 0.5      | 0.188311688312 | 0.970588235294  | 0.955988455988  |
+----------+----------+----------------+-----------------+-----------------+
+----------+----------------+--------------+-----------------+----------------+
| G23      | G23(0.0)       | G23(0.0)     | G23(1.0)        | G23(1.0)       |
+----------+----------------+--------------+-----------------+----------------+
| G46      | G46(0.0)       | G46(1.0)     | G46(0.0)        | G46(1.0)       |
+----------+----------------+--------------+-----------------+----------------+
| G24(0.0) | 0.368852459016 | 0.7331002331 | 0.0229357798165 | 0.132183908046 |
+----------+----------------+--------------+-----------------+----------------+
| G24(1.0) | 0.631147540984 | 0.2668997669 | 0.977064220183  | 0.867816091954 |
+----------+----------------+--------------+-----------------+----------------+
+----------+----------------+----------------+-----------------+----------------+
| G36      | G36(0.0)       | G36(0.0)       | G36(1.0)        | G36(1.0)       |
+----------+----------------+----------------+-----------------+----------------+
| G73      | G73(0.0)       | G73(1.0)       | G73(0.0)        | G73(1.0)       |
+----------+----------------+----------------+-----------------+----------------+
| G25(0.0) | 0.813513513514 | 0.284615384615 | 0.980733944954  | 0.469230769231 |
+----------+----------------+----------------+-----------------+----------------+
| G25(1.0) | 0.186486486486 | 0.715384615385 | 0.0192660550459 | 0.530769230769 |
+----------+----------------+----------------+-----------------+----------------+
+----------+-----------------+----------+----------------+-----------------+
| G46      | G46(0.0)        | G46(0.0) | G46(1.0)       | G46(1.0)        |
+----------+-----------------+----------+----------------+-----------------+
| G53      | G53(0.0)        | G53(1.0) | G53(0.0)       | G53(1.0)        |
+----------+-----------------+----------+----------------+-----------------+
| G22(0.0) | 0.0172413793103 | 0.58     | 0.184210526316 | 0.907582938389  |
+----------+-----------------+----------+----------------+-----------------+
| G22(1.0) | 0.98275862069   | 0.42     | 0.815789473684 | 0.0924170616114 |
+----------+-----------------+----------+----------------+-----------------+
+----------+----------+-----------------+----------------+----------+
| G69      | G69(0.0) | G69(0.0)        | G69(1.0)       | G69(1.0) |
+----------+----------+-----------------+----------------+----------+
| G74      | G74(0.0) | G74(1.0)        | G74(0.0)       | G74(1.0) |
+----------+----------+-----------------+----------------+----------+
| G23(0.0) | 0.1      | 0.0567567567568 | 0.858095238095 | 0.212    |
+----------+----------+-----------------+----------------+----------+
| G23(1.0) | 0.9      | 0.943243243243  | 0.141904761905 | 0.788    |
+----------+----------+-----------------+----------------+----------+
+----------+----------------+------------------+----------------+----------------+
| G38      | G38(0.0)       | G38(0.0)         | G38(1.0)       | G38(1.0)       |
+----------+----------------+------------------+----------------+----------------+
| G7       | G7(0.0)        | G7(1.0)          | G7(0.0)        | G7(1.0)        |
+----------+----------------+------------------+----------------+----------------+
| G20(0.0) | 0.807692307692 | 0.99196538937    | 0.722222222222 | 0.362068965517 |
+----------+----------------+------------------+----------------+----------------+
| G20(1.0) | 0.192307692308 | 0.00803461063041 | 0.277777777778 | 0.637931034483 |
+----------+----------------+------------------+----------------+----------------+
+----------+-----------------+-----------------+-----------------+-----------------+
| G39      | G39(0.0)        | G39(0.0)        | G39(1.0)        | G39(1.0)        |
+----------+-----------------+-----------------+-----------------+-----------------+
| G98      | G98(0.0)        | G98(1.0)        | G98(0.0)        | G98(1.0)        |
+----------+-----------------+-----------------+-----------------+-----------------+
| G21(0.0) | 0.0294117647059 | 0.98998459168   | 0.944444444444  | 0.969135802469  |
+----------+-----------------+-----------------+-----------------+-----------------+
| G21(1.0) | 0.970588235294  | 0.0100154083205 | 0.0555555555556 | 0.0308641975309 |
+----------+-----------------+-----------------+-----------------+-----------------+
+----------+----------------+-----------------+----------------+-----------------+
| G27      | G27(0.0)       | G27(0.0)        | G27(1.0)       | G27(1.0)        |
+----------+----------------+-----------------+----------------+-----------------+
| G49      | G49(0.0)       | G49(1.0)        | G49(0.0)       | G49(1.0)        |
+----------+----------------+-----------------+----------------+-----------------+
| G28(0.0) | 0.377551020408 | 0.948979591837  | 0.669491525424 | 0.0452991452991 |
+----------+----------------+-----------------+----------------+-----------------+
| G28(1.0) | 0.622448979592 | 0.0510204081633 | 0.330508474576 | 0.954700854701  |
+----------+----------------+-----------------+----------------+-----------------+
+----------+-----------------+----------------+----------------+----------------+
| G28      | G28(0.0)        | G28(0.0)       | G28(1.0)       | G28(1.0)       |
+----------+-----------------+----------------+----------------+----------------+
| G37      | G37(0.0)        | G37(1.0)       | G37(0.0)       | G37(1.0)       |
+----------+-----------------+----------------+----------------+----------------+
| G29(0.0) | 0.0704697986577 | 0.237704918033 | 0.112403100775 | 0.749520153551 |
+----------+-----------------+----------------+----------------+----------------+
| G29(1.0) | 0.929530201342  | 0.762295081967 | 0.887596899225 | 0.250479846449 |
+----------+-----------------+----------------+----------------+----------------+
+---------+-----------------+----------+-----------------+----------------+
| G2      | G2(0.0)         | G2(0.0)  | G2(1.0)         | G2(1.0)        |
+---------+-----------------+----------+-----------------+----------------+
| G61     | G61(0.0)        | G61(1.0) | G61(0.0)        | G61(1.0)       |
+---------+-----------------+----------+-----------------+----------------+
| G7(0.0) | 0.0105485232068 | 0.58     | 0.0047258979206 | 0.036231884058 |
+---------+-----------------+----------+-----------------+----------------+
| G7(1.0) | 0.989451476793  | 0.42     | 0.995274102079  | 0.963768115942 |
+---------+-----------------+----------+-----------------+----------------+
+---------+---+
| G6(0.0) | 1 |
+---------+---+
+---------+-----------------+-----------------+-----------------+------------------+
| G26     | G26(0.0)        | G26(0.0)        | G26(1.0)        | G26(1.0)         |
+---------+-----------------+-----------------+-----------------+------------------+
| G98     | G98(0.0)        | G98(1.0)        | G98(0.0)        | G98(1.0)         |
+---------+-----------------+-----------------+-----------------+------------------+
| G5(0.0) | 0.0510204081633 | 0.0757575757576 | 0.969135802469  | 0.00932568149211 |
+---------+-----------------+-----------------+-----------------+------------------+
| G5(1.0) | 0.948979591837  | 0.924242424242  | 0.0308641975309 | 0.990674318508   |
+---------+-----------------+-----------------+-----------------+------------------+
+---------+----------------+-----------------+-----------------+----------------+
| G36     | G36(0.0)       | G36(0.0)        | G36(1.0)        | G36(1.0)       |
+---------+----------------+-----------------+-----------------+----------------+
| G41     | G41(0.0)       | G41(1.0)        | G41(0.0)        | G41(1.0)       |
+---------+----------------+-----------------+-----------------+----------------+
| G4(0.0) | 0.136363636364 | 0.0294117647059 | 0.0428571428571 | 0.876470588235 |
+---------+----------------+-----------------+-----------------+----------------+
| G4(1.0) | 0.863636363636 | 0.970588235294  | 0.957142857143  | 0.123529411765 |
+---------+----------------+-----------------+-----------------+----------------+
+---------+----------------+----------------+----------------+-----------------+
| G37     | G37(0.0)       | G37(0.0)       | G37(1.0)       | G37(1.0)        |
+---------+----------------+----------------+----------------+-----------------+
| G80     | G80(0.0)       | G80(1.0)       | G80(0.0)       | G80(1.0)        |
+---------+----------------+----------------+----------------+-----------------+
| G3(0.0) | 0.187732342007 | 0.277777777778 | 0.376138433515 | 0.0757575757576 |
+---------+----------------+----------------+----------------+-----------------+
| G3(1.0) | 0.812267657993 | 0.722222222222 | 0.623861566485 | 0.924242424242  |
+---------+----------------+----------------+----------------+-----------------+
+---------+----------+-----------------+----------------+---------------+
| G27     | G27(0.0) | G27(0.0)        | G27(1.0)       | G27(1.0)      |
+---------+----------+-----------------+----------------+---------------+
| G5      | G5(0.0)  | G5(1.0)         | G5(0.0)        | G5(1.0)       |
+---------+----------+-----------------+----------------+---------------+
| G2(0.0) | 0.5      | 0.0268817204301 | 0.735294117647 | 0.28729689808 |
+---------+----------+-----------------+----------------+---------------+
| G2(1.0) | 0.5      | 0.97311827957   | 0.264705882353 | 0.71270310192 |
+---------+----------+-----------------+----------------+---------------+
+---------+----------------+---------------+----------+-----------------+
| G16     | G16(0.0)       | G16(0.0)      | G16(1.0) | G16(1.0)        |
+---------+----------------+---------------+----------+-----------------+
| G29     | G29(0.0)       | G29(1.0)      | G29(0.0) | G29(1.0)        |
+---------+----------------+---------------+----------+-----------------+
| G1(0.0) | 0.835802469136 | 0.47342192691 | 0.42     | 0.0813953488372 |
+---------+----------------+---------------+----------+-----------------+
| G1(1.0) | 0.164197530864 | 0.52657807309 | 0.58     | 0.918604651163  |
+---------+----------------+---------------+----------+-----------------+
+---------+----------+-----------------+----------------+------------------+
| G35     | G35(0.0) | G35(0.0)        | G35(1.0)       | G35(1.0)         |
+---------+----------+-----------------+----------------+------------------+
| G93     | G93(0.0) | G93(1.0)        | G93(0.0)       | G93(1.0)         |
+---------+----------+-----------------+----------------+------------------+
| G9(0.0) | 0.5      | 0.932432432432  | 0.170588235294 | 0.996589358799   |
+---------+----------+-----------------+----------------+------------------+
| G9(1.0) | 0.5      | 0.0675675675676 | 0.829411764706 | 0.00341064120055 |
+---------+----------+-----------------+----------------+------------------+
+---------+-----------------+----------------+-----------------+------------------+
| G100    | G100(0.0)       | G100(0.0)      | G100(1.0)       | G100(1.0)        |
+---------+-----------------+----------------+-----------------+------------------+
| G5      | G5(0.0)         | G5(1.0)        | G5(0.0)         | G5(1.0)          |
+---------+-----------------+----------------+-----------------+------------------+
| G8(0.0) | 0.0555555555556 | 0.233333333333 | 0.944444444444  | 0.00896551724138 |
+---------+-----------------+----------------+-----------------+------------------+
| G8(1.0) | 0.944444444444  | 0.766666666667 | 0.0555555555556 | 0.991034482759   |
+---------+-----------------+----------------+-----------------+------------------+
+----------+-----------------+----------------+----------------+-----------------+
| G46      | G46(0.0)        | G46(0.0)       | G46(1.0)       | G46(1.0)        |
+----------+-----------------+----------------+----------------+-----------------+
| G47      | G47(0.0)        | G47(1.0)       | G47(0.0)       | G47(1.0)        |
+----------+-----------------+----------------+----------------+-----------------+
| G53(0.0) | 0.940366972477  | 0.696721311475 | 0.880952380952 | 0.0575485799701 |
+----------+-----------------+----------------+----------------+-----------------+
| G53(1.0) | 0.0596330275229 | 0.303278688525 | 0.119047619048 | 0.94245142003   |
+----------+-----------------+----------------+----------------+-----------------+
+----------+----------------+----------------+----------------+------------------+
| G18      | G18(0.0)       | G18(0.0)       | G18(1.0)       | G18(1.0)         |
+----------+----------------+----------------+----------------+------------------+
| G46      | G46(0.0)       | G46(1.0)       | G46(0.0)       | G46(1.0)         |
+----------+----------------+----------------+----------------+------------------+
| G52(0.0) | 0.856435643564 | 0.852941176471 | 0.152173913043 | 0.00965824665676 |
+----------+----------------+----------------+----------------+------------------+
| G52(1.0) | 0.143564356436 | 0.147058823529 | 0.847826086957 | 0.990341753343   |
+----------+----------------+----------------+----------------+------------------+
+----------+----------------+-----------------+-----------------+----------------+
| G18      | G18(0.0)       | G18(0.0)        | G18(1.0)        | G18(1.0)       |
+----------+----------------+-----------------+-----------------+----------------+
| G41      | G41(0.0)       | G41(1.0)        | G41(0.0)        | G41(1.0)       |
+----------+----------------+-----------------+-----------------+----------------+
| G51(0.0) | 0.704081632653 | 0.905797101449  | 0.0787831513261 | 0.856435643564 |
+----------+----------------+-----------------+-----------------+----------------+
| G51(1.0) | 0.295918367347 | 0.0942028985507 | 0.921216848674  | 0.143564356436 |
+----------+----------------+-----------------+-----------------+----------------+
+----------+----------------+----------------+----------------+----------------+
| G27      | G27(0.0)       | G27(0.0)       | G27(1.0)       | G27(1.0)       |
+----------+----------------+----------------+----------------+----------------+
| G41      | G41(0.0)       | G41(1.0)       | G41(0.0)       | G41(1.0)       |
+----------+----------------+----------------+----------------+----------------+
| G50(0.0) | 0.162921348315 | 0.277777777778 | 0.882695507488 | 0.139751552795 |
+----------+----------------+----------------+----------------+----------------+
| G50(1.0) | 0.837078651685 | 0.722222222222 | 0.117304492512 | 0.860248447205 |
+----------+----------------+----------------+----------------+----------------+
+----------+-----------+-----------------+-----------------+----------------+
| G100     | G100(0.0) | G100(0.0)       | G100(1.0)       | G100(1.0)      |
+----------+-----------+-----------------+-----------------+----------------+
| G53      | G53(0.0)  | G53(1.0)        | G53(0.0)        | G53(1.0)       |
+----------+-----------+-----------------+-----------------+----------------+
| G57(0.0) | 0.5       | 0.923529411765  | 0.0126903553299 | 0.360383944154 |
+----------+-----------+-----------------+-----------------+----------------+
| G57(1.0) | 0.5       | 0.0764705882353 | 0.98730964467   | 0.639616055846 |
+----------+-----------+-----------------+-----------------+----------------+
+----------+-----------------+-----------------+-----------------+-----------------+
| G10      | G10(0.0)        | G10(0.0)        | G10(1.0)        | G10(1.0)        |
+----------+-----------------+-----------------+-----------------+-----------------+
| G36      | G36(0.0)        | G36(1.0)        | G36(0.0)        | G36(1.0)        |
+----------+-----------------+-----------------+-----------------+-----------------+
| G56(0.0) | 0.970588235294  | 0.0257731958763 | 0.0151515151515 | 0.0360623781676 |
+----------+-----------------+-----------------+-----------------+-----------------+
| G56(1.0) | 0.0294117647059 | 0.974226804124  | 0.984848484848  | 0.963937621832  |
+----------+-----------------+-----------------+-----------------+-----------------+
+----------+----------+----------------+-----------------+----------------+
| G29      | G29(0.0) | G29(0.0)       | G29(1.0)        | G29(1.0)       |
+----------+----------+----------------+-----------------+----------------+
| G35      | G35(0.0) | G35(1.0)       | G35(0.0)        | G35(1.0)       |
+----------+----------+----------------+-----------------+----------------+
| G55(0.0) | 0.5      | 0.476019184652 | 0.913793103448  | 0.295511221945 |
+----------+----------+----------------+-----------------+----------------+
| G55(1.0) | 0.5      | 0.523980815348 | 0.0862068965517 | 0.704488778055 |
+----------+----------+----------------+-----------------+----------------+
+----------+----------------+----------------+----------------+----------------+
| G28      | G28(0.0)       | G28(0.0)       | G28(1.0)       | G28(1.0)       |
+----------+----------------+----------------+----------------+----------------+
| G5       | G5(0.0)        | G5(1.0)        | G5(0.0)        | G5(1.0)        |
+----------+----------------+----------------+----------------+----------------+
| G54(0.0) | 0.841463414634 | 0.748520710059 | 0.867346938776 | 0.323627287854 |
+----------+----------------+----------------+----------------+----------------+
| G54(1.0) | 0.158536585366 | 0.251479289941 | 0.132653061224 | 0.676372712146 |
+----------+----------------+----------------+----------------+----------------+
+----------+-----------------+----------+----------------+-----------------+
| G63      | G63(0.0)        | G63(0.0) | G63(1.0)       | G63(1.0)        |
+----------+-----------------+----------+----------------+-----------------+
| G94      | G94(0.0)        | G94(1.0) | G94(0.0)       | G94(1.0)        |
+----------+-----------------+----------+----------------+-----------------+
| G59(0.0) | 0.0802469135802 | 0.5      | 0.451219512195 | 0.957931034483  |
+----------+-----------------+----------+----------------+-----------------+
| G59(1.0) | 0.91975308642   | 0.5      | 0.548780487805 | 0.0420689655172 |
+----------+-----------------+----------+----------------+-----------------+
+----------+-----------------+---------------+----------+-----------------+
| G19      | G19(0.0)        | G19(0.0)      | G19(1.0) | G19(1.0)        |
+----------+-----------------+---------------+----------+-----------------+
| G49      | G49(0.0)        | G49(1.0)      | G49(0.0) | G49(1.0)        |
+----------+-----------------+---------------+----------+-----------------+
| G58(0.0) | 0.0294117647059 | 0.35497470489 | 0.5      | 0.939024390244  |
+----------+-----------------+---------------+----------+-----------------+
| G58(1.0) | 0.970588235294  | 0.64502529511 | 0.5      | 0.0609756097561 |
+----------+-----------------+---------------+----------+-----------------+
+----------+----------------+----------------+----------------+---------------+
| G67      | G67(0.0)       | G67(0.0)       | G67(1.0)       | G67(1.0)      |
+----------+----------------+----------------+----------------+---------------+
| G88      | G88(0.0)       | G88(1.0)       | G88(0.0)       | G88(1.0)      |
+----------+----------------+----------------+----------------+---------------+
| G40(0.0) | 0.191542288557 | 0.459183673469 | 0.169793621013 | 0.24025974026 |
+----------+----------------+----------------+----------------+---------------+
| G40(1.0) | 0.808457711443 | 0.540816326531 | 0.830206378987 | 0.75974025974 |
+----------+----------------+----------------+----------------+---------------+
+----------+----------------+----------+------------------+----------------+
| G46      | G46(0.0)       | G46(0.0) | G46(1.0)         | G46(1.0)       |
+----------+----------------+----------+------------------+----------------+
| G9       | G9(0.0)        | G9(1.0)  | G9(0.0)          | G9(1.0)        |
+----------+----------------+----------+------------------+----------------+
| G41(0.0) | 0.257575757576 | 0.5      | 0.995948136143   | 0.417808219178 |
+----------+----------------+----------+------------------+----------------+
| G41(1.0) | 0.742424242424 | 0.5      | 0.00405186385737 | 0.582191780822 |
+----------+----------------+----------+------------------+----------------+
+----------+-----------------+----------------+----------------+------------------+
| G36      | G36(0.0)        | G36(0.0)       | G36(1.0)       | G36(1.0)         |
+----------+-----------------+----------------+----------------+------------------+
| G56      | G56(0.0)        | G56(1.0)       | G56(0.0)       | G56(1.0)         |
+----------+-----------------+----------------+----------------+------------------+
| G42(0.0) | 0.0294117647059 | 0.718181818182 | 0.119047619048 | 0.00424448217317 |
+----------+-----------------+----------------+----------------+------------------+
| G42(1.0) | 0.970588235294  | 0.281818181818 | 0.880952380952 | 0.995755517827   |
+----------+-----------------+----------------+----------------+------------------+
+----------+----------------+-----------------+----------------+-----------------+
| G57      | G57(0.0)       | G57(0.0)        | G57(1.0)       | G57(1.0)        |
+----------+----------------+-----------------+----------------+-----------------+
| G9       | G9(0.0)        | G9(1.0)         | G9(0.0)        | G9(1.0)         |
+----------+----------------+-----------------+----------------+-----------------+
| G43(0.0) | 0.157142857143 | 0.944444444444  | 0.012104283054 | 0.924242424242  |
+----------+----------------+-----------------+----------------+-----------------+
| G43(1.0) | 0.842857142857 | 0.0555555555556 | 0.987895716946 | 0.0757575757576 |
+----------+----------------+-----------------+----------------+-----------------+
+----------+-----------------+----------------+----------+-----------------+
| G10      | G10(0.0)        | G10(0.0)       | G10(1.0) | G10(1.0)        |
+----------+-----------------+----------------+----------+-----------------+
| G43      | G43(0.0)        | G43(1.0)       | G43(0.0) | G43(1.0)        |
+----------+-----------------+----------------+----------+-----------------+
| G44(0.0) | 0.97311827957   | 0.207865168539 | 0.42     | 0.0467075038285 |
+----------+-----------------+----------------+----------+-----------------+
| G44(1.0) | 0.0268817204301 | 0.792134831461 | 0.58     | 0.953292496172  |
+----------+-----------------+----------------+----------+-----------------+
+----------+----------------+---------------+------------------+----------+
| G43      | G43(0.0)       | G43(0.0)      | G43(1.0)         | G43(1.0) |
+----------+----------------+---------------+------------------+----------+
| G9       | G9(0.0)        | G9(1.0)       | G9(0.0)          | G9(1.0)  |
+----------+----------------+---------------+------------------+----------+
| G45(0.0) | 0.588888888889 | 0.36301369863 | 0.00881953867028 | 0.5      |
+----------+----------------+---------------+------------------+----------+
| G45(1.0) | 0.411111111111 | 0.63698630137 | 0.99118046133    | 0.5      |
+----------+----------------+---------------+------------------+----------+
+----------+----------+----------------+-----------------+---------------+
| G35      | G35(0.0) | G35(0.0)       | G35(1.0)        | G35(1.0)      |
+----------+----------+----------------+-----------------+---------------+
| G93      | G93(0.0) | G93(1.0)       | G93(0.0)        | G93(1.0)      |
+----------+----------+----------------+-----------------+---------------+
| G46(0.0) | 0.5      | 0.716216216216 | 0.0294117647059 | 0.18894952251 |
+----------+----------+----------------+-----------------+---------------+
| G46(1.0) | 0.5      | 0.283783783784 | 0.970588235294  | 0.81105047749 |
+----------+----------+----------------+-----------------+---------------+
+----------+----------------+-----------------+-----------------+-----------------+
| G37      | G37(0.0)       | G37(0.0)        | G37(1.0)        | G37(1.0)        |
+----------+----------------+-----------------+-----------------+-----------------+
| G46      | G46(0.0)       | G46(1.0)        | G46(0.0)        | G46(1.0)        |
+----------+----------------+-----------------+-----------------+-----------------+
| G47(0.0) | 0.825581395349 | 0.0973154362416 | 0.0609756097561 | 0.0120147874307 |
+----------+----------------+-----------------+-----------------+-----------------+
| G47(1.0) | 0.174418604651 | 0.902684563758  | 0.939024390244  | 0.987985212569  |
+----------+----------------+-----------------+-----------------+-----------------+
+----------+----------------+----------------+----------------+-----------------+
| G52      | G52(0.0)       | G52(0.0)       | G52(1.0)       | G52(1.0)        |
+----------+----------------+----------------+----------------+-----------------+
| G53      | G53(0.0)       | G53(1.0)       | G53(0.0)       | G53(1.0)        |
+----------+----------------+----------------+----------------+-----------------+
| G48(0.0) | 0.793577981651 | 0.722222222222 | 0.284946236559 | 0.0100154083205 |
+----------+----------------+----------------+----------------+-----------------+
| G48(1.0) | 0.206422018349 | 0.277777777778 | 0.715053763441 | 0.98998459168   |
+----------+----------------+----------------+----------------+-----------------+
+----------+-----------+-----------+----------------+-----------------+
| G100     | G100(0.0) | G100(0.0) | G100(1.0)      | G100(1.0)       |
+----------+-----------+-----------+----------------+-----------------+
| G46      | G46(0.0)  | G46(1.0)  | G46(0.0)       | G46(1.0)        |
+----------+-----------+-----------+----------------+-----------------+
| G49(0.0) | 0.5       | 0.5       | 0.863636363636 | 0.0636363636364 |
+----------+-----------+-----------+----------------+-----------------+
| G49(1.0) | 0.5       | 0.5       | 0.136363636364 | 0.936363636364  |
+----------+-----------+-----------+----------------+-----------------+
+----------+----------------+----------------+----------+-----------------+
| G64      | G64(0.0)       | G64(0.0)       | G64(1.0) | G64(1.0)        |
+----------+----------------+----------------+----------+-----------------+
| G66      | G66(0.0)       | G66(1.0)       | G66(0.0) | G66(1.0)        |
+----------+----------------+----------------+----------+-----------------+
| G75(0.0) | 0.771604938272 | 0.152173913043 | 0.276    | 0.0179487179487 |
+----------+----------------+----------------+----------+-----------------+
| G75(1.0) | 0.228395061728 | 0.847826086957 | 0.724    | 0.982051282051  |
+----------+----------------+----------------+----------+-----------------+
+----------+----------------+----------------+-----------------+----------+
| G37      | G37(0.0)       | G37(0.0)       | G37(1.0)        | G37(1.0) |
+----------+----------------+----------------+-----------------+----------+
| G71      | G71(0.0)       | G71(1.0)       | G71(0.0)        | G71(1.0) |
+----------+----------------+----------------+-----------------+----------+
| G74(0.0) | 0.262376237624 | 0.262711864407 | 0.950765864333  | 0.34     |
+----------+----------------+----------------+-----------------+----------+
| G74(1.0) | 0.737623762376 | 0.737288135593 | 0.0492341356674 | 0.66     |
+----------+----------------+----------------+-----------------+----------+
+----------+----------------+----------------+-----------------+----------------+
| G72      | G72(0.0)       | G72(0.0)       | G72(1.0)        | G72(1.0)       |
+----------+----------------+----------------+-----------------+----------------+
| G90      | G90(0.0)       | G90(1.0)       | G90(0.0)        | G90(1.0)       |
+----------+----------------+----------------+-----------------+----------------+
| G77(0.0) | 0.284946236559 | 0.844234079174 | 0.0609756097561 | 0.127586206897 |
+----------+----------------+----------------+-----------------+----------------+
| G77(1.0) | 0.715053763441 | 0.155765920826 | 0.939024390244  | 0.872413793103 |
+----------+----------------+----------------+-----------------+----------------+
+----------+------------------+----------------+----------+----------------+
| G41      | G41(0.0)         | G41(0.0)       | G41(1.0) | G41(1.0)       |
+----------+------------------+----------------+----------+----------------+
| G77      | G77(0.0)         | G77(1.0)       | G77(0.0) | G77(1.0)       |
+----------+------------------+----------------+----------+----------------+
| G76(0.0) | 0.00542299349241 | 0.552401746725 | 0.5      | 0.801075268817 |
+----------+------------------+----------------+----------+----------------+
| G76(1.0) | 0.994577006508   | 0.447598253275 | 0.5      | 0.198924731183 |
+----------+------------------+----------------+----------+----------------+
+----------+-----------------+-----------------+-----------------+----------------+
| G37      | G37(0.0)        | G37(0.0)        | G37(1.0)        | G37(1.0)       |
+----------+-----------------+-----------------+-----------------+----------------+
| G42      | G42(0.0)        | G42(1.0)        | G42(0.0)        | G42(1.0)       |
+----------+-----------------+-----------------+-----------------+----------------+
| G71(0.0) | 0.97191011236   | 0.0767195767196 | 0.932432432432  | 0.775229357798 |
+----------+-----------------+-----------------+-----------------+----------------+
| G71(1.0) | 0.0280898876404 | 0.92328042328   | 0.0675675675676 | 0.224770642202 |
+----------+-----------------+-----------------+-----------------+----------------+
+----------+-----------------+-----------+------------------+----------------+
| G100     | G100(0.0)       | G100(0.0) | G100(1.0)        | G100(1.0)      |
+----------+-----------------+-----------+------------------+----------------+
| G72      | G72(0.0)        | G72(1.0)  | G72(0.0)         | G72(1.0)       |
+----------+-----------------+-----------+------------------+----------------+
| G70(0.0) | 0.961538461538  | 0.42      | 0.995894909688   | 0.885093167702 |
+----------+-----------------+-----------+------------------+----------------+
| G70(1.0) | 0.0384615384615 | 0.58      | 0.00410509031199 | 0.114906832298 |
+----------+-----------------+-----------+------------------+----------------+
+----------+----------------+-----------------+----------+-----------------+
| G37      | G37(0.0)       | G37(0.0)        | G37(1.0) | G37(1.0)        |
+----------+----------------+-----------------+----------+-----------------+
| G69      | G69(0.0)       | G69(1.0)        | G69(0.0) | G69(1.0)        |
+----------+----------------+-----------------+----------+-----------------+
| G73(0.0) | 0.384393063584 | 0.97619047619   | 0.5      | 0.995412844037  |
+----------+----------------+-----------------+----------+-----------------+
| G73(1.0) | 0.615606936416 | 0.0238095238095 | 0.5      | 0.0045871559633 |
+----------+----------------+-----------------+----------+-----------------+
+----------+-----------------+------------------+----------------+----------------+
| G23      | G23(0.0)        | G23(0.0)         | G23(1.0)       | G23(1.0)       |
+----------+-----------------+------------------+----------------+----------------+
| G37      | G37(0.0)        | G37(1.0)         | G37(0.0)       | G37(1.0)       |
+----------+-----------------+------------------+----------------+----------------+
| G72(0.0) | 0.967532467532  | 0.993946731235   | 0.231343283582 | 0.843195266272 |
+----------+-----------------+------------------+----------------+----------------+
| G72(1.0) | 0.0324675324675 | 0.00605326876513 | 0.768656716418 | 0.156804733728 |
+----------+-----------------+------------------+----------------+----------------+
+----------+----------------+----------------+-----------------+----------------+
| G78      | G78(0.0)       | G78(0.0)       | G78(1.0)        | G78(1.0)       |
+----------+----------------+----------------+-----------------+----------------+
| G94      | G94(0.0)       | G94(1.0)       | G94(0.0)        | G94(1.0)       |
+----------+----------------+----------------+-----------------+----------------+
| G79(0.0) | 0.152173913043 | 0.880027739251 | 0.0471698113208 | 0.147058823529 |
+----------+----------------+----------------+-----------------+----------------+
| G79(1.0) | 0.847826086957 | 0.119972260749 | 0.952830188679  | 0.852941176471 |
+----------+----------------+----------------+-----------------+----------------+
+----------+----------------+----------------+-----------------+-----------------+
| G63      | G63(0.0)       | G63(0.0)       | G63(1.0)        | G63(1.0)        |
+----------+----------------+----------------+-----------------+-----------------+
| G9       | G9(0.0)        | G9(1.0)        | G9(0.0)         | G9(1.0)         |
+----------+----------------+----------------+-----------------+-----------------+
| G78(0.0) | 0.198113207547 | 0.841463414634 | 0.974622770919  | 0.932432432432  |
+----------+----------------+----------------+-----------------+-----------------+
| G78(1.0) | 0.801886792453 | 0.158536585366 | 0.0253772290809 | 0.0675675675676 |
+----------+----------------+----------------+-----------------+-----------------+
+----------+----------+-----------------+----------------+----------------+
| G69      | G69(0.0) | G69(0.0)        | G69(1.0)       | G69(1.0)       |
+----------+----------+-----------------+----------------+----------------+
| G7       | G7(0.0)  | G7(1.0)         | G7(0.0)        | G7(1.0)        |
+----------+----------+-----------------+----------------+----------------+
| G68(0.0) | 0.5      | 0.0317073170732 | 0.852941176471 | 0.250394944708 |
+----------+----------+-----------------+----------------+----------------+
| G68(1.0) | 0.5      | 0.968292682927  | 0.147058823529 | 0.749605055292 |
+----------+----------+-----------------+----------------+----------------+
+----------+-----------------+----------------+----------+-----------------+
| G37      | G37(0.0)        | G37(0.0)       | G37(1.0) | G37(1.0)        |
+----------+-----------------+----------------+----------+-----------------+
| G48      | G48(0.0)        | G48(1.0)       | G48(0.0) | G48(1.0)        |
+----------+-----------------+----------------+----------+-----------------+
| G69(0.0) | 0.935643564356  | 0.443502824859 | 0.74     | 0.0332136445242 |
+----------+-----------------+----------------+----------+-----------------+
| G69(1.0) | 0.0643564356436 | 0.556497175141 | 0.26     | 0.966786355476  |
+----------+-----------------+----------------+----------+-----------------+
+----------+----------------+----------------+----------+---------------+
| G21      | G21(0.0)       | G21(0.0)       | G21(1.0) | G21(1.0)      |
+----------+----------------+----------------+----------+---------------+
| G43      | G43(0.0)       | G43(1.0)       | G43(0.0) | G43(1.0)      |
+----------+----------------+----------------+----------+---------------+
| G62(0.0) | 0.694690265487 | 0.101837672282 | 0.5      | 0.88202247191 |
+----------+----------------+----------------+----------+---------------+
| G62(1.0) | 0.305309734513 | 0.898162327718 | 0.5      | 0.11797752809 |
+----------+----------------+----------------+----------+---------------+
+----------+----------------+----------+----------------+------------------+
| G45      | G45(0.0)       | G45(0.0) | G45(1.0)       | G45(1.0)         |
+----------+----------------+----------+----------------+------------------+
| G64      | G64(0.0)       | G64(1.0) | G64(0.0)       | G64(1.0)         |
+----------+----------------+----------+----------------+------------------+
| G63(0.0) | 0.885964912281 | 0.5      | 0.370967741935 | 0.00921985815603 |
+----------+----------------+----------+----------------+------------------+
| G63(1.0) | 0.114035087719 | 0.5      | 0.629032258065 | 0.990780141844   |
+----------+----------------+----------+----------------+------------------+
+----------+----------+----------------+-----------------+----------------+
| G21      | G21(0.0) | G21(0.0)       | G21(1.0)        | G21(1.0)       |
+----------+----------+----------------+-----------------+----------------+
| G46      | G46(0.0) | G46(1.0)       | G46(0.0)        | G46(1.0)       |
+----------+----------+----------------+-----------------+----------------+
| G60(0.0) | 0.596    | 0.191107644306 | 0.944444444444  | 0.867346938776 |
+----------+----------+----------------+-----------------+----------------+
| G60(1.0) | 0.404    | 0.808892355694 | 0.0555555555556 | 0.132653061224 |
+----------+----------+----------------+-----------------+----------------+
+----------+----------------+-----------------+-----------------+----------------+
| G66      | G66(0.0)       | G66(0.0)        | G66(1.0)        | G66(1.0)       |
+----------+----------------+-----------------+-----------------+----------------+
| G88      | G88(0.0)       | G88(1.0)        | G88(0.0)        | G88(1.0)       |
+----------+----------------+-----------------+-----------------+----------------+
| G61(0.0) | 0.453488372093 | 0.915584415584  | 0.982644628099  | 0.867346938776 |
+----------+----------------+-----------------+-----------------+----------------+
| G61(1.0) | 0.546511627907 | 0.0844155844156 | 0.0173553719008 | 0.132653061224 |
+----------+----------------+-----------------+-----------------+----------------+
+----------+----------------+----------------+----------------+-----------------+
| G18      | G18(0.0)       | G18(0.0)       | G18(1.0)       | G18(1.0)        |
+----------+----------------+----------------+----------------+-----------------+
| G51      | G51(0.0)       | G51(1.0)       | G51(0.0)       | G51(1.0)        |
+----------+----------------+----------------+----------------+-----------------+
| G66(0.0) | 0.355670103093 | 0.119047619048 | 0.835766423358 | 0.0900826446281 |
+----------+----------------+----------------+----------------+-----------------+
| G66(1.0) | 0.644329896907 | 0.880952380952 | 0.164233576642 | 0.909917355372  |
+----------+----------------+----------------+----------------+-----------------+
+----------+----------------+----------------+----------------+----------------+
| G66      | G66(0.0)       | G66(0.0)       | G66(1.0)       | G66(1.0)       |
+----------+----------------+----------------+----------------+----------------+
| G71      | G71(0.0)       | G71(1.0)       | G71(0.0)       | G71(1.0)       |
+----------+----------------+----------------+----------------+----------------+
| G67(0.0) | 0.368613138686 | 0.673913043478 | 0.271971496437 | 0.165236051502 |
+----------+----------------+----------------+----------------+----------------+
| G67(1.0) | 0.631386861314 | 0.326086956522 | 0.728028503563 | 0.834763948498 |
+----------+----------------+----------------+----------------+----------------+
+----------+-----------------+----------------+----------------+-----------------+
| G43      | G43(0.0)        | G43(0.0)       | G43(1.0)       | G43(1.0)        |
+----------+-----------------+----------------+----------------+-----------------+
| G44      | G44(0.0)        | G44(1.0)       | G44(0.0)       | G44(1.0)        |
+----------+-----------------+----------------+----------------+-----------------+
| G64(0.0) | 0.935643564356  | 0.147058823529 | 0.377551020408 | 0.0497835497835 |
+----------+-----------------+----------------+----------------+-----------------+
| G64(1.0) | 0.0643564356436 | 0.852941176471 | 0.622448979592 | 0.950216450216  |
+----------+-----------------+----------------+----------------+-----------------+
+----------+-----------------+----------------+----------------+----------------+
| G42      | G42(0.0)        | G42(0.0)       | G42(1.0)       | G42(1.0)       |
+----------+-----------------+----------------+----------------+----------------+
| G60      | G60(0.0)        | G60(1.0)       | G60(0.0)       | G60(1.0)       |
+----------+-----------------+----------------+----------------+----------------+
| G65(0.0) | 0.967532467532  | 0.295918367347 | 0.285365853659 | 0.103024574669 |
+----------+-----------------+----------------+----------------+----------------+
| G65(1.0) | 0.0324675324675 | 0.704081632653 | 0.714634146341 | 0.896975425331 |
+----------+-----------------+----------------+----------------+----------------+
+-----------+-----------------+-----------------+----------------+------------------+
| G27       | G27(0.0)        | G27(0.0)        | G27(1.0)       | G27(1.0)         |
+-----------+-----------------+-----------------+----------------+------------------+
| G90       | G90(0.0)        | G90(1.0)        | G90(0.0)       | G90(1.0)         |
+-----------+-----------------+-----------------+----------------+------------------+
| G100(0.0) | 0.0609756097561 | 0.0438596491228 | 0.887096774194 | 0.00373692077728 |
+-----------+-----------------+-----------------+----------------+------------------+
| G100(1.0) | 0.939024390244  | 0.956140350877  | 0.112903225806 | 0.996263079223   |
+-----------+-----------------+-----------------+----------------+------------------+
+----------+----------------+-----------------+-----------------+------------------+
| G44      | G44(0.0)       | G44(0.0)        | G44(1.0)        | G44(1.0)         |
+----------+----------------+-----------------+-----------------+------------------+
| G85      | G85(0.0)       | G85(1.0)        | G85(0.0)        | G85(1.0)         |
+----------+----------------+-----------------+-----------------+------------------+
| G19(0.0) | 0.158536585366 | 0.977064220183  | 0.944444444444  | 0.99022556391    |
+----------+----------------+-----------------+-----------------+------------------+
| G19(1.0) | 0.841463414634 | 0.0229357798165 | 0.0555555555556 | 0.00977443609023 |
+----------+----------------+-----------------+-----------------+------------------+
+----------+----------------+----------------+-----------------+----------------+
| G46      | G46(0.0)       | G46(0.0)       | G46(1.0)        | G46(1.0)       |
+----------+----------------+----------------+-----------------+----------------+
| G60      | G60(0.0)       | G60(1.0)       | G60(0.0)        | G60(1.0)       |
+----------+----------------+----------------+-----------------+----------------+
| G18(0.0) | 0.807692307692 | 0.122641509434 | 0.0636363636364 | 0.012380952381 |
+----------+----------------+----------------+-----------------+----------------+
| G18(1.0) | 0.192307692308 | 0.877358490566 | 0.936363636364  | 0.987619047619 |
+----------+----------------+----------------+-----------------+----------------+
+----------+----------------+----------------+----------------+----------------+
| G34      | G34(0.0)       | G34(0.0)       | G34(1.0)       | G34(1.0)       |
+----------+----------------+----------------+----------------+----------------+
| G85      | G85(0.0)       | G85(1.0)       | G85(0.0)       | G85(1.0)       |
+----------+----------------+----------------+----------------+----------------+
| G17(0.0) | 0.675438596491 | 0.192094313454 | 0.637931034483 | 0.575471698113 |
+----------+----------------+----------------+----------------+----------------+
| G17(1.0) | 0.324561403509 | 0.807905686546 | 0.362068965517 | 0.424528301887 |
+----------+----------------+----------------+----------------+----------------+
+----------+----------------+-----------------+----------+-----------------+
| G36      | G36(0.0)       | G36(0.0)        | G36(1.0) | G36(1.0)        |
+----------+----------------+-----------------+----------+-----------------+
| G41      | G41(0.0)       | G41(1.0)        | G41(0.0) | G41(1.0)        |
+----------+----------------+-----------------+----------+-----------------+
| G16(0.0) | 0.160606060606 | 0.970588235294  | 0.98     | 0.970588235294  |
+----------+----------------+-----------------+----------+-----------------+
| G16(1.0) | 0.839393939394 | 0.0294117647059 | 0.02     | 0.0294117647059 |
+----------+----------------+-----------------+----------+-----------------+
+----------+----------------+----------+-----------------+----------------+
| G7       | G7(0.0)        | G7(0.0)  | G7(1.0)         | G7(1.0)        |
+----------+----------------+----------+-----------------+----------------+
| G82      | G82(0.0)       | G82(1.0) | G82(0.0)        | G82(1.0)       |
+----------+----------------+----------+-----------------+----------------+
| G15(0.0) | 0.852941176471 | 0.5      | 0.99684741488   | 0.677777777778 |
+----------+----------------+----------+-----------------+----------------+
| G15(1.0) | 0.147058823529 | 0.5      | 0.0031525851198 | 0.322222222222 |
+----------+----------------+----------+-----------------+----------------+
+----------+----------------+-----------------+-----------------+------------------+
| G91      | G91(0.0)       | G91(0.0)        | G91(1.0)        | G91(1.0)         |
+----------+----------------+-----------------+-----------------+------------------+
| G93      | G93(0.0)       | G93(1.0)        | G93(0.0)        | G93(1.0)         |
+----------+----------------+-----------------+-----------------+------------------+
| G14(0.0) | 0.322222222222 | 0.944444444444  | 0.944444444444  | 0.996551724138   |
+----------+----------------+-----------------+-----------------+------------------+
| G14(1.0) | 0.677777777778 | 0.0555555555556 | 0.0555555555556 | 0.00344827586207 |
+----------+----------------+-----------------+-----------------+------------------+
+----------+---+
| G13(0.0) | 1 |
+----------+---+
+----------+----------------+----------------+----------------+-----------------+
| G10      | G10(0.0)       | G10(0.0)       | G10(1.0)       | G10(1.0)        |
+----------+----------------+----------------+----------------+-----------------+
| G93      | G93(0.0)       | G93(1.0)       | G93(0.0)       | G93(1.0)        |
+----------+----------------+----------------+----------------+-----------------+
| G12(0.0) | 0.036231884058 | 0.694690265487 | 0.119047619048 | 0.0220700152207 |
+----------+----------------+----------------+----------------+-----------------+
| G12(1.0) | 0.963768115942 | 0.305309734513 | 0.880952380952 | 0.977929984779  |
+----------+----------------+----------------+----------------+-----------------+
+----------+---+
| G11(0.0) | 1 |
+----------+---+
+----------+----------------+-----------------+-----------------+-----------------+
| G100     | G100(0.0)      | G100(0.0)       | G100(1.0)       | G100(1.0)       |
+----------+----------------+-----------------+-----------------+-----------------+
| G43      | G43(0.0)       | G43(1.0)        | G43(0.0)        | G43(1.0)        |
+----------+----------------+-----------------+-----------------+-----------------+
| G10(0.0) | 0.588888888889 | 0.944444444444  | 0.91095890411   | 0.0667144906743 |
+----------+----------------+-----------------+-----------------+-----------------+
| G10(1.0) | 0.411111111111 | 0.0555555555556 | 0.0890410958904 | 0.933285509326  |
+----------+----------------+-----------------+-----------------+-----------------+
+----------+----------------+----------------+----------------+----------------+
| G22      | G22(0.0)       | G22(0.0)       | G22(1.0)       | G22(1.0)       |
+----------+----------------+----------------+----------------+----------------+
| G65      | G65(0.0)       | G65(1.0)       | G65(0.0)       | G65(1.0)       |
+----------+----------------+----------------+----------------+----------------+
| G97(0.0) | 0.328571428571 | 0.318913480885 | 0.438144329897 | 0.214285714286 |
+----------+----------------+----------------+----------------+----------------+
| G97(1.0) | 0.671428571429 | 0.681086519115 | 0.561855670103 | 0.785714285714 |
+----------+----------------+----------------+----------------+----------------+
+----------+---------------+----------------+----------------+----------+
| G38      | G38(0.0)      | G38(0.0)       | G38(1.0)       | G38(1.0) |
+----------+---------------+----------------+----------------+----------+
| G88      | G88(0.0)      | G88(1.0)       | G88(0.0)       | G88(1.0) |
+----------+---------------+----------------+----------------+----------+
| G96(0.0) | 0.20319001387 | 0.737623762376 | 0.192307692308 | 0.42     |
+----------+---------------+----------------+----------------+----------+
| G96(1.0) | 0.79680998613 | 0.262376237624 | 0.807692307692 | 0.58     |
+----------+---------------+----------------+----------------+----------+
+----------+----------------+----------------+----------------+------------------+
| G93      | G93(0.0)       | G93(0.0)       | G93(1.0)       | G93(1.0)         |
+----------+----------------+----------------+----------------+------------------+
| G94      | G94(0.0)       | G94(1.0)       | G94(0.0)       | G94(1.0)         |
+----------+----------------+----------------+----------------+------------------+
| G95(0.0) | 0.801369863014 | 0.147058823529 | 0.377551020408 | 0.00346740638003 |
+----------+----------------+----------------+----------------+------------------+
| G95(1.0) | 0.198630136986 | 0.852941176471 | 0.622448979592 | 0.99653259362    |
+----------+----------------+----------------+----------------+------------------+
+----------+----------------+----------------+----------------+------------------+
| G64      | G64(0.0)       | G64(0.0)       | G64(1.0)       | G64(1.0)         |
+----------+----------------+----------------+----------------+------------------+
| G93      | G93(0.0)       | G93(1.0)       | G93(0.0)       | G93(1.0)         |
+----------+----------------+----------------+----------------+------------------+
| G94(0.0) | 0.963768115942 | 0.524691358025 | 0.309523809524 | 0.00943396226415 |
+----------+----------------+----------------+----------------+------------------+
| G94(1.0) | 0.036231884058 | 0.475308641975 | 0.690476190476 | 0.990566037736   |
+----------+----------------+----------------+----------------+------------------+
+----------+----------+
| G93(0.0) | 0.104651 |
+----------+----------+
| G93(1.0) | 0.895349 |
+----------+----------+
+----------+----------+----------------+----------+------------------+
| G64      | G64(0.0) | G64(0.0)       | G64(1.0) | G64(1.0)         |
+----------+----------+----------------+----------+------------------+
| G91      | G91(0.0) | G91(1.0)       | G91(0.0) | G91(1.0)         |
+----------+----------+----------------+----------+------------------+
| G92(0.0) | 0.9      | 0.170588235294 | 0.1      | 0.00948905109489 |
+----------+----------+----------------+----------+------------------+
| G92(1.0) | 0.1      | 0.829411764706 | 0.9      | 0.990510948905   |
+----------+----------+----------------+----------+------------------+
+----------+----------------+-----------------+----------------+------------------+
| G43      | G43(0.0)       | G43(0.0)        | G43(1.0)       | G43(1.0)         |
+----------+----------------+-----------------+----------------+------------------+
| G93      | G93(0.0)       | G93(1.0)        | G93(0.0)       | G93(1.0)         |
+----------+----------------+-----------------+----------------+------------------+
| G91(0.0) | 0.448051948052 | 0.939024390244  | 0.807692307692 | 0.00891632373114 |
+----------+----------------+-----------------+----------------+------------------+
| G91(1.0) | 0.551948051948 | 0.0609756097561 | 0.192307692308 | 0.991083676269   |
+----------+----------------+-----------------+----------------+------------------+
+----------+----------+----------+-----------------+-----------------+
| G5       | G5(0.0)  | G5(0.0)  | G5(1.0)         | G5(1.0)         |
+----------+----------+----------+-----------------+-----------------+
| G83      | G83(0.0) | G83(1.0) | G83(0.0)        | G83(1.0)        |
+----------+----------+----------+-----------------+-----------------+
| G90(0.0) | 0.5      | 0.5      | 0.923529411765  | 0.0153284671533 |
+----------+----------+----------+-----------------+-----------------+
| G90(1.0) | 0.5      | 0.5      | 0.0764705882353 | 0.984671532847  |
+----------+----------+----------+-----------------+-----------------+
+----------+----------------+-----------------+----------------+----------------+
| G21      | G21(0.0)       | G21(0.0)        | G21(1.0)       | G21(1.0)       |
+----------+----------------+-----------------+----------------+----------------+
| G98      | G98(0.0)       | G98(1.0)        | G98(0.0)       | G98(1.0)       |
+----------+----------------+-----------------+----------------+----------------+
| G99(0.0) | 0.233333333333 | 0.0145631067961 | 0.876470588235 | 0.722222222222 |
+----------+----------------+-----------------+----------------+----------------+
| G99(1.0) | 0.766666666667 | 0.985436893204  | 0.123529411765 | 0.277777777778 |
+----------+----------------+-----------------+----------------+----------------+
+----------+-----------------+----------------+----------+--------------+
| G26      | G26(0.0)        | G26(0.0)       | G26(1.0) | G26(1.0)     |
+----------+-----------------+----------------+----------+--------------+
| G46      | G46(0.0)        | G46(1.0)       | G46(0.0) | G46(1.0)     |
+----------+-----------------+----------------+----------+--------------+
| G98(0.0) | 0.944444444444  | 0.175675675676 | 0.02     | 0.1202143951 |
+----------+-----------------+----------------+----------+--------------+
| G98(1.0) | 0.0555555555556 | 0.824324324324 | 0.98     | 0.8797856049 |
+----------+-----------------+----------------+----------+--------------+
+----------+----------------+----------------+----------------+----------------+
| G1       | G1(0.0)        | G1(0.0)        | G1(1.0)        | G1(1.0)        |
+----------+----------------+----------------+----------------+----------------+
| G50      | G50(0.0)       | G50(1.0)       | G50(0.0)       | G50(1.0)       |
+----------+----------------+----------------+----------------+----------------+
| G31(0.0) | 0.671919770774 | 0.199346405229 | 0.861990950226 | 0.777372262774 |
+----------+----------------+----------------+----------------+----------------+
| G31(1.0) | 0.328080229226 | 0.800653594771 | 0.138009049774 | 0.222627737226 |
+----------+----------------+----------------+----------------+----------------+
+----------+----------+-----------------+------------------+----------+
| G26      | G26(0.0) | G26(0.0)        | G26(1.0)         | G26(1.0) |
+----------+----------+-----------------+------------------+----------+
| G34      | G34(0.0) | G34(1.0)        | G34(0.0)         | G34(1.0) |
+----------+----------+-----------------+------------------+----------+
| G30(0.0) | 0.26     | 0.956140350877  | 0.00332005312085 | 0.58     |
+----------+----------+-----------------+------------------+----------+
| G30(1.0) | 0.74     | 0.0438596491228 | 0.996679946879   | 0.42     |
+----------+----------+-----------------+------------------+----------+
+----------+----------------+----------+----------------+----------+
| G51      | G51(0.0)       | G51(0.0) | G51(1.0)       | G51(1.0) |
+----------+----------------+----------+----------------+----------+
| G78      | G78(0.0)       | G78(1.0) | G78(0.0)       | G78(1.0) |
+----------+----------------+----------+----------------+----------+
| G33(0.0) | 0.260765550239 | 0.9      | 0.672117039587 | 0.5      |
+----------+----------------+----------+----------------+----------+
| G33(1.0) | 0.739234449761 | 0.1      | 0.327882960413 | 0.5      |
+----------+----------------+----------+----------------+----------+
+----------+---+
| G32(0.0) | 1 |
+----------+---+
+----------+----------------+----------------+----------------+------------------+
| G26      | G26(0.0)       | G26(0.0)       | G26(1.0)       | G26(1.0)         |
+----------+----------------+----------------+----------------+------------------+
| G30      | G30(0.0)       | G30(1.0)       | G30(0.0)       | G30(1.0)         |
+----------+----------------+----------------+----------------+------------------+
| G35(0.0) | 0.434426229508 | 0.119047619048 | 0.382352941176 | 0.00854139290407 |
+----------+----------------+----------------+----------------+------------------+
| G35(1.0) | 0.565573770492 | 0.880952380952 | 0.617647058824 | 0.991458607096   |
+----------+----------------+----------------+----------------+------------------+
+----------+----------------+----------------+----------------+------------------+
| G26      | G26(0.0)       | G26(0.0)       | G26(1.0)       | G26(1.0)         |
+----------+----------------+----------------+----------------+------------------+
| G27      | G27(0.0)       | G27(1.0)       | G27(0.0)       | G27(1.0)         |
+----------+----------------+----------------+----------------+------------------+
| G34(0.0) | 0.223076923077 | 0.617647058824 | 0.318181818182 | 0.996644295302   |
+----------+----------------+----------------+----------------+------------------+
| G34(1.0) | 0.776923076923 | 0.382352941176 | 0.681818181818 | 0.00335570469799 |
+----------+----------------+----------------+----------------+------------------+
+----------+----------------+----------------+----------------+-----------------+
| G36      | G36(0.0)       | G36(0.0)       | G36(1.0)       | G36(1.0)        |
+----------+----------------+----------------+----------------+-----------------+
| G46      | G46(0.0)       | G46(1.0)       | G46(0.0)       | G46(1.0)        |
+----------+----------------+----------------+----------------+-----------------+
| G37(0.0) | 0.782352941176 | 0.669696969697 | 0.735294117647 | 0.0733333333333 |
+----------+----------------+----------------+----------------+-----------------+
| G37(1.0) | 0.217647058824 | 0.330303030303 | 0.264705882353 | 0.926666666667  |
+----------+----------------+----------------+----------------+-----------------+
+----------+-----------------+-----------------+-----------------+----------------+
| G5       | G5(0.0)         | G5(0.0)         | G5(1.0)         | G5(1.0)        |
+----------+-----------------+-----------------+-----------------+----------------+
| G50      | G50(0.0)        | G50(1.0)        | G50(0.0)        | G50(1.0)       |
+----------+-----------------+-----------------+-----------------+----------------+
| G36(0.0) | 0.959016393443  | 0.913793103448  | 0.0913555992141 | 0.454022988506 |
+----------+-----------------+-----------------+-----------------+----------------+
| G36(1.0) | 0.0409836065574 | 0.0862068965517 | 0.908644400786  | 0.545977011494 |
+----------+-----------------+-----------------+-----------------+----------------+
+----------+----------------+----------------+----------------+-----------------+
| G83      | G83(0.0)       | G83(0.0)       | G83(1.0)       | G83(1.0)        |
+----------+----------------+----------------+----------------+-----------------+
| G90      | G90(0.0)       | G90(1.0)       | G90(0.0)       | G90(1.0)        |
+----------+----------------+----------------+----------------+-----------------+
| G39(0.0) | 0.228395061728 | 0.277777777778 | 0.198113207547 | 0.979776847978  |
+----------+----------------+----------------+----------------+-----------------+
| G39(1.0) | 0.771604938272 | 0.722222222222 | 0.801886792453 | 0.0202231520223 |
+----------+----------------+----------------+----------------+-----------------+
+----------+----------------+------------------+----------+----------------+
| G19      | G19(0.0)       | G19(0.0)         | G19(1.0) | G19(1.0)       |
+----------+----------------+------------------+----------+----------------+
| G7       | G7(0.0)        | G7(1.0)          | G7(0.0)  | G7(1.0)        |
+----------+----------------+------------------+----------+----------------+
| G38(0.0) | 0.617647058824 | 0.996863237139   | 0.5      | 0.353658536585 |
+----------+----------------+------------------+----------+----------------+
| G38(1.0) | 0.382352941176 | 0.00313676286073 | 0.5      | 0.646341463415 |
+----------+----------------+------------------+----------+----------------+
+----------+----------------+-----------------+----------------+----------------+
| G41      | G41(0.0)       | G41(0.0)        | G41(1.0)       | G41(1.0)       |
+----------+----------------+-----------------+----------------+----------------+
| G82      | G82(0.0)       | G82(1.0)        | G82(0.0)       | G82(1.0)       |
+----------+----------------+-----------------+----------------+----------------+
| G84(0.0) | 0.836906584992 | 0.0675675675676 | 0.474522292994 | 0.192307692308 |
+----------+----------------+-----------------+----------------+----------------+
| G84(1.0) | 0.163093415008 | 0.932432432432  | 0.525477707006 | 0.807692307692 |
+----------+----------------+-----------------+----------------+----------------+
+----------+---------------+----------------+-----------------+-----------------+
| G83      | G83(0.0)      | G83(0.0)       | G83(1.0)        | G83(1.0)        |
+----------+---------------+----------------+-----------------+-----------------+
| G90      | G90(0.0)      | G90(1.0)       | G90(0.0)        | G90(1.0)        |
+----------+---------------+----------------+-----------------+-----------------+
| G85(0.0) | 0.87037037037 | 0.277777777778 | 0.0471698113208 | 0.0146443514644 |
+----------+---------------+----------------+-----------------+-----------------+
| G85(1.0) | 0.12962962963 | 0.722222222222 | 0.952830188679  | 0.985355648536  |
+----------+---------------+----------------+-----------------+-----------------+
+----------+----------------+----------------+----------------+----------------+
| G53      | G53(0.0)       | G53(0.0)       | G53(1.0)       | G53(1.0)       |
+----------+----------------+----------------+----------------+----------------+
| G60      | G60(0.0)       | G60(1.0)       | G60(0.0)       | G60(1.0)       |
+----------+----------------+----------------+----------------+----------------+
| G86(0.0) | 0.765486725664 | 0.162921348315 | 0.866863905325 | 0.741308793456 |
+----------+----------------+----------------+----------------+----------------+
| G86(1.0) | 0.234513274336 | 0.837078651685 | 0.133136094675 | 0.258691206544 |
+----------+----------------+----------------+----------------+----------------+
+----------+----------------+----------------+----------------+-----------------+
| G83      | G83(0.0)       | G83(0.0)       | G83(1.0)       | G83(1.0)        |
+----------+----------------+----------------+----------------+-----------------+
| G85      | G85(0.0)       | G85(1.0)       | G85(0.0)       | G85(1.0)        |
+----------+----------------+----------------+----------------+-----------------+
| G87(0.0) | 0.143835616438 | 0.617647058824 | 0.192307692308 | 0.93857331572   |
+----------+----------------+----------------+----------------+-----------------+
| G87(1.0) | 0.856164383562 | 0.382352941176 | 0.807692307692 | 0.0614266842801 |
+----------+----------------+----------------+----------------+-----------------+
+----------+----------------+------------------+----------------+----------------+
| G38      | G38(0.0)       | G38(0.0)         | G38(1.0)       | G38(1.0)       |
+----------+----------------+------------------+----------------+----------------+
| G63      | G63(0.0)       | G63(1.0)         | G63(0.0)       | G63(1.0)       |
+----------+----------------+------------------+----------------+----------------+
| G80(0.0) | 0.715384615385 | 0.996697490092   | 0.362068965517 | 0.722222222222 |
+----------+----------------+------------------+----------------+----------------+
| G80(1.0) | 0.284615384615 | 0.00330250990753 | 0.637931034483 | 0.277777777778 |
+----------+----------------+------------------+----------------+----------------+
+----------+----------------+----------------+----------+----------------+
| G21      | G21(0.0)       | G21(0.0)       | G21(1.0) | G21(1.0)       |
+----------+----------------+----------------+----------+----------------+
| G7       | G7(0.0)        | G7(1.0)        | G7(0.0)  | G7(1.0)        |
+----------+----------------+----------------+----------+----------------+
| G81(0.0) | 0.852941176471 | 0.158210947931 | 0.5      | 0.747191011236 |
+----------+----------------+----------------+----------+----------------+
| G81(1.0) | 0.147058823529 | 0.841789052069 | 0.5      | 0.252808988764 |
+----------+----------------+----------------+----------+----------------+
+----------+----------------+-----------------+---------+-----------------+
| G2       | G2(0.0)        | G2(0.0)         | G2(1.0) | G2(1.0)         |
+----------+----------------+-----------------+---------+-----------------+
| G8       | G8(0.0)        | G8(1.0)         | G8(0.0) | G8(1.0)         |
+----------+----------------+-----------------+---------+-----------------+
| G82(0.0) | 0.175675675676 | 0.988888888889  | 0.74    | 0.98167539267   |
+----------+----------------+-----------------+---------+-----------------+
| G82(1.0) | 0.824324324324 | 0.0111111111111 | 0.26    | 0.0183246073298 |
+----------+----------------+-----------------+---------+-----------------+
+----------+-----------------+------------------+-----------------+----------------+
| G50      | G50(0.0)        | G50(0.0)         | G50(1.0)        | G50(1.0)       |
+----------+-----------------+------------------+-----------------+----------------+
| G53      | G53(0.0)        | G53(1.0)         | G53(0.0)        | G53(1.0)       |
+----------+-----------------+------------------+-----------------+----------------+
| G83(0.0) | 0.0471698113208 | 0.00483558994197 | 0.0167785234899 | 0.585106382979 |
+----------+-----------------+------------------+-----------------+----------------+
| G83(1.0) | 0.952830188679  | 0.995164410058   | 0.98322147651   | 0.414893617021 |
+----------+-----------------+------------------+-----------------+----------------+
+----------+-----------------+----------------+----------------+-----------------+
| G42      | G42(0.0)        | G42(0.0)       | G42(1.0)       | G42(1.0)        |
+----------+-----------------+----------------+----------------+-----------------+
| G83      | G83(0.0)        | G83(1.0)       | G83(0.0)       | G83(1.0)        |
+----------+-----------------+----------------+----------------+-----------------+
| G88(0.0) | 0.0555555555556 | 0.524691358025 | 0.322222222222 | 0.978955007257  |
+----------+-----------------+----------------+----------------+-----------------+
| G88(1.0) | 0.944444444444  | 0.475308641975 | 0.677777777778 | 0.0210449927431 |
+----------+-----------------+----------------+----------------+-----------------+
+----------+----------------+----------------+----------------+----------------+
| G41      | G41(0.0)       | G41(0.0)       | G41(1.0)       | G41(1.0)       |
+----------+----------------+----------------+----------------+----------------+
| G76      | G76(0.0)       | G76(1.0)       | G76(0.0)       | G76(1.0)       |
+----------+----------------+----------------+----------------+----------------+
| G89(0.0) | 0.298449612403 | 0.824420677362 | 0.199115044248 | 0.114035087719 |
+----------+----------------+----------------+----------------+----------------+
| G89(1.0) | 0.701550387597 | 0.175579322638 | 0.800884955752 | 0.885964912281 |
+----------+----------------+----------------+----------------+----------------+
