[('G26', 'G45'), ('G26', 'G20'), ('G25', 'G32'), ('G25', 'G46'), ('G25', 'G54'), ('G22', 'G69'), ('G22', 'G92'), ('G22', 'G9'), ('G23', 'G7'), ('G23', 'G4'), ('G23', 'G25'), ('G23', 'G78'), ('G23', 'G8'), ('G20', 'G47'), ('G28', 'G31'), ('G28', 'G22'), ('G28', 'G38'), ('G28', 'G75'), ('G28', 'G85'), ('G28', 'G47'), ('G28', 'G62'), ('G28', 'G13'), ('G29', 'G66'), ('G29', 'G72'), ('G7', 'G44'), ('G7', 'G88'), ('G5', 'G21'), ('G5', 'G36'), ('G5', 'G19'), ('G5', 'G54'), ('G5', 'G60'), ('G5', 'G58'), ('G5', 'G11'), ('G4', 'G14'), ('G4', 'G64'), ('G3', 'G31'), ('G3', 'G26'), ('G3', 'G76'), ('G3', 'G95'), ('G3', 'G94'), ('G3', 'G82'), ('G2', 'G10'), ('G1', 'G7'), ('G1', 'G17'), ('G1', 'G93'), ('G1', 'G2'), ('G1', 'G55'), ('G9', 'G78'), ('G8', 'G96'), ('G8', 'G24'), ('G53', 'G97'), ('G52', 'G6'), ('G50', 'G53'), ('G50', 'G100'), ('G50', 'G42'), ('G50', 'G35'), ('G57', 'G39'), ('G56', 'G35'), ('G56', 'G1'), ('G55', 'G50'), ('G54', 'G96'), ('G54', 'G4'), ('G54', 'G6'), ('G58', 'G34'), ('G58', 'G1'), ('G58', 'G56'), ('G58', 'G59'), ('G58', 'G10'), ('G58', 'G98'), ('G40', 'G24'), ('G40', 'G76'), ('G40', 'G98'), ('G41', 'G71'), ('G41', 'G9'), ('G42', 'G43'), ('G44', 'G2'), ('G44', 'G20'), ('G46', 'G41'), ('G46', 'G87'), ('G47', 'G62'), ('G47', 'G70'), ('G47', 'G37'), ('G48', 'G52'), ('G48', 'G99'), ('G49', 'G5'), ('G49', 'G34'), ('G75', 'G68'), ('G75', 'G50'), ('G75', 'G21'), ('G74', 'G84'), ('G74', 'G77'), ('G74', 'G32'), ('G74', 'G51'), ('G77', 'G84'), ('G77', 'G15'), ('G76', 'G100'), ('G76', 'G43'), ('G76', 'G13'), ('G76', 'G67'), ('G76', 'G29'), ('G71', 'G59'), ('G71', 'G18'), ('G70', 'G15'), ('G72', 'G75'), ('G72', 'G70'), ('G72', 'G73'), ('G72', 'G67'), ('G79', 'G38'), ('G79', 'G80'), ('G79', 'G73'), ('G79', 'G16'), ('G79', 'G61'), ('G79', 'G11'), ('G60', 'G77'), ('G61', 'G63'), ('G64', 'G65'), ('G100', 'G51'), ('G100', 'G94'), ('G100', 'G71'), ('G100', 'G46'), ('G19', 'G17'), ('G19', 'G58'), ('G19', 'G3'), ('G18', 'G95'), ('G17', 'G40'), ('G17', 'G37'), ('G16', 'G89'), ('G16', 'G29'), ('G14', 'G60'), ('G13', 'G74'), ('G13', 'G25'), ('G13', 'G79'), ('G13', 'G12'), ('G12', 'G39'), ('G12', 'G30'), ('G12', 'G14'), ('G12', 'G99'), ('G12', 'G72'), ('G11', 'G61'), ('G11', 'G88'), ('G96', 'G27'), ('G96', 'G22'), ('G96', 'G53'), ('G96', 'G68'), ('G96', 'G57'), ('G96', 'G92'), ('G95', 'G27'), ('G95', 'G86'), ('G94', 'G23'), ('G94', 'G18'), ('G93', 'G26'), ('G93', 'G97'), ('G93', 'G45'), ('G92', 'G63'), ('G92', 'G93'), ('G92', 'G91'), ('G91', 'G42'), ('G90', 'G81'), ('G99', 'G74'), ('G99', 'G23'), ('G98', 'G57'), ('G98', 'G87'), ('G98', 'G79'), ('G98', 'G81'), ('G98', 'G8'), ('G31', 'G56'), ('G31', 'G64'), ('G30', 'G48'), ('G30', 'G83'), ('G30', 'G65'), ('G35', 'G30'), ('G34', 'G36'), ('G34', 'G28'), ('G34', 'G40'), ('G34', 'G85'), ('G34', 'G48'), ('G34', 'G16'), ('G34', 'G12'), ('G36', 'G28'), ('G39', 'G52'), ('G39', 'G44'), ('G39', 'G90'), ('G84', 'G41'), ('G84', 'G86'), ('G84', 'G90'), ('G85', 'G3'), ('G85', 'G55'), ('G81', 'G80'), ('G83', 'G69'), ('G83', 'G91'), ('G88', 'G66'), ('G88', 'G89'), ('G88', 'G83'), ('G89', 'G82')]
+----------+----------------+-----------------+-----------------+------------------+
| G3       | G3(0.0)        | G3(0.0)         | G3(1.0)         | G3(1.0)          |
+----------+----------------+-----------------+-----------------+------------------+
| G93      | G93(0.0)       | G93(1.0)        | G93(0.0)        | G93(1.0)         |
+----------+----------------+-----------------+-----------------+------------------+
| G26(0.0) | 0.318181818182 | 0.956140350877  | 0.932432432432  | 0.996589358799   |
+----------+----------------+-----------------+-----------------+------------------+
| G26(1.0) | 0.681818181818 | 0.0438596491228 | 0.0675675675676 | 0.00341064120055 |
+----------+----------------+-----------------+-----------------+------------------+
+----------+----------+----------------+----------------+------------------+
| G95      | G95(0.0) | G95(0.0)       | G95(1.0)       | G95(1.0)         |
+----------+----------+----------------+----------------+------------------+
| G96      | G96(0.0) | G96(1.0)       | G96(0.0)       | G96(1.0)         |
+----------+----------+----------------+----------------+------------------+
| G27(0.0) | 0.5      | 0.716216216216 | 0.829411764706 | 0.996589358799   |
+----------+----------+----------------+----------------+------------------+
| G27(1.0) | 0.5      | 0.283783783784 | 0.170588235294 | 0.00341064120055 |
+----------+----------+----------------+----------------+------------------+
+----------+----------------+-----------------+----------------+----------------+
| G40      | G40(0.0)       | G40(0.0)        | G40(1.0)       | G40(1.0)       |
+----------+----------------+-----------------+----------------+----------------+
| G8       | G8(0.0)        | G8(1.0)         | G8(0.0)        | G8(1.0)        |
+----------+----------------+-----------------+----------------+----------------+
| G24(0.0) | 0.279005524862 | 0.0813953488372 | 0.414712153518 | 0.722222222222 |
+----------+----------------+-----------------+----------------+----------------+
| G24(1.0) | 0.720994475138 | 0.918604651163  | 0.585287846482 | 0.277777777778 |
+----------+----------------+-----------------+----------------+----------------+
+----------+-----------------+----------------+----------------+-----------------+
| G13      | G13(0.0)        | G13(0.0)       | G13(1.0)       | G13(1.0)        |
+----------+-----------------+----------------+----------------+-----------------+
| G23      | G23(0.0)        | G23(1.0)       | G23(0.0)       | G23(1.0)        |
+----------+-----------------+----------------+----------------+-----------------+
| G25(0.0) | 0.0675675675676 | 0.382352941176 | 0.603092783505 | 0.985190409027  |
+----------+-----------------+----------------+----------------+-----------------+
| G25(1.0) | 0.932432432432  | 0.617647058824 | 0.396907216495 | 0.0148095909732 |
+----------+-----------------+----------------+----------------+-----------------+
+----------+----------+----------------+----------+-----------------+
| G28      | G28(0.0) | G28(0.0)       | G28(1.0) | G28(1.0)        |
+----------+----------+----------------+----------+-----------------+
| G96      | G96(0.0) | G96(1.0)       | G96(0.0) | G96(1.0)        |
+----------+----------+----------------+----------+-----------------+
| G22(0.0) | 0.5      | 0.264705882353 | 0.5      | 0.996350364964  |
+----------+----------+----------------+----------+-----------------+
| G22(1.0) | 0.5      | 0.735294117647 | 0.5      | 0.0036496350365 |
+----------+----------+----------------+----------+-----------------+
+----------+----------+----------------+----------------+------------------+
| G94      | G94(0.0) | G94(0.0)       | G94(1.0)       | G94(1.0)         |
+----------+----------+----------------+----------------+------------------+
| G99      | G99(0.0) | G99(1.0)       | G99(0.0)       | G99(1.0)         |
+----------+----------+----------------+----------------+------------------+
| G23(0.0) | 0.5      | 0.623456790123 | 0.876470588235 | 0.00943396226415 |
+----------+----------+----------------+----------------+------------------+
| G23(1.0) | 0.5      | 0.376543209877 | 0.123529411765 | 0.990566037736   |
+----------+----------+----------------+----------------+------------------+
+----------+----------------+-----------------+----------+----------+
| G26      | G26(0.0)       | G26(0.0)        | G26(1.0) | G26(1.0) |
+----------+----------------+-----------------+----------+----------+
| G44      | G44(0.0)       | G44(1.0)        | G44(0.0) | G44(1.0) |
+----------+----------------+-----------------+----------+----------+
| G20(0.0) | 0.451219512195 | 0.0183776932826 | 0.58     | 0.5      |
+----------+----------------+-----------------+----------+----------+
| G20(1.0) | 0.548780487805 | 0.981622306717  | 0.42     | 0.5      |
+----------+----------------+-----------------+----------+----------+
+----------+----------------+----------------+----------------+----------------+
| G5       | G5(0.0)        | G5(0.0)        | G5(1.0)        | G5(1.0)        |
+----------+----------------+----------------+----------------+----------------+
| G75      | G75(0.0)       | G75(1.0)       | G75(0.0)       | G75(1.0)       |
+----------+----------------+----------------+----------------+----------------+
| G21(0.0) | 0.224137931034 | 0.878378378378 | 0.256097560976 | 0.435275080906 |
+----------+----------------+----------------+----------------+----------------+
| G21(1.0) | 0.775862068966 | 0.121621621622 | 0.743902439024 | 0.564724919094 |
+----------+----------------+----------------+----------------+----------------+
+----------+----------------+----------------+-----------------+------------------+
| G34      | G34(0.0)       | G34(0.0)       | G34(1.0)        | G34(1.0)         |
+----------+----------------+----------------+-----------------+------------------+
| G36      | G36(0.0)       | G36(1.0)       | G36(0.0)        | G36(1.0)         |
+----------+----------------+----------------+-----------------+------------------+
| G28(0.0) | 0.756880733945 | 0.277777777778 | 0.0342465753425 | 0.00373692077728 |
+----------+----------------+----------------+-----------------+------------------+
| G28(1.0) | 0.243119266055 | 0.722222222222 | 0.965753424658  | 0.996263079223   |
+----------+----------------+----------------+-----------------+------------------+
+----------+-----------------+----------------+----------------+----------------+
| G16      | G16(0.0)        | G16(0.0)       | G16(1.0)       | G16(1.0)       |
+----------+-----------------+----------------+----------------+----------------+
| G76      | G76(0.0)        | G76(1.0)       | G76(0.0)       | G76(1.0)       |
+----------+-----------------+----------------+----------------+----------------+
| G29(0.0) | 0.0364667747164 | 0.355670103093 | 0.231958762887 | 0.785714285714 |
+----------+-----------------+----------------+----------------+----------------+
| G29(1.0) | 0.963533225284  | 0.644329896907 | 0.768041237113 | 0.214285714286 |
+----------+-----------------+----------------+----------------+----------------+
+---------+-----------------+----------------+-----------------+-----------------+
| G1      | G1(0.0)         | G1(0.0)        | G1(1.0)         | G1(1.0)         |
+---------+-----------------+----------------+-----------------+-----------------+
| G23     | G23(0.0)        | G23(1.0)       | G23(0.0)        | G23(1.0)        |
+---------+-----------------+----------------+-----------------+-----------------+
| G7(0.0) | 0.0409836065574 | 0.807692307692 | 0.0342465753425 | 0.0172413793103 |
+---------+-----------------+----------------+-----------------+-----------------+
| G7(1.0) | 0.959016393443  | 0.192307692308 | 0.965753424658  | 0.98275862069   |
+---------+-----------------+----------------+-----------------+-----------------+
+---------+-----------------+----------------+-----------------+----------------+
| G52     | G52(0.0)        | G52(0.0)       | G52(1.0)        | G52(1.0)       |
+---------+-----------------+----------------+-----------------+----------------+
| G54     | G54(0.0)        | G54(1.0)       | G54(0.0)        | G54(1.0)       |
+---------+-----------------+----------------+-----------------+----------------+
| G6(0.0) | 0.0757575757576 | 0.829411764706 | 0.0317073170732 | 0.265363128492 |
+---------+-----------------+----------------+-----------------+----------------+
| G6(1.0) | 0.924242424242  | 0.170588235294 | 0.968292682927  | 0.734636871508 |
+---------+-----------------+----------------+-----------------+----------------+
+---------+----------------+----------------+
| G49     | G49(0.0)       | G49(1.0)       |
+---------+----------------+----------------+
| G5(0.0) | 0.474789915966 | 0.638263665595 |
+---------+----------------+----------------+
| G5(1.0) | 0.525210084034 | 0.361736334405 |
+---------+----------------+----------------+
+---------+----------------+----------------+----------------+----------------+
| G23     | G23(0.0)       | G23(0.0)       | G23(1.0)       | G23(1.0)       |
+---------+----------------+----------------+----------------+----------------+
| G54     | G54(0.0)       | G54(1.0)       | G54(0.0)       | G54(1.0)       |
+---------+----------------+----------------+----------------+----------------+
| G4(0.0) | 0.551948051948 | 0.745614035088 | 0.885093167702 | 0.110619469027 |
+---------+----------------+----------------+----------------+----------------+
| G4(1.0) | 0.448051948052 | 0.254385964912 | 0.114906832298 | 0.889380530973 |
+---------+----------------+----------------+----------------+----------------+
+---------+-----------------+-----------------+----------------+----------------+
| G19     | G19(0.0)        | G19(0.0)        | G19(1.0)       | G19(1.0)       |
+---------+-----------------+-----------------+----------------+----------------+
| G85     | G85(0.0)        | G85(1.0)        | G85(0.0)       | G85(1.0)       |
+---------+-----------------+-----------------+----------------+----------------+
| G3(0.0) | 0.0294117647059 | 0.0147392290249 | 0.867346938776 | 0.135087719298 |
+---------+-----------------+-----------------+----------------+----------------+
| G3(1.0) | 0.970588235294  | 0.985260770975  | 0.132653061224 | 0.864912280702 |
+---------+-----------------+-----------------+----------------+----------------+
+---------+----------------+---------------+----------+----------------+
| G1      | G1(0.0)        | G1(0.0)       | G1(1.0)  | G1(1.0)        |
+---------+----------------+---------------+----------+----------------+
| G44     | G44(0.0)       | G44(1.0)      | G44(0.0) | G44(1.0)       |
+---------+----------------+---------------+----------+----------------+
| G2(0.0) | 0.172131147541 | 0.67094017094 | 0.5      | 0.966765140325 |
+---------+----------------+---------------+----------+----------------+
| G2(1.0) | 0.827868852459 | 0.32905982906 | 0.5      | 0.033234859675 |
+---------+----------------+---------------+----------+----------------+
+---------+-----------------+------------------+----------------+----------------+
| G56     | G56(0.0)        | G56(0.0)         | G56(1.0)       | G56(1.0)       |
+---------+-----------------+------------------+----------------+----------------+
| G58     | G58(0.0)        | G58(1.0)         | G58(0.0)       | G58(1.0)       |
+---------+-----------------+------------------+----------------+----------------+
| G1(0.0) | 0.0409836065574 | 0.00415973377704 | 0.897790055249 | 0.617647058824 |
+---------+-----------------+------------------+----------------+----------------+
| G1(1.0) | 0.959016393443  | 0.995840266223   | 0.102209944751 | 0.382352941176 |
+---------+-----------------+------------------+----------------+----------------+
+---------+----------------+----------------+----------------+----------+
| G22     | G22(0.0)       | G22(0.0)       | G22(1.0)       | G22(1.0) |
+---------+----------------+----------------+----------------+----------+
| G41     | G41(0.0)       | G41(1.0)       | G41(0.0)       | G41(1.0) |
+---------+----------------+----------------+----------------+----------+
| G9(0.0) | 0.054609929078 | 0.588888888889 | 0.557142857143 | 0.5      |
+---------+----------------+----------------+----------------+----------+
| G9(1.0) | 0.945390070922 | 0.411111111111 | 0.442857142857 | 0.5      |
+---------+----------------+----------------+----------------+----------+
+---------+-----------------+----------------+----------------+-----------------+
| G23     | G23(0.0)        | G23(0.0)       | G23(1.0)       | G23(1.0)        |
+---------+-----------------+----------------+----------------+-----------------+
| G98     | G98(0.0)        | G98(1.0)       | G98(0.0)       | G98(1.0)        |
+---------+-----------------+----------------+----------------+-----------------+
| G8(0.0) | 0.0675675675676 | 0.396907216495 | 0.155913978495 | 0.939178515008  |
+---------+-----------------+----------------+----------------+-----------------+
| G8(1.0) | 0.932432432432  | 0.603092783505 | 0.844086021505 | 0.0608214849921 |
+---------+-----------------+----------------+----------------+-----------------+
+----------+----------+---------------+----------+-----------------+
| G50      | G50(0.0) | G50(0.0)      | G50(1.0) | G50(1.0)        |
+----------+----------+---------------+----------+-----------------+
| G96      | G96(0.0) | G96(1.0)      | G96(0.0) | G96(1.0)        |
+----------+----------+---------------+----------+-----------------+
| G53(0.0) | 0.5      | 0.40977443609 | 0.5      | 0.970957613815  |
+----------+----------+---------------+----------+-----------------+
| G53(1.0) | 0.5      | 0.59022556391 | 0.5      | 0.0290423861852 |
+----------+----------+---------------+----------+-----------------+
+----------+----------------+----------------+----------------+------------------+
| G39      | G39(0.0)       | G39(0.0)       | G39(1.0)       | G39(1.0)         |
+----------+----------------+----------------+----------------+------------------+
| G48      | G48(0.0)       | G48(1.0)       | G48(0.0)       | G48(1.0)         |
+----------+----------------+----------------+----------------+------------------+
| G52(0.0) | 0.132653061224 | 0.277777777778 | 0.880165289256 | 0.00367107195301 |
+----------+----------------+----------------+----------------+------------------+
| G52(1.0) | 0.867346938776 | 0.722222222222 | 0.119834710744 | 0.996328928047   |
+----------+----------------+----------------+----------------+------------------+
+----------+-----------+-----------------+-----------------+----------------+
| G100     | G100(0.0) | G100(0.0)       | G100(1.0)       | G100(1.0)      |
+----------+-----------+-----------------+-----------------+----------------+
| G74      | G74(0.0)  | G74(1.0)        | G74(0.0)        | G74(1.0)       |
+----------+-----------+-----------------+-----------------+----------------+
| G51(0.0) | 0.5       | 0.0555555555556 | 0.0609756097561 | 0.809492847854 |
+----------+-----------+-----------------+-----------------+----------------+
| G51(1.0) | 0.5       | 0.944444444444  | 0.939024390244  | 0.190507152146 |
+----------+-----------+-----------------+-----------------+----------------+
+----------+----------------+----------------+----------------+-----------------+
| G55      | G55(0.0)       | G55(0.0)       | G55(1.0)       | G55(1.0)        |
+----------+----------------+----------------+----------------+-----------------+
| G75      | G75(0.0)       | G75(1.0)       | G75(0.0)       | G75(1.0)        |
+----------+----------------+----------------+----------------+-----------------+
| G50(0.0) | 0.722222222222 | 0.595238095238 | 0.696721311475 | 0.0386861313869 |
+----------+----------------+----------------+----------------+-----------------+
| G50(1.0) | 0.277777777778 | 0.404761904762 | 0.303278688525 | 0.961313868613  |
+----------+----------------+----------------+----------------+-----------------+
+----------+----------+----------------+----------+----------------+
| G96      | G96(0.0) | G96(0.0)       | G96(1.0) | G96(1.0)       |
+----------+----------+----------------+----------+----------------+
| G98      | G98(0.0) | G98(1.0)       | G98(0.0) | G98(1.0)       |
+----------+----------+----------------+----------+----------------+
| G57(0.0) | 0.5      | 0.782352941176 | 0.852    | 0.127906976744 |
+----------+----------+----------------+----------+----------------+
| G57(1.0) | 0.5      | 0.217647058824 | 0.148    | 0.872093023256 |
+----------+----------+----------------+----------+----------------+
+----------+----------------+-----------------+----------------+-----------------+
| G31      | G31(0.0)       | G31(0.0)        | G31(1.0)       | G31(1.0)        |
+----------+----------------+-----------------+----------------+-----------------+
| G58      | G58(0.0)       | G58(1.0)        | G58(0.0)       | G58(1.0)        |
+----------+----------------+-----------------+----------------+-----------------+
| G56(0.0) | 0.785714285714 | 0.980620155039  | 0.116580310881 | 0.970347648262  |
+----------+----------------+-----------------+----------------+-----------------+
| G56(1.0) | 0.214285714286 | 0.0193798449612 | 0.883419689119 | 0.0296523517382 |
+----------+----------------+-----------------+----------------+-----------------+
+----------+-----------------+---------------+-----------------+-----------------+
| G1       | G1(0.0)         | G1(0.0)       | G1(1.0)         | G1(1.0)         |
+----------+-----------------+---------------+-----------------+-----------------+
| G85      | G85(0.0)        | G85(1.0)      | G85(0.0)        | G85(1.0)        |
+----------+-----------------+---------------+-----------------+-----------------+
| G55(0.0) | 0.944444444444  | 0.43984962406 | 0.0730337078652 | 0.0109612141653 |
+----------+-----------------+---------------+-----------------+-----------------+
| G55(1.0) | 0.0555555555556 | 0.56015037594 | 0.926966292135  | 0.989038785835  |
+----------+-----------------+---------------+-----------------+-----------------+
+----------+----------------+-----------------+----------------+----------------+
| G25      | G25(0.0)       | G25(0.0)        | G25(1.0)       | G25(1.0)       |
+----------+----------------+-----------------+----------------+----------------+
| G5       | G5(0.0)        | G5(1.0)         | G5(0.0)        | G5(1.0)        |
+----------+----------------+-----------------+----------------+----------------+
| G54(0.0) | 0.344705882353 | 0.0307917888563 | 0.876470588235 | 0.722222222222 |
+----------+----------------+-----------------+----------------+----------------+
| G54(1.0) | 0.655294117647 | 0.969208211144  | 0.123529411765 | 0.277777777778 |
+----------+----------------+-----------------+----------------+----------------+
+----------+----------------+----------------+-----------------+-----------------+
| G58      | G58(0.0)       | G58(0.0)       | G58(1.0)        | G58(1.0)        |
+----------+----------------+----------------+-----------------+-----------------+
| G71      | G71(0.0)       | G71(1.0)       | G71(0.0)        | G71(1.0)        |
+----------+----------------+----------------+-----------------+-----------------+
| G59(0.0) | 0.846820809249 | 0.326086956522 | 0.0726495726496 | 0.0757575757576 |
+----------+----------------+----------------+-----------------+-----------------+
| G59(1.0) | 0.153179190751 | 0.673913043478 | 0.92735042735   | 0.924242424242  |
+----------+----------------+----------------+-----------------+-----------------+
+----------+----------------+------------------+----------------+-----------------+
| G19      | G19(0.0)       | G19(0.0)         | G19(1.0)       | G19(1.0)        |
+----------+----------------+------------------+----------------+-----------------+
| G5       | G5(0.0)        | G5(1.0)          | G5(0.0)        | G5(1.0)         |
+----------+----------------+------------------+----------------+-----------------+
| G58(0.0) | 0.226829268293 | 0.00778816199377 | 0.624590163934 | 0.0862068965517 |
+----------+----------------+------------------+----------------+-----------------+
| G58(1.0) | 0.773170731707 | 0.992211838006   | 0.375409836066 | 0.913793103448  |
+----------+----------------+------------------+----------------+-----------------+
+----------+-----------------+---------------+-----------------+----------------+
| G17      | G17(0.0)        | G17(0.0)      | G17(1.0)        | G17(1.0)       |
+----------+-----------------+---------------+-----------------+----------------+
| G34      | G34(0.0)        | G34(1.0)      | G34(0.0)        | G34(1.0)       |
+----------+-----------------+---------------+-----------------+----------------+
| G40(0.0) | 0.939024390244  | 0.56936416185 | 0.967532467532  | 0.173110720562 |
+----------+-----------------+---------------+-----------------+----------------+
| G40(1.0) | 0.0609756097561 | 0.43063583815 | 0.0324675324675 | 0.826889279438 |
+----------+-----------------+---------------+-----------------+----------------+
+----------+------------------+-----------------+----------------+----------+
| G46      | G46(0.0)         | G46(0.0)        | G46(1.0)       | G46(1.0) |
+----------+------------------+-----------------+----------------+----------+
| G84      | G84(0.0)         | G84(1.0)        | G84(0.0)       | G84(1.0) |
+----------+------------------+-----------------+----------------+----------+
| G41(0.0) | 0.996831432193   | 0.0555555555556 | 0.880952380952 | 0.5      |
+----------+------------------+-----------------+----------------+----------+
| G41(1.0) | 0.00316856780735 | 0.944444444444  | 0.119047619048 | 0.5      |
+----------+------------------+-----------------+----------------+----------+
+----------+-----------------+----------------+----------------+----------------+
| G50      | G50(0.0)        | G50(0.0)       | G50(1.0)       | G50(1.0)       |
+----------+-----------------+----------------+----------------+----------------+
| G91      | G91(0.0)        | G91(1.0)       | G91(0.0)       | G91(1.0)       |
+----------+-----------------+----------------+----------------+----------------+
| G42(0.0) | 0.0510204081633 | 0.252808988764 | 0.490783410138 | 0.725742574257 |
+----------+-----------------+----------------+----------------+----------------+
| G42(1.0) | 0.948979591837  | 0.747191011236 | 0.509216589862 | 0.274257425743 |
+----------+-----------------+----------------+----------------+----------------+
+----------+----------------+-----------------+----------------+----------------+
| G42      | G42(0.0)       | G42(0.0)        | G42(1.0)       | G42(1.0)       |
+----------+----------------+-----------------+----------------+----------------+
| G76      | G76(0.0)       | G76(1.0)        | G76(0.0)       | G76(1.0)       |
+----------+----------------+-----------------+----------------+----------------+
| G43(0.0) | 0.426773455378 | 0.0409836065574 | 0.716606498195 | 0.264705882353 |
+----------+----------------+-----------------+----------------+----------------+
| G43(1.0) | 0.573226544622 | 0.959016393443  | 0.283393501805 | 0.735294117647 |
+----------+----------------+-----------------+----------------+----------------+
+----------+-----------------+----------------+----------------+------------------+
| G39      | G39(0.0)        | G39(0.0)       | G39(1.0)       | G39(1.0)         |
+----------+-----------------+----------------+----------------+------------------+
| G7       | G7(0.0)         | G7(1.0)        | G7(0.0)        | G7(1.0)          |
+----------+-----------------+----------------+----------------+------------------+
| G44(0.0) | 0.913793103448  | 0.224137931034 | 0.376543209877 | 0.00346740638003 |
+----------+-----------------+----------------+----------------+------------------+
| G44(1.0) | 0.0862068965517 | 0.775862068966 | 0.623456790123 | 0.99653259362    |
+----------+-----------------+----------------+----------------+------------------+
+----------+----------------+-----------------+----------+----------+
| G26      | G26(0.0)       | G26(0.0)        | G26(1.0) | G26(1.0) |
+----------+----------------+-----------------+----------+----------+
| G93      | G93(0.0)       | G93(1.0)        | G93(0.0) | G93(1.0) |
+----------+----------------+-----------------+----------+----------+
| G45(0.0) | 0.233333333333 | 0.0031847133758 | 0.9      | 0.5      |
+----------+----------------+-----------------+----------+----------+
| G45(1.0) | 0.766666666667 | 0.996815286624  | 0.1      | 0.5      |
+----------+----------------+-----------------+----------+----------+
+----------+-----------+----------------+------------------+----------------+
| G100     | G100(0.0) | G100(0.0)      | G100(1.0)        | G100(1.0)      |
+----------+-----------+----------------+------------------+----------------+
| G25      | G25(0.0)  | G25(1.0)       | G25(0.0)         | G25(1.0)       |
+----------+-----------+----------------+------------------+----------------+
| G46(0.0) | 0.5       | 0.855555555556 | 0.996714848883   | 0.704081632653 |
+----------+-----------+----------------+------------------+----------------+
| G46(1.0) | 0.5       | 0.144444444444 | 0.00328515111695 | 0.295918367347 |
+----------+-----------+----------------+------------------+----------------+
+----------+----------------+----------------+----------------+-----------------+
| G20      | G20(0.0)       | G20(0.0)       | G20(1.0)       | G20(1.0)        |
+----------+----------------+----------------+----------------+-----------------+
| G28      | G28(0.0)       | G28(1.0)       | G28(0.0)       | G28(1.0)        |
+----------+----------------+----------------+----------------+-----------------+
| G47(0.0) | 0.722222222222 | 0.743902439024 | 0.228395061728 | 0.969135802469  |
+----------+----------------+----------------+----------------+-----------------+
| G47(1.0) | 0.277777777778 | 0.256097560976 | 0.771604938272 | 0.0308641975309 |
+----------+----------------+----------------+----------------+-----------------+
+----------+----------+----------------+-----------------+-----------------+
| G30      | G30(0.0) | G30(0.0)       | G30(1.0)        | G30(1.0)        |
+----------+----------+----------------+-----------------+-----------------+
| G34      | G34(0.0) | G34(1.0)       | G34(0.0)        | G34(1.0)        |
+----------+----------+----------------+-----------------+-----------------+
| G48(0.0) | 0.5      | 0.351239669421 | 0.977876106195  | 0.0233494363929 |
+----------+----------+----------------+-----------------+-----------------+
| G48(1.0) | 0.5      | 0.648760330579 | 0.0221238938053 | 0.976650563607  |
+----------+----------+----------------+-----------------+-----------------+
+----------+----------+
| G49(0.0) | 0.276744 |
+----------+----------+
| G49(1.0) | 0.723256 |
+----------+----------+
+----------+----------------+----------------+----------------+----------+
| G28      | G28(0.0)       | G28(0.0)       | G28(1.0)       | G28(1.0) |
+----------+----------------+----------------+----------------+----------+
| G72      | G72(0.0)       | G72(1.0)       | G72(0.0)       | G72(1.0) |
+----------+----------------+----------------+----------------+----------+
| G75(0.0) | 0.132653061224 | 0.841463414634 | 0.031914893617 | 0.1      |
+----------+----------------+----------------+----------------+----------+
| G75(1.0) | 0.867346938776 | 0.158536585366 | 0.968085106383 | 0.9      |
+----------+----------------+----------------+----------------+----------+
+----------+-----------------+----------------+----------------+------------------+
| G13      | G13(0.0)        | G13(0.0)       | G13(1.0)       | G13(1.0)         |
+----------+-----------------+----------------+----------------+------------------+
| G99      | G99(0.0)        | G99(1.0)       | G99(0.0)       | G99(1.0)         |
+----------+-----------------+----------------+----------------+------------------+
| G74(0.0) | 0.0555555555556 | 0.277777777778 | 0.855555555556 | 0.00328515111695 |
+----------+-----------------+----------------+----------------+------------------+
| G74(1.0) | 0.944444444444  | 0.722222222222 | 0.144444444444 | 0.996714848883   |
+----------+-----------------+----------------+----------------+------------------+
+----------+----------+------------------+-----------------+----------------+
| G60      | G60(0.0) | G60(0.0)         | G60(1.0)        | G60(1.0)       |
+----------+----------+------------------+-----------------+----------------+
| G74      | G74(0.0) | G74(1.0)         | G74(0.0)        | G74(1.0)       |
+----------+----------+------------------+-----------------+----------------+
| G77(0.0) | 0.5      | 0.992401215805   | 0.0609756097561 | 0.887628865979 |
+----------+----------+------------------+-----------------+----------------+
| G77(1.0) | 0.5      | 0.00759878419453 | 0.939024390244  | 0.112371134021 |
+----------+----------+------------------+-----------------+----------------+
+----------+-----------------+----------------+----------------+-----------------+
| G3       | G3(0.0)         | G3(0.0)        | G3(1.0)        | G3(1.0)         |
+----------+-----------------+----------------+----------------+-----------------+
| G40      | G40(0.0)        | G40(1.0)       | G40(0.0)       | G40(1.0)        |
+----------+-----------------+----------------+----------------+-----------------+
| G76(0.0) | 0.0555555555556 | 0.855555555556 | 0.643396226415 | 0.99504950495   |
+----------+-----------------+----------------+----------------+-----------------+
| G76(1.0) | 0.944444444444  | 0.144444444444 | 0.356603773585 | 0.0049504950495 |
+----------+-----------------+----------------+----------------+-----------------+
+----------+-----------------+-----------+----------------+-----------------+
| G100     | G100(0.0)       | G100(0.0) | G100(1.0)      | G100(1.0)       |
+----------+-----------------+-----------+----------------+-----------------+
| G41      | G41(0.0)        | G41(1.0)  | G41(0.0)       | G41(1.0)        |
+----------+-----------------+-----------+----------------+-----------------+
| G71(0.0) | 0.0555555555556 | 0.5       | 0.981045751634 | 0.0555555555556 |
+----------+-----------------+-----------+----------------+-----------------+
| G71(1.0) | 0.944444444444  | 0.5       | 0.018954248366 | 0.944444444444  |
+----------+-----------------+-----------+----------------+-----------------+
+----------+-----------------+----------+---------------+----------------+
| G47      | G47(0.0)        | G47(0.0) | G47(1.0)      | G47(1.0)       |
+----------+-----------------+----------+---------------+----------------+
| G72      | G72(0.0)        | G72(1.0) | G72(0.0)      | G72(1.0)       |
+----------+-----------------+----------+---------------+----------------+
| G70(0.0) | 0.910841654779  | 0.5      | 0.27358490566 | 0.144444444444 |
+----------+-----------------+----------+---------------+----------------+
| G70(1.0) | 0.0891583452211 | 0.5      | 0.72641509434 | 0.855555555556 |
+----------+-----------------+----------+---------------+----------------+
+----------+----------------+-----------------+-----------------+----------------+
| G72      | G72(0.0)       | G72(0.0)        | G72(1.0)        | G72(1.0)       |
+----------+----------------+-----------------+-----------------+----------------+
| G79      | G79(0.0)       | G79(1.0)        | G79(0.0)        | G79(1.0)       |
+----------+----------------+-----------------+-----------------+----------------+
| G73(0.0) | 0.691780821918 | 0.978707782673  | 0.913793103448  | 0.448051948052 |
+----------+----------------+-----------------+-----------------+----------------+
| G73(1.0) | 0.308219178082 | 0.0212922173275 | 0.0862068965517 | 0.551948051948 |
+----------+----------------+-----------------+-----------------+----------------+
+----------+-----------------+----------------+----------------+-----------------+
| G12      | G12(0.0)        | G12(0.0)       | G12(1.0)       | G12(1.0)        |
+----------+-----------------+----------------+----------------+-----------------+
| G29      | G29(0.0)        | G29(1.0)       | G29(0.0)       | G29(1.0)        |
+----------+-----------------+----------------+----------------+-----------------+
| G72(0.0) | 0.0438596491228 | 0.876470588235 | 0.762295081967 | 0.959665144597  |
+----------+-----------------+----------------+----------------+-----------------+
| G72(1.0) | 0.956140350877  | 0.123529411765 | 0.237704918033 | 0.0403348554033 |
+----------+-----------------+----------------+----------------+-----------------+
+----------+-----------------+----------------+-----------------+-----------------+
| G13      | G13(0.0)        | G13(0.0)       | G13(1.0)        | G13(1.0)        |
+----------+-----------------+----------------+-----------------+-----------------+
| G98      | G98(0.0)        | G98(1.0)       | G98(0.0)        | G98(1.0)        |
+----------+-----------------+----------------+-----------------+-----------------+
| G79(0.0) | 0.0555555555556 | 0.722222222222 | 0.970588235294  | 0.0145631067961 |
+----------+-----------------+----------------+-----------------+-----------------+
| G79(1.0) | 0.944444444444  | 0.277777777778 | 0.0294117647059 | 0.985436893204  |
+----------+-----------------+----------------+-----------------+-----------------+
+----------+----------------+-----------------+----------------+----------------+
| G23      | G23(0.0)       | G23(0.0)        | G23(1.0)       | G23(1.0)       |
+----------+----------------+-----------------+----------------+----------------+
| G9       | G9(0.0)        | G9(1.0)         | G9(0.0)        | G9(1.0)        |
+----------+----------------+-----------------+----------------+----------------+
| G78(0.0) | 0.775862068966 | 0.0619047619048 | 0.685567010309 | 0.474562798092 |
+----------+----------------+-----------------+----------------+----------------+
| G78(1.0) | 0.224137931034 | 0.938095238095  | 0.314432989691 | 0.525437201908 |
+----------+----------------+-----------------+----------------+----------------+
+----------+----------+----------------+----------------+----------------+
| G75      | G75(0.0) | G75(0.0)       | G75(1.0)       | G75(1.0)       |
+----------+----------+----------------+----------------+----------------+
| G96      | G96(0.0) | G96(1.0)       | G96(0.0)       | G96(1.0)       |
+----------+----------+----------------+----------------+----------------+
| G68(0.0) | 0.5      | 0.407692307692 | 0.405882352941 | 0.797872340426 |
+----------+----------+----------------+----------------+----------------+
| G68(1.0) | 0.5      | 0.592307692308 | 0.594117647059 | 0.202127659574 |
+----------+----------+----------------+----------------+----------------+
+----------+----------------+----------------+----------------+----------------+
| G22      | G22(0.0)       | G22(0.0)       | G22(1.0)       | G22(1.0)       |
+----------+----------------+----------------+----------------+----------------+
| G83      | G83(0.0)       | G83(1.0)       | G83(0.0)       | G83(1.0)       |
+----------+----------------+----------------+----------------+----------------+
| G69(0.0) | 0.472602739726 | 0.222304283604 | 0.743902439024 | 0.442028985507 |
+----------+----------------+----------------+----------------+----------------+
| G69(1.0) | 0.527397260274 | 0.777695716396 | 0.256097560976 | 0.557971014493 |
+----------+----------------+----------------+----------------+----------------+
+----------+----------+----------------+-----------------+---------------+
| G28      | G28(0.0) | G28(0.0)       | G28(1.0)        | G28(1.0)      |
+----------+----------+----------------+-----------------+---------------+
| G47      | G47(0.0) | G47(1.0)       | G47(0.0)        | G47(1.0)      |
+----------+----------+----------------+-----------------+---------------+
| G62(0.0) | 0.1      | 0.776923076923 | 0.0033921302578 | 0.19696969697 |
+----------+----------+----------------+-----------------+---------------+
| G62(1.0) | 0.9      | 0.223076923077 | 0.996607869742  | 0.80303030303 |
+----------+----------+----------------+-----------------+---------------+
+----------+----------------+----------------+----------------+----------------+
| G61      | G61(0.0)       | G61(0.0)       | G61(1.0)       | G61(1.0)       |
+----------+----------------+----------------+----------------+----------------+
| G92      | G92(0.0)       | G92(1.0)       | G92(0.0)       | G92(1.0)       |
+----------+----------------+----------------+----------------+----------------+
| G63(0.0) | 0.852941176471 | 0.127118644068 | 0.768041237113 | 0.369947275923 |
+----------+----------------+----------------+----------------+----------------+
| G63(1.0) | 0.147058823529 | 0.872881355932 | 0.231958762887 | 0.630052724077 |
+----------+----------------+----------------+----------------+----------------+
+----------+----------------+----------------+----------------+---------------+
| G14      | G14(0.0)       | G14(0.0)       | G14(1.0)       | G14(1.0)      |
+----------+----------------+----------------+----------------+---------------+
| G5       | G5(0.0)        | G5(1.0)        | G5(0.0)        | G5(1.0)       |
+----------+----------------+----------------+----------------+---------------+
| G60(0.0) | 0.526845637584 | 0.617647058824 | 0.228531855956 | 0.39847715736 |
+----------+----------------+----------------+----------------+---------------+
| G60(1.0) | 0.473154362416 | 0.382352941176 | 0.771468144044 | 0.60152284264 |
+----------+----------------+----------------+----------------+---------------+
+----------+----------------+----------------+----------+----------------+
| G11      | G11(0.0)       | G11(0.0)       | G11(1.0) | G11(1.0)       |
+----------+----------------+----------------+----------+----------------+
| G79      | G79(0.0)       | G79(1.0)       | G79(0.0) | G79(1.0)       |
+----------+----------------+----------------+----------+----------------+
| G61(0.0) | 0.801369863014 | 0.322222222222 | 0.5      | 0.149368863955 |
+----------+----------------+----------------+----------+----------------+
| G61(1.0) | 0.198630136986 | 0.677777777778 | 0.5      | 0.850631136045 |
+----------+----------------+----------------+----------+----------------+
+----------+----------------+----------------+----------------+----------------+
| G29      | G29(0.0)       | G29(0.0)       | G29(1.0)       | G29(1.0)       |
+----------+----------------+----------------+----------------+----------------+
| G88      | G88(0.0)       | G88(1.0)       | G88(0.0)       | G88(1.0)       |
+----------+----------------+----------------+----------------+----------------+
| G66(0.0) | 0.646341463415 | 0.396103896104 | 0.384057971014 | 0.205794947994 |
+----------+----------------+----------------+----------------+----------------+
| G66(1.0) | 0.353658536585 | 0.603896103896 | 0.615942028986 | 0.794205052006 |
+----------+----------------+----------------+----------------+----------------+
+----------+----------------+----------------+-----------------+-----------------+
| G72      | G72(0.0)       | G72(0.0)       | G72(1.0)        | G72(1.0)        |
+----------+----------------+----------------+-----------------+-----------------+
| G76      | G76(0.0)       | G76(1.0)       | G76(0.0)        | G76(1.0)        |
+----------+----------------+----------------+-----------------+-----------------+
| G67(0.0) | 0.457639939486 | 0.844086021505 | 0.0471698113208 | 0.0471698113208 |
+----------+----------------+----------------+-----------------+-----------------+
| G67(1.0) | 0.542360060514 | 0.155913978495 | 0.952830188679  | 0.952830188679  |
+----------+----------------+----------------+-----------------+-----------------+
+----------+-----------------+----------------+----------------+----------------+
| G31      | G31(0.0)        | G31(0.0)       | G31(1.0)       | G31(1.0)       |
+----------+-----------------+----------------+----------------+----------------+
| G4       | G4(0.0)         | G4(1.0)        | G4(0.0)        | G4(1.0)        |
+----------+-----------------+----------------+----------------+----------------+
| G64(0.0) | 0.0308641975309 | 0.768041237113 | 0.605263157895 | 0.817124735729 |
+----------+-----------------+----------------+----------------+----------------+
| G64(1.0) | 0.969135802469  | 0.231958762887 | 0.394736842105 | 0.182875264271 |
+----------+-----------------+----------------+----------------+----------------+
+----------+----------------+----------------+----------------+----------------+
| G30      | G30(0.0)       | G30(0.0)       | G30(1.0)       | G30(1.0)       |
+----------+----------------+----------------+----------------+----------------+
| G64      | G64(0.0)       | G64(1.0)       | G64(0.0)       | G64(1.0)       |
+----------+----------------+----------------+----------------+----------------+
| G65(0.0) | 0.228395061728 | 0.144444444444 | 0.625736738703 | 0.491111111111 |
+----------+----------------+----------------+----------------+----------------+
| G65(1.0) | 0.771604938272 | 0.855555555556 | 0.374263261297 | 0.508888888889 |
+----------+----------------+----------------+----------------+----------------+
+-----------+----------------+-----------------+------------------+-----------------+
| G50       | G50(0.0)       | G50(0.0)        | G50(1.0)         | G50(1.0)        |
+-----------+----------------+-----------------+------------------+-----------------+
| G76       | G76(0.0)       | G76(1.0)        | G76(0.0)         | G76(1.0)        |
+-----------+----------------+-----------------+------------------+-----------------+
| G100(0.0) | 0.745614035088 | 0.0308641975309 | 0.00380517503805 | 0.0384615384615 |
+-----------+----------------+-----------------+------------------+-----------------+
| G100(1.0) | 0.254385964912 | 0.969135802469  | 0.996194824962   | 0.961538461538  |
+-----------+----------------+-----------------+------------------+-----------------+
+----------+----------------+-----------------+
| G5       | G5(0.0)        | G5(1.0)         |
+----------+----------------+-----------------+
| G19(0.0) | 0.401960784314 | 0.917142857143  |
+----------+----------------+-----------------+
| G19(1.0) | 0.598039215686 | 0.0828571428571 |
+----------+----------------+-----------------+
+----------+----------------+------------------+----------------+----------------+
| G71      | G71(0.0)       | G71(0.0)         | G71(1.0)       | G71(1.0)       |
+----------+----------------+------------------+----------------+----------------+
| G94      | G94(0.0)       | G94(1.0)         | G94(0.0)       | G94(1.0)       |
+----------+----------------+------------------+----------------+----------------+
| G18(0.0) | 0.766666666667 | 0.00350631136045 | 0.256097560976 | 0.106557377049 |
+----------+----------------+------------------+----------------+----------------+
| G18(1.0) | 0.233333333333 | 0.99649368864    | 0.743902439024 | 0.893442622951 |
+----------+----------------+------------------+----------------+----------------+
+----------+-----------------+----------------+-----------------+----------------+
| G1       | G1(0.0)         | G1(0.0)        | G1(1.0)         | G1(1.0)        |
+----------+-----------------+----------------+-----------------+----------------+
| G19      | G19(0.0)        | G19(1.0)       | G19(0.0)        | G19(1.0)       |
+----------+-----------------+----------------+-----------------+----------------+
| G17(0.0) | 0.0438596491228 | 0.185950413223 | 0.0735607675906 | 0.725352112676 |
+----------+-----------------+----------------+-----------------+----------------+
| G17(1.0) | 0.956140350877  | 0.814049586777 | 0.926439232409  | 0.274647887324 |
+----------+-----------------+----------------+-----------------+----------------+
+----------+-----------------+----------------+----------------+-----------------+
| G34      | G34(0.0)        | G34(0.0)       | G34(1.0)       | G34(1.0)        |
+----------+-----------------+----------------+----------------+-----------------+
| G79      | G79(0.0)        | G79(1.0)       | G79(0.0)       | G79(1.0)        |
+----------+-----------------+----------------+----------------+-----------------+
| G16(0.0) | 0.0757575757576 | 0.452941176471 | 0.615942028986 | 0.936849925706  |
+----------+-----------------+----------------+----------------+-----------------+
| G16(1.0) | 0.924242424242  | 0.547058823529 | 0.384057971014 | 0.0631500742942 |
+----------+-----------------+----------------+----------------+-----------------+
+----------+-----------------+-----------------+----------------+----------------+
| G70      | G70(0.0)        | G70(0.0)        | G70(1.0)       | G70(1.0)       |
+----------+-----------------+-----------------+----------------+----------------+
| G77      | G77(0.0)        | G77(1.0)        | G77(0.0)       | G77(1.0)       |
+----------+-----------------+-----------------+----------------+----------------+
| G15(0.0) | 0.0172413793103 | 0.91975308642   | 0.016339869281 | 0.852941176471 |
+----------+-----------------+-----------------+----------------+----------------+
| G15(1.0) | 0.98275862069   | 0.0802469135802 | 0.983660130719 | 0.147058823529 |
+----------+-----------------+-----------------+----------------+----------------+
+----------+----------------+-----------------+-----------------+----------------+
| G12      | G12(0.0)       | G12(0.0)        | G12(1.0)        | G12(1.0)       |
+----------+----------------+-----------------+-----------------+----------------+
| G4       | G4(0.0)        | G4(1.0)         | G4(0.0)         | G4(1.0)        |
+----------+----------------+-----------------+-----------------+----------------+
| G14(0.0) | 0.214285714286 | 0.930107526882  | 0.0767634854772 | 0.390985324948 |
+----------+----------------+-----------------+-----------------+----------------+
| G14(1.0) | 0.785714285714 | 0.0698924731183 | 0.923236514523  | 0.609014675052 |
+----------+----------------+-----------------+-----------------+----------------+
+----------+-----------------+-----------------+------------------+-----------------+
| G28      | G28(0.0)        | G28(0.0)        | G28(1.0)         | G28(1.0)        |
+----------+-----------------+-----------------+------------------+-----------------+
| G76      | G76(0.0)        | G76(1.0)        | G76(0.0)         | G76(1.0)        |
+----------+-----------------+-----------------+------------------+-----------------+
| G13(0.0) | 0.944444444444  | 0.0555555555556 | 0.00971599402093 | 0.0247524752475 |
+----------+-----------------+-----------------+------------------+-----------------+
| G13(1.0) | 0.0555555555556 | 0.944444444444  | 0.990284005979   | 0.975247524752  |
+----------+-----------------+-----------------+------------------+-----------------+
+----------+-----------------+----------------+-----------------+-----------------+
| G13      | G13(0.0)        | G13(0.0)       | G13(1.0)        | G13(1.0)        |
+----------+-----------------+----------------+-----------------+-----------------+
| G34      | G34(0.0)        | G34(1.0)       | G34(0.0)        | G34(1.0)        |
+----------+-----------------+----------------+-----------------+-----------------+
| G12(0.0) | 0.0555555555556 | 0.722222222222 | 0.965753424658  | 0.0852660300136 |
+----------+-----------------+----------------+-----------------+-----------------+
| G12(1.0) | 0.944444444444  | 0.277777777778 | 0.0342465753425 | 0.914733969986  |
+----------+-----------------+----------------+-----------------+-----------------+
+----------+----------------+------------------+----------------+----------------+
| G5       | G5(0.0)        | G5(0.0)          | G5(1.0)        | G5(1.0)        |
+----------+----------------+------------------+----------------+----------------+
| G79      | G79(0.0)       | G79(1.0)         | G79(0.0)       | G79(1.0)       |
+----------+----------------+------------------+----------------+----------------+
| G11(0.0) | 0.735294117647 | 0.00588235294118 | 0.617647058824 | 0.127627627628 |
+----------+----------------+------------------+----------------+----------------+
| G11(1.0) | 0.264705882353 | 0.994117647059   | 0.382352941176 | 0.872372372372 |
+----------+----------------+------------------+----------------+----------------+
+----------+----------------+----------------+-----------------+-----------------+
| G2       | G2(0.0)        | G2(0.0)        | G2(1.0)         | G2(1.0)         |
+----------+----------------+----------------+-----------------+-----------------+
| G58      | G58(0.0)       | G58(1.0)       | G58(0.0)        | G58(1.0)        |
+----------+----------------+----------------+-----------------+-----------------+
| G10(0.0) | 0.239130434783 | 0.701709401709 | 0.0308641975309 | 0.0757575757576 |
+----------+----------------+----------------+-----------------+-----------------+
| G10(1.0) | 0.760869565217 | 0.298290598291 | 0.969135802469  | 0.924242424242  |
+----------+----------------+----------------+-----------------+-----------------+
+----------+-----------------+----------------+----------+-----------------+
| G53      | G53(0.0)        | G53(0.0)       | G53(1.0) | G53(1.0)        |
+----------+-----------------+----------------+----------+-----------------+
| G93      | G93(0.0)        | G93(1.0)       | G93(0.0) | G93(1.0)        |
+----------+-----------------+----------------+----------+-----------------+
| G97(0.0) | 0.961538461538  | 0.549004594181 | 0.5      | 0.0766423357664 |
+----------+-----------------+----------------+----------+-----------------+
| G97(1.0) | 0.0384615384615 | 0.450995405819 | 0.5      | 0.923357664234  |
+----------+-----------------+----------------+----------+-----------------+
+----------+---------------+-----------------+-----------------+-----------------+
| G54      | G54(0.0)      | G54(0.0)        | G54(1.0)        | G54(1.0)        |
+----------+---------------+-----------------+-----------------+-----------------+
| G8       | G8(0.0)       | G8(1.0)         | G8(0.0)         | G8(1.0)         |
+----------+---------------+-----------------+-----------------+-----------------+
| G96(0.0) | 0.67094017094 | 0.0206611570248 | 0.0121951219512 | 0.0280898876404 |
+----------+---------------+-----------------+-----------------+-----------------+
| G96(1.0) | 0.32905982906 | 0.979338842975  | 0.987804878049  | 0.97191011236   |
+----------+---------------+-----------------+-----------------+-----------------+
+----------+-----------------+----------------+-----------------+------------------+
| G18      | G18(0.0)        | G18(0.0)       | G18(1.0)        | G18(1.0)         |
+----------+-----------------+----------------+-----------------+------------------+
| G3       | G3(0.0)         | G3(1.0)        | G3(0.0)         | G3(1.0)          |
+----------+-----------------+----------------+-----------------+------------------+
| G95(0.0) | 0.932432432432  | 0.147058823529 | 0.0471698113208 | 0.00332005312085 |
+----------+-----------------+----------------+-----------------+------------------+
| G95(1.0) | 0.0675675675676 | 0.852941176471 | 0.952830188679  | 0.996679946879   |
+----------+-----------------+----------------+-----------------+------------------+
+----------+-----------+----------------+-----------+------------------+
| G100     | G100(0.0) | G100(0.0)      | G100(1.0) | G100(1.0)        |
+----------+-----------+----------------+-----------+------------------+
| G3       | G3(0.0)   | G3(1.0)        | G3(0.0)   | G3(1.0)          |
+----------+-----------+----------------+-----------+------------------+
| G94(0.0) | 0.5       | 0.855555555556 | 0.5       | 0.00344827586207 |
+----------+-----------+----------------+-----------+------------------+
| G94(1.0) | 0.5       | 0.144444444444 | 0.5       | 0.996551724138   |
+----------+-----------+----------------+-----------+------------------+
+----------+----------------+-----------------+----------------+-----------------+
| G1       | G1(0.0)        | G1(0.0)         | G1(1.0)        | G1(1.0)         |
+----------+----------------+-----------------+----------------+-----------------+
| G92      | G92(0.0)       | G92(1.0)        | G92(0.0)       | G92(1.0)        |
+----------+----------------+-----------------+----------------+-----------------+
| G93(0.0) | 0.841463414634 | 0.0182481751825 | 0.253424657534 | 0.0238095238095 |
+----------+----------------+-----------------+----------------+-----------------+
| G93(1.0) | 0.158536585366 | 0.981751824818  | 0.746575342466 | 0.97619047619   |
+----------+----------------+-----------------+----------------+-----------------+
+----------+----------------+-----------------+----------------+----------------+
| G22      | G22(0.0)       | G22(0.0)        | G22(1.0)       | G22(1.0)       |
+----------+----------------+-----------------+----------------+----------------+
| G96      | G96(0.0)       | G96(1.0)        | G96(0.0)       | G96(1.0)       |
+----------+----------------+-----------------+----------------+----------------+
| G92(0.0) | 0.411111111111 | 0.0432624113475 | 0.855555555556 | 0.407692307692 |
+----------+----------------+-----------------+----------------+----------------+
| G92(1.0) | 0.588888888889 | 0.956737588652  | 0.144444444444 | 0.592307692308 |
+----------+----------------+-----------------+----------------+----------------+
+----------+----------------+----------------+----------------+----------------+
| G83      | G83(0.0)       | G83(0.0)       | G83(1.0)       | G83(1.0)       |
+----------+----------------+----------------+----------------+----------------+
| G92      | G92(0.0)       | G92(1.0)       | G92(0.0)       | G92(1.0)       |
+----------+----------------+----------------+----------------+----------------+
| G91(0.0) | 0.785714285714 | 0.715384615385 | 0.715384615385 | 0.197503671072 |
+----------+----------------+----------------+----------------+----------------+
| G91(1.0) | 0.214285714286 | 0.284615384615 | 0.284615384615 | 0.802496328928 |
+----------+----------------+----------------+----------------+----------------+
+----------+----------------+----------+-----------------+-----------------+
| G39      | G39(0.0)       | G39(0.0) | G39(1.0)        | G39(1.0)        |
+----------+----------------+----------+-----------------+-----------------+
| G84      | G84(0.0)       | G84(1.0) | G84(0.0)        | G84(1.0)        |
+----------+----------------+----------+-----------------+-----------------+
| G90(0.0) | 0.801886792453 | 0.5      | 0.0244385733157 | 0.944444444444  |
+----------+----------------+----------+-----------------+-----------------+
| G90(1.0) | 0.198113207547 | 0.5      | 0.975561426684  | 0.0555555555556 |
+----------+----------------+----------+-----------------+-----------------+
+----------+-----------------+-----------------+-----------------+------------------+
| G12      | G12(0.0)        | G12(0.0)        | G12(1.0)        | G12(1.0)         |
+----------+-----------------+-----------------+-----------------+------------------+
| G48      | G48(0.0)        | G48(1.0)        | G48(0.0)        | G48(1.0)         |
+----------+-----------------+-----------------+-----------------+------------------+
| G99(0.0) | 0.0294117647059 | 0.0438596491228 | 0.970588235294  | 0.00394944707741 |
+----------+-----------------+-----------------+-----------------+------------------+
| G99(1.0) | 0.970588235294  | 0.956140350877  | 0.0294117647059 | 0.996050552923   |
+----------+-----------------+-----------------+-----------------+------------------+
+----------+-----------------+---------------+-----------------+------------------+
| G40      | G40(0.0)        | G40(0.0)      | G40(1.0)        | G40(1.0)         |
+----------+-----------------+---------------+-----------------+------------------+
| G58      | G58(0.0)        | G58(1.0)      | G58(0.0)        | G58(1.0)         |
+----------+-----------------+---------------+-----------------+------------------+
| G98(0.0) | 0.903669724771  | 0.13184079602 | 0.0187969924812 | 0.00599520383693 |
+----------+-----------------+---------------+-----------------+------------------+
| G98(1.0) | 0.0963302752294 | 0.86815920398 | 0.981203007519  | 0.994004796163   |
+----------+-----------------+---------------+-----------------+------------------+
+----------+----------+----------------+----------+----------------+
| G28      | G28(0.0) | G28(0.0)       | G28(1.0) | G28(1.0)       |
+----------+----------+----------------+----------+----------------+
| G3       | G3(0.0)  | G3(1.0)        | G3(0.0)  | G3(1.0)        |
+----------+----------+----------------+----------+----------------+
| G31(0.0) | 0.5      | 0.641176470588 | 0.5      | 0.114598540146 |
+----------+----------+----------------+----------+----------------+
| G31(1.0) | 0.5      | 0.358823529412 | 0.5      | 0.885401459854 |
+----------+----------+----------------+----------+----------------+
+----------+----------------+-----------------+---------------+-----------------+
| G12      | G12(0.0)       | G12(0.0)        | G12(1.0)      | G12(1.0)        |
+----------+----------------+-----------------+---------------+-----------------+
| G35      | G35(0.0)       | G35(1.0)        | G35(0.0)      | G35(1.0)        |
+----------+----------------+-----------------+---------------+-----------------+
| G30(0.0) | 0.036231884058 | 0.0342465753425 | 0.84188034188 | 0.0374376039933 |
+----------+----------------+-----------------+---------------+-----------------+
| G30(1.0) | 0.963768115942 | 0.965753424658  | 0.15811965812 | 0.962562396007  |
+----------+----------------+-----------------+---------------+-----------------+
+----------+---+
| G33(0.0) | 1 |
+----------+---+
+----------+-----------------+-----------------+----------+----------------+
| G25      | G25(0.0)        | G25(0.0)        | G25(1.0) | G25(1.0)       |
+----------+-----------------+-----------------+----------+----------------+
| G74      | G74(0.0)        | G74(1.0)        | G74(0.0) | G74(1.0)       |
+----------+-----------------+-----------------+----------+----------------+
| G32(0.0) | 0.939024390244  | 0.0751724137931 | 0.5      | 0.207865168539 |
+----------+-----------------+-----------------+----------+----------------+
| G32(1.0) | 0.0609756097561 | 0.924827586207  | 0.5      | 0.792134831461 |
+----------+-----------------+-----------------+----------+----------------+
+----------+----------------+----------------+-----------------+----------------+
| G50      | G50(0.0)       | G50(0.0)       | G50(1.0)        | G50(1.0)       |
+----------+----------------+----------------+-----------------+----------------+
| G56      | G56(0.0)       | G56(1.0)       | G56(0.0)        | G56(1.0)       |
+----------+----------------+----------------+-----------------+----------------+
| G35(0.0) | 0.442028985507 | 0.442028985507 | 0.0244519392917 | 0.856589147287 |
+----------+----------------+----------------+-----------------+----------------+
| G35(1.0) | 0.557971014493 | 0.557971014493 | 0.975548060708  | 0.143410852713 |
+----------+----------------+----------------+-----------------+----------------+
+----------+----------------+----------------+----------------+-----------------+
| G49      | G49(0.0)       | G49(0.0)       | G49(1.0)       | G49(1.0)        |
+----------+----------------+----------------+----------------+-----------------+
| G58      | G58(0.0)       | G58(1.0)       | G58(0.0)       | G58(1.0)        |
+----------+----------------+----------------+----------------+-----------------+
| G34(0.0) | 0.362068965517 | 0.145933014354 | 0.237089201878 | 0.0647921760391 |
+----------+----------------+----------------+----------------+-----------------+
| G34(1.0) | 0.637931034483 | 0.854066985646 | 0.762910798122 | 0.935207823961  |
+----------+----------------+----------------+----------------+-----------------+
+----------+----------------+----------------+----------------+----------------+
| G17      | G17(0.0)       | G17(0.0)       | G17(1.0)       | G17(1.0)       |
+----------+----------------+----------------+----------------+----------------+
| G47      | G47(0.0)       | G47(1.0)       | G47(0.0)       | G47(1.0)       |
+----------+----------------+----------------+----------------+----------------+
| G37(0.0) | 0.149717514124 | 0.824324324324 | 0.394017094017 | 0.827868852459 |
+----------+----------------+----------------+----------------+----------------+
| G37(1.0) | 0.850282485876 | 0.175675675676 | 0.605982905983 | 0.172131147541 |
+----------+----------------+----------------+----------------+----------------+
+----------+-----------------+-----------------+-----------------+----------------+
| G34      | G34(0.0)        | G34(0.0)        | G34(1.0)        | G34(1.0)       |
+----------+-----------------+-----------------+-----------------+----------------+
| G5       | G5(0.0)         | G5(1.0)         | G5(0.0)         | G5(1.0)        |
+----------+-----------------+-----------------+-----------------+----------------+
| G36(0.0) | 0.923529411765  | 0.924242424242  | 0.0529411764706 | 0.159305993691 |
+----------+-----------------+-----------------+-----------------+----------------+
| G36(1.0) | 0.0764705882353 | 0.0757575757576 | 0.947058823529  | 0.840694006309 |
+----------+-----------------+-----------------+-----------------+----------------+
+----------+----------------+----------------+----------------+-----------------+
| G12      | G12(0.0)       | G12(0.0)       | G12(1.0)       | G12(1.0)        |
+----------+----------------+----------------+----------------+-----------------+
| G57      | G57(0.0)       | G57(1.0)       | G57(0.0)       | G57(1.0)        |
+----------+----------------+----------------+----------------+-----------------+
| G39(0.0) | 0.867346938776 | 0.112903225806 | 0.011961722488 | 0.0049115913556 |
+----------+----------------+----------------+----------------+-----------------+
| G39(1.0) | 0.132653061224 | 0.887096774194 | 0.988038277512 | 0.995088408644  |
+----------+----------------+----------------+----------------+-----------------+
+----------+----------------+---------------+----------------+-----------------+
| G28      | G28(0.0)       | G28(0.0)      | G28(1.0)       | G28(1.0)        |
+----------+----------------+---------------+----------------+-----------------+
| G79      | G79(0.0)       | G79(1.0)      | G79(0.0)       | G79(1.0)        |
+----------+----------------+---------------+----------------+-----------------+
| G38(0.0) | 0.277777777778 | 0.87037037037 | 0.198924731183 | 0.0745937961595 |
+----------+----------------+---------------+----------------+-----------------+
| G38(1.0) | 0.722222222222 | 0.12962962963 | 0.801075268817 | 0.92540620384   |
+----------+----------------+---------------+----------------+-----------------+
+----------+----------+-----------------+------------------+----------------+
| G74      | G74(0.0) | G74(0.0)        | G74(1.0)         | G74(1.0)       |
+----------+----------+-----------------+------------------+----------------+
| G77      | G77(0.0) | G77(1.0)        | G77(0.0)         | G77(1.0)       |
+----------+----------+-----------------+------------------+----------------+
| G84(0.0) | 0.5      | 0.939024390244  | 0.996697490092   | 0.254385964912 |
+----------+----------+-----------------+------------------+----------------+
| G84(1.0) | 0.5      | 0.0609756097561 | 0.00330250990753 | 0.745614035088 |
+----------+----------+-----------------+------------------+----------------+
+----------+-----------------+----------+-----------------+----------------+
| G28      | G28(0.0)        | G28(0.0) | G28(1.0)        | G28(1.0)       |
+----------+-----------------+----------+-----------------+----------------+
| G34      | G34(0.0)        | G34(1.0) | G34(0.0)        | G34(1.0)       |
+----------+-----------------+----------+-----------------+----------------+
| G85(0.0) | 0.0294117647059 | 0.5      | 0.0757575757576 | 0.171641791045 |
+----------+-----------------+----------+-----------------+----------------+
| G85(1.0) | 0.970588235294  | 0.5      | 0.924242424242  | 0.828358208955 |
+----------+-----------------+----------+-----------------+----------------+
+----------+-----------------+-----------------+----------+-----------------+
| G84      | G84(0.0)        | G84(0.0)        | G84(1.0) | G84(1.0)        |
+----------+-----------------+-----------------+----------+-----------------+
| G95      | G95(0.0)        | G95(1.0)        | G95(0.0) | G95(1.0)        |
+----------+-----------------+-----------------+----------+-----------------+
| G86(0.0) | 0.932432432432  | 0.0135834411384 | 0.5      | 0.944444444444  |
+----------+-----------------+-----------------+----------+-----------------+
| G86(1.0) | 0.0675675675676 | 0.986416558862  | 0.5      | 0.0555555555556 |
+----------+-----------------+-----------------+----------+-----------------+
+----------+----------------+----------------+----------------+----------------+
| G46      | G46(0.0)       | G46(0.0)       | G46(1.0)       | G46(1.0)       |
+----------+----------------+----------------+----------------+----------------+
| G98      | G98(0.0)       | G98(1.0)       | G98(0.0)       | G98(1.0)       |
+----------+----------------+----------------+----------------+----------------+
| G87(0.0) | 0.199115044248 | 0.885575589459 | 0.147058823529 | 0.722222222222 |
+----------+----------------+----------------+----------------+----------------+
| G87(1.0) | 0.800884955752 | 0.114424410541 | 0.852941176471 | 0.277777777778 |
+----------+----------------+----------------+----------------+----------------+
+----------+----------------+----------+----------------+-----------------+
| G79      | G79(0.0)       | G79(0.0) | G79(1.0)       | G79(1.0)        |
+----------+----------------+----------+----------------+-----------------+
| G81      | G81(0.0)       | G81(1.0) | G81(0.0)       | G81(1.0)        |
+----------+----------------+----------+----------------+-----------------+
| G80(0.0) | 0.132653061224 | 0.5      | 0.818936877076 | 0.924507658643  |
+----------+----------------+----------+----------------+-----------------+
| G80(1.0) | 0.867346938776 | 0.5      | 0.181063122924 | 0.0754923413567 |
+----------+----------------+----------+----------------+-----------------+
+----------+----------------+----------------+----------------+----------------+
| G90      | G90(0.0)       | G90(0.0)       | G90(1.0)       | G90(1.0)       |
+----------+----------------+----------------+----------------+----------------+
| G98      | G98(0.0)       | G98(1.0)       | G98(0.0)       | G98(1.0)       |
+----------+----------------+----------------+----------------+----------------+
| G81(0.0) | 0.855555555556 | 0.565573770492 | 0.123529411765 | 0.398355754858 |
+----------+----------------+----------------+----------------+----------------+
| G81(1.0) | 0.144444444444 | 0.434426229508 | 0.876470588235 | 0.601644245142 |
+----------+----------------+----------------+----------------+----------------+
+----------+-----------------+-----------------+----------------+----------------+
| G3       | G3(0.0)         | G3(0.0)         | G3(1.0)        | G3(1.0)        |
+----------+-----------------+-----------------+----------------+----------------+
| G89      | G89(0.0)        | G89(1.0)        | G89(0.0)       | G89(1.0)       |
+----------+-----------------+-----------------+----------------+----------------+
| G82(0.0) | 0.0757575757576 | 0.0438596491228 | 0.133027522936 | 0.621028744327 |
+----------+-----------------+-----------------+----------------+----------------+
| G82(1.0) | 0.924242424242  | 0.956140350877  | 0.866972477064 | 0.378971255673 |
+----------+-----------------+-----------------+----------------+----------------+
+----------+----------------+----------------+----------------+-----------------+
| G30      | G30(0.0)       | G30(0.0)       | G30(1.0)       | G30(1.0)        |
+----------+----------------+----------------+----------------+-----------------+
| G88      | G88(0.0)       | G88(1.0)       | G88(0.0)       | G88(1.0)        |
+----------+----------------+----------------+----------------+-----------------+
| G83(0.0) | 0.847826086957 | 0.114035087719 | 0.158536585366 | 0.0613275613276 |
+----------+----------------+----------------+----------------+-----------------+
| G83(1.0) | 0.152173913043 | 0.885964912281 | 0.841463414634 | 0.938672438672  |
+----------+----------------+----------------+----------------+-----------------+
+----------+----------------+----------------+----------------+------------------+
| G11      | G11(0.0)       | G11(0.0)       | G11(1.0)       | G11(1.0)         |
+----------+----------------+----------------+----------------+------------------+
| G7       | G7(0.0)        | G7(1.0)        | G7(0.0)        | G7(1.0)          |
+----------+----------------+----------------+----------------+------------------+
| G88(0.0) | 0.867346938776 | 0.210144927536 | 0.762295081967 | 0.00954478707783 |
+----------+----------------+----------------+----------------+------------------+
| G88(1.0) | 0.132653061224 | 0.789855072464 | 0.237704918033 | 0.990455212922   |
+----------+----------------+----------------+----------------+------------------+
+----------+----------------+-----------------+----------------+----------------+
| G16      | G16(0.0)       | G16(0.0)        | G16(1.0)       | G16(1.0)       |
+----------+----------------+-----------------+----------------+----------------+
| G88      | G88(0.0)       | G88(1.0)        | G88(0.0)       | G88(1.0)       |
+----------+----------------+-----------------+----------------+----------------+
| G89(0.0) | 0.893442622951 | 0.0405819295559 | 0.622448979592 | 0.314432989691 |
+----------+----------------+-----------------+----------------+----------------+
| G89(1.0) | 0.106557377049 | 0.959418070444  | 0.377551020408 | 0.685567010309 |
+----------+----------------+-----------------+----------------+----------------+
