[('G24', 'G96'), ('G24', 'G58'), ('G24', 'G91'), ('G25', 'G33'), ('G22', 'G14'), ('G20', 'G62'), ('G20', 'G53'), ('G20', 'G30'), ('G29', 'G31'), ('G29', 'G32'), ('G29', 'G28'), ('G29', 'G21'), ('G7', 'G97'), ('G7', 'G84'), ('G4', 'G84'), ('G4', 'G29'), ('G4', 'G2'), ('G4', 'G19'), ('G4', 'G8'), ('G3', 'G16'), ('G3', 'G54'), ('G3', 'G71'), ('G3', 'G1'), ('G3', 'G83'), ('G2', 'G9'), ('G1', 'G5'), ('G1', 'G4'), ('G1', 'G95'), ('G53', 'G51'), ('G51', 'G26'), ('G51', 'G39'), ('G51', 'G74'), ('G50', 'G41'), ('G57', 'G52'), ('G57', 'G18'), ('G57', 'G21'), ('G56', 'G87'), ('G56', 'G67'), ('G56', 'G76'), ('G55', 'G80'), ('G55', 'G59'), ('G55', 'G57'), ('G55', 'G60'), ('G58', 'G34'), ('G40', 'G53'), ('G40', 'G27'), ('G40', 'G51'), ('G40', 'G1'), ('G41', 'G25'), ('G42', 'G44'), ('G43', 'G7'), ('G43', 'G47'), ('G43', 'G70'), ('G43', 'G46'), ('G43', 'G90'), ('G43', 'G45'), ('G44', 'G73'), ('G45', 'G100'), ('G45', 'G30'), ('G45', 'G23'), ('G45', 'G97'), ('G45', 'G68'), ('G45', 'G50'), ('G45', 'G90'), ('G45', 'G17'), ('G45', 'G49'), ('G46', 'G63'), ('G46', 'G20'), ('G47', 'G66'), ('G48', 'G6'), ('G49', 'G26'), ('G49', 'G85'), ('G75', 'G85'), ('G76', 'G16'), ('G71', 'G89'), ('G71', 'G8'), ('G73', 'G74'), ('G73', 'G64'), ('G73', 'G18'), ('G72', 'G52'), ('G78', 'G81'), ('G78', 'G82'), ('G68', 'G11'), ('G63', 'G2'), ('G63', 'G20'), ('G60', 'G38'), ('G60', 'G43'), ('G60', 'G81'), ('G61', 'G54'), ('G66', 'G62'), ('G66', 'G34'), ('G66', 'G92'), ('G67', 'G88'), ('G64', 'G6'), ('G65', 'G55'), ('G100', 'G35'), ('G100', 'G37'), ('G19', 'G59'), ('G19', 'G76'), ('G19', 'G82'), ('G18', 'G40'), ('G18', 'G99'), ('G17', 'G37'), ('G17', 'G98'), ('G15', 'G39'), ('G15', 'G22'), ('G14', 'G24'), ('G14', 'G32'), ('G14', 'G72'), ('G13', 'G40'), ('G13', 'G19'), ('G12', 'G80'), ('G12', 'G86'), ('G12', 'G66'), ('G12', 'G41'), ('G97', 'G71'), ('G97', 'G98'), ('G97', 'G68'), ('G97', 'G94'), ('G97', 'G44'), ('G97', 'G47'), ('G97', 'G57'), ('G97', 'G61'), ('G97', 'G22'), ('G97', 'G10'), ('G96', 'G5'), ('G96', 'G3'), ('G96', 'G36'), ('G96', 'G70'), ('G96', 'G83'), ('G96', 'G58'), ('G95', 'G10'), ('G94', 'G75'), ('G94', 'G49'), ('G94', 'G13'), ('G94', 'G78'), ('G94', 'G63'), ('G92', 'G75'), ('G92', 'G96'), ('G92', 'G15'), ('G92', 'G61'), ('G92', 'G72'), ('G90', 'G17'), ('G90', 'G91'), ('G99', 'G33'), ('G99', 'G14'), ('G99', 'G93'), ('G99', 'G92'), ('G98', 'G48'), ('G98', 'G42'), ('G98', 'G35'), ('G31', 'G69'), ('G31', 'G23'), ('G33', 'G28'), ('G33', 'G87'), ('G33', 'G94'), ('G33', 'G13'), ('G33', 'G67'), ('G33', 'G11'), ('G32', 'G31'), ('G32', 'G64'), ('G34', 'G50'), ('G34', 'G29'), ('G37', 'G7'), ('G37', 'G3'), ('G37', 'G36'), ('G36', 'G56'), ('G38', 'G24'), ('G38', 'G4'), ('G38', 'G9'), ('G38', 'G42'), ('G38', 'G43'), ('G38', 'G45'), ('G38', 'G73'), ('G38', 'G48'), ('G38', 'G15'), ('G38', 'G79'), ('G84', 'G69'), ('G85', 'G93'), ('G85', 'G89'), ('G86', 'G100'), ('G86', 'G27'), ('G86', 'G38'), ('G86', 'G56'), ('G86', 'G55'), ('G86', 'G60'), ('G87', 'G88'), ('G80', 'G79'), ('G80', 'G78'), ('G80', 'G99'), ('G82', 'G95'), ('G82', 'G46'), ('G83', 'G25')]
+----------+----------+----------+----------------+------------------+
| G49      | G49(0.0) | G49(0.0) | G49(1.0)       | G49(1.0)         |
+----------+----------+----------+----------------+------------------+
| G51      | G51(0.0) | G51(1.0) | G51(0.0)       | G51(1.0)         |
+----------+----------+----------+----------------+------------------+
| G26(0.0) | 0.9      | 0.9      | 0.622448979592 | 0.990984743412   |
+----------+----------+----------+----------------+------------------+
| G26(1.0) | 0.1      | 0.1      | 0.377551020408 | 0.00901525658807 |
+----------+----------+----------+----------------+------------------+
+----------+----------+----------------+----------------+----------------+
| G40      | G40(0.0) | G40(0.0)       | G40(1.0)       | G40(1.0)       |
+----------+----------+----------------+----------------+----------------+
| G86      | G86(0.0) | G86(1.0)       | G86(0.0)       | G86(1.0)       |
+----------+----------+----------------+----------------+----------------+
| G27(0.0) | 0.5      | 0.702247191011 | 0.677777777778 | 0.164355062413 |
+----------+----------+----------------+----------------+----------------+
| G27(1.0) | 0.5      | 0.297752808989 | 0.322222222222 | 0.835644937587 |
+----------+----------+----------------+----------------+----------------+
+----------+-----------------+-----------------+----------------+---------------+
| G14      | G14(0.0)        | G14(0.0)        | G14(1.0)       | G14(1.0)      |
+----------+-----------------+-----------------+----------------+---------------+
| G38      | G38(0.0)        | G38(1.0)        | G38(0.0)       | G38(1.0)      |
+----------+-----------------+-----------------+----------------+---------------+
| G24(0.0) | 0.0555555555556 | 0.0117540687161 | 0.782352941176 | 0.30790960452 |
+----------+-----------------+-----------------+----------------+---------------+
| G24(1.0) | 0.944444444444  | 0.988245931284  | 0.217647058824 | 0.69209039548 |
+----------+-----------------+-----------------+----------------+---------------+
+----------+----------------+----------------+----------------+-----------------+
| G41      | G41(0.0)       | G41(0.0)       | G41(1.0)       | G41(1.0)        |
+----------+----------------+----------------+----------------+-----------------+
| G83      | G83(0.0)       | G83(1.0)       | G83(0.0)       | G83(1.0)        |
+----------+----------------+----------------+----------------+-----------------+
| G25(0.0) | 0.169064748201 | 0.766666666667 | 0.589965397924 | 0.977064220183  |
+----------+----------------+----------------+----------------+-----------------+
| G25(1.0) | 0.830935251799 | 0.233333333333 | 0.410034602076 | 0.0229357798165 |
+----------+----------------+----------------+----------------+-----------------+
+----------+-----------------+----------------+----------------+----------------+
| G15      | G15(0.0)        | G15(0.0)       | G15(1.0)       | G15(1.0)       |
+----------+-----------------+----------------+----------------+----------------+
| G97      | G97(0.0)        | G97(1.0)       | G97(0.0)       | G97(1.0)       |
+----------+-----------------+----------------+----------------+----------------+
| G22(0.0) | 0.0555555555556 | 0.322485207101 | 0.841463414634 | 0.427272727273 |
+----------+-----------------+----------------+----------------+----------------+
| G22(1.0) | 0.944444444444  | 0.677514792899 | 0.158536585366 | 0.572727272727 |
+----------+-----------------+----------------+----------------+----------------+
+----------+----------------+----------------+-----------------+----------------+
| G31      | G31(0.0)       | G31(0.0)       | G31(1.0)        | G31(1.0)       |
+----------+----------------+----------------+-----------------+----------------+
| G45      | G45(0.0)       | G45(1.0)       | G45(0.0)        | G45(1.0)       |
+----------+----------------+----------------+-----------------+----------------+
| G23(0.0) | 0.119047619048 | 0.408713692946 | 0.0555555555556 | 0.870062370062 |
+----------+----------------+----------------+-----------------+----------------+
| G23(1.0) | 0.880952380952 | 0.591286307054 | 0.944444444444  | 0.129937629938 |
+----------+----------------+----------------+-----------------+----------------+
+----------+----------------+-----------------+----------------+----------------+
| G46      | G46(0.0)       | G46(0.0)        | G46(1.0)       | G46(1.0)       |
+----------+----------------+-----------------+----------------+----------------+
| G63      | G63(0.0)       | G63(1.0)        | G63(0.0)       | G63(1.0)       |
+----------+----------------+-----------------+----------------+----------------+
| G20(0.0) | 0.382352941176 | 0.0100154083205 | 0.844086021505 | 0.341584158416 |
+----------+----------------+-----------------+----------------+----------------+
| G20(1.0) | 0.617647058824 | 0.98998459168   | 0.155913978495 | 0.658415841584 |
+----------+----------------+-----------------+----------------+----------------+
+----------+----------------+----------------+----------------+-----------------+
| G29      | G29(0.0)       | G29(0.0)       | G29(1.0)       | G29(1.0)        |
+----------+----------------+----------------+----------------+-----------------+
| G57      | G57(0.0)       | G57(1.0)       | G57(0.0)       | G57(1.0)        |
+----------+----------------+----------------+----------------+-----------------+
| G21(0.0) | 0.190721649485 | 0.557142857143 | 0.800518134715 | 0.960215053763  |
+----------+----------------+----------------+----------------+-----------------+
| G21(1.0) | 0.809278350515 | 0.442857142857 | 0.199481865285 | 0.0397849462366 |
+----------+----------------+----------------+----------------+-----------------+
+----------+----------+----------------+----------------+----------------+
| G29      | G29(0.0) | G29(0.0)       | G29(1.0)       | G29(1.0)       |
+----------+----------+----------------+----------------+----------------+
| G33      | G33(0.0) | G33(1.0)       | G33(0.0)       | G33(1.0)       |
+----------+----------+----------------+----------------+----------------+
| G28(0.0) | 0.5      | 0.845177664975 | 0.123931623932 | 0.322550831793 |
+----------+----------+----------------+----------------+----------------+
| G28(1.0) | 0.5      | 0.154822335025 | 0.876068376068 | 0.677449168207 |
+----------+----------+----------------+----------------+----------------+
+----------+----------------+-----------------+-----------------+----------+
| G34      | G34(0.0)       | G34(0.0)        | G34(1.0)        | G34(1.0) |
+----------+----------------+-----------------+-----------------+----------+
| G4       | G4(0.0)        | G4(1.0)         | G4(0.0)         | G4(1.0)  |
+----------+----------------+-----------------+-----------------+----------+
| G29(0.0) | 0.384057971014 | 0.959016393443  | 0.0671902268761 | 0.5      |
+----------+----------------+-----------------+-----------------+----------+
| G29(1.0) | 0.615942028986 | 0.0409836065574 | 0.932809773124  | 0.5      |
+----------+----------------+-----------------+-----------------+----------+
+---------+----------+-----------------+----------------+----------------+
| G37     | G37(0.0) | G37(0.0)        | G37(1.0)       | G37(1.0)       |
+---------+----------+-----------------+----------------+----------------+
| G43     | G43(0.0) | G43(1.0)        | G43(0.0)       | G43(1.0)       |
+---------+----------+-----------------+----------------+----------------+
| G7(0.0) | 0.5      | 0.0764705882353 | 0.543010752688 | 0.275480059084 |
+---------+----------+-----------------+----------------+----------------+
| G7(1.0) | 0.5      | 0.923529411765  | 0.456989247312 | 0.724519940916 |
+---------+----------+-----------------+----------------+----------------+
+---------+----------------+-----------------+----------------+----------------+
| G48     | G48(0.0)       | G48(0.0)        | G48(1.0)       | G48(1.0)       |
+---------+----------------+-----------------+----------------+----------------+
| G64     | G64(0.0)       | G64(1.0)        | G64(0.0)       | G64(1.0)       |
+---------+----------------+-----------------+----------------+----------------+
| G6(0.0) | 0.119834710744 | 0.0566502463054 | 0.775862068966 | 0.816831683168 |
+---------+----------------+-----------------+----------------+----------------+
| G6(1.0) | 0.880165289256 | 0.943349753695  | 0.224137931034 | 0.183168316832 |
+---------+----------------+-----------------+----------------+----------------+
+---------+-----------------+----------------+----------------+----------------+
| G1      | G1(0.0)         | G1(0.0)        | G1(1.0)        | G1(1.0)        |
+---------+-----------------+----------------+----------------+----------------+
| G96     | G96(0.0)        | G96(1.0)       | G96(0.0)       | G96(1.0)       |
+---------+-----------------+----------------+----------------+----------------+
| G5(0.0) | 0.0308641975309 | 0.177419354839 | 0.459183673469 | 0.823586744639 |
+---------+-----------------+----------------+----------------+----------------+
| G5(1.0) | 0.969135802469  | 0.822580645161 | 0.540816326531 | 0.176413255361 |
+---------+-----------------+----------------+----------------+----------------+
+---------+-----------------+----------------+-----------------+-----------------+
| G1      | G1(0.0)         | G1(0.0)        | G1(1.0)         | G1(1.0)         |
+---------+-----------------+----------------+-----------------+-----------------+
| G38     | G38(0.0)        | G38(1.0)       | G38(0.0)        | G38(1.0)        |
+---------+-----------------+----------------+-----------------+-----------------+
| G4(0.0) | 0.948979591837  | 0.218875502008 | 0.969135802469  | 0.961538461538  |
+---------+-----------------+----------------+-----------------+-----------------+
| G4(1.0) | 0.0510204081633 | 0.781124497992 | 0.0308641975309 | 0.0384615384615 |
+---------+-----------------+----------------+-----------------+-----------------+
+---------+----------+----------------+----------+-----------------+
| G37     | G37(0.0) | G37(0.0)       | G37(1.0) | G37(1.0)        |
+---------+----------+----------------+----------+-----------------+
| G96     | G96(0.0) | G96(1.0)       | G96(0.0) | G96(1.0)        |
+---------+----------+----------------+----------+-----------------+
| G3(0.0) | 0.5      | 0.452941176471 | 0.404    | 0.958914728682  |
+---------+----------+----------------+----------+-----------------+
| G3(1.0) | 0.5      | 0.547058823529 | 0.596    | 0.0410852713178 |
+---------+----------+----------------+----------+-----------------+
+---------+----------------+-----------------+----------------+----------------+
| G4      | G4(0.0)        | G4(0.0)         | G4(1.0)        | G4(1.0)        |
+---------+----------------+-----------------+----------------+----------------+
| G63     | G63(0.0)       | G63(1.0)        | G63(0.0)       | G63(1.0)       |
+---------+----------------+-----------------+----------------+----------------+
| G2(0.0) | 0.657303370787 | 0.988245931284  | 0.309523809524 | 0.439086294416 |
+---------+----------------+-----------------+----------------+----------------+
| G2(1.0) | 0.342696629213 | 0.0117540687161 | 0.690476190476 | 0.560913705584 |
+---------+----------------+-----------------+----------------+----------------+
+---------+----------------+----------+----------------+-----------------+
| G3      | G3(0.0)        | G3(0.0)  | G3(1.0)        | G3(1.0)         |
+---------+----------------+----------+----------------+-----------------+
| G40     | G40(0.0)       | G40(1.0) | G40(0.0)       | G40(1.0)        |
+---------+----------------+----------+----------------+-----------------+
| G1(0.0) | 0.876470588235 | 0.1384   | 0.722222222222 | 0.925531914894  |
+---------+----------------+----------+----------------+-----------------+
| G1(1.0) | 0.123529411765 | 0.8616   | 0.277777777778 | 0.0744680851064 |
+---------+----------------+----------+----------------+-----------------+
+---------+----------+----------------+----------+-----------------+
| G2      | G2(0.0)  | G2(0.0)        | G2(1.0)  | G2(1.0)         |
+---------+----------+----------------+----------+-----------------+
| G38     | G38(0.0) | G38(1.0)       | G38(0.0) | G38(1.0)        |
+---------+----------+----------------+----------+-----------------+
| G9(0.0) | 0.1      | 0.422428330523 | 0.1      | 0.0766423357664 |
+---------+----------+----------------+----------+-----------------+
| G9(1.0) | 0.9      | 0.577571669477 | 0.9      | 0.923357664234  |
+---------+----------+----------------+----------+-----------------+
+---------+-----------------+-----------------+----------------+----------------+
| G4      | G4(0.0)         | G4(0.0)         | G4(1.0)        | G4(1.0)        |
+---------+-----------------+-----------------+----------------+----------------+
| G71     | G71(0.0)        | G71(1.0)        | G71(0.0)       | G71(1.0)       |
+---------+-----------------+-----------------+----------------+----------------+
| G8(0.0) | 0.983460559796  | 0.989959839357  | 0.655844155844 | 0.301418439716 |
+---------+-----------------+-----------------+----------------+----------------+
| G8(1.0) | 0.0165394402036 | 0.0100401606426 | 0.344155844156 | 0.698581560284 |
+---------+-----------------+-----------------+----------------+----------------+
+----------+-----------------+----------------+----------------+-----------------+
| G20      | G20(0.0)        | G20(0.0)       | G20(1.0)       | G20(1.0)        |
+----------+-----------------+----------------+----------------+-----------------+
| G40      | G40(0.0)        | G40(1.0)       | G40(0.0)       | G40(1.0)        |
+----------+-----------------+----------------+----------------+-----------------+
| G53(0.0) | 0.0757575757576 | 0.887096774194 | 0.565573770492 | 0.984398216939  |
+----------+-----------------+----------------+----------------+-----------------+
| G53(1.0) | 0.924242424242  | 0.112903225806 | 0.434426229508 | 0.0156017830609 |
+----------+-----------------+----------------+----------------+-----------------+
+----------+----------------+----------------+----------------+----------------+
| G57      | G57(0.0)       | G57(0.0)       | G57(1.0)       | G57(1.0)       |
+----------+----------------+----------------+----------------+----------------+
| G72      | G72(0.0)       | G72(1.0)       | G72(0.0)       | G72(1.0)       |
+----------+----------------+----------------+----------------+----------------+
| G52(0.0) | 0.260683760684 | 0.777456647399 | 0.189969604863 | 0.209543568465 |
+----------+----------------+----------------+----------------+----------------+
| G52(1.0) | 0.739316239316 | 0.222543352601 | 0.810030395137 | 0.790456431535 |
+----------+----------------+----------------+----------------+----------------+
+----------+-----------------+-----------------+------------------+----------------+
| G40      | G40(0.0)        | G40(0.0)        | G40(1.0)         | G40(1.0)       |
+----------+-----------------+-----------------+------------------+----------------+
| G53      | G53(0.0)        | G53(1.0)        | G53(0.0)         | G53(1.0)       |
+----------+-----------------+-----------------+------------------+----------------+
| G51(0.0) | 0.0675675675676 | 0.956140350877  | 0.00335570469799 | 0.690476190476 |
+----------+-----------------+-----------------+------------------+----------------+
| G51(1.0) | 0.932432432432  | 0.0438596491228 | 0.996644295302   | 0.309523809524 |
+----------+-----------------+-----------------+------------------+----------------+
+----------+----------------+----------------+----------------+-----------------+
| G34      | G34(0.0)       | G34(0.0)       | G34(1.0)       | G34(1.0)        |
+----------+----------------+----------------+----------------+-----------------+
| G45      | G45(0.0)       | G45(1.0)       | G45(0.0)       | G45(1.0)        |
+----------+----------------+----------------+----------------+-----------------+
| G50(0.0) | 0.144444444444 | 0.688235294118 | 0.887096774194 | 0.0478806907378 |
+----------+----------------+----------------+----------------+-----------------+
| G50(1.0) | 0.855555555556 | 0.311764705882 | 0.112903225806 | 0.952119309262  |
+----------+----------------+----------------+----------------+-----------------+
+----------+----------------+----------------+-----------------+----------------+
| G55      | G55(0.0)       | G55(0.0)       | G55(1.0)        | G55(1.0)       |
+----------+----------------+----------------+-----------------+----------------+
| G97      | G97(0.0)       | G97(1.0)       | G97(0.0)        | G97(1.0)       |
+----------+----------------+----------------+-----------------+----------------+
| G57(0.0) | 0.785714285714 | 0.714689265537 | 0.932432432432  | 0.151591289782 |
+----------+----------------+----------------+-----------------+----------------+
| G57(1.0) | 0.214285714286 | 0.285310734463 | 0.0675675675676 | 0.848408710218 |
+----------+----------------+----------------+-----------------+----------------+
+----------+----------+----------------+----------------+----------------+
| G36      | G36(0.0) | G36(0.0)       | G36(1.0)       | G36(1.0)       |
+----------+----------+----------------+----------------+----------------+
| G86      | G86(0.0) | G86(1.0)       | G86(0.0)       | G86(1.0)       |
+----------+----------+----------------+----------------+----------------+
| G56(0.0) | 0.5      | 0.631519274376 | 0.766666666667 | 0.310298102981 |
+----------+----------+----------------+----------------+----------------+
| G56(1.0) | 0.5      | 0.368480725624 | 0.233333333333 | 0.689701897019 |
+----------+----------+----------------+----------------+----------------+
+----------+-----------------+----------------+----------+----------------+
| G65      | G65(0.0)        | G65(0.0)       | G65(1.0) | G65(1.0)       |
+----------+-----------------+----------------+----------+----------------+
| G86      | G86(0.0)        | G86(1.0)       | G86(0.0) | G86(1.0)       |
+----------+-----------------+----------------+----------+----------------+
| G55(0.0) | 0.944444444444  | 0.224696356275 | 0.5      | 0.210144927536 |
+----------+-----------------+----------------+----------+----------------+
| G55(1.0) | 0.0555555555556 | 0.775303643725 | 0.5      | 0.789855072464 |
+----------+-----------------+----------------+----------+----------------+
+----------+----------------+----------------+-----------------+-----------------+
| G3       | G3(0.0)        | G3(0.0)        | G3(1.0)         | G3(1.0)         |
+----------+----------------+----------------+-----------------+-----------------+
| G61      | G61(0.0)       | G61(1.0)       | G61(0.0)        | G61(1.0)        |
+----------+----------------+----------------+-----------------+-----------------+
| G54(0.0) | 0.121621621622 | 0.560952380952 | 0.0510204081633 | 0.0247524752475 |
+----------+----------------+----------------+-----------------+-----------------+
| G54(1.0) | 0.878378378378 | 0.439047619048 | 0.948979591837  | 0.975247524752  |
+----------+----------------+----------------+-----------------+-----------------+
+----------+----------------+----------------+----------------+----------------+
| G19      | G19(0.0)       | G19(0.0)       | G19(1.0)       | G19(1.0)       |
+----------+----------------+----------------+----------------+----------------+
| G55      | G55(0.0)       | G55(1.0)       | G55(0.0)       | G55(1.0)       |
+----------+----------------+----------------+----------------+----------------+
| G59(0.0) | 0.295918367347 | 0.847107438017 | 0.217514124294 | 0.753411306043 |
+----------+----------------+----------------+----------------+----------------+
| G59(1.0) | 0.704081632653 | 0.152892561983 | 0.782485875706 | 0.246588693957 |
+----------+----------------+----------------+----------------+----------------+
+----------+----------------+-----------------+-----------------+-----------------+
| G24      | G24(0.0)       | G24(0.0)        | G24(1.0)        | G24(1.0)        |
+----------+----------------+-----------------+-----------------+-----------------+
| G96      | G96(0.0)       | G96(1.0)        | G96(0.0)        | G96(1.0)        |
+----------+----------------+-----------------+-----------------+-----------------+
| G58(0.0) | 0.144444444444 | 0.970588235294  | 0.970588235294  | 0.98992248062   |
+----------+----------------+-----------------+-----------------+-----------------+
| G58(1.0) | 0.855555555556 | 0.0294117647059 | 0.0294117647059 | 0.0100775193798 |
+----------+----------------+-----------------+-----------------+-----------------+
+----------+----------------+----------------+----------------+------------------+
| G13      | G13(0.0)       | G13(0.0)       | G13(1.0)       | G13(1.0)         |
+----------+----------------+----------------+----------------+------------------+
| G18      | G18(0.0)       | G18(1.0)       | G18(0.0)       | G18(1.0)         |
+----------+----------------+----------------+----------------+------------------+
| G40(0.0) | 0.775862068966 | 0.189440993789 | 0.340707964602 | 0.00448833034111 |
+----------+----------------+----------------+----------------+------------------+
| G40(1.0) | 0.224137931034 | 0.810559006211 | 0.659292035398 | 0.995511669659   |
+----------+----------------+----------------+----------------+------------------+
+----------+-----------------+-----------------+----------------+----------------+
| G12      | G12(0.0)        | G12(0.0)        | G12(1.0)       | G12(1.0)       |
+----------+-----------------+-----------------+----------------+----------------+
| G50      | G50(0.0)        | G50(1.0)        | G50(0.0)       | G50(1.0)       |
+----------+-----------------+-----------------+----------------+----------------+
| G41(0.0) | 0.0757575757576 | 0.0294117647059 | 0.210344827586 | 0.714405360134 |
+----------+-----------------+-----------------+----------------+----------------+
| G41(1.0) | 0.924242424242  | 0.970588235294  | 0.789655172414 | 0.285594639866 |
+----------+-----------------+-----------------+----------------+----------------+
+----------+----------+----------+-----------------+----------------+
| G38      | G38(0.0) | G38(0.0) | G38(1.0)        | G38(1.0)       |
+----------+----------+----------+-----------------+----------------+
| G98      | G98(0.0) | G98(1.0) | G98(0.0)        | G98(1.0)       |
+----------+----------+----------+-----------------+----------------+
| G42(0.0) | 0.852    | 0.5      | 0.0202231520223 | 0.192307692308 |
+----------+----------+----------+-----------------+----------------+
| G42(1.0) | 0.148    | 0.5      | 0.979776847978  | 0.807692307692 |
+----------+----------+----------+-----------------+----------------+
+----------+-----------------+----------------+-----------------+-----------------+
| G38      | G38(0.0)        | G38(0.0)       | G38(1.0)        | G38(1.0)        |
+----------+-----------------+----------------+-----------------+-----------------+
| G60      | G60(0.0)        | G60(1.0)       | G60(0.0)        | G60(1.0)        |
+----------+-----------------+----------------+-----------------+-----------------+
| G43(0.0) | 0.0609756097561 | 0.837078651685 | 0.0271659324523 | 0.0510204081633 |
+----------+-----------------+----------------+-----------------+-----------------+
| G43(1.0) | 0.939024390244  | 0.162921348315 | 0.972834067548  | 0.948979591837  |
+----------+-----------------+----------------+-----------------+-----------------+
+----------+-----------------+-----------------+-----------------+-----------------+
| G42      | G42(0.0)        | G42(0.0)        | G42(1.0)        | G42(1.0)        |
+----------+-----------------+-----------------+-----------------+-----------------+
| G97      | G97(0.0)        | G97(1.0)        | G97(0.0)        | G97(1.0)        |
+----------+-----------------+-----------------+-----------------+-----------------+
| G44(0.0) | 0.0757575757576 | 0.930107526882  | 0.0471698113208 | 0.0212922173275 |
+----------+-----------------+-----------------+-----------------+-----------------+
| G44(1.0) | 0.924242424242  | 0.0698924731183 | 0.952830188679  | 0.978707782673  |
+----------+-----------------+-----------------+-----------------+-----------------+
+----------+-----------------+----------------+----------------+-----------------+
| G38      | G38(0.0)        | G38(0.0)       | G38(1.0)       | G38(1.0)        |
+----------+-----------------+----------------+----------------+-----------------+
| G43      | G43(0.0)        | G43(1.0)       | G43(0.0)       | G43(1.0)        |
+----------+-----------------+----------------+----------------+-----------------+
| G45(0.0) | 0.967532467532  | 0.198113207547 | 0.119047619048 | 0.0712270803949 |
+----------+-----------------+----------------+----------------+-----------------+
| G45(1.0) | 0.0324675324675 | 0.801886792453 | 0.880952380952 | 0.928772919605  |
+----------+-----------------+----------------+----------------+-----------------+
+----------+-----------------+-----------------+----------------+-----------------+
| G43      | G43(0.0)        | G43(0.0)        | G43(1.0)       | G43(1.0)        |
+----------+-----------------+-----------------+----------------+-----------------+
| G82      | G82(0.0)        | G82(1.0)        | G82(0.0)       | G82(1.0)        |
+----------+-----------------+-----------------+----------------+-----------------+
| G46(0.0) | 0.0510204081633 | 0.0510204081633 | 0.360465116279 | 0.970774091627  |
+----------+-----------------+-----------------+----------------+-----------------+
| G46(1.0) | 0.948979591837  | 0.948979591837  | 0.639534883721 | 0.0292259083728 |
+----------+-----------------+-----------------+----------------+-----------------+
+----------+----------------+----------------+----------------+-----------------+
| G43      | G43(0.0)       | G43(0.0)       | G43(1.0)       | G43(1.0)        |
+----------+----------------+----------------+----------------+-----------------+
| G97      | G97(0.0)       | G97(1.0)       | G97(0.0)       | G97(1.0)        |
+----------+----------------+----------------+----------------+-----------------+
| G47(0.0) | 0.451219512195 | 0.885964912281 | 0.144444444444 | 0.0760111576011 |
+----------+----------------+----------------+----------------+-----------------+
| G47(1.0) | 0.548780487805 | 0.114035087719 | 0.855555555556 | 0.923988842399  |
+----------+----------------+----------------+----------------+-----------------+
+----------+----------+----------+-----------------+----------------+
| G38      | G38(0.0) | G38(0.0) | G38(1.0)        | G38(1.0)       |
+----------+----------+----------+-----------------+----------------+
| G98      | G98(0.0) | G98(1.0) | G98(0.0)        | G98(1.0)       |
+----------+----------+----------+-----------------+----------------+
| G48(0.0) | 0.116    | 0.5      | 0.979776847978  | 0.807692307692 |
+----------+----------+----------+-----------------+----------------+
| G48(1.0) | 0.884    | 0.5      | 0.0202231520223 | 0.192307692308 |
+----------+----------+----------+-----------------+----------------+
+----------+-----------------+-----------------+----------------+-----------------+
| G45      | G45(0.0)        | G45(0.0)        | G45(1.0)       | G45(1.0)        |
+----------+-----------------+-----------------+----------------+-----------------+
| G94      | G94(0.0)        | G94(1.0)        | G94(0.0)       | G94(1.0)        |
+----------+-----------------+-----------------+----------------+-----------------+
| G49(0.0) | 0.0730337078652 | 0.0510204081633 | 0.876470588235 | 0.0102040816327 |
+----------+-----------------+-----------------+----------------+-----------------+
| G49(1.0) | 0.926966292135  | 0.948979591837  | 0.123529411765 | 0.989795918367  |
+----------+-----------------+-----------------+----------------+-----------------+
+----------+----------------+-----------------+----------------+----------------+
| G92      | G92(0.0)       | G92(0.0)        | G92(1.0)       | G92(1.0)       |
+----------+----------------+-----------------+----------------+----------------+
| G94      | G94(0.0)       | G94(1.0)        | G94(0.0)       | G94(1.0)       |
+----------+----------------+-----------------+----------------+----------------+
| G75(0.0) | 0.322222222222 | 0.0308641975309 | 0.360465116279 | 0.863636363636 |
+----------+----------------+-----------------+----------------+----------------+
| G75(1.0) | 0.677777777778 | 0.969135802469  | 0.639534883721 | 0.136363636364 |
+----------+----------------+-----------------+----------------+----------------+
+----------+----------------+-----------------+----------------+------------------+
| G51      | G51(0.0)       | G51(0.0)        | G51(1.0)       | G51(1.0)         |
+----------+----------------+-----------------+----------------+------------------+
| G73      | G73(0.0)       | G73(1.0)        | G73(0.0)       | G73(1.0)         |
+----------+----------------+-----------------+----------------+------------------+
| G74(0.0) | 0.318181818182 | 0.939024390244  | 0.867346938776 | 0.99118046133    |
+----------+----------------+-----------------+----------------+------------------+
| G74(1.0) | 0.681818181818 | 0.0609756097561 | 0.132653061224 | 0.00881953867028 |
+----------+----------------+-----------------+----------------+------------------+
+----------+---+
| G77(0.0) | 1 |
+----------+---+
+----------+----------------+-----------------+----------------+----------------+
| G19      | G19(0.0)       | G19(0.0)        | G19(1.0)       | G19(1.0)       |
+----------+----------------+-----------------+----------------+----------------+
| G56      | G56(0.0)       | G56(1.0)        | G56(0.0)       | G56(1.0)       |
+----------+----------------+-----------------+----------------+----------------+
| G76(0.0) | 0.391891891892 | 0.0789473684211 | 0.403307888041 | 0.170033670034 |
+----------+----------------+-----------------+----------------+----------------+
| G76(1.0) | 0.608108108108 | 0.921052631579  | 0.596692111959 | 0.829966329966 |
+----------+----------------+-----------------+----------------+----------------+
+----------+-----------------+----------------+----------+----------+
| G3       | G3(0.0)         | G3(0.0)        | G3(1.0)  | G3(1.0)  |
+----------+-----------------+----------------+----------+----------+
| G97      | G97(0.0)        | G97(1.0)       | G97(0.0) | G97(1.0) |
+----------+-----------------+----------------+----------+----------+
| G71(0.0) | 0.969135802469  | 0.595389507154 | 0.5      | 0.1      |
+----------+-----------------+----------------+----------+----------+
| G71(1.0) | 0.0308641975309 | 0.404610492846 | 0.5      | 0.9      |
+----------+-----------------+----------------+----------+----------+
+----------+----------+----------------+----------+---------------+
| G43      | G43(0.0) | G43(0.0)       | G43(1.0) | G43(1.0)      |
+----------+----------+----------------+----------+---------------+
| G96      | G96(0.0) | G96(1.0)       | G96(0.0) | G96(1.0)      |
+----------+----------+----------------+----------+---------------+
| G70(0.0) | 0.5      | 0.758064516129 | 0.052    | 0.35557299843 |
+----------+----------+----------------+----------+---------------+
| G70(1.0) | 0.5      | 0.241935483871 | 0.948    | 0.64442700157 |
+----------+----------+----------------+----------+---------------+
+----------+-----------------+-----------------+----------------+------------------+
| G38      | G38(0.0)        | G38(0.0)        | G38(1.0)       | G38(1.0)         |
+----------+-----------------+-----------------+----------------+------------------+
| G44      | G44(0.0)        | G44(1.0)        | G44(0.0)       | G44(1.0)         |
+----------+-----------------+-----------------+----------------+------------------+
| G73(0.0) | 0.915584415584  | 0.0471698113208 | 0.224137931034 | 0.00356633380884 |
+----------+-----------------+-----------------+----------------+------------------+
| G73(1.0) | 0.0844155844156 | 0.952830188679  | 0.775862068966 | 0.996433666191   |
+----------+-----------------+-----------------+----------------+------------------+
+----------+----------------+----------------+-----------------+-----------------+
| G14      | G14(0.0)       | G14(0.0)       | G14(1.0)        | G14(1.0)        |
+----------+----------------+----------------+-----------------+-----------------+
| G92      | G92(0.0)       | G92(1.0)       | G92(0.0)        | G92(1.0)        |
+----------+----------------+----------------+-----------------+-----------------+
| G72(0.0) | 0.233333333333 | 0.749547920434 | 0.0802469135802 | 0.0801104972376 |
+----------+----------------+----------------+-----------------+-----------------+
| G72(1.0) | 0.766666666667 | 0.250452079566 | 0.91975308642   | 0.919889502762  |
+----------+----------------+----------------+-----------------+-----------------+
+----------+----------+----------+-----------------+----------------+
| G38      | G38(0.0) | G38(0.0) | G38(1.0)        | G38(1.0)       |
+----------+----------+----------+-----------------+----------------+
| G80      | G80(0.0) | G80(1.0) | G80(0.0)        | G80(1.0)       |
+----------+----------+----------+-----------------+----------------+
| G79(0.0) | 0.5      | 0.916    | 0.944444444444  | 0.400729927007 |
+----------+----------+----------+-----------------+----------------+
| G79(1.0) | 0.5      | 0.084    | 0.0555555555556 | 0.599270072993 |
+----------+----------+----------+-----------------+----------------+
+----------+----------+----------------+----------------+-----------------+
| G80      | G80(0.0) | G80(0.0)       | G80(1.0)       | G80(1.0)        |
+----------+----------+----------------+----------------+-----------------+
| G94      | G94(0.0) | G94(1.0)       | G94(0.0)       | G94(1.0)        |
+----------+----------+----------------+----------------+-----------------+
| G78(0.0) | 0.5      | 0.855555555556 | 0.582840236686 | 0.0787831513261 |
+----------+----------+----------------+----------------+-----------------+
| G78(1.0) | 0.5      | 0.144444444444 | 0.417159763314 | 0.921216848674  |
+----------+----------+----------------+----------------+-----------------+
+----------+-----------------+----------------+-----------------+------------------+
| G45      | G45(0.0)        | G45(0.0)       | G45(1.0)        | G45(1.0)         |
+----------+-----------------+----------------+-----------------+------------------+
| G97      | G97(0.0)        | G97(1.0)       | G97(0.0)        | G97(1.0)         |
+----------+-----------------+----------------+-----------------+------------------+
| G68(0.0) | 0.0510204081633 | 0.837078651685 | 0.0675675675676 | 0.00948905109489 |
+----------+-----------------+----------------+-----------------+------------------+
| G68(1.0) | 0.948979591837  | 0.162921348315 | 0.932432432432  | 0.990510948905   |
+----------+-----------------+----------------+-----------------+------------------+
+----------+---------------+----------------+-----------------+-----------------+
| G31      | G31(0.0)      | G31(0.0)       | G31(1.0)        | G31(1.0)        |
+----------+---------------+----------------+-----------------+-----------------+
| G84      | G84(0.0)      | G84(1.0)       | G84(0.0)        | G84(1.0)        |
+----------+---------------+----------------+-----------------+-----------------+
| G69(0.0) | 0.10824742268 | 0.669696969697 | 0.0562310030395 | 0.0539033457249 |
+----------+---------------+----------------+-----------------+-----------------+
| G69(1.0) | 0.89175257732 | 0.330303030303 | 0.94376899696   | 0.946096654275  |
+----------+---------------+----------------+-----------------+-----------------+
+----------+-----------------+----------------+----------------+----------+
| G20      | G20(0.0)        | G20(0.0)       | G20(1.0)       | G20(1.0) |
+----------+-----------------+----------------+----------------+----------+
| G66      | G66(0.0)        | G66(1.0)       | G66(0.0)       | G66(1.0) |
+----------+-----------------+----------------+----------------+----------+
| G62(0.0) | 0.913793103448  | 0.355670103093 | 0.720183486239 | 0.004    |
+----------+-----------------+----------------+----------------+----------+
| G62(1.0) | 0.0862068965517 | 0.644329896907 | 0.279816513761 | 0.996    |
+----------+-----------------+----------------+----------------+----------+
+----------+----------------+-----------------+----------------+----------------+
| G46      | G46(0.0)       | G46(0.0)        | G46(1.0)       | G46(1.0)       |
+----------+----------------+-----------------+----------------+----------------+
| G94      | G94(0.0)       | G94(1.0)        | G94(0.0)       | G94(1.0)       |
+----------+----------------+-----------------+----------------+----------------+
| G63(0.0) | 0.123529411765 | 0.0111876075731 | 0.792134831461 | 0.214285714286 |
+----------+----------------+-----------------+----------------+----------------+
| G63(1.0) | 0.876470588235 | 0.988812392427  | 0.207865168539 | 0.785714285714 |
+----------+----------------+-----------------+----------------+----------------+
+----------+----------------+---------------+----------+-----------------+
| G55      | G55(0.0)       | G55(0.0)      | G55(1.0) | G55(1.0)        |
+----------+----------------+---------------+----------+-----------------+
| G86      | G86(0.0)       | G86(1.0)      | G86(0.0) | G86(1.0)        |
+----------+----------------+---------------+----------+-----------------+
| G60(0.0) | 0.144444444444 | 0.67679558011 | 0.5      | 0.938791732909  |
+----------+----------------+---------------+----------+-----------------+
| G60(1.0) | 0.855555555556 | 0.32320441989 | 0.5      | 0.0612082670906 |
+----------+----------------+---------------+----------+-----------------+
+----------+----------+----------------+----------------+---------------+
| G92      | G92(0.0) | G92(0.0)       | G92(1.0)       | G92(1.0)      |
+----------+----------+----------------+----------------+---------------+
| G97      | G97(0.0) | G97(1.0)       | G97(0.0)       | G97(1.0)      |
+----------+----------+----------------+----------------+---------------+
| G61(0.0) | 0.5      | 0.648760330579 | 0.722222222222 | 0.14471669219 |
+----------+----------+----------------+----------------+---------------+
| G61(1.0) | 0.5      | 0.351239669421 | 0.277777777778 | 0.85528330781 |
+----------+----------+----------------+----------------+---------------+
+----------+----------------+----------------+----------------+----------+
| G12      | G12(0.0)       | G12(0.0)       | G12(1.0)       | G12(1.0) |
+----------+----------------+----------------+----------------+----------+
| G47      | G47(0.0)       | G47(1.0)       | G47(0.0)       | G47(1.0) |
+----------+----------------+----------------+----------------+----------+
| G66(0.0) | 0.192307692308 | 0.785714285714 | 0.363247863248 | 0.0168   |
+----------+----------------+----------------+----------------+----------+
| G66(1.0) | 0.807692307692 | 0.214285714286 | 0.636752136752 | 0.9832   |
+----------+----------------+----------------+----------------+----------+
+----------+----------+----------------+-----------------+----------------+
| G33      | G33(0.0) | G33(0.0)       | G33(1.0)        | G33(1.0)       |
+----------+----------+----------------+-----------------+----------------+
| G56      | G56(0.0) | G56(1.0)       | G56(0.0)        | G56(1.0)       |
+----------+----------+----------------+-----------------+----------------+
| G67(0.0) | 0.5      | 0.847826086957 | 0.0596816976127 | 0.228531855956 |
+----------+----------+----------------+-----------------+----------------+
| G67(1.0) | 0.5      | 0.152173913043 | 0.940318302387  | 0.771468144044 |
+----------+----------+----------------+-----------------+----------------+
+----------+----------+----------------+----------------+-----------------+
| G32      | G32(0.0) | G32(0.0)       | G32(1.0)       | G32(1.0)        |
+----------+----------+----------------+----------------+-----------------+
| G73      | G73(0.0) | G73(1.0)       | G73(0.0)       | G73(1.0)        |
+----------+----------+----------------+----------------+-----------------+
| G64(0.0) | 0.5      | 0.847826086957 | 0.344155844156 | 0.0881523272214 |
+----------+----------+----------------+----------------+-----------------+
| G64(1.0) | 0.5      | 0.152173913043 | 0.655844155844 | 0.911847672779  |
+----------+----------+----------------+----------------+-----------------+
+----------+-----------+
| G65(0.0) | 0.913953  |
+----------+-----------+
| G65(1.0) | 0.0860465 |
+----------+-----------+
+-----------+----------+---------------+-----------------+------------------+
| G45       | G45(0.0) | G45(0.0)      | G45(1.0)        | G45(1.0)         |
+-----------+----------+---------------+-----------------+------------------+
| G86       | G86(0.0) | G86(1.0)      | G86(0.0)        | G86(1.0)         |
+-----------+----------+---------------+-----------------+------------------+
| G100(0.0) | 0.5      | 0.31954887218 | 0.944444444444  | 0.00369276218612 |
+-----------+----------+---------------+-----------------+------------------+
| G100(1.0) | 0.5      | 0.68045112782 | 0.0555555555556 | 0.996307237814   |
+-----------+----------+---------------+-----------------+------------------+
+----------+----------------+-----------------+-----------------+-----------------+
| G13      | G13(0.0)       | G13(0.0)        | G13(1.0)        | G13(1.0)        |
+----------+----------------+-----------------+-----------------+-----------------+
| G4       | G4(0.0)        | G4(1.0)         | G4(0.0)         | G4(1.0)         |
+----------+----------------+-----------------+-----------------+-----------------+
| G19(0.0) | 0.426605504587 | 0.91975308642   | 0.0722326454034 | 0.0766423357664 |
+----------+----------------+-----------------+-----------------+-----------------+
| G19(1.0) | 0.573394495413 | 0.0802469135802 | 0.927767354597  | 0.923357664234  |
+----------+----------------+-----------------+-----------------+-----------------+
+----------+-----------------+----------------+-----------------+-----------------+
| G57      | G57(0.0)        | G57(0.0)       | G57(1.0)        | G57(1.0)        |
+----------+-----------------+----------------+-----------------+-----------------+
| G73      | G73(0.0)        | G73(1.0)       | G73(0.0)        | G73(1.0)        |
+----------+-----------------+----------------+-----------------+-----------------+
| G18(0.0) | 0.913793103448  | 0.162835249042 | 0.952830188679  | 0.0435203094778 |
+----------+-----------------+----------------+-----------------+-----------------+
| G18(1.0) | 0.0862068965517 | 0.837164750958 | 0.0471698113208 | 0.956479690522  |
+----------+-----------------+----------------+-----------------+-----------------+
+----------+-----------------+-----------------+------------------+----------------+
| G45      | G45(0.0)        | G45(0.0)        | G45(1.0)         | G45(1.0)       |
+----------+-----------------+-----------------+------------------+----------------+
| G90      | G90(0.0)        | G90(1.0)        | G90(0.0)         | G90(1.0)       |
+----------+-----------------+-----------------+------------------+----------------+
| G17(0.0) | 0.932432432432  | 0.975247524752  | 0.996371552975   | 0.439393939394 |
+----------+-----------------+-----------------+------------------+----------------+
| G17(1.0) | 0.0675675675676 | 0.0247524752475 | 0.00362844702467 | 0.560606060606 |
+----------+-----------------+-----------------+------------------+----------------+
+----------+----------------+----------------+----------------+----------------+
| G3       | G3(0.0)        | G3(0.0)        | G3(1.0)        | G3(1.0)        |
+----------+----------------+----------------+----------------+----------------+
| G76      | G76(0.0)       | G76(1.0)       | G76(0.0)       | G76(1.0)       |
+----------+----------------+----------------+----------------+----------------+
| G16(0.0) | 0.199481865285 | 0.105415860735 | 0.256097560976 | 0.279816513761 |
+----------+----------------+----------------+----------------+----------------+
| G16(1.0) | 0.800518134715 | 0.894584139265 | 0.743902439024 | 0.720183486239 |
+----------+----------------+----------------+----------------+----------------+
+----------+-----------------+----------------+-----------------+-----------------+
| G38      | G38(0.0)        | G38(0.0)       | G38(1.0)        | G38(1.0)        |
+----------+-----------------+----------------+-----------------+-----------------+
| G92      | G92(0.0)        | G92(1.0)       | G92(0.0)        | G92(1.0)        |
+----------+-----------------+----------------+-----------------+-----------------+
| G15(0.0) | 0.939024390244  | 0.837078651685 | 0.970588235294  | 0.0286821705426 |
+----------+-----------------+----------------+-----------------+-----------------+
| G15(1.0) | 0.0609756097561 | 0.162921348315 | 0.0294117647059 | 0.971317829457  |
+----------+-----------------+----------------+-----------------+-----------------+
+----------+-----------------+----------------+-----------------+-----------------+
| G22      | G22(0.0)        | G22(0.0)       | G22(1.0)        | G22(1.0)        |
+----------+-----------------+----------------+-----------------+-----------------+
| G99      | G99(0.0)        | G99(1.0)       | G99(0.0)        | G99(1.0)        |
+----------+-----------------+----------------+-----------------+-----------------+
| G14(0.0) | 0.0384615384615 | 0.724561403509 | 0.0247524752475 | 0.944987775061  |
+----------+-----------------+----------------+-----------------+-----------------+
| G14(1.0) | 0.961538461538  | 0.275438596491 | 0.975247524752  | 0.0550122249389 |
+----------+-----------------+----------------+-----------------+-----------------+
+----------+-----------------+----------+----------------+----------------+
| G33      | G33(0.0)        | G33(0.0) | G33(1.0)       | G33(1.0)       |
+----------+-----------------+----------+----------------+----------------+
| G94      | G94(0.0)        | G94(1.0) | G94(0.0)       | G94(1.0)       |
+----------+-----------------+----------+----------------+----------------+
| G13(0.0) | 0.0438596491228 | 0.1      | 0.739316239316 | 0.152173913043 |
+----------+-----------------+----------+----------------+----------------+
| G13(1.0) | 0.956140350877  | 0.9      | 0.260683760684 | 0.847826086957 |
+----------+-----------------+----------+----------------+----------------+
+----------+----------+
| G12(0.0) | 0.137209 |
+----------+----------+
| G12(1.0) | 0.862791 |
+----------+----------+
+----------+-----------------+----------------+----------------+-----------------+
| G33      | G33(0.0)        | G33(0.0)       | G33(1.0)       | G33(1.0)        |
+----------+-----------------+----------------+----------------+-----------------+
| G68      | G68(0.0)        | G68(1.0)       | G68(0.0)       | G68(1.0)        |
+----------+-----------------+----------------+----------------+-----------------+
| G11(0.0) | 0.948979591837  | 0.746575342466 | 0.391891891892 | 0.0378031383738 |
+----------+-----------------+----------------+----------------+-----------------+
| G11(1.0) | 0.0510204081633 | 0.253424657534 | 0.608108108108 | 0.962196861626  |
+----------+-----------------+----------------+----------------+-----------------+
+----------+----------------+-----------------+----------------+-----------------+
| G95      | G95(0.0)       | G95(0.0)        | G95(1.0)       | G95(1.0)        |
+----------+----------------+-----------------+----------------+-----------------+
| G97      | G97(0.0)       | G97(1.0)        | G97(0.0)       | G97(1.0)        |
+----------+----------------+-----------------+----------------+-----------------+
| G10(0.0) | 0.353658536585 | 0.906639004149  | 0.855555555556 | 0.94277673546   |
+----------+----------------+-----------------+----------------+-----------------+
| G10(1.0) | 0.646341463415 | 0.0933609958506 | 0.144444444444 | 0.0572232645403 |
+----------+----------------+-----------------+----------------+-----------------+
+----------+-----------------+-----------------+----------------+-----------------+
| G45      | G45(0.0)        | G45(0.0)        | G45(1.0)       | G45(1.0)        |
+----------+-----------------+-----------------+----------------+-----------------+
| G7       | G7(0.0)         | G7(1.0)         | G7(0.0)        | G7(1.0)         |
+----------+-----------------+-----------------+----------------+-----------------+
| G97(0.0) | 0.944444444444  | 0.0698924731183 | 0.092039800995 | 0.0355086372361 |
+----------+-----------------+-----------------+----------------+-----------------+
| G97(1.0) | 0.0555555555556 | 0.930107526882  | 0.907960199005 | 0.964491362764  |
+----------+-----------------+-----------------+----------------+-----------------+
+----------+-----------------+----------------+-----------------+------------------+
| G24      | G24(0.0)        | G24(0.0)       | G24(1.0)        | G24(1.0)         |
+----------+-----------------+----------------+-----------------+------------------+
| G92      | G92(0.0)        | G92(1.0)       | G92(0.0)        | G92(1.0)         |
+----------+-----------------+----------------+-----------------+------------------+
| G96(0.0) | 0.0609756097561 | 0.477528089888 | 0.970588235294  | 0.00387596899225 |
+----------+-----------------+----------------+-----------------+------------------+
| G96(1.0) | 0.939024390244  | 0.522471910112 | 0.0294117647059 | 0.996124031008   |
+----------+-----------------+----------------+-----------------+------------------+
+----------+----------------+-----------------+---------------+----------------+
| G1       | G1(0.0)        | G1(0.0)         | G1(1.0)       | G1(1.0)        |
+----------+----------------+-----------------+---------------+----------------+
| G82      | G82(0.0)       | G82(1.0)        | G82(0.0)      | G82(1.0)       |
+----------+----------------+-----------------+---------------+----------------+
| G95(0.0) | 0.863636363636 | 0.0475113122172 | 0.89603960396 | 0.248373101952 |
+----------+----------------+-----------------+---------------+----------------+
| G95(1.0) | 0.136363636364 | 0.952488687783  | 0.10396039604 | 0.751626898048 |
+----------+----------------+-----------------+---------------+----------------+
+----------+----------+----------------+-----------------+-----------------+
| G33      | G33(0.0) | G33(0.0)       | G33(1.0)        | G33(1.0)        |
+----------+----------+----------------+-----------------+-----------------+
| G97      | G97(0.0) | G97(1.0)       | G97(0.0)        | G97(1.0)        |
+----------+----------+----------------+-----------------+-----------------+
| G94(0.0) | 0.5      | 0.465811965812 | 0.91975308642   | 0.0646879756469 |
+----------+----------+----------------+-----------------+-----------------+
| G94(1.0) | 0.5      | 0.534188034188 | 0.0802469135802 | 0.935312024353  |
+----------+----------+----------------+-----------------+-----------------+
+----------+-----------------+---------------+-----------------+----------------+
| G85      | G85(0.0)        | G85(0.0)      | G85(1.0)        | G85(1.0)       |
+----------+-----------------+---------------+-----------------+----------------+
| G99      | G99(0.0)        | G99(1.0)      | G99(0.0)        | G99(1.0)       |
+----------+-----------------+---------------+-----------------+----------------+
| G93(0.0) | 0.0675675675676 | 0.63698630137 | 0.0193798449612 | 0.300322061192 |
+----------+-----------------+---------------+-----------------+----------------+
| G93(1.0) | 0.932432432432  | 0.36301369863 | 0.980620155039  | 0.699677938808 |
+----------+-----------------+---------------+-----------------+----------------+
+----------+-----------------+-----------------+-----------------+-----------------+
| G66      | G66(0.0)        | G66(0.0)        | G66(1.0)        | G66(1.0)        |
+----------+-----------------+-----------------+-----------------+-----------------+
| G99      | G99(0.0)        | G99(1.0)        | G99(0.0)        | G99(1.0)        |
+----------+-----------------+-----------------+-----------------+-----------------+
| G92(0.0) | 0.0294117647059 | 0.0471698113208 | 0.91975308642   | 0.0725429017161 |
+----------+-----------------+-----------------+-----------------+-----------------+
| G92(1.0) | 0.970588235294  | 0.952830188679  | 0.0802469135802 | 0.927457098284  |
+----------+-----------------+-----------------+-----------------+-----------------+
+----------+----------------+----------+----------------+----------------+
| G24      | G24(0.0)       | G24(0.0) | G24(1.0)       | G24(1.0)       |
+----------+----------------+----------+----------------+----------------+
| G90      | G90(0.0)       | G90(1.0) | G90(0.0)       | G90(1.0)       |
+----------+----------------+----------+----------------+----------------+
| G91(0.0) | 0.138095238095 | 0.58     | 0.319645732689 | 0.646788990826 |
+----------+----------------+----------+----------------+----------------+
| G91(1.0) | 0.861904761905 | 0.42     | 0.680354267311 | 0.353211009174 |
+----------+----------------+----------+----------------+----------------+
+----------+-----------------+----------------+----------+-----------------+
| G43      | G43(0.0)        | G43(0.0)       | G43(1.0) | G43(1.0)        |
+----------+-----------------+----------------+----------+-----------------+
| G45      | G45(0.0)        | G45(1.0)       | G45(0.0) | G45(1.0)        |
+----------+-----------------+----------------+----------+-----------------+
| G90(0.0) | 0.0844155844156 | 0.309523809524 | 0.5      | 0.973609129815  |
+----------+-----------------+----------------+----------+-----------------+
| G90(1.0) | 0.915584415584  | 0.690476190476 | 0.5      | 0.0263908701854 |
+----------+-----------------+----------------+----------+-----------------+
+----------+----------+----------------+-----------------+-----------------+
| G18      | G18(0.0) | G18(0.0)       | G18(1.0)        | G18(1.0)        |
+----------+----------+----------------+-----------------+-----------------+
| G80      | G80(0.0) | G80(1.0)       | G80(0.0)        | G80(1.0)        |
+----------+----------+----------------+-----------------+-----------------+
| G99(0.0) | 0.5      | 0.689781021898 | 0.944444444444  | 0.0393759286776 |
+----------+----------+----------------+-----------------+-----------------+
| G99(1.0) | 0.5      | 0.310218978102 | 0.0555555555556 | 0.960624071322  |
+----------+----------+----------------+-----------------+-----------------+
+----------+---------------+------------------+----------+----------------+
| G17      | G17(0.0)      | G17(0.0)         | G17(1.0) | G17(1.0)       |
+----------+---------------+------------------+----------+----------------+
| G97      | G97(0.0)      | G97(1.0)         | G97(0.0) | G97(1.0)       |
+----------+---------------+------------------+----------+----------------+
| G98(0.0) | 0.87037037037 | 0.996679946879   | 0.5      | 0.880952380952 |
+----------+---------------+------------------+----------+----------------+
| G98(1.0) | 0.12962962963 | 0.00332005312085 | 0.5      | 0.119047619048 |
+----------+---------------+------------------+----------+----------------+
+----------+-----------------+---------------+----------------+----------------+
| G29      | G29(0.0)        | G29(0.0)      | G29(1.0)       | G29(1.0)       |
+----------+-----------------+---------------+----------------+----------------+
| G32      | G32(0.0)        | G32(1.0)      | G32(0.0)       | G32(1.0)       |
+----------+-----------------+---------------+----------------+----------------+
| G31(0.0) | 0.961538461538  | 0.57299270073 | 0.722222222222 | 0.176425269646 |
+----------+-----------------+---------------+----------------+----------------+
| G31(1.0) | 0.0384615384615 | 0.42700729927 | 0.277777777778 | 0.823574730354 |
+----------+-----------------+---------------+----------------+----------------+
+----------+-----------------+-----------------+----------------+----------------+
| G20      | G20(0.0)        | G20(0.0)        | G20(1.0)       | G20(1.0)       |
+----------+-----------------+-----------------+----------------+----------------+
| G45      | G45(0.0)        | G45(1.0)        | G45(0.0)       | G45(1.0)       |
+----------+-----------------+-----------------+----------------+----------------+
| G30(0.0) | 0.0409836065574 | 0.0384615384615 | 0.136363636364 | 0.533485540335 |
+----------+-----------------+-----------------+----------------+----------------+
| G30(1.0) | 0.959016393443  | 0.961538461538  | 0.863636363636 | 0.466514459665 |
+----------+-----------------+-----------------+----------------+----------------+
+----------+-----------------+------------------+----------------+-----------------+
| G25      | G25(0.0)        | G25(0.0)         | G25(1.0)       | G25(1.0)        |
+----------+-----------------+------------------+----------------+-----------------+
| G99      | G99(0.0)        | G99(1.0)         | G99(0.0)       | G99(1.0)        |
+----------+-----------------+------------------+----------------+-----------------+
| G33(0.0) | 0.0890410958904 | 0.00809061488673 | 0.887096774194 | 0.0792207792208 |
+----------+-----------------+------------------+----------------+-----------------+
| G33(1.0) | 0.91095890411   | 0.991909385113   | 0.112903225806 | 0.920779220779  |
+----------+-----------------+------------------+----------------+-----------------+
+----------+-----------------+------------------+----------------+-----------------+
| G14      | G14(0.0)        | G14(0.0)         | G14(1.0)       | G14(1.0)        |
+----------+-----------------+------------------+----------------+-----------------+
| G29      | G29(0.0)        | G29(1.0)         | G29(0.0)       | G29(1.0)        |
+----------+-----------------+------------------+----------------+-----------------+
| G32(0.0) | 0.0929203539823 | 0.00515463917526 | 0.612359550562 | 0.0375722543353 |
+----------+-----------------+------------------+----------------+-----------------+
| G32(1.0) | 0.907079646018  | 0.994845360825   | 0.387640449438 | 0.962427745665  |
+----------+-----------------+------------------+----------------+-----------------+
+----------+-----------------+-----------+------------------+----------------+
| G100     | G100(0.0)       | G100(0.0) | G100(1.0)        | G100(1.0)      |
+----------+-----------------+-----------+------------------+----------------+
| G98      | G98(0.0)        | G98(1.0)  | G98(0.0)         | G98(1.0)       |
+----------+-----------------+-----------+------------------+----------------+
| G35(0.0) | 0.970588235294  | 0.5       | 0.00330250990753 | 0.192307692308 |
+----------+-----------------+-----------+------------------+----------------+
| G35(1.0) | 0.0294117647059 | 0.5       | 0.996697490092   | 0.807692307692 |
+----------+-----------------+-----------+------------------+----------------+
+----------+---------------+-----------------+----------+----------------+
| G58      | G58(0.0)      | G58(0.0)        | G58(1.0) | G58(1.0)       |
+----------+---------------+-----------------+----------+----------------+
| G66      | G66(0.0)      | G66(1.0)        | G66(0.0) | G66(1.0)       |
+----------+---------------+-----------------+----------+----------------+
| G34(0.0) | 0.62030075188 | 0.0096011816839 | 0.5      | 0.855555555556 |
+----------+---------------+-----------------+----------+----------------+
| G34(1.0) | 0.37969924812 | 0.990398818316  | 0.5      | 0.144444444444 |
+----------+---------------+-----------------+----------+----------------+
+----------+----------------+-----------+-----------------+-----------+
| G100     | G100(0.0)      | G100(0.0) | G100(1.0)       | G100(1.0) |
+----------+----------------+-----------+-----------------+-----------+
| G17      | G17(0.0)       | G17(1.0)  | G17(0.0)        | G17(1.0)  |
+----------+----------------+-----------+-----------------+-----------+
| G37(0.0) | 0.782352941176 | 0.5       | 0.0140186915888 | 0.5       |
+----------+----------------+-----------+-----------------+-----------+
| G37(1.0) | 0.217647058824 | 0.5       | 0.985981308411  | 0.5       |
+----------+----------------+-----------+-----------------+-----------+
+----------+----------+----------------+----------+----------------+
| G37      | G37(0.0) | G37(0.0)       | G37(1.0) | G37(1.0)       |
+----------+----------+----------------+----------+----------------+
| G96      | G96(0.0) | G96(1.0)       | G96(0.0) | G96(1.0)       |
+----------+----------+----------------+----------+----------------+
| G36(0.0) | 0.5      | 0.123529411765 | 0.98     | 0.481395348837 |
+----------+----------+----------------+----------+----------------+
| G36(1.0) | 0.5      | 0.876470588235 | 0.02     | 0.518604651163 |
+----------+----------+----------------+----------+----------------+
+----------+-----------------+----------------+----------------+-----------------+
| G15      | G15(0.0)        | G15(0.0)       | G15(1.0)       | G15(1.0)        |
+----------+-----------------+----------------+----------------+-----------------+
| G51      | G51(0.0)        | G51(1.0)       | G51(0.0)       | G51(1.0)        |
+----------+-----------------+----------------+----------------+-----------------+
| G39(0.0) | 0.0757575757576 | 0.566298342541 | 0.353658536585 | 0.0768595041322 |
+----------+-----------------+----------------+----------------+-----------------+
| G39(1.0) | 0.924242424242  | 0.433701657459 | 0.646341463415 | 0.923140495868  |
+----------+-----------------+----------------+----------------+-----------------+
+----------+----------------+-----------------+-----------------+---------------+
| G60      | G60(0.0)       | G60(0.0)        | G60(1.0)        | G60(1.0)      |
+----------+----------------+-----------------+-----------------+---------------+
| G86      | G86(0.0)       | G86(1.0)        | G86(0.0)        | G86(1.0)      |
+----------+----------------+-----------------+-----------------+---------------+
| G38(0.0) | 0.277777777778 | 0.0539971949509 | 0.0609756097561 | 0.89175257732 |
+----------+----------------+-----------------+-----------------+---------------+
| G38(1.0) | 0.722222222222 | 0.946002805049  | 0.939024390244  | 0.10824742268 |
+----------+----------------+-----------------+-----------------+---------------+
+----------+---------------+----------------+---------+-----------------+
| G4       | G4(0.0)       | G4(0.0)        | G4(1.0) | G4(1.0)         |
+----------+---------------+----------------+---------+-----------------+
| G7       | G7(0.0)       | G7(1.0)        | G7(0.0) | G7(1.0)         |
+----------+---------------+----------------+---------+-----------------+
| G84(0.0) | 0.77149321267 | 0.585510688836 | 0.1     | 0.0336787564767 |
+----------+---------------+----------------+---------+-----------------+
| G84(1.0) | 0.22850678733 | 0.414489311164 | 0.9     | 0.966321243523  |
+----------+---------------+----------------+---------+-----------------+
+----------+----------------+----------------+-----------------+----------------+
| G49      | G49(0.0)       | G49(0.0)       | G49(1.0)        | G49(1.0)       |
+----------+----------------+----------------+-----------------+----------------+
| G75      | G75(0.0)       | G75(1.0)       | G75(0.0)        | G75(1.0)       |
+----------+----------------+----------------+-----------------+----------------+
| G85(0.0) | 0.119047619048 | 0.847826086957 | 0.0327433628319 | 0.148780487805 |
+----------+----------------+----------------+-----------------+----------------+
| G85(1.0) | 0.880952380952 | 0.152173913043 | 0.967256637168  | 0.851219512195 |
+----------+----------------+----------------+-----------------+----------------+
+----------+----------------+------------------+
| G12      | G12(0.0)       | G12(1.0)         |
+----------+----------------+------------------+
| G86(0.0) | 0.381355932203 | 0.00673854447439 |
+----------+----------------+------------------+
| G86(1.0) | 0.618644067797 | 0.993261455526   |
+----------+----------------+------------------+
+----------+----------------+----------------+----------------+----------------+
| G33      | G33(0.0)       | G33(0.0)       | G33(1.0)       | G33(1.0)       |
+----------+----------------+----------------+----------------+----------------+
| G56      | G56(0.0)       | G56(1.0)       | G56(0.0)       | G56(1.0)       |
+----------+----------------+----------------+----------------+----------------+
| G87(0.0) | 0.198113207547 | 0.036231884058 | 0.728116710875 | 0.350415512465 |
+----------+----------------+----------------+----------------+----------------+
| G87(1.0) | 0.801886792453 | 0.963768115942 | 0.271883289125 | 0.649584487535 |
+----------+----------------+----------------+----------------+----------------+
+----------+-----------------+-----------------+----------------+------------------+
| G12      | G12(0.0)        | G12(0.0)        | G12(1.0)       | G12(1.0)         |
+----------+-----------------+-----------------+----------------+------------------+
| G55      | G55(0.0)        | G55(1.0)        | G55(0.0)       | G55(1.0)         |
+----------+-----------------+-----------------+----------------+------------------+
| G80(0.0) | 0.0342465753425 | 0.944444444444  | 0.016339869281 | 0.00424448217317 |
+----------+-----------------+-----------------+----------------+------------------+
| G80(1.0) | 0.965753424658  | 0.0555555555556 | 0.983660130719 | 0.995755517827   |
+----------+-----------------+-----------------+----------------+------------------+
+----------+----------------+----------------+----------------+----------------+
| G60      | G60(0.0)       | G60(0.0)       | G60(1.0)       | G60(1.0)       |
+----------+----------------+----------------+----------------+----------------+
| G78      | G78(0.0)       | G78(1.0)       | G78(0.0)       | G78(1.0)       |
+----------+----------------+----------------+----------------+----------------+
| G81(0.0) | 0.860902255639 | 0.880305602716 | 0.464912280702 | 0.179012345679 |
+----------+----------------+----------------+----------------+----------------+
| G81(1.0) | 0.139097744361 | 0.119694397284 | 0.535087719298 | 0.820987654321 |
+----------+----------------+----------------+----------------+----------------+
+----------+----------------+----------------+----------------+-----------------+
| G19      | G19(0.0)       | G19(0.0)       | G19(1.0)       | G19(1.0)        |
+----------+----------------+----------------+----------------+-----------------+
| G78      | G78(0.0)       | G78(1.0)       | G78(0.0)       | G78(1.0)        |
+----------+----------------+----------------+----------------+-----------------+
| G82(0.0) | 0.318181818182 | 0.164233576642 | 0.805732484076 | 0.0347091932458 |
+----------+----------------+----------------+----------------+-----------------+
| G82(1.0) | 0.681818181818 | 0.835766423358 | 0.194267515924 | 0.965290806754  |
+----------+----------------+----------------+----------------+-----------------+
+----------+----------------+-----------------+---------------+----------------+
| G3       | G3(0.0)        | G3(0.0)         | G3(1.0)       | G3(1.0)        |
+----------+----------------+-----------------+---------------+----------------+
| G96      | G96(0.0)       | G96(1.0)        | G96(0.0)      | G96(1.0)       |
+----------+----------------+-----------------+---------------+----------------+
| G83(0.0) | 0.424528301887 | 0.959665144597  | 0.24025974026 | 0.472602739726 |
+----------+----------------+-----------------+---------------+----------------+
| G83(1.0) | 0.575471698113 | 0.0403348554033 | 0.75974025974 | 0.527397260274 |
+----------+----------------+-----------------+---------------+----------------+
+----------+----------------+-----------------+----------------+----------------+
| G67      | G67(0.0)       | G67(0.0)        | G67(1.0)       | G67(1.0)       |
+----------+----------------+-----------------+----------------+----------------+
| G87      | G87(0.0)       | G87(1.0)        | G87(0.0)       | G87(1.0)       |
+----------+----------------+-----------------+----------------+----------------+
| G88(0.0) | 0.677777777778 | 0.955172413793  | 0.191056910569 | 0.513289036545 |
+----------+----------------+-----------------+----------------+----------------+
| G88(1.0) | 0.322222222222 | 0.0448275862069 | 0.808943089431 | 0.486710963455 |
+----------+----------------+-----------------+----------------+----------------+
+----------+----------------+----------------+----------------+----------------+
| G71      | G71(0.0)       | G71(0.0)       | G71(1.0)       | G71(1.0)       |
+----------+----------------+----------------+----------------+----------------+
| G85      | G85(0.0)       | G85(1.0)       | G85(0.0)       | G85(1.0)       |
+----------+----------------+----------------+----------------+----------------+
| G89(0.0) | 0.801886792453 | 0.303357314149 | 0.114035087719 | 0.151651651652 |
+----------+----------------+----------------+----------------+----------------+
| G89(1.0) | 0.198113207547 | 0.696642685851 | 0.885964912281 | 0.848348348348 |
+----------+----------------+----------------+----------------+----------------+
