[('YLR079W', 'YER111C'), ('YMR199W', 'YGL116W'), ('YMR199W', 'YGL003C'), ('YGL116W', 'YAL040C'), ('YGL116W', 'YGL003C'), ('YGR108W', 'YMR043W'), ('YGR108W', 'YDL056W'), ('YPR120C', 'YGR108W'), ('YPR120C', 'YMR043W'), ('YPR120C', 'YDL056W'), ('YGL003C', 'YAL040C')]
+--------------+----------------+--------------+--------------+----------------+
| YGL003C      | YGL003C(0.0)   | YGL003C(0.0) | YGL003C(1.0) | YGL003C(1.0)   |
+--------------+----------------+--------------+--------------+----------------+
| YGL116W      | YGL116W(0.0)   | YGL116W(1.0) | YGL116W(0.0) | YGL116W(1.0)   |
+--------------+----------------+--------------+--------------+----------------+
| YAL040C(0.0) | 0.722222222222 | 0.5          | 0.5          | 0.192307692308 |
+--------------+----------------+--------------+--------------+----------------+
| YAL040C(1.0) | 0.277777777778 | 0.5          | 0.5          | 0.807692307692 |
+--------------+----------------+--------------+--------------+----------------+
+--------------+--------+
| YLR079W(0.0) | 0.4375 |
+--------------+--------+
| YLR079W(1.0) | 0.5625 |
+--------------+--------+
+--------------+--------+
| YMR199W(0.0) | 0.5625 |
+--------------+--------+
| YMR199W(1.0) | 0.4375 |
+--------------+--------+
+--------------+----------------+--------------+--------------+----------------+
| YGR108W      | YGR108W(0.0)   | YGR108W(0.0) | YGR108W(1.0) | YGR108W(1.0)   |
+--------------+----------------+--------------+--------------+----------------+
| YPR120C      | YPR120C(0.0)   | YPR120C(1.0) | YPR120C(0.0) | YPR120C(1.0)   |
+--------------+----------------+--------------+--------------+----------------+
| YDL056W(0.0) | 0.192307692308 | 0.5          | 0.5          | 0.722222222222 |
+--------------+----------------+--------------+--------------+----------------+
| YDL056W(1.0) | 0.807692307692 | 0.5          | 0.5          | 0.277777777778 |
+--------------+----------------+--------------+--------------+----------------+
+--------------+----------------+----------------+
| YMR199W      | YMR199W(0.0)   | YMR199W(1.0)   |
+--------------+----------------+----------------+
| YGL116W(0.0) | 0.277777777778 | 0.642857142857 |
+--------------+----------------+----------------+
| YGL116W(1.0) | 0.722222222222 | 0.357142857143 |
+--------------+----------------+----------------+
+--------------+----------------+--------------+--------------+----------------+
| YGR108W      | YGR108W(0.0)   | YGR108W(0.0) | YGR108W(1.0) | YGR108W(1.0)   |
+--------------+----------------+--------------+--------------+----------------+
| YPR120C      | YPR120C(0.0)   | YPR120C(1.0) | YPR120C(0.0) | YPR120C(1.0)   |
+--------------+----------------+--------------+--------------+----------------+
| YMR043W(0.0) | 0.807692307692 | 0.5          | 0.5          | 0.277777777778 |
+--------------+----------------+--------------+--------------+----------------+
| YMR043W(1.0) | 0.192307692308 | 0.5          | 0.5          | 0.722222222222 |
+--------------+----------------+--------------+--------------+----------------+
+--------------+---+
| YDR146C(0.0) | 1 |
+--------------+---+
+--------------+----------------+----------------+
| YPR120C      | YPR120C(0.0)   | YPR120C(1.0)   |
+--------------+----------------+----------------+
| YGR108W(0.0) | 0.722222222222 | 0.357142857143 |
+--------------+----------------+----------------+
| YGR108W(1.0) | 0.277777777778 | 0.642857142857 |
+--------------+----------------+----------------+
+--------------+----------------+----------------+
| YLR079W      | YLR079W(0.0)   | YLR079W(1.0)   |
+--------------+----------------+----------------+
| YER111C(0.0) | 0.642857142857 | 0.277777777778 |
+--------------+----------------+----------------+
| YER111C(1.0) | 0.357142857143 | 0.722222222222 |
+--------------+----------------+----------------+
+--------------+--------+
| YPR120C(0.0) | 0.5625 |
+--------------+--------+
| YPR120C(1.0) | 0.4375 |
+--------------+--------+
+--------------+--------------+----------------+----------------+--------------+
| YGL116W      | YGL116W(0.0) | YGL116W(0.0)   | YGL116W(1.0)   | YGL116W(1.0) |
+--------------+--------------+----------------+----------------+--------------+
| YMR199W      | YMR199W(0.0) | YMR199W(1.0)   | YMR199W(0.0)   | YMR199W(1.0) |
+--------------+--------------+----------------+----------------+--------------+
| YGL003C(0.0) | 0.5          | 0.722222222222 | 0.192307692308 | 0.5          |
+--------------+--------------+----------------+----------------+--------------+
| YGL003C(1.0) | 0.5          | 0.277777777778 | 0.807692307692 | 0.5          |
+--------------+--------------+----------------+----------------+--------------+
[(('YLR079W', 0), ('YLR079W', 1)), (('YDL056W', 1), ('YGR108W', 1)), (('YDL056W', 1), ('YER111C', 1)), (('YGL003C', 0), ('YGL003C', 1)), (('YER111C', 0), ('YMR199W', 1)), (('YER111C', 0), ('YPR120C', 1)), (('YGR108W', 1), ('YPR120C', 1)), (('YGR108W', 1), ('YDR146C', 1)), (('YMR043W', 0), ('YAL040C', 1)), (('YPR120C', 0), ('YAL040C', 1)), (('YGR108W', 0), ('YGR108W', 1)), (('YMR199W', 1), ('YGL116W', 1)), (('YMR199W', 1), ('YGL003C', 1)), (('YDR146C', 0), ('YDR146C', 1)), (('YPR120C', 1), ('YGL116W', 1)), (('YLR079W', 1), ('YDL056W', 1)), (('YMR199W', 0), ('YMR199W', 1)), (('YGL003C', 1), ('YLR079W', 1)), (('YDR146C', 1), ('YER111C', 1))]
+----------------+----------------+----------------+----------------+----------------+
| ('YMR043W', 0) | YMR043W_0(0.0) | YMR043W_0(0.0) | YMR043W_0(1.0) | YMR043W_0(1.0) |
+----------------+----------------+----------------+----------------+----------------+
| ('YPR120C', 0) | YPR120C_0(0.0) | YPR120C_0(1.0) | YPR120C_0(0.0) | YPR120C_0(1.0) |
+----------------+----------------+----------------+----------------+----------------+
| YAL040C(0.0)   | 0.377551020408 | 0.885964912281 | 0.122641509434 | 0.574074074074 |
+----------------+----------------+----------------+----------------+----------------+
| YAL040C(1.0)   | 0.622448979592 | 0.114035087719 | 0.877358490566 | 0.425925925926 |
+----------------+----------------+----------------+----------------+----------------+
+----------------+----------------+----------------+----------------+----------------+
| ('YGL003C', 1) | YGL003C_1(0.0) | YGL003C_1(0.0) | YGL003C_1(1.0) | YGL003C_1(1.0) |
+----------------+----------------+----------------+----------------+----------------+
| ('YLR079W', 0) | YLR079W_0(0.0) | YLR079W_0(1.0) | YLR079W_0(0.0) | YLR079W_0(1.0) |
+----------------+----------------+----------------+----------------+----------------+
| YLR079W(0.0)   | 0.192307692308 | 0.114035087719 | 0.722222222222 | 0.297752808989 |
+----------------+----------------+----------------+----------------+----------------+
| YLR079W(1.0)   | 0.807692307692 | 0.885964912281 | 0.277777777778 | 0.702247191011 |
+----------------+----------------+----------------+----------------+----------------+
+----------------+----------------+----------------+-----------------+----------------+
| ('YGL003C', 0) | YGL003C_0(0.0) | YGL003C_0(0.0) | YGL003C_0(1.0)  | YGL003C_0(1.0) |
+----------------+----------------+----------------+-----------------+----------------+
| ('YMR199W', 1) | YMR199W_1(0.0) | YMR199W_1(1.0) | YMR199W_1(0.0)  | YMR199W_1(1.0) |
+----------------+----------------+----------------+-----------------+----------------+
| YGL003C(0.0)   | 0.192307692308 | 0.535087719298 | 0.0844155844156 | 0.327956989247 |
+----------------+----------------+----------------+-----------------+----------------+
| YGL003C(1.0)   | 0.807692307692 | 0.464912280702 | 0.915584415584  | 0.672043010753 |
+----------------+----------------+----------------+-----------------+----------------+
+----------------+----------------+----------------+
| ('YLR079W', 1) | YLR079W_1(0.0) | YLR079W_1(1.0) |
+----------------+----------------+----------------+
| YDL056W(0.0)   | 0.18085106383  | 0.36301369863  |
+----------------+----------------+----------------+
| YDL056W(1.0)   | 0.81914893617  | 0.63698630137  |
+----------------+----------------+----------------+
+----------------+----------------+----------------+----------------+----------------+
| ('YMR199W', 1) | YMR199W_1(0.0) | YMR199W_1(0.0) | YMR199W_1(1.0) | YMR199W_1(1.0) |
+----------------+----------------+----------------+----------------+----------------+
| ('YPR120C', 1) | YPR120C_1(0.0) | YPR120C_1(1.0) | YPR120C_1(0.0) | YPR120C_1(1.0) |
+----------------+----------------+----------------+----------------+----------------+
| YGL116W(0.0)   | 0.036231884058 | 0.5            | 0.439393939394 | 0.705128205128 |
+----------------+----------------+----------------+----------------+----------------+
| YGL116W(1.0)   | 0.963768115942 | 0.5            | 0.560606060606 | 0.294871794872 |
+----------------+----------------+----------------+----------------+----------------+
+--------------+----------+
| YMR043W(0.0) | 0.458333 |
+--------------+----------+
| YMR043W(1.0) | 0.541667 |
+--------------+----------+
+----------------+-----------------+----------------+----------------+-----------------+
| ('YDR146C', 0) | YDR146C_0(0.0)  | YDR146C_0(0.0) | YDR146C_0(1.0) | YDR146C_0(1.0)  |
+----------------+-----------------+----------------+----------------+-----------------+
| ('YGR108W', 1) | YGR108W_1(0.0)  | YGR108W_1(1.0) | YGR108W_1(0.0) | YGR108W_1(1.0)  |
+----------------+-----------------+----------------+----------------+-----------------+
| YDR146C(0.0)   | 0.948979591837  | 0.459183673469 | 0.548780487805 | 0.0247524752475 |
+----------------+-----------------+----------------+----------------+-----------------+
| YDR146C(1.0)   | 0.0510204081633 | 0.540816326531 | 0.451219512195 | 0.975247524752  |
+----------------+-----------------+----------------+----------------+-----------------+
+----------------+----------------+----------------+----------------+-----------------+
| ('YDL056W', 1) | YDL056W_1(0.0) | YDL056W_1(0.0) | YDL056W_1(1.0) | YDL056W_1(1.0)  |
+----------------+----------------+----------------+----------------+-----------------+
| ('YGR108W', 0) | YGR108W_0(0.0) | YGR108W_0(1.0) | YGR108W_0(0.0) | YGR108W_0(1.0)  |
+----------------+----------------+----------------+----------------+-----------------+
| YGR108W(0.0)   | 0.824324324324 | 0.560606060606 | 0.535087719298 | 0.0929203539823 |
+----------------+----------------+----------------+----------------+-----------------+
| YGR108W(1.0)   | 0.175675675676 | 0.439393939394 | 0.464912280702 | 0.907079646018  |
+----------------+----------------+----------------+----------------+-----------------+
+----------------+-----------------+-----------------+----------------+----------------+
| ('YDL056W', 1) | YDL056W_1(0.0)  | YDL056W_1(0.0)  | YDL056W_1(1.0) | YDL056W_1(1.0) |
+----------------+-----------------+-----------------+----------------+----------------+
| ('YDR146C', 1) | YDR146C_1(0.0)  | YDR146C_1(1.0)  | YDR146C_1(0.0) | YDR146C_1(1.0) |
+----------------+-----------------+-----------------+----------------+----------------+
| YER111C(0.0)   | 0.0609756097561 | 0.0862068965517 | 0.122641509434 | 0.636752136752 |
+----------------+-----------------+-----------------+----------------+----------------+
| YER111C(1.0)   | 0.939024390244  | 0.913793103448  | 0.877358490566 | 0.363247863248 |
+----------------+-----------------+-----------------+----------------+----------------+
+----------------+----------------+-----------------+-----------------+----------------+
| ('YER111C', 0) | YER111C_0(0.0) | YER111C_0(0.0)  | YER111C_0(1.0)  | YER111C_0(1.0) |
+----------------+----------------+-----------------+-----------------+----------------+
| ('YGR108W', 1) | YGR108W_1(0.0) | YGR108W_1(1.0)  | YGR108W_1(0.0)  | YGR108W_1(1.0) |
+----------------+----------------+-----------------+-----------------+----------------+
| YPR120C(0.0)   | 0.192307692308 | 0.905797101449  | 0.0844155844156 | 0.376543209877 |
+----------------+----------------+-----------------+-----------------+----------------+
| YPR120C(1.0)   | 0.807692307692 | 0.0942028985507 | 0.915584415584  | 0.623456790123 |
+----------------+----------------+-----------------+-----------------+----------------+
+----------------+----------------+----------------+----------------+-----------------+
| ('YER111C', 0) | YER111C_0(0.0) | YER111C_0(0.0) | YER111C_0(1.0) | YER111C_0(1.0)  |
+----------------+----------------+----------------+----------------+-----------------+
| ('YMR199W', 0) | YMR199W_0(0.0) | YMR199W_0(1.0) | YMR199W_0(0.0) | YMR199W_0(1.0)  |
+----------------+----------------+----------------+----------------+-----------------+
| YMR199W(0.0)   | 0.841463414634 | 0.743902439024 | 0.459183673469 | 0.0229357798165 |
+----------------+----------------+----------------+----------------+-----------------+
| YMR199W(1.0)   | 0.158536585366 | 0.256097560976 | 0.540816326531 | 0.977064220183  |
+----------------+----------------+----------------+----------------+-----------------+
[('YLR079W', 'YLR079W'), ('YDL056W', 'YGR108W'), ('YDL056W', 'YER111C'), ('YGL003C', 'YGL003C'), ('YER111C', 'YMR199W'), ('YER111C', 'YPR120C'), ('YGR108W', 'YPR120C'), ('YGR108W', 'YDR146C'), ('YMR043W', 'YAL040C'), ('YPR120C', 'YAL040C'), ('YGR108W', 'YGR108W'), ('YMR199W', 'YGL116W'), ('YMR199W', 'YGL003C'), ('YDR146C', 'YDR146C'), ('YPR120C', 'YGL116W'), ('YLR079W', 'YDL056W'), ('YMR199W', 'YMR199W'), ('YGL003C', 'YLR079W'), ('YDR146C', 'YER111C')]
