[('YAL040C', 'YLR079W'), ('YAL040C', 'YMR199W'), ('YLR079W', 'YER111C'), ('YLR079W', 'YDR146C'), ('YMR199W', 'YGL116W'), ('YDR146C', 'YGL003C'), ('YGR108W', 'YAL040C'), ('YGR108W', 'YDR146C'), ('YGR108W', 'YDL056W'), ('YPR120C', 'YGR108W'), ('YPR120C', 'YMR043W')]
+--------------+----------------+----------------+
| YGR108W      | YGR108W(0.0)   | YGR108W(1.0)   |
+--------------+----------------+----------------+
| YAL040C(0.0) | 0.590909090909 | 0.227272727273 |
+--------------+----------------+----------------+
| YAL040C(1.0) | 0.409090909091 | 0.772727272727 |
+--------------+----------------+----------------+
+--------------+----------------+----------------+
| YAL040C      | YAL040C(0.0)   | YAL040C(1.0)   |
+--------------+----------------+----------------+
| YLR079W(0.0) | 0.277777777778 | 0.653846153846 |
+--------------+----------------+----------------+
| YLR079W(1.0) | 0.722222222222 | 0.346153846154 |
+--------------+----------------+----------------+
+--------------+----------------+----------------+
| YAL040C      | YAL040C(0.0)   | YAL040C(1.0)   |
+--------------+----------------+----------------+
| YMR199W(0.0) | 0.277777777778 | 0.653846153846 |
+--------------+----------------+----------------+
| YMR199W(1.0) | 0.722222222222 | 0.346153846154 |
+--------------+----------------+----------------+
+--------------+----------------+----------------+
| YGR108W      | YGR108W(0.0)   | YGR108W(1.0)   |
+--------------+----------------+----------------+
| YDL056W(0.0) | 0.227272727273 | 0.772727272727 |
+--------------+----------------+----------------+
| YDL056W(1.0) | 0.772727272727 | 0.227272727273 |
+--------------+----------------+----------------+
+--------------+----------------+----------------+
| YMR199W      | YMR199W(0.0)   | YMR199W(1.0)   |
+--------------+----------------+----------------+
| YGL116W(0.0) | 0.227272727273 | 0.772727272727 |
+--------------+----------------+----------------+
| YGL116W(1.0) | 0.772727272727 | 0.227272727273 |
+--------------+----------------+----------------+
+--------------+----------------+----------------+
| YPR120C      | YPR120C(0.0)   | YPR120C(1.0)   |
+--------------+----------------+----------------+
| YMR043W(0.0) | 0.807692307692 | 0.277777777778 |
+--------------+----------------+----------------+
| YMR043W(1.0) | 0.192307692308 | 0.722222222222 |
+--------------+----------------+----------------+
+--------------+----------------+----------------+----------------+----------------+
| YGR108W      | YGR108W(0.0)   | YGR108W(0.0)   | YGR108W(1.0)   | YGR108W(1.0)   |
+--------------+----------------+----------------+----------------+----------------+
| YLR079W      | YLR079W(0.0)   | YLR079W(1.0)   | YLR079W(0.0)   | YLR079W(1.0)   |
+--------------+----------------+----------------+----------------+----------------+
| YDR146C(0.0) | 0.722222222222 | 0.807692307692 | 0.192307692308 | 0.722222222222 |
+--------------+----------------+----------------+----------------+----------------+
| YDR146C(1.0) | 0.277777777778 | 0.192307692308 | 0.807692307692 | 0.277777777778 |
+--------------+----------------+----------------+----------------+----------------+
+--------------+----------------+----------------+
| YPR120C      | YPR120C(0.0)   | YPR120C(1.0)   |
+--------------+----------------+----------------+
| YGR108W(0.0) | 0.653846153846 | 0.277777777778 |
+--------------+----------------+----------------+
| YGR108W(1.0) | 0.346153846154 | 0.722222222222 |
+--------------+----------------+----------------+
+--------------+----------------+----------------+
| YLR079W      | YLR079W(0.0)   | YLR079W(1.0)   |
+--------------+----------------+----------------+
| YER111C(0.0) | 0.772727272727 | 0.409090909091 |
+--------------+----------------+----------------+
| YER111C(1.0) | 0.227272727273 | 0.590909090909 |
+--------------+----------------+----------------+
+--------------+----------+
| YPR120C(0.0) | 0.590909 |
+--------------+----------+
| YPR120C(1.0) | 0.409091 |
+--------------+----------+
+--------------+----------------+----------------+
| YDR146C      | YDR146C(0.0)   | YDR146C(1.0)   |
+--------------+----------------+----------------+
| YGL003C(0.0) | 0.346153846154 | 0.722222222222 |
+--------------+----------------+----------------+
| YGL003C(1.0) | 0.653846153846 | 0.277777777778 |
+--------------+----------------+----------------+
[(('YLR079W', 0), ('YLR079W', 1)), (('YER111C', 1), ('YDL056W', 1)), (('YER111C', 1), ('YLR079W', 1)), (('YER111C', 1), ('YDR146C', 1)), (('YGL003C', 0), ('YPR120C', 1)), (('YER111C', 0), ('YMR199W', 1)), (('YER111C', 0), ('YPR120C', 1)), (('YMR043W', 0), ('YAL040C', 1)), (('YPR120C', 0), ('YAL040C', 1)), (('YGR108W', 0), ('YGL116W', 1)), (('YGR108W', 0), ('YER111C', 1)), (('YMR199W', 1), ('YGL003C', 1)), (('YDR146C', 0), ('YDR146C', 1)), (('YPR120C', 1), ('YGL116W', 1)), (('YPR120C', 1), ('YMR043W', 1)), (('YLR079W', 1), ('YGL003C', 1)), (('YMR199W', 0), ('YMR199W', 1)), (('YDR146C', 1), ('YGR108W', 1))]
+----------------+----------------+----------------+----------------+----------------+
| ('YMR043W', 0) | YMR043W_0(0.0) | YMR043W_0(0.0) | YMR043W_0(1.0) | YMR043W_0(1.0) |
+----------------+----------------+----------------+----------------+----------------+
| ('YPR120C', 0) | YPR120C_0(0.0) | YPR120C_0(1.0) | YPR120C_0(0.0) | YPR120C_0(1.0) |
+----------------+----------------+----------------+----------------+----------------+
| YAL040C(0.0)   | 0.384057971014 | 0.885964912281 | 0.1            | 0.573394495413 |
+----------------+----------------+----------------+----------------+----------------+
| YAL040C(1.0)   | 0.615942028986 | 0.114035087719 | 0.9            | 0.426605504587 |
+----------------+----------------+----------------+----------------+----------------+
+----------------+----------------+----------------+----------------+----------------+
| ('YER111C', 1) | YER111C_1(0.0) | YER111C_1(0.0) | YER111C_1(1.0) | YER111C_1(1.0) |
+----------------+----------------+----------------+----------------+----------------+
| ('YLR079W', 0) | YLR079W_0(0.0) | YLR079W_0(1.0) | YLR079W_0(0.0) | YLR079W_0(1.0) |
+----------------+----------------+----------------+----------------+----------------+
| YLR079W(0.0)   | 0.762295081967 | 0.322222222222 | 0.530769230769 | 0.236434108527 |
+----------------+----------------+----------------+----------------+----------------+
| YLR079W(1.0)   | 0.237704918033 | 0.677777777778 | 0.469230769231 | 0.763565891473 |
+----------------+----------------+----------------+----------------+----------------+
+----------------+-----------------+----------------+----------------+----------------+
| ('YLR079W', 1) | YLR079W_1(0.0)  | YLR079W_1(0.0) | YLR079W_1(1.0) | YLR079W_1(1.0) |
+----------------+-----------------+----------------+----------------+----------------+
| ('YMR199W', 1) | YMR199W_1(0.0)  | YMR199W_1(1.0) | YMR199W_1(0.0) | YMR199W_1(1.0) |
+----------------+-----------------+----------------+----------------+----------------+
| YGL003C(0.0)   | 0.0438596491228 | 0.210144927536 | 0.198113207547 | 0.54958677686  |
+----------------+-----------------+----------------+----------------+----------------+
| YGL003C(1.0)   | 0.956140350877  | 0.789855072464 | 0.801886792453 | 0.45041322314  |
+----------------+-----------------+----------------+----------------+----------------+
+----------------+----------------+----------------+
| ('YER111C', 1) | YER111C_1(0.0) | YER111C_1(1.0) |
+----------------+----------------+----------------+
| YDL056W(0.0)   | 0.198113207547 | 0.396907216495 |
+----------------+----------------+----------------+
| YDL056W(1.0)   | 0.801886792453 | 0.603092783505 |
+----------------+----------------+----------------+
+----------------+----------------+----------------+----------------+----------------+
| ('YGR108W', 0) | YGR108W_0(0.0) | YGR108W_0(0.0) | YGR108W_0(1.0) | YGR108W_0(1.0) |
+----------------+----------------+----------------+----------------+----------------+
| ('YPR120C', 1) | YPR120C_1(0.0) | YPR120C_1(1.0) | YPR120C_1(0.0) | YPR120C_1(1.0) |
+----------------+----------------+----------------+----------------+----------------+
| YGL116W(0.0)   | 0.147058823529 | 0.844086021505 | 0.152892561983 | 0.442028985507 |
+----------------+----------------+----------------+----------------+----------------+
| YGL116W(1.0)   | 0.852941176471 | 0.155913978495 | 0.847107438017 | 0.557971014493 |
+----------------+----------------+----------------+----------------+----------------+
+----------------+----------------+----------------+
| ('YPR120C', 1) | YPR120C_1(0.0) | YPR120C_1(1.0) |
+----------------+----------------+----------------+
| YMR043W(0.0)   | 0.528985507246 | 0.351851851852 |
+----------------+----------------+----------------+
| YMR043W(1.0)   | 0.471014492754 | 0.648148148148 |
+----------------+----------------+----------------+
+----------------+----------------+----------------+-----------------+----------------+
| ('YDR146C', 0) | YDR146C_0(0.0) | YDR146C_0(0.0) | YDR146C_0(1.0)  | YDR146C_0(1.0) |
+----------------+----------------+----------------+-----------------+----------------+
| ('YER111C', 1) | YER111C_1(0.0) | YER111C_1(1.0) | YER111C_1(0.0)  | YER111C_1(1.0) |
+----------------+----------------+----------------+-----------------+----------------+
| YDR146C(0.0)   | 0.309523809524 | 0.726804123711 | 0.0294117647059 | 0.355670103093 |
+----------------+----------------+----------------+-----------------+----------------+
| YDR146C(1.0)   | 0.690476190476 | 0.273195876289 | 0.970588235294  | 0.644329896907 |
+----------------+----------------+----------------+-----------------+----------------+
+----------------+----------------+----------------+
| ('YDR146C', 1) | YDR146C_1(0.0) | YDR146C_1(1.0) |
+----------------+----------------+----------------+
| YGR108W(0.0)   | 0.745614035088 | 0.134408602151 |
+----------------+----------------+----------------+
| YGR108W(1.0)   | 0.254385964912 | 0.865591397849 |
+----------------+----------------+----------------+
+----------------+----------------+----------------+
| ('YGR108W', 0) | YGR108W_0(0.0) | YGR108W_0(1.0) |
+----------------+----------------+----------------+
| YER111C(0.0)   | 0.118181818182 | 0.489473684211 |
+----------------+----------------+----------------+
| YER111C(1.0)   | 0.881818181818 | 0.510526315789 |
+----------------+----------------+----------------+
+----------------+----------------+----------------+-----------------+----------------+
| ('YER111C', 0) | YER111C_0(0.0) | YER111C_0(0.0) | YER111C_0(1.0)  | YER111C_0(1.0) |
+----------------+----------------+----------------+-----------------+----------------+
| ('YGL003C', 0) | YGL003C_0(0.0) | YGL003C_0(1.0) | YGL003C_0(0.0)  | YGL003C_0(1.0) |
+----------------+----------------+----------------+-----------------+----------------+
| YPR120C(0.0)   | 0.637931034483 | 0.87037037037  | 0.0384615384615 | 0.372          |
+----------------+----------------+----------------+-----------------+----------------+
| YPR120C(1.0)   | 0.362068965517 | 0.12962962963  | 0.961538461538  | 0.628          |
+----------------+----------------+----------------+-----------------+----------------+
+----------------+----------------+----------------+----------------+-----------------+
| ('YER111C', 0) | YER111C_0(0.0) | YER111C_0(0.0) | YER111C_0(1.0) | YER111C_0(1.0)  |
+----------------+----------------+----------------+----------------+-----------------+
| ('YMR199W', 0) | YMR199W_0(0.0) | YMR199W_0(1.0) | YMR199W_0(0.0) | YMR199W_0(1.0)  |
+----------------+----------------+----------------+----------------+-----------------+
| YMR199W(0.0)   | 0.785714285714 | 0.631147540984 | 0.5            | 0.0193798449612 |
+----------------+----------------+----------------+----------------+-----------------+
| YMR199W(1.0)   | 0.214285714286 | 0.368852459016 | 0.5            | 0.980620155039  |
+----------------+----------------+----------------+----------------+-----------------+
[('YLR079W', 'YLR079W'), ('YER111C', 'YDL056W'), ('YER111C', 'YLR079W'), ('YER111C', 'YDR146C'), ('YGL003C', 'YPR120C'), ('YER111C', 'YMR199W'), ('YER111C', 'YPR120C'), ('YMR043W', 'YAL040C'), ('YPR120C', 'YAL040C'), ('YGR108W', 'YGL116W'), ('YGR108W', 'YER111C'), ('YMR199W', 'YGL003C'), ('YDR146C', 'YDR146C'), ('YPR120C', 'YGL116W'), ('YPR120C', 'YMR043W'), ('YLR079W', 'YGL003C'), ('YMR199W', 'YMR199W'), ('YDR146C', 'YGR108W')]
