[('G7', 'G3'), ('G6', 'G10'), ('G6', 'G4'), ('G6', 'G1'), ('G6', 'G8'), ('G5', 'G6'), ('G5', 'G9'), ('G2', 'G8'), ('G9', 'G4'), ('G9', 'G2'), ('G9', 'G10'), ('G8', 'G7'), ('G10', 'G7'), ('G10', 'G3'), ('G10', 'G2')]
+---------+-----------------+-----------------+----------------+-----------------+
| G10     | G10(0.0)        | G10(0.0)        | G10(1.0)       | G10(1.0)        |
+---------+-----------------+-----------------+----------------+-----------------+
| G8      | G8(0.0)         | G8(1.0)         | G8(0.0)        | G8(1.0)         |
+---------+-----------------+-----------------+----------------+-----------------+
| G7(0.0) | 0.0757575757576 | 0.956140350877  | 0.582191780822 | 0.962093862816  |
+---------+-----------------+-----------------+----------------+-----------------+
| G7(1.0) | 0.924242424242  | 0.0438596491228 | 0.417808219178 | 0.0379061371841 |
+---------+-----------------+-----------------+----------------+-----------------+
+---------+----------------+----------------+
| G5      | G5(0.0)        | G5(1.0)        |
+---------+----------------+----------------+
| G6(0.0) | 0.147668393782 | 0.611111111111 |
+---------+----------------+----------------+
| G6(1.0) | 0.852331606218 | 0.388888888889 |
+---------+----------------+----------------+
+---------+----------+
| G5(0.0) | 0.877273 |
+---------+----------+
| G5(1.0) | 0.122727 |
+---------+----------+
+---------+-----------------+-----------------+----------------+------------------+
| G6      | G6(0.0)         | G6(0.0)         | G6(1.0)        | G6(1.0)          |
+---------+-----------------+-----------------+----------------+------------------+
| G9      | G9(0.0)         | G9(1.0)         | G9(0.0)        | G9(1.0)          |
+---------+-----------------+-----------------+----------------+------------------+
| G4(0.0) | 0.0555555555556 | 0.0555555555556 | 0.855555555556 | 0.00819672131148 |
+---------+-----------------+-----------------+----------------+------------------+
| G4(1.0) | 0.944444444444  | 0.944444444444  | 0.144444444444 | 0.991803278689   |
+---------+-----------------+-----------------+----------------+------------------+
+---------+----------------+---------------+-----------------+----------------+
| G10     | G10(0.0)       | G10(0.0)      | G10(1.0)        | G10(1.0)       |
+---------+----------------+---------------+-----------------+----------------+
| G7      | G7(0.0)        | G7(1.0)       | G7(0.0)         | G7(1.0)        |
+---------+----------------+---------------+-----------------+----------------+
| G3(0.0) | 0.394736842105 | 0.80303030303 | 0.0598705501618 | 0.353658536585 |
+---------+----------------+---------------+-----------------+----------------+
| G3(1.0) | 0.605263157895 | 0.19696969697 | 0.940129449838  | 0.646341463415 |
+---------+----------------+---------------+-----------------+----------------+
+---------+----------+----------------+----------------+----------------+
| G10     | G10(0.0) | G10(0.0)       | G10(1.0)       | G10(1.0)       |
+---------+----------+----------------+----------------+----------------+
| G9      | G9(0.0)  | G9(1.0)        | G9(0.0)        | G9(1.0)        |
+---------+----------+----------------+----------------+----------------+
| G2(0.0) | 0.5      | 0.170588235294 | 0.170588235294 | 0.809433962264 |
+---------+----------+----------------+----------------+----------------+
| G2(1.0) | 0.5      | 0.829411764706 | 0.829411764706 | 0.190566037736 |
+---------+----------+----------------+----------------+----------------+
+---------+----------------+----------------+
| G6      | G6(0.0)        | G6(1.0)        |
+---------+----------------+----------------+
| G1(0.0) | 0.144444444444 | 0.322857142857 |
+---------+----------------+----------------+
| G1(1.0) | 0.855555555556 | 0.677142857143 |
+---------+----------------+----------------+
+---------+----------------+----------------+
| G5      | G5(0.0)        | G5(1.0)        |
+---------+----------------+----------------+
| G9(0.0) | 0.126943005181 | 0.759259259259 |
+---------+----------------+----------------+
| G9(1.0) | 0.873056994819 | 0.240740740741 |
+---------+----------------+----------------+
+---------+----------------+-----------------+-----------------+---------+
| G2      | G2(0.0)        | G2(0.0)         | G2(1.0)         | G2(1.0) |
+---------+----------------+-----------------+-----------------+---------+
| G6      | G6(0.0)        | G6(1.0)         | G6(0.0)         | G6(1.0) |
+---------+----------------+-----------------+-----------------+---------+
| G8(0.0) | 0.119047619048 | 0.0466666666667 | 0.0942028985507 | 0.692   |
+---------+----------------+-----------------+-----------------+---------+
| G8(1.0) | 0.880952380952 | 0.953333333333  | 0.905797101449  | 0.308   |
+---------+----------------+-----------------+-----------------+---------+
+----------+-----------------+-----------------+-----------------+----------------+
| G6       | G6(0.0)         | G6(0.0)         | G6(1.0)         | G6(1.0)        |
+----------+-----------------+-----------------+-----------------+----------------+
| G9       | G9(0.0)         | G9(1.0)         | G9(0.0)         | G9(1.0)        |
+----------+-----------------+-----------------+-----------------+----------------+
| G10(0.0) | 0.0555555555556 | 0.944444444444  | 0.0555555555556 | 0.139344262295 |
+----------+-----------------+-----------------+-----------------+----------------+
| G10(1.0) | 0.944444444444  | 0.0555555555556 | 0.944444444444  | 0.860655737705 |
+----------+-----------------+-----------------+-----------------+----------------+
