[('G7', 'G5'), ('G6', 'G8'), ('G5', 'G6'), ('G5', 'G1'), ('G4', 'G2'), ('G3', 'G7'), ('G3', 'G4'), ('G3', 'G9'), ('G9', 'G2'), ('G9', 'G1'), ('G8', 'G9'), ('G10', 'G5'), ('G10', 'G3'), ('G10', 'G8')]
+---------+----------------+-----------------+
| G3      | G3(0.0)        | G3(1.0)         |
+---------+----------------+-----------------+
| G7(0.0) | 0.664179104478 | 0.970588235294  |
+---------+----------------+-----------------+
| G7(1.0) | 0.335820895522 | 0.0294117647059 |
+---------+----------------+-----------------+
+---------+----------------+---------+
| G5      | G5(0.0)        | G5(1.0) |
+---------+----------------+---------+
| G6(0.0) | 0.665714285714 | 0.1     |
+---------+----------------+---------+
| G6(1.0) | 0.334285714286 | 0.9     |
+---------+----------------+---------+
+---------+---------------+----------------+-----------------+----------------+
| G10     | G10(0.0)      | G10(0.0)       | G10(1.0)        | G10(1.0)       |
+---------+---------------+----------------+-----------------+----------------+
| G7      | G7(0.0)       | G7(1.0)        | G7(0.0)         | G7(1.0)        |
+---------+---------------+----------------+-----------------+----------------+
| G5(0.0) | 0.68045112782 | 0.283783783784 | 0.974308300395  | 0.147058823529 |
+---------+---------------+----------------+-----------------+----------------+
| G5(1.0) | 0.31954887218 | 0.716216216216 | 0.0256916996047 | 0.852941176471 |
+---------+---------------+----------------+-----------------+----------------+
+---------+----------------+----------------+
| G3      | G3(0.0)        | G3(1.0)        |
+---------+----------------+----------------+
| G4(0.0) | 0.126865671642 | 0.800653594771 |
+---------+----------------+----------------+
| G4(1.0) | 0.873134328358 | 0.199346405229 |
+---------+----------------+----------------+
+---------+----------------+----------------+
| G10     | G10(0.0)       | G10(1.0)       |
+---------+----------------+----------------+
| G3(0.0) | 0.617647058824 | 0.107407407407 |
+---------+----------------+----------------+
| G3(1.0) | 0.382352941176 | 0.892592592593 |
+---------+----------------+----------------+
+---------+-----------------+----------------+----------------+----------------+
| G4      | G4(0.0)         | G4(0.0)        | G4(1.0)        | G4(1.0)        |
+---------+-----------------+----------------+----------------+----------------+
| G9      | G9(0.0)         | G9(1.0)        | G9(0.0)        | G9(1.0)        |
+---------+-----------------+----------------+----------------+----------------+
| G2(0.0) | 0.0126903553299 | 0.346153846154 | 0.224137931034 | 0.607382550336 |
+---------+-----------------+----------------+----------------+----------------+
| G2(1.0) | 0.98730964467   | 0.653846153846 | 0.775862068966 | 0.392617449664 |
+---------+-----------------+----------------+----------------+----------------+
+---------+----------------+----------------+---------+----------------+
| G5      | G5(0.0)        | G5(0.0)        | G5(1.0) | G5(1.0)        |
+---------+----------------+----------------+---------+----------------+
| G9      | G9(0.0)        | G9(1.0)        | G9(0.0) | G9(1.0)        |
+---------+----------------+----------------+---------+----------------+
| G1(0.0) | 0.092039800995 | 0.634228187919 | 0.74    | 0.776923076923 |
+---------+----------------+----------------+---------+----------------+
| G1(1.0) | 0.907960199005 | 0.365771812081 | 0.26    | 0.223076923077 |
+---------+----------------+----------------+---------+----------------+
+---------+-----------------+---------+----------------+----------------+
| G3      | G3(0.0)         | G3(0.0) | G3(1.0)        | G3(1.0)        |
+---------+-----------------+---------+----------------+----------------+
| G8      | G8(0.0)         | G8(1.0) | G8(0.0)        | G8(1.0)        |
+---------+-----------------+---------+----------------+----------------+
| G9(0.0) | 0.0596330275229 | 0.1     | 0.426605504587 | 0.865482233503 |
+---------+-----------------+---------+----------------+----------------+
| G9(1.0) | 0.940366972477  | 0.9     | 0.573394495413 | 0.134517766497 |
+---------+-----------------+---------+----------------+----------------+
+---------+----------------+----------------+-----------------+----------------+
| G10     | G10(0.0)       | G10(0.0)       | G10(1.0)        | G10(1.0)       |
+---------+----------------+----------------+-----------------+----------------+
| G6      | G6(0.0)        | G6(1.0)        | G6(0.0)         | G6(1.0)        |
+---------+----------------+----------------+-----------------+----------------+
| G8(0.0) | 0.582191780822 | 0.809278350515 | 0.0621301775148 | 0.856435643564 |
+---------+----------------+----------------+-----------------+----------------+
| G8(1.0) | 0.417808219178 | 0.190721649485 | 0.937869822485  | 0.143564356436 |
+---------+----------------+----------------+-----------------+----------------+
+----------+----------+
| G10(0.0) | 0.386364 |
+----------+----------+
| G10(1.0) | 0.613636 |
+----------+----------+
