[('G9', 'G1')]
+---------+---+
| G7(0.0) | 1 |
+---------+---+
+---------+---+
| G6(0.0) | 1 |
+---------+---+
+---------+---+
| G5(1.0) | 1 |
+---------+---+
+---------+---+
| G4(1.0) | 1 |
+---------+---+
+---------+---+
| G3(1.0) | 1 |
+---------+---+
+---------+---+
| G2(0.0) | 1 |
+---------+---+
+---------+----------------+---------+
| G9      | G9(0.0)        | G9(1.0) |
+---------+----------------+---------+
| G1(0.0) | 0.227272727273 | 0.5     |
+---------+----------------+---------+
| G1(1.0) | 0.772727272727 | 0.5     |
+---------+----------------+---------+
+---------+------+
| G9(0.0) | 0.55 |
+---------+------+
| G9(1.0) | 0.45 |
+---------+------+
+---------+---+
| G8(1.0) | 1 |
+---------+---+
+----------+---+
| G10(1.0) | 1 |
+----------+---+
[(('G7', 0), ('G7', 1)), (('G7', 0), ('G1', 1)), (('G4', 0), ('G4', 1)), (('G8', 0), ('G8', 1)), (('G8', 1), ('G4', 1)), (('G5', 0), ('G5', 1)), (('G2', 0), ('G7', 1)), (('G2', 0), ('G2', 1)), (('G10', 1), ('G1', 1)), (('G10', 0), ('G10', 1)), (('G3', 0), ('G3', 1))]
+-----------+-----------------+----------------+---------------+----------------+
| ('G2', 0) | G2_0(0.0)       | G2_0(0.0)      | G2_0(1.0)     | G2_0(1.0)      |
+-----------+-----------------+----------------+---------------+----------------+
| ('G7', 0) | G7_0(0.0)       | G7_0(1.0)      | G7_0(0.0)     | G7_0(1.0)      |
+-----------+-----------------+----------------+---------------+----------------+
| G7(0.0)   | 0.98322147651   | 0.722222222222 | 0.81724137931 | 0.199115044248 |
+-----------+-----------------+----------------+---------------+----------------+
| G7(1.0)   | 0.0167785234899 | 0.277777777778 | 0.18275862069 | 0.800884955752 |
+-----------+-----------------+----------------+---------------+----------------+
+---------+---+
| G6(0.0) | 1 |
+---------+---+
+-----------+----------------+-----------------+
| ('G5', 0) | G5_0(0.0)      | G5_0(1.0)       |
+-----------+----------------+-----------------+
| G5(0.0)   | 0.785714285714 | 0.0660377358491 |
+-----------+----------------+-----------------+
| G5(1.0)   | 0.214285714286 | 0.933962264151  |
+-----------+----------------+-----------------+
+-----------+-----------------+-----------+-----------+-----------------+
| ('G4', 0) | G4_0(0.0)       | G4_0(0.0) | G4_0(1.0) | G4_0(1.0)       |
+-----------+-----------------+-----------+-----------+-----------------+
| ('G8', 1) | G8_1(0.0)       | G8_1(1.0) | G8_1(0.0) | G8_1(1.0)       |
+-----------+-----------------+-----------+-----------+-----------------+
| G4(0.0)   | 0.939024390244  | 0.5       | 0.5       | 0.0880398671096 |
+-----------+-----------------+-----------+-----------+-----------------+
| G4(1.0)   | 0.0609756097561 | 0.5       | 0.5       | 0.91196013289   |
+-----------+-----------------+-----------+-----------+-----------------+
+-----------+----------------+----------------+
| ('G3', 0) | G3_0(0.0)      | G3_0(1.0)      |
+-----------+----------------+----------------+
| G3(0.0)   | 0.733766233766 | 0.156488549618 |
+-----------+----------------+----------------+
| G3(1.0)   | 0.266233766234 | 0.843511450382 |
+-----------+----------------+----------------+
+-----------+----------------+----------------+
| ('G2', 0) | G2_0(0.0)      | G2_0(1.0)      |
+-----------+----------------+----------------+
| G2(0.0)   | 0.740506329114 | 0.174418604651 |
+-----------+----------------+----------------+
| G2(1.0)   | 0.259493670886 | 0.825581395349 |
+-----------+----------------+----------------+
+------------+-----------------+----------------+----------------+-----------------+
| ('G10', 1) | G10_1(0.0)      | G10_1(0.0)     | G10_1(1.0)     | G10_1(1.0)      |
+------------+-----------------+----------------+----------------+-----------------+
| ('G7', 0)  | G7_0(0.0)       | G7_0(1.0)      | G7_0(0.0)      | G7_0(1.0)       |
+------------+-----------------+----------------+----------------+-----------------+
| G1(0.0)    | 0.0342465753425 | 0.192307692308 | 0.699095022624 | 0.977064220183  |
+------------+-----------------+----------------+----------------+-----------------+
| G1(1.0)    | 0.965753424658  | 0.807692307692 | 0.300904977376 | 0.0229357798165 |
+------------+-----------------+----------------+----------------+-----------------+
+---------+----------+
| G9(0.0) | 0.370192 |
+---------+----------+
| G9(1.0) | 0.629808 |
+---------+----------+
+-----------+----------------+----------------+
| ('G8', 0) | G8_0(0.0)      | G8_0(1.0)      |
+-----------+----------------+----------------+
| G8(0.0)   | 0.833333333333 | 0.024861878453 |
+-----------+----------------+----------------+
| G8(1.0)   | 0.166666666667 | 0.975138121547 |
+-----------+----------------+----------------+
+------------+----------------+-----------------+
| ('G10', 0) | G10_0(0.0)     | G10_0(1.0)      |
+------------+----------------+-----------------+
| G10(0.0)   | 0.855555555556 | 0.0276073619632 |
+------------+----------------+-----------------+
| G10(1.0)   | 0.144444444444 | 0.972392638037  |
+------------+----------------+-----------------+
[('G7', 'G7'), ('G7', 'G1'), ('G4', 'G4'), ('G8', 'G8'), ('G8', 'G4'), ('G5', 'G5'), ('G2', 'G7'), ('G2', 'G2'), ('G10', 'G1'), ('G10', 'G10'), ('G3', 'G3')]
