[]
+---------+---+
| G7(1.0) | 1 |
+---------+---+
+---------+------+
| G6(0.0) | 0.65 |
+---------+------+
| G6(1.0) | 0.35 |
+---------+------+
+---------+---+
| G5(0.0) | 1 |
+---------+---+
+---------+---+
| G4(1.0) | 1 |
+---------+---+
+---------+------+
| G3(0.0) | 0.45 |
+---------+------+
| G3(1.0) | 0.55 |
+---------+------+
+---------+---+
| G2(0.0) | 1 |
+---------+---+
+---------+---+
| G1(1.0) | 1 |
+---------+---+
+---------+---+
| G9(1.0) | 1 |
+---------+---+
+---------+---+
| G8(1.0) | 1 |
+---------+---+
+----------+---+
| G10(1.0) | 1 |
+----------+---+
[(('G7', 1), ('G6', 1)), (('G7', 0), ('G7', 1)), (('G7', 0), ('G4', 1)), (('G4', 0), ('G4', 1)), (('G4', 0), ('G3', 1)), (('G3', 1), ('G1', 1)), (('G8', 0), ('G2', 1)), (('G8', 0), ('G6', 1)), (('G8', 0), ('G8', 1)), (('G1', 0), ('G1', 1)), (('G1', 0), ('G3', 1)), (('G1', 0), ('G5', 1)), (('G9', 1), ('G7', 1)), (('G9', 0), ('G9', 1)), (('G9', 0), ('G10', 1)), (('G10', 0), ('G10', 1))]
+-----------+-----------------+----------------+----------------+-----------------+
| ('G7', 0) | G7_0(0.0)       | G7_0(0.0)      | G7_0(1.0)      | G7_0(1.0)       |
+-----------+-----------------+----------------+----------------+-----------------+
| ('G9', 1) | G9_1(0.0)       | G9_1(1.0)      | G9_1(0.0)      | G9_1(1.0)       |
+-----------+-----------------+----------------+----------------+-----------------+
| G7(0.0)   | 0.967532467532  | 0.675438596491 | 0.807692307692 | 0.0390334572491 |
+-----------+-----------------+----------------+----------------+-----------------+
| G7(1.0)   | 0.0324675324675 | 0.324561403509 | 0.192307692308 | 0.960966542751  |
+-----------+-----------------+----------------+----------------+-----------------+
+-----------+-----------------+----------------+-----------------+----------------+
| ('G7', 1) | G7_1(0.0)       | G7_1(0.0)      | G7_1(1.0)       | G7_1(1.0)      |
+-----------+-----------------+----------------+-----------------+----------------+
| ('G8', 0) | G8_0(0.0)       | G8_0(1.0)      | G8_0(0.0)       | G8_0(1.0)      |
+-----------+-----------------+----------------+-----------------+----------------+
| G6(0.0)   | 0.0609756097561 | 0.112903225806 | 0.0510204081633 | 0.508583690987 |
+-----------+-----------------+----------------+-----------------+----------------+
| G6(1.0)   | 0.939024390244  | 0.887096774194 | 0.948979591837  | 0.491416309013 |
+-----------+-----------------+----------------+-----------------+----------------+
+-----------+-----------+-----------------+
| ('G1', 0) | G1_0(0.0) | G1_0(1.0)       |
+-----------+-----------+-----------------+
| G5(0.0)   | 0.1       | 0.972392638037  |
+-----------+-----------+-----------------+
| G5(1.0)   | 0.9       | 0.0276073619632 |
+-----------+-----------+-----------------+
+-----------+---------------+----------------+-----------+-----------------+
| ('G4', 0) | G4_0(0.0)     | G4_0(0.0)      | G4_0(1.0) | G4_0(1.0)       |
+-----------+---------------+----------------+-----------+-----------------+
| ('G7', 0) | G7_0(0.0)     | G7_0(1.0)      | G7_0(0.0) | G7_0(1.0)       |
+-----------+---------------+----------------+-----------+-----------------+
| G4(0.0)   | 0.88202247191 | 0.673913043478 | 0.5       | 0.0492957746479 |
+-----------+---------------+----------------+-----------+-----------------+
| G4(1.0)   | 0.11797752809 | 0.326086956522 | 0.5       | 0.950704225352  |
+-----------+---------------+----------------+-----------+-----------------+
+-----------+----------------+----------------+----------------+----------------+
| ('G1', 0) | G1_0(0.0)      | G1_0(0.0)      | G1_0(1.0)      | G1_0(1.0)      |
+-----------+----------------+----------------+----------------+----------------+
| ('G4', 0) | G4_0(0.0)      | G4_0(1.0)      | G4_0(0.0)      | G4_0(1.0)      |
+-----------+----------------+----------------+----------------+----------------+
| G3(0.0)   | 0.214285714286 | 0.158536585366 | 0.830275229358 | 0.435483870968 |
+-----------+----------------+----------------+----------------+----------------+
| G3(1.0)   | 0.785714285714 | 0.841463414634 | 0.169724770642 | 0.564516129032 |
+-----------+----------------+----------------+----------------+----------------+
+-----------+----------------+-----------------+
| ('G8', 0) | G8_0(0.0)      | G8_0(1.0)       |
+-----------+----------------+-----------------+
| G2(0.0)   | 0.766666666667 | 0.984662576687  |
+-----------+----------------+-----------------+
| G2(1.0)   | 0.233333333333 | 0.0153374233129 |
+-----------+----------------+-----------------+
+-----------+----------------+-----------------+-----------------+-----------------+
| ('G1', 0) | G1_0(0.0)      | G1_0(0.0)       | G1_0(1.0)       | G1_0(1.0)       |
+-----------+----------------+-----------------+-----------------+-----------------+
| ('G3', 1) | G3_1(0.0)      | G3_1(1.0)       | G3_1(0.0)       | G3_1(1.0)       |
+-----------+----------------+-----------------+-----------------+-----------------+
| G1(0.0)   | 0.382352941176 | 0.965753424658  | 0.0135135135135 | 0.0460992907801 |
+-----------+----------------+-----------------+-----------------+-----------------+
| G1(1.0)   | 0.617647058824 | 0.0342465753425 | 0.986486486486  | 0.95390070922   |
+-----------+----------------+-----------------+-----------------+-----------------+
+-----------+----------------+-----------------+
| ('G9', 0) | G9_0(0.0)      | G9_0(1.0)       |
+-----------+----------------+-----------------+
| G9(0.0)   | 0.855555555556 | 0.0398773006135 |
+-----------+----------------+-----------------+
| G9(1.0)   | 0.144444444444 | 0.960122699387  |
+-----------+----------------+-----------------+
+-----------+----------------+-----------------+
| ('G8', 0) | G8_0(0.0)      | G8_0(1.0)       |
+-----------+----------------+-----------------+
| G8(0.0)   | 0.855555555556 | 0.0398773006135 |
+-----------+----------------+-----------------+
| G8(1.0)   | 0.144444444444 | 0.960122699387  |
+-----------+----------------+-----------------+
+------------+-----------------+----------------+----------------+------------------+
| ('G10', 0) | G10_0(0.0)      | G10_0(0.0)     | G10_0(1.0)     | G10_0(1.0)       |
+------------+-----------------+----------------+----------------+------------------+
| ('G9', 0)  | G9_0(0.0)       | G9_0(1.0)      | G9_0(0.0)      | G9_0(1.0)        |
+------------+-----------------+----------------+----------------+------------------+
| G10(0.0)   | 0.913793103448  | 0.277777777778 | 0.106557377049 | 0.00788643533123 |
+------------+-----------------+----------------+----------------+------------------+
| G10(1.0)   | 0.0862068965517 | 0.722222222222 | 0.893442622951 | 0.992113564669   |
+------------+-----------------+----------------+----------------+------------------+
[('G7', 'G6'), ('G7', 'G7'), ('G7', 'G4'), ('G4', 'G4'), ('G4', 'G3'), ('G3', 'G1'), ('G8', 'G2'), ('G8', 'G6'), ('G8', 'G8'), ('G1', 'G1'), ('G1', 'G3'), ('G1', 'G5'), ('G9', 'G7'), ('G9', 'G9'), ('G9', 'G10'), ('G10', 'G10')]
