[('G6', 'G1')]
+---------+------+
| G7(0.0) | 0.65 |
+---------+------+
| G7(1.0) | 0.35 |
+---------+------+
+---------+------+
| G6(0.0) | 0.45 |
+---------+------+
| G6(1.0) | 0.55 |
+---------+------+
+---------+---+
| G5(1.0) | 1 |
+---------+---+
+---------+---+
| G4(0.0) | 1 |
+---------+---+
+---------+---+
| G3(1.0) | 1 |
+---------+---+
+---------+---+
| G2(0.0) | 1 |
+---------+---+
+---------+---------+----------------+
| G6      | G6(0.0) | G6(1.0)        |
+---------+---------+----------------+
| G1(0.0) | 0.5     | 0.227272727273 |
+---------+---------+----------------+
| G1(1.0) | 0.5     | 0.772727272727 |
+---------+---------+----------------+
+---------+------+
| G9(0.0) | 0.35 |
+---------+------+
| G9(1.0) | 0.65 |
+---------+------+
+---------+---+
| G8(1.0) | 1 |
+---------+---+
+----------+---+
| G10(1.0) | 1 |
+----------+---+
[(('G7', 0), ('G2', 1)), (('G8', 0), ('G4', 1)), (('G8', 0), ('G6', 1)), (('G8', 0), ('G8', 1)), (('G1', 0), ('G7', 1)), (('G1', 0), ('G1', 1)), (('G5', 0), ('G5', 1)), (('G2', 0), ('G2', 1)), (('G2', 1), ('G9', 1)), (('G2', 1), ('G3', 1)), (('G10', 1), ('G7', 1)), (('G10', 1), ('G8', 1)), (('G10', 0), ('G10', 1)), (('G3', 0), ('G3', 1))]
+------------+-----------------+----------------+----------------+----------------+
| ('G1', 0)  | G1_0(0.0)       | G1_0(0.0)      | G1_0(1.0)      | G1_0(1.0)      |
+------------+-----------------+----------------+----------------+----------------+
| ('G10', 1) | G10_1(0.0)      | G10_1(1.0)     | G10_1(0.0)     | G10_1(1.0)     |
+------------+-----------------+----------------+----------------+----------------+
| G7(0.0)    | 0.0862068965517 | 0.365771812081 | 0.119047619048 | 0.877880184332 |
+------------+-----------------+----------------+----------------+----------------+
| G7(1.0)    | 0.913793103448  | 0.634228187919 | 0.880952380952 | 0.122119815668 |
+------------+-----------------+----------------+----------------+----------------+
+-----------+----------------+---------------+
| ('G8', 0) | G8_0(0.0)      | G8_0(1.0)     |
+-----------+----------------+---------------+
| G6(0.0)   | 0.633333333333 | 0.28527607362 |
+-----------+----------------+---------------+
| G6(1.0)   | 0.366666666667 | 0.71472392638 |
+-----------+----------------+---------------+
+-----------+----------------+-----------------+
| ('G5', 0) | G5_0(0.0)      | G5_0(1.0)       |
+-----------+----------------+-----------------+
| G5(0.0)   | 0.759259259259 | 0.0359116022099 |
+-----------+----------------+-----------------+
| G5(1.0)   | 0.240740740741 | 0.96408839779   |
+-----------+----------------+-----------------+
+-----------+----------------+-----------------+
| ('G8', 0) | G8_0(0.0)      | G8_0(1.0)       |
+-----------+----------------+-----------------+
| G4(0.0)   | 0.855555555556 | 0.984662576687  |
+-----------+----------------+-----------------+
| G4(1.0)   | 0.144444444444 | 0.0153374233129 |
+-----------+----------------+-----------------+
+-----------+----------------+-----------------+-----------------+----------------+
| ('G2', 1) | G2_1(0.0)      | G2_1(0.0)       | G2_1(1.0)       | G2_1(1.0)      |
+-----------+----------------+-----------------+-----------------+----------------+
| ('G3', 0) | G3_0(0.0)      | G3_0(1.0)       | G3_0(0.0)       | G3_0(1.0)      |
+-----------+----------------+-----------------+-----------------+----------------+
| G3(0.0)   | 0.672839506173 | 0.0475113122172 | 0.961538461538  | 0.377551020408 |
+-----------+----------------+-----------------+-----------------+----------------+
| G3(1.0)   | 0.327160493827 | 0.952488687783  | 0.0384615384615 | 0.622448979592 |
+-----------+----------------+-----------------+-----------------+----------------+
+-----------+-----------------+----------------+-----------+----------------+
| ('G2', 0) | G2_0(0.0)       | G2_0(0.0)      | G2_0(1.0) | G2_0(1.0)      |
+-----------+-----------------+----------------+-----------+----------------+
| ('G7', 0) | G7_0(0.0)       | G7_0(1.0)      | G7_0(0.0) | G7_0(1.0)      |
+-----------+-----------------+----------------+-----------+----------------+
| G2(0.0)   | 0.988687782805  | 0.722222222222 | 0.42      | 0.162921348315 |
+-----------+-----------------+----------------+-----------+----------------+
| G2(1.0)   | 0.0113122171946 | 0.277777777778 | 0.58      | 0.837078651685 |
+-----------+-----------------+----------------+-----------+----------------+
+-----------+----------------+----------------+
| ('G1', 0) | G1_0(0.0)      | G1_0(1.0)      |
+-----------+----------------+----------------+
| G1(0.0)   | 0.792134831461 | 0.172268907563 |
+-----------+----------------+----------------+
| G1(1.0)   | 0.207865168539 | 0.827731092437 |
+-----------+----------------+----------------+
+-----------+----------------+----------------+
| ('G2', 1) | G2_1(0.0)      | G2_1(1.0)      |
+-----------+----------------+----------------+
| G9(0.0)   | 0.135761589404 | 0.780701754386 |
+-----------+----------------+----------------+
| G9(1.0)   | 0.864238410596 | 0.219298245614 |
+-----------+----------------+----------------+
+------------+-----------------+----------------+----------------+-----------------+
| ('G10', 1) | G10_1(0.0)      | G10_1(0.0)     | G10_1(1.0)     | G10_1(1.0)      |
+------------+-----------------+----------------+----------------+-----------------+
| ('G8', 0)  | G8_0(0.0)       | G8_0(1.0)      | G8_0(0.0)      | G8_0(1.0)       |
+------------+-----------------+----------------+----------------+-----------------+
| G8(0.0)    | 0.939024390244  | 0.722222222222 | 0.785714285714 | 0.0205047318612 |
+------------+-----------------+----------------+----------------+-----------------+
| G8(1.0)    | 0.0609756097561 | 0.277777777778 | 0.214285714286 | 0.979495268139  |
+------------+-----------------+----------------+----------------+-----------------+
+------------+------------+-----------------+
| ('G10', 0) | G10_0(0.0) | G10_0(1.0)      |
+------------+------------+-----------------+
| G10(0.0)   | 0.82       | 0.0245901639344 |
+------------+------------+-----------------+
| G10(1.0)   | 0.18       | 0.975409836066  |
+------------+------------+-----------------+
[('G7', 'G2'), ('G8', 'G4'), ('G8', 'G6'), ('G8', 'G8'), ('G1', 'G7'), ('G1', 'G1'), ('G5', 'G5'), ('G2', 'G2'), ('G2', 'G9'), ('G2', 'G3'), ('G10', 'G7'), ('G10', 'G8'), ('G10', 'G10'), ('G3', 'G3')]
