[]
+---------+---+
| G7(0.0) | 1 |
+---------+---+
+---------+---+
| G6(0.0) | 1 |
+---------+---+
+---------+---+
| G5(0.0) | 1 |
+---------+---+
+---------+---+
| G4(0.0) | 1 |
+---------+---+
+---------+---+
| G3(1.0) | 1 |
+---------+---+
+---------+---+
| G2(1.0) | 1 |
+---------+---+
+---------+---+
| G1(1.0) | 1 |
+---------+---+
+---------+---+
| G9(0.0) | 1 |
+---------+---+
+---------+---+
| G8(1.0) | 1 |
+---------+---+
+----------+---+
| G10(1.0) | 1 |
+----------+---+
[(('G7', 0), ('G7', 1)), (('G4', 0), ('G2', 1)), (('G8', 0), ('G9', 1)), (('G8', 0), ('G8', 1)), (('G1', 0), ('G1', 1)), (('G5', 0), ('G5', 1)), (('G9', 0), ('G2', 1)), (('G9', 0), ('G9', 1)), (('G2', 1), ('G1', 1)), (('G6', 0), ('G6', 1)), (('G10', 0), ('G3', 1)), (('G10', 0), ('G10', 1)), (('G6', 1), ('G5', 1)), (('G6', 1), ('G8', 1)), (('G3', 0), ('G7', 1)), (('G3', 0), ('G4', 1)), (('G3', 0), ('G3', 1))]
+-----------+-----------------+-----------------+------------------+----------------+
| ('G3', 0) | G3_0(0.0)       | G3_0(0.0)       | G3_0(1.0)        | G3_0(1.0)      |
+-----------+-----------------+-----------------+------------------+----------------+
| ('G7', 0) | G7_0(0.0)       | G7_0(1.0)       | G7_0(0.0)        | G7_0(1.0)      |
+-----------+-----------------+-----------------+------------------+----------------+
| G7(0.0)   | 0.926966292135  | 0.0555555555556 | 0.990842490842   | 0.722222222222 |
+-----------+-----------------+-----------------+------------------+----------------+
| G7(1.0)   | 0.0730337078652 | 0.944444444444  | 0.00915750915751 | 0.277777777778 |
+-----------+-----------------+-----------------+------------------+----------------+
+-----------+-----------------+----------------+
| ('G6', 0) | G6_0(0.0)       | G6_0(1.0)      |
+-----------+-----------------+----------------+
| G6(0.0)   | 0.903669724771  | 0.106060606061 |
+-----------+-----------------+----------------+
| G6(1.0)   | 0.0963302752294 | 0.893939393939 |
+-----------+-----------------+----------------+
+-----------+----------------+----------------+----------------+----------------+
| ('G5', 0) | G5_0(0.0)      | G5_0(0.0)      | G5_0(1.0)      | G5_0(1.0)      |
+-----------+----------------+----------------+----------------+----------------+
| ('G6', 1) | G6_1(0.0)      | G6_1(1.0)      | G6_1(0.0)      | G6_1(1.0)      |
+-----------+----------------+----------------+----------------+----------------+
| G5(0.0)   | 0.988038277512 | 0.807692307692 | 0.722222222222 | 0.277777777778 |
+-----------+----------------+----------------+----------------+----------------+
| G5(1.0)   | 0.011961722488 | 0.192307692308 | 0.277777777778 | 0.722222222222 |
+-----------+----------------+----------------+----------------+----------------+
+-----------+-----------------+----------------+
| ('G3', 0) | G3_0(0.0)       | G3_0(1.0)      |
+-----------+-----------------+----------------+
| G4(0.0)   | 0.0373134328358 | 0.826241134752 |
+-----------+-----------------+----------------+
| G4(1.0)   | 0.962686567164  | 0.173758865248 |
+-----------+-----------------+----------------+
+------------+-----------------+----------------+----------------+-----------------+
| ('G10', 0) | G10_0(0.0)      | G10_0(0.0)     | G10_0(1.0)     | G10_0(1.0)      |
+------------+-----------------+----------------+----------------+-----------------+
| ('G3', 0)  | G3_0(0.0)       | G3_0(1.0)      | G3_0(0.0)      | G3_0(1.0)       |
+------------+-----------------+----------------+----------------+-----------------+
| G3(0.0)    | 0.97619047619   | 0.284615384615 | 0.362068965517 | 0.0115207373272 |
+------------+-----------------+----------------+----------------+-----------------+
| G3(1.0)    | 0.0238095238095 | 0.715384615385 | 0.637931034483 | 0.988479262673  |
+------------+-----------------+----------------+----------------+-----------------+
+-----------+----------------+----------------+-----------------+----------------+
| ('G4', 0) | G4_0(0.0)      | G4_0(0.0)      | G4_0(1.0)       | G4_0(1.0)      |
+-----------+----------------+----------------+-----------------+----------------+
| ('G9', 0) | G9_0(0.0)      | G9_0(1.0)      | G9_0(0.0)       | G9_0(1.0)      |
+-----------+----------------+----------------+-----------------+----------------+
| G2(0.0)   | 0.014450867052 | 0.223076923077 | 0.0862068965517 | 0.687919463087 |
+-----------+----------------+----------------+-----------------+----------------+
| G2(1.0)   | 0.985549132948 | 0.776923076923 | 0.913793103448  | 0.312080536913 |
+-----------+----------------+----------------+-----------------+----------------+
+-----------+----------------+----------------+----------------+-----------------+
| ('G1', 0) | G1_0(0.0)      | G1_0(0.0)      | G1_0(1.0)      | G1_0(1.0)       |
+-----------+----------------+----------------+----------------+-----------------+
| ('G2', 1) | G2_1(0.0)      | G2_1(1.0)      | G2_1(0.0)      | G2_1(1.0)       |
+-----------+----------------+----------------+----------------+-----------------+
| G1(0.0)   | 0.887096774194 | 0.792134831461 | 0.637931034483 | 0.0317073170732 |
+-----------+----------------+----------------+----------------+-----------------+
| G1(1.0)   | 0.112903225806 | 0.207865168539 | 0.362068965517 | 0.968292682927  |
+-----------+----------------+----------------+----------------+-----------------+
+-----------+----------------+-----------------+-----------------+----------------+
| ('G8', 0) | G8_0(0.0)      | G8_0(0.0)       | G8_0(1.0)       | G8_0(1.0)      |
+-----------+----------------+-----------------+-----------------+----------------+
| ('G9', 0) | G9_0(0.0)      | G9_0(1.0)       | G9_0(0.0)       | G9_0(1.0)      |
+-----------+----------------+-----------------+-----------------+----------------+
| G9(0.0)   | 0.575471698113 | 0.0151515151515 | 0.98322147651   | 0.459183673469 |
+-----------+----------------+-----------------+-----------------+----------------+
| G9(1.0)   | 0.424528301887 | 0.984848484848  | 0.0167785234899 | 0.540816326531 |
+-----------+----------------+-----------------+-----------------+----------------+
+-----------+-----------+----------------+-----------------+----------------+
| ('G6', 1) | G6_1(0.0) | G6_1(0.0)      | G6_1(1.0)       | G6_1(1.0)      |
+-----------+-----------+----------------+-----------------+----------------+
| ('G8', 0) | G8_0(0.0) | G8_0(1.0)      | G8_0(0.0)       | G8_0(1.0)      |
+-----------+-----------+----------------+-----------------+----------------+
| G8(0.0)   | 0.5       | 0.143312101911 | 0.958598726115  | 0.353658536585 |
+-----------+-----------+----------------+-----------------+----------------+
| G8(1.0)   | 0.5       | 0.856687898089 | 0.0414012738854 | 0.646341463415 |
+-----------+-----------+----------------+-----------------+----------------+
+------------+----------------+-----------------+
| ('G10', 0) | G10_0(0.0)     | G10_0(1.0)      |
+------------+----------------+-----------------+
| G10(0.0)   | 0.876470588235 | 0.0691056910569 |
+------------+----------------+-----------------+
| G10(1.0)   | 0.123529411765 | 0.930894308943  |
+------------+----------------+-----------------+
[('G7', 'G7'), ('G4', 'G2'), ('G8', 'G9'), ('G8', 'G8'), ('G1', 'G1'), ('G5', 'G5'), ('G9', 'G2'), ('G9', 'G9'), ('G2', 'G1'), ('G6', 'G6'), ('G10', 'G3'), ('G10', 'G10'), ('G6', 'G5'), ('G6', 'G8'), ('G3', 'G7'), ('G3', 'G4'), ('G3', 'G3')]
