[('YAL040C', 'YER111C'), ('YAL040C', 'YDL056W'), ('YLR079W', 'YDR146C'), ('YGL116W', 'YPR120C'), ('YGR108W', 'YAL040C'), ('YER111C', 'YMR043W'), ('YER111C', 'YMR199W'), ('YPR120C', 'YLR079W'), ('YPR120C', 'YGL003C'), ('YGL003C', 'YGR108W')]
+------------+------------+
| YGR108W    | YGR108W(0) |
+------------+------------+
| YAL040C(1) | 1.0        |
+------------+------------+
+------------+------------+
| YPR120C    | YPR120C(0) |
+------------+------------+
| YLR079W(0) | 1.0        |
+------------+------------+
+------------+------------+
| YER111C    | YER111C(0) |
+------------+------------+
| YMR199W(0) | 1.0        |
+------------+------------+
+------------+------------+
| YAL040C    | YAL040C(1) |
+------------+------------+
| YDL056W(1) | 1.0        |
+------------+------------+
+------------+---+
| YGL116W(1) | 1 |
+------------+---+
+------------+------------+
| YER111C    | YER111C(0) |
+------------+------------+
| YMR043W(0) | 1.0        |
+------------+------------+
+------------+------------+
| YLR079W    | YLR079W(0) |
+------------+------------+
| YDR146C(0) | 1.0        |
+------------+------------+
+------------+------------+
| YGL003C    | YGL003C(1) |
+------------+------------+
| YGR108W(0) | 1.0        |
+------------+------------+
+------------+------------+
| YAL040C    | YAL040C(1) |
+------------+------------+
| YER111C(0) | 1.0        |
+------------+------------+
+------------+------------+
| YGL116W    | YGL116W(1) |
+------------+------------+
| YPR120C(0) | 1.0        |
+------------+------------+
+------------+------------+
| YPR120C    | YPR120C(0) |
+------------+------------+
| YGL003C(1) | 1.0        |
+------------+------------+
[(('YER111C', 1), ('YMR043W', 1)), (('YGL003C', 0), ('YDR146C', 1)), (('YER111C', 0), ('YMR199W', 1)), (('YER111C', 0), ('YPR120C', 1)), (('YGR108W', 1), ('YGL003C', 1)), (('YGR108W', 1), ('YDR146C', 1)), (('YPR120C', 0), ('YAL040C', 1)), (('YGL116W', 0), ('YMR043W', 1)), (('YGL116W', 0), ('YDL056W', 1)), (('YGL116W', 0), ('YGR108W', 1)), (('YGL116W', 0), ('YAL040C', 1)), (('YGR108W', 0), ('YGL116W', 1)), (('YGR108W', 0), ('YPR120C', 1)), (('YGR108W', 0), ('YGR108W', 1)), (('YGL116W', 1), ('YER111C', 1)), (('YLR079W', 1), ('YGL003C', 1)), (('YDL056W', 0), ('YMR199W', 1)), (('YMR199W', 0), ('YLR079W', 1)), (('YGL003C', 1), ('YGL116W', 1)), (('YDR146C', 1), ('YDL056W', 1)), (('YDR146C', 1), ('YLR079W', 1)), (('YDR146C', 1), ('YER111C', 1))]
+----------------+----------------+--------------+-----------------+----------------+
| ('YGL116W', 0) | YGL116W_0(0)   | YGL116W_0(0) | YGL116W_0(1)    | YGL116W_0(1)   |
+----------------+----------------+--------------+-----------------+----------------+
| ('YPR120C', 0) | YPR120C_0(0)   | YPR120C_0(1) | YPR120C_0(0)    | YPR120C_0(1)   |
+----------------+----------------+--------------+-----------------+----------------+
| YAL040C(0)     | 0.722222222222 | 0.74         | 0.0862068965517 | 0.880952380952 |
+----------------+----------------+--------------+-----------------+----------------+
| YAL040C(1)     | 0.277777777778 | 0.26         | 0.913793103448  | 0.119047619048 |
+----------------+----------------+--------------+-----------------+----------------+
+----------------+----------------+----------------+----------------+--------------+
| ('YDR146C', 1) | YDR146C_1(0)   | YDR146C_1(0)   | YDR146C_1(1)   | YDR146C_1(1) |
+----------------+----------------+----------------+----------------+--------------+
| ('YMR199W', 0) | YMR199W_0(0)   | YMR199W_0(1)   | YMR199W_0(0)   | YMR199W_0(1) |
+----------------+----------------+----------------+----------------+--------------+
| YLR079W(0)     | 0.722222222222 | 0.224137931034 | 0.309523809524 | 0.74         |
+----------------+----------------+----------------+----------------+--------------+
| YLR079W(1)     | 0.277777777778 | 0.775862068966 | 0.690476190476 | 0.26         |
+----------------+----------------+----------------+----------------+--------------+
+----------------+----------------+----------------+--------------+----------------+
| ('YGR108W', 1) | YGR108W_1(0)   | YGR108W_1(0)   | YGR108W_1(1) | YGR108W_1(1)   |
+----------------+----------------+----------------+--------------+----------------+
| ('YLR079W', 1) | YLR079W_1(0)   | YLR079W_1(1)   | YLR079W_1(0) | YLR079W_1(1)   |
+----------------+----------------+----------------+--------------+----------------+
| YGL003C(0)     | 0.192307692308 | 0.807692307692 | 0.1          | 0.318181818182 |
+----------------+----------------+----------------+--------------+----------------+
| YGL003C(1)     | 0.807692307692 | 0.192307692308 | 0.9          | 0.681818181818 |
+----------------+----------------+----------------+--------------+----------------+
+----------------+--------------+----------------+----------------+-----------------+
| ('YDR146C', 1) | YDR146C_1(0) | YDR146C_1(0)   | YDR146C_1(1)   | YDR146C_1(1)    |
+----------------+--------------+----------------+----------------+-----------------+
| ('YGL116W', 0) | YGL116W_0(0) | YGL116W_0(1)   | YGL116W_0(0)   | YGL116W_0(1)    |
+----------------+--------------+----------------+----------------+-----------------+
| YDL056W(0)     | 0.26         | 0.807692307692 | 0.277777777778 | 0.0675675675676 |
+----------------+--------------+----------------+----------------+-----------------+
| YDL056W(1)     | 0.74         | 0.192307692308 | 0.722222222222 | 0.932432432432  |
+----------------+--------------+----------------+----------------+-----------------+
+----------------+----------------+----------------+----------------+-----------------+
| ('YGL003C', 1) | YGL003C_1(0)   | YGL003C_1(0)   | YGL003C_1(1)   | YGL003C_1(1)    |
+----------------+----------------+----------------+----------------+-----------------+
| ('YGR108W', 0) | YGR108W_0(0)   | YGR108W_0(1)   | YGR108W_0(0)   | YGR108W_0(1)    |
+----------------+----------------+----------------+----------------+-----------------+
| YGL116W(0)     | 0.722222222222 | 0.617647058824 | 0.690476190476 | 0.0675675675676 |
+----------------+----------------+----------------+----------------+-----------------+
| YGL116W(1)     | 0.277777777778 | 0.382352941176 | 0.309523809524 | 0.932432432432  |
+----------------+----------------+----------------+----------------+-----------------+
+----------------+----------------+--------------+--------------+--------------+
| ('YER111C', 1) | YER111C_1(0)   | YER111C_1(0) | YER111C_1(1) | YER111C_1(1) |
+----------------+----------------+--------------+--------------+--------------+
| ('YGL116W', 0) | YGL116W_0(0)   | YGL116W_0(1) | YGL116W_0(0) | YGL116W_0(1) |
+----------------+----------------+--------------+--------------+--------------+
| YMR043W(0)     | 0.722222222222 | 0.58         | 0.9          | 0.26         |
+----------------+----------------+--------------+--------------+--------------+
| YMR043W(1)     | 0.277777777778 | 0.42         | 0.1          | 0.74         |
+----------------+----------------+--------------+--------------+--------------+
+----------------+----------------+----------------+----------------+----------------+
| ('YGL003C', 0) | YGL003C_0(0)   | YGL003C_0(0)   | YGL003C_0(1)   | YGL003C_0(1)   |
+----------------+----------------+----------------+----------------+----------------+
| ('YGR108W', 1) | YGR108W_1(0)   | YGR108W_1(1)   | YGR108W_1(0)   | YGR108W_1(1)   |
+----------------+----------------+----------------+----------------+----------------+
| YDR146C(0)     | 0.807692307692 | 0.807692307692 | 0.807692307692 | 0.144444444444 |
+----------------+----------------+----------------+----------------+----------------+
| YDR146C(1)     | 0.192307692308 | 0.192307692308 | 0.192307692308 | 0.855555555556 |
+----------------+----------------+----------------+----------------+----------------+
+----------------+----------------+----------------+----------------+-----------------+
| ('YGL116W', 0) | YGL116W_0(0)   | YGL116W_0(0)   | YGL116W_0(1)   | YGL116W_0(1)    |
+----------------+----------------+----------------+----------------+-----------------+
| ('YGR108W', 0) | YGR108W_0(0)   | YGR108W_0(1)   | YGR108W_0(0)   | YGR108W_0(1)    |
+----------------+----------------+----------------+----------------+-----------------+
| YGR108W(0)     | 0.807692307692 | 0.309523809524 | 0.382352941176 | 0.0757575757576 |
+----------------+----------------+----------------+----------------+-----------------+
| YGR108W(1)     | 0.192307692308 | 0.690476190476 | 0.617647058824 | 0.924242424242  |
+----------------+----------------+----------------+----------------+-----------------+
+----------------+----------------+----------------+----------------+---------------+
| ('YDR146C', 1) | YDR146C_1(0)   | YDR146C_1(0)   | YDR146C_1(1)   | YDR146C_1(1)  |
+----------------+----------------+----------------+----------------+---------------+
| ('YGL116W', 1) | YGL116W_1(0)   | YGL116W_1(1)   | YGL116W_1(0)   | YGL116W_1(1)  |
+----------------+----------------+----------------+----------------+---------------+
| YER111C(0)     | 0.119047619048 | 0.147058823529 | 0.192307692308 | 0.80303030303 |
+----------------+----------------+----------------+----------------+---------------+
| YER111C(1)     | 0.880952380952 | 0.852941176471 | 0.807692307692 | 0.19696969697 |
+----------------+----------------+----------------+----------------+---------------+
+----------------+--------------+--------------+--------------+----------------+
| ('YER111C', 0) | YER111C_0(0) | YER111C_0(0) | YER111C_0(1) | YER111C_0(1)   |
+----------------+--------------+--------------+--------------+----------------+
| ('YGR108W', 0) | YGR108W_0(0) | YGR108W_0(1) | YGR108W_0(0) | YGR108W_0(1)   |
+----------------+--------------+--------------+--------------+----------------+
| YPR120C(0)     | 0.5          | 0.9          | 0.1          | 0.362068965517 |
+----------------+--------------+--------------+--------------+----------------+
| YPR120C(1)     | 0.5          | 0.1          | 0.9          | 0.637931034483 |
+----------------+--------------+--------------+--------------+----------------+
+----------------+--------------+----------------+--------------+-----------------+
| ('YDL056W', 0) | YDL056W_0(0) | YDL056W_0(0)   | YDL056W_0(1) | YDL056W_0(1)    |
+----------------+--------------+----------------+--------------+-----------------+
| ('YER111C', 0) | YER111C_0(0) | YER111C_0(1)   | YER111C_0(0) | YER111C_0(1)    |
+----------------+--------------+----------------+--------------+-----------------+
| YMR199W(0)     | 0.5          | 0.147058823529 | 0.9          | 0.0675675675676 |
+----------------+--------------+----------------+--------------+-----------------+
| YMR199W(1)     | 0.5          | 0.852941176471 | 0.1          | 0.932432432432  |
+----------------+--------------+----------------+--------------+-----------------+
[('YER111C', 'YMR043W'), ('YGL003C', 'YDR146C'), ('YER111C', 'YMR199W'), ('YER111C', 'YPR120C'), ('YGR108W', 'YGL003C'), ('YGR108W', 'YDR146C'), ('YPR120C', 'YAL040C'), ('YGL116W', 'YMR043W'), ('YGL116W', 'YDL056W'), ('YGL116W', 'YGR108W'), ('YGL116W', 'YAL040C'), ('YGR108W', 'YGL116W'), ('YGR108W', 'YPR120C'), ('YGR108W', 'YGR108W'), ('YGL116W', 'YER111C'), ('YLR079W', 'YGL003C'), ('YDL056W', 'YMR199W'), ('YMR199W', 'YLR079W'), ('YGL003C', 'YGL116W'), ('YDR146C', 'YDL056W'), ('YDR146C', 'YLR079W'), ('YDR146C', 'YER111C')]
