[('YAL040C', 'YER111C'), ('YAL040C', 'YDL056W'), ('YLR079W', 'YPR120C'), ('YMR043W', 'YDL056W'), ('YDR146C', 'YLR079W'), ('YGR108W', 'YAL040C'), ('YER111C', 'YMR043W'), ('YER111C', 'YMR199W'), ('YPR120C', 'YGL116W'), ('YPR120C', 'YGR108W'), ('YPR120C', 'YGL003C'), ('YPR120C', 'YER111C'), ('YGL003C', 'YGR108W')]
+--------------+--------------+--------------+
| YGR108W      | YGR108W(0.0) | YGR108W(1.0) |
+--------------+--------------+--------------+
| YAL040C(1.0) | 1.0          | 1.0          |
+--------------+--------------+--------------+
+--------------+--------------+
| YDR146C      | YDR146C(0.0) |
+--------------+--------------+
| YLR079W(0.0) | 0.5          |
+--------------+--------------+
| YLR079W(1.0) | 0.5          |
+--------------+--------------+
+--------------+--------------+--------------+
| YER111C      | YER111C(0.0) | YER111C(1.0) |
+--------------+--------------+--------------+
| YMR199W(0.0) | 1.0          | 1.0          |
+--------------+--------------+--------------+
+--------------+----------------+----------------+
| YAL040C      | YAL040C(1.0)   | YAL040C(1.0)   |
+--------------+----------------+----------------+
| YMR043W      | YMR043W(0.0)   | YMR043W(1.0)   |
+--------------+----------------+----------------+
| YDL056W(0.0) | 0.357142857143 | 0.642857142857 |
+--------------+----------------+----------------+
| YDL056W(1.0) | 0.642857142857 | 0.357142857143 |
+--------------+----------------+----------------+
+--------------+--------------+--------------+
| YPR120C      | YPR120C(0.0) | YPR120C(1.0) |
+--------------+--------------+--------------+
| YGL116W(1.0) | 1.0          | 1.0          |
+--------------+--------------+--------------+
+--------------+----------------+----------------+
| YER111C      | YER111C(0.0)   | YER111C(1.0)   |
+--------------+----------------+----------------+
| YMR043W(0.0) | 0.642857142857 | 0.357142857143 |
+--------------+----------------+----------------+
| YMR043W(1.0) | 0.357142857143 | 0.642857142857 |
+--------------+----------------+----------------+
+--------------+---+
| YDR146C(0.0) | 1 |
+--------------+---+
+--------------+----------------+----------------+
| YGL003C      | YGL003C(1.0)   | YGL003C(1.0)   |
+--------------+----------------+----------------+
| YPR120C      | YPR120C(0.0)   | YPR120C(1.0)   |
+--------------+----------------+----------------+
| YGR108W(0.0) | 0.642857142857 | 0.357142857143 |
+--------------+----------------+----------------+
| YGR108W(1.0) | 0.357142857143 | 0.642857142857 |
+--------------+----------------+----------------+
+--------------+----------------+----------------+
| YAL040C      | YAL040C(1.0)   | YAL040C(1.0)   |
+--------------+----------------+----------------+
| YPR120C      | YPR120C(0.0)   | YPR120C(1.0)   |
+--------------+----------------+----------------+
| YER111C(0.0) | 0.642857142857 | 0.357142857143 |
+--------------+----------------+----------------+
| YER111C(1.0) | 0.357142857143 | 0.642857142857 |
+--------------+----------------+----------------+
+--------------+----------------+----------------+
| YLR079W      | YLR079W(0.0)   | YLR079W(1.0)   |
+--------------+----------------+----------------+
| YPR120C(0.0) | 0.642857142857 | 0.357142857143 |
+--------------+----------------+----------------+
| YPR120C(1.0) | 0.357142857143 | 0.642857142857 |
+--------------+----------------+----------------+
+--------------+--------------+--------------+
| YPR120C      | YPR120C(0.0) | YPR120C(1.0) |
+--------------+--------------+--------------+
| YGL003C(1.0) | 1.0          | 1.0          |
+--------------+--------------+--------------+
[(('YLR079W', 0), ('YDR146C', 1)), (('YDL056W', 1), ('YMR043W', 1)), (('YER111C', 1), ('YDL056W', 1)), (('YGL003C', 0), ('YGL116W', 1)), (('YER111C', 0), ('YMR199W', 1)), (('YGR108W', 1), ('YPR120C', 1)), (('YGR108W', 1), ('YDL056W', 1)), (('YPR120C', 0), ('YAL040C', 1)), (('YGL116W', 0), ('YGL003C', 1)), (('YGL116W', 0), ('YAL040C', 1)), (('YGR108W', 0), ('YPR120C', 1)), (('YGR108W', 0), ('YGR108W', 1)), (('YMR199W', 1), ('YGL116W', 1)), (('YMR199W', 1), ('YER111C', 1)), (('YDR146C', 0), ('YDR146C', 1)), (('YLR079W', 1), ('YGL003C', 1)), (('YMR199W', 0), ('YLR079W', 1)), (('YDR146C', 1), ('YGR108W', 1)), (('YDR146C', 1), ('YMR199W', 1)), (('YDR146C', 1), ('YLR079W', 1)), (('YDR146C', 1), ('YER111C', 1)), (('YDR146C', 1), ('YMR043W', 1))]
+----------------+----------------+----------------+----------------+----------------+
| ('YGL116W', 0) | YGL116W_0(0.0) | YGL116W_0(0.0) | YGL116W_0(1.0) | YGL116W_0(1.0) |
+----------------+----------------+----------------+----------------+----------------+
| ('YPR120C', 0) | YPR120C_0(0.0) | YPR120C_0(1.0) | YPR120C_0(0.0) | YPR120C_0(1.0) |
+----------------+----------------+----------------+----------------+----------------+
| YAL040C(0.0)   | 0.617647058824 | 0.696721311475 | 0.114035087719 | 0.743902439024 |
+----------------+----------------+----------------+----------------+----------------+
| YAL040C(1.0)   | 0.382352941176 | 0.303278688525 | 0.885964912281 | 0.256097560976 |
+----------------+----------------+----------------+----------------+----------------+
+----------------+----------------+----------------+----------------+----------------+
| ('YDR146C', 1) | YDR146C_1(0.0) | YDR146C_1(0.0) | YDR146C_1(1.0) | YDR146C_1(1.0) |
+----------------+----------------+----------------+----------------+----------------+
| ('YMR199W', 0) | YMR199W_0(0.0) | YMR199W_0(1.0) | YMR199W_0(0.0) | YMR199W_0(1.0) |
+----------------+----------------+----------------+----------------+----------------+
| YLR079W(0.0)   | 0.309523809524 | 0.122641509434 | 0.424528301887 | 0.867346938776 |
+----------------+----------------+----------------+----------------+----------------+
| YLR079W(1.0)   | 0.690476190476 | 0.877358490566 | 0.575471698113 | 0.132653061224 |
+----------------+----------------+----------------+----------------+----------------+
+----------------+----------------+----------------+-----------------+----------------+
| ('YGL116W', 0) | YGL116W_0(0.0) | YGL116W_0(0.0) | YGL116W_0(1.0)  | YGL116W_0(1.0) |
+----------------+----------------+----------------+-----------------+----------------+
| ('YLR079W', 1) | YLR079W_1(0.0) | YLR079W_1(1.0) | YLR079W_1(0.0)  | YLR079W_1(1.0) |
+----------------+----------------+----------------+-----------------+----------------+
| YGL003C(0.0)   | 0.19696969697  | 0.588888888889 | 0.0555555555556 | 0.198113207547 |
+----------------+----------------+----------------+-----------------+----------------+
| YGL003C(1.0)   | 0.80303030303  | 0.411111111111 | 0.944444444444  | 0.801886792453 |
+----------------+----------------+----------------+-----------------+----------------+
+----------------+----------------+-----------------+----------------+----------------+
| ('YER111C', 1) | YER111C_1(0.0) | YER111C_1(0.0)  | YER111C_1(1.0) | YER111C_1(1.0) |
+----------------+----------------+-----------------+----------------+----------------+
| ('YGR108W', 1) | YGR108W_1(0.0) | YGR108W_1(1.0)  | YGR108W_1(0.0) | YGR108W_1(1.0) |
+----------------+----------------+-----------------+----------------+----------------+
| YDL056W(0.0)   | 0.5            | 0.0510204081633 | 0.631147540984 | 0.303278688525 |
+----------------+----------------+-----------------+----------------+----------------+
| YDL056W(1.0)   | 0.5            | 0.948979591837  | 0.368852459016 | 0.696721311475 |
+----------------+----------------+-----------------+----------------+----------------+
+----------------+----------------+----------------+----------------+----------------+
| ('YGL003C', 0) | YGL003C_0(0.0) | YGL003C_0(0.0) | YGL003C_0(1.0) | YGL003C_0(1.0) |
+----------------+----------------+----------------+----------------+----------------+
| ('YMR199W', 1) | YMR199W_1(0.0) | YMR199W_1(1.0) | YMR199W_1(0.0) | YMR199W_1(1.0) |
+----------------+----------------+----------------+----------------+----------------+
| YGL116W(0.0)   | 0.5            | 0.362068965517 | 0.114035087719 | 0.707792207792 |
+----------------+----------------+----------------+----------------+----------------+
| YGL116W(1.0)   | 0.5            | 0.637931034483 | 0.885964912281 | 0.292207792208 |
+----------------+----------------+----------------+----------------+----------------+
+----------------+----------------+----------------+----------------+----------------+
| ('YDL056W', 1) | YDL056W_1(0.0) | YDL056W_1(0.0) | YDL056W_1(1.0) | YDL056W_1(1.0) |
+----------------+----------------+----------------+----------------+----------------+
| ('YDR146C', 1) | YDR146C_1(0.0) | YDR146C_1(1.0) | YDR146C_1(0.0) | YDR146C_1(1.0) |
+----------------+----------------+----------------+----------------+----------------+
| YMR043W(0.0)   | 0.548780487805 | 0.119047619048 | 0.80303030303  | 0.425925925926 |
+----------------+----------------+----------------+----------------+----------------+
| YMR043W(1.0)   | 0.451219512195 | 0.880952380952 | 0.19696969697  | 0.574074074074 |
+----------------+----------------+----------------+----------------+----------------+
+----------------+----------------+----------------+-----------------+----------------+
| ('YDR146C', 0) | YDR146C_0(0.0) | YDR146C_0(0.0) | YDR146C_0(1.0)  | YDR146C_0(1.0) |
+----------------+----------------+----------------+-----------------+----------------+
| ('YLR079W', 0) | YLR079W_0(0.0) | YLR079W_0(1.0) | YLR079W_0(0.0)  | YLR079W_0(1.0) |
+----------------+----------------+----------------+-----------------+----------------+
| YDR146C(0.0)   | 0.5            | 0.762295081967 | 0.0384615384615 | 0.5            |
+----------------+----------------+----------------+-----------------+----------------+
| YDR146C(1.0)   | 0.5            | 0.237704918033 | 0.961538461538  | 0.5            |
+----------------+----------------+----------------+-----------------+----------------+
+----------------+----------------+----------------+----------------+-----------------+
| ('YDR146C', 1) | YDR146C_1(0.0) | YDR146C_1(0.0) | YDR146C_1(1.0) | YDR146C_1(1.0)  |
+----------------+----------------+----------------+----------------+-----------------+
| ('YGR108W', 0) | YGR108W_0(0.0) | YGR108W_0(1.0) | YGR108W_0(0.0) | YGR108W_0(1.0)  |
+----------------+----------------+----------------+----------------+-----------------+
| YGR108W(0.0)   | 0.785714285714 | 0.58           | 0.382352941176 | 0.0764705882353 |
+----------------+----------------+----------------+----------------+-----------------+
| YGR108W(1.0)   | 0.214285714286 | 0.42           | 0.617647058824 | 0.923529411765  |
+----------------+----------------+----------------+----------------+-----------------+
+----------------+----------------+----------------+----------------+----------------+
| ('YDR146C', 1) | YDR146C_1(0.0) | YDR146C_1(0.0) | YDR146C_1(1.0) | YDR146C_1(1.0) |
+----------------+----------------+----------------+----------------+----------------+
| ('YMR199W', 1) | YMR199W_1(0.0) | YMR199W_1(1.0) | YMR199W_1(0.0) | YMR199W_1(1.0) |
+----------------+----------------+----------------+----------------+----------------+
| YER111C(0.0)   | 0.5            | 0.036231884058 | 0.407692307692 | 0.608108108108 |
+----------------+----------------+----------------+----------------+----------------+
| YER111C(1.0)   | 0.5            | 0.963768115942 | 0.592307692308 | 0.391891891892 |
+----------------+----------------+----------------+----------------+----------------+
+----------------+----------------+----------------+----------------+----------------+
| ('YGR108W', 0) | YGR108W_0(0.0) | YGR108W_0(0.0) | YGR108W_0(1.0) | YGR108W_0(1.0) |
+----------------+----------------+----------------+----------------+----------------+
| ('YGR108W', 1) | YGR108W_1(0.0) | YGR108W_1(1.0) | YGR108W_1(0.0) | YGR108W_1(1.0) |
+----------------+----------------+----------------+----------------+----------------+
| YPR120C(0.0)   | 0.144444444444 | 0.119047619048 | 0.119047619048 | 0.702247191011 |
+----------------+----------------+----------------+----------------+----------------+
| YPR120C(1.0)   | 0.855555555556 | 0.880952380952 | 0.880952380952 | 0.297752808989 |
+----------------+----------------+----------------+----------------+----------------+
+----------------+----------------+-----------------+-----------------+----------------+
| ('YDR146C', 1) | YDR146C_1(0.0) | YDR146C_1(0.0)  | YDR146C_1(1.0)  | YDR146C_1(1.0) |
+----------------+----------------+-----------------+-----------------+----------------+
| ('YER111C', 0) | YER111C_0(0.0) | YER111C_0(1.0)  | YER111C_0(0.0)  | YER111C_0(1.0) |
+----------------+----------------+-----------------+-----------------+----------------+
| YMR199W(0.0)   | 0.277777777778 | 0.0384615384615 | 0.944444444444  | 0.394736842105 |
+----------------+----------------+-----------------+-----------------+----------------+
| YMR199W(1.0)   | 0.722222222222 | 0.961538461538  | 0.0555555555556 | 0.605263157895 |
+----------------+----------------+-----------------+-----------------+----------------+
[('YLR079W', 'YDR146C'), ('YDL056W', 'YMR043W'), ('YER111C', 'YDL056W'), ('YGL003C', 'YGL116W'), ('YER111C', 'YMR199W'), ('YGR108W', 'YPR120C'), ('YGR108W', 'YDL056W'), ('YPR120C', 'YAL040C'), ('YGL116W', 'YGL003C'), ('YGL116W', 'YAL040C'), ('YGR108W', 'YPR120C'), ('YGR108W', 'YGR108W'), ('YMR199W', 'YGL116W'), ('YMR199W', 'YER111C'), ('YDR146C', 'YDR146C'), ('YLR079W', 'YGL003C'), ('YMR199W', 'YLR079W'), ('YDR146C', 'YGR108W'), ('YDR146C', 'YMR199W'), ('YDR146C', 'YLR079W'), ('YDR146C', 'YER111C'), ('YDR146C', 'YMR043W')]
