[('YAL040C', 'YGL003C'), ('YLR079W', 'YMR199W'), ('YMR199W', 'YGL116W'), ('YMR199W', 'YAL040C'), ('YDL056W', 'YPR120C'), ('YGL116W', 'YAL040C'), ('YMR043W', 'YPR120C'), ('YMR043W', 'YDL056W'), ('YDR146C', 'YLR079W'), ('YGR108W', 'YMR199W'), ('YGR108W', 'YDR146C'), ('YER111C', 'YMR043W'), ('YPR120C', 'YGR108W')]
+--------------+--------------+----------------+----------------+--------------+
| YGL116W      | YGL116W(0.0) | YGL116W(0.0)   | YGL116W(1.0)   | YGL116W(1.0) |
+--------------+--------------+----------------+----------------+--------------+
| YMR199W      | YMR199W(0.0) | YMR199W(1.0)   | YMR199W(0.0)   | YMR199W(1.0) |
+--------------+--------------+----------------+----------------+--------------+
| YAL040C(0.0) | 0.5          | 0.807692307692 | 0.192307692308 | 0.5          |
+--------------+--------------+----------------+----------------+--------------+
| YAL040C(1.0) | 0.5          | 0.192307692308 | 0.807692307692 | 0.5          |
+--------------+--------------+----------------+----------------+--------------+
+--------------+----------------+
| YDR146C      | YDR146C(0.0)   |
+--------------+----------------+
| YLR079W(0.0) | 0.388888888889 |
+--------------+----------------+
| YLR079W(1.0) | 0.611111111111 |
+--------------+----------------+
+--------------+----------------+----------------+--------------+----------------+
| YGR108W      | YGR108W(0.0)   | YGR108W(0.0)   | YGR108W(1.0) | YGR108W(1.0)   |
+--------------+----------------+----------------+--------------+----------------+
| YLR079W      | YLR079W(0.0)   | YLR079W(1.0)   | YLR079W(0.0) | YLR079W(1.0)   |
+--------------+----------------+----------------+--------------+----------------+
| YMR199W(0.0) | 0.722222222222 | 0.192307692308 | 0.5          | 0.722222222222 |
+--------------+----------------+----------------+--------------+----------------+
| YMR199W(1.0) | 0.277777777778 | 0.807692307692 | 0.5          | 0.277777777778 |
+--------------+----------------+----------------+--------------+----------------+
+--------------+----------------+----------------+
| YMR043W      | YMR043W(0.0)   | YMR043W(1.0)   |
+--------------+----------------+----------------+
| YDL056W(0.0) | 0.227272727273 | 0.642857142857 |
+--------------+----------------+----------------+
| YDL056W(1.0) | 0.772727272727 | 0.357142857143 |
+--------------+----------------+----------------+
+--------------+----------------+----------------+
| YMR199W      | YMR199W(0.0)   | YMR199W(1.0)   |
+--------------+----------------+----------------+
| YGL116W(0.0) | 0.277777777778 | 0.722222222222 |
+--------------+----------------+----------------+
| YGL116W(1.0) | 0.722222222222 | 0.277777777778 |
+--------------+----------------+----------------+
+--------------+----------------+--------------+
| YER111C      | YER111C(0.0)   | YER111C(1.0) |
+--------------+----------------+--------------+
| YMR043W(0.0) | 0.722222222222 | 0.5          |
+--------------+----------------+--------------+
| YMR043W(1.0) | 0.277777777778 | 0.5          |
+--------------+----------------+--------------+
+--------------+--------------+--------------+
| YGR108W      | YGR108W(0.0) | YGR108W(1.0) |
+--------------+--------------+--------------+
| YDR146C(0.0) | 1.0          | 1.0          |
+--------------+--------------+--------------+
+--------------+----------------+----------------+
| YPR120C      | YPR120C(0.0)   | YPR120C(1.0)   |
+--------------+----------------+----------------+
| YGR108W(0.0) | 0.772727272727 | 0.357142857143 |
+--------------+----------------+----------------+
| YGR108W(1.0) | 0.227272727273 | 0.642857142857 |
+--------------+----------------+----------------+
+--------------+-----+
| YER111C(0.0) | 0.5 |
+--------------+-----+
| YER111C(1.0) | 0.5 |
+--------------+-----+
+--------------+--------------+----------------+----------------+--------------+
| YDL056W      | YDL056W(0.0) | YDL056W(0.0)   | YDL056W(1.0)   | YDL056W(1.0) |
+--------------+--------------+----------------+----------------+--------------+
| YMR043W      | YMR043W(0.0) | YMR043W(1.0)   | YMR043W(0.0)   | YMR043W(1.0) |
+--------------+--------------+----------------+----------------+--------------+
| YPR120C(0.0) | 0.5          | 0.277777777778 | 0.852941176471 | 0.5          |
+--------------+--------------+----------------+----------------+--------------+
| YPR120C(1.0) | 0.5          | 0.722222222222 | 0.147058823529 | 0.5          |
+--------------+--------------+----------------+----------------+--------------+
+--------------+--------------+----------------+
| YAL040C      | YAL040C(0.0) | YAL040C(1.0)   |
+--------------+--------------+----------------+
| YGL003C(0.0) | 0.5          | 0.277777777778 |
+--------------+--------------+----------------+
| YGL003C(1.0) | 0.5          | 0.722222222222 |
+--------------+--------------+----------------+
[(('YLR079W', 0), ('YMR043W', 1)), (('YLR079W', 0), ('YLR079W', 1)), (('YAL040C', 0), ('YDL056W', 1)), (('YER111C', 0), ('YMR199W', 1)), (('YER111C', 0), ('YPR120C', 1)), (('YGR108W', 1), ('YDR146C', 1)), (('YGR108W', 1), ('YDL056W', 1)), (('YGR108W', 1), ('YER111C', 1)), (('YMR043W', 0), ('YAL040C', 1)), (('YPR120C', 0), ('YAL040C', 1)), (('YGR108W', 0), ('YGL116W', 1)), (('YGR108W', 0), ('YGR108W', 1)), (('YMR199W', 1), ('YGL116W', 1)), (('YMR199W', 1), ('YGL003C', 1)), (('YDR146C', 0), ('YGL003C', 1)), (('YDR146C', 0), ('YDR146C', 1)), (('YPR120C', 1), ('YMR043W', 1)), (('YPR120C', 1), ('YGR108W', 1)), (('YGL116W', 1), ('YPR120C', 1)), (('YMR199W', 0), ('YMR199W', 1)), (('YGL003C', 1), ('YLR079W', 1)), (('YDR146C', 1), ('YER111C', 1))]
+----------------+----------------+----------------+----------------+----------------+
| ('YMR043W', 0) | YMR043W_0(0.0) | YMR043W_0(0.0) | YMR043W_0(1.0) | YMR043W_0(1.0) |
+----------------+----------------+----------------+----------------+----------------+
| ('YPR120C', 0) | YPR120C_0(0.0) | YPR120C_0(1.0) | YPR120C_0(0.0) | YPR120C_0(1.0) |
+----------------+----------------+----------------+----------------+----------------+
| YAL040C(0.0)   | 0.384057971014 | 0.885964912281 | 0.106557377049 | 0.595238095238 |
+----------------+----------------+----------------+----------------+----------------+
| YAL040C(1.0)   | 0.615942028986 | 0.114035087719 | 0.893442622951 | 0.404761904762 |
+----------------+----------------+----------------+----------------+----------------+
+----------------+----------------+----------------+----------------+----------------+
| ('YGL003C', 1) | YGL003C_1(0.0) | YGL003C_1(0.0) | YGL003C_1(1.0) | YGL003C_1(1.0) |
+----------------+----------------+----------------+----------------+----------------+
| ('YLR079W', 0) | YLR079W_0(0.0) | YLR079W_0(1.0) | YLR079W_0(0.0) | YLR079W_0(1.0) |
+----------------+----------------+----------------+----------------+----------------+
| YLR079W(0.0)   | 0.362068965517 | 0.1            | 0.758064516129 | 0.328571428571 |
+----------------+----------------+----------------+----------------+----------------+
| YLR079W(1.0)   | 0.637931034483 | 0.9            | 0.241935483871 | 0.671428571429 |
+----------------+----------------+----------------+----------------+----------------+
+----------------+----------------+----------------+-----------------+----------------+
| ('YDR146C', 0) | YDR146C_0(0.0) | YDR146C_0(0.0) | YDR146C_0(1.0)  | YDR146C_0(1.0) |
+----------------+----------------+----------------+-----------------+----------------+
| ('YMR199W', 1) | YMR199W_1(0.0) | YMR199W_1(1.0) | YMR199W_1(0.0)  | YMR199W_1(1.0) |
+----------------+----------------+----------------+-----------------+----------------+
| YGL003C(0.0)   | 0.722222222222 | 0.366666666667 | 0.0698924731183 | 0.5            |
+----------------+----------------+----------------+-----------------+----------------+
| YGL003C(1.0)   | 0.277777777778 | 0.633333333333 | 0.930107526882  | 0.5            |
+----------------+----------------+----------------+-----------------+----------------+
+----------------+----------------+----------------+----------------+----------------+
| ('YAL040C', 0) | YAL040C_0(0.0) | YAL040C_0(0.0) | YAL040C_0(1.0) | YAL040C_0(1.0) |
+----------------+----------------+----------------+----------------+----------------+
| ('YGR108W', 1) | YGR108W_1(0.0) | YGR108W_1(1.0) | YGR108W_1(0.0) | YGR108W_1(1.0) |
+----------------+----------------+----------------+----------------+----------------+
| YDL056W(0.0)   | 0.214285714286 | 0.231958762887 | 0.745614035088 | 0.207865168539 |
+----------------+----------------+----------------+----------------+----------------+
| YDL056W(1.0)   | 0.785714285714 | 0.768041237113 | 0.254385964912 | 0.792134831461 |
+----------------+----------------+----------------+----------------+----------------+
+----------------+----------------+----------------+----------------+----------------+
| ('YGR108W', 0) | YGR108W_0(0.0) | YGR108W_0(0.0) | YGR108W_0(1.0) | YGR108W_0(1.0) |
+----------------+----------------+----------------+----------------+----------------+
| ('YMR199W', 1) | YMR199W_1(0.0) | YMR199W_1(1.0) | YMR199W_1(0.0) | YMR199W_1(1.0) |
+----------------+----------------+----------------+----------------+----------------+
| YGL116W(0.0)   | 0.192307692308 | 0.809278350515 | 0.162921348315 | 0.370967741935 |
+----------------+----------------+----------------+----------------+----------------+
| YGL116W(1.0)   | 0.807692307692 | 0.190721649485 | 0.837078651685 | 0.629032258065 |
+----------------+----------------+----------------+----------------+----------------+
+----------------+----------------+----------------+----------------+----------------+
| ('YLR079W', 0) | YLR079W_0(0.0) | YLR079W_0(0.0) | YLR079W_0(1.0) | YLR079W_0(1.0) |
+----------------+----------------+----------------+----------------+----------------+
| ('YPR120C', 1) | YPR120C_1(0.0) | YPR120C_1(1.0) | YPR120C_1(0.0) | YPR120C_1(1.0) |
+----------------+----------------+----------------+----------------+----------------+
| YMR043W(0.0)   | 0.396103896104 | 0.233333333333 | 0.801886792453 | 0.397435897436 |
+----------------+----------------+----------------+----------------+----------------+
| YMR043W(1.0)   | 0.603896103896 | 0.766666666667 | 0.198113207547 | 0.602564102564 |
+----------------+----------------+----------------+----------------+----------------+
+----------------+----------------+----------------+----------------+-----------------+
| ('YDR146C', 0) | YDR146C_0(0.0) | YDR146C_0(0.0) | YDR146C_0(1.0) | YDR146C_0(1.0)  |
+----------------+----------------+----------------+----------------+-----------------+
| ('YGR108W', 1) | YGR108W_1(0.0) | YGR108W_1(1.0) | YGR108W_1(0.0) | YGR108W_1(1.0)  |
+----------------+----------------+----------------+----------------+-----------------+
| YDR146C(0.0)   | 0.885964912281 | 0.464912280702 | 0.622448979592 | 0.0193798449612 |
+----------------+----------------+----------------+----------------+-----------------+
| YDR146C(1.0)   | 0.114035087719 | 0.535087719298 | 0.377551020408 | 0.980620155039  |
+----------------+----------------+----------------+----------------+-----------------+
+----------------+----------------+----------------+-----------------+----------------+
| ('YGR108W', 0) | YGR108W_0(0.0) | YGR108W_0(0.0) | YGR108W_0(1.0)  | YGR108W_0(1.0) |
+----------------+----------------+----------------+-----------------+----------------+
| ('YPR120C', 1) | YPR120C_1(0.0) | YPR120C_1(1.0) | YPR120C_1(0.0)  | YPR120C_1(1.0) |
+----------------+----------------+----------------+-----------------+----------------+
| YGR108W(0.0)   | 0.617647058824 | 0.672043010753 | 0.0575221238938 | 0.384057971014 |
+----------------+----------------+----------------+-----------------+----------------+
| YGR108W(1.0)   | 0.382352941176 | 0.327956989247 | 0.942477876106  | 0.615942028986 |
+----------------+----------------+----------------+-----------------+----------------+
+----------------+-----------------+-----------------+----------------+----------------+
| ('YDR146C', 1) | YDR146C_1(0.0)  | YDR146C_1(0.0)  | YDR146C_1(1.0) | YDR146C_1(1.0) |
+----------------+-----------------+-----------------+----------------+----------------+
| ('YGR108W', 1) | YGR108W_1(0.0)  | YGR108W_1(1.0)  | YGR108W_1(0.0) | YGR108W_1(1.0) |
+----------------+-----------------+-----------------+----------------+----------------+
| YER111C(0.0)   | 0.0802469135802 | 0.0862068965517 | 0.1            | 0.601910828025 |
+----------------+-----------------+-----------------+----------------+----------------+
| YER111C(1.0)   | 0.91975308642   | 0.913793103448  | 0.9            | 0.398089171975 |
+----------------+-----------------+-----------------+----------------+----------------+
+----------------+----------------+----------------+----------------+----------------+
| ('YER111C', 0) | YER111C_0(0.0) | YER111C_0(0.0) | YER111C_0(1.0) | YER111C_0(1.0) |
+----------------+----------------+----------------+----------------+----------------+
| ('YGL116W', 1) | YGL116W_1(0.0) | YGL116W_1(1.0) | YGL116W_1(0.0) | YGL116W_1(1.0) |
+----------------+----------------+----------------+----------------+----------------+
| YPR120C(0.0)   | 0.382352941176 | 0.88202247191  | 0.128318584071 | 0.417808219178 |
+----------------+----------------+----------------+----------------+----------------+
| YPR120C(1.0)   | 0.617647058824 | 0.11797752809  | 0.871681415929 | 0.582191780822 |
+----------------+----------------+----------------+----------------+----------------+
+----------------+----------------+----------------+----------------+-----------------+
| ('YER111C', 0) | YER111C_0(0.0) | YER111C_0(0.0) | YER111C_0(1.0) | YER111C_0(1.0)  |
+----------------+----------------+----------------+----------------+-----------------+
| ('YMR199W', 0) | YMR199W_0(0.0) | YMR199W_0(1.0) | YMR199W_0(0.0) | YMR199W_0(1.0)  |
+----------------+----------------+----------------+----------------+-----------------+
| YMR199W(0.0)   | 0.785714285714 | 0.605263157895 | 0.464912280702 | 0.0193798449612 |
+----------------+----------------+----------------+----------------+-----------------+
| YMR199W(1.0)   | 0.214285714286 | 0.394736842105 | 0.535087719298 | 0.980620155039  |
+----------------+----------------+----------------+----------------+-----------------+
[('YLR079W', 'YMR043W'), ('YLR079W', 'YLR079W'), ('YAL040C', 'YDL056W'), ('YER111C', 'YMR199W'), ('YER111C', 'YPR120C'), ('YGR108W', 'YDR146C'), ('YGR108W', 'YDL056W'), ('YGR108W', 'YER111C'), ('YMR043W', 'YAL040C'), ('YPR120C', 'YAL040C'), ('YGR108W', 'YGL116W'), ('YGR108W', 'YGR108W'), ('YMR199W', 'YGL116W'), ('YMR199W', 'YGL003C'), ('YDR146C', 'YGL003C'), ('YDR146C', 'YDR146C'), ('YPR120C', 'YMR043W'), ('YPR120C', 'YGR108W'), ('YGL116W', 'YPR120C'), ('YMR199W', 'YMR199W'), ('YGL003C', 'YLR079W'), ('YDR146C', 'YER111C')]
