[('G26', 'G73'), ('G26', 'G34'), ('G26', 'G28'), ('G27', 'G19'), ('G24', 'G6'), ('G24', 'G25'), ('G24', 'G22'), ('G24', 'G70'), ('G24', 'G54'), ('G24', 'G79'), ('G25', 'G50'), ('G22', 'G26'), ('G22', 'G96'), ('G22', 'G55'), ('G23', 'G73'), ('G23', 'G8'), ('G20', 'G75'), ('G20', 'G24'), ('G20', 'G89'), ('G20', 'G8'), ('G21', 'G59'), ('G29', 'G30'), ('G29', 'G33'), ('G29', 'G32'), ('G29', 'G80'), ('G29', 'G49'), ('G29', 'G67'), ('G6', 'G27'), ('G6', 'G87'), ('G6', 'G88'), ('G6', 'G89'), ('G6', 'G72'), ('G4', 'G3'), ('G4', 'G70'), ('G4', 'G45'), ('G2', 'G14'), ('G2', 'G43'), ('G2', 'G34'), ('G2', 'G87'), ('G2', 'G72'), ('G1', 'G4'), ('G1', 'G20'), ('G9', 'G54'), ('G9', 'G29'), ('G9', 'G12'), ('G9', 'G83'), ('G9', 'G60'), ('G9', 'G15'), ('G8', 'G2'), ('G53', 'G100'), ('G53', 'G30'), ('G53', 'G33'), ('G53', 'G22'), ('G53', 'G21'), ('G53', 'G51'), ('G53', 'G52'), ('G53', 'G68'), ('G51', 'G46'), ('G57', 'G6'), ('G55', 'G31'), ('G55', 'G27'), ('G55', 'G58'), ('G55', 'G56'), ('G55', 'G41'), ('G54', 'G42'), ('G54', 'G86'), ('G54', 'G11'), ('G54', 'G99'), ('G54', 'G10'), ('G40', 'G62'), ('G40', 'G52'), ('G40', 'G91'), ('G40', 'G18'), ('G41', 'G39'), ('G41', 'G77'), ('G41', 'G59'), ('G42', 'G16'), ('G42', 'G92'), ('G42', 'G85'), ('G43', 'G60'), ('G43', 'G93'), ('G46', 'G40'), ('G48', 'G31'), ('G48', 'G38'), ('G75', 'G5'), ('G75', 'G23'), ('G74', 'G92'), ('G70', 'G76'), ('G73', 'G17'), ('G73', 'G48'), ('G73', 'G85'), ('G73', 'G65'), ('G79', 'G5'), ('G68', 'G84'), ('G69', 'G14'), ('G69', 'G98'), ('G69', 'G83'), ('G62', 'G97'), ('G62', 'G79'), ('G66', 'G35'), ('G67', 'G63'), ('G67', 'G86'), ('G67', 'G37'), ('G67', 'G64'), ('G65', 'G47'), ('G18', 'G28'), ('G15', 'G50'), ('G13', 'G49'), ('G13', 'G51'), ('G13', 'G23'), ('G12', 'G26'), ('G12', 'G66'), ('G12', 'G67'), ('G12', 'G10'), ('G10', 'G81'), ('G97', 'G95'), ('G96', 'G43'), ('G96', 'G13'), ('G92', 'G39'), ('G92', 'G96'), ('G92', 'G68'), ('G91', 'G4'), ('G91', 'G80'), ('G90', 'G91'), ('G90', 'G18'), ('G99', 'G48'), ('G99', 'G38'), ('G98', 'G75'), ('G98', 'G74'), ('G98', 'G95'), ('G98', 'G77'), ('G98', 'G29'), ('G33', 'G15'), ('G33', 'G37'), ('G32', 'G53'), ('G32', 'G12'), ('G32', 'G19'), ('G32', 'G36'), ('G35', 'G7'), ('G34', 'G16'), ('G34', 'G55'), ('G37', 'G24'), ('G37', 'G25'), ('G37', 'G1'), ('G37', 'G36'), ('G36', 'G88'), ('G36', 'G20'), ('G36', 'G1'), ('G39', 'G46'), ('G38', 'G40'), ('G38', 'G41'), ('G38', 'G90'), ('G38', 'G62'), ('G38', 'G58'), ('G38', 'G11'), ('G85', 'G93'), ('G85', 'G57'), ('G85', 'G81'), ('G85', 'G21'), ('G86', 'G100'), ('G83', 'G53'), ('G83', 'G97'), ('G83', 'G42'), ('G83', 'G57'), ('G83', 'G2'), ('G88', 'G90')]
+----------+----------+-----------------+-----------------+----------------+
| G12      | G12(0.0) | G12(0.0)        | G12(1.0)        | G12(1.0)       |
+----------+----------+-----------------+-----------------+----------------+
| G22      | G22(0.0) | G22(1.0)        | G22(0.0)        | G22(1.0)       |
+----------+----------+-----------------+-----------------+----------------+
| G26(0.0) | 0.5      | 0.909937888199  | 0.944444444444  | 0.213405238829 |
+----------+----------+-----------------+-----------------+----------------+
| G26(1.0) | 0.5      | 0.0900621118012 | 0.0555555555556 | 0.786594761171 |
+----------+----------+-----------------+-----------------+----------------+
+----------+----------------+----------------+-----------------+-----------------+
| G55      | G55(0.0)       | G55(0.0)       | G55(1.0)        | G55(1.0)        |
+----------+----------------+----------------+-----------------+-----------------+
| G6       | G6(0.0)        | G6(1.0)        | G6(0.0)         | G6(1.0)         |
+----------+----------------+----------------+-----------------+-----------------+
| G27(0.0) | 0.675609756098 | 0.260824742268 | 0.0342465753425 | 0.0257731958763 |
+----------+----------------+----------------+-----------------+-----------------+
| G27(1.0) | 0.324390243902 | 0.739175257732 | 0.965753424658  | 0.974226804124  |
+----------+----------------+----------------+-----------------+-----------------+
+----------+-----------------+-----------------+----------------+---------------+
| G20      | G20(0.0)        | G20(0.0)        | G20(1.0)       | G20(1.0)      |
+----------+-----------------+-----------------+----------------+---------------+
| G37      | G37(0.0)        | G37(1.0)        | G37(0.0)       | G37(1.0)      |
+----------+-----------------+-----------------+----------------+---------------+
| G24(0.0) | 0.0744680851064 | 0.0523465703971 | 0.432075471698 | 0.24011299435 |
+----------+-----------------+-----------------+----------------+---------------+
| G24(1.0) | 0.925531914894  | 0.947653429603  | 0.567924528302 | 0.75988700565 |
+----------+-----------------+-----------------+----------------+---------------+
+----------+----------+----------------+------------------+-----------------+
| G24      | G24(0.0) | G24(0.0)       | G24(1.0)         | G24(1.0)        |
+----------+----------+----------------+------------------+-----------------+
| G37      | G37(0.0) | G37(1.0)       | G37(0.0)         | G37(1.0)        |
+----------+----------+----------------+------------------+-----------------+
| G25(0.0) | 0.756    | 0.675438596491 | 0.00889679715302 | 0.0768261964736 |
+----------+----------+----------------+------------------+-----------------+
| G25(1.0) | 0.244    | 0.324561403509 | 0.991103202847   | 0.923173803526  |
+----------+----------+----------------+------------------+-----------------+
+----------+-----------------+----------------+-----------------+------------------+
| G24      | G24(0.0)        | G24(0.0)       | G24(1.0)        | G24(1.0)         |
+----------+-----------------+----------------+-----------------+------------------+
| G53      | G53(0.0)        | G53(1.0)       | G53(0.0)        | G53(1.0)         |
+----------+-----------------+----------------+-----------------+------------------+
| G22(0.0) | 0.0280898876404 | 0.456989247312 | 0.0100401606426 | 0.00582750582751 |
+----------+-----------------+----------------+-----------------+------------------+
| G22(1.0) | 0.97191011236   | 0.543010752688 | 0.989959839357  | 0.994172494172   |
+----------+-----------------+----------------+-----------------+------------------+
+----------+-----------------+----------------+------------------+-----------------+
| G13      | G13(0.0)        | G13(0.0)       | G13(1.0)         | G13(1.0)        |
+----------+-----------------+----------------+------------------+-----------------+
| G75      | G75(0.0)        | G75(1.0)       | G75(0.0)         | G75(1.0)        |
+----------+-----------------+----------------+------------------+-----------------+
| G23(0.0) | 0.0942028985507 | 0.811688311688 | 0.00465549348231 | 0.0593220338983 |
+----------+-----------------+----------------+------------------+-----------------+
| G23(1.0) | 0.905797101449  | 0.188311688312 | 0.995344506518   | 0.940677966102  |
+----------+-----------------+----------------+------------------+-----------------+
+----------+----------------+-----------------+----------------+----------------+
| G1       | G1(0.0)        | G1(0.0)         | G1(1.0)        | G1(1.0)        |
+----------+----------------+-----------------+----------------+----------------+
| G36      | G36(0.0)       | G36(1.0)        | G36(0.0)       | G36(1.0)       |
+----------+----------------+-----------------+----------------+----------------+
| G20(0.0) | 0.162921348315 | 0.0766423357664 | 0.647448015123 | 0.480952380952 |
+----------+----------------+-----------------+----------------+----------------+
| G20(1.0) | 0.837078651685 | 0.923357664234  | 0.352551984877 | 0.519047619048 |
+----------+----------------+-----------------+----------------+----------------+
+----------+-----------------+----------------+---------------+----------------+
| G53      | G53(0.0)        | G53(0.0)       | G53(1.0)      | G53(1.0)       |
+----------+-----------------+----------------+---------------+----------------+
| G85      | G85(0.0)        | G85(1.0)       | G85(0.0)      | G85(1.0)       |
+----------+-----------------+----------------+---------------+----------------+
| G21(0.0) | 0.0698113207547 | 0.198630136986 | 0.39247311828 | 0.114035087719 |
+----------+-----------------+----------------+---------------+----------------+
| G21(1.0) | 0.930188679245  | 0.801369863014 | 0.60752688172 | 0.885964912281 |
+----------+-----------------+----------------+---------------+----------------+
+----------+----------------+-----------------+----------------+------------------+
| G18      | G18(0.0)       | G18(0.0)        | G18(1.0)       | G18(1.0)         |
+----------+----------------+-----------------+----------------+------------------+
| G26      | G26(0.0)       | G26(1.0)        | G26(0.0)       | G26(1.0)         |
+----------+----------------+-----------------+----------------+------------------+
| G28(0.0) | 0.785714285714 | 0.0544041450777 | 0.199115044248 | 0.00741839762611 |
+----------+----------------+-----------------+----------------+------------------+
| G28(1.0) | 0.214285714286 | 0.945595854922  | 0.800884955752 | 0.992581602374   |
+----------+----------------+-----------------+----------------+------------------+
+----------+-----------------+----------------+----------------+----------------+
| G9       | G9(0.0)         | G9(0.0)        | G9(1.0)        | G9(1.0)        |
+----------+-----------------+----------------+----------------+----------------+
| G98      | G98(0.0)        | G98(1.0)       | G98(0.0)       | G98(1.0)       |
+----------+-----------------+----------------+----------------+----------------+
| G29(0.0) | 0.921052631579  | 0.704081632653 | 0.154700854701 | 0.844086021505 |
+----------+-----------------+----------------+----------------+----------------+
| G29(1.0) | 0.0789473684211 | 0.295918367347 | 0.845299145299 | 0.155913978495 |
+----------+-----------------+----------------+----------------+----------------+
+---------+-----------------+----------------+
| G35     | G35(0.0)        | G35(1.0)       |
+---------+-----------------+----------------+
| G7(0.0) | 0.975177304965  | 0.642857142857 |
+---------+-----------------+----------------+
| G7(1.0) | 0.0248226950355 | 0.357142857143 |
+---------+-----------------+----------------+
+---------+----------------+----------------+----------------+----------------+
| G24     | G24(0.0)       | G24(0.0)       | G24(1.0)       | G24(1.0)       |
+---------+----------------+----------------+----------------+----------------+
| G57     | G57(0.0)       | G57(1.0)       | G57(0.0)       | G57(1.0)       |
+---------+----------------+----------------+----------------+----------------+
| G6(0.0) | 0.722222222222 | 0.754335260116 | 0.837078651685 | 0.112903225806 |
+---------+----------------+----------------+----------------+----------------+
| G6(1.0) | 0.277777777778 | 0.245664739884 | 0.162921348315 | 0.887096774194 |
+---------+----------------+----------------+----------------+----------------+
+---------+----------------+-----------------+----------------+---------------+
| G75     | G75(0.0)       | G75(0.0)        | G75(1.0)       | G75(1.0)      |
+---------+----------------+-----------------+----------------+---------------+
| G79     | G79(0.0)       | G79(1.0)        | G79(0.0)       | G79(1.0)      |
+---------+----------------+-----------------+----------------+---------------+
| G5(0.0) | 0.792134831461 | 0.925531914894  | 0.133027522936 | 0.81724137931 |
+---------+----------------+-----------------+----------------+---------------+
| G5(1.0) | 0.207865168539 | 0.0744680851064 | 0.866972477064 | 0.18275862069 |
+---------+----------------+-----------------+----------------+---------------+
+---------+----------------+----------------+-----------------+----------------+
| G1      | G1(0.0)        | G1(0.0)        | G1(1.0)         | G1(1.0)        |
+---------+----------------+----------------+-----------------+----------------+
| G91     | G91(0.0)       | G91(1.0)       | G91(0.0)        | G91(1.0)       |
+---------+----------------+----------------+-----------------+----------------+
| G4(0.0) | 0.224137931034 | 0.621827411168 | 0.0693779904306 | 0.241176470588 |
+---------+----------------+----------------+-----------------+----------------+
| G4(1.0) | 0.775862068966 | 0.378172588832 | 0.930622009569  | 0.758823529412 |
+---------+----------------+----------------+-----------------+----------------+
+---------+---------------+----------------+
| G4      | G4(0.0)       | G4(1.0)        |
+---------+---------------+----------------+
| G3(0.0) | 0.19918699187 | 0.203583061889 |
+---------+---------------+----------------+
| G3(1.0) | 0.80081300813 | 0.796416938111 |
+---------+---------------+----------------+
+---------+----------------+-----------------+-----------------+----------------+
| G8      | G8(0.0)        | G8(0.0)         | G8(1.0)         | G8(1.0)        |
+---------+----------------+-----------------+-----------------+----------------+
| G83     | G83(0.0)       | G83(1.0)        | G83(0.0)        | G83(1.0)       |
+---------+----------------+-----------------+-----------------+----------------+
| G2(0.0) | 0.963768115942 | 0.986597938144  | 0.975247524752  | 0.441463414634 |
+---------+----------------+-----------------+-----------------+----------------+
| G2(1.0) | 0.036231884058 | 0.0134020618557 | 0.0247524752475 | 0.558536585366 |
+---------+----------------+-----------------+-----------------+----------------+
+---------+----------------+-----------------+---------------+----------------+
| G36     | G36(0.0)       | G36(0.0)        | G36(1.0)      | G36(1.0)       |
+---------+----------------+-----------------+---------------+----------------+
| G37     | G37(0.0)       | G37(1.0)        | G37(0.0)      | G37(1.0)       |
+---------+----------------+-----------------+---------------+----------------+
| G1(0.0) | 0.315028901734 | 0.0775280898876 | 0.56008583691 | 0.722222222222 |
+---------+----------------+-----------------+---------------+----------------+
| G1(1.0) | 0.684971098266 | 0.922471910112  | 0.43991416309 | 0.277777777778 |
+---------+----------------+-----------------+---------------+----------------+
+---------+----------+
| G9(0.0) | 0.211628 |
+---------+----------+
| G9(1.0) | 0.788372 |
+---------+----------+
+---------+----------------+-----------------+-----------------+---------------+
| G20     | G20(0.0)       | G20(0.0)        | G20(1.0)        | G20(1.0)      |
+---------+----------------+-----------------+-----------------+---------------+
| G23     | G23(0.0)       | G23(1.0)        | G23(0.0)        | G23(1.0)      |
+---------+----------------+-----------------+-----------------+---------------+
| G8(0.0) | 0.722222222222 | 0.90586797066   | 0.91095890411   | 0.29945799458 |
+---------+----------------+-----------------+-----------------+---------------+
| G8(1.0) | 0.277777777778 | 0.0941320293399 | 0.0890410958904 | 0.70054200542 |
+---------+----------------+-----------------+-----------------+---------------+
+----------+----------+-----------------+-----------------+----------------+
| G32      | G32(0.0) | G32(0.0)        | G32(1.0)        | G32(1.0)       |
+----------+----------+-----------------+-----------------+----------------+
| G83      | G83(0.0) | G83(1.0)        | G83(0.0)        | G83(1.0)       |
+----------+----------+-----------------+-----------------+----------------+
| G53(0.0) | 0.5      | 0.0869120654397 | 0.975247524752  | 0.808457711443 |
+----------+----------+-----------------+-----------------+----------------+
| G53(1.0) | 0.5      | 0.91308793456   | 0.0247524752475 | 0.191542288557 |
+----------+----------+-----------------+-----------------+----------------+
+----------+----------------+-----------------+----------------+----------------+
| G40      | G40(0.0)       | G40(0.0)        | G40(1.0)       | G40(1.0)       |
+----------+----------------+-----------------+----------------+----------------+
| G53      | G53(0.0)       | G53(1.0)        | G53(0.0)       | G53(1.0)       |
+----------+----------------+-----------------+----------------+----------------+
| G52(0.0) | 0.133027522936 | 0.0918367346939 | 0.465065502183 | 0.124548736462 |
+----------+----------------+-----------------+----------------+----------------+
| G52(1.0) | 0.866972477064 | 0.908163265306  | 0.534934497817 | 0.875451263538 |
+----------+----------------+-----------------+----------------+----------------+
+----------+----------------+-----------------+----------------+------------------+
| G13      | G13(0.0)       | G13(0.0)        | G13(1.0)       | G13(1.0)         |
+----------+----------------+-----------------+----------------+------------------+
| G53      | G53(0.0)       | G53(1.0)        | G53(0.0)       | G53(1.0)         |
+----------+----------------+-----------------+----------------+------------------+
| G51(0.0) | 0.785714285714 | 0.0670103092784 | 0.022491349481 | 0.00588235294118 |
+----------+----------------+-----------------+----------------+------------------+
| G51(1.0) | 0.214285714286 | 0.932989690722  | 0.977508650519 | 0.994117647059   |
+----------+----------------+-----------------+----------------+------------------+
+----------+-----------------+-----------------+----------------+----------------+
| G15      | G15(0.0)        | G15(0.0)        | G15(1.0)       | G15(1.0)       |
+----------+-----------------+-----------------+----------------+----------------+
| G25      | G25(0.0)        | G25(1.0)        | G25(0.0)       | G25(1.0)       |
+----------+-----------------+-----------------+----------------+----------------+
| G50(0.0) | 0.0675675675676 | 0.0939086294416 | 0.174418604651 | 0.455734406439 |
+----------+-----------------+-----------------+----------------+----------------+
| G50(1.0) | 0.932432432432  | 0.906091370558  | 0.825581395349 | 0.544265593561 |
+----------+-----------------+-----------------+----------------+----------------+
+----------+----------+-----------------+-----------------+-----------------+
| G83      | G83(0.0) | G83(0.0)        | G83(1.0)        | G83(1.0)        |
+----------+----------+-----------------+-----------------+-----------------+
| G85      | G85(0.0) | G85(1.0)        | G85(0.0)        | G85(1.0)        |
+----------+----------+-----------------+-----------------+-----------------+
| G57(0.0) | 0.02     | 0.0555555555556 | 0.0239669421488 | 0.923529411765  |
+----------+----------+-----------------+-----------------+-----------------+
| G57(1.0) | 0.98     | 0.944444444444  | 0.976033057851  | 0.0764705882353 |
+----------+----------+-----------------+-----------------+-----------------+
+----------+-----------------+----------------+
| G55      | G55(0.0)        | G55(1.0)       |
+----------+-----------------+----------------+
| G56(0.0) | 0.0304347826087 | 0.852941176471 |
+----------+-----------------+----------------+
| G56(1.0) | 0.969565217391  | 0.147058823529 |
+----------+-----------------+----------------+
+----------+----------------+----------------+-----------------+----------+
| G22      | G22(0.0)       | G22(0.0)       | G22(1.0)        | G22(1.0) |
+----------+----------------+----------------+-----------------+----------+
| G34      | G34(0.0)       | G34(1.0)       | G34(0.0)        | G34(1.0) |
+----------+----------------+----------------+-----------------+----------+
| G55(0.0) | 0.158536585366 | 0.277777777778 | 0.967153284672  | 0.148    |
+----------+----------------+----------------+-----------------+----------+
| G55(1.0) | 0.841463414634 | 0.722222222222 | 0.0328467153285 | 0.852    |
+----------+----------------+----------------+-----------------+----------+
+----------+----------------+-----------------+----------------+-----------------+
| G24      | G24(0.0)       | G24(0.0)        | G24(1.0)       | G24(1.0)        |
+----------+----------------+-----------------+----------------+-----------------+
| G9       | G9(0.0)        | G9(1.0)         | G9(0.0)        | G9(1.0)         |
+----------+----------------+-----------------+----------------+-----------------+
| G54(0.0) | 0.036231884058 | 0.0221238938053 | 0.730088495575 | 0.0115044247788 |
+----------+----------------+-----------------+----------------+-----------------+
| G54(1.0) | 0.963768115942 | 0.977876106195  | 0.269911504425 | 0.988495575221  |
+----------+----------------+-----------------+----------------+-----------------+
+----------+----------------+----------------+-----------------+----------------+
| G21      | G21(0.0)       | G21(0.0)       | G21(1.0)        | G21(1.0)       |
+----------+----------------+----------------+-----------------+----------------+
| G41      | G41(0.0)       | G41(1.0)       | G41(0.0)        | G41(1.0)       |
+----------+----------------+----------------+-----------------+----------------+
| G59(0.0) | 0.277777777778 | 0.612676056338 | 0.0670103092784 | 0.522181146026 |
+----------+----------------+----------------+-----------------+----------------+
| G59(1.0) | 0.722222222222 | 0.387323943662 | 0.932989690722  | 0.477818853974 |
+----------+----------------+----------------+-----------------+----------------+
+----------+----------------+----------------+----------------+----------------+
| G38      | G38(0.0)       | G38(0.0)       | G38(1.0)       | G38(1.0)       |
+----------+----------------+----------------+----------------+----------------+
| G55      | G55(0.0)       | G55(1.0)       | G55(0.0)       | G55(1.0)       |
+----------+----------------+----------------+----------------+----------------+
| G58(0.0) | 0.278188539741 | 0.636752136752 | 0.204697986577 | 0.198113207547 |
+----------+----------------+----------------+----------------+----------------+
| G58(1.0) | 0.721811460259 | 0.363247863248 | 0.795302013423 | 0.801886792453 |
+----------+----------------+----------------+----------------+----------------+
+----------+----------------+----------------+-----------------+-----------------+
| G38      | G38(0.0)       | G38(0.0)       | G38(1.0)        | G38(1.0)        |
+----------+----------------+----------------+-----------------+-----------------+
| G46      | G46(0.0)       | G46(1.0)       | G46(0.0)        | G46(1.0)        |
+----------+----------------+----------------+-----------------+-----------------+
| G40(0.0) | 0.036231884058 | 0.588285229202 | 0.0438596491228 | 0.0172413793103 |
+----------+----------------+----------------+-----------------+-----------------+
| G40(1.0) | 0.963768115942 | 0.411714770798 | 0.956140350877  | 0.98275862069   |
+----------+----------------+----------------+-----------------+-----------------+
+----------+------------------+-----------------+----------------+-----------------+
| G38      | G38(0.0)         | G38(0.0)        | G38(1.0)       | G38(1.0)        |
+----------+------------------+-----------------+----------------+-----------------+
| G55      | G55(0.0)         | G55(1.0)        | G55(0.0)       | G55(1.0)        |
+----------+------------------+-----------------+----------------+-----------------+
| G41(0.0) | 0.00462107208872 | 0.0213675213675 | 0.661073825503 | 0.0471698113208 |
+----------+------------------+-----------------+----------------+-----------------+
| G41(1.0) | 0.995378927911   | 0.978632478632  | 0.338926174497 | 0.952830188679  |
+----------+------------------+-----------------+----------------+-----------------+
+----------+----------------+-----------------+-----------------+------------------+
| G54      | G54(0.0)       | G54(0.0)        | G54(1.0)        | G54(1.0)         |
+----------+----------------+-----------------+-----------------+------------------+
| G83      | G83(0.0)       | G83(1.0)        | G83(0.0)        | G83(1.0)         |
+----------+----------------+-----------------+-----------------+------------------+
| G42(0.0) | 0.867346938776 | 0.0555555555556 | 0.0206611570248 | 0.00387596899225 |
+----------+----------------+-----------------+-----------------+------------------+
| G42(1.0) | 0.132653061224 | 0.944444444444  | 0.979338842975  | 0.996124031008   |
+----------+----------------+-----------------+-----------------+------------------+
+----------+-----------------+----------------+----------+-----------------+
| G2       | G2(0.0)         | G2(0.0)        | G2(1.0)  | G2(1.0)         |
+----------+-----------------+----------------+----------+-----------------+
| G96      | G96(0.0)        | G96(1.0)       | G96(0.0) | G96(1.0)        |
+----------+-----------------+----------------+----------+-----------------+
| G43(0.0) | 0.970588235294  | 0.225731895223 | 0.5      | 0.946280991736  |
+----------+-----------------+----------------+----------+-----------------+
| G43(1.0) | 0.0294117647059 | 0.774268104777 | 0.5      | 0.0537190082645 |
+----------+-----------------+----------------+----------+-----------------+
+----------+---+
| G44(0.0) | 1 |
+----------+---+
+----------+----------------+---------------+
| G4       | G4(0.0)        | G4(1.0)       |
+----------+----------------+---------------+
| G45(0.0) | 0.524390243902 | 0.35993485342 |
+----------+----------------+---------------+
| G45(1.0) | 0.475609756098 | 0.64006514658 |
+----------+----------------+---------------+
+----------+---------------+----------------+----------+-----------------+
| G39      | G39(0.0)      | G39(0.0)       | G39(1.0) | G39(1.0)        |
+----------+---------------+----------------+----------+-----------------+
| G51      | G51(0.0)      | G51(1.0)       | G51(0.0) | G51(1.0)        |
+----------+---------------+----------------+----------+-----------------+
| G46(0.0) | 0.80303030303 | 0.737623762376 | 0.5      | 0.0205673758865 |
+----------+---------------+----------------+----------+-----------------+
| G46(1.0) | 0.19696969697 | 0.262376237624 | 0.5      | 0.979432624113  |
+----------+---------------+----------------+----------+-----------------+
+----------+----------------+----------------+
| G65      | G65(0.0)       | G65(1.0)       |
+----------+----------------+----------------+
| G47(0.0) | 0.685185185185 | 0.289081885856 |
+----------+----------------+----------------+
| G47(1.0) | 0.314814814815 | 0.710918114144 |
+----------+----------------+----------------+
+----------+----------+----------------+----------------+-----------------+
| G73      | G73(0.0) | G73(0.0)       | G73(1.0)       | G73(1.0)        |
+----------+----------+----------------+----------------+-----------------+
| G99      | G99(0.0) | G99(1.0)       | G99(0.0)       | G99(1.0)        |
+----------+----------+----------------+----------------+-----------------+
| G48(0.0) | 0.5      | 0.233333333333 | 0.417808219178 | 0.996607869742  |
+----------+----------+----------------+----------------+-----------------+
| G48(1.0) | 0.5      | 0.766666666667 | 0.582191780822 | 0.0033921302578 |
+----------+----------+----------------+----------------+-----------------+
+----------+-----------------+---------------+----------------+---------------+
| G13      | G13(0.0)        | G13(0.0)      | G13(1.0)       | G13(1.0)      |
+----------+-----------------+---------------+----------------+---------------+
| G29      | G29(0.0)        | G29(1.0)      | G29(0.0)       | G29(1.0)      |
+----------+-----------------+---------------+----------------+---------------+
| G49(0.0) | 0.930107526882  | 0.72641509434 | 0.148068669528 | 0.27130977131 |
+----------+-----------------+---------------+----------------+---------------+
| G49(1.0) | 0.0698924731183 | 0.27358490566 | 0.851931330472 | 0.72869022869 |
+----------+-----------------+---------------+----------------+---------------+
+----------+-----------------+-----------------+----------------+-----------------+
| G20      | G20(0.0)        | G20(0.0)        | G20(1.0)       | G20(1.0)        |
+----------+-----------------+-----------------+----------------+-----------------+
| G98      | G98(0.0)        | G98(1.0)        | G98(0.0)       | G98(1.0)        |
+----------+-----------------+-----------------+----------------+-----------------+
| G75(0.0) | 0.970588235294  | 0.959016393443  | 0.339335180055 | 0.969135802469  |
+----------+-----------------+-----------------+----------------+-----------------+
| G75(1.0) | 0.0294117647059 | 0.0409836065574 | 0.660664819945 | 0.0308641975309 |
+----------+-----------------+-----------------+----------------+-----------------+
+----------+-----------------+----------------+
| G98      | G98(0.0)        | G98(1.0)       |
+----------+-----------------+----------------+
| G74(0.0) | 0.0793871866295 | 0.598591549296 |
+----------+-----------------+----------------+
| G74(1.0) | 0.92061281337   | 0.401408450704 |
+----------+-----------------+----------------+
+----------+-----------------+----------------+------------------+-----------------+
| G41      | G41(0.0)        | G41(0.0)       | G41(1.0)         | G41(1.0)        |
+----------+-----------------+----------------+------------------+-----------------+
| G98      | G98(0.0)        | G98(1.0)       | G98(0.0)         | G98(1.0)        |
+----------+-----------------+----------------+------------------+-----------------+
| G77(0.0) | 0.0409836065574 | 0.677777777778 | 0.00380517503805 | 0.0670103092784 |
+----------+-----------------+----------------+------------------+-----------------+
| G77(1.0) | 0.959016393443  | 0.322222222222 | 0.996194824962   | 0.932989690722  |
+----------+-----------------+----------------+------------------+-----------------+
+----------+----------------+----------------+
| G70      | G70(0.0)       | G70(1.0)       |
+----------+----------------+----------------+
| G76(0.0) | 0.384393063584 | 0.352140077821 |
+----------+----------------+----------------+
| G76(1.0) | 0.615606936416 | 0.647859922179 |
+----------+----------------+----------------+
+----------+---+
| G71(0.0) | 1 |
+----------+---+
+----------+----------------+----------------+----------------+----------------+
| G24      | G24(0.0)       | G24(0.0)       | G24(1.0)       | G24(1.0)       |
+----------+----------------+----------------+----------------+----------------+
| G4       | G4(0.0)        | G4(1.0)        | G4(0.0)        | G4(1.0)        |
+----------+----------------+----------------+----------------+----------------+
| G70(0.0) | 0.277777777778 | 0.539603960396 | 0.306060606061 | 0.425925925926 |
+----------+----------------+----------------+----------------+----------------+
| G70(1.0) | 0.722222222222 | 0.460396039604 | 0.693939393939 | 0.574074074074 |
+----------+----------------+----------------+----------------+----------------+
+----------+-----------------+-----------------+------------------+------------------+
| G23      | G23(0.0)        | G23(0.0)        | G23(1.0)         | G23(1.0)         |
+----------+-----------------+-----------------+------------------+------------------+
| G26      | G26(0.0)        | G26(1.0)        | G26(0.0)         | G26(1.0)         |
+----------+-----------------+-----------------+------------------+------------------+
| G73(0.0) | 0.0675675675676 | 0.944444444444  | 0.00853242320819 | 0.00515463917526 |
+----------+-----------------+-----------------+------------------+------------------+
| G73(1.0) | 0.932432432432  | 0.0555555555556 | 0.991467576792   | 0.994845360825   |
+----------+-----------------+-----------------+------------------+------------------+
+----------+-----------------+-----------------+-----------------+----------------+
| G2       | G2(0.0)         | G2(0.0)         | G2(1.0)         | G2(1.0)        |
+----------+-----------------+-----------------+-----------------+----------------+
| G6       | G6(0.0)         | G6(1.0)         | G6(0.0)         | G6(1.0)        |
+----------+-----------------+-----------------+-----------------+----------------+
| G72(0.0) | 0.967661691542  | 0.980300187617  | 0.915584415584  | 0.132653061224 |
+----------+-----------------+-----------------+-----------------+----------------+
| G72(1.0) | 0.0323383084577 | 0.0196998123827 | 0.0844155844156 | 0.867346938776 |
+----------+-----------------+-----------------+-----------------+----------------+
+----------+----------------+----------------+----------------+----------------+
| G24      | G24(0.0)       | G24(0.0)       | G24(1.0)       | G24(1.0)       |
+----------+----------------+----------------+----------------+----------------+
| G62      | G62(0.0)       | G62(1.0)       | G62(0.0)       | G62(1.0)       |
+----------+----------------+----------------+----------------+----------------+
| G79(0.0) | 0.273195876289 | 0.876470588235 | 0.145514223195 | 0.138009049774 |
+----------+----------------+----------------+----------------+----------------+
| G79(1.0) | 0.726804123711 | 0.123529411765 | 0.854485776805 | 0.861990950226 |
+----------+----------------+----------------+----------------+----------------+
+----------+-----------+
| G78(0.0) | 0.983721  |
+----------+-----------+
| G78(1.0) | 0.0162791 |
+----------+-----------+
+----------+----------------+----------------+----------------+-----------------+
| G53      | G53(0.0)       | G53(0.0)       | G53(1.0)       | G53(1.0)        |
+----------+----------------+----------------+----------------+-----------------+
| G92      | G92(0.0)       | G92(1.0)       | G92(0.0)       | G92(1.0)        |
+----------+----------------+----------------+----------------+-----------------+
| G68(0.0) | 0.036231884058 | 0.842007434944 | 0.119047619048 | 0.0768463073852 |
+----------+----------------+----------------+----------------+-----------------+
| G68(1.0) | 0.963768115942 | 0.157992565056 | 0.880952380952 | 0.923153692615  |
+----------+----------------+----------------+----------------+-----------------+
+----------+-----------+
| G69(0.0) | 0.0860465 |
+----------+-----------+
| G69(1.0) | 0.913953  |
+----------+-----------+
+----------+----------------+----------------+----------+-----------------+
| G38      | G38(0.0)       | G38(0.0)       | G38(1.0) | G38(1.0)        |
+----------+----------------+----------------+----------+-----------------+
| G40      | G40(0.0)       | G40(1.0)       | G40(0.0) | G40(1.0)        |
+----------+----------------+----------------+----------+-----------------+
| G62(0.0) | 0.362464183381 | 0.745954692557 | 0.5      | 0.98730964467   |
+----------+----------------+----------------+----------+-----------------+
| G62(1.0) | 0.637535816619 | 0.254045307443 | 0.5      | 0.0126903553299 |
+----------+----------------+----------------+----------+-----------------+
+----------+----------------+----------------+
| G67      | G67(0.0)       | G67(1.0)       |
+----------+----------------+----------------+
| G63(0.0) | 0.514084507042 | 0.201949860724 |
+----------+----------------+----------------+
| G63(1.0) | 0.485915492958 | 0.798050139276 |
+----------+----------------+----------------+
+----------+-----------------+-----------------+----------------+-----------------+
| G43      | G43(0.0)        | G43(0.0)        | G43(1.0)       | G43(1.0)        |
+----------+-----------------+-----------------+----------------+-----------------+
| G9       | G9(0.0)         | G9(1.0)         | G9(0.0)        | G9(1.0)         |
+----------+-----------------+-----------------+----------------+-----------------+
| G60(0.0) | 0.930107526882  | 0.990118577075  | 0.477528089888 | 0.947058823529  |
+----------+-----------------+-----------------+----------------+-----------------+
| G60(1.0) | 0.0698924731183 | 0.0098814229249 | 0.522471910112 | 0.0529411764706 |
+----------+-----------------+-----------------+----------------+-----------------+
+----------+-----------+
| G61(0.0) | 0.983721  |
+----------+-----------+
| G61(1.0) | 0.0162791 |
+----------+-----------+
+----------+----------------+------------------+
| G12      | G12(0.0)       | G12(1.0)         |
+----------+----------------+------------------+
| G66(0.0) | 0.319277108434 | 0.00720461095101 |
+----------+----------------+------------------+
| G66(1.0) | 0.680722891566 | 0.992795389049   |
+----------+----------------+------------------+
+----------+----------------+----------------+-----------------+------------------+
| G12      | G12(0.0)       | G12(0.0)       | G12(1.0)        | G12(1.0)         |
+----------+----------------+----------------+-----------------+------------------+
| G29      | G29(0.0)       | G29(1.0)       | G29(0.0)        | G29(1.0)         |
+----------+----------------+----------------+-----------------+------------------+
| G67(0.0) | 0.814049586777 | 0.855555555556 | 0.0121951219512 | 0.00511247443763 |
+----------+----------------+----------------+-----------------+------------------+
| G67(1.0) | 0.185950413223 | 0.144444444444 | 0.987804878049  | 0.994887525562   |
+----------+----------------+----------------+-----------------+------------------+
+----------+----------------+-----------------+
| G67      | G67(0.0)       | G67(1.0)        |
+----------+----------------+-----------------+
| G64(0.0) | 0.232394366197 | 0.970752089136  |
+----------+----------------+-----------------+
| G64(1.0) | 0.767605633803 | 0.0292479108635 |
+----------+----------------+-----------------+
+----------+----------+-----------------+
| G73      | G73(0.0) | G73(1.0)        |
+----------+----------+-----------------+
| G65(0.0) | 0.9      | 0.0111111111111 |
+----------+----------+-----------------+
| G65(1.0) | 0.1      | 0.988888888889  |
+----------+----------+-----------------+
+-----------+----------------+----------+----------------+----------------+
| G53       | G53(0.0)       | G53(0.0) | G53(1.0)       | G53(1.0)       |
+-----------+----------------+----------+----------------+----------------+
| G86       | G86(0.0)       | G86(1.0) | G86(0.0)       | G86(1.0)       |
+-----------+----------------+----------+----------------+----------------+
| G100(0.0) | 0.462441314554 | 0.052    | 0.884778012685 | 0.704081632653 |
+-----------+----------------+----------+----------------+----------------+
| G100(1.0) | 0.537558685446 | 0.948    | 0.115221987315 | 0.295918367347 |
+-----------+----------------+----------+----------------+----------------+
+----------+-----------------+----------------+----------------+----------------+
| G27      | G27(0.0)        | G27(0.0)       | G27(1.0)       | G27(1.0)       |
+----------+-----------------+----------------+----------------+----------------+
| G32      | G32(0.0)        | G32(1.0)       | G32(0.0)       | G32(1.0)       |
+----------+-----------------+----------------+----------------+----------------+
| G19(0.0) | 0.0537190082645 | 0.822147651007 | 0.033180778032 | 0.643790849673 |
+----------+-----------------+----------------+----------------+----------------+
| G19(1.0) | 0.946280991736  | 0.177852348993 | 0.966819221968 | 0.356209150327 |
+----------+-----------------+----------------+----------------+----------------+
+----------+----------------+----------------+----------------+-----------------+
| G40      | G40(0.0)       | G40(0.0)       | G40(1.0)       | G40(1.0)        |
+----------+----------------+----------------+----------------+-----------------+
| G90      | G90(0.0)       | G90(1.0)       | G90(0.0)       | G90(1.0)        |
+----------+----------------+----------------+----------------+-----------------+
| G18(0.0) | 0.135782747604 | 0.353658536585 | 0.538834951456 | 0.946700507614  |
+----------+----------------+----------------+----------------+-----------------+
| G18(1.0) | 0.864217252396 | 0.646341463415 | 0.461165048544 | 0.0532994923858 |
+----------+----------------+----------------+----------------+-----------------+
+----------+----------+-----------------+
| G73      | G73(0.0) | G73(1.0)        |
+----------+----------+-----------------+
| G17(0.0) | 0.82     | 0.0111111111111 |
+----------+----------+-----------------+
| G17(1.0) | 0.18     | 0.988888888889  |
+----------+----------+-----------------+
+----------+----------------+-----------------+----------+----------------+
| G34      | G34(0.0)       | G34(0.0)        | G34(1.0) | G34(1.0)       |
+----------+----------------+-----------------+----------+----------------+
| G42      | G42(0.0)       | G42(1.0)        | G42(0.0) | G42(1.0)       |
+----------+----------------+-----------------+----------+----------------+
| G16(0.0) | 0.144444444444 | 0.937591776799  | 0.5      | 0.298449612403 |
+----------+----------------+-----------------+----------+----------------+
| G16(1.0) | 0.855555555556 | 0.0624082232012 | 0.5      | 0.701550387597 |
+----------+----------------+-----------------+----------+----------------+
+----------+-----------------+-----------------+-----------------+----------------+
| G33      | G33(0.0)        | G33(0.0)        | G33(1.0)        | G33(1.0)       |
+----------+-----------------+-----------------+-----------------+----------------+
| G9       | G9(0.0)         | G9(1.0)         | G9(0.0)         | G9(1.0)        |
+----------+-----------------+-----------------+-----------------+----------------+
| G15(0.0) | 0.0757575757576 | 0.0873925501433 | 0.0436241610738 | 0.591185410334 |
+----------+-----------------+-----------------+-----------------+----------------+
| G15(1.0) | 0.924242424242  | 0.912607449857  | 0.956375838926  | 0.408814589666 |
+----------+-----------------+-----------------+-----------------+----------------+
+----------+-----------------+-----------------+-----------------+----------------+
| G2       | G2(0.0)         | G2(0.0)         | G2(1.0)         | G2(1.0)        |
+----------+-----------------+-----------------+-----------------+----------------+
| G69      | G69(0.0)        | G69(1.0)        | G69(0.0)        | G69(1.0)       |
+----------+-----------------+-----------------+-----------------+----------------+
| G14(0.0) | 0.944444444444  | 0.0500725689405 | 0.0862068965517 | 0.273195876289 |
+----------+-----------------+-----------------+-----------------+----------------+
| G14(1.0) | 0.0555555555556 | 0.94992743106   | 0.913793103448  | 0.726804123711 |
+----------+-----------------+-----------------+-----------------+----------------+
+----------+-----------------+-----------------+
| G96      | G96(0.0)        | G96(1.0)        |
+----------+-----------------+-----------------+
| G13(0.0) | 0.944444444444  | 0.0792207792208 |
+----------+-----------------+-----------------+
| G13(1.0) | 0.0555555555556 | 0.920779220779  |
+----------+-----------------+-----------------+
+----------+-----------------+-----------------+----------------+----------------+
| G32      | G32(0.0)        | G32(0.0)        | G32(1.0)       | G32(1.0)       |
+----------+-----------------+-----------------+----------------+----------------+
| G9       | G9(0.0)         | G9(1.0)         | G9(0.0)        | G9(1.0)        |
+----------+-----------------+-----------------+----------------+----------------+
| G12(0.0) | 0.0555555555556 | 0.0360623781676 | 0.806569343066 | 0.209090909091 |
+----------+-----------------+-----------------+----------------+----------------+
| G12(1.0) | 0.944444444444  | 0.963937621832  | 0.193430656934 | 0.790909090909 |
+----------+-----------------+-----------------+----------------+----------------+
+----------+----------------+----------------+-----------------+----------------+
| G38      | G38(0.0)       | G38(0.0)       | G38(1.0)        | G38(1.0)       |
+----------+----------------+----------------+-----------------+----------------+
| G54      | G54(0.0)       | G54(1.0)       | G54(0.0)        | G54(1.0)       |
+----------+----------------+----------------+-----------------+----------------+
| G11(0.0) | 0.716216216216 | 0.049114331723 | 0.956140350877  | 0.431034482759 |
+----------+----------------+----------------+-----------------+----------------+
| G11(1.0) | 0.283783783784 | 0.950885668277 | 0.0438596491228 | 0.568965517241 |
+----------+----------------+----------------+-----------------+----------------+
+----------+----------------+----------------+----------------+-----------------+
| G12      | G12(0.0)       | G12(0.0)       | G12(1.0)       | G12(1.0)        |
+----------+----------------+----------------+----------------+-----------------+
| G54      | G54(0.0)       | G54(1.0)       | G54(0.0)       | G54(1.0)        |
+----------+----------------+----------------+----------------+-----------------+
| G10(0.0) | 0.811688311688 | 0.207865168539 | 0.147058823529 | 0.0096011816839 |
+----------+----------------+----------------+----------------+-----------------+
| G10(1.0) | 0.188311688312 | 0.792134831461 | 0.852941176471 | 0.990398818316  |
+----------+----------------+----------------+----------------+-----------------+
+----------+-----------------+------------------+-----------------+-----------------+
| G62      | G62(0.0)        | G62(0.0)         | G62(1.0)        | G62(1.0)        |
+----------+-----------------+------------------+-----------------+-----------------+
| G83      | G83(0.0)        | G83(1.0)         | G83(0.0)        | G83(1.0)        |
+----------+-----------------+------------------+-----------------+-----------------+
| G97(0.0) | 0.0789473684211 | 0.00593824228029 | 0.932432432432  | 0.0092936802974 |
+----------+-----------------+------------------+-----------------+-----------------+
| G97(1.0) | 0.921052631579  | 0.99406175772    | 0.0675675675676 | 0.990706319703  |
+----------+-----------------+------------------+-----------------+-----------------+
+----------+----------+-----------------+----------+------------------+
| G22      | G22(0.0) | G22(0.0)        | G22(1.0) | G22(1.0)         |
+----------+----------+-----------------+----------+------------------+
| G92      | G92(0.0) | G92(1.0)        | G92(0.0) | G92(1.0)         |
+----------+----------+-----------------+----------+------------------+
| G96(0.0) | 0.5      | 0.944444444444  | 0.5      | 0.00344827586207 |
+----------+----------+-----------------+----------+------------------+
| G96(1.0) | 0.5      | 0.0555555555556 | 0.5      | 0.996551724138   |
+----------+----------+-----------------+----------+------------------+
+----------+-----------------+----------+-----------------+----------------+
| G97      | G97(0.0)        | G97(0.0) | G97(1.0)        | G97(1.0)       |
+----------+-----------------+----------+-----------------+----------------+
| G98      | G98(0.0)        | G98(1.0) | G98(0.0)        | G98(1.0)       |
+----------+-----------------+----------+-----------------+----------------+
| G95(0.0) | 0.0555555555556 | 0.5      | 0.996285289747  | 0.543795620438 |
+----------+-----------------+----------+-----------------+----------------+
| G95(1.0) | 0.944444444444  | 0.5      | 0.0037147102526 | 0.456204379562 |
+----------+-----------------+----------+-----------------+----------------+
+----------+---+
| G94(0.0) | 1 |
+----------+---+
+----------+----------------+----------------+------------------+-----------------+
| G43      | G43(0.0)       | G43(0.0)       | G43(1.0)         | G43(1.0)        |
+----------+----------------+----------------+------------------+-----------------+
| G85      | G85(0.0)       | G85(1.0)       | G85(0.0)         | G85(1.0)        |
+----------+----------------+----------------+------------------+-----------------+
| G93(0.0) | 0.898671096346 | 0.233333333333 | 0.994172494172   | 0.970588235294  |
+----------+----------------+----------------+------------------+-----------------+
| G93(1.0) | 0.101328903654 | 0.766666666667 | 0.00582750582751 | 0.0294117647059 |
+----------+----------------+----------------+------------------+-----------------+
+----------+----------------+-----------------+---------------+------------------+
| G42      | G42(0.0)       | G42(0.0)        | G42(1.0)      | G42(1.0)         |
+----------+----------------+-----------------+---------------+------------------+
| G74      | G74(0.0)       | G74(1.0)        | G74(0.0)      | G74(1.0)         |
+----------+----------------+-----------------+---------------+------------------+
| G92(0.0) | 0.722222222222 | 0.939024390244  | 0.31954887218 | 0.00369276218612 |
+----------+----------------+-----------------+---------------+------------------+
| G92(1.0) | 0.277777777778 | 0.0609756097561 | 0.68045112782 | 0.996307237814   |
+----------+----------------+-----------------+---------------+------------------+
+----------+-----------------+----------------+----------------+----------------+
| G40      | G40(0.0)        | G40(0.0)       | G40(1.0)       | G40(1.0)       |
+----------+-----------------+----------------+----------------+----------------+
| G90      | G90(0.0)        | G90(1.0)       | G90(0.0)       | G90(1.0)       |
+----------+-----------------+----------------+----------------+----------------+
| G91(0.0) | 0.0207667731629 | 0.743902439024 | 0.163430420712 | 0.763959390863 |
+----------+-----------------+----------------+----------------+----------------+
| G91(1.0) | 0.979233226837  | 0.256097560976 | 0.836569579288 | 0.236040609137 |
+----------+-----------------+----------------+----------------+----------------+
+----------+----------------+-----------------+----------+----------------+
| G38      | G38(0.0)       | G38(0.0)        | G38(1.0) | G38(1.0)       |
+----------+----------------+-----------------+----------+----------------+
| G88      | G88(0.0)       | G88(1.0)        | G88(0.0) | G88(1.0)       |
+----------+----------------+-----------------+----------+----------------+
| G90(0.0) | 0.363247863248 | 0.980591497227  | 0.5      | 0.236040609137 |
+----------+----------------+-----------------+----------+----------------+
| G90(1.0) | 0.636752136752 | 0.0194085027726 | 0.5      | 0.763959390863 |
+----------+----------------+-----------------+----------+----------------+
+----------+----------------+-----------------+
| G54      | G54(0.0)       | G54(1.0)        |
+----------+----------------+-----------------+
| G99(0.0) | 0.734042553191 | 0.0117493472585 |
+----------+----------------+-----------------+
| G99(1.0) | 0.265957446809 | 0.988250652742  |
+----------+----------------+-----------------+
+----------+-----------------+----------------+
| G69      | G69(0.0)        | G69(1.0)       |
+----------+-----------------+----------------+
| G98(0.0) | 0.932432432432  | 0.825699745547 |
+----------+-----------------+----------------+
| G98(1.0) | 0.0675675675676 | 0.174300254453 |
+----------+-----------------+----------------+
+----------+----------------+-----------------+----------------+----------+
| G48      | G48(0.0)       | G48(0.0)        | G48(1.0)       | G48(1.0) |
+----------+----------------+-----------------+----------------+----------+
| G55      | G55(0.0)       | G55(1.0)        | G55(0.0)       | G55(1.0) |
+----------+----------------+-----------------+----------------+----------+
| G31(0.0) | 0.281990521327 | 0.98275862069   | 0.885964912281 | 0.42     |
+----------+----------------+-----------------+----------------+----------+
| G31(1.0) | 0.718009478673 | 0.0172413793103 | 0.114035087719 | 0.58     |
+----------+----------------+-----------------+----------------+----------+
+----------+-----------------+-----------------+---------------+----------------+
| G29      | G29(0.0)        | G29(0.0)        | G29(1.0)      | G29(1.0)       |
+----------+-----------------+-----------------+---------------+----------------+
| G53      | G53(0.0)        | G53(1.0)        | G53(0.0)      | G53(1.0)       |
+----------+-----------------+-----------------+---------------+----------------+
| G30(0.0) | 0.0837104072398 | 0.0619047619048 | 0.15811965812 | 0.773381294964 |
+----------+-----------------+-----------------+---------------+----------------+
| G30(1.0) | 0.91628959276   | 0.938095238095  | 0.84188034188 | 0.226618705036 |
+----------+-----------------+-----------------+---------------+----------------+
+----------+-----------------+----------------+-----------------+----------------+
| G29      | G29(0.0)        | G29(0.0)       | G29(1.0)        | G29(1.0)       |
+----------+-----------------+----------------+-----------------+----------------+
| G53      | G53(0.0)        | G53(1.0)       | G53(0.0)        | G53(1.0)       |
+----------+-----------------+----------------+-----------------+----------------+
| G33(0.0) | 0.0475113122172 | 0.442857142857 | 0.0555555555556 | 0.763788968825 |
+----------+-----------------+----------------+-----------------+----------------+
| G33(1.0) | 0.952488687783  | 0.557142857143 | 0.944444444444  | 0.236211031175 |
+----------+-----------------+----------------+-----------------+----------------+
+----------+----------------+-----------------+
| G29      | G29(0.0)       | G29(1.0)        |
+----------+----------------+-----------------+
| G32(0.0) | 0.236196319018 | 0.90074906367   |
+----------+----------------+-----------------+
| G32(1.0) | 0.763803680982 | 0.0992509363296 |
+----------+----------------+-----------------+
+----------+----------------+------------------+
| G66      | G66(0.0)       | G66(1.0)         |
+----------+----------------+------------------+
| G35(0.0) | 0.844827586207 | 0.993765586035   |
+----------+----------------+------------------+
| G35(1.0) | 0.155172413793 | 0.00623441396509 |
+----------+----------------+------------------+
+----------+----------------+-----------------+-----------------+----------+
| G2       | G2(0.0)        | G2(0.0)         | G2(1.0)         | G2(1.0)  |
+----------+----------------+-----------------+-----------------+----------+
| G26      | G26(0.0)       | G26(1.0)        | G26(0.0)        | G26(1.0) |
+----------+----------------+-----------------+-----------------+----------+
| G34(0.0) | 0.797397769517 | 0.968817204301  | 0.0409836065574 | 0.9      |
+----------+----------------+-----------------+-----------------+----------+
| G34(1.0) | 0.202602230483 | 0.0311827956989 | 0.959016393443  | 0.1      |
+----------+----------------+-----------------+-----------------+----------+
+----------+----------+----------------+-----------------+----------------+
| G33      | G33(0.0) | G33(0.0)       | G33(1.0)        | G33(1.0)       |
+----------+----------+----------------+-----------------+----------------+
| G67      | G67(0.0) | G67(1.0)       | G67(0.0)        | G67(1.0)       |
+----------+----------+----------------+-----------------+----------------+
| G37(0.0) | 0.5      | 0.770557029178 | 0.0766423357664 | 0.300586510264 |
+----------+----------+----------------+-----------------+----------------+
| G37(1.0) | 0.5      | 0.229442970822 | 0.923357664234  | 0.699413489736 |
+----------+----------+----------------+-----------------+----------------+
+----------+---------------+-----------------+----------------+-----------------+
| G32      | G32(0.0)      | G32(0.0)        | G32(1.0)       | G32(1.0)        |
+----------+---------------+-----------------+----------------+-----------------+
| G37      | G37(0.0)      | G37(1.0)        | G37(0.0)       | G37(1.0)        |
+----------+---------------+-----------------+----------------+-----------------+
| G36(0.0) | 0.36119873817 | 0.973029045643  | 0.657303370787 | 0.988262910798  |
+----------+---------------+-----------------+----------------+-----------------+
| G36(1.0) | 0.63880126183 | 0.0269709543568 | 0.342696629213 | 0.0117370892019 |
+----------+---------------+-----------------+----------------+-----------------+
+----------+----------------+----------------+----------------+-----------------+
| G41      | G41(0.0)       | G41(0.0)       | G41(1.0)       | G41(1.0)        |
+----------+----------------+----------------+----------------+-----------------+
| G92      | G92(0.0)       | G92(1.0)       | G92(0.0)       | G92(1.0)        |
+----------+----------------+----------------+----------------+-----------------+
| G39(0.0) | 0.192307692308 | 0.715053763441 | 0.344155844156 | 0.0568685376662 |
+----------+----------------+----------------+----------------+-----------------+
| G39(1.0) | 0.807692307692 | 0.284946236559 | 0.655844155844 | 0.943131462334  |
+----------+----------------+----------------+----------------+-----------------+
+----------+----------------+----------------+-----------------+-----------------+
| G48      | G48(0.0)       | G48(0.0)       | G48(1.0)        | G48(1.0)        |
+----------+----------------+----------------+-----------------+-----------------+
| G99      | G99(0.0)       | G99(1.0)       | G99(0.0)        | G99(1.0)        |
+----------+----------------+----------------+-----------------+-----------------+
| G38(0.0) | 0.439393939394 | 0.857046979866 | 0.0555555555556 | 0.0675675675676 |
+----------+----------------+----------------+-----------------+-----------------+
| G38(1.0) | 0.560606060606 | 0.142953020134 | 0.944444444444  | 0.932432432432  |
+----------+----------------+----------------+-----------------+-----------------+
+----------+----------------+----------------+
| G68      | G68(0.0)       | G68(1.0)       |
+----------+----------------+----------------+
| G84(0.0) | 0.388888888889 | 0.218644067797 |
+----------+----------------+----------------+
| G84(1.0) | 0.611111111111 | 0.781355932203 |
+----------+----------------+----------------+
+----------+----------+-----------------+-----------------+-----------------+
| G42      | G42(0.0) | G42(0.0)        | G42(1.0)        | G42(1.0)        |
+----------+----------+-----------------+-----------------+-----------------+
| G73      | G73(0.0) | G73(1.0)        | G73(0.0)        | G73(1.0)        |
+----------+----------+-----------------+-----------------+-----------------+
| G85(0.0) | 0.5      | 0.0555555555556 | 0.0555555555556 | 0.944444444444  |
+----------+----------+-----------------+-----------------+-----------------+
| G85(1.0) | 0.5      | 0.944444444444  | 0.944444444444  | 0.0555555555556 |
+----------+----------+-----------------+-----------------+-----------------+
+----------+----------------+----------+----------------+-----------------+
| G54      | G54(0.0)       | G54(0.0) | G54(1.0)       | G54(1.0)        |
+----------+----------------+----------+----------------+-----------------+
| G67      | G67(0.0)       | G67(1.0) | G67(0.0)       | G67(1.0)        |
+----------+----------------+----------+----------------+-----------------+
| G86(0.0) | 0.036231884058 | 0.1      | 0.582191780822 | 0.921356421356  |
+----------+----------------+----------+----------------+-----------------+
| G86(1.0) | 0.963768115942 | 0.9      | 0.417808219178 | 0.0786435786436 |
+----------+----------------+----------+----------------+-----------------+
+----------+----------------+-----------------+----------------+----------------+
| G2       | G2(0.0)        | G2(0.0)         | G2(1.0)        | G2(1.0)        |
+----------+----------------+-----------------+----------------+----------------+
| G6       | G6(0.0)        | G6(1.0)         | G6(0.0)        | G6(1.0)        |
+----------+----------------+-----------------+----------------+----------------+
| G87(0.0) | 0.271144278607 | 0.0497185741088 | 0.863636363636 | 0.132653061224 |
+----------+----------------+-----------------+----------------+----------------+
| G87(1.0) | 0.728855721393 | 0.950281425891  | 0.136363636364 | 0.867346938776 |
+----------+----------------+-----------------+----------------+----------------+
+----------+-----------------+----------------+----------------+---------------+
| G29      | G29(0.0)        | G29(0.0)       | G29(1.0)       | G29(1.0)      |
+----------+-----------------+----------------+----------------+---------------+
| G91      | G91(0.0)        | G91(1.0)       | G91(0.0)       | G91(1.0)      |
+----------+-----------------+----------------+----------------+---------------+
| G80(0.0) | 0.0789473684211 | 0.862694300518 | 0.480952380952 | 0.63986013986 |
+----------+-----------------+----------------+----------------+---------------+
| G80(1.0) | 0.921052631579  | 0.137305699482 | 0.519047619048 | 0.36013986014 |
+----------+-----------------+----------------+----------------+---------------+
+----------+----------------+---------------+-----------------+----------------+
| G10      | G10(0.0)       | G10(0.0)      | G10(1.0)        | G10(1.0)       |
+----------+----------------+---------------+-----------------+----------------+
| G85      | G85(0.0)       | G85(1.0)      | G85(0.0)        | G85(1.0)       |
+----------+----------------+---------------+-----------------+----------------+
| G81(0.0) | 0.184210526316 | 0.80303030303 | 0.0037147102526 | 0.149484536082 |
+----------+----------------+---------------+-----------------+----------------+
| G81(1.0) | 0.815789473684 | 0.19696969697 | 0.996285289747  | 0.850515463918 |
+----------+----------------+---------------+-----------------+----------------+
+----------+-----------+
| G82(0.0) | 0.983721  |
+----------+-----------+
| G82(1.0) | 0.0162791 |
+----------+-----------+
+----------+----------------+----------------+----------------+------------------+
| G69      | G69(0.0)       | G69(0.0)       | G69(1.0)       | G69(1.0)         |
+----------+----------------+----------------+----------------+------------------+
| G9       | G9(0.0)        | G9(1.0)        | G9(0.0)        | G9(1.0)          |
+----------+----------------+----------------+----------------+------------------+
| G83(0.0) | 0.277777777778 | 0.653846153846 | 0.708092485549 | 0.00407830342577 |
+----------+----------------+----------------+----------------+------------------+
| G83(1.0) | 0.722222222222 | 0.346153846154 | 0.291907514451 | 0.995921696574   |
+----------+----------------+----------------+----------------+------------------+
+----------+----------------+-----------------+----------------+----------------+
| G36      | G36(0.0)       | G36(0.0)        | G36(1.0)       | G36(1.0)       |
+----------+----------------+-----------------+----------------+----------------+
| G6       | G6(0.0)        | G6(1.0)         | G6(0.0)        | G6(1.0)        |
+----------+----------------+-----------------+----------------+----------------+
| G88(0.0) | 0.168122270742 | 0.0167095115681 | 0.785714285714 | 0.199481865285 |
+----------+----------------+-----------------+----------------+----------------+
| G88(1.0) | 0.831877729258 | 0.983290488432  | 0.214285714286 | 0.800518134715 |
+----------+----------------+-----------------+----------------+----------------+
+----------+-----------------+----------------+----------------+-----------------+
| G20      | G20(0.0)        | G20(0.0)       | G20(1.0)       | G20(1.0)        |
+----------+-----------------+----------------+----------------+-----------------+
| G6       | G6(0.0)         | G6(1.0)        | G6(0.0)        | G6(1.0)         |
+----------+-----------------+----------------+----------------+-----------------+
| G89(0.0) | 0.970588235294  | 0.451951951952 | 0.883419689119 | 0.0903614457831 |
+----------+-----------------+----------------+----------------+-----------------+
| G89(1.0) | 0.0294117647059 | 0.548048048048 | 0.116580310881 | 0.909638554217  |
+----------+-----------------+----------------+----------------+-----------------+
