[('G26', 'G38'), ('G27', 'G35'), ('G27', 'G64'), ('G25', 'G20'), ('G22', 'G87'), ('G22', 'G36'), ('G23', 'G69'), ('G23', 'G50'), ('G23', 'G58'), ('G23', 'G43'), ('G29', 'G48'), ('G29', 'G57'), ('G29', 'G45'), ('G5', 'G66'), ('G5', 'G36'), ('G2', 'G26'), ('G2', 'G96'), ('G2', 'G51'), ('G2', 'G65'), ('G1', 'G33'), ('G9', 'G34'), ('G9', 'G2'), ('G9', 'G76'), ('G9', 'G55'), ('G9', 'G16'), ('G9', 'G23'), ('G9', 'G13'), ('G9', 'G12'), ('G9', 'G10'), ('G8', 'G62'), ('G8', 'G77'), ('G53', 'G51'), ('G53', 'G65'), ('G53', 'G18'), ('G51', 'G31'), ('G51', 'G1'), ('G51', 'G28'), ('G51', 'G8'), ('G51', 'G52'), ('G51', 'G63'), ('G50', 'G8'), ('G57', 'G22'), ('G57', 'G85'), ('G57', 'G50'), ('G57', 'G55'), ('G57', 'G47'), ('G57', 'G66'), ('G56', 'G94'), ('G55', 'G21'), ('G54', 'G17'), ('G54', 'G87'), ('G58', 'G80'), ('G41', 'G58'), ('G41', 'G35'), ('G41', 'G92'), ('G42', 'G7'), ('G42', 'G5'), ('G42', 'G91'), ('G42', 'G61'), ('G42', 'G13'), ('G42', 'G10'), ('G43', 'G40'), ('G43', 'G86'), ('G45', 'G49'), ('G45', 'G47'), ('G46', 'G42'), ('G46', 'G32'), ('G46', 'G11'), ('G49', 'G16'), ('G49', 'G18'), ('G75', 'G26'), ('G75', 'G4'), ('G75', 'G76'), ('G75', 'G82'), ('G75', 'G54'), ('G75', 'G78'), ('G77', 'G6'), ('G76', 'G41'), ('G76', 'G15'), ('G71', 'G74'), ('G71', 'G81'), ('G71', 'G99'), ('G70', 'G43'), ('G73', 'G46'), ('G72', 'G75'), ('G72', 'G53'), ('G72', 'G15'), ('G72', 'G68'), ('G72', 'G62'), ('G79', 'G30'), ('G79', 'G24'), ('G79', 'G20'), ('G79', 'G21'), ('G79', 'G89'), ('G79', 'G84'), ('G79', 'G69'), ('G79', 'G92'), ('G79', 'G73'), ('G79', 'G90'), ('G79', 'G12'), ('G78', 'G48'), ('G68', 'G100'), ('G68', 'G71'), ('G68', 'G2'), ('G62', 'G6'), ('G62', 'G3'), ('G62', 'G83'), ('G60', 'G25'), ('G61', 'G29'), ('G66', 'G63'), ('G67', 'G31'), ('G67', 'G97'), ('G67', 'G60'), ('G67', 'G79'), ('G67', 'G42'), ('G64', 'G7'), ('G64', 'G94'), ('G100', 'G71'), ('G18', 'G77'), ('G18', 'G25'), ('G17', 'G96'), ('G17', 'G95'), ('G17', 'G93'), ('G17', 'G64'), ('G13', 'G24'), ('G13', 'G90'), ('G13', 'G22'), ('G13', 'G45'), ('G13', 'G72'), ('G12', 'G84'), ('G12', 'G85'), ('G11', 'G49'), ('G11', 'G54'), ('G11', 'G23'), ('G11', 'G83'), ('G92', 'G70'), ('G92', 'G98'), ('G91', 'G28'), ('G91', 'G70'), ('G91', 'G82'), ('G90', 'G19'), ('G99', 'G3'), ('G98', 'G40'), ('G98', 'G34'), ('G98', 'G53'), ('G98', 'G57'), ('G98', 'G61'), ('G98', 'G88'), ('G31', 'G30'), ('G31', 'G88'), ('G30', 'G11'), ('G32', 'G41'), ('G32', 'G9'), ('G35', 'G19'), ('G34', 'G14'), ('G34', 'G29'), ('G37', 'G1'), ('G38', 'G80'), ('G38', 'G56'), ('G84', 'G72'), ('G84', 'G98'), ('G86', 'G52'), ('G87', 'G27'), ('G87', 'G37'), ('G87', 'G38'), ('G87', 'G56'), ('G87', 'G17'), ('G87', 'G14'), ('G80', 'G89'), ('G80', 'G78'), ('G81', 'G75'), ('G83', 'G39'), ('G83', 'G5'), ('G83', 'G4'), ('G83', 'G91'), ('G83', 'G37'), ('G88', 'G86')]
+----------+----------------+----------------+----------------+-----------------+
| G2       | G2(0.0)        | G2(0.0)        | G2(1.0)        | G2(1.0)         |
+----------+----------------+----------------+----------------+-----------------+
| G75      | G75(0.0)       | G75(1.0)       | G75(0.0)       | G75(1.0)        |
+----------+----------------+----------------+----------------+-----------------+
| G26(0.0) | 0.681818181818 | 0.300664451827 | 0.588888888889 | 0.0966735966736 |
+----------+----------------+----------------+----------------+-----------------+
| G26(1.0) | 0.318181818182 | 0.699335548173 | 0.411111111111 | 0.903326403326  |
+----------+----------------+----------------+----------------+-----------------+
+----------+----------------+----------------+
| G87      | G87(0.0)       | G87(1.0)       |
+----------+----------------+----------------+
| G27(0.0) | 0.236507936508 | 0.665217391304 |
+----------+----------------+----------------+
| G27(1.0) | 0.763492063492 | 0.334782608696 |
+----------+----------------+----------------+
+----------+----------------+----------------+----------------+----------------+
| G13      | G13(0.0)       | G13(0.0)       | G13(1.0)       | G13(1.0)       |
+----------+----------------+----------------+----------------+----------------+
| G79      | G79(0.0)       | G79(1.0)       | G79(0.0)       | G79(1.0)       |
+----------+----------------+----------------+----------------+----------------+
| G24(0.0) | 0.453488372093 | 0.129179331307 | 0.112403100775 | 0.712454212454 |
+----------+----------------+----------------+----------------+----------------+
| G24(1.0) | 0.546511627907 | 0.870820668693 | 0.887596899225 | 0.287545787546 |
+----------+----------------+----------------+----------------+----------------+
+----------+-----------------+-----------------+-----------------+-----------------+
| G18      | G18(0.0)        | G18(0.0)        | G18(1.0)        | G18(1.0)        |
+----------+-----------------+-----------------+-----------------+-----------------+
| G60      | G60(0.0)        | G60(1.0)        | G60(0.0)        | G60(1.0)        |
+----------+-----------------+-----------------+-----------------+-----------------+
| G25(0.0) | 0.0609756097561 | 0.0939086294416 | 0.944444444444  | 0.0320623916811 |
+----------+-----------------+-----------------+-----------------+-----------------+
| G25(1.0) | 0.939024390244  | 0.906091370558  | 0.0555555555556 | 0.967937608319  |
+----------+-----------------+-----------------+-----------------+-----------------+
+----------+----------------+----------------+----------------+-----------------+
| G13      | G13(0.0)       | G13(0.0)       | G13(1.0)       | G13(1.0)        |
+----------+----------------+----------------+----------------+-----------------+
| G57      | G57(0.0)       | G57(1.0)       | G57(0.0)       | G57(1.0)        |
+----------+----------------+----------------+----------------+-----------------+
| G22(0.0) | 0.898950131234 | 0.396103896104 | 0.190607734807 | 0.0475113122172 |
+----------+----------------+----------------+----------------+-----------------+
| G22(1.0) | 0.101049868766 | 0.603896103896 | 0.809392265193 | 0.952488687783  |
+----------+----------------+----------------+----------------+-----------------+
+----------+----------------+----------------+-----------------+-----------------+
| G11      | G11(0.0)       | G11(0.0)       | G11(1.0)        | G11(1.0)        |
+----------+----------------+----------------+-----------------+-----------------+
| G9       | G9(0.0)        | G9(1.0)        | G9(0.0)         | G9(1.0)         |
+----------+----------------+----------------+-----------------+-----------------+
| G23(0.0) | 0.841463414634 | 0.801886792453 | 0.969135802469  | 0.0153284671533 |
+----------+----------------+----------------+-----------------+-----------------+
| G23(1.0) | 0.158536585366 | 0.198113207547 | 0.0308641975309 | 0.984671532847  |
+----------+----------------+----------------+-----------------+-----------------+
+----------+----------------+---------------+----------------+-----------------+
| G25      | G25(0.0)       | G25(0.0)      | G25(1.0)       | G25(1.0)        |
+----------+----------------+---------------+----------------+-----------------+
| G79      | G79(0.0)       | G79(1.0)      | G79(0.0)       | G79(1.0)        |
+----------+----------------+---------------+----------------+-----------------+
| G20(0.0) | 0.785714285714 | 0.19696969697 | 0.394736842105 | 0.0676625659051 |
+----------+----------------+---------------+----------------+-----------------+
| G20(1.0) | 0.214285714286 | 0.80303030303 | 0.605263157895 | 0.932337434095  |
+----------+----------------+---------------+----------------+-----------------+
+----------+----------+----------------+----------------+----------------+
| G55      | G55(0.0) | G55(0.0)       | G55(1.0)       | G55(1.0)       |
+----------+----------+----------------+----------------+----------------+
| G79      | G79(0.0) | G79(1.0)       | G79(0.0)       | G79(1.0)       |
+----------+----------+----------------+----------------+----------------+
| G21(0.0) | 0.1      | 0.152173913043 | 0.282383419689 | 0.770168855535 |
+----------+----------+----------------+----------------+----------------+
| G21(1.0) | 0.9      | 0.847826086957 | 0.717616580311 | 0.229831144465 |
+----------+----------+----------------+----------------+----------------+
+----------+-----------------+----------------+----------------+----------------+
| G51      | G51(0.0)        | G51(0.0)       | G51(1.0)       | G51(1.0)       |
+----------+-----------------+----------------+----------------+----------------+
| G91      | G91(0.0)        | G91(1.0)       | G91(0.0)       | G91(1.0)       |
+----------+-----------------+----------------+----------------+----------------+
| G28(0.0) | 0.0555555555556 | 0.276146788991 | 0.377551020408 | 0.518099547511 |
+----------+-----------------+----------------+----------------+----------------+
| G28(1.0) | 0.944444444444  | 0.723853211009 | 0.622448979592 | 0.481900452489 |
+----------+-----------------+----------------+----------------+----------------+
+----------+------------------+-----------------+----------------+----------------+
| G34      | G34(0.0)         | G34(0.0)        | G34(1.0)       | G34(1.0)       |
+----------+------------------+-----------------+----------------+----------------+
| G61      | G61(0.0)         | G61(1.0)        | G61(0.0)       | G61(1.0)       |
+----------+------------------+-----------------+----------------+----------------+
| G29(0.0) | 0.993368700265   | 0.0862068965517 | 0.751889168766 | 0.114035087719 |
+----------+------------------+-----------------+----------------+----------------+
| G29(1.0) | 0.00663129973475 | 0.913793103448  | 0.248110831234 | 0.885964912281 |
+----------+------------------+-----------------+----------------+----------------+
+---------+----------------+----------------+----------+----------------+
| G42     | G42(0.0)       | G42(0.0)       | G42(1.0) | G42(1.0)       |
+---------+----------------+----------------+----------+----------------+
| G64     | G64(0.0)       | G64(1.0)       | G64(0.0) | G64(1.0)       |
+---------+----------------+----------------+----------+----------------+
| G7(0.0) | 0.519047619048 | 0.138190954774 | 0.5      | 0.431034482759 |
+---------+----------------+----------------+----------+----------------+
| G7(1.0) | 0.480952380952 | 0.861809045226 | 0.5      | 0.568965517241 |
+---------+----------------+----------------+----------+----------------+
+---------+-----------------+----------------+----------------+----------------+
| G62     | G62(0.0)        | G62(0.0)       | G62(1.0)       | G62(1.0)       |
+---------+-----------------+----------------+----------------+----------------+
| G77     | G77(0.0)        | G77(1.0)       | G77(0.0)       | G77(1.0)       |
+---------+-----------------+----------------+----------------+----------------+
| G6(0.0) | 0.0819209039548 | 0.016693163752 | 0.824324324324 | 0.147058823529 |
+---------+-----------------+----------------+----------------+----------------+
| G6(1.0) | 0.918079096045  | 0.983306836248 | 0.175675675676 | 0.852941176471 |
+---------+-----------------+----------------+----------------+----------------+
+---------+----------------+-----------------+-----------------+----------------+
| G42     | G42(0.0)       | G42(0.0)        | G42(1.0)        | G42(1.0)       |
+---------+----------------+-----------------+-----------------+----------------+
| G83     | G83(0.0)       | G83(1.0)        | G83(0.0)        | G83(1.0)       |
+---------+----------------+-----------------+-----------------+----------------+
| G5(0.0) | 0.311764705882 | 0.944084278768  | 0.0555555555556 | 0.340707964602 |
+---------+----------------+-----------------+-----------------+----------------+
| G5(1.0) | 0.688235294118 | 0.0559157212318 | 0.944444444444  | 0.659292035398 |
+---------+----------------+-----------------+-----------------+----------------+
+---------+----------------+----------------+----------------+----------------+
| G75     | G75(0.0)       | G75(0.0)       | G75(1.0)       | G75(1.0)       |
+---------+----------------+----------------+----------------+----------------+
| G83     | G83(0.0)       | G83(1.0)       | G83(0.0)       | G83(1.0)       |
+---------+----------------+----------------+----------------+----------------+
| G4(0.0) | 0.722222222222 | 0.847826086957 | 0.714876033058 | 0.100605143722 |
+---------+----------------+----------------+----------------+----------------+
| G4(1.0) | 0.277777777778 | 0.152173913043 | 0.285123966942 | 0.899394856278 |
+---------+----------------+----------------+----------------+----------------+
+---------+-----------------+----------------+----------------+----------+
| G62     | G62(0.0)        | G62(0.0)       | G62(1.0)       | G62(1.0) |
+---------+-----------------+----------------+----------------+----------+
| G99     | G99(0.0)        | G99(1.0)       | G99(0.0)       | G99(1.0) |
+---------+-----------------+----------------+----------------+----------+
| G3(0.0) | 0.0133757961783 | 0.309523809524 | 0.704081632653 | 0.5      |
+---------+-----------------+----------------+----------------+----------+
| G3(1.0) | 0.986624203822  | 0.690476190476 | 0.295918367347 | 0.5      |
+---------+-----------------+----------------+----------------+----------+
+---------+-----------------+----------------+----------+-----------------+
| G68     | G68(0.0)        | G68(0.0)       | G68(1.0) | G68(1.0)        |
+---------+-----------------+----------------+----------+-----------------+
| G9      | G9(0.0)         | G9(1.0)        | G9(0.0)  | G9(1.0)         |
+---------+-----------------+----------------+----------+-----------------+
| G2(0.0) | 0.0555555555556 | 0.404208998549 | 0.5      | 0.948979591837  |
+---------+-----------------+----------------+----------+-----------------+
| G2(1.0) | 0.944444444444  | 0.595791001451 | 0.5      | 0.0510204081633 |
+---------+-----------------+----------------+----------+-----------------+
+---------+----------------+-----------------+----------------+----------------+
| G37     | G37(0.0)       | G37(0.0)        | G37(1.0)       | G37(1.0)       |
+---------+----------------+-----------------+----------------+----------------+
| G51     | G51(0.0)       | G51(1.0)        | G51(0.0)       | G51(1.0)       |
+---------+----------------+-----------------+----------------+----------------+
| G1(0.0) | 0.123529411765 | 0.939024390244  | 0.250495049505 | 0.482532751092 |
+---------+----------------+-----------------+----------------+----------------+
| G1(1.0) | 0.876470588235 | 0.0609756097561 | 0.749504950495 | 0.517467248908 |
+---------+----------------+-----------------+----------------+----------------+
+---------+-----------------+----------------+
| G32     | G32(0.0)        | G32(1.0)       |
+---------+-----------------+----------------+
| G9(0.0) | 0.0365853658537 | 0.184039087948 |
+---------+-----------------+----------------+
| G9(1.0) | 0.963414634146  | 0.815960912052 |
+---------+-----------------+----------------+
+---------+----------------+----------------+----------------+----------------+
| G50     | G50(0.0)       | G50(0.0)       | G50(1.0)       | G50(1.0)       |
+---------+----------------+----------------+----------------+----------------+
| G51     | G51(0.0)       | G51(1.0)       | G51(0.0)       | G51(1.0)       |
+---------+----------------+----------------+----------------+----------------+
| G8(0.0) | 0.199115044248 | 0.746575342466 | 0.038784067086 | 0.337563451777 |
+---------+----------------+----------------+----------------+----------------+
| G8(1.0) | 0.800884955752 | 0.253424657534 | 0.961215932914 | 0.662436548223 |
+---------+----------------+----------------+----------------+----------------+
+----------+-----------------+----------------+----------+-----------------+
| G72      | G72(0.0)        | G72(0.0)       | G72(1.0) | G72(1.0)        |
+----------+-----------------+----------------+----------+-----------------+
| G98      | G98(0.0)        | G98(1.0)       | G98(0.0) | G98(1.0)        |
+----------+-----------------+----------------+----------+-----------------+
| G53(0.0) | 0.0555555555556 | 0.014450867052 | 0.82     | 0.0357833655706 |
+----------+-----------------+----------------+----------+-----------------+
| G53(1.0) | 0.944444444444  | 0.985549132948 | 0.18     | 0.964216634429  |
+----------+-----------------+----------------+----------+-----------------+
+----------+----------------+-----------------+----------------+----------------+
| G51      | G51(0.0)       | G51(0.0)        | G51(1.0)       | G51(1.0)       |
+----------+----------------+-----------------+----------------+----------------+
| G86      | G86(0.0)       | G86(1.0)        | G86(0.0)       | G86(1.0)       |
+----------+----------------+-----------------+----------------+----------------+
| G52(0.0) | 0.106557377049 | 0.0274102079395 | 0.765486725664 | 0.143312101911 |
+----------+----------------+-----------------+----------------+----------------+
| G52(1.0) | 0.893442622951 | 0.97258979206   | 0.234513274336 | 0.856687898089 |
+----------+----------------+-----------------+----------------+----------------+
+----------+----------------+-----------------+-----------------+----------------+
| G2       | G2(0.0)        | G2(0.0)         | G2(1.0)         | G2(1.0)        |
+----------+----------------+-----------------+-----------------+----------------+
| G53      | G53(0.0)       | G53(1.0)        | G53(0.0)        | G53(1.0)       |
+----------+----------------+-----------------+-----------------+----------------+
| G51(0.0) | 0.214285714286 | 0.977192982456  | 0.0844155844156 | 0.655902004454 |
+----------+----------------+-----------------+-----------------+----------------+
| G51(1.0) | 0.785714285714 | 0.0228070175439 | 0.915584415584  | 0.344097995546 |
+----------+----------------+-----------------+-----------------+----------------+
+----------+----------------+----------------+-----------------+----------------+
| G23      | G23(0.0)       | G23(0.0)       | G23(1.0)        | G23(1.0)       |
+----------+----------------+----------------+-----------------+----------------+
| G57      | G57(0.0)       | G57(1.0)       | G57(0.0)        | G57(1.0)       |
+----------+----------------+----------------+-----------------+----------------+
| G50(0.0) | 0.155913978495 | 0.856164383562 | 0.0565031982942 | 0.366666666667 |
+----------+----------------+----------------+-----------------+----------------+
| G50(1.0) | 0.844086021505 | 0.143835616438 | 0.943496801706  | 0.633333333333 |
+----------+----------------+----------------+-----------------+----------------+
+----------+----------+-----------------+-----------------+-----------------+
| G29      | G29(0.0) | G29(0.0)        | G29(1.0)        | G29(1.0)        |
+----------+----------+-----------------+-----------------+-----------------+
| G98      | G98(0.0) | G98(1.0)        | G98(0.0)        | G98(1.0)        |
+----------+----------+-----------------+-----------------+-----------------+
| G57(0.0) | 0.372    | 0.90933572711   | 0.0555555555556 | 0.0488721804511 |
+----------+----------+-----------------+-----------------+-----------------+
| G57(1.0) | 0.628    | 0.0906642728905 | 0.944444444444  | 0.951127819549  |
+----------+----------+-----------------+-----------------+-----------------+
+----------+-----------------+----------------+----------------+----------------+
| G38      | G38(0.0)        | G38(0.0)       | G38(1.0)       | G38(1.0)       |
+----------+-----------------+----------------+----------------+----------------+
| G87      | G87(0.0)        | G87(1.0)       | G87(0.0)       | G87(1.0)       |
+----------+-----------------+----------------+----------------+----------------+
| G56(0.0) | 0.0555555555556 | 0.386524822695 | 0.722222222222 | 0.837078651685 |
+----------+-----------------+----------------+----------------+----------------+
| G56(1.0) | 0.944444444444  | 0.613475177305 | 0.277777777778 | 0.162921348315 |
+----------+-----------------+----------------+----------------+----------------+
+----------+-----------------+------------------+----------------+----------------+
| G57      | G57(0.0)        | G57(0.0)         | G57(1.0)       | G57(1.0)       |
+----------+-----------------+------------------+----------------+----------------+
| G9       | G9(0.0)         | G9(1.0)          | G9(0.0)        | G9(1.0)        |
+----------+-----------------+------------------+----------------+----------------+
| G55(0.0) | 0.0294117647059 | 0.00524109014675 | 0.824324324324 | 0.377394636015 |
+----------+-----------------+------------------+----------------+----------------+
| G55(1.0) | 0.970588235294  | 0.994758909853   | 0.175675675676 | 0.622605363985 |
+----------+-----------------+------------------+----------------+----------------+
+----------+----------------+-----------------+-----------------+----------------+
| G11      | G11(0.0)       | G11(0.0)        | G11(1.0)        | G11(1.0)       |
+----------+----------------+-----------------+-----------------+----------------+
| G75      | G75(0.0)       | G75(1.0)        | G75(0.0)        | G75(1.0)       |
+----------+----------------+-----------------+-----------------+----------------+
| G54(0.0) | 0.277777777778 | 0.0294117647059 | 0.905797101449  | 0.250358680057 |
+----------+----------------+-----------------+-----------------+----------------+
| G54(1.0) | 0.722222222222 | 0.970588235294  | 0.0942028985507 | 0.749641319943 |
+----------+----------------+-----------------+-----------------+----------------+
+----------+---+
| G59(0.0) | 1 |
+----------+---+
+----------+-----------------+----------------+----------------+-----------------+
| G23      | G23(0.0)        | G23(0.0)       | G23(1.0)       | G23(1.0)        |
+----------+-----------------+----------------+----------------+-----------------+
| G41      | G41(0.0)        | G41(1.0)       | G41(0.0)       | G41(1.0)        |
+----------+-----------------+----------------+----------------+-----------------+
| G58(0.0) | 0.944444444444  | 0.351239669421 | 0.588888888889 | 0.98998459168   |
+----------+-----------------+----------------+----------------+-----------------+
| G58(1.0) | 0.0555555555556 | 0.648760330579 | 0.411111111111 | 0.0100154083205 |
+----------+-----------------+----------------+----------------+-----------------+
+----------+----------------+-----------------+----------------+----------------+
| G43      | G43(0.0)       | G43(0.0)        | G43(1.0)       | G43(1.0)       |
+----------+----------------+-----------------+----------------+----------------+
| G98      | G98(0.0)       | G98(1.0)        | G98(0.0)       | G98(1.0)       |
+----------+----------------+-----------------+----------------+----------------+
| G40(0.0) | 0.963768115942 | 0.948979591837  | 0.816831683168 | 0.259750390016 |
+----------+----------------+-----------------+----------------+----------------+
| G40(1.0) | 0.036231884058 | 0.0510204081633 | 0.183168316832 | 0.740249609984 |
+----------+----------------+-----------------+----------------+----------------+
+----------+-----------------+----------------+------------------+-----------------+
| G32      | G32(0.0)        | G32(0.0)       | G32(1.0)         | G32(1.0)        |
+----------+-----------------+----------------+------------------+-----------------+
| G76      | G76(0.0)        | G76(1.0)       | G76(0.0)         | G76(1.0)        |
+----------+-----------------+----------------+------------------+-----------------+
| G41(0.0) | 0.0111111111111 | 0.690476190476 | 0.00462107208872 | 0.965753424658  |
+----------+-----------------+----------------+------------------+-----------------+
| G41(1.0) | 0.988888888889  | 0.309523809524 | 0.995378927911   | 0.0342465753425 |
+----------+-----------------+----------------+------------------+-----------------+
+----------+-----------------+----------+-----------------+-----------------+
| G46      | G46(0.0)        | G46(0.0) | G46(1.0)        | G46(1.0)        |
+----------+-----------------+----------+-----------------+-----------------+
| G67      | G67(0.0)        | G67(1.0) | G67(0.0)        | G67(1.0)        |
+----------+-----------------+----------+-----------------+-----------------+
| G42(0.0) | 0.0555555555556 | 0.5      | 0.952413793103  | 0.0764705882353 |
+----------+-----------------+----------+-----------------+-----------------+
| G42(1.0) | 0.944444444444  | 0.5      | 0.0475862068966 | 0.923529411765  |
+----------+-----------------+----------+-----------------+-----------------+
+----------+----------------+-----------------+------------------+-----------------+
| G23      | G23(0.0)       | G23(0.0)        | G23(1.0)         | G23(1.0)        |
+----------+----------------+-----------------+------------------+-----------------+
| G70      | G70(0.0)       | G70(1.0)        | G70(0.0)         | G70(1.0)        |
+----------+----------------+-----------------+------------------+-----------------+
| G43(0.0) | 0.222627737226 | 0.0862068965517 | 0.00410509031199 | 0.970588235294  |
+----------+----------------+-----------------+------------------+-----------------+
| G43(1.0) | 0.777372262774 | 0.913793103448  | 0.995894909688   | 0.0294117647059 |
+----------+----------------+-----------------+------------------+-----------------+
+----------+---+
| G44(0.0) | 1 |
+----------+---+
+----------+-----------------+-----------------+-----------------+----------------+
| G13      | G13(0.0)        | G13(0.0)        | G13(1.0)        | G13(1.0)       |
+----------+-----------------+-----------------+-----------------+----------------+
| G29      | G29(0.0)        | G29(1.0)        | G29(0.0)        | G29(1.0)       |
+----------+-----------------+-----------------+-----------------+----------------+
| G45(0.0) | 0.975524475524  | 0.913793103448  | 0.942687747036  | 0.231543624161 |
+----------+-----------------+-----------------+-----------------+----------------+
| G45(1.0) | 0.0244755244755 | 0.0862068965517 | 0.0573122529644 | 0.768456375839 |
+----------+-----------------+-----------------+-----------------+----------------+
+----------+-----------------+----------------+
| G73      | G73(0.0)        | G73(1.0)       |
+----------+-----------------+----------------+
| G46(0.0) | 0.0100401606426 | 0.124309392265 |
+----------+-----------------+----------------+
| G46(1.0) | 0.989959839357  | 0.875690607735 |
+----------+-----------------+----------------+
+----------+-----------------+---------------+----------------+-----------------+
| G45      | G45(0.0)        | G45(0.0)      | G45(1.0)       | G45(1.0)        |
+----------+-----------------+---------------+----------------+-----------------+
| G57      | G57(0.0)        | G57(1.0)      | G57(0.0)       | G57(1.0)        |
+----------+-----------------+---------------+----------------+-----------------+
| G47(0.0) | 0.0409836065574 | 0.46449704142 | 0.192307692308 | 0.949612403101  |
+----------+-----------------+---------------+----------------+-----------------+
| G47(1.0) | 0.959016393443  | 0.53550295858 | 0.807692307692 | 0.0503875968992 |
+----------+-----------------+---------------+----------------+-----------------+
+----------+-----------------+----------------+----------+----------------+
| G29      | G29(0.0)        | G29(0.0)       | G29(1.0) | G29(1.0)       |
+----------+-----------------+----------------+----------+----------------+
| G78      | G78(0.0)        | G78(1.0)       | G78(0.0) | G78(1.0)       |
+----------+-----------------+----------------+----------+----------------+
| G48(0.0) | 0.0668789808917 | 0.469523809524 | 0.5      | 0.846820809249 |
+----------+-----------------+----------------+----------+----------------+
| G48(1.0) | 0.933121019108  | 0.530476190476 | 0.5      | 0.153179190751 |
+----------+-----------------+----------------+----------+----------------+
+----------+----------------+----------------+-----------------+----------------+
| G11      | G11(0.0)       | G11(0.0)       | G11(1.0)        | G11(1.0)       |
+----------+----------------+----------------+-----------------+----------------+
| G45      | G45(0.0)       | G45(1.0)       | G45(0.0)        | G45(1.0)       |
+----------+----------------+----------------+-----------------+----------------+
| G49(0.0) | 0.745614035088 | 0.824324324324 | 0.0400907715582 | 0.557142857143 |
+----------+----------------+----------------+-----------------+----------------+
| G49(1.0) | 0.254385964912 | 0.175675675676 | 0.959909228442  | 0.442857142857 |
+----------+----------------+----------------+-----------------+----------------+
+----------+----------------+---------------+----------------+----------------+
| G72      | G72(0.0)       | G72(0.0)      | G72(1.0)       | G72(1.0)       |
+----------+----------------+---------------+----------------+----------------+
| G81      | G81(0.0)       | G81(1.0)      | G81(0.0)       | G81(1.0)       |
+----------+----------------+---------------+----------------+----------------+
| G75(0.0) | 0.824324324324 | 0.21270718232 | 0.192307692308 | 0.010333863275 |
+----------+----------------+---------------+----------------+----------------+
| G75(1.0) | 0.175675675676 | 0.78729281768 | 0.807692307692 | 0.989666136725 |
+----------+----------------+---------------+----------------+----------------+
+----------+---------------+------------------+
| G71      | G71(0.0)      | G71(1.0)         |
+----------+---------------+------------------+
| G74(0.0) | 0.54347826087 | 0.993857493857   |
+----------+---------------+------------------+
| G74(1.0) | 0.45652173913 | 0.00614250614251 |
+----------+---------------+------------------+
+----------+---------------+----------------+----------------+----------------+
| G18      | G18(0.0)      | G18(0.0)       | G18(1.0)       | G18(1.0)       |
+----------+---------------+----------------+----------------+----------------+
| G8       | G8(0.0)       | G8(1.0)        | G8(0.0)        | G8(1.0)        |
+----------+---------------+----------------+----------------+----------------+
| G77(0.0) | 0.19696969697 | 0.148780487805 | 0.577519379845 | 0.207910750507 |
+----------+---------------+----------------+----------------+----------------+
| G77(1.0) | 0.80303030303 | 0.851219512195 | 0.422480620155 | 0.792089249493 |
+----------+---------------+----------------+----------------+----------------+
+----------+----------------+----------------+---------------+------------------+
| G75      | G75(0.0)       | G75(0.0)       | G75(1.0)      | G75(1.0)         |
+----------+----------------+----------------+---------------+------------------+
| G9       | G9(0.0)        | G9(1.0)        | G9(0.0)       | G9(1.0)          |
+----------+----------------+----------------+---------------+------------------+
| G76(0.0) | 0.722222222222 | 0.384057971014 | 0.62389380531 | 0.990284005979   |
+----------+----------------+----------------+---------------+------------------+
| G76(1.0) | 0.277777777778 | 0.615942028986 | 0.37610619469 | 0.00971599402093 |
+----------+----------------+----------------+---------------+------------------+
+----------+-----------------+----------------+------------------+----------------+
| G100     | G100(0.0)       | G100(0.0)      | G100(1.0)        | G100(1.0)      |
+----------+-----------------+----------------+------------------+----------------+
| G68      | G68(0.0)        | G68(1.0)       | G68(0.0)         | G68(1.0)       |
+----------+-----------------+----------------+------------------+----------------+
| G71(0.0) | 0.0336787564767 | 0.824324324324 | 0.00407830342577 | 0.382352941176 |
+----------+-----------------+----------------+------------------+----------------+
| G71(1.0) | 0.966321243523  | 0.175675675676 | 0.995921696574   | 0.617647058824 |
+----------+-----------------+----------------+------------------+----------------+
+----------+----------------+----------------+----------+------------------+
| G91      | G91(0.0)       | G91(0.0)       | G91(1.0) | G91(1.0)         |
+----------+----------------+----------------+----------+------------------+
| G92      | G92(0.0)       | G92(1.0)       | G92(0.0) | G92(1.0)         |
+----------+----------------+----------------+----------+------------------+
| G70(0.0) | 0.277777777778 | 0.217647058824 | 0.5      | 0.996371552975   |
+----------+----------------+----------------+----------+------------------+
| G70(1.0) | 0.722222222222 | 0.782352941176 | 0.5      | 0.00362844702467 |
+----------+----------------+----------------+----------+------------------+
+----------+-----------------+----------------+
| G79      | G79(0.0)        | G79(1.0)       |
+----------+-----------------+----------------+
| G73(0.0) | 0.903100775194  | 0.440199335548 |
+----------+-----------------+----------------+
| G73(1.0) | 0.0968992248062 | 0.559800664452 |
+----------+-----------------+----------------+
+----------+----------------+-----------------+----------------+-----------------+
| G13      | G13(0.0)       | G13(0.0)        | G13(1.0)       | G13(1.0)        |
+----------+----------------+-----------------+----------------+-----------------+
| G84      | G84(0.0)       | G84(1.0)        | G84(0.0)       | G84(1.0)        |
+----------+----------------+-----------------+----------------+-----------------+
| G72(0.0) | 0.271883289125 | 0.969135802469  | 0.095567867036 | 0.0609756097561 |
+----------+----------------+-----------------+----------------+-----------------+
| G72(1.0) | 0.728116710875 | 0.0308641975309 | 0.904432132964 | 0.939024390244  |
+----------+----------------+-----------------+----------------+-----------------+
+----------+----------------+-----------------+
| G67      | G67(0.0)       | G67(1.0)        |
+----------+----------------+-----------------+
| G79(0.0) | 0.224675324675 | 0.944444444444  |
+----------+----------------+-----------------+
| G79(1.0) | 0.775324675325 | 0.0555555555556 |
+----------+----------------+-----------------+
+----------+-----------------+----------------+---------------+-----------------+
| G75      | G75(0.0)        | G75(0.0)       | G75(1.0)      | G75(1.0)        |
+----------+-----------------+----------------+---------------+-----------------+
| G80      | G80(0.0)        | G80(1.0)       | G80(0.0)      | G80(1.0)        |
+----------+-----------------+----------------+---------------+-----------------+
| G78(0.0) | 0.913793103448  | 0.785714285714 | 0.56015037594 | 0.0346687211094 |
+----------+-----------------+----------------+---------------+-----------------+
| G78(1.0) | 0.0862068965517 | 0.214285714286 | 0.43984962406 | 0.965331278891  |
+----------+-----------------+----------------+---------------+-----------------+
+----------+----------------+------------------+
| G72      | G72(0.0)       | G72(1.0)         |
+----------+----------------+------------------+
| G68(0.0) | 0.775229357798 | 0.992211838006   |
+----------+----------------+------------------+
| G68(1.0) | 0.224770642202 | 0.00778816199377 |
+----------+----------------+------------------+
+----------+----------------+---------------+----------------+----------------+
| G23      | G23(0.0)       | G23(0.0)      | G23(1.0)       | G23(1.0)       |
+----------+----------------+---------------+----------------+----------------+
| G79      | G79(0.0)       | G79(1.0)      | G79(0.0)       | G79(1.0)       |
+----------+----------------+---------------+----------------+----------------+
| G69(0.0) | 0.214285714286 | 0.15811965812 | 0.700956937799 | 0.203092783505 |
+----------+----------------+---------------+----------------+----------------+
| G69(1.0) | 0.785714285714 | 0.84188034188 | 0.299043062201 | 0.796907216495 |
+----------+----------------+---------------+----------------+----------------+
+----------+----------------+-----------------+-----------------+-----------------+
| G72      | G72(0.0)       | G72(0.0)        | G72(1.0)        | G72(1.0)        |
+----------+----------------+-----------------+-----------------+-----------------+
| G8       | G8(0.0)        | G8(1.0)         | G8(0.0)         | G8(1.0)         |
+----------+----------------+-----------------+-----------------+-----------------+
| G62(0.0) | 0.132653061224 | 0.985207100592  | 0.977876106195  | 0.987712665406  |
+----------+----------------+-----------------+-----------------+-----------------+
| G62(1.0) | 0.867346938776 | 0.0147928994083 | 0.0221238938053 | 0.0122873345936 |
+----------+----------------+-----------------+-----------------+-----------------+
+----------+----------+----------------+----------------+----------------+
| G51      | G51(0.0) | G51(0.0)       | G51(1.0)       | G51(1.0)       |
+----------+----------+----------------+----------------+----------------+
| G66      | G66(0.0) | G66(1.0)       | G66(0.0)       | G66(1.0)       |
+----------+----------+----------------+----------------+----------------+
| G63(0.0) | 0.5      | 0.134719710669 | 0.856164383562 | 0.296954314721 |
+----------+----------+----------------+----------------+----------------+
| G63(1.0) | 0.5      | 0.865280289331 | 0.143835616438 | 0.703045685279 |
+----------+----------+----------------+----------------+----------------+
+----------+------------------+----------+
| G67      | G67(0.0)         | G67(1.0) |
+----------+------------------+----------+
| G60(0.0) | 0.00649350649351 | 0.9      |
+----------+------------------+----------+
| G60(1.0) | 0.993506493506   | 0.1      |
+----------+------------------+----------+
+----------+-----------------+-----------------+----------------+----------------+
| G42      | G42(0.0)        | G42(0.0)        | G42(1.0)       | G42(1.0)       |
+----------+-----------------+-----------------+----------------+----------------+
| G98      | G98(0.0)        | G98(1.0)        | G98(0.0)       | G98(1.0)       |
+----------+-----------------+-----------------+----------------+----------------+
| G61(0.0) | 0.975247524752  | 0.982529118136  | 0.963768115942 | 0.207865168539 |
+----------+-----------------+-----------------+----------------+----------------+
| G61(1.0) | 0.0247524752475 | 0.0174708818636 | 0.036231884058 | 0.792134831461 |
+----------+-----------------+-----------------+----------------+----------------+
+----------+-----------------+-----------------+----------------+-----------------+
| G5       | G5(0.0)         | G5(0.0)         | G5(1.0)        | G5(1.0)         |
+----------+-----------------+-----------------+----------------+-----------------+
| G57      | G57(0.0)        | G57(1.0)        | G57(0.0)       | G57(1.0)        |
+----------+-----------------+-----------------+----------------+-----------------+
| G66(0.0) | 0.0325842696629 | 0.0121951219512 | 0.773504273504 | 0.0268817204301 |
+----------+-----------------+-----------------+----------------+-----------------+
| G66(1.0) | 0.967415730337  | 0.987804878049  | 0.226495726496 | 0.97311827957   |
+----------+-----------------+-----------------+----------------+-----------------+
+----------+----------+
| G67(0.0) | 0.895349 |
+----------+----------+
| G67(1.0) | 0.104651 |
+----------+----------+
+----------+----------------+----------+----------------+-----------------+
| G17      | G17(0.0)       | G17(0.0) | G17(1.0)       | G17(1.0)        |
+----------+----------------+----------+----------------+-----------------+
| G27      | G27(0.0)       | G27(1.0) | G27(0.0)       | G27(1.0)        |
+----------+----------------+----------+----------------+-----------------+
| G64(0.0) | 0.731884057971 | 0.5      | 0.216738197425 | 0.0262206148282 |
+----------+----------------+----------+----------------+-----------------+
| G64(1.0) | 0.268115942029 | 0.5      | 0.783261802575 | 0.973779385172  |
+----------+----------------+----------+----------------+-----------------+
+----------+----------------+----------------+-----------------+----------------+
| G2       | G2(0.0)        | G2(0.0)        | G2(1.0)         | G2(1.0)        |
+----------+----------------+----------------+-----------------+----------------+
| G53      | G53(0.0)       | G53(1.0)       | G53(0.0)        | G53(1.0)       |
+----------+----------------+----------------+-----------------+----------------+
| G65(0.0) | 0.214285714286 | 0.794736842105 | 0.0324675324675 | 0.513363028953 |
+----------+----------------+----------------+-----------------+----------------+
| G65(1.0) | 0.785714285714 | 0.205263157895 | 0.967532467532  | 0.486636971047 |
+----------+----------------+----------------+-----------------+----------------+
+-----------+----------------+----------------+
| G68       | G68(0.0)       | G68(1.0)       |
+-----------+----------------+----------------+
| G100(0.0) | 0.239454094293 | 0.685185185185 |
+-----------+----------------+----------------+
| G100(1.0) | 0.760545905707 | 0.314814814815 |
+-----------+----------------+----------------+
+----------+----------------+-----------------+-----------------+----------------+
| G35      | G35(0.0)       | G35(0.0)        | G35(1.0)        | G35(1.0)       |
+----------+----------------+-----------------+-----------------+----------------+
| G90      | G90(0.0)       | G90(1.0)        | G90(0.0)        | G90(1.0)       |
+----------+----------------+-----------------+-----------------+----------------+
| G19(0.0) | 0.766666666667 | 0.0612009237875 | 0.967532467532  | 0.296721311475 |
+----------+----------------+-----------------+-----------------+----------------+
| G19(1.0) | 0.233333333333 | 0.938799076212  | 0.0324675324675 | 0.703278688525 |
+----------+----------------+-----------------+-----------------+----------------+
+----------+----------------+-----------------+----------------+----------------+
| G49      | G49(0.0)       | G49(0.0)        | G49(1.0)       | G49(1.0)       |
+----------+----------------+-----------------+----------------+----------------+
| G53      | G53(0.0)       | G53(1.0)        | G53(0.0)       | G53(1.0)       |
+----------+----------------+-----------------+----------------+----------------+
| G18(0.0) | 0.852941176471 | 0.0460992907801 | 0.793577981651 | 0.220067453626 |
+----------+----------------+-----------------+----------------+----------------+
| G18(1.0) | 0.147058823529 | 0.95390070922   | 0.206422018349 | 0.779932546374 |
+----------+----------------+-----------------+----------------+----------------+
+----------+-----------------+----------------+-----------------+-----------------+
| G54      | G54(0.0)        | G54(0.0)       | G54(1.0)        | G54(1.0)        |
+----------+-----------------+----------------+-----------------+-----------------+
| G87      | G87(0.0)        | G87(1.0)       | G87(0.0)        | G87(1.0)        |
+----------+-----------------+----------------+-----------------+-----------------+
| G17(0.0) | 0.0238095238095 | 0.456204379562 | 0.0047619047619 | 0.0698924731183 |
+----------+-----------------+----------------+-----------------+-----------------+
| G17(1.0) | 0.97619047619   | 0.543795620438 | 0.995238095238  | 0.930107526882  |
+----------+-----------------+----------------+-----------------+-----------------+
+----------+----------------+-----------------+-----------------+----------------+
| G49      | G49(0.0)       | G49(0.0)        | G49(1.0)        | G49(1.0)       |
+----------+----------------+-----------------+-----------------+----------------+
| G9       | G9(0.0)        | G9(1.0)         | G9(0.0)         | G9(1.0)        |
+----------+----------------+-----------------+-----------------+----------------+
| G16(0.0) | 0.175675675676 | 0.0537190082645 | 0.923529411765  | 0.276337115073 |
+----------+----------------+-----------------+-----------------+----------------+
| G16(1.0) | 0.824324324324 | 0.946280991736  | 0.0764705882353 | 0.723662884927 |
+----------+----------------+-----------------+-----------------+----------------+
+----------+----------------+----------------+----------------+-----------------+
| G72      | G72(0.0)       | G72(0.0)       | G72(1.0)       | G72(1.0)        |
+----------+----------------+----------------+----------------+-----------------+
| G76      | G76(0.0)       | G76(1.0)       | G76(0.0)       | G76(1.0)        |
+----------+----------------+----------------+----------------+-----------------+
| G15(0.0) | 0.257575757576 | 0.122641509434 | 0.769550748752 | 0.0609756097561 |
+----------+----------------+----------------+----------------+-----------------+
| G15(1.0) | 0.742424242424 | 0.877358490566 | 0.230449251248 | 0.939024390244  |
+----------+----------------+----------------+----------------+-----------------+
+----------+----------------+----------------+---------------+----------------+
| G34      | G34(0.0)       | G34(0.0)       | G34(1.0)      | G34(1.0)       |
+----------+----------------+----------------+---------------+----------------+
| G87      | G87(0.0)       | G87(1.0)       | G87(0.0)      | G87(1.0)       |
+----------+----------------+----------------+---------------+----------------+
| G14(0.0) | 0.233905579399 | 0.777456647399 | 0.18765743073 | 0.535087719298 |
+----------+----------------+----------------+---------------+----------------+
| G14(1.0) | 0.766094420601 | 0.222543352601 | 0.81234256927 | 0.464912280702 |
+----------+----------------+----------------+---------------+----------------+
+----------+----------------+----------------+-----------------+-----------------+
| G42      | G42(0.0)       | G42(0.0)       | G42(1.0)        | G42(1.0)        |
+----------+----------------+----------------+-----------------+-----------------+
| G9       | G9(0.0)        | G9(1.0)        | G9(0.0)         | G9(1.0)         |
+----------+----------------+----------------+-----------------+-----------------+
| G13(0.0) | 0.198924731183 | 0.700328407225 | 0.0862068965517 | 0.0813953488372 |
+----------+----------------+----------------+-----------------+-----------------+
| G13(1.0) | 0.801075268817 | 0.299671592775 | 0.913793103448  | 0.918604651163  |
+----------+----------------+----------------+-----------------+-----------------+
+----------+----------------+----------------+----------------+----------------+
| G79      | G79(0.0)       | G79(0.0)       | G79(1.0)       | G79(1.0)       |
+----------+----------------+----------------+----------------+----------------+
| G9       | G9(0.0)        | G9(1.0)        | G9(0.0)        | G9(1.0)        |
+----------+----------------+----------------+----------------+----------------+
| G12(0.0) | 0.144444444444 | 0.518779342723 | 0.188311688312 | 0.865714285714 |
+----------+----------------+----------------+----------------+----------------+
| G12(1.0) | 0.855555555556 | 0.481220657277 | 0.811688311688 | 0.134285714286 |
+----------+----------------+----------------+----------------+----------------+
+----------+-----------------+-----------------+----------+----------------+
| G30      | G30(0.0)        | G30(0.0)        | G30(1.0) | G30(1.0)       |
+----------+-----------------+-----------------+----------+----------------+
| G46      | G46(0.0)        | G46(1.0)        | G46(0.0) | G46(1.0)       |
+----------+-----------------+-----------------+----------+----------------+
| G11(0.0) | 0.944444444444  | 0.0197817189632 | 0.5      | 0.448051948052 |
+----------+-----------------+-----------------+----------+----------------+
| G11(1.0) | 0.0555555555556 | 0.980218281037  | 0.5      | 0.551948051948 |
+----------+-----------------+-----------------+----------+----------------+
+----------+-----------------+----------------+-----------------+-----------------+
| G42      | G42(0.0)        | G42(0.0)       | G42(1.0)        | G42(1.0)        |
+----------+-----------------+----------------+-----------------+-----------------+
| G9       | G9(0.0)         | G9(1.0)        | G9(0.0)         | G9(1.0)         |
+----------+-----------------+----------------+-----------------+-----------------+
| G10(0.0) | 0.0698924731183 | 0.522988505747 | 0.0862068965517 | 0.980620155039  |
+----------+-----------------+----------------+-----------------+-----------------+
| G10(1.0) | 0.930107526882  | 0.477011494253 | 0.913793103448  | 0.0193798449612 |
+----------+-----------------+----------------+-----------------+-----------------+
+----------+----------------+----------------+
| G67      | G67(0.0)       | G67(1.0)       |
+----------+----------------+----------------+
| G97(0.0) | 0.292207792208 | 0.544444444444 |
+----------+----------------+----------------+
| G97(1.0) | 0.707792207792 | 0.455555555556 |
+----------+----------------+----------------+
+----------+----------------+----------------+----------------+----------------+
| G17      | G17(0.0)       | G17(0.0)       | G17(1.0)       | G17(1.0)       |
+----------+----------------+----------------+----------------+----------------+
| G2       | G2(0.0)        | G2(1.0)        | G2(0.0)        | G2(1.0)        |
+----------+----------------+----------------+----------------+----------------+
| G96(0.0) | 0.766666666667 | 0.362068965517 | 0.354671280277 | 0.270623742455 |
+----------+----------------+----------------+----------------+----------------+
| G96(1.0) | 0.233333333333 | 0.637931034483 | 0.645328719723 | 0.729376257545 |
+----------+----------------+----------------+----------------+----------------+
+----------+----------------+-----------------+
| G17      | G17(0.0)       | G17(1.0)        |
+----------+----------------+-----------------+
| G95(0.0) | 0.878378378378 | 0.988549618321  |
+----------+----------------+-----------------+
| G95(1.0) | 0.121621621622 | 0.0114503816794 |
+----------+----------------+-----------------+
+----------+----------------+----------------+-----------------+-----------------+
| G56      | G56(0.0)       | G56(0.0)       | G56(1.0)        | G56(1.0)        |
+----------+----------------+----------------+-----------------+-----------------+
| G64      | G64(0.0)       | G64(1.0)       | G64(0.0)        | G64(1.0)        |
+----------+----------------+----------------+-----------------+-----------------+
| G94(0.0) | 0.731884057971 | 0.222772277228 | 0.0510204081633 | 0.0101404056162 |
+----------+----------------+----------------+-----------------+-----------------+
| G94(1.0) | 0.268115942029 | 0.777227722772 | 0.948979591837  | 0.989859594384  |
+----------+----------------+----------------+-----------------+-----------------+
+----------+----------------+------------------+
| G17      | G17(0.0)       | G17(1.0)         |
+----------+----------------+------------------+
| G93(0.0) | 0.824324324324 | 0.993638676845   |
+----------+----------------+------------------+
| G93(1.0) | 0.175675675676 | 0.00636132315522 |
+----------+----------------+------------------+
+----------+----------------+-----------------+-----------------+-----------------+
| G41      | G41(0.0)       | G41(0.0)        | G41(1.0)        | G41(1.0)        |
+----------+----------------+-----------------+-----------------+-----------------+
| G79      | G79(0.0)       | G79(1.0)        | G79(0.0)        | G79(1.0)        |
+----------+----------------+-----------------+-----------------+-----------------+
| G92(0.0) | 0.855555555556 | 0.0555555555556 | 0.0117370892019 | 0.0763016157989 |
+----------+----------------+-----------------+-----------------+-----------------+
| G92(1.0) | 0.144444444444 | 0.944444444444  | 0.988262910798  | 0.923698384201  |
+----------+----------------+-----------------+-----------------+-----------------+
+----------+-----------------+-----------------+-----------------+-----------------+
| G42      | G42(0.0)        | G42(0.0)        | G42(1.0)        | G42(1.0)        |
+----------+-----------------+-----------------+-----------------+-----------------+
| G83      | G83(0.0)        | G83(1.0)        | G83(0.0)        | G83(1.0)        |
+----------+-----------------+-----------------+-----------------+-----------------+
| G91(0.0) | 0.970588235294  | 0.0105348460292 | 0.0555555555556 | 0.0221238938053 |
+----------+-----------------+-----------------+-----------------+-----------------+
| G91(1.0) | 0.0294117647059 | 0.989465153971  | 0.944444444444  | 0.977876106195  |
+----------+-----------------+-----------------+-----------------+-----------------+
+----------+----------------+-----------------+----------------+------------------+
| G13      | G13(0.0)       | G13(0.0)        | G13(1.0)       | G13(1.0)         |
+----------+----------------+-----------------+----------------+------------------+
| G79      | G79(0.0)       | G79(1.0)        | G79(0.0)       | G79(1.0)         |
+----------+----------------+-----------------+----------------+------------------+
| G90(0.0) | 0.174418604651 | 0.0197568389058 | 0.701550387597 | 0.00915750915751 |
+----------+----------------+-----------------+----------------+------------------+
| G90(1.0) | 0.825581395349 | 0.980243161094  | 0.298449612403 | 0.990842490842   |
+----------+----------------+-----------------+----------------+------------------+
+----------+---------------+------------------+
| G71      | G71(0.0)      | G71(1.0)         |
+----------+---------------+------------------+
| G99(0.0) | 0.54347826087 | 0.993857493857   |
+----------+---------------+------------------+
| G99(1.0) | 0.45652173913 | 0.00614250614251 |
+----------+---------------+------------------+
+----------+----------------+-----------------+-----------------+-----------------+
| G84      | G84(0.0)       | G84(0.0)        | G84(1.0)        | G84(1.0)        |
+----------+----------------+-----------------+-----------------+-----------------+
| G92      | G92(0.0)       | G92(1.0)        | G92(0.0)        | G92(1.0)        |
+----------+----------------+-----------------+-----------------+-----------------+
| G98(0.0) | 0.855555555556 | 0.0728715728716 | 0.0609756097561 | 0.969135802469  |
+----------+----------------+-----------------+-----------------+-----------------+
| G98(1.0) | 0.144444444444 | 0.927128427128  | 0.939024390244  | 0.0308641975309 |
+----------+----------------+-----------------+-----------------+-----------------+
+----------+----------------+-----------------+----------------+-----------------+
| G51      | G51(0.0)       | G51(0.0)        | G51(1.0)       | G51(1.0)        |
+----------+----------------+-----------------+----------------+-----------------+
| G67      | G67(0.0)       | G67(1.0)        | G67(0.0)       | G67(1.0)        |
+----------+----------------+-----------------+----------------+-----------------+
| G31(0.0) | 0.795748613678 | 0.0510204081633 | 0.220524017467 | 0.0609756097561 |
+----------+----------------+-----------------+----------------+-----------------+
| G31(1.0) | 0.204251386322 | 0.948979591837  | 0.779475982533 | 0.939024390244  |
+----------+----------------+-----------------+----------------+-----------------+
+----------+---------------+------------------+-----------------+-----------------+
| G31      | G31(0.0)      | G31(0.0)         | G31(1.0)        | G31(1.0)        |
+----------+---------------+------------------+-----------------+-----------------+
| G79      | G79(0.0)      | G79(1.0)         | G79(0.0)        | G79(1.0)        |
+----------+---------------+------------------+-----------------+-----------------+
| G30(0.0) | 0.37610619469 | 0.993297587131   | 0.955172413793  | 0.989082969432  |
+----------+---------------+------------------+-----------------+-----------------+
| G30(1.0) | 0.62389380531 | 0.00670241286863 | 0.0448275862069 | 0.0109170305677 |
+----------+---------------+------------------+-----------------+-----------------+
+----------+----------------+----------------+
| G1       | G1(0.0)        | G1(1.0)        |
+----------+----------------+----------------+
| G33(0.0) | 0.367132867133 | 0.259581881533 |
+----------+----------------+----------------+
| G33(1.0) | 0.632867132867 | 0.740418118467 |
+----------+----------------+----------------+
+----------+----------+----------------+
| G46      | G46(0.0) | G46(1.0)       |
+----------+----------+----------------+
| G32(0.0) | 0.9      | 0.248148148148 |
+----------+----------+----------------+
| G32(1.0) | 0.1      | 0.751851851852 |
+----------+----------+----------------+
+----------+-----------------+---------------+-----------------+----------------+
| G27      | G27(0.0)        | G27(0.0)      | G27(1.0)        | G27(1.0)       |
+----------+-----------------+---------------+-----------------+----------------+
| G41      | G41(0.0)        | G41(1.0)      | G41(0.0)        | G41(1.0)       |
+----------+-----------------+---------------+-----------------+----------------+
| G35(0.0) | 0.0757575757576 | 0.85687732342 | 0.0438596491228 | 0.484031936128 |
+----------+-----------------+---------------+-----------------+----------------+
| G35(1.0) | 0.924242424242  | 0.14312267658 | 0.956140350877  | 0.515968063872 |
+----------+-----------------+---------------+-----------------+----------------+
+----------+----------------+-----------------+-----------------+----------------+
| G9       | G9(0.0)        | G9(0.0)         | G9(1.0)         | G9(1.0)        |
+----------+----------------+-----------------+-----------------+----------------+
| G98      | G98(0.0)       | G98(1.0)        | G98(0.0)        | G98(1.0)       |
+----------+----------------+-----------------+-----------------+----------------+
| G34(0.0) | 0.353658536585 | 0.0308641975309 | 0.0813953488372 | 0.621510673235 |
+----------+----------------+-----------------+-----------------+----------------+
| G34(1.0) | 0.646341463415 | 0.969135802469  | 0.918604651163  | 0.378489326765 |
+----------+----------------+-----------------+-----------------+----------------+
+----------+----------------+----------------+------------------+---------------+
| G83      | G83(0.0)       | G83(0.0)       | G83(1.0)         | G83(1.0)      |
+----------+----------------+----------------+------------------+---------------+
| G87      | G87(0.0)       | G87(1.0)       | G87(0.0)         | G87(1.0)      |
+----------+----------------+----------------+------------------+---------------+
| G37(0.0) | 0.612359550562 | 0.841463414634 | 0.00462107208872 | 0.18253968254 |
+----------+----------------+----------------+------------------+---------------+
| G37(1.0) | 0.387640449438 | 0.158536585366 | 0.995378927911   | 0.81746031746 |
+----------+----------------+----------------+------------------+---------------+
+----------+----------------+----------------+----------------+---------------+
| G22      | G22(0.0)       | G22(0.0)       | G22(1.0)       | G22(1.0)      |
+----------+----------------+----------------+----------------+---------------+
| G5       | G5(0.0)        | G5(1.0)        | G5(0.0)        | G5(1.0)       |
+----------+----------------+----------------+----------------+---------------+
| G36(0.0) | 0.876811594203 | 0.527397260274 | 0.113114754098 | 0.13503649635 |
+----------+----------------+----------------+----------------+---------------+
| G36(1.0) | 0.123188405797 | 0.472602739726 | 0.886885245902 | 0.86496350365 |
+----------+----------------+----------------+----------------+---------------+
+----------+----------------+-----------------+
| G83      | G83(0.0)       | G83(1.0)        |
+----------+----------------+-----------------+
| G39(0.0) | 0.715384615385 | 0.0123287671233 |
+----------+----------------+-----------------+
| G39(1.0) | 0.284615384615 | 0.987671232877  |
+----------+----------------+-----------------+
+----------+-----------------+----------------+-----------------+----------------+
| G26      | G26(0.0)        | G26(0.0)       | G26(1.0)        | G26(1.0)       |
+----------+-----------------+----------------+-----------------+----------------+
| G87      | G87(0.0)        | G87(1.0)       | G87(0.0)        | G87(1.0)       |
+----------+-----------------+----------------+-----------------+----------------+
| G38(0.0) | 0.975247524752  | 0.311764705882 | 0.987712665406  | 0.789655172414 |
+----------+-----------------+----------------+-----------------+----------------+
| G38(1.0) | 0.0247524752475 | 0.688235294118 | 0.0122873345936 | 0.210344827586 |
+----------+-----------------+----------------+-----------------+----------------+
+----------+---------------+------------------+----------------+----------------+
| G12      | G12(0.0)      | G12(0.0)         | G12(1.0)       | G12(1.0)       |
+----------+---------------+------------------+----------------+----------------+
| G79      | G79(0.0)      | G79(1.0)         | G79(0.0)       | G79(1.0)       |
+----------+---------------+------------------+----------------+----------------+
| G84(0.0) | 0.84188034188 | 0.994669509595   | 0.386524822695 | 0.890977443609 |
+----------+---------------+------------------+----------------+----------------+
| G84(1.0) | 0.15811965812 | 0.00533049040512 | 0.613475177305 | 0.109022556391 |
+----------+---------------+------------------+----------------+----------------+
+----------+----------------+----------+----------------+----------------+
| G12      | G12(0.0)       | G12(0.0) | G12(1.0)       | G12(1.0)       |
+----------+----------------+----------+----------------+----------------+
| G57      | G57(0.0)       | G57(1.0) | G57(0.0)       | G57(1.0)       |
+----------+----------------+----------+----------------+----------------+
| G85(0.0) | 0.016049382716 | 0.5      | 0.372611464968 | 0.773504273504 |
+----------+----------------+----------+----------------+----------------+
| G85(1.0) | 0.983950617284 | 0.5      | 0.627388535032 | 0.226495726496 |
+----------+----------------+----------+----------------+----------------+
+----------+----------------+----------------+-----------------+-----------------+
| G43      | G43(0.0)       | G43(0.0)       | G43(1.0)        | G43(1.0)        |
+----------+----------------+----------------+-----------------+-----------------+
| G88      | G88(0.0)       | G88(1.0)       | G88(0.0)        | G88(1.0)        |
+----------+----------------+----------------+-----------------+-----------------+
| G86(0.0) | 0.722222222222 | 0.536697247706 | 0.965753424658  | 0.0575485799701 |
+----------+----------------+----------------+-----------------+-----------------+
| G86(1.0) | 0.277777777778 | 0.463302752294 | 0.0342465753425 | 0.94245142003   |
+----------+----------------+----------------+-----------------+-----------------+
+----------+-----------------+----------------+-----------------+-----------------+
| G22      | G22(0.0)        | G22(0.0)       | G22(1.0)        | G22(1.0)        |
+----------+-----------------+----------------+-----------------+-----------------+
| G54      | G54(0.0)        | G54(1.0)       | G54(0.0)        | G54(1.0)        |
+----------+-----------------+----------------+-----------------+-----------------+
| G87(0.0) | 0.0973154362416 | 0.693308550186 | 0.97311827957   | 0.969914040115  |
+----------+-----------------+----------------+-----------------+-----------------+
| G87(1.0) | 0.902684563758  | 0.306691449814 | 0.0268817204301 | 0.0300859598854 |
+----------+-----------------+----------------+-----------------+-----------------+
+----------+-----------------+----------+----------------+----------------+
| G38      | G38(0.0)        | G38(0.0) | G38(1.0)       | G38(1.0)       |
+----------+-----------------+----------+----------------+----------------+
| G58      | G58(0.0)        | G58(1.0) | G58(0.0)       | G58(1.0)       |
+----------+-----------------+----------+----------------+----------------+
| G80(0.0) | 0.0509601181684 | 0.5      | 0.863636363636 | 0.880952380952 |
+----------+-----------------+----------+----------------+----------------+
| G80(1.0) | 0.949039881832  | 0.5      | 0.136363636364 | 0.119047619048 |
+----------+-----------------+----------+----------------+----------------+
+----------+----------------+-----------------+
| G71      | G71(0.0)       | G71(1.0)        |
+----------+----------------+-----------------+
| G81(0.0) | 0.717391304348 | 0.0208845208845 |
+----------+----------------+-----------------+
| G81(1.0) | 0.282608695652 | 0.979115479115  |
+----------+----------------+-----------------+
+----------+----------------+-----------------+----------------+----------------+
| G75      | G75(0.0)       | G75(0.0)        | G75(1.0)       | G75(1.0)       |
+----------+----------------+-----------------+----------------+----------------+
| G91      | G91(0.0)       | G91(1.0)        | G91(0.0)       | G91(1.0)       |
+----------+----------------+-----------------+----------------+----------------+
| G82(0.0) | 0.722222222222 | 0.905797101449  | 0.547058823529 | 0.152797704448 |
+----------+----------------+-----------------+----------------+----------------+
| G82(1.0) | 0.277777777778 | 0.0942028985507 | 0.452941176471 | 0.847202295552 |
+----------+----------------+-----------------+----------------+----------------+
+----------+-----------------+----------+------------------+----------------+
| G11      | G11(0.0)        | G11(0.0) | G11(1.0)         | G11(1.0)       |
+----------+-----------------+----------+------------------+----------------+
| G62      | G62(0.0)        | G62(1.0) | G62(0.0)         | G62(1.0)       |
+----------+-----------------+----------+------------------+----------------+
| G83(0.0) | 0.926966292135  | 0.5      | 0.00348675034868 | 0.867346938776 |
+----------+-----------------+----------+------------------+----------------+
| G83(1.0) | 0.0730337078652 | 0.5      | 0.996513249651   | 0.132653061224 |
+----------+-----------------+----------+------------------+----------------+
+----------+----------------+-----------------+----------+-----------------+
| G31      | G31(0.0)       | G31(0.0)        | G31(1.0) | G31(1.0)        |
+----------+----------------+-----------------+----------+-----------------+
| G98      | G98(0.0)       | G98(1.0)        | G98(0.0) | G98(1.0)        |
+----------+----------------+-----------------+----------+-----------------+
| G88(0.0) | 0.855555555556 | 0.0147392290249 | 0.18     | 0.0582329317269 |
+----------+----------------+-----------------+----------+-----------------+
| G88(1.0) | 0.144444444444 | 0.985260770975  | 0.82     | 0.941767068273  |
+----------+----------------+-----------------+----------+-----------------+
+----------+----------------+-----------------+-----------------+-----------------+
| G79      | G79(0.0)       | G79(0.0)        | G79(1.0)        | G79(1.0)        |
+----------+----------------+-----------------+-----------------+-----------------+
| G80      | G80(0.0)       | G80(1.0)        | G80(0.0)        | G80(1.0)        |
+----------+----------------+-----------------+-----------------+-----------------+
| G89(0.0) | 0.743902439024 | 0.970046082949  | 0.0537190082645 | 0.961538461538  |
+----------+----------------+-----------------+-----------------+-----------------+
| G89(1.0) | 0.256097560976 | 0.0299539170507 | 0.946280991736  | 0.0384615384615 |
+----------+----------------+-----------------+-----------------+-----------------+
