[('G27', 'G65'), ('G24', 'G96'), ('G24', 'G58'), ('G25', 'G33'), ('G22', 'G14'), ('G23', 'G40'), ('G23', 'G97'), ('G23', 'G71'), ('G20', 'G62'), ('G20', 'G30'), ('G21', 'G70'), ('G28', 'G17'), ('G28', 'G56'), ('G29', 'G28'), ('G29', 'G21'), ('G7', 'G84'), ('G7', 'G68'), ('G7', 'G91'), ('G4', 'G84'), ('G4', 'G2'), ('G4', 'G19'), ('G4', 'G29'), ('G3', 'G7'), ('G3', 'G1'), ('G3', 'G83'), ('G3', 'G71'), ('G3', 'G54'), ('G3', 'G16'), ('G2', 'G9'), ('G1', 'G85'), ('G1', 'G5'), ('G1', 'G4'), ('G1', 'G95'), ('G1', 'G8'), ('G51', 'G53'), ('G51', 'G26'), ('G51', 'G39'), ('G51', 'G67'), ('G50', 'G41'), ('G57', 'G52'), ('G57', 'G21'), ('G56', 'G87'), ('G56', 'G76'), ('G55', 'G59'), ('G55', 'G57'), ('G58', 'G34'), ('G40', 'G53'), ('G40', 'G27'), ('G40', 'G51'), ('G41', 'G25'), ('G42', 'G44'), ('G43', 'G90'), ('G43', 'G45'), ('G43', 'G46'), ('G43', 'G47'), ('G44', 'G93'), ('G44', 'G73'), ('G44', 'G47'), ('G45', 'G100'), ('G45', 'G30'), ('G45', 'G23'), ('G45', 'G68'), ('G45', 'G50'), ('G45', 'G90'), ('G46', 'G63'), ('G46', 'G20'), ('G47', 'G66'), ('G48', 'G6'), ('G49', 'G40'), ('G49', 'G85'), ('G75', 'G61'), ('G76', 'G16'), ('G71', 'G89'), ('G73', 'G74'), ('G73', 'G18'), ('G72', 'G86'), ('G79', 'G80'), ('G78', 'G27'), ('G78', 'G82'), ('G68', 'G11'), ('G68', 'G56'), ('G68', 'G55'), ('G63', 'G2'), ('G60', 'G81'), ('G60', 'G55'), ('G61', 'G54'), ('G66', 'G62'), ('G66', 'G34'), ('G67', 'G36'), ('G64', 'G51'), ('G100', 'G35'), ('G100', 'G37'), ('G19', 'G59'), ('G19', 'G76'), ('G19', 'G82'), ('G18', 'G7'), ('G18', 'G99'), ('G15', 'G39'), ('G15', 'G22'), ('G15', 'G88'), ('G15', 'G20'), ('G14', 'G49'), ('G14', 'G24'), ('G14', 'G32'), ('G14', 'G10'), ('G14', 'G72'), ('G13', 'G19'), ('G12', 'G41'), ('G12', 'G66'), ('G97', 'G94'), ('G97', 'G57'), ('G97', 'G98'), ('G97', 'G10'), ('G96', 'G5'), ('G96', 'G3'), ('G96', 'G36'), ('G96', 'G70'), ('G96', 'G83'), ('G96', 'G58'), ('G95', 'G64'), ('G94', 'G75'), ('G94', 'G49'), ('G94', 'G13'), ('G94', 'G78'), ('G94', 'G63'), ('G92', 'G75'), ('G92', 'G96'), ('G92', 'G15'), ('G92', 'G43'), ('G92', 'G72'), ('G90', 'G17'), ('G90', 'G91'), ('G99', 'G33'), ('G99', 'G14'), ('G99', 'G13'), ('G99', 'G92'), ('G99', 'G32'), ('G31', 'G69'), ('G31', 'G23'), ('G33', 'G87'), ('G33', 'G94'), ('G33', 'G11'), ('G32', 'G31'), ('G32', 'G64'), ('G34', 'G52'), ('G34', 'G50'), ('G34', 'G1'), ('G34', 'G29'), ('G37', 'G3'), ('G38', 'G24'), ('G38', 'G4'), ('G38', 'G9'), ('G38', 'G42'), ('G38', 'G43'), ('G38', 'G45'), ('G38', 'G73'), ('G38', 'G48'), ('G38', 'G60'), ('G38', 'G79'), ('G38', 'G15'), ('G84', 'G69'), ('G85', 'G89'), ('G86', 'G100'), ('G86', 'G31'), ('G86', 'G60'), ('G86', 'G12'), ('G87', 'G88'), ('G80', 'G92'), ('G80', 'G61'), ('G80', 'G12'), ('G80', 'G99'), ('G80', 'G78'), ('G82', 'G95'), ('G82', 'G46'), ('G83', 'G25'), ('G83', 'G8'), ('G88', 'G97'), ('G88', 'G67')]
+----------+----------------+-----------------+
| G51      | G51(0.0)       | G51(1.0)        |
+----------+----------------+-----------------+
| G26(0.0) | 0.716216216216 | 0.983460559796  |
+----------+----------------+-----------------+
| G26(1.0) | 0.283783783784 | 0.0165394402036 |
+----------+----------------+-----------------+
+----------+----------------+----------------+-----------------+----------------+
| G40      | G40(0.0)       | G40(0.0)       | G40(1.0)        | G40(1.0)       |
+----------+----------------+----------------+-----------------+----------------+
| G78      | G78(0.0)       | G78(1.0)       | G78(0.0)        | G78(1.0)       |
+----------+----------------+----------------+-----------------+----------------+
| G27(0.0) | 0.681818181818 | 0.696721311475 | 0.0414012738854 | 0.233990147783 |
+----------+----------------+----------------+-----------------+----------------+
| G27(1.0) | 0.318181818182 | 0.303278688525 | 0.958598726115  | 0.766009852217 |
+----------+----------------+----------------+-----------------+----------------+
+----------+-----------------+-----------------+----------------+---------------+
| G14      | G14(0.0)        | G14(0.0)        | G14(1.0)       | G14(1.0)      |
+----------+-----------------+-----------------+----------------+---------------+
| G38      | G38(0.0)        | G38(1.0)        | G38(0.0)       | G38(1.0)      |
+----------+-----------------+-----------------+----------------+---------------+
| G24(0.0) | 0.0555555555556 | 0.0117540687161 | 0.782352941176 | 0.30790960452 |
+----------+-----------------+-----------------+----------------+---------------+
| G24(1.0) | 0.944444444444  | 0.988245931284  | 0.217647058824 | 0.69209039548 |
+----------+-----------------+-----------------+----------------+---------------+
+----------+----------------+----------------+----------------+-----------------+
| G41      | G41(0.0)       | G41(0.0)       | G41(1.0)       | G41(1.0)        |
+----------+----------------+----------------+----------------+-----------------+
| G83      | G83(0.0)       | G83(1.0)       | G83(0.0)       | G83(1.0)        |
+----------+----------------+----------------+----------------+-----------------+
| G25(0.0) | 0.169064748201 | 0.766666666667 | 0.589965397924 | 0.977064220183  |
+----------+----------------+----------------+----------------+-----------------+
| G25(1.0) | 0.830935251799 | 0.233333333333 | 0.410034602076 | 0.0229357798165 |
+----------+----------------+----------------+----------------+-----------------+
+----------+----------------+----------------+
| G15      | G15(0.0)       | G15(1.0)       |
+----------+----------------+----------------+
| G22(0.0) | 0.266355140187 | 0.453560371517 |
+----------+----------------+----------------+
| G22(1.0) | 0.733644859813 | 0.546439628483 |
+----------+----------------+----------------+
+----------+----------------+----------------+-----------------+----------------+
| G31      | G31(0.0)       | G31(0.0)       | G31(1.0)        | G31(1.0)       |
+----------+----------------+----------------+-----------------+----------------+
| G45      | G45(0.0)       | G45(1.0)       | G45(0.0)        | G45(1.0)       |
+----------+----------------+----------------+-----------------+----------------+
| G23(0.0) | 0.119047619048 | 0.408713692946 | 0.0555555555556 | 0.870062370062 |
+----------+----------------+----------------+-----------------+----------------+
| G23(1.0) | 0.880952380952 | 0.591286307054 | 0.944444444444  | 0.129937629938 |
+----------+----------------+----------------+-----------------+----------------+
+----------+-----------------+----------------+-----------------+----------------+
| G15      | G15(0.0)        | G15(0.0)       | G15(1.0)        | G15(1.0)       |
+----------+-----------------+----------------+-----------------+----------------+
| G46      | G46(0.0)        | G46(1.0)       | G46(0.0)        | G46(1.0)       |
+----------+-----------------+----------------+-----------------+----------------+
| G20(0.0) | 0.0619047619048 | 0.793577981651 | 0.0115864527629 | 0.311764705882 |
+----------+-----------------+----------------+-----------------+----------------+
| G20(1.0) | 0.938095238095  | 0.206422018349 | 0.988413547237  | 0.688235294118 |
+----------+-----------------+----------------+-----------------+----------------+
+----------+----------------+----------------+----------------+-----------------+
| G29      | G29(0.0)       | G29(0.0)       | G29(1.0)       | G29(1.0)        |
+----------+----------------+----------------+----------------+-----------------+
| G57      | G57(0.0)       | G57(1.0)       | G57(0.0)       | G57(1.0)        |
+----------+----------------+----------------+----------------+-----------------+
| G21(0.0) | 0.190721649485 | 0.557142857143 | 0.800518134715 | 0.960215053763  |
+----------+----------------+----------------+----------------+-----------------+
| G21(1.0) | 0.809278350515 | 0.442857142857 | 0.199481865285 | 0.0397849462366 |
+----------+----------------+----------------+----------------+-----------------+
+----------+----------------+----------------+
| G29      | G29(0.0)       | G29(1.0)       |
+----------+----------------+----------------+
| G28(0.0) | 0.836633663366 | 0.287234042553 |
+----------+----------------+----------------+
| G28(1.0) | 0.163366336634 | 0.712765957447 |
+----------+----------------+----------------+
+----------+----------------+-----------------+-----------------+----------+
| G34      | G34(0.0)       | G34(0.0)        | G34(1.0)        | G34(1.0) |
+----------+----------------+-----------------+-----------------+----------+
| G4       | G4(0.0)        | G4(1.0)         | G4(0.0)         | G4(1.0)  |
+----------+----------------+-----------------+-----------------+----------+
| G29(0.0) | 0.384057971014 | 0.959016393443  | 0.0671902268761 | 0.5      |
+----------+----------------+-----------------+-----------------+----------+
| G29(1.0) | 0.615942028986 | 0.0409836065574 | 0.932809773124  | 0.5      |
+----------+----------------+-----------------+-----------------+----------+
+---------+----------------+-----------------+---------------+-----------------+
| G18     | G18(0.0)       | G18(0.0)        | G18(1.0)      | G18(1.0)        |
+---------+----------------+-----------------+---------------+-----------------+
| G3      | G3(0.0)        | G3(1.0)         | G3(0.0)       | G3(1.0)         |
+---------+----------------+-----------------+---------------+-----------------+
| G7(0.0) | 0.128318584071 | 0.0862068965517 | 0.37269681742 | 0.0537190082645 |
+---------+----------------+-----------------+---------------+-----------------+
| G7(1.0) | 0.871681415929 | 0.913793103448  | 0.62730318258 | 0.946280991736  |
+---------+----------------+-----------------+---------------+-----------------+
+---------+-----------------+----------------+
| G48     | G48(0.0)        | G48(1.0)       |
+---------+-----------------+----------------+
| G6(0.0) | 0.0671232876712 | 0.807692307692 |
+---------+-----------------+----------------+
| G6(1.0) | 0.932876712329  | 0.192307692308 |
+---------+-----------------+----------------+
+---------+-----------------+----------------+----------------+----------------+
| G1      | G1(0.0)         | G1(0.0)        | G1(1.0)        | G1(1.0)        |
+---------+-----------------+----------------+----------------+----------------+
| G96     | G96(0.0)        | G96(1.0)       | G96(0.0)       | G96(1.0)       |
+---------+-----------------+----------------+----------------+----------------+
| G5(0.0) | 0.0308641975309 | 0.177419354839 | 0.459183673469 | 0.823586744639 |
+---------+-----------------+----------------+----------------+----------------+
| G5(1.0) | 0.969135802469  | 0.822580645161 | 0.540816326531 | 0.176413255361 |
+---------+-----------------+----------------+----------------+----------------+
+---------+-----------------+----------------+-----------------+-----------------+
| G1      | G1(0.0)         | G1(0.0)        | G1(1.0)         | G1(1.0)         |
+---------+-----------------+----------------+-----------------+-----------------+
| G38     | G38(0.0)        | G38(1.0)       | G38(0.0)        | G38(1.0)        |
+---------+-----------------+----------------+-----------------+-----------------+
| G4(0.0) | 0.948979591837  | 0.218875502008 | 0.969135802469  | 0.961538461538  |
+---------+-----------------+----------------+-----------------+-----------------+
| G4(1.0) | 0.0510204081633 | 0.781124497992 | 0.0308641975309 | 0.0384615384615 |
+---------+-----------------+----------------+-----------------+-----------------+
+---------+----------+----------------+----------+-----------------+
| G37     | G37(0.0) | G37(0.0)       | G37(1.0) | G37(1.0)        |
+---------+----------+----------------+----------+-----------------+
| G96     | G96(0.0) | G96(1.0)       | G96(0.0) | G96(1.0)        |
+---------+----------+----------------+----------+-----------------+
| G3(0.0) | 0.5      | 0.452941176471 | 0.404    | 0.958914728682  |
+---------+----------+----------------+----------+-----------------+
| G3(1.0) | 0.5      | 0.547058823529 | 0.596    | 0.0410852713178 |
+---------+----------+----------------+----------+-----------------+
+---------+----------------+-----------------+----------------+----------------+
| G4      | G4(0.0)        | G4(0.0)         | G4(1.0)        | G4(1.0)        |
+---------+----------------+-----------------+----------------+----------------+
| G63     | G63(0.0)       | G63(1.0)        | G63(0.0)       | G63(1.0)       |
+---------+----------------+-----------------+----------------+----------------+
| G2(0.0) | 0.657303370787 | 0.988245931284  | 0.309523809524 | 0.439086294416 |
+---------+----------------+-----------------+----------------+----------------+
| G2(1.0) | 0.342696629213 | 0.0117540687161 | 0.690476190476 | 0.560913705584 |
+---------+----------------+-----------------+----------------+----------------+
+---------+----------------+----------------+----------------+-----------------+
| G3      | G3(0.0)        | G3(0.0)        | G3(1.0)        | G3(1.0)         |
+---------+----------------+----------------+----------------+-----------------+
| G34     | G34(0.0)       | G34(1.0)       | G34(0.0)       | G34(1.0)        |
+---------+----------------+----------------+----------------+-----------------+
| G1(0.0) | 0.746575342466 | 0.167189952904 | 0.885964912281 | 0.930107526882  |
+---------+----------------+----------------+----------------+-----------------+
| G1(1.0) | 0.253424657534 | 0.832810047096 | 0.114035087719 | 0.0698924731183 |
+---------+----------------+----------------+----------------+-----------------+
+---------+----------+----------------+----------+-----------------+
| G2      | G2(0.0)  | G2(0.0)        | G2(1.0)  | G2(1.0)         |
+---------+----------+----------------+----------+-----------------+
| G38     | G38(0.0) | G38(1.0)       | G38(0.0) | G38(1.0)        |
+---------+----------+----------------+----------+-----------------+
| G9(0.0) | 0.1      | 0.422428330523 | 0.1      | 0.0766423357664 |
+---------+----------+----------------+----------+-----------------+
| G9(1.0) | 0.9      | 0.577571669477 | 0.9      | 0.923357664234  |
+---------+----------+----------------+----------+-----------------+
+---------+----------------+----------------+------------------+----------+
| G1      | G1(0.0)        | G1(0.0)        | G1(1.0)          | G1(1.0)  |
+---------+----------------+----------------+------------------+----------+
| G83     | G83(0.0)       | G83(1.0)       | G83(0.0)         | G83(1.0) |
+---------+----------------+----------------+------------------+----------+
| G8(0.0) | 0.795857988166 | 0.267441860465 | 0.995344506518   | 0.9      |
+---------+----------------+----------------+------------------+----------+
| G8(1.0) | 0.204142011834 | 0.732558139535 | 0.00465549348231 | 0.1      |
+---------+----------------+----------------+------------------+----------+
+----------+-----------------+-----------------+----------------+-----------------+
| G40      | G40(0.0)        | G40(0.0)        | G40(1.0)       | G40(1.0)        |
+----------+-----------------+-----------------+----------------+-----------------+
| G51      | G51(0.0)        | G51(1.0)        | G51(0.0)       | G51(1.0)        |
+----------+-----------------+-----------------+----------------+-----------------+
| G53(0.0) | 0.0438596491228 | 0.932432432432  | 0.147058823529 | 0.99132176235   |
+----------+-----------------+-----------------+----------------+-----------------+
| G53(1.0) | 0.956140350877  | 0.0675675675676 | 0.852941176471 | 0.0086782376502 |
+----------+-----------------+-----------------+----------------+-----------------+
+----------+----------------+-----------------+---------------+----------------+
| G34      | G34(0.0)       | G34(0.0)        | G34(1.0)      | G34(1.0)       |
+----------+----------------+-----------------+---------------+----------------+
| G57      | G57(0.0)       | G57(1.0)        | G57(0.0)      | G57(1.0)       |
+----------+----------------+-----------------+---------------+----------------+
| G52(0.0) | 0.144444444444 | 0.0764705882353 | 0.64693877551 | 0.219587628866 |
+----------+----------------+-----------------+---------------+----------------+
| G52(1.0) | 0.855555555556 | 0.923529411765  | 0.35306122449 | 0.780412371134 |
+----------+----------------+-----------------+---------------+----------------+
+----------+-----------------+----------------+----------+------------------+
| G40      | G40(0.0)        | G40(0.0)       | G40(1.0) | G40(1.0)         |
+----------+-----------------+----------------+----------+------------------+
| G64      | G64(0.0)        | G64(1.0)       | G64(0.0) | G64(1.0)         |
+----------+-----------------+----------------+----------+------------------+
| G51(0.0) | 0.944444444444  | 0.295918367347 | 0.1      | 0.00983358547655 |
+----------+-----------------+----------------+----------+------------------+
| G51(1.0) | 0.0555555555556 | 0.704081632653 | 0.9      | 0.990166414523   |
+----------+-----------------+----------------+----------+------------------+
+----------+----------------+----------------+----------------+-----------------+
| G34      | G34(0.0)       | G34(0.0)       | G34(1.0)       | G34(1.0)        |
+----------+----------------+----------------+----------------+-----------------+
| G45      | G45(0.0)       | G45(1.0)       | G45(0.0)       | G45(1.0)        |
+----------+----------------+----------------+----------------+-----------------+
| G50(0.0) | 0.144444444444 | 0.688235294118 | 0.887096774194 | 0.0478806907378 |
+----------+----------------+----------------+----------------+-----------------+
| G50(1.0) | 0.855555555556 | 0.311764705882 | 0.112903225806 | 0.952119309262  |
+----------+----------------+----------------+----------------+-----------------+
+----------+----------------+----------------+-----------------+----------------+
| G55      | G55(0.0)       | G55(0.0)       | G55(1.0)        | G55(1.0)       |
+----------+----------------+----------------+-----------------+----------------+
| G97      | G97(0.0)       | G97(1.0)       | G97(0.0)        | G97(1.0)       |
+----------+----------------+----------------+-----------------+----------------+
| G57(0.0) | 0.785714285714 | 0.714689265537 | 0.932432432432  | 0.151591289782 |
+----------+----------------+----------------+-----------------+----------------+
| G57(1.0) | 0.214285714286 | 0.285310734463 | 0.0675675675676 | 0.848408710218 |
+----------+----------------+----------------+-----------------+----------------+
+----------+----------------+----------------+----------------+----------------+
| G28      | G28(0.0)       | G28(0.0)       | G28(1.0)       | G28(1.0)       |
+----------+----------------+----------------+----------------+----------------+
| G68      | G68(0.0)       | G68(1.0)       | G68(0.0)       | G68(1.0)       |
+----------+----------------+----------------+----------------+----------------+
| G56(0.0) | 0.147058823529 | 0.441348973607 | 0.152173913043 | 0.615473441109 |
+----------+----------------+----------------+----------------+----------------+
| G56(1.0) | 0.852941176471 | 0.558651026393 | 0.847826086957 | 0.384526558891 |
+----------+----------------+----------------+----------------+----------------+
+----------+----------------+----------------+----------------+-----------------+
| G60      | G60(0.0)       | G60(0.0)       | G60(1.0)       | G60(1.0)        |
+----------+----------------+----------------+----------------+-----------------+
| G68      | G68(0.0)       | G68(1.0)       | G68(0.0)       | G68(1.0)        |
+----------+----------------+----------------+----------------+-----------------+
| G55(0.0) | 0.451219512195 | 0.162261380323 | 0.144444444444 | 0.97311827957   |
+----------+----------------+----------------+----------------+-----------------+
| G55(1.0) | 0.548780487805 | 0.837738619677 | 0.855555555556 | 0.0268817204301 |
+----------+----------------+----------------+----------------+-----------------+
+----------+----------------+----------------+-----------------+-----------------+
| G3       | G3(0.0)        | G3(0.0)        | G3(1.0)         | G3(1.0)         |
+----------+----------------+----------------+-----------------+-----------------+
| G61      | G61(0.0)       | G61(1.0)       | G61(0.0)        | G61(1.0)        |
+----------+----------------+----------------+-----------------+-----------------+
| G54(0.0) | 0.121621621622 | 0.560952380952 | 0.0510204081633 | 0.0247524752475 |
+----------+----------------+----------------+-----------------+-----------------+
| G54(1.0) | 0.878378378378 | 0.439047619048 | 0.948979591837  | 0.975247524752  |
+----------+----------------+----------------+-----------------+-----------------+
+----------+----------------+----------------+----------------+----------------+
| G19      | G19(0.0)       | G19(0.0)       | G19(1.0)       | G19(1.0)       |
+----------+----------------+----------------+----------------+----------------+
| G55      | G55(0.0)       | G55(1.0)       | G55(0.0)       | G55(1.0)       |
+----------+----------------+----------------+----------------+----------------+
| G59(0.0) | 0.295918367347 | 0.847107438017 | 0.217514124294 | 0.753411306043 |
+----------+----------------+----------------+----------------+----------------+
| G59(1.0) | 0.704081632653 | 0.152892561983 | 0.782485875706 | 0.246588693957 |
+----------+----------------+----------------+----------------+----------------+
+----------+----------------+-----------------+-----------------+-----------------+
| G24      | G24(0.0)       | G24(0.0)        | G24(1.0)        | G24(1.0)        |
+----------+----------------+-----------------+-----------------+-----------------+
| G96      | G96(0.0)       | G96(1.0)        | G96(0.0)        | G96(1.0)        |
+----------+----------------+-----------------+-----------------+-----------------+
| G58(0.0) | 0.144444444444 | 0.970588235294  | 0.970588235294  | 0.98992248062   |
+----------+----------------+-----------------+-----------------+-----------------+
| G58(1.0) | 0.855555555556 | 0.0294117647059 | 0.0294117647059 | 0.0100775193798 |
+----------+----------------+-----------------+-----------------+-----------------+
+----------+-----------------+-----------------+----------------+----------------+
| G23      | G23(0.0)        | G23(0.0)        | G23(1.0)       | G23(1.0)       |
+----------+-----------------+-----------------+----------------+----------------+
| G49      | G49(0.0)        | G49(1.0)        | G49(0.0)       | G49(1.0)       |
+----------+-----------------+-----------------+----------------+----------------+
| G40(0.0) | 0.0510204081633 | 0.0303983228512 | 0.841463414634 | 0.145051194539 |
+----------+-----------------+-----------------+----------------+----------------+
| G40(1.0) | 0.948979591837  | 0.969601677149  | 0.158536585366 | 0.854948805461 |
+----------+-----------------+-----------------+----------------+----------------+
+----------+-----------------+-----------------+----------------+----------------+
| G12      | G12(0.0)        | G12(0.0)        | G12(1.0)       | G12(1.0)       |
+----------+-----------------+-----------------+----------------+----------------+
| G50      | G50(0.0)        | G50(1.0)        | G50(0.0)       | G50(1.0)       |
+----------+-----------------+-----------------+----------------+----------------+
| G41(0.0) | 0.0757575757576 | 0.0294117647059 | 0.210344827586 | 0.714405360134 |
+----------+-----------------+-----------------+----------------+----------------+
| G41(1.0) | 0.924242424242  | 0.970588235294  | 0.789655172414 | 0.285594639866 |
+----------+-----------------+-----------------+----------------+----------------+
+----------+----------------+-----------------+
| G38      | G38(0.0)       | G38(1.0)        |
+----------+----------------+-----------------+
| G42(0.0) | 0.838461538462 | 0.0232876712329 |
+----------+----------------+-----------------+
| G42(1.0) | 0.161538461538 | 0.976712328767  |
+----------+----------------+-----------------+
+----------+-----------------+----------------+-----------------+-----------------+
| G38      | G38(0.0)        | G38(0.0)       | G38(1.0)        | G38(1.0)        |
+----------+-----------------+----------------+-----------------+-----------------+
| G92      | G92(0.0)        | G92(1.0)       | G92(0.0)        | G92(1.0)        |
+----------+-----------------+----------------+-----------------+-----------------+
| G43(0.0) | 0.0609756097561 | 0.837078651685 | 0.0294117647059 | 0.0286821705426 |
+----------+-----------------+----------------+-----------------+-----------------+
| G43(1.0) | 0.939024390244  | 0.162921348315 | 0.970588235294  | 0.971317829457  |
+----------+-----------------+----------------+-----------------+-----------------+
+----------+----------------+-----------------+
| G42      | G42(0.0)       | G42(1.0)        |
+----------+----------------+-----------------+
| G44(0.0) | 0.706349206349 | 0.0231607629428 |
+----------+----------------+-----------------+
| G44(1.0) | 0.293650793651 | 0.976839237057  |
+----------+----------------+-----------------+
+----------+-----------------+----------------+----------------+-----------------+
| G38      | G38(0.0)        | G38(0.0)       | G38(1.0)       | G38(1.0)        |
+----------+-----------------+----------------+----------------+-----------------+
| G43      | G43(0.0)        | G43(1.0)       | G43(0.0)       | G43(1.0)        |
+----------+-----------------+----------------+----------------+-----------------+
| G45(0.0) | 0.967532467532  | 0.198113207547 | 0.119047619048 | 0.0712270803949 |
+----------+-----------------+----------------+----------------+-----------------+
| G45(1.0) | 0.0324675324675 | 0.801886792453 | 0.880952380952 | 0.928772919605  |
+----------+-----------------+----------------+----------------+-----------------+
+----------+-----------------+-----------------+----------------+-----------------+
| G43      | G43(0.0)        | G43(0.0)        | G43(1.0)       | G43(1.0)        |
+----------+-----------------+-----------------+----------------+-----------------+
| G82      | G82(0.0)        | G82(1.0)        | G82(0.0)       | G82(1.0)        |
+----------+-----------------+-----------------+----------------+-----------------+
| G46(0.0) | 0.0510204081633 | 0.0510204081633 | 0.360465116279 | 0.970774091627  |
+----------+-----------------+-----------------+----------------+-----------------+
| G46(1.0) | 0.948979591837  | 0.948979591837  | 0.639534883721 | 0.0292259083728 |
+----------+-----------------+-----------------+----------------+-----------------+
+----------+-----------------+----------------+----------------+-----------------+
| G43      | G43(0.0)        | G43(0.0)       | G43(1.0)       | G43(1.0)        |
+----------+-----------------+----------------+----------------+-----------------+
| G44      | G44(0.0)        | G44(1.0)       | G44(0.0)       | G44(1.0)        |
+----------+-----------------+----------------+----------------+-----------------+
| G47(0.0) | 0.952830188679  | 0.411111111111 | 0.122641509434 | 0.0768688293371 |
+----------+-----------------+----------------+----------------+-----------------+
| G47(1.0) | 0.0471698113208 | 0.588888888889 | 0.877358490566 | 0.923131170663  |
+----------+-----------------+----------------+----------------+-----------------+
+----------+----------------+-----------------+
| G38      | G38(0.0)       | G38(1.0)        |
+----------+----------------+-----------------+
| G48(0.0) | 0.130769230769 | 0.976712328767  |
+----------+----------------+-----------------+
| G48(1.0) | 0.869230769231 | 0.0232876712329 |
+----------+----------------+-----------------+
+----------+-----------------+-----------------+----------------+-----------------+
| G14      | G14(0.0)        | G14(0.0)        | G14(1.0)       | G14(1.0)        |
+----------+-----------------+-----------------+----------------+-----------------+
| G94      | G94(0.0)        | G94(1.0)        | G94(0.0)       | G94(1.0)        |
+----------+-----------------+-----------------+----------------+-----------------+
| G49(0.0) | 0.0324675324675 | 0.0124760076775 | 0.809278350515 | 0.0151515151515 |
+----------+-----------------+-----------------+----------------+-----------------+
| G49(1.0) | 0.967532467532  | 0.987523992322  | 0.190721649485 | 0.984848484848  |
+----------+-----------------+-----------------+----------------+-----------------+
+----------+----------------+-----------------+----------------+----------------+
| G92      | G92(0.0)       | G92(0.0)        | G92(1.0)       | G92(1.0)       |
+----------+----------------+-----------------+----------------+----------------+
| G94      | G94(0.0)       | G94(1.0)        | G94(0.0)       | G94(1.0)       |
+----------+----------------+-----------------+----------------+----------------+
| G75(0.0) | 0.322222222222 | 0.0308641975309 | 0.360465116279 | 0.863636363636 |
+----------+----------------+-----------------+----------------+----------------+
| G75(1.0) | 0.677777777778 | 0.969135802469  | 0.639534883721 | 0.136363636364 |
+----------+----------------+-----------------+----------------+----------------+
+----------+----------------+-----------------+
| G73      | G73(0.0)       | G73(1.0)        |
+----------+----------------+-----------------+
| G74(0.0) | 0.646341463415 | 0.988431876607  |
+----------+----------------+-----------------+
| G74(1.0) | 0.353658536585 | 0.0115681233933 |
+----------+----------------+-----------------+
+----------+---+
| G77(0.0) | 1 |
+----------+---+
+----------+----------------+-----------------+----------------+----------------+
| G19      | G19(0.0)       | G19(0.0)        | G19(1.0)       | G19(1.0)       |
+----------+----------------+-----------------+----------------+----------------+
| G56      | G56(0.0)       | G56(1.0)        | G56(0.0)       | G56(1.0)       |
+----------+----------------+-----------------+----------------+----------------+
| G76(0.0) | 0.391891891892 | 0.0789473684211 | 0.403307888041 | 0.170033670034 |
+----------+----------------+-----------------+----------------+----------------+
| G76(1.0) | 0.608108108108 | 0.921052631579  | 0.596692111959 | 0.829966329966 |
+----------+----------------+-----------------+----------------+----------------+
+----------+----------------+-----------------+----------------+----------------+
| G23      | G23(0.0)       | G23(0.0)        | G23(1.0)       | G23(1.0)       |
+----------+----------------+-----------------+----------------+----------------+
| G3       | G3(0.0)        | G3(1.0)         | G3(0.0)        | G3(1.0)        |
+----------+----------------+-----------------+----------------+----------------+
| G71(0.0) | 0.544943820225 | 0.0308641975309 | 0.794339622642 | 0.210144927536 |
+----------+----------------+-----------------+----------------+----------------+
| G71(1.0) | 0.455056179775 | 0.969135802469  | 0.205660377358 | 0.789855072464 |
+----------+----------------+-----------------+----------------+----------------+
+----------+-----------------+----------------+-----------------+----------------+
| G21      | G21(0.0)        | G21(0.0)       | G21(1.0)        | G21(1.0)       |
+----------+-----------------+----------------+-----------------+----------------+
| G96      | G96(0.0)        | G96(1.0)       | G96(0.0)        | G96(1.0)       |
+----------+-----------------+----------------+-----------------+----------------+
| G70(0.0) | 0.0670103092784 | 0.472461273666 | 0.0757575757576 | 0.151006711409 |
+----------+-----------------+----------------+-----------------+----------------+
| G70(1.0) | 0.932989690722  | 0.527538726334 | 0.924242424242  | 0.848993288591 |
+----------+-----------------+----------------+-----------------+----------------+
+----------+-----------------+-----------------+----------------+------------------+
| G38      | G38(0.0)        | G38(0.0)        | G38(1.0)       | G38(1.0)         |
+----------+-----------------+-----------------+----------------+------------------+
| G44      | G44(0.0)        | G44(1.0)        | G44(0.0)       | G44(1.0)         |
+----------+-----------------+-----------------+----------------+------------------+
| G73(0.0) | 0.915584415584  | 0.0471698113208 | 0.224137931034 | 0.00356633380884 |
+----------+-----------------+-----------------+----------------+------------------+
| G73(1.0) | 0.0844155844156 | 0.952830188679  | 0.775862068966 | 0.996433666191   |
+----------+-----------------+-----------------+----------------+------------------+
+----------+----------------+----------------+-----------------+-----------------+
| G14      | G14(0.0)       | G14(0.0)       | G14(1.0)        | G14(1.0)        |
+----------+----------------+----------------+-----------------+-----------------+
| G92      | G92(0.0)       | G92(1.0)       | G92(0.0)        | G92(1.0)        |
+----------+----------------+----------------+-----------------+-----------------+
| G72(0.0) | 0.233333333333 | 0.749547920434 | 0.0802469135802 | 0.0801104972376 |
+----------+----------------+----------------+-----------------+-----------------+
| G72(1.0) | 0.766666666667 | 0.250452079566 | 0.91975308642   | 0.919889502762  |
+----------+----------------+----------------+-----------------+-----------------+
+----------+----------+----------------+
| G38      | G38(0.0) | G38(1.0)       |
+----------+----------+----------------+
| G79(0.0) | 0.9      | 0.434246575342 |
+----------+----------+----------------+
| G79(1.0) | 0.1      | 0.565753424658 |
+----------+----------+----------------+
+----------+----------+----------------+----------------+-----------------+
| G80      | G80(0.0) | G80(0.0)       | G80(1.0)       | G80(1.0)        |
+----------+----------+----------------+----------------+-----------------+
| G94      | G94(0.0) | G94(1.0)       | G94(0.0)       | G94(1.0)        |
+----------+----------+----------------+----------------+-----------------+
| G78(0.0) | 0.5      | 0.855555555556 | 0.582840236686 | 0.0787831513261 |
+----------+----------+----------------+----------------+-----------------+
| G78(1.0) | 0.5      | 0.144444444444 | 0.417159763314 | 0.921216848674  |
+----------+----------+----------------+----------------+-----------------+
+----------+-----------------+----------------+-----------------+-----------------+
| G45      | G45(0.0)        | G45(0.0)       | G45(1.0)        | G45(1.0)        |
+----------+-----------------+----------------+-----------------+-----------------+
| G7       | G7(0.0)         | G7(1.0)        | G7(0.0)         | G7(1.0)         |
+----------+-----------------+----------------+-----------------+-----------------+
| G68(0.0) | 0.0555555555556 | 0.801075268817 | 0.0124378109453 | 0.0124760076775 |
+----------+-----------------+----------------+-----------------+-----------------+
| G68(1.0) | 0.944444444444  | 0.198924731183 | 0.987562189055  | 0.987523992322  |
+----------+-----------------+----------------+-----------------+-----------------+
+----------+---------------+----------------+-----------------+-----------------+
| G31      | G31(0.0)      | G31(0.0)       | G31(1.0)        | G31(1.0)        |
+----------+---------------+----------------+-----------------+-----------------+
| G84      | G84(0.0)      | G84(1.0)       | G84(0.0)        | G84(1.0)        |
+----------+---------------+----------------+-----------------+-----------------+
| G69(0.0) | 0.10824742268 | 0.669696969697 | 0.0562310030395 | 0.0539033457249 |
+----------+---------------+----------------+-----------------+-----------------+
| G69(1.0) | 0.89175257732 | 0.330303030303 | 0.94376899696   | 0.946096654275  |
+----------+---------------+----------------+-----------------+-----------------+
+----------+-----------------+----------------+----------------+----------+
| G20      | G20(0.0)        | G20(0.0)       | G20(1.0)       | G20(1.0) |
+----------+-----------------+----------------+----------------+----------+
| G66      | G66(0.0)        | G66(1.0)       | G66(0.0)       | G66(1.0) |
+----------+-----------------+----------------+----------------+----------+
| G62(0.0) | 0.913793103448  | 0.355670103093 | 0.720183486239 | 0.004    |
+----------+-----------------+----------------+----------------+----------+
| G62(1.0) | 0.0862068965517 | 0.644329896907 | 0.279816513761 | 0.996    |
+----------+-----------------+----------------+----------------+----------+
+----------+----------------+-----------------+----------------+----------------+
| G46      | G46(0.0)       | G46(0.0)        | G46(1.0)       | G46(1.0)       |
+----------+----------------+-----------------+----------------+----------------+
| G94      | G94(0.0)       | G94(1.0)        | G94(0.0)       | G94(1.0)       |
+----------+----------------+-----------------+----------------+----------------+
| G63(0.0) | 0.123529411765 | 0.0111876075731 | 0.792134831461 | 0.214285714286 |
+----------+----------------+-----------------+----------------+----------------+
| G63(1.0) | 0.876470588235 | 0.988812392427  | 0.207865168539 | 0.785714285714 |
+----------+----------------+-----------------+----------------+----------------+
+----------+----------+----------+----------------+-----------------+
| G38      | G38(0.0) | G38(0.0) | G38(1.0)       | G38(1.0)        |
+----------+----------+----------+----------------+-----------------+
| G86      | G86(0.0) | G86(1.0) | G86(0.0)       | G86(1.0)        |
+----------+----------+----------+----------------+-----------------+
| G60(0.0) | 0.5      | 0.308    | 0.144444444444 | 0.984671532847  |
+----------+----------+----------+----------------+-----------------+
| G60(1.0) | 0.5      | 0.692    | 0.855555555556 | 0.0153284671533 |
+----------+----------+----------+----------------+-----------------+
+----------+-----------------+-----------------+----------------+----------------+
| G75      | G75(0.0)        | G75(0.0)        | G75(1.0)       | G75(1.0)       |
+----------+-----------------+-----------------+----------------+----------------+
| G80      | G80(0.0)        | G80(1.0)        | G80(0.0)       | G80(1.0)       |
+----------+-----------------+-----------------+----------------+----------------+
| G61(0.0) | 0.939024390244  | 0.0926605504587 | 0.722222222222 | 0.522641509434 |
+----------+-----------------+-----------------+----------------+----------------+
| G61(1.0) | 0.0609756097561 | 0.907339449541  | 0.277777777778 | 0.477358490566 |
+----------+-----------------+-----------------+----------------+----------------+
+----------+----------------+----------------+----------------+----------+
| G12      | G12(0.0)       | G12(0.0)       | G12(1.0)       | G12(1.0) |
+----------+----------------+----------------+----------------+----------+
| G47      | G47(0.0)       | G47(1.0)       | G47(0.0)       | G47(1.0) |
+----------+----------------+----------------+----------------+----------+
| G66(0.0) | 0.192307692308 | 0.785714285714 | 0.363247863248 | 0.0168   |
+----------+----------------+----------------+----------------+----------+
| G66(1.0) | 0.807692307692 | 0.214285714286 | 0.636752136752 | 0.9832   |
+----------+----------------+----------------+----------------+----------+
+----------+-----------------+----------+----------------+-----------------+
| G51      | G51(0.0)        | G51(0.0) | G51(1.0)       | G51(1.0)        |
+----------+-----------------+----------+----------------+-----------------+
| G88      | G88(0.0)        | G88(1.0) | G88(0.0)       | G88(1.0)        |
+----------+-----------------+----------+----------------+-----------------+
| G67(0.0) | 0.948979591837  | 0.1      | 0.355072463768 | 0.0419501133787 |
+----------+-----------------+----------+----------------+-----------------+
| G67(1.0) | 0.0510204081633 | 0.9      | 0.644927536232 | 0.958049886621  |
+----------+-----------------+----------+----------------+-----------------+
+----------+----------------+----------+-----------------+---------------+
| G32      | G32(0.0)       | G32(0.0) | G32(1.0)        | G32(1.0)      |
+----------+----------------+----------+-----------------+---------------+
| G95      | G95(0.0)       | G95(1.0) | G95(0.0)        | G95(1.0)      |
+----------+----------------+----------+-----------------+---------------+
| G64(0.0) | 0.277777777778 | 0.9      | 0.0824175824176 | 0.12962962963 |
+----------+----------------+----------+-----------------+---------------+
| G64(1.0) | 0.722222222222 | 0.1      | 0.917582417582  | 0.87037037037 |
+----------+----------------+----------+-----------------+---------------+
+----------+-----------------+----------------+
| G27      | G27(0.0)        | G27(1.0)       |
+----------+-----------------+----------------+
| G65(0.0) | 0.976635514019  | 0.893188854489 |
+----------+-----------------+----------------+
| G65(1.0) | 0.0233644859813 | 0.106811145511 |
+----------+-----------------+----------------+
+-----------+----------+---------------+-----------------+------------------+
| G45       | G45(0.0) | G45(0.0)      | G45(1.0)        | G45(1.0)         |
+-----------+----------+---------------+-----------------+------------------+
| G86       | G86(0.0) | G86(1.0)      | G86(0.0)        | G86(1.0)         |
+-----------+----------+---------------+-----------------+------------------+
| G100(0.0) | 0.5      | 0.31954887218 | 0.944444444444  | 0.00369276218612 |
+-----------+----------+---------------+-----------------+------------------+
| G100(1.0) | 0.5      | 0.68045112782 | 0.0555555555556 | 0.996307237814   |
+-----------+----------+---------------+-----------------+------------------+
+----------+----------------+-----------------+-----------------+-----------------+
| G13      | G13(0.0)       | G13(0.0)        | G13(1.0)        | G13(1.0)        |
+----------+----------------+-----------------+-----------------+-----------------+
| G4       | G4(0.0)        | G4(1.0)         | G4(0.0)         | G4(1.0)         |
+----------+----------------+-----------------+-----------------+-----------------+
| G19(0.0) | 0.426605504587 | 0.91975308642   | 0.0722326454034 | 0.0766423357664 |
+----------+----------------+-----------------+-----------------+-----------------+
| G19(1.0) | 0.573394495413 | 0.0802469135802 | 0.927767354597  | 0.923357664234  |
+----------+----------------+-----------------+-----------------+-----------------+
+----------+-----------------+-----------------+
| G73      | G73(0.0)        | G73(1.0)        |
+----------+-----------------+-----------------+
| G18(0.0) | 0.939024390244  | 0.0835475578406 |
+----------+-----------------+-----------------+
| G18(1.0) | 0.0609756097561 | 0.916452442159  |
+----------+-----------------+-----------------+
+----------+------------------+----------------+------------------+---------------+
| G28      | G28(0.0)         | G28(0.0)       | G28(1.0)         | G28(1.0)      |
+----------+------------------+----------------+------------------+---------------+
| G90      | G90(0.0)         | G90(1.0)       | G90(0.0)         | G90(1.0)      |
+----------+------------------+----------------+------------------+---------------+
| G17(0.0) | 0.992307692308   | 0.681818181818 | 0.993765586035   | 0.89603960396 |
+----------+------------------+----------------+------------------+---------------+
| G17(1.0) | 0.00769230769231 | 0.318181818182 | 0.00623441396509 | 0.10396039604 |
+----------+------------------+----------------+------------------+---------------+
+----------+----------------+----------------+----------------+----------------+
| G3       | G3(0.0)        | G3(0.0)        | G3(1.0)        | G3(1.0)        |
+----------+----------------+----------------+----------------+----------------+
| G76      | G76(0.0)       | G76(1.0)       | G76(0.0)       | G76(1.0)       |
+----------+----------------+----------------+----------------+----------------+
| G16(0.0) | 0.199481865285 | 0.105415860735 | 0.256097560976 | 0.279816513761 |
+----------+----------------+----------------+----------------+----------------+
| G16(1.0) | 0.800518134715 | 0.894584139265 | 0.743902439024 | 0.720183486239 |
+----------+----------------+----------------+----------------+----------------+
+----------+-----------------+----------------+-----------------+-----------------+
| G38      | G38(0.0)        | G38(0.0)       | G38(1.0)        | G38(1.0)        |
+----------+-----------------+----------------+-----------------+-----------------+
| G92      | G92(0.0)        | G92(1.0)       | G92(0.0)        | G92(1.0)        |
+----------+-----------------+----------------+-----------------+-----------------+
| G15(0.0) | 0.939024390244  | 0.837078651685 | 0.970588235294  | 0.0286821705426 |
+----------+-----------------+----------------+-----------------+-----------------+
| G15(1.0) | 0.0609756097561 | 0.162921348315 | 0.0294117647059 | 0.971317829457  |
+----------+-----------------+----------------+-----------------+-----------------+
+----------+-----------------+----------------+-----------------+-----------------+
| G22      | G22(0.0)        | G22(0.0)       | G22(1.0)        | G22(1.0)        |
+----------+-----------------+----------------+-----------------+-----------------+
| G99      | G99(0.0)        | G99(1.0)       | G99(0.0)        | G99(1.0)        |
+----------+-----------------+----------------+-----------------+-----------------+
| G14(0.0) | 0.0384615384615 | 0.724561403509 | 0.0247524752475 | 0.944987775061  |
+----------+-----------------+----------------+-----------------+-----------------+
| G14(1.0) | 0.961538461538  | 0.275438596491 | 0.975247524752  | 0.0550122249389 |
+----------+-----------------+----------------+-----------------+-----------------+
+----------+-----------------+----------------+-----------------+----------------+
| G94      | G94(0.0)        | G94(0.0)       | G94(1.0)        | G94(1.0)       |
+----------+-----------------+----------------+-----------------+----------------+
| G99      | G99(0.0)        | G99(1.0)       | G99(0.0)        | G99(1.0)       |
+----------+-----------------+----------------+-----------------+----------------+
| G13(0.0) | 0.0438596491228 | 0.739316239316 | 0.0596330275229 | 0.163778162912 |
+----------+-----------------+----------------+-----------------+----------------+
| G13(1.0) | 0.956140350877  | 0.260683760684 | 0.940366972477  | 0.836221837088 |
+----------+-----------------+----------------+-----------------+----------------+
+----------+----------+-----------------+-----------------+-----------------+
| G80      | G80(0.0) | G80(0.0)        | G80(1.0)        | G80(1.0)        |
+----------+----------+-----------------+-----------------+-----------------+
| G86      | G86(0.0) | G86(1.0)        | G86(0.0)        | G86(1.0)        |
+----------+----------+-----------------+-----------------+-----------------+
| G12(0.0) | 0.5      | 0.944444444444  | 0.944444444444  | 0.0398692810458 |
+----------+----------+-----------------+-----------------+-----------------+
| G12(1.0) | 0.5      | 0.0555555555556 | 0.0555555555556 | 0.960130718954  |
+----------+----------+-----------------+-----------------+-----------------+
+----------+-----------------+----------------+----------------+-----------------+
| G33      | G33(0.0)        | G33(0.0)       | G33(1.0)       | G33(1.0)        |
+----------+-----------------+----------------+----------------+-----------------+
| G68      | G68(0.0)        | G68(1.0)       | G68(0.0)       | G68(1.0)        |
+----------+-----------------+----------------+----------------+-----------------+
| G11(0.0) | 0.948979591837  | 0.746575342466 | 0.391891891892 | 0.0378031383738 |
+----------+-----------------+----------------+----------------+-----------------+
| G11(1.0) | 0.0510204081633 | 0.253424657534 | 0.608108108108 | 0.962196861626  |
+----------+-----------------+----------------+----------------+-----------------+
+----------+----------------+-----------------+----------------+-----------------+
| G14      | G14(0.0)       | G14(0.0)        | G14(1.0)       | G14(1.0)        |
+----------+----------------+-----------------+----------------+-----------------+
| G97      | G97(0.0)       | G97(1.0)        | G97(0.0)       | G97(1.0)        |
+----------+----------------+-----------------+----------------+-----------------+
| G10(0.0) | 0.411111111111 | 0.908679927667  | 0.841463414634 | 0.988687782805  |
+----------+----------------+-----------------+----------------+-----------------+
| G10(1.0) | 0.588888888889 | 0.0913200723327 | 0.158536585366 | 0.0113122171946 |
+----------+----------------+-----------------+----------------+-----------------+
+----------+-----------------+------------------+----------------+----------------+
| G23      | G23(0.0)        | G23(0.0)         | G23(1.0)       | G23(1.0)       |
+----------+-----------------+------------------+----------------+----------------+
| G88      | G88(0.0)        | G88(1.0)         | G88(0.0)       | G88(1.0)       |
+----------+-----------------+------------------+----------------+----------------+
| G97(0.0) | 0.0105485232068 | 0.00865051903114 | 0.015923566879 | 0.443502824859 |
+----------+-----------------+------------------+----------------+----------------+
| G97(1.0) | 0.989451476793  | 0.991349480969   | 0.984076433121 | 0.556497175141 |
+----------+-----------------+------------------+----------------+----------------+
+----------+-----------------+----------------+-----------------+------------------+
| G24      | G24(0.0)        | G24(0.0)       | G24(1.0)        | G24(1.0)         |
+----------+-----------------+----------------+-----------------+------------------+
| G92      | G92(0.0)        | G92(1.0)       | G92(0.0)        | G92(1.0)         |
+----------+-----------------+----------------+-----------------+------------------+
| G96(0.0) | 0.0609756097561 | 0.477528089888 | 0.970588235294  | 0.00387596899225 |
+----------+-----------------+----------------+-----------------+------------------+
| G96(1.0) | 0.939024390244  | 0.522471910112 | 0.0294117647059 | 0.996124031008   |
+----------+-----------------+----------------+-----------------+------------------+
+----------+----------------+-----------------+---------------+----------------+
| G1       | G1(0.0)        | G1(0.0)         | G1(1.0)       | G1(1.0)        |
+----------+----------------+-----------------+---------------+----------------+
| G82      | G82(0.0)       | G82(1.0)        | G82(0.0)      | G82(1.0)       |
+----------+----------------+-----------------+---------------+----------------+
| G95(0.0) | 0.863636363636 | 0.0475113122172 | 0.89603960396 | 0.248373101952 |
+----------+----------------+-----------------+---------------+----------------+
| G95(1.0) | 0.136363636364 | 0.952488687783  | 0.10396039604 | 0.751626898048 |
+----------+----------------+-----------------+---------------+----------------+
+----------+----------+----------------+-----------------+-----------------+
| G33      | G33(0.0) | G33(0.0)       | G33(1.0)        | G33(1.0)        |
+----------+----------+----------------+-----------------+-----------------+
| G97      | G97(0.0) | G97(1.0)       | G97(0.0)        | G97(1.0)        |
+----------+----------+----------------+-----------------+-----------------+
| G94(0.0) | 0.5      | 0.465811965812 | 0.91975308642   | 0.0646879756469 |
+----------+----------+----------------+-----------------+-----------------+
| G94(1.0) | 0.5      | 0.534188034188 | 0.0802469135802 | 0.935312024353  |
+----------+----------+----------------+-----------------+-----------------+
+----------+-----------------+----------------+
| G44      | G44(0.0)        | G44(1.0)       |
+----------+-----------------+----------------+
| G93(0.0) | 0.0471698113208 | 0.309018567639 |
+----------+-----------------+----------------+
| G93(1.0) | 0.952830188679  | 0.690981432361 |
+----------+-----------------+----------------+
+----------+-----------------+----------+----------------+-----------------+
| G80      | G80(0.0)        | G80(0.0) | G80(1.0)       | G80(1.0)        |
+----------+-----------------+----------+----------------+-----------------+
| G99      | G99(0.0)        | G99(1.0) | G99(0.0)       | G99(1.0)        |
+----------+-----------------+----------+----------------+-----------------+
| G92(0.0) | 0.0555555555556 | 0.5      | 0.615702479339 | 0.0674891146589 |
+----------+-----------------+----------+----------------+-----------------+
| G92(1.0) | 0.944444444444  | 0.5      | 0.384297520661 | 0.932510885341  |
+----------+-----------------+----------+----------------+-----------------+
+----------+----------------+----------------+----------------+----------+
| G7       | G7(0.0)        | G7(0.0)        | G7(1.0)        | G7(1.0)  |
+----------+----------------+----------------+----------------+----------+
| G90      | G90(0.0)       | G90(1.0)       | G90(0.0)       | G90(1.0) |
+----------+----------------+----------------+----------------+----------+
| G91(0.0) | 0.256345177665 | 0.867346938776 | 0.307183364839 | 0.5      |
+----------+----------------+----------------+----------------+----------+
| G91(1.0) | 0.743654822335 | 0.132653061224 | 0.692816635161 | 0.5      |
+----------+----------------+----------------+----------------+----------+
+----------+-----------------+----------------+----------+-----------------+
| G43      | G43(0.0)        | G43(0.0)       | G43(1.0) | G43(1.0)        |
+----------+-----------------+----------------+----------+-----------------+
| G45      | G45(0.0)        | G45(1.0)       | G45(0.0) | G45(1.0)        |
+----------+-----------------+----------------+----------+-----------------+
| G90(0.0) | 0.0844155844156 | 0.309523809524 | 0.5      | 0.973609129815  |
+----------+-----------------+----------------+----------+-----------------+
| G90(1.0) | 0.915584415584  | 0.690476190476 | 0.5      | 0.0263908701854 |
+----------+-----------------+----------------+----------+-----------------+
+----------+----------+----------------+-----------------+-----------------+
| G18      | G18(0.0) | G18(0.0)       | G18(1.0)        | G18(1.0)        |
+----------+----------+----------------+-----------------+-----------------+
| G80      | G80(0.0) | G80(1.0)       | G80(0.0)        | G80(1.0)        |
+----------+----------+----------------+-----------------+-----------------+
| G99(0.0) | 0.5      | 0.689781021898 | 0.944444444444  | 0.0393759286776 |
+----------+----------+----------------+-----------------+-----------------+
| G99(1.0) | 0.5      | 0.310218978102 | 0.0555555555556 | 0.960624071322  |
+----------+----------+----------------+-----------------+-----------------+
+----------+----------------+------------------+
| G97      | G97(0.0)       | G97(1.0)         |
+----------+----------------+------------------+
| G98(0.0) | 0.848837209302 | 0.99354005168    |
+----------+----------------+------------------+
| G98(1.0) | 0.151162790698 | 0.00645994832041 |
+----------+----------------+------------------+
+----------+----------+----------------+----------------+----------------+
| G32      | G32(0.0) | G32(0.0)       | G32(1.0)       | G32(1.0)       |
+----------+----------+----------------+----------------+----------------+
| G86      | G86(0.0) | G86(1.0)       | G86(0.0)       | G86(1.0)       |
+----------+----------+----------------+----------------+----------------+
| G31(0.0) | 0.5      | 0.963768115942 | 0.766666666667 | 0.213900134953 |
+----------+----------+----------------+----------------+----------------+
| G31(1.0) | 0.5      | 0.036231884058 | 0.233333333333 | 0.786099865047 |
+----------+----------+----------------+----------------+----------------+
+----------+-----------------+-----------------+----------------+----------------+
| G20      | G20(0.0)        | G20(0.0)        | G20(1.0)       | G20(1.0)       |
+----------+-----------------+-----------------+----------------+----------------+
| G45      | G45(0.0)        | G45(1.0)        | G45(0.0)       | G45(1.0)       |
+----------+-----------------+-----------------+----------------+----------------+
| G30(0.0) | 0.0409836065574 | 0.0384615384615 | 0.136363636364 | 0.533485540335 |
+----------+-----------------+-----------------+----------------+----------------+
| G30(1.0) | 0.959016393443  | 0.961538461538  | 0.863636363636 | 0.466514459665 |
+----------+-----------------+-----------------+----------------+----------------+
+----------+-----------------+------------------+----------------+-----------------+
| G25      | G25(0.0)        | G25(0.0)         | G25(1.0)       | G25(1.0)        |
+----------+-----------------+------------------+----------------+-----------------+
| G99      | G99(0.0)        | G99(1.0)         | G99(0.0)       | G99(1.0)        |
+----------+-----------------+------------------+----------------+-----------------+
| G33(0.0) | 0.0890410958904 | 0.00809061488673 | 0.887096774194 | 0.0792207792208 |
+----------+-----------------+------------------+----------------+-----------------+
| G33(1.0) | 0.91095890411   | 0.991909385113   | 0.112903225806 | 0.920779220779  |
+----------+-----------------+------------------+----------------+-----------------+
+----------+----------+-----------------+-----------------+----------------+
| G14      | G14(0.0) | G14(0.0)        | G14(1.0)        | G14(1.0)       |
+----------+----------+-----------------+-----------------+----------------+
| G99      | G99(0.0) | G99(1.0)        | G99(0.0)        | G99(1.0)       |
+----------+----------+-----------------+-----------------+----------------+
| G32(0.0) | 0.5      | 0.0177065767285 | 0.0155279503106 | 0.579207920792 |
+----------+----------+-----------------+-----------------+----------------+
| G32(1.0) | 0.5      | 0.982293423272  | 0.984472049689  | 0.420792079208 |
+----------+----------+-----------------+-----------------+----------------+
+----------+-----------------+------------------+
| G100     | G100(0.0)       | G100(1.0)        |
+----------+-----------------+------------------+
| G35(0.0) | 0.944444444444  | 0.00649350649351 |
+----------+-----------------+------------------+
| G35(1.0) | 0.0555555555556 | 0.993506493506   |
+----------+-----------------+------------------+
+----------+---------------+-----------------+----------+----------------+
| G58      | G58(0.0)      | G58(0.0)        | G58(1.0) | G58(1.0)       |
+----------+---------------+-----------------+----------+----------------+
| G66      | G66(0.0)      | G66(1.0)        | G66(0.0) | G66(1.0)       |
+----------+---------------+-----------------+----------+----------------+
| G34(0.0) | 0.62030075188 | 0.0096011816839 | 0.5      | 0.855555555556 |
+----------+---------------+-----------------+----------+----------------+
| G34(1.0) | 0.37969924812 | 0.990398818316  | 0.5      | 0.144444444444 |
+----------+---------------+-----------------+----------+----------------+
+----------+----------------+-----------------+
| G100     | G100(0.0)      | G100(1.0)       |
+----------+----------------+-----------------+
| G37(0.0) | 0.766666666667 | 0.0272727272727 |
+----------+----------------+-----------------+
| G37(1.0) | 0.233333333333 | 0.972727272727  |
+----------+----------------+-----------------+
+----------+-----------------+----------+-----------------+----------------+
| G67      | G67(0.0)        | G67(0.0) | G67(1.0)        | G67(1.0)       |
+----------+-----------------+----------+-----------------+----------------+
| G96      | G96(0.0)        | G96(1.0) | G96(0.0)        | G96(1.0)       |
+----------+-----------------+----------+-----------------+----------------+
| G36(0.0) | 0.944444444444  | 0.1      | 0.970588235294  | 0.523931623932 |
+----------+-----------------+----------+-----------------+----------------+
| G36(1.0) | 0.0555555555556 | 0.9      | 0.0294117647059 | 0.476068376068 |
+----------+-----------------+----------+-----------------+----------------+
+----------+-----------------+----------------+----------------+-----------------+
| G15      | G15(0.0)        | G15(0.0)       | G15(1.0)       | G15(1.0)        |
+----------+-----------------+----------------+----------------+-----------------+
| G51      | G51(0.0)        | G51(1.0)       | G51(0.0)       | G51(1.0)        |
+----------+-----------------+----------------+----------------+-----------------+
| G39(0.0) | 0.0757575757576 | 0.566298342541 | 0.353658536585 | 0.0768595041322 |
+----------+-----------------+----------------+----------------+-----------------+
| G39(1.0) | 0.924242424242  | 0.433701657459 | 0.646341463415 | 0.923140495868  |
+----------+-----------------+----------------+----------------+-----------------+
+----------+----------+
| G38(0.0) | 0.151163 |
+----------+----------+
| G38(1.0) | 0.848837 |
+----------+----------+
+----------+---------------+----------------+---------+-----------------+
| G4       | G4(0.0)       | G4(0.0)        | G4(1.0) | G4(1.0)         |
+----------+---------------+----------------+---------+-----------------+
| G7       | G7(0.0)       | G7(1.0)        | G7(0.0) | G7(1.0)         |
+----------+---------------+----------------+---------+-----------------+
| G84(0.0) | 0.77149321267 | 0.585510688836 | 0.1     | 0.0336787564767 |
+----------+---------------+----------------+---------+-----------------+
| G84(1.0) | 0.22850678733 | 0.414489311164 | 0.9     | 0.966321243523  |
+----------+---------------+----------------+---------+-----------------+
+----------+----------------+----------------+----------------+-----------------+
| G1       | G1(0.0)        | G1(0.0)        | G1(1.0)        | G1(1.0)         |
+----------+----------------+----------------+----------------+-----------------+
| G49      | G49(0.0)       | G49(1.0)       | G49(0.0)       | G49(1.0)        |
+----------+----------------+----------------+----------------+-----------------+
| G85(0.0) | 0.885964912281 | 0.159751037344 | 0.318181818182 | 0.0198487712665 |
+----------+----------------+----------------+----------------+-----------------+
| G85(1.0) | 0.114035087719 | 0.840248962656 | 0.681818181818 | 0.980151228733  |
+----------+----------------+----------------+----------------+-----------------+
+----------+----------------+----------------+
| G72      | G72(0.0)       | G72(1.0)       |
+----------+----------------+----------------+
| G86(0.0) | 0.100896860987 | 0.012077294686 |
+----------+----------------+----------------+
| G86(1.0) | 0.899103139013 | 0.987922705314 |
+----------+----------------+----------------+
+----------+----------------+----------------+----------------+----------------+
| G33      | G33(0.0)       | G33(0.0)       | G33(1.0)       | G33(1.0)       |
+----------+----------------+----------------+----------------+----------------+
| G56      | G56(0.0)       | G56(1.0)       | G56(0.0)       | G56(1.0)       |
+----------+----------------+----------------+----------------+----------------+
| G87(0.0) | 0.198113207547 | 0.036231884058 | 0.728116710875 | 0.350415512465 |
+----------+----------------+----------------+----------------+----------------+
| G87(1.0) | 0.801886792453 | 0.963768115942 | 0.271883289125 | 0.649584487535 |
+----------+----------------+----------------+----------------+----------------+
+----------+----------------+-----------------+
| G79      | G79(0.0)       | G79(1.0)        |
+----------+----------------+-----------------+
| G80(0.0) | 0.103686635945 | 0.0117370892019 |
+----------+----------------+-----------------+
| G80(1.0) | 0.896313364055 | 0.988262910798  |
+----------+----------------+-----------------+
+----------+----------------+----------------+
| G60      | G60(0.0)       | G60(1.0)       |
+----------+----------------+----------------+
| G81(0.0) | 0.876731301939 | 0.297101449275 |
+----------+----------------+----------------+
| G81(1.0) | 0.123268698061 | 0.702898550725 |
+----------+----------------+----------------+
+----------+----------------+----------------+----------------+-----------------+
| G19      | G19(0.0)       | G19(0.0)       | G19(1.0)       | G19(1.0)        |
+----------+----------------+----------------+----------------+-----------------+
| G78      | G78(0.0)       | G78(1.0)       | G78(0.0)       | G78(1.0)        |
+----------+----------------+----------------+----------------+-----------------+
| G82(0.0) | 0.318181818182 | 0.164233576642 | 0.805732484076 | 0.0347091932458 |
+----------+----------------+----------------+----------------+-----------------+
| G82(1.0) | 0.681818181818 | 0.835766423358 | 0.194267515924 | 0.965290806754  |
+----------+----------------+----------------+----------------+-----------------+
+----------+----------------+-----------------+---------------+----------------+
| G3       | G3(0.0)        | G3(0.0)         | G3(1.0)       | G3(1.0)        |
+----------+----------------+-----------------+---------------+----------------+
| G96      | G96(0.0)       | G96(1.0)        | G96(0.0)      | G96(1.0)       |
+----------+----------------+-----------------+---------------+----------------+
| G83(0.0) | 0.424528301887 | 0.959665144597  | 0.24025974026 | 0.472602739726 |
+----------+----------------+-----------------+---------------+----------------+
| G83(1.0) | 0.575471698113 | 0.0403348554033 | 0.75974025974 | 0.527397260274 |
+----------+----------------+-----------------+---------------+----------------+
+----------+----------------+-----------------+----------------+---------------+
| G15      | G15(0.0)       | G15(0.0)        | G15(1.0)       | G15(1.0)      |
+----------+----------------+-----------------+----------------+---------------+
| G87      | G87(0.0)       | G87(1.0)        | G87(0.0)       | G87(1.0)      |
+----------+----------------+-----------------+----------------+---------------+
| G88(0.0) | 0.268115942029 | 0.927586206897  | 0.239130434783 | 0.52657807309 |
+----------+----------------+-----------------+----------------+---------------+
| G88(1.0) | 0.731884057971 | 0.0724137931034 | 0.760869565217 | 0.47342192691 |
+----------+----------------+-----------------+----------------+---------------+
+----------+----------------+----------------+----------------+----------------+
| G71      | G71(0.0)       | G71(0.0)       | G71(1.0)       | G71(1.0)       |
+----------+----------------+----------------+----------------+----------------+
| G85      | G85(0.0)       | G85(1.0)       | G85(0.0)       | G85(1.0)       |
+----------+----------------+----------------+----------------+----------------+
| G89(0.0) | 0.801886792453 | 0.303357314149 | 0.114035087719 | 0.151651651652 |
+----------+----------------+----------------+----------------+----------------+
| G89(1.0) | 0.198113207547 | 0.696642685851 | 0.885964912281 | 0.848348348348 |
+----------+----------------+----------------+----------------+----------------+
