[('G7', 'G6'), ('G7', 'G4'), ('G7', 'G3'), ('G7', 'G2'), ('G7', 'G1'), ('G5', 'G4'), ('G3', 'G5'), ('G3', 'G1'), ('G2', 'G5'), ('G2', 'G10'), ('G1', 'G5'), ('G1', 'G4'), ('G1', 'G2'), ('G1', 'G10'), ('G1', 'G8'), ('G9', 'G7'), ('G9', 'G6'), ('G9', 'G8'), ('G9', 'G2'), ('G9', 'G10'), ('G8', 'G6'), ('G8', 'G2'), ('G8', 'G10'), ('G10', 'G6'), ('G10', 'G4')]
+---------+-----------------+---------+
| G9      | G9(0.0)         | G9(1.0) |
+---------+-----------------+---------+
| G7(0.0) | 0.944444444444  | 0.14    |
+---------+-----------------+---------+
| G7(1.0) | 0.0555555555556 | 0.86    |
+---------+-----------------+---------+
+---------+----------+----------+-----------------+----------+----------+----------+----------+----------------+-----------------+----------+----------------+----------------+----------+-----------------+----------+----------------+
| G10     | G10(0.0) | G10(0.0) | G10(0.0)        | G10(0.0) | G10(0.0) | G10(0.0) | G10(0.0) | G10(0.0)       | G10(1.0)        | G10(1.0) | G10(1.0)       | G10(1.0)       | G10(1.0) | G10(1.0)        | G10(1.0) | G10(1.0)       |
+---------+----------+----------+-----------------+----------+----------+----------+----------+----------------+-----------------+----------+----------------+----------------+----------+-----------------+----------+----------------+
| G7      | G7(0.0)  | G7(0.0)  | G7(0.0)         | G7(0.0)  | G7(1.0)  | G7(1.0)  | G7(1.0)  | G7(1.0)        | G7(0.0)         | G7(0.0)  | G7(0.0)        | G7(0.0)        | G7(1.0)  | G7(1.0)         | G7(1.0)  | G7(1.0)        |
+---------+----------+----------+-----------------+----------+----------+----------+----------+----------------+-----------------+----------+----------------+----------------+----------+-----------------+----------+----------------+
| G8      | G8(0.0)  | G8(0.0)  | G8(1.0)         | G8(1.0)  | G8(0.0)  | G8(0.0)  | G8(1.0)  | G8(1.0)        | G8(0.0)         | G8(0.0)  | G8(1.0)        | G8(1.0)        | G8(0.0)  | G8(0.0)         | G8(1.0)  | G8(1.0)        |
+---------+----------+----------+-----------------+----------+----------+----------+----------+----------------+-----------------+----------+----------------+----------------+----------+-----------------+----------+----------------+
| G9      | G9(0.0)  | G9(1.0)  | G9(0.0)         | G9(1.0)  | G9(0.0)  | G9(1.0)  | G9(0.0)  | G9(1.0)        | G9(0.0)         | G9(1.0)  | G9(0.0)        | G9(1.0)        | G9(0.0)  | G9(1.0)         | G9(0.0)  | G9(1.0)        |
+---------+----------+----------+-----------------+----------+----------+----------+----------+----------------+-----------------+----------+----------------+----------------+----------+-----------------+----------+----------------+
| G6(0.0) | 0.5      | 0.5      | 0.0247524752475 | 0.5      | 0.5      | 0.5      | 0.5      | 0.119047619048 | 0.0151515151515 | 0.5      | 0.036231884058 | 0.190607734807 | 0.5      | 0.0151515151515 | 0.5      | 0.539486673248 |
+---------+----------+----------+-----------------+----------+----------+----------+----------+----------------+-----------------+----------+----------------+----------------+----------+-----------------+----------+----------------+
| G6(1.0) | 0.5      | 0.5      | 0.975247524752  | 0.5      | 0.5      | 0.5      | 0.5      | 0.880952380952 | 0.984848484848  | 0.5      | 0.963768115942 | 0.809392265193 | 0.5      | 0.984848484848  | 0.5      | 0.460513326752 |
+---------+----------+----------+-----------------+----------+----------+----------+----------+----------------+-----------------+----------+----------------+----------------+----------+-----------------+----------+----------------+
+---------+---------+----------------+---------+---------+-----------------+-----------------+-----------------+----------------+
| G1      | G1(0.0) | G1(0.0)        | G1(0.0) | G1(0.0) | G1(1.0)         | G1(1.0)         | G1(1.0)         | G1(1.0)        |
+---------+---------+----------------+---------+---------+-----------------+-----------------+-----------------+----------------+
| G2      | G2(0.0) | G2(0.0)        | G2(1.0) | G2(1.0) | G2(0.0)         | G2(0.0)         | G2(1.0)         | G2(1.0)        |
+---------+---------+----------------+---------+---------+-----------------+-----------------+-----------------+----------------+
| G3      | G3(0.0) | G3(1.0)        | G3(0.0) | G3(1.0) | G3(0.0)         | G3(1.0)         | G3(0.0)         | G3(1.0)        |
+---------+---------+----------------+---------+---------+-----------------+-----------------+-----------------+----------------+
| G5(0.0) | 0.5     | 0.124161073826 | 0.5     | 0.5     | 0.950402144772  | 0.963157894737  | 0.913793103448  | 0.807692307692 |
+---------+---------+----------------+---------+---------+-----------------+-----------------+-----------------+----------------+
| G5(1.0) | 0.5     | 0.875838926174 | 0.5     | 0.5     | 0.0495978552279 | 0.0368421052632 | 0.0862068965517 | 0.192307692308 |
+---------+---------+----------------+---------+---------+-----------------+-----------------+-----------------+----------------+
+---------+----------+----------+----------+----------+----------+-----------------+----------+---------------+-----------------+----------------+----------+----------+----------------+-----------------+----------------+----------+
| G1      | G1(0.0)  | G1(0.0)  | G1(0.0)  | G1(0.0)  | G1(0.0)  | G1(0.0)         | G1(0.0)  | G1(0.0)       | G1(1.0)         | G1(1.0)        | G1(1.0)  | G1(1.0)  | G1(1.0)        | G1(1.0)         | G1(1.0)        | G1(1.0)  |
+---------+----------+----------+----------+----------+----------+-----------------+----------+---------------+-----------------+----------------+----------+----------+----------------+-----------------+----------------+----------+
| G10     | G10(0.0) | G10(0.0) | G10(0.0) | G10(0.0) | G10(1.0) | G10(1.0)        | G10(1.0) | G10(1.0)      | G10(0.0)        | G10(0.0)       | G10(0.0) | G10(0.0) | G10(1.0)       | G10(1.0)        | G10(1.0)       | G10(1.0) |
+---------+----------+----------+----------+----------+----------+-----------------+----------+---------------+-----------------+----------------+----------+----------+----------------+-----------------+----------------+----------+
| G5      | G5(0.0)  | G5(0.0)  | G5(1.0)  | G5(1.0)  | G5(0.0)  | G5(0.0)         | G5(1.0)  | G5(1.0)       | G5(0.0)         | G5(0.0)        | G5(1.0)  | G5(1.0)  | G5(0.0)        | G5(0.0)         | G5(1.0)        | G5(1.0)  |
+---------+----------+----------+----------+----------+----------+-----------------+----------+---------------+-----------------+----------------+----------+----------+----------------+-----------------+----------------+----------+
| G7      | G7(0.0)  | G7(1.0)  | G7(0.0)  | G7(1.0)  | G7(0.0)  | G7(1.0)         | G7(0.0)  | G7(1.0)       | G7(0.0)         | G7(1.0)        | G7(0.0)  | G7(1.0)  | G7(0.0)        | G7(1.0)         | G7(0.0)        | G7(1.0)  |
+---------+----------+----------+----------+----------+----------+-----------------+----------+---------------+-----------------+----------------+----------+----------+----------------+-----------------+----------------+----------+
| G4(0.0) | 0.5      | 0.5      | 0.5      | 0.5      | 0.5      | 0.0471698113208 | 0.5      | 0.64440433213 | 0.975247524752  | 0.880952380952 | 0.5      | 0.5      | 0.623393316195 | 0.0615103532278 | 0.119047619048 | 0.5      |
+---------+----------+----------+----------+----------+----------+-----------------+----------+---------------+-----------------+----------------+----------+----------+----------------+-----------------+----------------+----------+
| G4(1.0) | 0.5      | 0.5      | 0.5      | 0.5      | 0.5      | 0.952830188679  | 0.5      | 0.35559566787 | 0.0247524752475 | 0.119047619048 | 0.5      | 0.5      | 0.376606683805 | 0.938489646772  | 0.880952380952 | 0.5      |
+---------+----------+----------+----------+----------+----------+-----------------+----------+---------------+-----------------+----------------+----------+----------+----------------+-----------------+----------------+----------+
+---------+----------------+----------------+
| G7      | G7(0.0)        | G7(1.0)        |
+---------+----------------+----------------+
| G3(0.0) | 0.694029850746 | 0.395424836601 |
+---------+----------------+----------------+
| G3(1.0) | 0.305970149254 | 0.604575163399 |
+---------+----------------+----------------+
+---------+---------+---------+---------+---------+---------+-----------------+---------+-----------------+---------------+---------+-----------------+-----------------+---------+---------+---------+------------------+
| G1      | G1(0.0) | G1(0.0) | G1(0.0) | G1(0.0) | G1(0.0) | G1(0.0)         | G1(0.0) | G1(0.0)         | G1(1.0)       | G1(1.0) | G1(1.0)         | G1(1.0)         | G1(1.0) | G1(1.0) | G1(1.0) | G1(1.0)          |
+---------+---------+---------+---------+---------+---------+-----------------+---------+-----------------+---------------+---------+-----------------+-----------------+---------+---------+---------+------------------+
| G7      | G7(0.0) | G7(0.0) | G7(0.0) | G7(0.0) | G7(1.0) | G7(1.0)         | G7(1.0) | G7(1.0)         | G7(0.0)       | G7(0.0) | G7(0.0)         | G7(0.0)         | G7(1.0) | G7(1.0) | G7(1.0) | G7(1.0)          |
+---------+---------+---------+---------+---------+---------+-----------------+---------+-----------------+---------------+---------+-----------------+-----------------+---------+---------+---------+------------------+
| G8      | G8(0.0) | G8(0.0) | G8(1.0) | G8(1.0) | G8(0.0) | G8(0.0)         | G8(1.0) | G8(1.0)         | G8(0.0)       | G8(0.0) | G8(1.0)         | G8(1.0)         | G8(0.0) | G8(0.0) | G8(1.0) | G8(1.0)          |
+---------+---------+---------+---------+---------+---------+-----------------+---------+-----------------+---------------+---------+-----------------+-----------------+---------+---------+---------+------------------+
| G9      | G9(0.0) | G9(1.0) | G9(0.0) | G9(1.0) | G9(0.0) | G9(1.0)         | G9(0.0) | G9(1.0)         | G9(0.0)       | G9(1.0) | G9(0.0)         | G9(1.0)         | G9(0.0) | G9(1.0) | G9(0.0) | G9(1.0)          |
+---------+---------+---------+---------+---------+---------+-----------------+---------+-----------------+---------------+---------+-----------------+-----------------+---------+---------+---------+------------------+
| G2(0.0) | 0.5     | 0.5     | 0.5     | 0.5     | 0.5     | 0.984848484848  | 0.5     | 0.984848484848  | 0.59696969697 | 0.5     | 0.984848484848  | 0.986187845304  | 0.5     | 0.5     | 0.5     | 0.997123130035   |
+---------+---------+---------+---------+---------+---------+-----------------+---------+-----------------+---------------+---------+-----------------+-----------------+---------+---------+---------+------------------+
| G2(1.0) | 0.5     | 0.5     | 0.5     | 0.5     | 0.5     | 0.0151515151515 | 0.5     | 0.0151515151515 | 0.40303030303 | 0.5     | 0.0151515151515 | 0.0138121546961 | 0.5     | 0.5     | 0.5     | 0.00287686996548 |
+---------+---------+---------+---------+---------+---------+-----------------+---------+-----------------+---------------+---------+-----------------+-----------------+---------+---------+---------+------------------+
+---------+-----------------+-----------------+-----------------+----------------+
| G3      | G3(0.0)         | G3(0.0)         | G3(1.0)         | G3(1.0)        |
+---------+-----------------+-----------------+-----------------+----------------+
| G7      | G7(0.0)         | G7(1.0)         | G7(0.0)         | G7(1.0)        |
+---------+-----------------+-----------------+-----------------+----------------+
| G1(0.0) | 0.0268817204301 | 0.0867768595041 | 0.0609756097561 | 0.402702702703 |
+---------+-----------------+-----------------+-----------------+----------------+
| G1(1.0) | 0.97311827957   | 0.913223140496  | 0.939024390244  | 0.597297297297 |
+---------+-----------------+-----------------+-----------------+----------------+
+---------+----------+
| G9(0.0) | 0.204545 |
+---------+----------+
| G9(1.0) | 0.795455 |
+---------+----------+
+---------+---------+---------+---------+------------------+
| G1      | G1(0.0) | G1(0.0) | G1(1.0) | G1(1.0)          |
+---------+---------+---------+---------+------------------+
| G9      | G9(0.0) | G9(1.0) | G9(0.0) | G9(1.0)          |
+---------+---------+---------+---------+------------------+
| G8(0.0) | 0.5     | 0.5     | 0.5     | 0.00943396226415 |
+---------+---------+---------+---------+------------------+
| G8(1.0) | 0.5     | 0.5     | 0.5     | 0.990566037736   |
+---------+---------+---------+---------+------------------+
+----------+---------+-----------------+---------+-----------------+---------+---------+---------+---------+-----------------+---------+---------------+-----------------+----------------+---------+---------+---------+
| G1       | G1(0.0) | G1(0.0)         | G1(0.0) | G1(0.0)         | G1(0.0) | G1(0.0) | G1(0.0) | G1(0.0) | G1(1.0)         | G1(1.0) | G1(1.0)       | G1(1.0)         | G1(1.0)        | G1(1.0) | G1(1.0) | G1(1.0) |
+----------+---------+-----------------+---------+-----------------+---------+---------+---------+---------+-----------------+---------+---------------+-----------------+----------------+---------+---------+---------+
| G2       | G2(0.0) | G2(0.0)         | G2(0.0) | G2(0.0)         | G2(1.0) | G2(1.0) | G2(1.0) | G2(1.0) | G2(0.0)         | G2(0.0) | G2(0.0)       | G2(0.0)         | G2(1.0)        | G2(1.0) | G2(1.0) | G2(1.0) |
+----------+---------+-----------------+---------+-----------------+---------+---------+---------+---------+-----------------+---------+---------------+-----------------+----------------+---------+---------+---------+
| G8       | G8(0.0) | G8(0.0)         | G8(1.0) | G8(1.0)         | G8(0.0) | G8(0.0) | G8(1.0) | G8(1.0) | G8(0.0)         | G8(0.0) | G8(1.0)       | G8(1.0)         | G8(0.0)        | G8(0.0) | G8(1.0) | G8(1.0) |
+----------+---------+-----------------+---------+-----------------+---------+---------+---------+---------+-----------------+---------+---------------+-----------------+----------------+---------+---------+---------+
| G9       | G9(0.0) | G9(1.0)         | G9(0.0) | G9(1.0)         | G9(0.0) | G9(1.0) | G9(0.0) | G9(1.0) | G9(0.0)         | G9(1.0) | G9(0.0)       | G9(1.0)         | G9(0.0)        | G9(1.0) | G9(0.0) | G9(1.0) |
+----------+---------+-----------------+---------+-----------------+---------+---------+---------+---------+-----------------+---------+---------------+-----------------+----------------+---------+---------+---------+
| G10(0.0) | 0.5     | 0.0151515151515 | 0.5     | 0.0151515151515 | 0.5     | 0.5     | 0.5     | 0.5     | 0.0247524752475 | 0.5     | 0.59696969697 | 0.0177033492823 | 0.036231884058 | 0.5     | 0.5     | 0.5     |
+----------+---------+-----------------+---------+-----------------+---------+---------+---------+---------+-----------------+---------+---------------+-----------------+----------------+---------+---------+---------+
| G10(1.0) | 0.5     | 0.984848484848  | 0.5     | 0.984848484848  | 0.5     | 0.5     | 0.5     | 0.5     | 0.975247524752  | 0.5     | 0.40303030303 | 0.982296650718  | 0.963768115942 | 0.5     | 0.5     | 0.5     |
+----------+---------+-----------------+---------+-----------------+---------+---------+---------+---------+-----------------+---------+---------------+-----------------+----------------+---------+---------+---------+
