[('G7', 'G8'), ('G7', 'G2'), ('G7', 'G10'), ('G5', 'G4'), ('G4', 'G3'), ('G3', 'G6'), ('G2', 'G5'), ('G2', 'G3'), ('G2', 'G9'), ('G1', 'G7'), ('G1', 'G3'), ('G1', 'G2'), ('G1', 'G9'), ('G1', 'G10'), ('G8', 'G6'), ('G8', 'G4'), ('G8', 'G3'), ('G8', 'G10'), ('G10', 'G5'), ('G10', 'G4'), ('G10', 'G2'), ('G10', 'G9')]
+---------+---------------+----------------+
| G1      | G1(0.0)       | G1(1.0)        |
+---------+---------------+----------------+
| G7(0.0) | 0.39247311828 | 0.759842519685 |
+---------+---------------+----------------+
| G7(1.0) | 0.60752688172 | 0.240157480315 |
+---------+---------------+----------------+
+---------+----------------+----------------+----------------+----------------+
| G3      | G3(0.0)        | G3(0.0)        | G3(1.0)        | G3(1.0)        |
+---------+----------------+----------------+----------------+----------------+
| G8      | G8(0.0)        | G8(1.0)        | G8(0.0)        | G8(1.0)        |
+---------+----------------+----------------+----------------+----------------+
| G6(0.0) | 0.745614035088 | 0.387640449438 | 0.318181818182 | 0.270114942529 |
+---------+----------------+----------------+----------------+----------------+
| G6(1.0) | 0.254385964912 | 0.612359550562 | 0.681818181818 | 0.729885057471 |
+---------+----------------+----------------+----------------+----------------+
+---------+----------------+-----------------+-----------------+----------------+
| G10     | G10(0.0)       | G10(0.0)        | G10(1.0)        | G10(1.0)       |
+---------+----------------+-----------------+-----------------+----------------+
| G2      | G2(0.0)        | G2(1.0)         | G2(0.0)         | G2(1.0)        |
+---------+----------------+-----------------+-----------------+----------------+
| G5(0.0) | 0.192307692308 | 0.0675675675676 | 0.0846645367412 | 0.292207792208 |
+---------+----------------+-----------------+-----------------+----------------+
| G5(1.0) | 0.807692307692 | 0.932432432432  | 0.915335463259  | 0.707792207792 |
+---------+----------------+-----------------+-----------------+----------------+
+---------+----------+----------+-----------------+----------+----------------+-----------------+----------------+-----------------+
| G10     | G10(0.0) | G10(0.0) | G10(0.0)        | G10(0.0) | G10(1.0)       | G10(1.0)        | G10(1.0)       | G10(1.0)        |
+---------+----------+----------+-----------------+----------+----------------+-----------------+----------------+-----------------+
| G5      | G5(0.0)  | G5(0.0)  | G5(1.0)         | G5(1.0)  | G5(0.0)        | G5(0.0)         | G5(1.0)        | G5(1.0)         |
+---------+----------+----------+-----------------+----------+----------------+-----------------+----------------+-----------------+
| G8      | G8(0.0)  | G8(1.0)  | G8(0.0)         | G8(1.0)  | G8(0.0)        | G8(1.0)         | G8(0.0)        | G8(1.0)         |
+---------+----------+----------+-----------------+----------+----------------+-----------------+----------------+-----------------+
| G4(0.0) | 0.5      | 0.5      | 0.970588235294  | 0.5      | 0.807692307692 | 0.970588235294  | 0.863636363636 | 0.982644628099  |
+---------+----------+----------+-----------------+----------+----------------+-----------------+----------------+-----------------+
| G4(1.0) | 0.5      | 0.5      | 0.0294117647059 | 0.5      | 0.192307692308 | 0.0294117647059 | 0.136363636364 | 0.0173553719008 |
+---------+----------+----------+-----------------+----------+----------------+-----------------+----------------+-----------------+
+---------+----------------+----------------+---------+---------+----------------+----------------+---------+---------+---------+-----------------+----------------+---------+-----------------+-----------------+---------+----------------+
| G1      | G1(0.0)        | G1(0.0)        | G1(0.0) | G1(0.0) | G1(0.0)        | G1(0.0)        | G1(0.0) | G1(0.0) | G1(1.0) | G1(1.0)         | G1(1.0)        | G1(1.0) | G1(1.0)         | G1(1.0)         | G1(1.0) | G1(1.0)        |
+---------+----------------+----------------+---------+---------+----------------+----------------+---------+---------+---------+-----------------+----------------+---------+-----------------+-----------------+---------+----------------+
| G2      | G2(0.0)        | G2(0.0)        | G2(0.0) | G2(0.0) | G2(1.0)        | G2(1.0)        | G2(1.0) | G2(1.0) | G2(0.0) | G2(0.0)         | G2(0.0)        | G2(0.0) | G2(1.0)         | G2(1.0)         | G2(1.0) | G2(1.0)        |
+---------+----------------+----------------+---------+---------+----------------+----------------+---------+---------+---------+-----------------+----------------+---------+-----------------+-----------------+---------+----------------+
| G4      | G4(0.0)        | G4(0.0)        | G4(1.0) | G4(1.0) | G4(0.0)        | G4(0.0)        | G4(1.0) | G4(1.0) | G4(0.0) | G4(0.0)         | G4(1.0)        | G4(1.0) | G4(0.0)         | G4(0.0)         | G4(1.0) | G4(1.0)        |
+---------+----------------+----------------+---------+---------+----------------+----------------+---------+---------+---------+-----------------+----------------+---------+-----------------+-----------------+---------+----------------+
| G8      | G8(0.0)        | G8(1.0)        | G8(0.0) | G8(1.0) | G8(0.0)        | G8(1.0)        | G8(0.0) | G8(1.0) | G8(0.0) | G8(1.0)         | G8(0.0)        | G8(1.0) | G8(0.0)         | G8(1.0)         | G8(0.0) | G8(1.0)        |
+---------+----------------+----------------+---------+---------+----------------+----------------+---------+---------+---------+-----------------+----------------+---------+-----------------+-----------------+---------+----------------+
| G3(0.0) | 0.119047619048 | 0.221179624665 | 0.5     | 0.5     | 0.782352941176 | 0.597959183673 | 0.5     | 0.5     | 0.5     | 0.0937940761636 | 0.880952380952 | 0.5     | 0.952830188679  | 0.932432432432  | 0.5     | 0.880952380952 |
+---------+----------------+----------------+---------+---------+----------------+----------------+---------+---------+---------+-----------------+----------------+---------+-----------------+-----------------+---------+----------------+
| G3(1.0) | 0.880952380952 | 0.778820375335 | 0.5     | 0.5     | 0.217647058824 | 0.402040816327 | 0.5     | 0.5     | 0.5     | 0.906205923836  | 0.119047619048 | 0.5     | 0.0471698113208 | 0.0675675675676 | 0.5     | 0.119047619048 |
+---------+----------------+----------------+---------+---------+----------------+----------------+---------+---------+---------+-----------------+----------------+---------+-----------------+-----------------+---------+----------------+
+---------+----------+----------------+----------------+---------------+----------+----------------+-----------------+----------------+
| G1      | G1(0.0)  | G1(0.0)        | G1(0.0)        | G1(0.0)       | G1(1.0)  | G1(1.0)        | G1(1.0)         | G1(1.0)        |
+---------+----------+----------------+----------------+---------------+----------+----------------+-----------------+----------------+
| G10     | G10(0.0) | G10(0.0)       | G10(1.0)       | G10(1.0)      | G10(0.0) | G10(0.0)       | G10(1.0)        | G10(1.0)       |
+---------+----------+----------------+----------------+---------------+----------+----------------+-----------------+----------------+
| G7      | G7(0.0)  | G7(1.0)        | G7(0.0)        | G7(1.0)       | G7(0.0)  | G7(1.0)        | G7(0.0)         | G7(1.0)        |
+---------+----------+----------------+----------------+---------------+----------+----------------+-----------------+----------------+
| G2(0.0) | 0.5      | 0.198113207547 | 0.812056737589 | 0.43063583815 | 0.5      | 0.283783783784 | 0.951443569554  | 0.876470588235 |
+---------+----------+----------------+----------------+---------------+----------+----------------+-----------------+----------------+
| G2(1.0) | 0.5      | 0.801886792453 | 0.187943262411 | 0.56936416185 | 0.5      | 0.716216216216 | 0.0485564304462 | 0.123529411765 |
+---------+----------+----------------+----------------+---------------+----------+----------------+-----------------+----------------+
+---------+----------+
| G1(0.0) | 0.422727 |
+---------+----------+
| G1(1.0) | 0.577273 |
+---------+----------+
+---------+----------------+-----------------+---------------+----------+----------------+-----------------+----------------+-----------------+
| G1      | G1(0.0)        | G1(0.0)         | G1(0.0)       | G1(0.0)  | G1(1.0)        | G1(1.0)         | G1(1.0)        | G1(1.0)         |
+---------+----------------+-----------------+---------------+----------+----------------+-----------------+----------------+-----------------+
| G10     | G10(0.0)       | G10(0.0)        | G10(1.0)      | G10(1.0) | G10(0.0)       | G10(0.0)        | G10(1.0)       | G10(1.0)        |
+---------+----------------+-----------------+---------------+----------+----------------+-----------------+----------------+-----------------+
| G2      | G2(0.0)        | G2(1.0)         | G2(0.0)       | G2(1.0)  | G2(0.0)        | G2(1.0)         | G2(0.0)        | G2(1.0)         |
+---------+----------------+-----------------+---------------+----------+----------------+-----------------+----------------+-----------------+
| G9(0.0) | 0.192307692308 | 0.944444444444  | 0.18253968254 | 0.66     | 0.192307692308 | 0.913793103448  | 0.115560640732 | 0.913793103448  |
+---------+----------------+-----------------+---------------+----------+----------------+-----------------+----------------+-----------------+
| G9(1.0) | 0.807692307692 | 0.0555555555556 | 0.81746031746 | 0.34     | 0.807692307692 | 0.0862068965517 | 0.884439359268 | 0.0862068965517 |
+---------+----------------+-----------------+---------------+----------+----------------+-----------------+----------------+-----------------+
+---------+----------------+----------------+
| G7      | G7(0.0)        | G7(1.0)        |
+---------+----------------+----------------+
| G8(0.0) | 0.154135338346 | 0.281609195402 |
+---------+----------------+----------------+
| G8(1.0) | 0.845864661654 | 0.718390804598 |
+---------+----------------+----------------+
+----------+---------+-----------------+-----------------+----------------+-----------------+------------------+----------------+-----------------+
| G1       | G1(0.0) | G1(0.0)         | G1(0.0)         | G1(0.0)        | G1(1.0)         | G1(1.0)          | G1(1.0)        | G1(1.0)         |
+----------+---------+-----------------+-----------------+----------------+-----------------+------------------+----------------+-----------------+
| G7       | G7(0.0) | G7(0.0)         | G7(1.0)         | G7(1.0)        | G7(0.0)         | G7(0.0)          | G7(1.0)        | G7(1.0)         |
+----------+---------+-----------------+-----------------+----------------+-----------------+------------------+----------------+-----------------+
| G8       | G8(0.0) | G8(1.0)         | G8(0.0)         | G8(1.0)        | G8(0.0)         | G8(1.0)          | G8(0.0)        | G8(1.0)         |
+----------+---------+-----------------+-----------------+----------------+-----------------+------------------+----------------+-----------------+
| G10(0.0) | 0.5     | 0.0177304964539 | 0.952830188679  | 0.014450867052 | 0.0324675324675 | 0.00809061488673 | 0.766666666667 | 0.0324675324675 |
+----------+---------+-----------------+-----------------+----------------+-----------------+------------------+----------------+-----------------+
| G10(1.0) | 0.5     | 0.982269503546  | 0.0471698113208 | 0.985549132948 | 0.967532467532  | 0.991909385113   | 0.233333333333 | 0.967532467532  |
+----------+---------+-----------------+-----------------+----------------+-----------------+------------------+----------------+-----------------+
