[('YAL040C', 'YER111C'), ('YAL040C', 'YDL056W'), ('YLR079W', 'YDR146C'), ('YGL116W', 'YPR120C'), ('YGR108W', 'YAL040C'), ('YER111C', 'YMR043W'), ('YER111C', 'YMR199W'), ('YPR120C', 'YLR079W'), ('YPR120C', 'YGL003C'), ('YGL003C', 'YGR108W')]
+------------+------------+
| YGR108W    | YGR108W(0) |
+------------+------------+
| YAL040C(1) | 1.0        |
+------------+------------+
+------------+------------+
| YPR120C    | YPR120C(0) |
+------------+------------+
| YLR079W(0) | 1.0        |
+------------+------------+
+------------+------------+
| YER111C    | YER111C(0) |
+------------+------------+
| YMR199W(0) | 1.0        |
+------------+------------+
+------------+------------+
| YAL040C    | YAL040C(1) |
+------------+------------+
| YDL056W(1) | 1.0        |
+------------+------------+
+------------+---+
| YGL116W(1) | 1 |
+------------+---+
+------------+------------+
| YER111C    | YER111C(0) |
+------------+------------+
| YMR043W(0) | 1.0        |
+------------+------------+
+------------+------------+
| YLR079W    | YLR079W(0) |
+------------+------------+
| YDR146C(0) | 1.0        |
+------------+------------+
+------------+------------+
| YGL003C    | YGL003C(1) |
+------------+------------+
| YGR108W(0) | 1.0        |
+------------+------------+
+------------+------------+
| YAL040C    | YAL040C(1) |
+------------+------------+
| YER111C(0) | 1.0        |
+------------+------------+
+------------+------------+
| YGL116W    | YGL116W(1) |
+------------+------------+
| YPR120C(0) | 1.0        |
+------------+------------+
+------------+------------+
| YPR120C    | YPR120C(0) |
+------------+------------+
| YGL003C(1) | 1.0        |
+------------+------------+
[(('YLR079W', 0), ('YGL116W', 1)), (('YDL056W', 1), ('YGL116W', 1)), (('YER111C', 1), ('YMR043W', 1)), (('YER111C', 1), ('YLR079W', 1)), (('YGL003C', 0), ('YDR146C', 1)), (('YAL040C', 0), ('YGR108W', 1)), (('YER111C', 0), ('YMR199W', 1)), (('YER111C', 0), ('YPR120C', 1)), (('YER111C', 0), ('YER111C', 1)), (('YGR108W', 1), ('YGL003C', 1)), (('YGR108W', 1), ('YDR146C', 1)), (('YGR108W', 1), ('YMR043W', 1)), (('YPR120C', 0), ('YAL040C', 1)), (('YGL116W', 0), ('YMR043W', 1)), (('YGL116W', 0), ('YDL056W', 1)), (('YGL116W', 0), ('YGR108W', 1)), (('YGL116W', 0), ('YAL040C', 1)), (('YGR108W', 0), ('YGL116W', 1)), (('YGR108W', 0), ('YPR120C', 1)), (('YGR108W', 0), ('YLR079W', 1)), (('YGR108W', 0), ('YGR108W', 1)), (('YDR146C', 0), ('YDL056W', 1)), (('YDR146C', 0), ('YPR120C', 1)), (('YGL116W', 1), ('YGL003C', 1)), (('YGL116W', 1), ('YER111C', 1)), (('YGL116W', 1), ('YMR199W', 1)), (('YLR079W', 1), ('YGL003C', 1)), (('YDL056W', 0), ('YMR199W', 1)), (('YDL056W', 0), ('YDR146C', 1)), (('YDL056W', 0), ('YLR079W', 1)), (('YDR146C', 1), ('YDL056W', 1)), (('YDR146C', 1), ('YER111C', 1)), (('YDR146C', 1), ('YAL040C', 1))]
+----------------+----------------+-----------------+----------------+----------------+--------------+----------------+-----------------+-----------------+
| ('YDR146C', 1) | YDR146C_1(0)   | YDR146C_1(0)    | YDR146C_1(0)   | YDR146C_1(0)   | YDR146C_1(1) | YDR146C_1(1)   | YDR146C_1(1)    | YDR146C_1(1)    |
+----------------+----------------+-----------------+----------------+----------------+--------------+----------------+-----------------+-----------------+
| ('YGL116W', 0) | YGL116W_0(0)   | YGL116W_0(0)    | YGL116W_0(1)   | YGL116W_0(1)   | YGL116W_0(0) | YGL116W_0(0)   | YGL116W_0(1)    | YGL116W_0(1)    |
+----------------+----------------+-----------------+----------------+----------------+--------------+----------------+-----------------+-----------------+
| ('YPR120C', 0) | YPR120C_0(0)   | YPR120C_0(1)    | YPR120C_0(0)   | YPR120C_0(1)   | YPR120C_0(0) | YPR120C_0(1)   | YPR120C_0(0)    | YPR120C_0(1)    |
+----------------+----------------+-----------------+----------------+----------------+--------------+----------------+-----------------+-----------------+
| YAL040C(0)     | 0.807692307692 | 0.932432432432  | 0.192307692308 | 0.807692307692 | 0.5          | 0.192307692308 | 0.0555555555556 | 0.913793103448  |
+----------------+----------------+-----------------+----------------+----------------+--------------+----------------+-----------------+-----------------+
| YAL040C(1)     | 0.192307692308 | 0.0675675675676 | 0.807692307692 | 0.192307692308 | 0.5          | 0.807692307692 | 0.944444444444  | 0.0862068965517 |
+----------------+----------------+-----------------+----------------+----------------+--------------+----------------+-----------------+-----------------+
+----------------+--------------+--------------+----------------+----------------+--------------+----------------+-----------------+-----------------+
| ('YDL056W', 0) | YDL056W_0(0) | YDL056W_0(0) | YDL056W_0(0)   | YDL056W_0(0)   | YDL056W_0(1) | YDL056W_0(1)   | YDL056W_0(1)    | YDL056W_0(1)    |
+----------------+--------------+--------------+----------------+----------------+--------------+----------------+-----------------+-----------------+
| ('YER111C', 1) | YER111C_1(0) | YER111C_1(0) | YER111C_1(1)   | YER111C_1(1)   | YER111C_1(0) | YER111C_1(0)   | YER111C_1(1)    | YER111C_1(1)    |
+----------------+--------------+--------------+----------------+----------------+--------------+----------------+-----------------+-----------------+
| ('YGR108W', 0) | YGR108W_0(0) | YGR108W_0(1) | YGR108W_0(0)   | YGR108W_0(1)   | YGR108W_0(0) | YGR108W_0(1)   | YGR108W_0(0)    | YGR108W_0(1)    |
+----------------+--------------+--------------+----------------+----------------+--------------+----------------+-----------------+-----------------+
| YLR079W(0)     | 0.5          | 0.5          | 0.119047619048 | 0.192307692308 | 0.5          | 0.650943396226 | 0.913793103448  | 0.0675675675676 |
+----------------+--------------+--------------+----------------+----------------+--------------+----------------+-----------------+-----------------+
| YLR079W(1)     | 0.5          | 0.5          | 0.880952380952 | 0.807692307692 | 0.5          | 0.349056603774 | 0.0862068965517 | 0.932432432432  |
+----------------+--------------+--------------+----------------+----------------+--------------+----------------+-----------------+-----------------+
+----------------+----------------+----------------+----------------+----------------+----------------+----------------+-----------------+-----------------+
| ('YGL116W', 1) | YGL116W_1(0)   | YGL116W_1(0)   | YGL116W_1(0)   | YGL116W_1(0)   | YGL116W_1(1)   | YGL116W_1(1)   | YGL116W_1(1)    | YGL116W_1(1)    |
+----------------+----------------+----------------+----------------+----------------+----------------+----------------+-----------------+-----------------+
| ('YGR108W', 1) | YGR108W_1(0)   | YGR108W_1(0)   | YGR108W_1(1)   | YGR108W_1(1)   | YGR108W_1(0)   | YGR108W_1(0)   | YGR108W_1(1)    | YGR108W_1(1)    |
+----------------+----------------+----------------+----------------+----------------+----------------+----------------+-----------------+-----------------+
| ('YLR079W', 1) | YLR079W_1(0)   | YLR079W_1(1)   | YLR079W_1(0)   | YLR079W_1(1)   | YLR079W_1(0)   | YLR079W_1(1)   | YLR079W_1(0)    | YLR079W_1(1)    |
+----------------+----------------+----------------+----------------+----------------+----------------+----------------+-----------------+-----------------+
| YGL003C(0)     | 0.192307692308 | 0.807692307692 | 0.192307692308 | 0.637931034483 | 0.192307692308 | 0.807692307692 | 0.0675675675676 | 0.0675675675676 |
+----------------+----------------+----------------+----------------+----------------+----------------+----------------+-----------------+-----------------+
| YGL003C(1)     | 0.807692307692 | 0.192307692308 | 0.807692307692 | 0.362068965517 | 0.807692307692 | 0.192307692308 | 0.932432432432  | 0.932432432432  |
+----------------+----------------+----------------+----------------+----------------+----------------+----------------+-----------------+-----------------+
+----------------+-----------------+----------------+--------------+----------------+----------------+--------------+----------------+-----------------+
| ('YDR146C', 0) | YDR146C_0(0)    | YDR146C_0(0)   | YDR146C_0(0) | YDR146C_0(0)   | YDR146C_0(1)   | YDR146C_0(1) | YDR146C_0(1)   | YDR146C_0(1)    |
+----------------+-----------------+----------------+--------------+----------------+----------------+--------------+----------------+-----------------+
| ('YDR146C', 1) | YDR146C_1(0)    | YDR146C_1(0)   | YDR146C_1(1) | YDR146C_1(1)   | YDR146C_1(0)   | YDR146C_1(0) | YDR146C_1(1)   | YDR146C_1(1)    |
+----------------+-----------------+----------------+--------------+----------------+----------------+--------------+----------------+-----------------+
| ('YGL116W', 0) | YGL116W_0(0)    | YGL116W_0(1)   | YGL116W_0(0) | YGL116W_0(1)   | YGL116W_0(0)   | YGL116W_0(1) | YGL116W_0(0)   | YGL116W_0(1)    |
+----------------+-----------------+----------------+--------------+----------------+----------------+--------------+----------------+-----------------+
| YDL056W(0)     | 0.0675675675676 | 0.880952380952 | 0.5          | 0.119047619048 | 0.807692307692 | 0.5          | 0.192307692308 | 0.0471698113208 |
+----------------+-----------------+----------------+--------------+----------------+----------------+--------------+----------------+-----------------+
| YDL056W(1)     | 0.932432432432  | 0.119047619048 | 0.5          | 0.880952380952 | 0.192307692308 | 0.5          | 0.807692307692 | 0.952830188679  |
+----------------+-----------------+----------------+--------------+----------------+----------------+--------------+----------------+-----------------+
+----------------+--------------+----------------+--------------+----------------+----------------+----------------+-----------------+----------------+
| ('YDL056W', 1) | YDL056W_1(0) | YDL056W_1(0)   | YDL056W_1(0) | YDL056W_1(0)   | YDL056W_1(1)   | YDL056W_1(1)   | YDL056W_1(1)    | YDL056W_1(1)   |
+----------------+--------------+----------------+--------------+----------------+----------------+----------------+-----------------+----------------+
| ('YGR108W', 0) | YGR108W_0(0) | YGR108W_0(0)   | YGR108W_0(1) | YGR108W_0(1)   | YGR108W_0(0)   | YGR108W_0(0)   | YGR108W_0(1)    | YGR108W_0(1)   |
+----------------+--------------+----------------+--------------+----------------+----------------+----------------+-----------------+----------------+
| ('YLR079W', 0) | YLR079W_0(0) | YLR079W_0(1)   | YLR079W_0(0) | YLR079W_0(1)   | YLR079W_0(0)   | YLR079W_0(1)   | YLR079W_0(0)    | YLR079W_0(1)   |
+----------------+--------------+----------------+--------------+----------------+----------------+----------------+-----------------+----------------+
| YGL116W(0)     | 0.5          | 0.880952380952 | 0.5          | 0.192307692308 | 0.880952380952 | 0.192307692308 | 0.0555555555556 | 0.411111111111 |
+----------------+--------------+----------------+--------------+----------------+----------------+----------------+-----------------+----------------+
| YGL116W(1)     | 0.5          | 0.119047619048 | 0.5          | 0.807692307692 | 0.119047619048 | 0.807692307692 | 0.944444444444  | 0.588888888889 |
+----------------+--------------+----------------+--------------+----------------+----------------+----------------+-----------------+----------------+
+----------------+--------------+----------------+--------------+----------------+-----------------+----------------+----------------+-----------------+
| ('YER111C', 1) | YER111C_1(0) | YER111C_1(0)   | YER111C_1(0) | YER111C_1(0)   | YER111C_1(1)    | YER111C_1(1)   | YER111C_1(1)   | YER111C_1(1)    |
+----------------+--------------+----------------+--------------+----------------+-----------------+----------------+----------------+-----------------+
| ('YGL116W', 0) | YGL116W_0(0) | YGL116W_0(0)   | YGL116W_0(1) | YGL116W_0(1)   | YGL116W_0(0)    | YGL116W_0(0)   | YGL116W_0(1)   | YGL116W_0(1)    |
+----------------+--------------+----------------+--------------+----------------+-----------------+----------------+----------------+-----------------+
| ('YGR108W', 1) | YGR108W_1(0) | YGR108W_1(1)   | YGR108W_1(0) | YGR108W_1(1)   | YGR108W_1(0)    | YGR108W_1(1)   | YGR108W_1(0)   | YGR108W_1(1)    |
+----------------+--------------+----------------+--------------+----------------+-----------------+----------------+----------------+-----------------+
| YMR043W(0)     | 0.5          | 0.807692307692 | 0.5          | 0.588888888889 | 0.913793103448  | 0.880952380952 | 0.807692307692 | 0.0675675675676 |
+----------------+--------------+----------------+--------------+----------------+-----------------+----------------+----------------+-----------------+
| YMR043W(1)     | 0.5          | 0.192307692308 | 0.5          | 0.411111111111 | 0.0862068965517 | 0.119047619048 | 0.192307692308 | 0.932432432432  |
+----------------+--------------+----------------+--------------+----------------+-----------------+----------------+----------------+-----------------+
+----------------+--------------+----------------+----------------+----------------+----------------+----------------+----------------+-----------------+
| ('YDL056W', 0) | YDL056W_0(0) | YDL056W_0(0)   | YDL056W_0(0)   | YDL056W_0(0)   | YDL056W_0(1)   | YDL056W_0(1)   | YDL056W_0(1)   | YDL056W_0(1)    |
+----------------+--------------+----------------+----------------+----------------+----------------+----------------+----------------+-----------------+
| ('YGL003C', 0) | YGL003C_0(0) | YGL003C_0(0)   | YGL003C_0(1)   | YGL003C_0(1)   | YGL003C_0(0)   | YGL003C_0(0)   | YGL003C_0(1)   | YGL003C_0(1)    |
+----------------+--------------+----------------+----------------+----------------+----------------+----------------+----------------+-----------------+
| ('YGR108W', 1) | YGR108W_1(0) | YGR108W_1(1)   | YGR108W_1(0)   | YGR108W_1(1)   | YGR108W_1(0)   | YGR108W_1(1)   | YGR108W_1(0)   | YGR108W_1(1)    |
+----------------+--------------+----------------+----------------+----------------+----------------+----------------+----------------+-----------------+
| YDR146C(0)     | 0.5          | 0.807692307692 | 0.807692307692 | 0.807692307692 | 0.880952380952 | 0.807692307692 | 0.807692307692 | 0.0324675324675 |
+----------------+--------------+----------------+----------------+----------------+----------------+----------------+----------------+-----------------+
| YDR146C(1)     | 0.5          | 0.192307692308 | 0.192307692308 | 0.192307692308 | 0.119047619048 | 0.192307692308 | 0.192307692308 | 0.967532467532  |
+----------------+--------------+----------------+----------------+----------------+----------------+----------------+----------------+-----------------+
+----------------+----------------+-----------------+----------------+-----------------+----------------+----------------+----------------+-----------------+
| ('YAL040C', 0) | YAL040C_0(0)   | YAL040C_0(0)    | YAL040C_0(0)   | YAL040C_0(0)    | YAL040C_0(1)   | YAL040C_0(1)   | YAL040C_0(1)   | YAL040C_0(1)    |
+----------------+----------------+-----------------+----------------+-----------------+----------------+----------------+----------------+-----------------+
| ('YGL116W', 0) | YGL116W_0(0)   | YGL116W_0(0)    | YGL116W_0(1)   | YGL116W_0(1)    | YGL116W_0(0)   | YGL116W_0(0)   | YGL116W_0(1)   | YGL116W_0(1)    |
+----------------+----------------+-----------------+----------------+-----------------+----------------+----------------+----------------+-----------------+
| ('YGR108W', 0) | YGR108W_0(0)   | YGR108W_0(1)    | YGR108W_0(0)   | YGR108W_0(1)    | YGR108W_0(0)   | YGR108W_0(1)   | YGR108W_0(0)   | YGR108W_0(1)    |
+----------------+----------------+-----------------+----------------+-----------------+----------------+----------------+----------------+-----------------+
| YGR108W(0)     | 0.807692307692 | 0.0862068965517 | 0.119047619048 | 0.0862068965517 | 0.807692307692 | 0.807692307692 | 0.807692307692 | 0.0675675675676 |
+----------------+----------------+-----------------+----------------+-----------------+----------------+----------------+----------------+-----------------+
| YGR108W(1)     | 0.192307692308 | 0.913793103448  | 0.880952380952 | 0.913793103448  | 0.192307692308 | 0.192307692308 | 0.192307692308 | 0.932432432432  |
+----------------+----------------+-----------------+----------------+-----------------+----------------+----------------+----------------+-----------------+
+----------------+--------------+--------------+-----------------+-----------------+--------------+----------------+----------------+----------------+
| ('YDR146C', 1) | YDR146C_1(0) | YDR146C_1(0) | YDR146C_1(0)    | YDR146C_1(0)    | YDR146C_1(1) | YDR146C_1(1)   | YDR146C_1(1)   | YDR146C_1(1)   |
+----------------+--------------+--------------+-----------------+-----------------+--------------+----------------+----------------+----------------+
| ('YER111C', 0) | YER111C_0(0) | YER111C_0(0) | YER111C_0(1)    | YER111C_0(1)    | YER111C_0(0) | YER111C_0(0)   | YER111C_0(1)   | YER111C_0(1)   |
+----------------+--------------+--------------+-----------------+-----------------+--------------+----------------+----------------+----------------+
| ('YGL116W', 1) | YGL116W_1(0) | YGL116W_1(1) | YGL116W_1(0)    | YGL116W_1(1)    | YGL116W_1(0) | YGL116W_1(1)   | YGL116W_1(0)   | YGL116W_1(1)   |
+----------------+--------------+--------------+-----------------+-----------------+--------------+----------------+----------------+----------------+
| YER111C(0)     | 0.5          | 0.5          | 0.0675675675676 | 0.0862068965517 | 0.5          | 0.766666666667 | 0.119047619048 | 0.880952380952 |
+----------------+--------------+--------------+-----------------+-----------------+--------------+----------------+----------------+----------------+
| YER111C(1)     | 0.5          | 0.5          | 0.932432432432  | 0.913793103448  | 0.5          | 0.233333333333 | 0.880952380952 | 0.119047619048 |
+----------------+--------------+--------------+-----------------+-----------------+--------------+----------------+----------------+----------------+
+----------------+--------------+--------------+-----------------+----------------+--------------+-----------------+--------------+-----------------+
| ('YDR146C', 0) | YDR146C_0(0) | YDR146C_0(0) | YDR146C_0(0)    | YDR146C_0(0)   | YDR146C_0(1) | YDR146C_0(1)    | YDR146C_0(1) | YDR146C_0(1)    |
+----------------+--------------+--------------+-----------------+----------------+--------------+-----------------+--------------+-----------------+
| ('YER111C', 0) | YER111C_0(0) | YER111C_0(0) | YER111C_0(1)    | YER111C_0(1)   | YER111C_0(0) | YER111C_0(0)    | YER111C_0(1) | YER111C_0(1)    |
+----------------+--------------+--------------+-----------------+----------------+--------------+-----------------+--------------+-----------------+
| ('YGR108W', 0) | YGR108W_0(0) | YGR108W_0(1) | YGR108W_0(0)    | YGR108W_0(1)   | YGR108W_0(0) | YGR108W_0(1)    | YGR108W_0(0) | YGR108W_0(1)    |
+----------------+--------------+--------------+-----------------+----------------+--------------+-----------------+--------------+-----------------+
| YPR120C(0)     | 0.5          | 0.5          | 0.0555555555556 | 0.637931034483 | 0.5          | 0.944444444444  | 0.5          | 0.0862068965517 |
+----------------+--------------+--------------+-----------------+----------------+--------------+-----------------+--------------+-----------------+
| YPR120C(1)     | 0.5          | 0.5          | 0.944444444444  | 0.362068965517 | 0.5          | 0.0555555555556 | 0.5          | 0.913793103448  |
+----------------+--------------+--------------+-----------------+----------------+--------------+-----------------+--------------+-----------------+
+----------------+--------------+--------------+-----------------+--------------+--------------+-----------------+-----------------+-----------------+
| ('YDL056W', 0) | YDL056W_0(0) | YDL056W_0(0) | YDL056W_0(0)    | YDL056W_0(0) | YDL056W_0(1) | YDL056W_0(1)    | YDL056W_0(1)    | YDL056W_0(1)    |
+----------------+--------------+--------------+-----------------+--------------+--------------+-----------------+-----------------+-----------------+
| ('YER111C', 0) | YER111C_0(0) | YER111C_0(0) | YER111C_0(1)    | YER111C_0(1) | YER111C_0(0) | YER111C_0(0)    | YER111C_0(1)    | YER111C_0(1)    |
+----------------+--------------+--------------+-----------------+--------------+--------------+-----------------+-----------------+-----------------+
| ('YGL116W', 1) | YGL116W_1(0) | YGL116W_1(1) | YGL116W_1(0)    | YGL116W_1(1) | YGL116W_1(0) | YGL116W_1(1)    | YGL116W_1(0)    | YGL116W_1(1)    |
+----------------+--------------+--------------+-----------------+--------------+--------------+-----------------+-----------------+-----------------+
| YMR199W(0)     | 0.5          | 0.5          | 0.0862068965517 | 0.5          | 0.5          | 0.944444444444  | 0.0862068965517 | 0.0555555555556 |
+----------------+--------------+--------------+-----------------+--------------+--------------+-----------------+-----------------+-----------------+
| YMR199W(1)     | 0.5          | 0.5          | 0.913793103448  | 0.5          | 0.5          | 0.0555555555556 | 0.913793103448  | 0.944444444444  |
+----------------+--------------+--------------+-----------------+--------------+--------------+-----------------+-----------------+-----------------+
[('YLR079W', 'YGL116W'), ('YDL056W', 'YGL116W'), ('YER111C', 'YMR043W'), ('YER111C', 'YLR079W'), ('YGL003C', 'YDR146C'), ('YAL040C', 'YGR108W'), ('YER111C', 'YMR199W'), ('YER111C', 'YPR120C'), ('YER111C', 'YER111C'), ('YGR108W', 'YGL003C'), ('YGR108W', 'YDR146C'), ('YGR108W', 'YMR043W'), ('YPR120C', 'YAL040C'), ('YGL116W', 'YMR043W'), ('YGL116W', 'YDL056W'), ('YGL116W', 'YGR108W'), ('YGL116W', 'YAL040C'), ('YGR108W', 'YGL116W'), ('YGR108W', 'YPR120C'), ('YGR108W', 'YLR079W'), ('YGR108W', 'YGR108W'), ('YDR146C', 'YDL056W'), ('YDR146C', 'YPR120C'), ('YGL116W', 'YGL003C'), ('YGL116W', 'YER111C'), ('YGL116W', 'YMR199W'), ('YLR079W', 'YGL003C'), ('YDL056W', 'YMR199W'), ('YDL056W', 'YDR146C'), ('YDL056W', 'YLR079W'), ('YDR146C', 'YDL056W'), ('YDR146C', 'YER111C'), ('YDR146C', 'YAL040C')]
