[('YAL040C', 'YER111C'), ('YAL040C', 'YDL056W'), ('YLR079W', 'YDR146C'), ('YGL116W', 'YPR120C'), ('YGR108W', 'YAL040C'), ('YER111C', 'YMR043W'), ('YER111C', 'YMR199W'), ('YPR120C', 'YLR079W'), ('YPR120C', 'YGL003C'), ('YGL003C', 'YGR108W')]
+------------+------------+
| YGR108W    | YGR108W(1) |
+------------+------------+
| YAL040C(1) | 1.0        |
+------------+------------+
+------------+------------+
| YPR120C    | YPR120C(1) |
+------------+------------+
| YLR079W(1) | 1.0        |
+------------+------------+
+------------+------------+
| YER111C    | YER111C(1) |
+------------+------------+
| YMR199W(0) | 1.0        |
+------------+------------+
+------------+------------+
| YAL040C    | YAL040C(1) |
+------------+------------+
| YDL056W(0) | 1.0        |
+------------+------------+
+------------+---+
| YGL116W(1) | 1 |
+------------+---+
+------------+------------+
| YER111C    | YER111C(1) |
+------------+------------+
| YMR043W(1) | 1.0        |
+------------+------------+
+------------+------------+
| YLR079W    | YLR079W(1) |
+------------+------------+
| YDR146C(0) | 1.0        |
+------------+------------+
+------------+------------+
| YGL003C    | YGL003C(1) |
+------------+------------+
| YGR108W(1) | 1.0        |
+------------+------------+
+------------+------------+
| YAL040C    | YAL040C(1) |
+------------+------------+
| YER111C(1) | 1.0        |
+------------+------------+
+------------+------------+
| YGL116W    | YGL116W(1) |
+------------+------------+
| YPR120C(1) | 1.0        |
+------------+------------+
+------------+------------+
| YPR120C    | YPR120C(1) |
+------------+------------+
| YGL003C(1) | 1.0        |
+------------+------------+
[(('YLR079W', 0), ('YDR146C', 1)), (('YLR079W', 0), ('YPR120C', 1)), (('YLR079W', 0), ('YGR108W', 1)), (('YDL056W', 1), ('YER111C', 1)), (('YER111C', 1), ('YGL003C', 1)), (('YMR043W', 1), ('YGR108W', 1)), (('YAL040C', 0), ('YGL116W', 1)), (('YAL040C', 0), ('YMR043W', 1)), (('YAL040C', 0), ('YPR120C', 1)), (('YAL040C', 0), ('YER111C', 1)), (('YER111C', 0), ('YMR199W', 1)), (('YER111C', 0), ('YDL056W', 1)), (('YGR108W', 1), ('YDL056W', 1)), (('YGR108W', 1), ('YDR146C', 1)), (('YGR108W', 1), ('YER111C', 1)), (('YPR120C', 0), ('YPR120C', 1)), (('YPR120C', 0), ('YAL040C', 1)), (('YAL040C', 1), ('YGL116W', 1)), (('YAL040C', 1), ('YDL056W', 1)), (('YGR108W', 0), ('YDR146C', 1)), (('YGR108W', 0), ('YGR108W', 1)), (('YMR199W', 1), ('YGL116W', 1)), (('YDR146C', 0), ('YMR199W', 1)), (('YDR146C', 0), ('YGL003C', 1)), (('YGL116W', 1), ('YGL003C', 1)), (('YGL116W', 1), ('YLR079W', 1)), (('YDL056W', 0), ('YMR043W', 1)), (('YMR199W', 0), ('YLR079W', 1)), (('YDR146C', 1), ('YMR199W', 1)), (('YDR146C', 1), ('YLR079W', 1))]
+----------------+----------------+----------------+
| ('YPR120C', 0) | YPR120C_0(0)   | YPR120C_0(1)   |
+----------------+----------------+----------------+
| YAL040C(0)     | 0.309523809524 | 0.621212121212 |
+----------------+----------------+----------------+
| YAL040C(1)     | 0.690476190476 | 0.378787878788 |
+----------------+----------------+----------------+
+----------------+--------------+-----------------+----------------+----------------+-----------------+----------------+----------------+-----------------+
| ('YDR146C', 1) | YDR146C_1(0) | YDR146C_1(0)    | YDR146C_1(0)   | YDR146C_1(0)   | YDR146C_1(1)    | YDR146C_1(1)   | YDR146C_1(1)   | YDR146C_1(1)    |
+----------------+--------------+-----------------+----------------+----------------+-----------------+----------------+----------------+-----------------+
| ('YGL116W', 1) | YGL116W_1(0) | YGL116W_1(0)    | YGL116W_1(1)   | YGL116W_1(1)   | YGL116W_1(0)    | YGL116W_1(0)   | YGL116W_1(1)   | YGL116W_1(1)    |
+----------------+--------------+-----------------+----------------+----------------+-----------------+----------------+----------------+-----------------+
| ('YMR199W', 0) | YMR199W_0(0) | YMR199W_0(1)    | YMR199W_0(0)   | YMR199W_0(1)   | YMR199W_0(0)    | YMR199W_0(1)   | YMR199W_0(0)   | YMR199W_0(1)    |
+----------------+--------------+-----------------+----------------+----------------+-----------------+----------------+----------------+-----------------+
| YLR079W(0)     | 0.5          | 0.0555555555556 | 0.119047619048 | 0.192307692308 | 0.913793103448  | 0.880952380952 | 0.233333333333 | 0.932432432432  |
+----------------+--------------+-----------------+----------------+----------------+-----------------+----------------+----------------+-----------------+
| YLR079W(1)     | 0.5          | 0.944444444444  | 0.880952380952 | 0.807692307692 | 0.0862068965517 | 0.119047619048 | 0.766666666667 | 0.0675675675676 |
+----------------+--------------+-----------------+----------------+----------------+-----------------+----------------+----------------+-----------------+
+----------------+--------------+----------------+----------------+----------------+-----------------+----------------+----------------+-----------------+
| ('YDR146C', 0) | YDR146C_0(0) | YDR146C_0(0)   | YDR146C_0(0)   | YDR146C_0(0)   | YDR146C_0(1)    | YDR146C_0(1)   | YDR146C_0(1)   | YDR146C_0(1)    |
+----------------+--------------+----------------+----------------+----------------+-----------------+----------------+----------------+-----------------+
| ('YER111C', 1) | YER111C_1(0) | YER111C_1(0)   | YER111C_1(1)   | YER111C_1(1)   | YER111C_1(0)    | YER111C_1(0)   | YER111C_1(1)   | YER111C_1(1)    |
+----------------+--------------+----------------+----------------+----------------+-----------------+----------------+----------------+-----------------+
| ('YGL116W', 1) | YGL116W_1(0) | YGL116W_1(1)   | YGL116W_1(0)   | YGL116W_1(1)   | YGL116W_1(0)    | YGL116W_1(1)   | YGL116W_1(0)   | YGL116W_1(1)    |
+----------------+--------------+----------------+----------------+----------------+-----------------+----------------+----------------+-----------------+
| YGL003C(0)     | 0.5          | 0.807692307692 | 0.349056603774 | 0.807692307692 | 0.0862068965517 | 0.807692307692 | 0.192307692308 | 0.0324675324675 |
+----------------+--------------+----------------+----------------+----------------+-----------------+----------------+----------------+-----------------+
| YGL003C(1)     | 0.5          | 0.192307692308 | 0.650943396226 | 0.192307692308 | 0.913793103448  | 0.192307692308 | 0.807692307692 | 0.967532467532  |
+----------------+--------------+----------------+----------------+----------------+-----------------+----------------+----------------+-----------------+
+----------------+--------------+----------------+-----------------+-----------------+----------------+----------------+--------------+----------------+
| ('YAL040C', 1) | YAL040C_1(0) | YAL040C_1(0)   | YAL040C_1(0)    | YAL040C_1(0)    | YAL040C_1(1)   | YAL040C_1(1)   | YAL040C_1(1) | YAL040C_1(1)   |
+----------------+--------------+----------------+-----------------+-----------------+----------------+----------------+--------------+----------------+
| ('YER111C', 0) | YER111C_0(0) | YER111C_0(0)   | YER111C_0(1)    | YER111C_0(1)    | YER111C_0(0)   | YER111C_0(0)   | YER111C_0(1) | YER111C_0(1)   |
+----------------+--------------+----------------+-----------------+-----------------+----------------+----------------+--------------+----------------+
| ('YGR108W', 1) | YGR108W_1(0) | YGR108W_1(1)   | YGR108W_1(0)    | YGR108W_1(1)    | YGR108W_1(0)   | YGR108W_1(1)   | YGR108W_1(0) | YGR108W_1(1)   |
+----------------+--------------+----------------+-----------------+-----------------+----------------+----------------+--------------+----------------+
| YDL056W(0)     | 0.5          | 0.362068965517 | 0.932432432432  | 0.0675675675676 | 0.192307692308 | 0.807692307692 | 0.5          | 0.233333333333 |
+----------------+--------------+----------------+-----------------+-----------------+----------------+----------------+--------------+----------------+
| YDL056W(1)     | 0.5          | 0.637931034483 | 0.0675675675676 | 0.932432432432  | 0.807692307692 | 0.192307692308 | 0.5          | 0.766666666667 |
+----------------+--------------+----------------+-----------------+-----------------+----------------+----------------+--------------+----------------+
+----------------+----------------+-----------------+----------------+-----------------+-----------------+-----------------+----------------+----------------+
| ('YAL040C', 0) | YAL040C_0(0)   | YAL040C_0(0)    | YAL040C_0(0)   | YAL040C_0(0)    | YAL040C_0(1)    | YAL040C_0(1)    | YAL040C_0(1)   | YAL040C_0(1)   |
+----------------+----------------+-----------------+----------------+-----------------+-----------------+-----------------+----------------+----------------+
| ('YAL040C', 1) | YAL040C_1(0)   | YAL040C_1(0)    | YAL040C_1(1)   | YAL040C_1(1)    | YAL040C_1(0)    | YAL040C_1(0)    | YAL040C_1(1)   | YAL040C_1(1)   |
+----------------+----------------+-----------------+----------------+-----------------+-----------------+-----------------+----------------+----------------+
| ('YMR199W', 1) | YMR199W_1(0)   | YMR199W_1(1)    | YMR199W_1(0)   | YMR199W_1(1)    | YMR199W_1(0)    | YMR199W_1(1)    | YMR199W_1(0)   | YMR199W_1(1)   |
+----------------+----------------+-----------------+----------------+-----------------+-----------------+-----------------+----------------+----------------+
| YGL116W(0)     | 0.192307692308 | 0.0862068965517 | 0.637931034483 | 0.913793103448  | 0.0675675675676 | 0.913793103448  | 0.119047619048 | 0.637931034483 |
+----------------+----------------+-----------------+----------------+-----------------+-----------------+-----------------+----------------+----------------+
| YGL116W(1)     | 0.807692307692 | 0.913793103448  | 0.362068965517 | 0.0862068965517 | 0.932432432432  | 0.0862068965517 | 0.880952380952 | 0.362068965517 |
+----------------+----------------+-----------------+----------------+-----------------+-----------------+-----------------+----------------+----------------+
+----------------+----------------+----------------+--------------+----------------+
| ('YAL040C', 0) | YAL040C_0(0)   | YAL040C_0(0)   | YAL040C_0(1) | YAL040C_0(1)   |
+----------------+----------------+----------------+--------------+----------------+
| ('YDL056W', 0) | YDL056W_0(0)   | YDL056W_0(1)   | YDL056W_0(0) | YDL056W_0(1)   |
+----------------+----------------+----------------+--------------+----------------+
| YMR043W(0)     | 0.880952380952 | 0.224137931034 | 0.42         | 0.318181818182 |
+----------------+----------------+----------------+--------------+----------------+
| YMR043W(1)     | 0.119047619048 | 0.775862068966 | 0.58         | 0.681818181818 |
+----------------+----------------+----------------+--------------+----------------+
+----------------+----------------+-----------------+--------------+--------------+--------------+--------------+-----------------+----------------+
| ('YGR108W', 0) | YGR108W_0(0)   | YGR108W_0(0)    | YGR108W_0(0) | YGR108W_0(0) | YGR108W_0(1) | YGR108W_0(1) | YGR108W_0(1)    | YGR108W_0(1)   |
+----------------+----------------+-----------------+--------------+--------------+--------------+--------------+-----------------+----------------+
| ('YGR108W', 1) | YGR108W_1(0)   | YGR108W_1(0)    | YGR108W_1(1) | YGR108W_1(1) | YGR108W_1(0) | YGR108W_1(0) | YGR108W_1(1)    | YGR108W_1(1)   |
+----------------+----------------+-----------------+--------------+--------------+--------------+--------------+-----------------+----------------+
| ('YLR079W', 0) | YLR079W_0(0)   | YLR079W_0(1)    | YLR079W_0(0) | YLR079W_0(1) | YLR079W_0(0) | YLR079W_0(1) | YLR079W_0(0)    | YLR079W_0(1)   |
+----------------+----------------+-----------------+--------------+--------------+--------------+--------------+-----------------+----------------+
| YDR146C(0)     | 0.192307692308 | 0.952830188679  | 0.5          | 0.5          | 0.5          | 0.5          | 0.0324675324675 | 0.119047619048 |
+----------------+----------------+-----------------+--------------+--------------+--------------+--------------+-----------------+----------------+
| YDR146C(1)     | 0.807692307692 | 0.0471698113208 | 0.5          | 0.5          | 0.5          | 0.5          | 0.967532467532  | 0.880952380952 |
+----------------+----------------+-----------------+--------------+--------------+--------------+--------------+-----------------+----------------+
+----------------+--------------+----------------+-----------------+----------------+----------------+-----------------+--------------+--------------+
| ('YGR108W', 0) | YGR108W_0(0) | YGR108W_0(0)   | YGR108W_0(0)    | YGR108W_0(0)   | YGR108W_0(1)   | YGR108W_0(1)    | YGR108W_0(1) | YGR108W_0(1) |
+----------------+--------------+----------------+-----------------+----------------+----------------+-----------------+--------------+--------------+
| ('YLR079W', 0) | YLR079W_0(0) | YLR079W_0(0)   | YLR079W_0(1)    | YLR079W_0(1)   | YLR079W_0(0)   | YLR079W_0(0)    | YLR079W_0(1) | YLR079W_0(1) |
+----------------+--------------+----------------+-----------------+----------------+----------------+-----------------+--------------+--------------+
| ('YMR043W', 1) | YMR043W_1(0) | YMR043W_1(1)   | YMR043W_1(0)    | YMR043W_1(1)   | YMR043W_1(0)   | YMR043W_1(1)    | YMR043W_1(0) | YMR043W_1(1) |
+----------------+--------------+----------------+-----------------+----------------+----------------+-----------------+--------------+--------------+
| YGR108W(0)     | 0.5          | 0.807692307692 | 0.944444444444  | 0.362068965517 | 0.119047619048 | 0.0409836065574 | 0.5          | 0.5          |
+----------------+--------------+----------------+-----------------+----------------+----------------+-----------------+--------------+--------------+
| YGR108W(1)     | 0.5          | 0.192307692308 | 0.0555555555556 | 0.637931034483 | 0.880952380952 | 0.959016393443  | 0.5          | 0.5          |
+----------------+--------------+----------------+-----------------+----------------+----------------+-----------------+--------------+--------------+
+----------------+----------------+----------------+----------------+-----------------+-----------------+----------------+----------------+----------------+
| ('YAL040C', 0) | YAL040C_0(0)   | YAL040C_0(0)   | YAL040C_0(0)   | YAL040C_0(0)    | YAL040C_0(1)    | YAL040C_0(1)   | YAL040C_0(1)   | YAL040C_0(1)   |
+----------------+----------------+----------------+----------------+-----------------+-----------------+----------------+----------------+----------------+
| ('YDL056W', 1) | YDL056W_1(0)   | YDL056W_1(0)   | YDL056W_1(1)   | YDL056W_1(1)    | YDL056W_1(0)    | YDL056W_1(0)   | YDL056W_1(1)   | YDL056W_1(1)   |
+----------------+----------------+----------------+----------------+-----------------+-----------------+----------------+----------------+----------------+
| ('YGR108W', 1) | YGR108W_1(0)   | YGR108W_1(1)   | YGR108W_1(0)   | YGR108W_1(1)    | YGR108W_1(0)    | YGR108W_1(1)   | YGR108W_1(0)   | YGR108W_1(1)   |
+----------------+----------------+----------------+----------------+-----------------+-----------------+----------------+----------------+----------------+
| YER111C(0)     | 0.119047619048 | 0.119047619048 | 0.119047619048 | 0.932432432432  | 0.0675675675676 | 0.192307692308 | 0.192307692308 | 0.198113207547 |
+----------------+----------------+----------------+----------------+-----------------+-----------------+----------------+----------------+----------------+
| YER111C(1)     | 0.880952380952 | 0.880952380952 | 0.880952380952 | 0.0675675675676 | 0.932432432432  | 0.807692307692 | 0.807692307692 | 0.801886792453 |
+----------------+----------------+----------------+----------------+-----------------+-----------------+----------------+----------------+----------------+
+----------------+----------------+----------------+--------------+----------------+-----------------+----------------+--------------+-----------------+
| ('YAL040C', 0) | YAL040C_0(0)   | YAL040C_0(0)   | YAL040C_0(0) | YAL040C_0(0)   | YAL040C_0(1)    | YAL040C_0(1)   | YAL040C_0(1) | YAL040C_0(1)    |
+----------------+----------------+----------------+--------------+----------------+-----------------+----------------+--------------+-----------------+
| ('YLR079W', 0) | YLR079W_0(0)   | YLR079W_0(0)   | YLR079W_0(1) | YLR079W_0(1)   | YLR079W_0(0)    | YLR079W_0(0)   | YLR079W_0(1) | YLR079W_0(1)    |
+----------------+----------------+----------------+--------------+----------------+-----------------+----------------+--------------+-----------------+
| ('YPR120C', 0) | YPR120C_0(0)   | YPR120C_0(1)   | YPR120C_0(0) | YPR120C_0(1)   | YPR120C_0(0)    | YPR120C_0(1)   | YPR120C_0(0) | YPR120C_0(1)    |
+----------------+----------------+----------------+--------------+----------------+-----------------+----------------+--------------+-----------------+
| YPR120C(0)     | 0.637931034483 | 0.880952380952 | 0.5          | 0.233333333333 | 0.913793103448  | 0.119047619048 | 0.5          | 0.0555555555556 |
+----------------+----------------+----------------+--------------+----------------+-----------------+----------------+--------------+-----------------+
| YPR120C(1)     | 0.362068965517 | 0.119047619048 | 0.5          | 0.766666666667 | 0.0862068965517 | 0.880952380952 | 0.5          | 0.944444444444  |
+----------------+----------------+----------------+--------------+----------------+-----------------+----------------+--------------+-----------------+
+----------------+--------------+-----------------+--------------+----------------+--------------+----------------+-----------------+----------------+
| ('YDR146C', 0) | YDR146C_0(0) | YDR146C_0(0)    | YDR146C_0(0) | YDR146C_0(0)   | YDR146C_0(1) | YDR146C_0(1)   | YDR146C_0(1)    | YDR146C_0(1)   |
+----------------+--------------+-----------------+--------------+----------------+--------------+----------------+-----------------+----------------+
| ('YDR146C', 1) | YDR146C_1(0) | YDR146C_1(0)    | YDR146C_1(1) | YDR146C_1(1)   | YDR146C_1(0) | YDR146C_1(0)   | YDR146C_1(1)    | YDR146C_1(1)   |
+----------------+--------------+-----------------+--------------+----------------+--------------+----------------+-----------------+----------------+
| ('YER111C', 0) | YER111C_0(0) | YER111C_0(1)    | YER111C_0(0) | YER111C_0(1)   | YER111C_0(0) | YER111C_0(1)   | YER111C_0(0)    | YER111C_0(1)   |
+----------------+--------------+-----------------+--------------+----------------+--------------+----------------+-----------------+----------------+
| YMR199W(0)     | 0.5          | 0.0471698113208 | 0.5          | 0.119047619048 | 0.5          | 0.119047619048 | 0.944444444444  | 0.696721311475 |
+----------------+--------------+-----------------+--------------+----------------+--------------+----------------+-----------------+----------------+
| YMR199W(1)     | 0.5          | 0.952830188679  | 0.5          | 0.880952380952 | 0.5          | 0.880952380952 | 0.0555555555556 | 0.303278688525 |
+----------------+--------------+-----------------+--------------+----------------+--------------+----------------+-----------------+----------------+
[('YLR079W', 'YDR146C'), ('YLR079W', 'YPR120C'), ('YLR079W', 'YGR108W'), ('YDL056W', 'YER111C'), ('YER111C', 'YGL003C'), ('YMR043W', 'YGR108W'), ('YAL040C', 'YGL116W'), ('YAL040C', 'YMR043W'), ('YAL040C', 'YPR120C'), ('YAL040C', 'YER111C'), ('YER111C', 'YMR199W'), ('YER111C', 'YDL056W'), ('YGR108W', 'YDL056W'), ('YGR108W', 'YDR146C'), ('YGR108W', 'YER111C'), ('YPR120C', 'YPR120C'), ('YPR120C', 'YAL040C'), ('YAL040C', 'YGL116W'), ('YAL040C', 'YDL056W'), ('YGR108W', 'YDR146C'), ('YGR108W', 'YGR108W'), ('YMR199W', 'YGL116W'), ('YDR146C', 'YMR199W'), ('YDR146C', 'YGL003C'), ('YGL116W', 'YGL003C'), ('YGL116W', 'YLR079W'), ('YDL056W', 'YMR043W'), ('YMR199W', 'YLR079W'), ('YDR146C', 'YMR199W'), ('YDR146C', 'YLR079W')]
