[('YAL040C', 'YER111C'), ('YAL040C', 'YDL056W'), ('YLR079W', 'YDR146C'), ('YGL116W', 'YPR120C'), ('YGR108W', 'YAL040C'), ('YER111C', 'YMR043W'), ('YER111C', 'YMR199W'), ('YPR120C', 'YLR079W'), ('YPR120C', 'YGL003C'), ('YGL003C', 'YGR108W')]
+------------+------------+
| YGR108W    | YGR108W(0) |
+------------+------------+
| YAL040C(0) | 1.0        |
+------------+------------+
+------------+------------+
| YPR120C    | YPR120C(0) |
+------------+------------+
| YLR079W(1) | 1.0        |
+------------+------------+
+------------+------------+
| YER111C    | YER111C(0) |
+------------+------------+
| YMR199W(1) | 1.0        |
+------------+------------+
+------------+------------+
| YAL040C    | YAL040C(0) |
+------------+------------+
| YDL056W(1) | 1.0        |
+------------+------------+
+------------+---+
| YGL116W(0) | 1 |
+------------+---+
+------------+------------+
| YER111C    | YER111C(0) |
+------------+------------+
| YMR043W(0) | 1.0        |
+------------+------------+
+------------+------------+
| YLR079W    | YLR079W(1) |
+------------+------------+
| YDR146C(0) | 1.0        |
+------------+------------+
+------------+------------+
| YGL003C    | YGL003C(1) |
+------------+------------+
| YGR108W(0) | 1.0        |
+------------+------------+
+------------+------------+
| YAL040C    | YAL040C(0) |
+------------+------------+
| YER111C(0) | 1.0        |
+------------+------------+
+------------+------------+
| YGL116W    | YGL116W(0) |
+------------+------------+
| YPR120C(0) | 1.0        |
+------------+------------+
+------------+------------+
| YPR120C    | YPR120C(0) |
+------------+------------+
| YGL003C(1) | 1.0        |
+------------+------------+
[(('YER111C', 1), ('YGL003C', 1)), (('YGL003C', 0), ('YMR199W', 1)), (('YMR043W', 1), ('YPR120C', 1)), (('YMR043W', 1), ('YER111C', 1)), (('YAL040C', 0), ('YMR043W', 1)), (('YER111C', 0), ('YLR079W', 1)), (('YER111C', 0), ('YER111C', 1)), (('YGR108W', 1), ('YDL056W', 1)), (('YMR043W', 0), ('YMR199W', 1)), (('YPR120C', 0), ('YLR079W', 1)), (('YGR108W', 0), ('YGL116W', 1)), (('YGR108W', 0), ('YDR146C', 1)), (('YGR108W', 0), ('YGR108W', 1)), (('YPR120C', 1), ('YGL116W', 1)), (('YPR120C', 1), ('YDL056W', 1)), (('YGL116W', 1), ('YDR146C', 1)), (('YLR079W', 1), ('YPR120C', 1)), (('YDL056W', 0), ('YAL040C', 1)), (('YMR199W', 0), ('YGL003C', 1)), (('YMR199W', 0), ('YMR043W', 1)), (('YDR146C', 1), ('YGR108W', 1)), (('YDR146C', 1), ('YAL040C', 1))]
+----------------+----------------+----------------+----------------+--------------+
| ('YDL056W', 0) | YDL056W_0(0)   | YDL056W_0(0)   | YDL056W_0(1)   | YDL056W_0(1) |
+----------------+----------------+----------------+----------------+--------------+
| ('YDR146C', 1) | YDR146C_1(0)   | YDR146C_1(1)   | YDR146C_1(0)   | YDR146C_1(1) |
+----------------+----------------+----------------+----------------+--------------+
| YAL040C(0)     | 0.277777777778 | 0.119047619048 | 0.192307692308 | 0.9          |
+----------------+----------------+----------------+----------------+--------------+
| YAL040C(1)     | 0.722222222222 | 0.880952380952 | 0.807692307692 | 0.1          |
+----------------+----------------+----------------+----------------+--------------+
+----------------+----------------+----------------+----------------+--------------+
| ('YER111C', 0) | YER111C_0(0)   | YER111C_0(0)   | YER111C_0(1)   | YER111C_0(1) |
+----------------+----------------+----------------+----------------+--------------+
| ('YPR120C', 0) | YPR120C_0(0)   | YPR120C_0(1)   | YPR120C_0(0)   | YPR120C_0(1) |
+----------------+----------------+----------------+----------------+--------------+
| YLR079W(0)     | 0.309523809524 | 0.277777777778 | 0.192307692308 | 0.9          |
+----------------+----------------+----------------+----------------+--------------+
| YLR079W(1)     | 0.690476190476 | 0.722222222222 | 0.807692307692 | 0.1          |
+----------------+----------------+----------------+----------------+--------------+
+----------------+--------------+--------------+----------------+----------------+
| ('YER111C', 1) | YER111C_1(0) | YER111C_1(0) | YER111C_1(1)   | YER111C_1(1)   |
+----------------+--------------+--------------+----------------+----------------+
| ('YMR199W', 0) | YMR199W_0(0) | YMR199W_0(1) | YMR199W_0(0)   | YMR199W_0(1)   |
+----------------+--------------+--------------+----------------+----------------+
| YGL003C(0)     | 0.5          | 0.58         | 0.852941176471 | 0.119047619048 |
+----------------+--------------+--------------+----------------+----------------+
| YGL003C(1)     | 0.5          | 0.42         | 0.147058823529 | 0.880952380952 |
+----------------+--------------+--------------+----------------+----------------+
+----------------+----------------+--------------+--------------+----------------+
| ('YGR108W', 1) | YGR108W_1(0)   | YGR108W_1(0) | YGR108W_1(1) | YGR108W_1(1)   |
+----------------+----------------+--------------+--------------+----------------+
| ('YPR120C', 1) | YPR120C_1(0)   | YPR120C_1(1) | YPR120C_1(0) | YPR120C_1(1)   |
+----------------+----------------+--------------+--------------+----------------+
| YDL056W(0)     | 0.277777777778 | 0.5          | 0.9          | 0.119047619048 |
+----------------+----------------+--------------+--------------+----------------+
| YDL056W(1)     | 0.722222222222 | 0.5          | 0.1          | 0.880952380952 |
+----------------+----------------+--------------+--------------+----------------+
+----------------+----------------+----------------+--------------+----------------+
| ('YGR108W', 0) | YGR108W_0(0)   | YGR108W_0(0)   | YGR108W_0(1) | YGR108W_0(1)   |
+----------------+----------------+----------------+--------------+----------------+
| ('YPR120C', 1) | YPR120C_1(0)   | YPR120C_1(1)   | YPR120C_1(0) | YPR120C_1(1)   |
+----------------+----------------+----------------+--------------+----------------+
| YGL116W(0)     | 0.277777777778 | 0.852941176471 | 0.1          | 0.382352941176 |
+----------------+----------------+----------------+--------------+----------------+
| YGL116W(1)     | 0.722222222222 | 0.147058823529 | 0.9          | 0.617647058824 |
+----------------+----------------+----------------+--------------+----------------+
+----------------+--------------+--------------+----------------+--------------+
| ('YAL040C', 0) | YAL040C_0(0) | YAL040C_0(0) | YAL040C_0(1)   | YAL040C_0(1) |
+----------------+--------------+--------------+----------------+--------------+
| ('YMR199W', 0) | YMR199W_0(0) | YMR199W_0(1) | YMR199W_0(0)   | YMR199W_0(1) |
+----------------+--------------+--------------+----------------+--------------+
| YMR043W(0)     | 0.5          | 0.5          | 0.722222222222 | 0.1          |
+----------------+--------------+--------------+----------------+--------------+
| YMR043W(1)     | 0.5          | 0.5          | 0.277777777778 | 0.9          |
+----------------+--------------+--------------+----------------+--------------+
+----------------+----------------+----------------+----------------+-----------------+
| ('YGL116W', 1) | YGL116W_1(0)   | YGL116W_1(0)   | YGL116W_1(1)   | YGL116W_1(1)    |
+----------------+----------------+----------------+----------------+-----------------+
| ('YGR108W', 0) | YGR108W_0(0)   | YGR108W_0(1)   | YGR108W_0(0)   | YGR108W_0(1)    |
+----------------+----------------+----------------+----------------+-----------------+
| YDR146C(0)     | 0.852941176471 | 0.277777777778 | 0.277777777778 | 0.0757575757576 |
+----------------+----------------+----------------+----------------+-----------------+
| YDR146C(1)     | 0.147058823529 | 0.722222222222 | 0.722222222222 | 0.924242424242  |
+----------------+----------------+----------------+----------------+-----------------+
+----------------+----------------+--------------+----------------+-----------------+
| ('YDR146C', 1) | YDR146C_1(0)   | YDR146C_1(0) | YDR146C_1(1)   | YDR146C_1(1)    |
+----------------+----------------+--------------+----------------+-----------------+
| ('YGR108W', 0) | YGR108W_0(0)   | YGR108W_0(1) | YGR108W_0(0)   | YGR108W_0(1)    |
+----------------+----------------+--------------+----------------+-----------------+
| YGR108W(0)     | 0.617647058824 | 0.5          | 0.722222222222 | 0.0675675675676 |
+----------------+----------------+--------------+----------------+-----------------+
| YGR108W(1)     | 0.382352941176 | 0.5          | 0.277777777778 | 0.932432432432  |
+----------------+----------------+--------------+----------------+-----------------+
+----------------+--------------+----------------+--------------+--------------+
| ('YER111C', 0) | YER111C_0(0) | YER111C_0(0)   | YER111C_0(1) | YER111C_0(1) |
+----------------+--------------+----------------+--------------+--------------+
| ('YMR043W', 1) | YMR043W_1(0) | YMR043W_1(1)   | YMR043W_1(0) | YMR043W_1(1) |
+----------------+--------------+----------------+--------------+--------------+
| YER111C(0)     | 0.5          | 0.852941176471 | 0.5          | 0.1          |
+----------------+--------------+----------------+--------------+--------------+
| YER111C(1)     | 0.5          | 0.147058823529 | 0.5          | 0.9          |
+----------------+--------------+----------------+--------------+--------------+
+----------------+----------------+--------------+----------------+----------------+
| ('YLR079W', 1) | YLR079W_1(0)   | YLR079W_1(0) | YLR079W_1(1)   | YLR079W_1(1)   |
+----------------+----------------+--------------+----------------+----------------+
| ('YMR043W', 1) | YMR043W_1(0)   | YMR043W_1(1) | YMR043W_1(0)   | YMR043W_1(1)   |
+----------------+----------------+--------------+----------------+----------------+
| YPR120C(0)     | 0.722222222222 | 0.1          | 0.852941176471 | 0.617647058824 |
+----------------+----------------+--------------+----------------+----------------+
| YPR120C(1)     | 0.277777777778 | 0.9          | 0.147058823529 | 0.382352941176 |
+----------------+----------------+--------------+----------------+----------------+
+----------------+----------------+----------------+----------------+--------------+
| ('YGL003C', 0) | YGL003C_0(0)   | YGL003C_0(0)   | YGL003C_0(1)   | YGL003C_0(1) |
+----------------+----------------+----------------+----------------+--------------+
| ('YMR043W', 0) | YMR043W_0(0)   | YMR043W_0(1)   | YMR043W_0(0)   | YMR043W_0(1) |
+----------------+----------------+----------------+----------------+--------------+
| YMR199W(0)     | 0.192307692308 | 0.147058823529 | 0.807692307692 | 0.1          |
+----------------+----------------+----------------+----------------+--------------+
| YMR199W(1)     | 0.807692307692 | 0.852941176471 | 0.192307692308 | 0.9          |
+----------------+----------------+----------------+----------------+--------------+
[('YER111C', 'YGL003C'), ('YGL003C', 'YMR199W'), ('YMR043W', 'YPR120C'), ('YMR043W', 'YER111C'), ('YAL040C', 'YMR043W'), ('YER111C', 'YLR079W'), ('YER111C', 'YER111C'), ('YGR108W', 'YDL056W'), ('YMR043W', 'YMR199W'), ('YPR120C', 'YLR079W'), ('YGR108W', 'YGL116W'), ('YGR108W', 'YDR146C'), ('YGR108W', 'YGR108W'), ('YPR120C', 'YGL116W'), ('YPR120C', 'YDL056W'), ('YGL116W', 'YDR146C'), ('YLR079W', 'YPR120C'), ('YDL056W', 'YAL040C'), ('YMR199W', 'YGL003C'), ('YMR199W', 'YMR043W'), ('YDR146C', 'YGR108W'), ('YDR146C', 'YAL040C')]
