[]
+------------+---+
| YAL040C(0) | 1 |
+------------+---+
+------------+---+
| YLR079W(1) | 1 |
+------------+---+
+------------+---+
| YMR199W(1) | 1 |
+------------+---+
+------------+---+
| YDL056W(1) | 1 |
+------------+---+
+------------+---+
| YGL116W(0) | 1 |
+------------+---+
+------------+---+
| YMR043W(0) | 1 |
+------------+---+
+------------+---+
| YDR146C(0) | 1 |
+------------+---+
+------------+---+
| YGR108W(0) | 1 |
+------------+---+
+------------+---+
| YER111C(0) | 1 |
+------------+---+
+------------+---+
| YPR120C(0) | 1 |
+------------+---+
+------------+---+
| YGL003C(1) | 1 |
+------------+---+
[(('YLR079W', 0), ('YGL003C', 1)), (('YLR079W', 0), ('YLR079W', 1)), (('YLR079W', 0), ('YAL040C', 1)), (('YER111C', 1), ('YGL003C', 1)), (('YGL003C', 0), ('YMR199W', 1)), (('YGL003C', 0), ('YGR108W', 1)), (('YMR043W', 1), ('YPR120C', 1)), (('YAL040C', 0), ('YGL116W', 1)), (('YAL040C', 0), ('YMR043W', 1)), (('YER111C', 0), ('YLR079W', 1)), (('YER111C', 0), ('YAL040C', 1)), (('YGR108W', 1), ('YDL056W', 1)), (('YGR108W', 1), ('YLR079W', 1)), (('YGR108W', 1), ('YDR146C', 1)), (('YMR043W', 0), ('YMR199W', 1)), (('YPR120C', 0), ('YLR079W', 1)), (('YGL116W', 0), ('YGL003C', 1)), (('YGL116W', 0), ('YDL056W', 1)), (('YGL116W', 0), ('YER111C', 1)), (('YGR108W', 0), ('YGL116W', 1)), (('YGR108W', 0), ('YDR146C', 1)), (('YGR108W', 0), ('YGR108W', 1)), (('YMR199W', 1), ('YDR146C', 1)), (('YMR199W', 1), ('YGR108W', 1)), (('YDR146C', 0), ('YER111C', 1)), (('YPR120C', 1), ('YGL116W', 1)), (('YPR120C', 1), ('YDL056W', 1)), (('YLR079W', 1), ('YPR120C', 1)), (('YDL056W', 0), ('YAL040C', 1)), (('YMR199W', 0), ('YGL003C', 1)), (('YMR199W', 0), ('YPR120C', 1)), (('YMR199W', 0), ('YER111C', 1)), (('YMR199W', 0), ('YMR043W', 1)), (('YDR146C', 1), ('YGL116W', 1)), (('YDR146C', 1), ('YAL040C', 1))]
+----------------+--------------+--------------+----------------+--------------+----------------+-----------------+--------------+--------------+--------------+--------------+--------------+-----------------+----------------+--------------+----------------+--------------+
| ('YDL056W', 0) | YDL056W_0(0) | YDL056W_0(0) | YDL056W_0(0)   | YDL056W_0(0) | YDL056W_0(0)   | YDL056W_0(0)    | YDL056W_0(0) | YDL056W_0(0) | YDL056W_0(1) | YDL056W_0(1) | YDL056W_0(1) | YDL056W_0(1)    | YDL056W_0(1)   | YDL056W_0(1) | YDL056W_0(1)   | YDL056W_0(1) |
+----------------+--------------+--------------+----------------+--------------+----------------+-----------------+--------------+--------------+--------------+--------------+--------------+-----------------+----------------+--------------+----------------+--------------+
| ('YDR146C', 1) | YDR146C_1(0) | YDR146C_1(0) | YDR146C_1(0)   | YDR146C_1(0) | YDR146C_1(1)   | YDR146C_1(1)    | YDR146C_1(1) | YDR146C_1(1) | YDR146C_1(0) | YDR146C_1(0) | YDR146C_1(0) | YDR146C_1(0)    | YDR146C_1(1)   | YDR146C_1(1) | YDR146C_1(1)   | YDR146C_1(1) |
+----------------+--------------+--------------+----------------+--------------+----------------+-----------------+--------------+--------------+--------------+--------------+--------------+-----------------+----------------+--------------+----------------+--------------+
| ('YER111C', 0) | YER111C_0(0) | YER111C_0(0) | YER111C_0(1)   | YER111C_0(1) | YER111C_0(0)   | YER111C_0(0)    | YER111C_0(1) | YER111C_0(1) | YER111C_0(0) | YER111C_0(0) | YER111C_0(1) | YER111C_0(1)    | YER111C_0(0)   | YER111C_0(0) | YER111C_0(1)   | YER111C_0(1) |
+----------------+--------------+--------------+----------------+--------------+----------------+-----------------+--------------+--------------+--------------+--------------+--------------+-----------------+----------------+--------------+----------------+--------------+
| ('YLR079W', 0) | YLR079W_0(0) | YLR079W_0(1) | YLR079W_0(0)   | YLR079W_0(1) | YLR079W_0(0)   | YLR079W_0(1)    | YLR079W_0(0) | YLR079W_0(1) | YLR079W_0(0) | YLR079W_0(1) | YLR079W_0(0) | YLR079W_0(1)    | YLR079W_0(0)   | YLR079W_0(1) | YLR079W_0(0)   | YLR079W_0(1) |
+----------------+--------------+--------------+----------------+--------------+----------------+-----------------+--------------+--------------+--------------+--------------+--------------+-----------------+----------------+--------------+----------------+--------------+
| YAL040C(0)     | 0.5          | 0.5          | 0.119047619048 | 0.5          | 0.119047619048 | 0.0471698113208 | 0.5          | 0.5          | 0.5          | 0.5          | 0.5          | 0.0675675675676 | 0.880952380952 | 0.5          | 0.963768115942 | 0.5          |
+----------------+--------------+--------------+----------------+--------------+----------------+-----------------+--------------+--------------+--------------+--------------+--------------+-----------------+----------------+--------------+----------------+--------------+
| YAL040C(1)     | 0.5          | 0.5          | 0.880952380952 | 0.5          | 0.880952380952 | 0.952830188679  | 0.5          | 0.5          | 0.5          | 0.5          | 0.5          | 0.932432432432  | 0.119047619048 | 0.5          | 0.036231884058 | 0.5          |
+----------------+--------------+--------------+----------------+--------------+----------------+-----------------+--------------+--------------+--------------+--------------+--------------+-----------------+----------------+--------------+----------------+--------------+
+----------------+--------------+--------------+--------------+--------------+----------------+----------------+-----------------+--------------+----------------+--------------+----------------+----------------+--------------+----------------+--------------+--------------+
| ('YER111C', 0) | YER111C_0(0) | YER111C_0(0) | YER111C_0(0) | YER111C_0(0) | YER111C_0(0)   | YER111C_0(0)   | YER111C_0(0)    | YER111C_0(0) | YER111C_0(1)   | YER111C_0(1) | YER111C_0(1)   | YER111C_0(1)   | YER111C_0(1) | YER111C_0(1)   | YER111C_0(1) | YER111C_0(1) |
+----------------+--------------+--------------+--------------+--------------+----------------+----------------+-----------------+--------------+----------------+--------------+----------------+----------------+--------------+----------------+--------------+--------------+
| ('YGR108W', 1) | YGR108W_1(0) | YGR108W_1(0) | YGR108W_1(0) | YGR108W_1(0) | YGR108W_1(1)   | YGR108W_1(1)   | YGR108W_1(1)    | YGR108W_1(1) | YGR108W_1(0)   | YGR108W_1(0) | YGR108W_1(0)   | YGR108W_1(0)   | YGR108W_1(1) | YGR108W_1(1)   | YGR108W_1(1) | YGR108W_1(1) |
+----------------+--------------+--------------+--------------+--------------+----------------+----------------+-----------------+--------------+----------------+--------------+----------------+----------------+--------------+----------------+--------------+--------------+
| ('YLR079W', 0) | YLR079W_0(0) | YLR079W_0(0) | YLR079W_0(1) | YLR079W_0(1) | YLR079W_0(0)   | YLR079W_0(0)   | YLR079W_0(1)    | YLR079W_0(1) | YLR079W_0(0)   | YLR079W_0(0) | YLR079W_0(1)   | YLR079W_0(1)   | YLR079W_0(0) | YLR079W_0(0)   | YLR079W_0(1) | YLR079W_0(1) |
+----------------+--------------+--------------+--------------+--------------+----------------+----------------+-----------------+--------------+----------------+--------------+----------------+----------------+--------------+----------------+--------------+--------------+
| ('YPR120C', 0) | YPR120C_0(0) | YPR120C_0(1) | YPR120C_0(0) | YPR120C_0(1) | YPR120C_0(0)   | YPR120C_0(1)   | YPR120C_0(0)    | YPR120C_0(1) | YPR120C_0(0)   | YPR120C_0(1) | YPR120C_0(0)   | YPR120C_0(1)   | YPR120C_0(0) | YPR120C_0(1)   | YPR120C_0(0) | YPR120C_0(1) |
+----------------+--------------+--------------+--------------+--------------+----------------+----------------+-----------------+--------------+----------------+--------------+----------------+----------------+--------------+----------------+--------------+--------------+
| YLR079W(0)     | 0.5          | 0.5          | 0.5          | 0.5          | 0.880952380952 | 0.119047619048 | 0.0471698113208 | 0.5          | 0.119047619048 | 0.5          | 0.119047619048 | 0.880952380952 | 0.5          | 0.963768115942 | 0.5          | 0.5          |
+----------------+--------------+--------------+--------------+--------------+----------------+----------------+-----------------+--------------+----------------+--------------+----------------+----------------+--------------+----------------+--------------+--------------+
| YLR079W(1)     | 0.5          | 0.5          | 0.5          | 0.5          | 0.119047619048 | 0.880952380952 | 0.952830188679  | 0.5          | 0.880952380952 | 0.5          | 0.880952380952 | 0.119047619048 | 0.5          | 0.036231884058 | 0.5          | 0.5          |
+----------------+--------------+--------------+--------------+--------------+----------------+----------------+-----------------+--------------+----------------+--------------+----------------+----------------+--------------+----------------+--------------+--------------+
+----------------+--------------+--------------+--------------+--------------+--------------+-----------------+--------------+-----------------+----------------+-----------------+--------------+----------------+--------------+--------------+-----------------+--------------+
| ('YER111C', 1) | YER111C_1(0) | YER111C_1(0) | YER111C_1(0) | YER111C_1(0) | YER111C_1(0) | YER111C_1(0)    | YER111C_1(0) | YER111C_1(0)    | YER111C_1(1)   | YER111C_1(1)    | YER111C_1(1) | YER111C_1(1)   | YER111C_1(1) | YER111C_1(1) | YER111C_1(1)    | YER111C_1(1) |
+----------------+--------------+--------------+--------------+--------------+--------------+-----------------+--------------+-----------------+----------------+-----------------+--------------+----------------+--------------+--------------+-----------------+--------------+
| ('YGL116W', 0) | YGL116W_0(0) | YGL116W_0(0) | YGL116W_0(0) | YGL116W_0(0) | YGL116W_0(1) | YGL116W_0(1)    | YGL116W_0(1) | YGL116W_0(1)    | YGL116W_0(0)   | YGL116W_0(0)    | YGL116W_0(0) | YGL116W_0(0)   | YGL116W_0(1) | YGL116W_0(1) | YGL116W_0(1)    | YGL116W_0(1) |
+----------------+--------------+--------------+--------------+--------------+--------------+-----------------+--------------+-----------------+----------------+-----------------+--------------+----------------+--------------+--------------+-----------------+--------------+
| ('YLR079W', 0) | YLR079W_0(0) | YLR079W_0(0) | YLR079W_0(1) | YLR079W_0(1) | YLR079W_0(0) | YLR079W_0(0)    | YLR079W_0(1) | YLR079W_0(1)    | YLR079W_0(0)   | YLR079W_0(0)    | YLR079W_0(1) | YLR079W_0(1)   | YLR079W_0(0) | YLR079W_0(0) | YLR079W_0(1)    | YLR079W_0(1) |
+----------------+--------------+--------------+--------------+--------------+--------------+-----------------+--------------+-----------------+----------------+-----------------+--------------+----------------+--------------+--------------+-----------------+--------------+
| ('YMR199W', 0) | YMR199W_0(0) | YMR199W_0(1) | YMR199W_0(0) | YMR199W_0(1) | YMR199W_0(0) | YMR199W_0(1)    | YMR199W_0(0) | YMR199W_0(1)    | YMR199W_0(0)   | YMR199W_0(1)    | YMR199W_0(0) | YMR199W_0(1)   | YMR199W_0(0) | YMR199W_0(1) | YMR199W_0(0)    | YMR199W_0(1) |
+----------------+--------------+--------------+--------------+--------------+--------------+-----------------+--------------+-----------------+----------------+-----------------+--------------+----------------+--------------+--------------+-----------------+--------------+
| YGL003C(0)     | 0.5          | 0.5          | 0.5          | 0.5          | 0.5          | 0.952830188679  | 0.5          | 0.0675675675676 | 0.880952380952 | 0.0471698113208 | 0.5          | 0.119047619048 | 0.5          | 0.5          | 0.932432432432  | 0.5          |
+----------------+--------------+--------------+--------------+--------------+--------------+-----------------+--------------+-----------------+----------------+-----------------+--------------+----------------+--------------+--------------+-----------------+--------------+
| YGL003C(1)     | 0.5          | 0.5          | 0.5          | 0.5          | 0.5          | 0.0471698113208 | 0.5          | 0.932432432432  | 0.119047619048 | 0.952830188679  | 0.5          | 0.880952380952 | 0.5          | 0.5          | 0.0675675675676 | 0.5          |
+----------------+--------------+--------------+--------------+--------------+--------------+-----------------+--------------+-----------------+----------------+-----------------+--------------+----------------+--------------+--------------+-----------------+--------------+
+----------------+----------------+----------------+--------------+-----------------+--------------+----------------+-----------------+----------------+
| ('YGL116W', 0) | YGL116W_0(0)   | YGL116W_0(0)   | YGL116W_0(0) | YGL116W_0(0)    | YGL116W_0(1) | YGL116W_0(1)   | YGL116W_0(1)    | YGL116W_0(1)   |
+----------------+----------------+----------------+--------------+-----------------+--------------+----------------+-----------------+----------------+
| ('YGR108W', 1) | YGR108W_1(0)   | YGR108W_1(0)   | YGR108W_1(1) | YGR108W_1(1)    | YGR108W_1(0) | YGR108W_1(0)   | YGR108W_1(1)    | YGR108W_1(1)   |
+----------------+----------------+----------------+--------------+-----------------+--------------+----------------+-----------------+----------------+
| ('YPR120C', 1) | YPR120C_1(0)   | YPR120C_1(1)   | YPR120C_1(0) | YPR120C_1(1)    | YPR120C_1(0) | YPR120C_1(1)   | YPR120C_1(0)    | YPR120C_1(1)   |
+----------------+----------------+----------------+--------------+-----------------+--------------+----------------+-----------------+----------------+
| YDL056W(0)     | 0.192307692308 | 0.807692307692 | 0.5          | 0.0862068965517 | 0.5          | 0.192307692308 | 0.944444444444  | 0.192307692308 |
+----------------+----------------+----------------+--------------+-----------------+--------------+----------------+-----------------+----------------+
| YDL056W(1)     | 0.807692307692 | 0.192307692308 | 0.5          | 0.913793103448  | 0.5          | 0.807692307692 | 0.0555555555556 | 0.807692307692 |
+----------------+----------------+----------------+--------------+-----------------+--------------+----------------+-----------------+----------------+
+----------------+--------------+----------------+--------------+--------------+----------------+--------------+-----------------+-----------------+--------------+-----------------+--------------+--------------+--------------+--------------+-----------------+----------------+
| ('YAL040C', 0) | YAL040C_0(0) | YAL040C_0(0)   | YAL040C_0(0) | YAL040C_0(0) | YAL040C_0(0)   | YAL040C_0(0) | YAL040C_0(0)    | YAL040C_0(0)    | YAL040C_0(1) | YAL040C_0(1)    | YAL040C_0(1) | YAL040C_0(1) | YAL040C_0(1) | YAL040C_0(1) | YAL040C_0(1)    | YAL040C_0(1)   |
+----------------+--------------+----------------+--------------+--------------+----------------+--------------+-----------------+-----------------+--------------+-----------------+--------------+--------------+--------------+--------------+-----------------+----------------+
| ('YDR146C', 1) | YDR146C_1(0) | YDR146C_1(0)   | YDR146C_1(0) | YDR146C_1(0) | YDR146C_1(1)   | YDR146C_1(1) | YDR146C_1(1)    | YDR146C_1(1)    | YDR146C_1(0) | YDR146C_1(0)    | YDR146C_1(0) | YDR146C_1(0) | YDR146C_1(1) | YDR146C_1(1) | YDR146C_1(1)    | YDR146C_1(1)   |
+----------------+--------------+----------------+--------------+--------------+----------------+--------------+-----------------+-----------------+--------------+-----------------+--------------+--------------+--------------+--------------+-----------------+----------------+
| ('YGR108W', 0) | YGR108W_0(0) | YGR108W_0(0)   | YGR108W_0(1) | YGR108W_0(1) | YGR108W_0(0)   | YGR108W_0(0) | YGR108W_0(1)    | YGR108W_0(1)    | YGR108W_0(0) | YGR108W_0(0)    | YGR108W_0(1) | YGR108W_0(1) | YGR108W_0(0) | YGR108W_0(0) | YGR108W_0(1)    | YGR108W_0(1)   |
+----------------+--------------+----------------+--------------+--------------+----------------+--------------+-----------------+-----------------+--------------+-----------------+--------------+--------------+--------------+--------------+-----------------+----------------+
| ('YPR120C', 1) | YPR120C_1(0) | YPR120C_1(1)   | YPR120C_1(0) | YPR120C_1(1) | YPR120C_1(0)   | YPR120C_1(1) | YPR120C_1(0)    | YPR120C_1(1)    | YPR120C_1(0) | YPR120C_1(1)    | YPR120C_1(0) | YPR120C_1(1) | YPR120C_1(0) | YPR120C_1(1) | YPR120C_1(0)    | YPR120C_1(1)   |
+----------------+--------------+----------------+--------------+--------------+----------------+--------------+-----------------+-----------------+--------------+-----------------+--------------+--------------+--------------+--------------+-----------------+----------------+
| YGL116W(0)     | 0.5          | 0.880952380952 | 0.5          | 0.5          | 0.119047619048 | 0.5          | 0.0675675675676 | 0.0675675675676 | 0.5          | 0.932432432432  | 0.5          | 0.5          | 0.5          | 0.5          | 0.0471698113208 | 0.880952380952 |
+----------------+--------------+----------------+--------------+--------------+----------------+--------------+-----------------+-----------------+--------------+-----------------+--------------+--------------+--------------+--------------+-----------------+----------------+
| YGL116W(1)     | 0.5          | 0.119047619048 | 0.5          | 0.5          | 0.880952380952 | 0.5          | 0.932432432432  | 0.932432432432  | 0.5          | 0.0675675675676 | 0.5          | 0.5          | 0.5          | 0.5          | 0.952830188679  | 0.119047619048 |
+----------------+--------------+----------------+--------------+--------------+----------------+--------------+-----------------+-----------------+--------------+-----------------+--------------+--------------+--------------+--------------+-----------------+----------------+
+----------------+--------------+--------------+----------------+--------------+
| ('YAL040C', 0) | YAL040C_0(0) | YAL040C_0(0) | YAL040C_0(1)   | YAL040C_0(1) |
+----------------+--------------+--------------+----------------+--------------+
| ('YMR199W', 0) | YMR199W_0(0) | YMR199W_0(1) | YMR199W_0(0)   | YMR199W_0(1) |
+----------------+--------------+--------------+----------------+--------------+
| YMR043W(0)     | 0.5          | 0.5          | 0.722222222222 | 0.1          |
+----------------+--------------+--------------+----------------+--------------+
| YMR043W(1)     | 0.5          | 0.5          | 0.277777777778 | 0.9          |
+----------------+--------------+--------------+----------------+--------------+
+----------------+----------------+----------------+--------------+----------------+--------------+--------------+----------------+-----------------+
| ('YGR108W', 0) | YGR108W_0(0)   | YGR108W_0(0)   | YGR108W_0(0) | YGR108W_0(0)   | YGR108W_0(1) | YGR108W_0(1) | YGR108W_0(1)   | YGR108W_0(1)    |
+----------------+----------------+----------------+--------------+----------------+--------------+--------------+----------------+-----------------+
| ('YGR108W', 1) | YGR108W_1(0)   | YGR108W_1(0)   | YGR108W_1(1) | YGR108W_1(1)   | YGR108W_1(0) | YGR108W_1(0) | YGR108W_1(1)   | YGR108W_1(1)    |
+----------------+----------------+----------------+--------------+----------------+--------------+--------------+----------------+-----------------+
| ('YMR199W', 1) | YMR199W_1(0)   | YMR199W_1(1)   | YMR199W_1(0) | YMR199W_1(1)   | YMR199W_1(0) | YMR199W_1(1) | YMR199W_1(0)   | YMR199W_1(1)    |
+----------------+----------------+----------------+--------------+----------------+--------------+--------------+----------------+-----------------+
| YDR146C(0)     | 0.192307692308 | 0.880952380952 | 0.5          | 0.807692307692 | 0.5          | 0.5          | 0.192307692308 | 0.0409836065574 |
+----------------+----------------+----------------+--------------+----------------+--------------+--------------+----------------+-----------------+
| YDR146C(1)     | 0.807692307692 | 0.119047619048 | 0.5          | 0.192307692308 | 0.5          | 0.5          | 0.807692307692 | 0.959016393443  |
+----------------+----------------+----------------+--------------+----------------+--------------+--------------+----------------+-----------------+
+----------------+--------------+----------------+--------------+-----------------+----------------+----------------+----------------+-----------------+
| ('YGL003C', 0) | YGL003C_0(0) | YGL003C_0(0)   | YGL003C_0(0) | YGL003C_0(0)    | YGL003C_0(1)   | YGL003C_0(1)   | YGL003C_0(1)   | YGL003C_0(1)    |
+----------------+--------------+----------------+--------------+-----------------+----------------+----------------+----------------+-----------------+
| ('YGR108W', 0) | YGR108W_0(0) | YGR108W_0(0)   | YGR108W_0(1) | YGR108W_0(1)    | YGR108W_0(0)   | YGR108W_0(0)   | YGR108W_0(1)   | YGR108W_0(1)    |
+----------------+--------------+----------------+--------------+-----------------+----------------+----------------+----------------+-----------------+
| ('YMR199W', 1) | YMR199W_1(0) | YMR199W_1(1)   | YMR199W_1(0) | YMR199W_1(1)    | YMR199W_1(0)   | YMR199W_1(1)   | YMR199W_1(0)   | YMR199W_1(1)    |
+----------------+--------------+----------------+--------------+-----------------+----------------+----------------+----------------+-----------------+
| YGR108W(0)     | 0.5          | 0.880952380952 | 0.5          | 0.0862068965517 | 0.807692307692 | 0.192307692308 | 0.192307692308 | 0.0675675675676 |
+----------------+--------------+----------------+--------------+-----------------+----------------+----------------+----------------+-----------------+
| YGR108W(1)     | 0.5          | 0.119047619048 | 0.5          | 0.913793103448  | 0.192307692308 | 0.807692307692 | 0.807692307692 | 0.932432432432  |
+----------------+--------------+----------------+--------------+-----------------+----------------+----------------+----------------+-----------------+
+----------------+----------------+-----------------+--------------+--------------+--------------+----------------+----------------+-----------------+
| ('YDR146C', 0) | YDR146C_0(0)   | YDR146C_0(0)    | YDR146C_0(0) | YDR146C_0(0) | YDR146C_0(1) | YDR146C_0(1)   | YDR146C_0(1)   | YDR146C_0(1)    |
+----------------+----------------+-----------------+--------------+--------------+--------------+----------------+----------------+-----------------+
| ('YGL116W', 0) | YGL116W_0(0)   | YGL116W_0(0)    | YGL116W_0(1) | YGL116W_0(1) | YGL116W_0(0) | YGL116W_0(0)   | YGL116W_0(1)   | YGL116W_0(1)    |
+----------------+----------------+-----------------+--------------+--------------+--------------+----------------+----------------+-----------------+
| ('YMR199W', 0) | YMR199W_0(0)   | YMR199W_0(1)    | YMR199W_0(0) | YMR199W_0(1) | YMR199W_0(0) | YMR199W_0(1)   | YMR199W_0(0)   | YMR199W_0(1)    |
+----------------+----------------+-----------------+--------------+--------------+--------------+----------------+----------------+-----------------+
| YER111C(0)     | 0.192307692308 | 0.0862068965517 | 0.5          | 0.5          | 0.5          | 0.192307692308 | 0.119047619048 | 0.944444444444  |
+----------------+----------------+-----------------+--------------+--------------+--------------+----------------+----------------+-----------------+
| YER111C(1)     | 0.807692307692 | 0.913793103448  | 0.5          | 0.5          | 0.5          | 0.807692307692 | 0.880952380952 | 0.0555555555556 |
+----------------+----------------+-----------------+--------------+--------------+--------------+----------------+----------------+-----------------+
+----------------+--------------+----------------+--------------+-----------------+----------------+----------------+----------------+----------------+
| ('YLR079W', 1) | YLR079W_1(0) | YLR079W_1(0)   | YLR079W_1(0) | YLR079W_1(0)    | YLR079W_1(1)   | YLR079W_1(1)   | YLR079W_1(1)   | YLR079W_1(1)   |
+----------------+--------------+----------------+--------------+-----------------+----------------+----------------+----------------+----------------+
| ('YMR043W', 1) | YMR043W_1(0) | YMR043W_1(0)   | YMR043W_1(1) | YMR043W_1(1)    | YMR043W_1(0)   | YMR043W_1(0)   | YMR043W_1(1)   | YMR043W_1(1)   |
+----------------+--------------+----------------+--------------+-----------------+----------------+----------------+----------------+----------------+
| ('YMR199W', 0) | YMR199W_0(0) | YMR199W_0(1)   | YMR199W_0(0) | YMR199W_0(1)    | YMR199W_0(0)   | YMR199W_0(1)   | YMR199W_0(0)   | YMR199W_0(1)   |
+----------------+--------------+----------------+--------------+-----------------+----------------+----------------+----------------+----------------+
| YPR120C(0)     | 0.5          | 0.807692307692 | 0.5          | 0.0555555555556 | 0.880952380952 | 0.807692307692 | 0.192307692308 | 0.880952380952 |
+----------------+--------------+----------------+--------------+-----------------+----------------+----------------+----------------+----------------+
| YPR120C(1)     | 0.5          | 0.192307692308 | 0.5          | 0.944444444444  | 0.119047619048 | 0.192307692308 | 0.807692307692 | 0.119047619048 |
+----------------+--------------+----------------+--------------+-----------------+----------------+----------------+----------------+----------------+
+----------------+----------------+----------------+----------------+--------------+
| ('YGL003C', 0) | YGL003C_0(0)   | YGL003C_0(0)   | YGL003C_0(1)   | YGL003C_0(1) |
+----------------+----------------+----------------+----------------+--------------+
| ('YMR043W', 0) | YMR043W_0(0)   | YMR043W_0(1)   | YMR043W_0(0)   | YMR043W_0(1) |
+----------------+----------------+----------------+----------------+--------------+
| YMR199W(0)     | 0.192307692308 | 0.147058823529 | 0.807692307692 | 0.1          |
+----------------+----------------+----------------+----------------+--------------+
| YMR199W(1)     | 0.807692307692 | 0.852941176471 | 0.192307692308 | 0.9          |
+----------------+----------------+----------------+----------------+--------------+
[('YLR079W', 'YGL003C'), ('YLR079W', 'YLR079W'), ('YLR079W', 'YAL040C'), ('YER111C', 'YGL003C'), ('YGL003C', 'YMR199W'), ('YGL003C', 'YGR108W'), ('YMR043W', 'YPR120C'), ('YAL040C', 'YGL116W'), ('YAL040C', 'YMR043W'), ('YER111C', 'YLR079W'), ('YER111C', 'YAL040C'), ('YGR108W', 'YDL056W'), ('YGR108W', 'YLR079W'), ('YGR108W', 'YDR146C'), ('YMR043W', 'YMR199W'), ('YPR120C', 'YLR079W'), ('YGL116W', 'YGL003C'), ('YGL116W', 'YDL056W'), ('YGL116W', 'YER111C'), ('YGR108W', 'YGL116W'), ('YGR108W', 'YDR146C'), ('YGR108W', 'YGR108W'), ('YMR199W', 'YDR146C'), ('YMR199W', 'YGR108W'), ('YDR146C', 'YER111C'), ('YPR120C', 'YGL116W'), ('YPR120C', 'YDL056W'), ('YLR079W', 'YPR120C'), ('YDL056W', 'YAL040C'), ('YMR199W', 'YGL003C'), ('YMR199W', 'YPR120C'), ('YMR199W', 'YER111C'), ('YMR199W', 'YMR043W'), ('YDR146C', 'YGL116W'), ('YDR146C', 'YAL040C')]
