[]
+------------+---+
| YAL040C(0) | 1 |
+------------+---+
+------------+---+
| YLR079W(1) | 1 |
+------------+---+
+------------+---+
| YMR199W(1) | 1 |
+------------+---+
+------------+---+
| YDL056W(1) | 1 |
+------------+---+
+------------+---+
| YGL116W(0) | 1 |
+------------+---+
+------------+---+
| YMR043W(0) | 1 |
+------------+---+
+------------+---+
| YDR146C(0) | 1 |
+------------+---+
+------------+---+
| YGR108W(0) | 1 |
+------------+---+
+------------+---+
| YER111C(1) | 1 |
+------------+---+
+------------+---+
| YPR120C(0) | 1 |
+------------+---+
+------------+---+
| YGL003C(0) | 1 |
+------------+---+
[(('YLR079W', 0), ('YLR079W', 1)), (('YDL056W', 1), ('YMR199W', 1)), (('YDL056W', 1), ('YDR146C', 1)), (('YER111C', 1), ('YAL040C', 1)), (('YGL003C', 0), ('YDR146C', 1)), (('YGL003C', 0), ('YPR120C', 1)), (('YMR043W', 1), ('YER111C', 1)), (('YER111C', 0), ('YGL116W', 1)), (('YER111C', 0), ('YPR120C', 1)), (('YER111C', 0), ('YER111C', 1)), (('YER111C', 0), ('YGR108W', 1)), (('YGR108W', 1), ('YGL003C', 1)), (('YGR108W', 1), ('YDL056W', 1)), (('YGR108W', 1), ('YDR146C', 1)), (('YMR043W', 0), ('YGR108W', 1)), (('YPR120C', 0), ('YGL116W', 1)), (('YPR120C', 0), ('YMR199W', 1)), (('YGL116W', 0), ('YMR199W', 1)), (('YGL116W', 0), ('YDL056W', 1)), (('YGL116W', 0), ('YGR108W', 1)), (('YGL116W', 0), ('YAL040C', 1)), (('YMR199W', 1), ('YGL116W', 1)), (('YGL116W', 1), ('YPR120C', 1)), (('YLR079W', 1), ('YGL003C', 1)), (('YLR079W', 1), ('YMR043W', 1)), (('YDL056W', 0), ('YGL003C', 1)), (('YDL056W', 0), ('YMR043W', 1)), (('YGL003C', 1), ('YMR043W', 1)), (('YGL003C', 1), ('YDL056W', 1)), (('YGL003C', 1), ('YER111C', 1))]
+----------------+--------------+----------------+----------------+----------------+
| ('YER111C', 1) | YER111C_1(0) | YER111C_1(0)   | YER111C_1(1)   | YER111C_1(1)   |
+----------------+--------------+----------------+----------------+----------------+
| ('YGL116W', 0) | YGL116W_0(0) | YGL116W_0(1)   | YGL116W_0(0)   | YGL116W_0(1)   |
+----------------+--------------+----------------+----------------+----------------+
| YAL040C(0)     | 0.5          | 0.309523809524 | 0.880952380952 | 0.147058823529 |
+----------------+--------------+----------------+----------------+----------------+
| YAL040C(1)     | 0.5          | 0.690476190476 | 0.119047619048 | 0.852941176471 |
+----------------+--------------+----------------+----------------+----------------+
+----------------+----------------+----------------+
| ('YLR079W', 0) | YLR079W_0(0)   | YLR079W_0(1)   |
+----------------+----------------+----------------+
| YLR079W(0)     | 0.653846153846 | 0.166666666667 |
+----------------+----------------+----------------+
| YLR079W(1)     | 0.346153846154 | 0.833333333333 |
+----------------+----------------+----------------+
+----------------+--------------+----------------+--------------+--------------+----------------+-----------------+-----------------+-----------------+
| ('YDL056W', 0) | YDL056W_0(0) | YDL056W_0(0)   | YDL056W_0(0) | YDL056W_0(0) | YDL056W_0(1)   | YDL056W_0(1)    | YDL056W_0(1)    | YDL056W_0(1)    |
+----------------+--------------+----------------+--------------+--------------+----------------+-----------------+-----------------+-----------------+
| ('YGR108W', 1) | YGR108W_1(0) | YGR108W_1(0)   | YGR108W_1(1) | YGR108W_1(1) | YGR108W_1(0)   | YGR108W_1(0)    | YGR108W_1(1)    | YGR108W_1(1)    |
+----------------+--------------+----------------+--------------+--------------+----------------+-----------------+-----------------+-----------------+
| ('YLR079W', 1) | YLR079W_1(0) | YLR079W_1(1)   | YLR079W_1(0) | YLR079W_1(1) | YLR079W_1(0)   | YLR079W_1(1)    | YLR079W_1(0)    | YLR079W_1(1)    |
+----------------+--------------+----------------+--------------+--------------+----------------+-----------------+-----------------+-----------------+
| YGL003C(0)     | 0.5          | 0.880952380952 | 0.5          | 0.5          | 0.192307692308 | 0.913793103448  | 0.0862068965517 | 0.0471698113208 |
+----------------+--------------+----------------+--------------+--------------+----------------+-----------------+-----------------+-----------------+
| YGL003C(1)     | 0.5          | 0.119047619048 | 0.5          | 0.5          | 0.807692307692 | 0.0862068965517 | 0.913793103448  | 0.952830188679  |
+----------------+--------------+----------------+--------------+--------------+----------------+-----------------+-----------------+-----------------+
+----------------+-----------------+--------------+----------------+--------------+----------------+-----------------+--------------+-----------------+
| ('YGL003C', 1) | YGL003C_1(0)    | YGL003C_1(0) | YGL003C_1(0)   | YGL003C_1(0) | YGL003C_1(1)   | YGL003C_1(1)    | YGL003C_1(1) | YGL003C_1(1)    |
+----------------+-----------------+--------------+----------------+--------------+----------------+-----------------+--------------+-----------------+
| ('YGL116W', 0) | YGL116W_0(0)    | YGL116W_0(0) | YGL116W_0(1)   | YGL116W_0(1) | YGL116W_0(0)   | YGL116W_0(0)    | YGL116W_0(1) | YGL116W_0(1)    |
+----------------+-----------------+--------------+----------------+--------------+----------------+-----------------+--------------+-----------------+
| ('YGR108W', 1) | YGR108W_1(0)    | YGR108W_1(1) | YGR108W_1(0)   | YGR108W_1(1) | YGR108W_1(0)   | YGR108W_1(1)    | YGR108W_1(0) | YGR108W_1(1)    |
+----------------+-----------------+--------------+----------------+--------------+----------------+-----------------+--------------+-----------------+
| YDL056W(0)     | 0.0862068965517 | 0.5          | 0.880952380952 | 0.5          | 0.192307692308 | 0.0675675675676 | 0.5          | 0.0555555555556 |
+----------------+-----------------+--------------+----------------+--------------+----------------+-----------------+--------------+-----------------+
| YDL056W(1)     | 0.913793103448  | 0.5          | 0.119047619048 | 0.5          | 0.807692307692 | 0.932432432432  | 0.5          | 0.944444444444  |
+----------------+-----------------+--------------+----------------+--------------+----------------+-----------------+--------------+-----------------+
+----------------+-----------------+--------------+--------------+----------------+--------------+--------------+----------------+-----------------+
| ('YER111C', 0) | YER111C_0(0)    | YER111C_0(0) | YER111C_0(0) | YER111C_0(0)   | YER111C_0(1) | YER111C_0(1) | YER111C_0(1)   | YER111C_0(1)    |
+----------------+-----------------+--------------+--------------+----------------+--------------+--------------+----------------+-----------------+
| ('YMR199W', 1) | YMR199W_1(0)    | YMR199W_1(0) | YMR199W_1(1) | YMR199W_1(1)   | YMR199W_1(0) | YMR199W_1(0) | YMR199W_1(1)   | YMR199W_1(1)    |
+----------------+-----------------+--------------+--------------+----------------+--------------+--------------+----------------+-----------------+
| ('YPR120C', 0) | YPR120C_0(0)    | YPR120C_0(1) | YPR120C_0(0) | YPR120C_0(1)   | YPR120C_0(0) | YPR120C_0(1) | YPR120C_0(0)   | YPR120C_0(1)    |
+----------------+-----------------+--------------+--------------+----------------+--------------+--------------+----------------+-----------------+
| YGL116W(0)     | 0.0555555555556 | 0.5          | 0.5          | 0.119047619048 | 0.5          | 0.5          | 0.192307692308 | 0.959016393443  |
+----------------+-----------------+--------------+--------------+----------------+--------------+--------------+----------------+-----------------+
| YGL116W(1)     | 0.944444444444  | 0.5          | 0.5          | 0.880952380952 | 0.5          | 0.5          | 0.807692307692 | 0.0409836065574 |
+----------------+-----------------+--------------+--------------+----------------+--------------+--------------+----------------+-----------------+
+----------------+--------------+--------------+--------------+--------------+--------------+-----------------+-----------------+----------------+
| ('YDL056W', 0) | YDL056W_0(0) | YDL056W_0(0) | YDL056W_0(0) | YDL056W_0(0) | YDL056W_0(1) | YDL056W_0(1)    | YDL056W_0(1)    | YDL056W_0(1)   |
+----------------+--------------+--------------+--------------+--------------+--------------+-----------------+-----------------+----------------+
| ('YGL003C', 1) | YGL003C_1(0) | YGL003C_1(0) | YGL003C_1(1) | YGL003C_1(1) | YGL003C_1(0) | YGL003C_1(0)    | YGL003C_1(1)    | YGL003C_1(1)   |
+----------------+--------------+--------------+--------------+--------------+--------------+-----------------+-----------------+----------------+
| ('YLR079W', 1) | YLR079W_1(0) | YLR079W_1(1) | YLR079W_1(0) | YLR079W_1(1) | YLR079W_1(0) | YLR079W_1(1)    | YLR079W_1(0)    | YLR079W_1(1)   |
+----------------+--------------+--------------+--------------+--------------+--------------+-----------------+-----------------+----------------+
| YMR043W(0)     | 0.5          | 0.5          | 0.5          | 0.5          | 0.5          | 0.0862068965517 | 0.0675675675676 | 0.801886792453 |
+----------------+--------------+--------------+--------------+--------------+--------------+-----------------+-----------------+----------------+
| YMR043W(1)     | 0.5          | 0.5          | 0.5          | 0.5          | 0.5          | 0.913793103448  | 0.932432432432  | 0.198113207547 |
+----------------+--------------+--------------+--------------+--------------+--------------+-----------------+-----------------+----------------+
+----------------+----------------+--------------+----------------+--------------+-----------------+----------------+--------------+----------------+
| ('YDL056W', 1) | YDL056W_1(0)   | YDL056W_1(0) | YDL056W_1(0)   | YDL056W_1(0) | YDL056W_1(1)    | YDL056W_1(1)   | YDL056W_1(1) | YDL056W_1(1)   |
+----------------+----------------+--------------+----------------+--------------+-----------------+----------------+--------------+----------------+
| ('YGL003C', 0) | YGL003C_0(0)   | YGL003C_0(0) | YGL003C_0(1)   | YGL003C_0(1) | YGL003C_0(0)    | YGL003C_0(0)   | YGL003C_0(1) | YGL003C_0(1)   |
+----------------+----------------+--------------+----------------+--------------+-----------------+----------------+--------------+----------------+
| ('YGR108W', 1) | YGR108W_1(0)   | YGR108W_1(1) | YGR108W_1(0)   | YGR108W_1(1) | YGR108W_1(0)    | YGR108W_1(1)   | YGR108W_1(0) | YGR108W_1(1)   |
+----------------+----------------+--------------+----------------+--------------+-----------------+----------------+--------------+----------------+
| YDR146C(0)     | 0.192307692308 | 0.5          | 0.192307692308 | 0.5          | 0.932432432432  | 0.192307692308 | 0.5          | 0.036231884058 |
+----------------+----------------+--------------+----------------+--------------+-----------------+----------------+--------------+----------------+
| YDR146C(1)     | 0.807692307692 | 0.5          | 0.807692307692 | 0.5          | 0.0675675675676 | 0.807692307692 | 0.5          | 0.963768115942 |
+----------------+----------------+--------------+----------------+--------------+-----------------+----------------+--------------+----------------+
+----------------+--------------+----------------+----------------+-----------------+----------------+-----------------+----------------+----------------+
| ('YER111C', 0) | YER111C_0(0) | YER111C_0(0)   | YER111C_0(0)   | YER111C_0(0)    | YER111C_0(1)   | YER111C_0(1)    | YER111C_0(1)   | YER111C_0(1)   |
+----------------+--------------+----------------+----------------+-----------------+----------------+-----------------+----------------+----------------+
| ('YGL116W', 0) | YGL116W_0(0) | YGL116W_0(0)   | YGL116W_0(1)   | YGL116W_0(1)    | YGL116W_0(0)   | YGL116W_0(0)    | YGL116W_0(1)   | YGL116W_0(1)   |
+----------------+--------------+----------------+----------------+-----------------+----------------+-----------------+----------------+----------------+
| ('YMR043W', 0) | YMR043W_0(0) | YMR043W_0(1)   | YMR043W_0(0)   | YMR043W_0(1)    | YMR043W_0(0)   | YMR043W_0(1)    | YMR043W_0(0)   | YMR043W_0(1)   |
+----------------+--------------+----------------+----------------+-----------------+----------------+-----------------+----------------+----------------+
| YGR108W(0)     | 0.5          | 0.119047619048 | 0.119047619048 | 0.0862068965517 | 0.119047619048 | 0.932432432432  | 0.807692307692 | 0.807692307692 |
+----------------+--------------+----------------+----------------+-----------------+----------------+-----------------+----------------+----------------+
| YGR108W(1)     | 0.5          | 0.880952380952 | 0.880952380952 | 0.913793103448  | 0.880952380952 | 0.0675675675676 | 0.192307692308 | 0.192307692308 |
+----------------+--------------+----------------+----------------+-----------------+----------------+-----------------+----------------+----------------+
+----------------+--------------+--------------+----------------+-----------------+----------------+-----------------+----------------+----------------+
| ('YER111C', 0) | YER111C_0(0) | YER111C_0(0) | YER111C_0(0)   | YER111C_0(0)    | YER111C_0(1)   | YER111C_0(1)    | YER111C_0(1)   | YER111C_0(1)   |
+----------------+--------------+--------------+----------------+-----------------+----------------+-----------------+----------------+----------------+
| ('YGL003C', 1) | YGL003C_1(0) | YGL003C_1(0) | YGL003C_1(1)   | YGL003C_1(1)    | YGL003C_1(0)   | YGL003C_1(0)    | YGL003C_1(1)   | YGL003C_1(1)   |
+----------------+--------------+--------------+----------------+-----------------+----------------+-----------------+----------------+----------------+
| ('YMR043W', 1) | YMR043W_1(0) | YMR043W_1(1) | YMR043W_1(0)   | YMR043W_1(1)    | YMR043W_1(0)   | YMR043W_1(1)    | YMR043W_1(0)   | YMR043W_1(1)   |
+----------------+--------------+--------------+----------------+-----------------+----------------+-----------------+----------------+----------------+
| YER111C(0)     | 0.5          | 0.5          | 0.716216216216 | 0.913793103448  | 0.192307692308 | 0.0675675675676 | 0.192307692308 | 0.880952380952 |
+----------------+--------------+--------------+----------------+-----------------+----------------+-----------------+----------------+----------------+
| YER111C(1)     | 0.5          | 0.5          | 0.283783783784 | 0.0862068965517 | 0.807692307692 | 0.932432432432  | 0.807692307692 | 0.119047619048 |
+----------------+--------------+--------------+----------------+-----------------+----------------+-----------------+----------------+----------------+
+----------------+--------------+--------------+--------------+-----------------+-----------------+--------------+----------------+----------------+
| ('YER111C', 0) | YER111C_0(0) | YER111C_0(0) | YER111C_0(0) | YER111C_0(0)    | YER111C_0(1)    | YER111C_0(1) | YER111C_0(1)   | YER111C_0(1)   |
+----------------+--------------+--------------+--------------+-----------------+-----------------+--------------+----------------+----------------+
| ('YGL003C', 0) | YGL003C_0(0) | YGL003C_0(0) | YGL003C_0(1) | YGL003C_0(1)    | YGL003C_0(0)    | YGL003C_0(0) | YGL003C_0(1)   | YGL003C_0(1)   |
+----------------+--------------+--------------+--------------+-----------------+-----------------+--------------+----------------+----------------+
| ('YGL116W', 1) | YGL116W_1(0) | YGL116W_1(1) | YGL116W_1(0) | YGL116W_1(1)    | YGL116W_1(0)    | YGL116W_1(1) | YGL116W_1(0)   | YGL116W_1(1)   |
+----------------+--------------+--------------+--------------+-----------------+-----------------+--------------+----------------+----------------+
| YPR120C(0)     | 0.5          | 0.5          | 0.5          | 0.959016393443  | 0.0471698113208 | 0.5          | 0.192307692308 | 0.192307692308 |
+----------------+--------------+--------------+--------------+-----------------+-----------------+--------------+----------------+----------------+
| YPR120C(1)     | 0.5          | 0.5          | 0.5          | 0.0409836065574 | 0.952830188679  | 0.5          | 0.807692307692 | 0.807692307692 |
+----------------+--------------+--------------+--------------+-----------------+-----------------+--------------+----------------+----------------+
+----------------+--------------+--------------+----------------+----------------+--------------+----------------+-----------------+--------------+
| ('YDL056W', 1) | YDL056W_1(0) | YDL056W_1(0) | YDL056W_1(0)   | YDL056W_1(0)   | YDL056W_1(1) | YDL056W_1(1)   | YDL056W_1(1)    | YDL056W_1(1) |
+----------------+--------------+--------------+----------------+----------------+--------------+----------------+-----------------+--------------+
| ('YGL116W', 0) | YGL116W_0(0) | YGL116W_0(0) | YGL116W_0(1)   | YGL116W_0(1)   | YGL116W_0(0) | YGL116W_0(0)   | YGL116W_0(1)    | YGL116W_0(1) |
+----------------+--------------+--------------+----------------+----------------+--------------+----------------+-----------------+--------------+
| ('YPR120C', 0) | YPR120C_0(0) | YPR120C_0(1) | YPR120C_0(0)   | YPR120C_0(1)   | YPR120C_0(0) | YPR120C_0(1)   | YPR120C_0(0)    | YPR120C_0(1) |
+----------------+--------------+--------------+----------------+----------------+--------------+----------------+-----------------+--------------+
| YMR199W(0)     | 0.5          | 0.5          | 0.192307692308 | 0.192307692308 | 0.5          | 0.036231884058 | 0.944444444444  | 0.5          |
+----------------+--------------+--------------+----------------+----------------+--------------+----------------+-----------------+--------------+
| YMR199W(1)     | 0.5          | 0.5          | 0.807692307692 | 0.807692307692 | 0.5          | 0.963768115942 | 0.0555555555556 | 0.5          |
+----------------+--------------+--------------+----------------+----------------+--------------+----------------+-----------------+--------------+
[('YLR079W', 'YLR079W'), ('YDL056W', 'YMR199W'), ('YDL056W', 'YDR146C'), ('YER111C', 'YAL040C'), ('YGL003C', 'YDR146C'), ('YGL003C', 'YPR120C'), ('YMR043W', 'YER111C'), ('YER111C', 'YGL116W'), ('YER111C', 'YPR120C'), ('YER111C', 'YER111C'), ('YER111C', 'YGR108W'), ('YGR108W', 'YGL003C'), ('YGR108W', 'YDL056W'), ('YGR108W', 'YDR146C'), ('YMR043W', 'YGR108W'), ('YPR120C', 'YGL116W'), ('YPR120C', 'YMR199W'), ('YGL116W', 'YMR199W'), ('YGL116W', 'YDL056W'), ('YGL116W', 'YGR108W'), ('YGL116W', 'YAL040C'), ('YMR199W', 'YGL116W'), ('YGL116W', 'YPR120C'), ('YLR079W', 'YGL003C'), ('YLR079W', 'YMR043W'), ('YDL056W', 'YGL003C'), ('YDL056W', 'YMR043W'), ('YGL003C', 'YMR043W'), ('YGL003C', 'YDL056W'), ('YGL003C', 'YER111C')]
