[('G25', 'G100'), ('G25', 'G74'), ('G25', 'G76'), ('G25', 'G46'), ('G25', 'G54'), ('G22', 'G53'), ('G22', 'G69'), ('G22', 'G92'), ('G22', 'G9'), ('G23', 'G7'), ('G23', 'G25'), ('G23', 'G78'), ('G23', 'G99'), ('G23', 'G8'), ('G20', 'G47'), ('G28', 'G62'), ('G28', 'G38'), ('G28', 'G22'), ('G28', 'G13'), ('G28', 'G47'), ('G29', 'G66'), ('G29', 'G72'), ('G7', 'G63'), ('G7', 'G88'), ('G5', 'G21'), ('G5', 'G36'), ('G5', 'G19'), ('G5', 'G54'), ('G5', 'G17'), ('G5', 'G60'), ('G5', 'G58'), ('G5', 'G11'), ('G4', 'G27'), ('G4', 'G3'), ('G4', 'G75'), ('G4', 'G50'), ('G4', 'G11'), ('G4', 'G14'), ('G4', 'G64'), ('G3', 'G94'), ('G3', 'G82'), ('G2', 'G10'), ('G1', 'G7'), ('G1', 'G17'), ('G1', 'G44'), ('G1', 'G2'), ('G8', 'G96'), ('G8', 'G24'), ('G53', 'G97'), ('G53', 'G35'), ('G52', 'G6'), ('G51', 'G14'), ('G50', 'G53'), ('G50', 'G42'), ('G50', 'G21'), ('G57', 'G39'), ('G57', 'G35'), ('G56', 'G93'), ('G56', 'G35'), ('G56', 'G55'), ('G56', 'G1'), ('G55', 'G50'), ('G54', 'G96'), ('G54', 'G51'), ('G54', 'G4'), ('G54', 'G6'), ('G59', 'G8'), ('G58', 'G26'), ('G58', 'G23'), ('G58', 'G45'), ('G58', 'G59'), ('G58', 'G10'), ('G58', 'G56'), ('G58', 'G98'), ('G40', 'G85'), ('G40', 'G24'), ('G40', 'G76'), ('G40', 'G22'), ('G40', 'G98'), ('G41', 'G71'), ('G41', 'G9'), ('G42', 'G43'), ('G44', 'G2'), ('G44', 'G20'), ('G47', 'G62'), ('G47', 'G70'), ('G47', 'G37'), ('G48', 'G52'), ('G48', 'G3'), ('G48', 'G34'), ('G48', 'G55'), ('G49', 'G5'), ('G75', 'G68'), ('G75', 'G50'), ('G74', 'G77'), ('G74', 'G32'), ('G77', 'G15'), ('G76', 'G67'), ('G76', 'G29'), ('G71', 'G38'), ('G71', 'G59'), ('G71', 'G4'), ('G72', 'G75'), ('G72', 'G67'), ('G72', 'G73'), ('G72', 'G70'), ('G79', 'G16'), ('G79', 'G61'), ('G79', 'G80'), ('G79', 'G11'), ('G60', 'G84'), ('G60', 'G99'), ('G64', 'G65'), ('G100', 'G51'), ('G100', 'G94'), ('G100', 'G71'), ('G19', 'G17'), ('G19', 'G58'), ('G17', 'G37'), ('G16', 'G29'), ('G15', 'G66'), ('G15', 'G34'), ('G15', 'G12'), ('G14', 'G95'), ('G13', 'G31'), ('G12', 'G30'), ('G12', 'G39'), ('G12', 'G72'), ('G12', 'G48'), ('G12', 'G14'), ('G12', 'G13'), ('G11', 'G88'), ('G96', 'G53'), ('G96', 'G22'), ('G96', 'G57'), ('G96', 'G92'), ('G96', 'G85'), ('G95', 'G40'), ('G95', 'G86'), ('G94', 'G95'), ('G94', 'G18'), ('G93', 'G26'), ('G93', 'G97'), ('G93', 'G45'), ('G92', 'G63'), ('G92', 'G93'), ('G92', 'G9'), ('G91', 'G42'), ('G91', 'G78'), ('G90', 'G81'), ('G90', 'G91'), ('G99', 'G48'), ('G99', 'G74'), ('G99', 'G4'), ('G99', 'G25'), ('G98', 'G73'), ('G98', 'G8'), ('G98', 'G87'), ('G98', 'G57'), ('G98', 'G81'), ('G98', 'G91'), ('G98', 'G79'), ('G31', 'G79'), ('G31', 'G56'), ('G31', 'G64'), ('G30', 'G7'), ('G30', 'G83'), ('G30', 'G1'), ('G30', 'G65'), ('G35', 'G30'), ('G35', 'G43'), ('G34', 'G40'), ('G34', 'G16'), ('G34', 'G44'), ('G34', 'G28'), ('G34', 'G36'), ('G36', 'G100'), ('G36', 'G6'), ('G36', 'G89'), ('G39', 'G52'), ('G39', 'G28'), ('G39', 'G90'), ('G38', 'G68'), ('G84', 'G41'), ('G84', 'G86'), ('G84', 'G77'), ('G84', 'G90'), ('G86', 'G31'), ('G86', 'G43'), ('G86', 'G56'), ('G86', 'G18'), ('G81', 'G80'), ('G83', 'G69'), ('G88', 'G89'), ('G89', 'G82'), ('G89', 'G83')]
+----------+----------------+----------------+-----------------+------------------+
| G58      | G58(0.0)       | G58(0.0)       | G58(1.0)        | G58(1.0)         |
+----------+----------------+----------------+-----------------+------------------+
| G93      | G93(0.0)       | G93(1.0)       | G93(0.0)        | G93(1.0)         |
+----------+----------------+----------------+-----------------+------------------+
| G26(0.0) | 0.318181818182 | 0.988038277512 | 0.932432432432  | 0.99569707401    |
+----------+----------------+----------------+-----------------+------------------+
| G26(1.0) | 0.681818181818 | 0.011961722488 | 0.0675675675676 | 0.00430292598967 |
+----------+----------------+----------------+-----------------+------------------+
+----------+-----------------+------------------+
| G4       | G4(0.0)         | G4(1.0)          |
+----------+-----------------+------------------+
| G27(0.0) | 0.913793103448  | 0.991228070175   |
+----------+-----------------+------------------+
| G27(1.0) | 0.0862068965517 | 0.00877192982456 |
+----------+-----------------+------------------+
+----------+----------------+-----------------+----------------+----------------+
| G40      | G40(0.0)       | G40(0.0)        | G40(1.0)       | G40(1.0)       |
+----------+----------------+-----------------+----------------+----------------+
| G8       | G8(0.0)        | G8(1.0)         | G8(0.0)        | G8(1.0)        |
+----------+----------------+-----------------+----------------+----------------+
| G24(0.0) | 0.279005524862 | 0.0813953488372 | 0.414712153518 | 0.722222222222 |
+----------+----------------+-----------------+----------------+----------------+
| G24(1.0) | 0.720994475138 | 0.918604651163  | 0.585287846482 | 0.277777777778 |
+----------+----------------+-----------------+----------------+----------------+
+----------+----------------+----------------+----------------+-----------------+
| G23      | G23(0.0)       | G23(0.0)       | G23(1.0)       | G23(1.0)        |
+----------+----------------+----------------+----------------+-----------------+
| G99      | G99(0.0)       | G99(1.0)       | G99(0.0)       | G99(1.0)        |
+----------+----------------+----------------+----------------+-----------------+
| G25(0.0) | 0.551948051948 | 0.324561403509 | 0.192307692308 | 0.985273492286  |
+----------+----------------+----------------+----------------+-----------------+
| G25(1.0) | 0.448051948052 | 0.675438596491 | 0.807692307692 | 0.0147265077139 |
+----------+----------------+----------------+----------------+-----------------+
+----------+----------+----------------+----------+----------+-----------------+------------------+-----------------+------------------+
| G28      | G28(0.0) | G28(0.0)       | G28(0.0) | G28(0.0) | G28(1.0)        | G28(1.0)         | G28(1.0)        | G28(1.0)         |
+----------+----------+----------------+----------+----------+-----------------+------------------+-----------------+------------------+
| G40      | G40(0.0) | G40(0.0)       | G40(1.0) | G40(1.0) | G40(0.0)        | G40(0.0)         | G40(1.0)        | G40(1.0)         |
+----------+----------+----------------+----------+----------+-----------------+------------------+-----------------+------------------+
| G96      | G96(0.0) | G96(1.0)       | G96(0.0) | G96(1.0) | G96(0.0)        | G96(1.0)         | G96(0.0)        | G96(1.0)         |
+----------+----------+----------------+----------+----------+-----------------+------------------+-----------------+------------------+
| G22(0.0) | 0.5      | 0.257575757576 | 0.5      | 0.5      | 0.970588235294  | 0.993150684932   | 0.0294117647059 | 0.997512437811   |
+----------+----------+----------------+----------+----------+-----------------+------------------+-----------------+------------------+
| G22(1.0) | 0.5      | 0.742424242424 | 0.5      | 0.5      | 0.0294117647059 | 0.00684931506849 | 0.970588235294  | 0.00248756218905 |
+----------+----------+----------------+----------+----------+-----------------+------------------+-----------------+------------------+
+----------+----------------+-----------------+
| G58      | G58(0.0)       | G58(1.0)        |
+----------+----------------+-----------------+
| G23(0.0) | 0.417355371901 | 0.0533980582524 |
+----------+----------------+-----------------+
| G23(1.0) | 0.582644628099 | 0.946601941748  |
+----------+----------------+-----------------+
+----------+----------+-----------------+
| G44      | G44(0.0) | G44(1.0)        |
+----------+----------+-----------------+
| G20(0.0) | 0.5      | 0.0214105793451 |
+----------+----------+-----------------+
| G20(1.0) | 0.5      | 0.978589420655  |
+----------+----------+-----------------+
+----------+----------------+-----------------+----------------+----------------+
| G5       | G5(0.0)        | G5(0.0)         | G5(1.0)        | G5(1.0)        |
+----------+----------------+-----------------+----------------+----------------+
| G50      | G50(0.0)       | G50(1.0)        | G50(0.0)       | G50(1.0)       |
+----------+----------------+-----------------+----------------+----------------+
| G21(0.0) | 0.561855670103 | 0.906779661017  | 0.158536585366 | 0.448220064725 |
+----------+----------------+-----------------+----------------+----------------+
| G21(1.0) | 0.438144329897 | 0.0932203389831 | 0.841463414634 | 0.551779935275 |
+----------+----------------+-----------------+----------------+----------------+
+----------+----------------+-----------------+----------------+------------------+
| G34      | G34(0.0)       | G34(0.0)        | G34(1.0)       | G34(1.0)         |
+----------+----------------+-----------------+----------------+------------------+
| G39      | G39(0.0)       | G39(1.0)        | G39(0.0)       | G39(1.0)         |
+----------+----------------+-----------------+----------------+------------------+
| G28(0.0) | 0.283783783784 | 0.91975308642   | 0.119047619048 | 0.00346740638003 |
+----------+----------------+-----------------+----------------+------------------+
| G28(1.0) | 0.716216216216 | 0.0802469135802 | 0.880952380952 | 0.99653259362    |
+----------+----------------+-----------------+----------------+------------------+
+----------+-----------------+----------------+----------------+----------------+
| G16      | G16(0.0)        | G16(0.0)       | G16(1.0)       | G16(1.0)       |
+----------+-----------------+----------------+----------------+----------------+
| G76      | G76(0.0)        | G76(1.0)       | G76(0.0)       | G76(1.0)       |
+----------+-----------------+----------------+----------------+----------------+
| G29(0.0) | 0.0364667747164 | 0.355670103093 | 0.231958762887 | 0.785714285714 |
+----------+-----------------+----------------+----------------+----------------+
| G29(1.0) | 0.963533225284  | 0.644329896907 | 0.768041237113 | 0.214285714286 |
+----------+-----------------+----------------+----------------+----------------+
+---------+-----------------+-----------------+-----------------+----------------+-----------------+-----------------+----------------+------------------+
| G1      | G1(0.0)         | G1(0.0)         | G1(0.0)         | G1(0.0)        | G1(1.0)         | G1(1.0)         | G1(1.0)        | G1(1.0)          |
+---------+-----------------+-----------------+-----------------+----------------+-----------------+-----------------+----------------+------------------+
| G23     | G23(0.0)        | G23(0.0)        | G23(1.0)        | G23(1.0)       | G23(0.0)        | G23(0.0)        | G23(1.0)       | G23(1.0)         |
+---------+-----------------+-----------------+-----------------+----------------+-----------------+-----------------+----------------+------------------+
| G30     | G30(0.0)        | G30(1.0)        | G30(0.0)        | G30(1.0)       | G30(0.0)        | G30(1.0)        | G30(0.0)       | G30(1.0)         |
+---------+-----------------+-----------------+-----------------+----------------+-----------------+-----------------+----------------+------------------+
| G7(0.0) | 0.0409836065574 | 0.0409836065574 | 0.921052631579  | 0.658415841584 | 0.0862068965517 | 0.0213675213675 | 0.362068965517 | 0.00883095037847 |
+---------+-----------------+-----------------+-----------------+----------------+-----------------+-----------------+----------------+------------------+
| G7(1.0) | 0.959016393443  | 0.959016393443  | 0.0789473684211 | 0.341584158416 | 0.913793103448  | 0.978632478632  | 0.637931034483 | 0.991169049622   |
+---------+-----------------+-----------------+-----------------+----------------+-----------------+-----------------+----------------+------------------+
+---------+-----------------+----------------+----------------+---------------+----------+-----------------+------------------+----------------+
| G36     | G36(0.0)        | G36(0.0)       | G36(0.0)       | G36(0.0)      | G36(1.0) | G36(1.0)        | G36(1.0)         | G36(1.0)       |
+---------+-----------------+----------------+----------------+---------------+----------+-----------------+------------------+----------------+
| G52     | G52(0.0)        | G52(0.0)       | G52(1.0)       | G52(1.0)      | G52(0.0) | G52(0.0)        | G52(1.0)         | G52(1.0)       |
+---------+-----------------+----------------+----------------+---------------+----------+-----------------+------------------+----------------+
| G54     | G54(0.0)        | G54(1.0)       | G54(0.0)       | G54(1.0)      | G54(0.0) | G54(1.0)        | G54(0.0)         | G54(1.0)       |
+---------+-----------------+----------------+----------------+---------------+----------+-----------------+------------------+----------------+
| G6(0.0) | 0.0409836065574 | 0.688235294118 | 0.123529411765 | 0.37969924812 | 0.5      | 0.970588235294  | 0.00769230769231 | 0.249202975558 |
+---------+-----------------+----------------+----------------+---------------+----------+-----------------+------------------+----------------+
| G6(1.0) | 0.959016393443  | 0.311764705882 | 0.876470588235 | 0.62030075188 | 0.5      | 0.0294117647059 | 0.992307692308   | 0.750797024442 |
+---------+-----------------+----------------+----------------+---------------+----------+-----------------+------------------+----------------+
+---------+----------------+----------------+
| G49     | G49(0.0)       | G49(1.0)       |
+---------+----------------+----------------+
| G5(0.0) | 0.474789915966 | 0.638263665595 |
+---------+----------------+----------------+
| G5(1.0) | 0.525210084034 | 0.361736334405 |
+---------+----------------+----------------+
+---------+----------------+------------------+----------+---------------+----------------+----------------+----------+----------------+
| G54     | G54(0.0)       | G54(0.0)         | G54(0.0) | G54(0.0)      | G54(1.0)       | G54(1.0)       | G54(1.0) | G54(1.0)       |
+---------+----------------+------------------+----------+---------------+----------------+----------------+----------+----------------+
| G71     | G71(0.0)       | G71(0.0)         | G71(1.0) | G71(1.0)      | G71(0.0)       | G71(0.0)       | G71(1.0) | G71(1.0)       |
+---------+----------------+------------------+----------+---------------+----------------+----------------+----------+----------------+
| G99     | G99(0.0)       | G99(1.0)         | G99(0.0) | G99(1.0)      | G99(0.0)       | G99(1.0)       | G99(0.0) | G99(1.0)       |
+---------+----------------+------------------+----------+---------------+----------------+----------------+----------+----------------+
| G4(0.0) | 0.876470588235 | 0.991228070175   | 0.5      | 0.10396039604 | 0.876470588235 | 0.115457115928 | 0.5      | 0.112903225806 |
+---------+----------------+------------------+----------+---------------+----------------+----------------+----------+----------------+
| G4(1.0) | 0.123529411765 | 0.00877192982456 | 0.5      | 0.89603960396 | 0.123529411765 | 0.884542884072 | 0.5      | 0.887096774194 |
+---------+----------------+------------------+----------+---------------+----------------+----------------+----------+----------------+
+---------+-----------------+----------------+-----------------+-----------------+
| G4      | G4(0.0)         | G4(0.0)        | G4(1.0)         | G4(1.0)         |
+---------+-----------------+----------------+-----------------+-----------------+
| G48     | G48(0.0)        | G48(1.0)       | G48(0.0)        | G48(1.0)        |
+---------+-----------------+----------------+-----------------+-----------------+
| G3(0.0) | 0.0213675213675 | 0.453757225434 | 0.0471698113208 | 0.0125725338491 |
+---------+-----------------+----------------+-----------------+-----------------+
| G3(1.0) | 0.978632478632  | 0.546242774566 | 0.952830188679  | 0.987427466151  |
+---------+-----------------+----------------+-----------------+-----------------+
+---------+----------------+---------------+----------+----------------+
| G1      | G1(0.0)        | G1(0.0)       | G1(1.0)  | G1(1.0)        |
+---------+----------------+---------------+----------+----------------+
| G44     | G44(0.0)       | G44(1.0)      | G44(0.0) | G44(1.0)       |
+---------+----------------+---------------+----------+----------------+
| G2(0.0) | 0.172131147541 | 0.67094017094 | 0.5      | 0.966765140325 |
+---------+----------------+---------------+----------+----------------+
| G2(1.0) | 0.827868852459 | 0.32905982906 | 0.5      | 0.033234859675 |
+---------+----------------+---------------+----------+----------------+
+---------+----------+-----------------+------------------+----------------+
| G30     | G30(0.0) | G30(0.0)        | G30(1.0)         | G30(1.0)       |
+---------+----------+-----------------+------------------+----------------+
| G56     | G56(0.0) | G56(1.0)        | G56(0.0)         | G56(1.0)       |
+---------+----------+-----------------+------------------+----------------+
| G1(0.0) | 0.1      | 0.935643564356  | 0.00392464678179 | 0.809278350515 |
+---------+----------+-----------------+------------------+----------------+
| G1(1.0) | 0.9      | 0.0643564356436 | 0.996075353218   | 0.190721649485 |
+---------+----------+-----------------+------------------+----------------+
+---------+----------------+-----------------+----------+----------------+----------+-----------------+----------+----------+
| G22     | G22(0.0)       | G22(0.0)        | G22(0.0) | G22(0.0)       | G22(1.0) | G22(1.0)        | G22(1.0) | G22(1.0) |
+---------+----------------+-----------------+----------+----------------+----------+-----------------+----------+----------+
| G41     | G41(0.0)       | G41(0.0)        | G41(1.0) | G41(1.0)       | G41(0.0) | G41(0.0)        | G41(1.0) | G41(1.0) |
+---------+----------------+-----------------+----------+----------------+----------+-----------------+----------+----------+
| G92     | G92(0.0)       | G92(1.0)        | G92(0.0) | G92(1.0)       | G92(0.0) | G92(1.0)        | G92(0.0) | G92(1.0) |
+---------+----------------+-----------------+----------+----------------+----------+-----------------+----------+----------+
| G9(0.0) | 0.198924731183 | 0.0444191343964 | 0.5      | 0.594117647059 | 0.916    | 0.0294117647059 | 0.5      | 0.5      |
+---------+----------------+-----------------+----------+----------------+----------+-----------------+----------+----------+
| G9(1.0) | 0.801075268817 | 0.955580865604  | 0.5      | 0.405882352941 | 0.084    | 0.970588235294  | 0.5      | 0.5      |
+---------+----------------+-----------------+----------+----------------+----------+-----------------+----------+----------+
+---------+-----------------+----------------+----------------+----------------+-----------------+-----------------+----------------+-----------------+
| G23     | G23(0.0)        | G23(0.0)       | G23(0.0)       | G23(0.0)       | G23(1.0)        | G23(1.0)        | G23(1.0)       | G23(1.0)        |
+---------+-----------------+----------------+----------------+----------------+-----------------+-----------------+----------------+-----------------+
| G59     | G59(0.0)        | G59(0.0)       | G59(1.0)       | G59(1.0)       | G59(0.0)        | G59(0.0)        | G59(1.0)       | G59(1.0)        |
+---------+-----------------+----------------+----------------+----------------+-----------------+-----------------+----------------+-----------------+
| G98     | G98(0.0)        | G98(1.0)       | G98(0.0)       | G98(1.0)       | G98(0.0)        | G98(1.0)        | G98(0.0)       | G98(1.0)        |
+---------+-----------------+----------------+----------------+----------------+-----------------+-----------------+----------------+-----------------+
| G8(0.0) | 0.0409836065574 | 0.198924731183 | 0.192307692308 | 0.579207920792 | 0.0789473684211 | 0.925531914894  | 0.349056603774 | 0.940888888889  |
+---------+-----------------+----------------+----------------+----------------+-----------------+-----------------+----------------+-----------------+
| G8(1.0) | 0.959016393443  | 0.801075268817 | 0.807692307692 | 0.420792079208 | 0.921052631579  | 0.0744680851064 | 0.650943396226 | 0.0591111111111 |
+---------+-----------------+----------------+----------------+----------------+-----------------+-----------------+----------------+-----------------+
+----------+----------+----------------+-----------------+----------------+----------+-----------------+-----------------+-----------------+
| G22      | G22(0.0) | G22(0.0)       | G22(0.0)        | G22(0.0)       | G22(1.0) | G22(1.0)        | G22(1.0)        | G22(1.0)        |
+----------+----------+----------------+-----------------+----------------+----------+-----------------+-----------------+-----------------+
| G50      | G50(0.0) | G50(0.0)       | G50(1.0)        | G50(1.0)       | G50(0.0) | G50(0.0)        | G50(1.0)        | G50(1.0)        |
+----------+----------+----------------+-----------------+----------------+----------+-----------------+-----------------+-----------------+
| G96      | G96(0.0) | G96(1.0)       | G96(0.0)        | G96(1.0)       | G96(0.0) | G96(1.0)        | G96(0.0)        | G96(1.0)        |
+----------+----------+----------------+-----------------+----------------+----------+-----------------+-----------------+-----------------+
| G53(0.0) | 0.5      | 0.481900452489 | 0.0294117647059 | 0.970984020185 | 0.5      | 0.0555555555556 | 0.970588235294  | 0.970588235294  |
+----------+----------+----------------+-----------------+----------------+----------+-----------------+-----------------+-----------------+
| G53(1.0) | 0.5      | 0.518099547511 | 0.970588235294  | 0.029015979815 | 0.5      | 0.944444444444  | 0.0294117647059 | 0.0294117647059 |
+----------+----------+----------------+-----------------+----------------+----------+-----------------+-----------------+-----------------+
+----------+----------------+----------------+----------------+------------------+
| G39      | G39(0.0)       | G39(0.0)       | G39(1.0)       | G39(1.0)         |
+----------+----------------+----------------+----------------+------------------+
| G48      | G48(0.0)       | G48(1.0)       | G48(0.0)       | G48(1.0)         |
+----------+----------------+----------------+----------------+------------------+
| G52(0.0) | 0.132653061224 | 0.277777777778 | 0.880165289256 | 0.00367107195301 |
+----------+----------------+----------------+----------------+------------------+
| G52(1.0) | 0.867346938776 | 0.722222222222 | 0.119834710744 | 0.996328928047   |
+----------+----------------+----------------+----------------+------------------+
+----------+-----------------+----------------+-----------------+----------------+
| G100     | G100(0.0)       | G100(0.0)      | G100(1.0)       | G100(1.0)      |
+----------+-----------------+----------------+-----------------+----------------+
| G54      | G54(0.0)        | G54(1.0)       | G54(0.0)        | G54(1.0)       |
+----------+-----------------+----------------+-----------------+----------------+
| G51(0.0) | 0.0675675675676 | 0.192307692308 | 0.927860696517  | 0.720032840722 |
+----------+-----------------+----------------+-----------------+----------------+
| G51(1.0) | 0.932432432432  | 0.807692307692 | 0.0721393034826 | 0.279967159278 |
+----------+-----------------+----------------+-----------------+----------------+
+----------+----------+-----------------+----------------+-----------------+----------------+-----------------+----------------+-----------------+
| G4       | G4(0.0)  | G4(0.0)         | G4(0.0)        | G4(0.0)         | G4(1.0)        | G4(1.0)         | G4(1.0)        | G4(1.0)         |
+----------+----------+-----------------+----------------+-----------------+----------------+-----------------+----------------+-----------------+
| G55      | G55(0.0) | G55(0.0)        | G55(1.0)       | G55(1.0)        | G55(0.0)       | G55(0.0)        | G55(1.0)       | G55(1.0)        |
+----------+----------+-----------------+----------------+-----------------+----------------+-----------------+----------------+-----------------+
| G75      | G75(0.0) | G75(1.0)        | G75(0.0)       | G75(1.0)        | G75(0.0)       | G75(1.0)        | G75(0.0)       | G75(1.0)        |
+----------+----------+-----------------+----------------+-----------------+----------------+-----------------+----------------+-----------------+
| G50(0.0) | 0.5      | 0.0324675324675 | 0.192307692308 | 0.0216494845361 | 0.807692307692 | 0.921052631579  | 0.756880733945 | 0.0480225988701 |
+----------+----------+-----------------+----------------+-----------------+----------------+-----------------+----------------+-----------------+
| G50(1.0) | 0.5      | 0.967532467532  | 0.807692307692 | 0.978350515464  | 0.192307692308 | 0.0789473684211 | 0.243119266055 | 0.95197740113   |
+----------+----------+-----------------+----------------+-----------------+----------------+-----------------+----------------+-----------------+
+----------+----------+----------------+----------+----------------+
| G96      | G96(0.0) | G96(0.0)       | G96(1.0) | G96(1.0)       |
+----------+----------+----------------+----------+----------------+
| G98      | G98(0.0) | G98(1.0)       | G98(0.0) | G98(1.0)       |
+----------+----------+----------------+----------+----------------+
| G57(0.0) | 0.5      | 0.782352941176 | 0.852    | 0.127906976744 |
+----------+----------+----------------+----------+----------------+
| G57(1.0) | 0.5      | 0.217647058824 | 0.148    | 0.872093023256 |
+----------+----------+----------------+----------+----------------+
+----------+----------+-----------------+-----------------+----------------+-----------------+-----------------+----------------+-----------------+
| G31      | G31(0.0) | G31(0.0)        | G31(0.0)        | G31(0.0)       | G31(1.0)        | G31(1.0)        | G31(1.0)       | G31(1.0)        |
+----------+----------+-----------------+-----------------+----------------+-----------------+-----------------+----------------+-----------------+
| G58      | G58(0.0) | G58(0.0)        | G58(1.0)        | G58(1.0)       | G58(0.0)        | G58(0.0)        | G58(1.0)       | G58(1.0)        |
+----------+----------+-----------------+-----------------+----------------+-----------------+-----------------+----------------+-----------------+
| G86      | G86(0.0) | G86(1.0)        | G86(0.0)        | G86(1.0)       | G86(0.0)        | G86(1.0)        | G86(0.0)       | G86(1.0)        |
+----------+----------+-----------------+-----------------+----------------+-----------------+-----------------+----------------+-----------------+
| G56(0.0) | 0.5      | 0.959016393443  | 0.975247524752  | 0.984076433121 | 0.913793103448  | 0.0518207282913 | 0.807692307692 | 0.972538860104  |
+----------+----------+-----------------+-----------------+----------------+-----------------+-----------------+----------------+-----------------+
| G56(1.0) | 0.5      | 0.0409836065574 | 0.0247524752475 | 0.015923566879 | 0.0862068965517 | 0.948179271709  | 0.192307692308 | 0.0274611398964 |
+----------+----------+-----------------+-----------------+----------------+-----------------+-----------------+----------------+-----------------+
+----------+-----------------+-----------------+-----------------+----------------+
| G48      | G48(0.0)        | G48(0.0)        | G48(1.0)        | G48(1.0)       |
+----------+-----------------+-----------------+-----------------+----------------+
| G56      | G56(0.0)        | G56(1.0)        | G56(0.0)        | G56(1.0)       |
+----------+-----------------+-----------------+-----------------+----------------+
| G55(0.0) | 0.0268817204301 | 0.0844155844156 | 0.0114235500879 | 0.814049586777 |
+----------+-----------------+-----------------+-----------------+----------------+
| G55(1.0) | 0.97311827957   | 0.915584415584  | 0.988576449912  | 0.185950413223 |
+----------+-----------------+-----------------+-----------------+----------------+
+----------+----------------+-----------------+----------------+----------------+
| G25      | G25(0.0)       | G25(0.0)        | G25(1.0)       | G25(1.0)       |
+----------+----------------+-----------------+----------------+----------------+
| G5       | G5(0.0)        | G5(1.0)         | G5(0.0)        | G5(1.0)        |
+----------+----------------+-----------------+----------------+----------------+
| G54(0.0) | 0.344705882353 | 0.0307917888563 | 0.876470588235 | 0.722222222222 |
+----------+----------------+-----------------+----------------+----------------+
| G54(1.0) | 0.655294117647 | 0.969208211144  | 0.123529411765 | 0.277777777778 |
+----------+----------------+-----------------+----------------+----------------+
+----------+----------------+----------------+-----------------+-----------------+
| G58      | G58(0.0)       | G58(0.0)       | G58(1.0)        | G58(1.0)        |
+----------+----------------+----------------+-----------------+-----------------+
| G71      | G71(0.0)       | G71(1.0)       | G71(0.0)        | G71(1.0)        |
+----------+----------------+----------------+-----------------+-----------------+
| G59(0.0) | 0.846820809249 | 0.326086956522 | 0.0726495726496 | 0.0757575757576 |
+----------+----------------+----------------+-----------------+-----------------+
| G59(1.0) | 0.153179190751 | 0.673913043478 | 0.92735042735   | 0.924242424242  |
+----------+----------------+----------------+-----------------+-----------------+
+----------+----------------+------------------+----------------+-----------------+
| G19      | G19(0.0)       | G19(0.0)         | G19(1.0)       | G19(1.0)        |
+----------+----------------+------------------+----------------+-----------------+
| G5       | G5(0.0)        | G5(1.0)          | G5(0.0)        | G5(1.0)         |
+----------+----------------+------------------+----------------+-----------------+
| G58(0.0) | 0.226829268293 | 0.00778816199377 | 0.624590163934 | 0.0862068965517 |
+----------+----------------+------------------+----------------+-----------------+
| G58(1.0) | 0.773170731707 | 0.992211838006   | 0.375409836066 | 0.913793103448  |
+----------+----------------+------------------+----------------+-----------------+
+----------+----------+-----------------+-----------------+----------------+
| G34      | G34(0.0) | G34(0.0)        | G34(1.0)        | G34(1.0)       |
+----------+----------+-----------------+-----------------+----------------+
| G95      | G95(0.0) | G95(1.0)        | G95(0.0)        | G95(1.0)       |
+----------+----------+-----------------+-----------------+----------------+
| G40(0.0) | 0.5      | 0.977876106195  | 0.932432432432  | 0.230496453901 |
+----------+----------+-----------------+-----------------+----------------+
| G40(1.0) | 0.5      | 0.0221238938053 | 0.0675675675676 | 0.769503546099 |
+----------+----------+-----------------+-----------------+----------------+
+----------+------------------+----------+
| G84      | G84(0.0)         | G84(1.0) |
+----------+------------------+----------+
| G41(0.0) | 0.993827160494   | 0.1      |
+----------+------------------+----------+
| G41(1.0) | 0.00617283950617 | 0.9      |
+----------+------------------+----------+
+----------+-----------------+----------------+----------------+----------------+
| G50      | G50(0.0)        | G50(0.0)       | G50(1.0)       | G50(1.0)       |
+----------+-----------------+----------------+----------------+----------------+
| G91      | G91(0.0)        | G91(1.0)       | G91(0.0)       | G91(1.0)       |
+----------+-----------------+----------------+----------------+----------------+
| G42(0.0) | 0.0510204081633 | 0.252808988764 | 0.490783410138 | 0.725742574257 |
+----------+-----------------+----------------+----------------+----------------+
| G42(1.0) | 0.948979591837  | 0.747191011236 | 0.509216589862 | 0.274257425743 |
+----------+-----------------+----------------+----------------+----------------+
+----------+----------------+-----------------+----------+----------------+-----------------+----------------+----------------+----------------+
| G35      | G35(0.0)       | G35(0.0)        | G35(0.0) | G35(0.0)       | G35(1.0)        | G35(1.0)       | G35(1.0)       | G35(1.0)       |
+----------+----------------+-----------------+----------+----------------+-----------------+----------------+----------------+----------------+
| G42      | G42(0.0)       | G42(0.0)        | G42(1.0) | G42(1.0)       | G42(0.0)        | G42(0.0)       | G42(1.0)       | G42(1.0)       |
+----------+----------------+-----------------+----------+----------------+-----------------+----------------+----------------+----------------+
| G86      | G86(0.0)       | G86(1.0)        | G86(0.0) | G86(1.0)       | G86(0.0)        | G86(1.0)       | G86(0.0)       | G86(1.0)       |
+----------+----------------+-----------------+----------+----------------+-----------------+----------------+----------------+----------------+
| G43(0.0) | 0.192307692308 | 0.0636363636364 | 0.5      | 0.309523809524 | 0.0177304964539 | 0.535450516987 | 0.119047619048 | 0.743614931238 |
+----------+----------------+-----------------+----------+----------------+-----------------+----------------+----------------+----------------+
| G43(1.0) | 0.807692307692 | 0.936363636364  | 0.5      | 0.690476190476 | 0.982269503546  | 0.464549483013 | 0.880952380952 | 0.256385068762 |
+----------+----------------+-----------------+----------+----------------+-----------------+----------------+----------------+----------------+
+----------+---------------+----------------+-----------------+------------------+
| G1       | G1(0.0)       | G1(0.0)        | G1(1.0)         | G1(1.0)          |
+----------+---------------+----------------+-----------------+------------------+
| G34      | G34(0.0)      | G34(1.0)       | G34(0.0)        | G34(1.0)         |
+----------+---------------+----------------+-----------------+------------------+
| G44(0.0) | 0.80303030303 | 0.237931034483 | 0.0294117647059 | 0.00418760469012 |
+----------+---------------+----------------+-----------------+------------------+
| G44(1.0) | 0.19696969697 | 0.762068965517 | 0.970588235294  | 0.99581239531    |
+----------+---------------+----------------+-----------------+------------------+
+----------+---------------+----------------+----------------+------------------+
| G58      | G58(0.0)      | G58(0.0)       | G58(1.0)       | G58(1.0)         |
+----------+---------------+----------------+----------------+------------------+
| G93      | G93(0.0)      | G93(1.0)       | G93(0.0)       | G93(1.0)         |
+----------+---------------+----------------+----------------+------------------+
| G45(0.0) | 0.80303030303 | 0.011961722488 | 0.175675675676 | 0.00430292598967 |
+----------+---------------+----------------+----------------+------------------+
| G45(1.0) | 0.19696969697 | 0.988038277512 | 0.824324324324 | 0.99569707401    |
+----------+---------------+----------------+----------------+------------------+
+----------+-----------------+----------------+
| G25      | G25(0.0)        | G25(1.0)       |
+----------+-----------------+----------------+
| G46(0.0) | 0.993472584856  | 0.776595744681 |
+----------+-----------------+----------------+
| G46(1.0) | 0.0065274151436 | 0.223404255319 |
+----------+-----------------+----------------+
+----------+----------------+----------------+----------------+-----------------+
| G20      | G20(0.0)       | G20(0.0)       | G20(1.0)       | G20(1.0)        |
+----------+----------------+----------------+----------------+-----------------+
| G28      | G28(0.0)       | G28(1.0)       | G28(0.0)       | G28(1.0)        |
+----------+----------------+----------------+----------------+-----------------+
| G47(0.0) | 0.722222222222 | 0.743902439024 | 0.228395061728 | 0.969135802469  |
+----------+----------------+----------------+----------------+-----------------+
| G47(1.0) | 0.277777777778 | 0.256097560976 | 0.771604938272 | 0.0308641975309 |
+----------+----------------+----------------+----------------+-----------------+
+----------+----------+----------------+-----------------+------------------+
| G12      | G12(0.0) | G12(0.0)       | G12(1.0)        | G12(1.0)         |
+----------+----------+----------------+-----------------+------------------+
| G99      | G99(0.0) | G99(1.0)       | G99(0.0)        | G99(1.0)         |
+----------+----------+----------------+-----------------+------------------+
| G48(0.0) | 0.5      | 0.602189781022 | 0.970588235294  | 0.00394944707741 |
+----------+----------+----------------+-----------------+------------------+
| G48(1.0) | 0.5      | 0.397810218978 | 0.0294117647059 | 0.996050552923   |
+----------+----------+----------------+-----------------+------------------+
+----------+----------+
| G49(0.0) | 0.276744 |
+----------+----------+
| G49(1.0) | 0.723256 |
+----------+----------+
+----------+-----------------+-----------------+-----------------+----------------+
| G4       | G4(0.0)         | G4(0.0)         | G4(1.0)         | G4(1.0)        |
+----------+-----------------+-----------------+-----------------+----------------+
| G72      | G72(0.0)        | G72(1.0)        | G72(0.0)        | G72(1.0)       |
+----------+-----------------+-----------------+-----------------+----------------+
| G75(0.0) | 0.0269709543568 | 0.0510204081633 | 0.0438596491228 | 0.675438596491 |
+----------+-----------------+-----------------+-----------------+----------------+
| G75(1.0) | 0.973029045643  | 0.948979591837  | 0.956140350877  | 0.324561403509 |
+----------+-----------------+-----------------+-----------------+----------------+
+----------+----------------+------------------+-----------------+-----------------+
| G25      | G25(0.0)       | G25(0.0)         | G25(1.0)        | G25(1.0)        |
+----------+----------------+------------------+-----------------+-----------------+
| G99      | G99(0.0)       | G99(1.0)         | G99(0.0)        | G99(1.0)        |
+----------+----------------+------------------+-----------------+-----------------+
| G74(0.0) | 0.855555555556 | 0.00346740638003 | 0.0555555555556 | 0.0510204081633 |
+----------+----------------+------------------+-----------------+-----------------+
| G74(1.0) | 0.144444444444 | 0.99653259362    | 0.944444444444  | 0.948979591837  |
+----------+----------------+------------------+-----------------+-----------------+
+----------+-----------------+----------+----------------+-----------------+
| G74      | G74(0.0)        | G74(0.0) | G74(1.0)       | G74(1.0)        |
+----------+-----------------+----------+----------------+-----------------+
| G84      | G84(0.0)        | G84(1.0) | G84(0.0)       | G84(1.0)        |
+----------+-----------------+----------+----------------+-----------------+
| G77(0.0) | 0.0609756097561 | 0.5      | 0.981144343303 | 0.0555555555556 |
+----------+-----------------+----------+----------------+-----------------+
| G77(1.0) | 0.939024390244  | 0.5      | 0.018855656697 | 0.944444444444  |
+----------+-----------------+----------+----------------+-----------------+
+----------+----------------+-----------------+-----------------+-----------------+
| G25      | G25(0.0)       | G25(0.0)        | G25(1.0)        | G25(1.0)        |
+----------+----------------+-----------------+-----------------+-----------------+
| G40      | G40(0.0)       | G40(1.0)        | G40(0.0)        | G40(1.0)        |
+----------+----------------+-----------------+-----------------+-----------------+
| G76(0.0) | 0.476653696498 | 0.987229862475  | 0.952830188679  | 0.939024390244  |
+----------+----------------+-----------------+-----------------+-----------------+
| G76(1.0) | 0.523346303502 | 0.0127701375246 | 0.0471698113208 | 0.0609756097561 |
+----------+----------------+-----------------+-----------------+-----------------+
+----------+-----------------+-----------+----------------+-----------------+
| G100     | G100(0.0)       | G100(0.0) | G100(1.0)      | G100(1.0)       |
+----------+-----------------+-----------+----------------+-----------------+
| G41      | G41(0.0)        | G41(1.0)  | G41(0.0)       | G41(1.0)        |
+----------+-----------------+-----------+----------------+-----------------+
| G71(0.0) | 0.0555555555556 | 0.5       | 0.981045751634 | 0.0555555555556 |
+----------+-----------------+-----------+----------------+-----------------+
| G71(1.0) | 0.944444444444  | 0.5       | 0.018954248366 | 0.944444444444  |
+----------+-----------------+-----------+----------------+-----------------+
+----------+-----------------+----------+---------------+----------------+
| G47      | G47(0.0)        | G47(0.0) | G47(1.0)      | G47(1.0)       |
+----------+-----------------+----------+---------------+----------------+
| G72      | G72(0.0)        | G72(1.0) | G72(0.0)      | G72(1.0)       |
+----------+-----------------+----------+---------------+----------------+
| G70(0.0) | 0.910841654779  | 0.5      | 0.27358490566 | 0.144444444444 |
+----------+-----------------+----------+---------------+----------------+
| G70(1.0) | 0.0891583452211 | 0.5      | 0.72641509434 | 0.855555555556 |
+----------+-----------------+----------+---------------+----------------+
+----------+---------------+-----------------+----------+----------------+
| G72      | G72(0.0)      | G72(0.0)        | G72(1.0) | G72(1.0)       |
+----------+---------------+-----------------+----------+----------------+
| G98      | G98(0.0)      | G98(1.0)        | G98(0.0) | G98(1.0)       |
+----------+---------------+-----------------+----------+----------------+
| G73(0.0) | 0.82380952381 | 0.971494607088  | 0.9      | 0.475308641975 |
+----------+---------------+-----------------+----------+----------------+
| G73(1.0) | 0.17619047619 | 0.0285053929122 | 0.1      | 0.524691358025 |
+----------+---------------+-----------------+----------+----------------+
+----------+-----------------+----------------+----------------+-----------------+
| G12      | G12(0.0)        | G12(0.0)       | G12(1.0)       | G12(1.0)        |
+----------+-----------------+----------------+----------------+-----------------+
| G29      | G29(0.0)        | G29(1.0)       | G29(0.0)       | G29(1.0)        |
+----------+-----------------+----------------+----------------+-----------------+
| G72(0.0) | 0.0438596491228 | 0.876470588235 | 0.762295081967 | 0.959665144597  |
+----------+-----------------+----------------+----------------+-----------------+
| G72(1.0) | 0.956140350877  | 0.123529411765 | 0.237704918033 | 0.0403348554033 |
+----------+-----------------+----------------+----------------+-----------------+
+----------+-----------------+-----------------+-----------------+-----------------+
| G31      | G31(0.0)        | G31(0.0)        | G31(1.0)        | G31(1.0)        |
+----------+-----------------+-----------------+-----------------+-----------------+
| G98      | G98(0.0)        | G98(1.0)        | G98(0.0)        | G98(1.0)        |
+----------+-----------------+-----------------+-----------------+-----------------+
| G79(0.0) | 0.0555555555556 | 0.0187969924812 | 0.970588235294  | 0.0242881072027 |
+----------+-----------------+-----------------+-----------------+-----------------+
| G79(1.0) | 0.944444444444  | 0.981203007519  | 0.0294117647059 | 0.975711892797  |
+----------+-----------------+-----------------+-----------------+-----------------+
+----------+----------------+-----------------+---------------+----------------+
| G23      | G23(0.0)       | G23(0.0)        | G23(1.0)      | G23(1.0)       |
+----------+----------------+-----------------+---------------+----------------+
| G91      | G91(0.0)       | G91(1.0)        | G91(0.0)      | G91(1.0)       |
+----------+----------------+-----------------+---------------+----------------+
| G78(0.0) | 0.540816326531 | 0.0294117647059 | 0.65668202765 | 0.437131630648 |
+----------+----------------+-----------------+---------------+----------------+
| G78(1.0) | 0.459183673469 | 0.970588235294  | 0.34331797235 | 0.562868369352 |
+----------+----------------+-----------------+---------------+----------------+
+----------+----------------+----------------+----------------+----------------+
| G38      | G38(0.0)       | G38(0.0)       | G38(1.0)       | G38(1.0)       |
+----------+----------------+----------------+----------------+----------------+
| G75      | G75(0.0)       | G75(1.0)       | G75(0.0)       | G75(1.0)       |
+----------+----------------+----------------+----------------+----------------+
| G68(0.0) | 0.158536585366 | 0.737623762376 | 0.775862068966 | 0.758345428157 |
+----------+----------------+----------------+----------------+----------------+
| G68(1.0) | 0.841463414634 | 0.262376237624 | 0.224137931034 | 0.241654571843 |
+----------+----------------+----------------+----------------+----------------+
+----------+----------------+----------------+----------------+----------------+
| G22      | G22(0.0)       | G22(0.0)       | G22(1.0)       | G22(1.0)       |
+----------+----------------+----------------+----------------+----------------+
| G83      | G83(0.0)       | G83(1.0)       | G83(0.0)       | G83(1.0)       |
+----------+----------------+----------------+----------------+----------------+
| G69(0.0) | 0.472602739726 | 0.222304283604 | 0.743902439024 | 0.442028985507 |
+----------+----------------+----------------+----------------+----------------+
| G69(1.0) | 0.527397260274 | 0.777695716396 | 0.256097560976 | 0.557971014493 |
+----------+----------------+----------------+----------------+----------------+
+----------+----------+----------------+-----------------+---------------+
| G28      | G28(0.0) | G28(0.0)       | G28(1.0)        | G28(1.0)      |
+----------+----------+----------------+-----------------+---------------+
| G47      | G47(0.0) | G47(1.0)       | G47(0.0)        | G47(1.0)      |
+----------+----------+----------------+-----------------+---------------+
| G62(0.0) | 0.1      | 0.776923076923 | 0.0033921302578 | 0.19696969697 |
+----------+----------+----------------+-----------------+---------------+
| G62(1.0) | 0.9      | 0.223076923077 | 0.996607869742  | 0.80303030303 |
+----------+----------+----------------+-----------------+---------------+
+----------+----------------+-----------------+----------------+----------------+
| G7       | G7(0.0)        | G7(0.0)         | G7(1.0)        | G7(1.0)        |
+----------+----------------+-----------------+----------------+----------------+
| G92      | G92(0.0)       | G92(1.0)        | G92(0.0)       | G92(1.0)       |
+----------+----------------+-----------------+----------------+----------------+
| G63(0.0) | 0.855555555556 | 0.0384615384615 | 0.731884057971 | 0.338472834068 |
+----------+----------------+-----------------+----------------+----------------+
| G63(1.0) | 0.144444444444 | 0.961538461538  | 0.268115942029 | 0.661527165932 |
+----------+----------------+-----------------+----------------+----------------+
+----------+---------------+----------------+
| G5       | G5(0.0)       | G5(1.0)        |
+----------+---------------+----------------+
| G60(0.0) | 0.31568627451 | 0.494285714286 |
+----------+---------------+----------------+
| G60(1.0) | 0.68431372549 | 0.505714285714 |
+----------+---------------+----------------+
+----------+---------------+---------------+
| G79      | G79(0.0)      | G79(1.0)      |
+----------+---------------+---------------+
| G61(0.0) | 0.71568627451 | 0.15963060686 |
+----------+---------------+---------------+
| G61(1.0) | 0.28431372549 | 0.84036939314 |
+----------+---------------+---------------+
+----------+----------+-----------------+----------------+----------------+
| G15      | G15(0.0) | G15(0.0)        | G15(1.0)       | G15(1.0)       |
+----------+----------+-----------------+----------------+----------------+
| G29      | G29(0.0) | G29(1.0)        | G29(0.0)       | G29(1.0)       |
+----------+----------+-----------------+----------------+----------------+
| G66(0.0) | 0.5      | 0.0257731958763 | 0.482300884956 | 0.251937984496 |
+----------+----------+-----------------+----------------+----------------+
| G66(1.0) | 0.5      | 0.974226804124  | 0.517699115044 | 0.748062015504 |
+----------+----------+-----------------+----------------+----------------+
+----------+----------------+----------------+-----------------+-----------------+
| G72      | G72(0.0)       | G72(0.0)       | G72(1.0)        | G72(1.0)        |
+----------+----------------+----------------+-----------------+-----------------+
| G76      | G76(0.0)       | G76(1.0)       | G76(0.0)        | G76(1.0)        |
+----------+----------------+----------------+-----------------+-----------------+
| G67(0.0) | 0.457639939486 | 0.844086021505 | 0.0471698113208 | 0.0471698113208 |
+----------+----------------+----------------+-----------------+-----------------+
| G67(1.0) | 0.542360060514 | 0.155913978495 | 0.952830188679  | 0.952830188679  |
+----------+----------------+----------------+-----------------+-----------------+
+----------+-----------------+----------------+----------------+----------------+
| G31      | G31(0.0)        | G31(0.0)       | G31(1.0)       | G31(1.0)       |
+----------+-----------------+----------------+----------------+----------------+
| G4       | G4(0.0)         | G4(1.0)        | G4(0.0)        | G4(1.0)        |
+----------+-----------------+----------------+----------------+----------------+
| G64(0.0) | 0.0308641975309 | 0.768041237113 | 0.605263157895 | 0.817124735729 |
+----------+-----------------+----------------+----------------+----------------+
| G64(1.0) | 0.969135802469  | 0.231958762887 | 0.394736842105 | 0.182875264271 |
+----------+-----------------+----------------+----------------+----------------+
+----------+----------------+----------------+----------------+----------------+
| G30      | G30(0.0)       | G30(0.0)       | G30(1.0)       | G30(1.0)       |
+----------+----------------+----------------+----------------+----------------+
| G64      | G64(0.0)       | G64(1.0)       | G64(0.0)       | G64(1.0)       |
+----------+----------------+----------------+----------------+----------------+
| G65(0.0) | 0.228395061728 | 0.144444444444 | 0.625736738703 | 0.491111111111 |
+----------+----------------+----------------+----------------+----------------+
| G65(1.0) | 0.771604938272 | 0.855555555556 | 0.374263261297 | 0.508888888889 |
+----------+----------------+----------------+----------------+----------------+
+-----------+-----------------+------------------+-----------------+----------------+
| G25       | G25(0.0)        | G25(0.0)         | G25(1.0)        | G25(1.0)       |
+-----------+-----------------+------------------+-----------------+----------------+
| G36       | G36(0.0)        | G36(1.0)         | G36(0.0)        | G36(1.0)       |
+-----------+-----------------+------------------+-----------------+----------------+
| G100(0.0) | 0.0182481751825 | 0.00397456279809 | 0.0555555555556 | 0.867346938776 |
+-----------+-----------------+------------------+-----------------+----------------+
| G100(1.0) | 0.981751824818  | 0.996025437202   | 0.944444444444  | 0.132653061224 |
+-----------+-----------------+------------------+-----------------+----------------+
+----------+----------------+-----------------+
| G5       | G5(0.0)        | G5(1.0)         |
+----------+----------------+-----------------+
| G19(0.0) | 0.401960784314 | 0.917142857143  |
+----------+----------------+-----------------+
| G19(1.0) | 0.598039215686 | 0.0828571428571 |
+----------+----------------+-----------------+
+----------+----------------+----------------+----------------+------------------+
| G86      | G86(0.0)       | G86(0.0)       | G86(1.0)       | G86(1.0)         |
+----------+----------------+----------------+----------------+------------------+
| G94      | G94(0.0)       | G94(1.0)       | G94(0.0)       | G94(1.0)         |
+----------+----------------+----------------+----------------+------------------+
| G18(0.0) | 0.766666666667 | 0.144444444444 | 0.256097560976 | 0.00342935528121 |
+----------+----------------+----------------+----------------+------------------+
| G18(1.0) | 0.233333333333 | 0.855555555556 | 0.743902439024 | 0.996570644719   |
+----------+----------------+----------------+----------------+------------------+
+----------+-----------------+----------------+----------------+----------+----------------+-----------------+----------------+----------+
| G1       | G1(0.0)         | G1(0.0)        | G1(0.0)        | G1(0.0)  | G1(1.0)        | G1(1.0)         | G1(1.0)        | G1(1.0)  |
+----------+-----------------+----------------+----------------+----------+----------------+-----------------+----------------+----------+
| G19      | G19(0.0)        | G19(0.0)       | G19(1.0)       | G19(1.0) | G19(0.0)       | G19(0.0)        | G19(1.0)       | G19(1.0) |
+----------+-----------------+----------------+----------------+----------+----------------+-----------------+----------------+----------+
| G5       | G5(0.0)         | G5(1.0)        | G5(0.0)        | G5(1.0)  | G5(0.0)        | G5(1.0)         | G5(0.0)        | G5(1.0)  |
+----------+-----------------+----------------+----------------+----------+----------------+-----------------+----------------+----------+
| G17(0.0) | 0.0268817204301 | 0.119047619048 | 0.179324894515 | 0.5      | 0.159305993691 | 0.0297906602254 | 0.757372654155 | 0.5      |
+----------+-----------------+----------------+----------------+----------+----------------+-----------------+----------------+----------+
| G17(1.0) | 0.97311827957   | 0.880952380952 | 0.820675105485 | 0.5      | 0.840694006309 | 0.970209339775  | 0.242627345845 | 0.5      |
+----------+-----------------+----------------+----------------+----------+----------------+-----------------+----------------+----------+
+----------+-----------------+----------------+----------------+-----------------+
| G34      | G34(0.0)        | G34(0.0)       | G34(1.0)       | G34(1.0)        |
+----------+-----------------+----------------+----------------+-----------------+
| G79      | G79(0.0)        | G79(1.0)       | G79(0.0)       | G79(1.0)        |
+----------+-----------------+----------------+----------------+-----------------+
| G16(0.0) | 0.0757575757576 | 0.452941176471 | 0.615942028986 | 0.936849925706  |
+----------+-----------------+----------------+----------------+-----------------+
| G16(1.0) | 0.924242424242  | 0.547058823529 | 0.384057971014 | 0.0631500742942 |
+----------+-----------------+----------------+----------------+-----------------+
+----------+-----------------+-----------------+
| G77      | G77(0.0)        | G77(1.0)        |
+----------+-----------------+-----------------+
| G15(0.0) | 0.0170603674541 | 0.908163265306  |
+----------+-----------------+-----------------+
| G15(1.0) | 0.982939632546  | 0.0918367346939 |
+----------+-----------------+-----------------+
+----------+----------------+----------------+-----------------+-----------------+-----------------+---------------+----------------+----------------+
| G12      | G12(0.0)       | G12(0.0)       | G12(0.0)        | G12(0.0)        | G12(1.0)        | G12(1.0)      | G12(1.0)       | G12(1.0)       |
+----------+----------------+----------------+-----------------+-----------------+-----------------+---------------+----------------+----------------+
| G4       | G4(0.0)        | G4(0.0)        | G4(1.0)         | G4(1.0)         | G4(0.0)         | G4(0.0)       | G4(1.0)        | G4(1.0)        |
+----------+----------------+----------------+-----------------+-----------------+-----------------+---------------+----------------+----------------+
| G51      | G51(0.0)       | G51(1.0)       | G51(0.0)        | G51(1.0)        | G51(0.0)        | G51(1.0)      | G51(0.0)       | G51(1.0)       |
+----------+----------------+----------------+-----------------+-----------------+-----------------+---------------+----------------+----------------+
| G14(0.0) | 0.123529411765 | 0.807692307692 | 0.903669724771  | 0.967532467532  | 0.0695538057743 | 0.10396039604 | 0.248905109489 | 0.752788104089 |
+----------+----------------+----------------+-----------------+-----------------+-----------------+---------------+----------------+----------------+
| G14(1.0) | 0.876470588235 | 0.192307692308 | 0.0963302752294 | 0.0324675324675 | 0.930446194226  | 0.89603960396 | 0.751094890511 | 0.247211895911 |
+----------+----------------+----------------+-----------------+-----------------+-----------------+---------------+----------------+----------------+
+----------+-----------------+-----------------+-----------------+-----------------+
| G12      | G12(0.0)        | G12(0.0)        | G12(1.0)        | G12(1.0)        |
+----------+-----------------+-----------------+-----------------+-----------------+
| G28      | G28(0.0)        | G28(1.0)        | G28(0.0)        | G28(1.0)        |
+----------+-----------------+-----------------+-----------------+-----------------+
| G13(0.0) | 0.0555555555556 | 0.0670103092784 | 0.944444444444  | 0.0037147102526 |
+----------+-----------------+-----------------+-----------------+-----------------+
| G13(1.0) | 0.944444444444  | 0.932989690722  | 0.0555555555556 | 0.996285289747  |
+----------+-----------------+-----------------+-----------------+-----------------+
+----------+-----------------+---------------+
| G15      | G15(0.0)        | G15(1.0)      |
+----------+-----------------+---------------+
| G12(0.0) | 0.0490196078431 | 0.18073878628 |
+----------+-----------------+---------------+
| G12(1.0) | 0.950980392157  | 0.81926121372 |
+----------+-----------------+---------------+
+----------+----------+------------------+----------------+----------------+-----------------+------------------+----------------+----------------+
| G4       | G4(0.0)  | G4(0.0)          | G4(0.0)        | G4(0.0)        | G4(1.0)         | G4(1.0)          | G4(1.0)        | G4(1.0)        |
+----------+----------+------------------+----------------+----------------+-----------------+------------------+----------------+----------------+
| G5       | G5(0.0)  | G5(0.0)          | G5(1.0)        | G5(1.0)        | G5(0.0)         | G5(0.0)          | G5(1.0)        | G5(1.0)        |
+----------+----------+------------------+----------------+----------------+-----------------+------------------+----------------+----------------+
| G79      | G79(0.0) | G79(1.0)         | G79(0.0)       | G79(1.0)       | G79(0.0)        | G79(1.0)         | G79(0.0)       | G79(1.0)       |
+----------+----------+------------------+----------------+----------------+-----------------+------------------+----------------+----------------+
| G11(0.0) | 0.5      | 0.00656167979003 | 0.192307692308 | 0.262376237624 | 0.970588235294  | 0.00533049040512 | 0.880952380952 | 0.103539823009 |
+----------+----------+------------------+----------------+----------------+-----------------+------------------+----------------+----------------+
| G11(1.0) | 0.5      | 0.99343832021    | 0.807692307692 | 0.737623762376 | 0.0294117647059 | 0.994669509595   | 0.119047619048 | 0.896460176991 |
+----------+----------+------------------+----------------+----------------+-----------------+------------------+----------------+----------------+
+----------+----------------+----------------+-----------------+-----------------+
| G2       | G2(0.0)        | G2(0.0)        | G2(1.0)         | G2(1.0)         |
+----------+----------------+----------------+-----------------+-----------------+
| G58      | G58(0.0)       | G58(1.0)       | G58(0.0)        | G58(1.0)        |
+----------+----------------+----------------+-----------------+-----------------+
| G10(0.0) | 0.239130434783 | 0.701709401709 | 0.0308641975309 | 0.0757575757576 |
+----------+----------------+----------------+-----------------+-----------------+
| G10(1.0) | 0.760869565217 | 0.298290598291 | 0.969135802469  | 0.924242424242  |
+----------+----------------+----------------+-----------------+-----------------+
+----------+-----------------+----------------+----------+-----------------+
| G53      | G53(0.0)        | G53(0.0)       | G53(1.0) | G53(1.0)        |
+----------+-----------------+----------------+----------+-----------------+
| G93      | G93(0.0)        | G93(1.0)       | G93(0.0) | G93(1.0)        |
+----------+-----------------+----------------+----------+-----------------+
| G97(0.0) | 0.961538461538  | 0.549004594181 | 0.5      | 0.0766423357664 |
+----------+-----------------+----------------+----------+-----------------+
| G97(1.0) | 0.0384615384615 | 0.450995405819 | 0.5      | 0.923357664234  |
+----------+-----------------+----------------+----------+-----------------+
+----------+---------------+-----------------+-----------------+-----------------+
| G54      | G54(0.0)      | G54(0.0)        | G54(1.0)        | G54(1.0)        |
+----------+---------------+-----------------+-----------------+-----------------+
| G8       | G8(0.0)       | G8(1.0)         | G8(0.0)         | G8(1.0)         |
+----------+---------------+-----------------+-----------------+-----------------+
| G96(0.0) | 0.67094017094 | 0.0206611570248 | 0.0121951219512 | 0.0280898876404 |
+----------+---------------+-----------------+-----------------+-----------------+
| G96(1.0) | 0.32905982906 | 0.979338842975  | 0.987804878049  | 0.97191011236   |
+----------+---------------+-----------------+-----------------+-----------------+
+----------+-----------------+------------------+----------------+------------------+
| G14      | G14(0.0)        | G14(0.0)         | G14(1.0)       | G14(1.0)         |
+----------+-----------------+------------------+----------------+------------------+
| G94      | G94(0.0)        | G94(1.0)         | G94(0.0)       | G94(1.0)         |
+----------+-----------------+------------------+----------------+------------------+
| G95(0.0) | 0.0555555555556 | 0.00972762645914 | 0.841463414634 | 0.00483558994197 |
+----------+-----------------+------------------+----------------+------------------+
| G95(1.0) | 0.944444444444  | 0.990272373541   | 0.158536585366 | 0.995164410058   |
+----------+-----------------+------------------+----------------+------------------+
+----------+-----------+----------------+-----------+------------------+
| G100     | G100(0.0) | G100(0.0)      | G100(1.0) | G100(1.0)        |
+----------+-----------+----------------+-----------+------------------+
| G3       | G3(0.0)   | G3(1.0)        | G3(0.0)   | G3(1.0)          |
+----------+-----------+----------------+-----------+------------------+
| G94(0.0) | 0.5       | 0.855555555556 | 0.5       | 0.00344827586207 |
+----------+-----------+----------------+-----------+------------------+
| G94(1.0) | 0.5       | 0.144444444444 | 0.5       | 0.996551724138   |
+----------+-----------+----------------+-----------+------------------+
+----------+----------------+-----------------+----------------+----------------+
| G56      | G56(0.0)       | G56(0.0)        | G56(1.0)       | G56(1.0)       |
+----------+----------------+-----------------+----------------+----------------+
| G92      | G92(0.0)       | G92(1.0)        | G92(0.0)       | G92(1.0)       |
+----------+----------------+-----------------+----------------+----------------+
| G93(0.0) | 0.253424657534 | 0.0246179966044 | 0.841463414634 | 0.015923566879 |
+----------+----------------+-----------------+----------------+----------------+
| G93(1.0) | 0.746575342466 | 0.975382003396  | 0.158536585366 | 0.984076433121 |
+----------+----------------+-----------------+----------------+----------------+
+----------+----------------+-----------------+----------------+----------------+
| G22      | G22(0.0)       | G22(0.0)        | G22(1.0)       | G22(1.0)       |
+----------+----------------+-----------------+----------------+----------------+
| G96      | G96(0.0)       | G96(1.0)        | G96(0.0)       | G96(1.0)       |
+----------+----------------+-----------------+----------------+----------------+
| G92(0.0) | 0.411111111111 | 0.0432624113475 | 0.855555555556 | 0.407692307692 |
+----------+----------------+-----------------+----------------+----------------+
| G92(1.0) | 0.588888888889 | 0.956737588652  | 0.144444444444 | 0.592307692308 |
+----------+----------------+-----------------+----------------+----------------+
+----------+-----------------+-----------------+----------------+----------------+
| G90      | G90(0.0)        | G90(0.0)        | G90(1.0)       | G90(1.0)       |
+----------+-----------------+-----------------+----------------+----------------+
| G98      | G98(0.0)        | G98(1.0)        | G98(0.0)       | G98(1.0)       |
+----------+-----------------+-----------------+----------------+----------------+
| G91(0.0) | 0.0555555555556 | 0.0409836065574 | 0.829411764706 | 0.284753363229 |
+----------+-----------------+-----------------+----------------+----------------+
| G91(1.0) | 0.944444444444  | 0.959016393443  | 0.170588235294 | 0.715246636771 |
+----------+-----------------+-----------------+----------------+----------------+
+----------+----------------+----------+-----------------+-----------------+
| G39      | G39(0.0)       | G39(0.0) | G39(1.0)        | G39(1.0)        |
+----------+----------------+----------+-----------------+-----------------+
| G84      | G84(0.0)       | G84(1.0) | G84(0.0)        | G84(1.0)        |
+----------+----------------+----------+-----------------+-----------------+
| G90(0.0) | 0.801886792453 | 0.5      | 0.0244385733157 | 0.944444444444  |
+----------+----------------+----------+-----------------+-----------------+
| G90(1.0) | 0.198113207547 | 0.5      | 0.975561426684  | 0.0555555555556 |
+----------+----------------+----------+-----------------+-----------------+
+----------+-----------------+----------------+------------------+-----------------+
| G23      | G23(0.0)        | G23(0.0)       | G23(1.0)         | G23(1.0)        |
+----------+-----------------+----------------+------------------+-----------------+
| G60      | G60(0.0)        | G60(1.0)       | G60(0.0)         | G60(1.0)        |
+----------+-----------------+----------------+------------------+-----------------+
| G99(0.0) | 0.0862068965517 | 0.709523809524 | 0.00819672131148 | 0.0249406175772 |
+----------+-----------------+----------------+------------------+-----------------+
| G99(1.0) | 0.913793103448  | 0.290476190476 | 0.991803278689   | 0.975059382423  |
+----------+-----------------+----------------+------------------+-----------------+
+----------+-----------------+---------------+-----------------+------------------+
| G40      | G40(0.0)        | G40(0.0)      | G40(1.0)        | G40(1.0)         |
+----------+-----------------+---------------+-----------------+------------------+
| G58      | G58(0.0)        | G58(1.0)      | G58(0.0)        | G58(1.0)         |
+----------+-----------------+---------------+-----------------+------------------+
| G98(0.0) | 0.903669724771  | 0.13184079602 | 0.0187969924812 | 0.00599520383693 |
+----------+-----------------+---------------+-----------------+------------------+
| G98(1.0) | 0.0963302752294 | 0.86815920398 | 0.981203007519  | 0.994004796163   |
+----------+-----------------+---------------+-----------------+------------------+
+----------+----------+----------------+----------------+-----------------+
| G13      | G13(0.0) | G13(0.0)       | G13(1.0)       | G13(1.0)        |
+----------+----------+----------------+----------------+-----------------+
| G86      | G86(0.0) | G86(1.0)       | G86(0.0)       | G86(1.0)        |
+----------+----------+----------------+----------------+-----------------+
| G31(0.0) | 0.5      | 0.867346938776 | 0.782352941176 | 0.0922330097087 |
+----------+----------+----------------+----------------+-----------------+
| G31(1.0) | 0.5      | 0.132653061224 | 0.217647058824 | 0.907766990291  |
+----------+----------+----------------+----------------+-----------------+
+----------+----------------+-----------------+---------------+-----------------+
| G12      | G12(0.0)       | G12(0.0)        | G12(1.0)      | G12(1.0)        |
+----------+----------------+-----------------+---------------+-----------------+
| G35      | G35(0.0)       | G35(1.0)        | G35(0.0)      | G35(1.0)        |
+----------+----------------+-----------------+---------------+-----------------+
| G30(0.0) | 0.036231884058 | 0.0342465753425 | 0.84188034188 | 0.0374376039933 |
+----------+----------------+-----------------+---------------+-----------------+
| G30(1.0) | 0.963768115942 | 0.965753424658  | 0.15811965812 | 0.962562396007  |
+----------+----------------+-----------------+---------------+-----------------+
+----------+---+
| G33(0.0) | 1 |
+----------+---+
+----------+----------------+-----------------+
| G74      | G74(0.0)       | G74(1.0)        |
+----------+----------------+-----------------+
| G32(0.0) | 0.891304347826 | 0.0896805896806 |
+----------+----------------+-----------------+
| G32(1.0) | 0.108695652174 | 0.910319410319  |
+----------+----------------+-----------------+
+----------+-----------------+------------------+---------------+----------------+----------------+----------------+-----------------+-----------------+
| G53      | G53(0.0)        | G53(0.0)         | G53(0.0)      | G53(0.0)       | G53(1.0)       | G53(1.0)       | G53(1.0)        | G53(1.0)        |
+----------+-----------------+------------------+---------------+----------------+----------------+----------------+-----------------+-----------------+
| G56      | G56(0.0)        | G56(0.0)         | G56(1.0)      | G56(1.0)       | G56(0.0)       | G56(0.0)       | G56(1.0)        | G56(1.0)        |
+----------+-----------------+------------------+---------------+----------------+----------------+----------------+-----------------+-----------------+
| G57      | G57(0.0)        | G57(1.0)         | G57(0.0)      | G57(1.0)       | G57(0.0)       | G57(1.0)       | G57(0.0)        | G57(1.0)        |
+----------+-----------------+------------------+---------------+----------------+----------------+----------------+-----------------+-----------------+
| G35(0.0) | 0.0636363636364 | 0.00256937307297 | 0.92194092827 | 0.434426229508 | 0.344155844156 | 0.463302752294 | 0.932432432432  | 0.0409836065574 |
+----------+-----------------+------------------+---------------+----------------+----------------+----------------+-----------------+-----------------+
| G35(1.0) | 0.936363636364  | 0.997430626927   | 0.07805907173 | 0.565573770492 | 0.655844155844 | 0.536697247706 | 0.0675675675676 | 0.959016393443  |
+----------+-----------------+------------------+---------------+----------------+----------------+----------------+-----------------+-----------------+
+----------+-----------------+-----------------+----------+------------------+
| G15      | G15(0.0)        | G15(0.0)        | G15(1.0) | G15(1.0)         |
+----------+-----------------+-----------------+----------+------------------+
| G48      | G48(0.0)        | G48(1.0)        | G48(0.0) | G48(1.0)         |
+----------+-----------------+-----------------+----------+------------------+
| G34(0.0) | 0.0555555555556 | 0.0438596491228 | 0.884    | 0.00394944707741 |
+----------+-----------------+-----------------+----------+------------------+
| G34(1.0) | 0.944444444444  | 0.956140350877  | 0.116    | 0.996050552923   |
+----------+-----------------+-----------------+----------+------------------+
+----------+----------------+----------------+----------------+----------------+
| G17      | G17(0.0)       | G17(0.0)       | G17(1.0)       | G17(1.0)       |
+----------+----------------+----------------+----------------+----------------+
| G47      | G47(0.0)       | G47(1.0)       | G47(0.0)       | G47(1.0)       |
+----------+----------------+----------------+----------------+----------------+
| G37(0.0) | 0.149717514124 | 0.824324324324 | 0.394017094017 | 0.827868852459 |
+----------+----------------+----------------+----------------+----------------+
| G37(1.0) | 0.850282485876 | 0.175675675676 | 0.605982905983 | 0.172131147541 |
+----------+----------------+----------------+----------------+----------------+
+----------+-----------------+-----------------+-----------------+----------------+
| G34      | G34(0.0)        | G34(0.0)        | G34(1.0)        | G34(1.0)       |
+----------+-----------------+-----------------+-----------------+----------------+
| G5       | G5(0.0)         | G5(1.0)         | G5(0.0)         | G5(1.0)        |
+----------+-----------------+-----------------+-----------------+----------------+
| G36(0.0) | 0.923529411765  | 0.924242424242  | 0.0529411764706 | 0.159305993691 |
+----------+-----------------+-----------------+-----------------+----------------+
| G36(1.0) | 0.0764705882353 | 0.0757575757576 | 0.947058823529  | 0.840694006309 |
+----------+-----------------+-----------------+-----------------+----------------+
+----------+----------------+----------------+----------------+-----------------+
| G12      | G12(0.0)       | G12(0.0)       | G12(1.0)       | G12(1.0)        |
+----------+----------------+----------------+----------------+-----------------+
| G57      | G57(0.0)       | G57(1.0)       | G57(0.0)       | G57(1.0)        |
+----------+----------------+----------------+----------------+-----------------+
| G39(0.0) | 0.867346938776 | 0.112903225806 | 0.011961722488 | 0.0049115913556 |
+----------+----------------+----------------+----------------+-----------------+
| G39(1.0) | 0.132653061224 | 0.887096774194 | 0.988038277512 | 0.995088408644  |
+----------+----------------+----------------+----------------+-----------------+
+----------+---------------+----------------+-----------------+-----------------+
| G28      | G28(0.0)      | G28(0.0)       | G28(1.0)        | G28(1.0)        |
+----------+---------------+----------------+-----------------+-----------------+
| G71      | G71(0.0)      | G71(1.0)       | G71(0.0)        | G71(1.0)        |
+----------+---------------+----------------+-----------------+-----------------+
| G38(0.0) | 0.87037037037 | 0.277777777778 | 0.0982274741507 | 0.0268817204301 |
+----------+---------------+----------------+-----------------+-----------------+
| G38(1.0) | 0.12962962963 | 0.722222222222 | 0.901772525849  | 0.97311827957   |
+----------+---------------+----------------+-----------------+-----------------+
+----------+-----------------+-----------------+
| G60      | G60(0.0)        | G60(1.0)        |
+----------+-----------------+-----------------+
| G84(0.0) | 0.98502994012   | 0.914448669202  |
+----------+-----------------+-----------------+
| G84(1.0) | 0.0149700598802 | 0.0855513307985 |
+----------+-----------------+-----------------+
+----------+----------------+-----------------+-----------------+----------------+
| G40      | G40(0.0)       | G40(0.0)        | G40(1.0)        | G40(1.0)       |
+----------+----------------+-----------------+-----------------+----------------+
| G96      | G96(0.0)       | G96(1.0)        | G96(0.0)        | G96(1.0)       |
+----------+----------------+-----------------+-----------------+----------------+
| G85(0.0) | 0.144444444444 | 0.0698113207547 | 0.944444444444  | 0.131683168317 |
+----------+----------------+-----------------+-----------------+----------------+
| G85(1.0) | 0.855555555556 | 0.930188679245  | 0.0555555555556 | 0.868316831683 |
+----------+----------------+-----------------+-----------------+----------------+
+----------+-----------------+-----------------+----------+-----------------+
| G84      | G84(0.0)        | G84(0.0)        | G84(1.0) | G84(1.0)        |
+----------+-----------------+-----------------+----------+-----------------+
| G95      | G95(0.0)        | G95(1.0)        | G95(0.0) | G95(1.0)        |
+----------+-----------------+-----------------+----------+-----------------+
| G86(0.0) | 0.932432432432  | 0.0135834411384 | 0.5      | 0.944444444444  |
+----------+-----------------+-----------------+----------+-----------------+
| G86(1.0) | 0.0675675675676 | 0.986416558862  | 0.5      | 0.0555555555556 |
+----------+-----------------+-----------------+----------+-----------------+
+----------+----------------+----------------+
| G98      | G98(0.0)       | G98(1.0)       |
+----------+----------------+----------------+
| G87(0.0) | 0.192307692308 | 0.883561643836 |
+----------+----------------+----------------+
| G87(1.0) | 0.807692307692 | 0.116438356164 |
+----------+----------------+----------------+
+----------+----------------+----------+----------------+-----------------+
| G79      | G79(0.0)       | G79(0.0) | G79(1.0)       | G79(1.0)        |
+----------+----------------+----------+----------------+-----------------+
| G81      | G81(0.0)       | G81(1.0) | G81(0.0)       | G81(1.0)        |
+----------+----------------+----------+----------------+-----------------+
| G80(0.0) | 0.132653061224 | 0.5      | 0.818936877076 | 0.924507658643  |
+----------+----------------+----------+----------------+-----------------+
| G80(1.0) | 0.867346938776 | 0.5      | 0.181063122924 | 0.0754923413567 |
+----------+----------------+----------+----------------+-----------------+
+----------+----------------+----------------+----------------+----------------+
| G90      | G90(0.0)       | G90(0.0)       | G90(1.0)       | G90(1.0)       |
+----------+----------------+----------------+----------------+----------------+
| G98      | G98(0.0)       | G98(1.0)       | G98(0.0)       | G98(1.0)       |
+----------+----------------+----------------+----------------+----------------+
| G81(0.0) | 0.855555555556 | 0.565573770492 | 0.123529411765 | 0.398355754858 |
+----------+----------------+----------------+----------------+----------------+
| G81(1.0) | 0.144444444444 | 0.434426229508 | 0.876470588235 | 0.601644245142 |
+----------+----------------+----------------+----------------+----------------+
+----------+-----------------+-----------------+----------------+----------------+
| G3       | G3(0.0)         | G3(0.0)         | G3(1.0)        | G3(1.0)        |
+----------+-----------------+-----------------+----------------+----------------+
| G89      | G89(0.0)        | G89(1.0)        | G89(0.0)       | G89(1.0)       |
+----------+-----------------+-----------------+----------------+----------------+
| G82(0.0) | 0.0757575757576 | 0.0438596491228 | 0.133027522936 | 0.621028744327 |
+----------+-----------------+-----------------+----------------+----------------+
| G82(1.0) | 0.924242424242  | 0.956140350877  | 0.866972477064 | 0.378971255673 |
+----------+-----------------+-----------------+----------------+----------------+
+----------+----------------+----------------+----------------+-----------------+
| G30      | G30(0.0)       | G30(0.0)       | G30(1.0)       | G30(1.0)        |
+----------+----------------+----------------+----------------+-----------------+
| G89      | G89(0.0)       | G89(1.0)       | G89(0.0)       | G89(1.0)        |
+----------+----------------+----------------+----------------+-----------------+
| G83(0.0) | 0.847826086957 | 0.114035087719 | 0.198630136986 | 0.0521936459909 |
+----------+----------------+----------------+----------------+-----------------+
| G83(1.0) | 0.152173913043 | 0.885964912281 | 0.801369863014 | 0.947806354009  |
+----------+----------------+----------------+----------------+-----------------+
+----------+----------------+----------------+----------------+------------------+
| G11      | G11(0.0)       | G11(0.0)       | G11(1.0)       | G11(1.0)         |
+----------+----------------+----------------+----------------+------------------+
| G7       | G7(0.0)        | G7(1.0)        | G7(0.0)        | G7(1.0)          |
+----------+----------------+----------------+----------------+------------------+
| G88(0.0) | 0.867346938776 | 0.210144927536 | 0.762295081967 | 0.00954478707783 |
+----------+----------------+----------------+----------------+------------------+
| G88(1.0) | 0.132653061224 | 0.789855072464 | 0.237704918033 | 0.990455212922   |
+----------+----------------+----------------+----------------+------------------+
+----------+----------------+----------------+-----------------+-----------------+
| G36      | G36(0.0)       | G36(0.0)       | G36(1.0)        | G36(1.0)        |
+----------+----------------+----------------+-----------------+-----------------+
| G88      | G88(0.0)       | G88(1.0)       | G88(0.0)        | G88(1.0)        |
+----------+----------------+----------------+-----------------+-----------------+
| G89(0.0) | 0.119047619048 | 0.214285714286 | 0.926966292135  | 0.0382003395586 |
+----------+----------------+----------------+-----------------+-----------------+
| G89(1.0) | 0.880952380952 | 0.785714285714 | 0.0730337078652 | 0.961799660441  |
+----------+----------------+----------------+-----------------+-----------------+
