[('G26', 'G27'), ('G26', 'G5'), ('G26', 'G34'), ('G26', 'G36'), ('G26', 'G96'), ('G26', 'G30'), ('G27', 'G100'), ('G27', 'G50'), ('G27', 'G34'), ('G27', 'G2'), ('G24', 'G67'), ('G23', 'G24'), ('G23', 'G72'), ('G21', 'G26'), ('G21', 'G81'), ('G21', 'G62'), ('G21', 'G60'), ('G21', 'G99'), ('G21', 'G65'), ('G28', 'G49'), ('G28', 'G29'), ('G29', 'G55'), ('G29', 'G1'), ('G7', 'G81'), ('G5', 'G90'), ('G5', 'G54'), ('G5', 'G8'), ('G5', 'G2'), ('G5', 'G36'), ('G4', 'G10'), ('G2', 'G82'), ('G1', 'G31'), ('G1', 'G71'), ('G9', 'G53'), ('G9', 'G43'), ('G9', 'G93'), ('G9', 'G78'), ('G8', 'G82'), ('G53', 'G22'), ('G53', 'G86'), ('G53', 'G57'), ('G53', 'G83'), ('G53', 'G48'), ('G53', 'G88'), ('G53', 'G12'), ('G52', 'G48'), ('G52', 'G53'), ('G51', 'G35'), ('G51', 'G33'), ('G51', 'G66'), ('G50', 'G31'), ('G50', 'G83'), ('G56', 'G14'), ('G54', 'G9'), ('G41', 'G4'), ('G41', 'G76'), ('G41', 'G28'), ('G41', 'G84'), ('G41', 'G51'), ('G41', 'G50'), ('G41', 'G16'), ('G41', 'G89'), ('G42', 'G88'), ('G42', 'G71'), ('G43', 'G44'), ('G43', 'G45'), ('G43', 'G91'), ('G43', 'G62'), ('G43', 'G64'), ('G43', 'G10'), ('G44', 'G17'), ('G44', 'G63'), ('G44', 'G64'), ('G44', 'G19'), ('G46', 'G26'), ('G46', 'G24'), ('G46', 'G22'), ('G46', 'G37'), ('G46', 'G41'), ('G46', 'G47'), ('G46', 'G53'), ('G46', 'G52'), ('G46', 'G68'), ('G46', 'G18'), ('G46', 'G49'), ('G46', 'G54'), ('G46', 'G58'), ('G46', 'G36'), ('G47', 'G49'), ('G48', 'G69'), ('G74', 'G23'), ('G76', 'G77'), ('G76', 'G89'), ('G76', 'G91'), ('G71', 'G74'), ('G71', 'G89'), ('G73', 'G25'), ('G72', 'G77'), ('G72', 'G76'), ('G72', 'G70'), ('G79', 'G87'), ('G78', 'G79'), ('G68', 'G42'), ('G69', 'G68'), ('G69', 'G23'), ('G69', 'G73'), ('G62', 'G41'), ('G62', 'G51'), ('G62', 'G90'), ('G63', 'G75'), ('G63', 'G59'), ('G63', 'G80'), ('G63', 'G78'), ('G60', 'G86'), ('G60', 'G46'), ('G60', 'G18'), ('G61', 'G7'), ('G66', 'G75'), ('G66', 'G61'), ('G66', 'G67'), ('G64', 'G63'), ('G64', 'G94'), ('G64', 'G92'), ('G64', 'G74'), ('G65', 'G97'), ('G65', 'G60'), ('G100', 'G8'), ('G100', 'G10'), ('G19', 'G38'), ('G19', 'G58'), ('G18', 'G52'), ('G18', 'G66'), ('G16', 'G1'), ('G12', 'G57'), ('G12', 'G70'), ('G10', 'G38'), ('G10', 'G42'), ('G10', 'G44'), ('G10', 'G56'), ('G10', 'G12'), ('G94', 'G95'), ('G94', 'G79'), ('G93', 'G41'), ('G93', 'G95'), ('G93', 'G94'), ('G93', 'G12'), ('G91', 'G14'), ('G91', 'G92'), ('G90', 'G39'), ('G90', 'G100'), ('G90', 'G77'), ('G90', 'G28'), ('G99', 'G33'), ('G98', 'G5'), ('G98', 'G99'), ('G98', 'G21'), ('G30', 'G35'), ('G35', 'G55'), ('G34', 'G30'), ('G37', 'G3'), ('G37', 'G47'), ('G37', 'G29'), ('G37', 'G74'), ('G37', 'G69'), ('G37', 'G71'), ('G37', 'G73'), ('G37', 'G72'), ('G36', 'G25'), ('G36', 'G37'), ('G36', 'G42'), ('G36', 'G4'), ('G36', 'G56'), ('G36', 'G62'), ('G36', 'G16'), ('G36', 'G66'), ('G38', 'G20'), ('G85', 'G17'), ('G85', 'G87'), ('G85', 'G19'), ('G85', 'G25'), ('G86', 'G39'), ('G82', 'G84'), ('G82', 'G15'), ('G83', 'G85'), ('G83', 'G59'), ('G83', 'G88'), ('G83', 'G90'), ('G88', 'G84'), ('G88', 'G96'), ('G88', 'G61'), ('G88', 'G28'), ('G88', 'G76')]
+----------+----------+-----------------+-----------------+-----------------+
| G21      | G21(0.0) | G21(0.0)        | G21(1.0)        | G21(1.0)        |
+----------+----------+-----------------+-----------------+-----------------+
| G46      | G46(0.0) | G46(1.0)        | G46(0.0)        | G46(1.0)        |
+----------+----------+-----------------+-----------------+-----------------+
| G26(0.0) | 0.02     | 0.0538221528861 | 0.944444444444  | 0.0510204081633 |
+----------+----------+-----------------+-----------------+-----------------+
| G26(1.0) | 0.98     | 0.946177847114  | 0.0555555555556 | 0.948979591837  |
+----------+----------+-----------------+-----------------+-----------------+
+----------+----------------+-----------------+
| G26      | G26(0.0)       | G26(1.0)        |
+----------+----------------+-----------------+
| G27(0.0) | 0.792682926829 | 0.0424164524422 |
+----------+----------------+-----------------+
| G27(1.0) | 0.207317073171 | 0.957583547558  |
+----------+----------------+-----------------+
+----------+----------------+--------------+-----------------+----------------+
| G23      | G23(0.0)       | G23(0.0)     | G23(1.0)        | G23(1.0)       |
+----------+----------------+--------------+-----------------+----------------+
| G46      | G46(0.0)       | G46(1.0)     | G46(0.0)        | G46(1.0)       |
+----------+----------------+--------------+-----------------+----------------+
| G24(0.0) | 0.368852459016 | 0.7331002331 | 0.0229357798165 | 0.132183908046 |
+----------+----------------+--------------+-----------------+----------------+
| G24(1.0) | 0.631147540984 | 0.2668997669 | 0.977064220183  | 0.867816091954 |
+----------+----------------+--------------+-----------------+----------------+
+----------+----------------+-----------------+----------+----------+----------------+----------------+----------------+----------+
| G36      | G36(0.0)       | G36(0.0)        | G36(0.0) | G36(0.0) | G36(1.0)       | G36(1.0)       | G36(1.0)       | G36(1.0) |
+----------+----------------+-----------------+----------+----------+----------------+----------------+----------------+----------+
| G73      | G73(0.0)       | G73(0.0)        | G73(1.0) | G73(1.0) | G73(0.0)       | G73(0.0)       | G73(1.0)       | G73(1.0) |
+----------+----------------+-----------------+----------+----------+----------------+----------------+----------------+----------+
| G85      | G85(0.0)       | G85(1.0)        | G85(0.0) | G85(1.0) | G85(0.0)       | G85(1.0)       | G85(0.0)       | G85(1.0) |
+----------+----------------+-----------------+----------+----------+----------------+----------------+----------------+----------+
| G25(0.0) | 0.152173913043 | 0.96511627907   | 0.5      | 0.276    | 0.876470588235 | 0.989552238806 | 0.192307692308 | 0.5      |
+----------+----------------+-----------------+----------+----------+----------------+----------------+----------------+----------+
| G25(1.0) | 0.847826086957 | 0.0348837209302 | 0.5      | 0.724    | 0.123529411765 | 0.010447761194 | 0.807692307692 | 0.5      |
+----------+----------------+-----------------+----------+----------+----------------+----------------+----------------+----------+
+----------+-----------------+----------+----------------+-----------------+
| G46      | G46(0.0)        | G46(0.0) | G46(1.0)       | G46(1.0)        |
+----------+-----------------+----------+----------------+-----------------+
| G53      | G53(0.0)        | G53(1.0) | G53(0.0)       | G53(1.0)        |
+----------+-----------------+----------+----------------+-----------------+
| G22(0.0) | 0.0172413793103 | 0.58     | 0.184210526316 | 0.907582938389  |
+----------+-----------------+----------+----------------+-----------------+
| G22(1.0) | 0.98275862069   | 0.42     | 0.815789473684 | 0.0924170616114 |
+----------+-----------------+----------+----------------+-----------------+
+----------+----------+-----------------+----------------+----------+
| G69      | G69(0.0) | G69(0.0)        | G69(1.0)       | G69(1.0) |
+----------+----------+-----------------+----------------+----------+
| G74      | G74(0.0) | G74(1.0)        | G74(0.0)       | G74(1.0) |
+----------+----------+-----------------+----------------+----------+
| G23(0.0) | 0.1      | 0.0567567567568 | 0.858095238095 | 0.212    |
+----------+----------+-----------------+----------------+----------+
| G23(1.0) | 0.9      | 0.943243243243  | 0.141904761905 | 0.788    |
+----------+----------+-----------------+----------------+----------+
+----------+-----------------+----------------+
| G38      | G38(0.0)        | G38(1.0)       |
+----------+-----------------+----------------+
| G20(0.0) | 0.989051094891  | 0.447368421053 |
+----------+-----------------+----------------+
| G20(1.0) | 0.0109489051095 | 0.552631578947 |
+----------+-----------------+----------------+
+----------+----------------+-----------------+
| G98      | G98(0.0)       | G98(1.0)        |
+----------+----------------+-----------------+
| G21(0.0) | 0.346153846154 | 0.987671232877  |
+----------+----------------+-----------------+
| G21(1.0) | 0.653846153846 | 0.0123287671233 |
+----------+----------------+-----------------+
+----------+----------------+-----------------+-----------------+----------------+-----------------+----------------+-----------------+----------------+
| G41      | G41(0.0)       | G41(0.0)        | G41(0.0)        | G41(0.0)       | G41(1.0)        | G41(1.0)       | G41(1.0)        | G41(1.0)       |
+----------+----------------+-----------------+-----------------+----------------+-----------------+----------------+-----------------+----------------+
| G88      | G88(0.0)       | G88(0.0)        | G88(1.0)        | G88(1.0)       | G88(0.0)        | G88(0.0)       | G88(1.0)        | G88(1.0)       |
+----------+----------------+-----------------+-----------------+----------------+-----------------+----------------+-----------------+----------------+
| G90      | G90(0.0)       | G90(1.0)        | G90(0.0)        | G90(1.0)       | G90(0.0)        | G90(1.0)       | G90(0.0)        | G90(1.0)       |
+----------+----------------+-----------------+-----------------+----------------+-----------------+----------------+-----------------+----------------+
| G28(0.0) | 0.876470588235 | 0.0895710681245 | 0.967532467532  | 0.637931034483 | 0.0555555555556 | 0.875838926174 | 0.0409836065574 | 0.123529411765 |
+----------+----------------+-----------------+-----------------+----------------+-----------------+----------------+-----------------+----------------+
| G28(1.0) | 0.123529411765 | 0.910428931876  | 0.0324675324675 | 0.362068965517 | 0.944444444444  | 0.124161073826 | 0.959016393443  | 0.876470588235 |
+----------+----------------+-----------------+-----------------+----------------+-----------------+----------------+-----------------+----------------+
+----------+-----------------+----------------+----------------+----------------+
| G28      | G28(0.0)        | G28(0.0)       | G28(1.0)       | G28(1.0)       |
+----------+-----------------+----------------+----------------+----------------+
| G37      | G37(0.0)        | G37(1.0)       | G37(0.0)       | G37(1.0)       |
+----------+-----------------+----------------+----------------+----------------+
| G29(0.0) | 0.0704697986577 | 0.237704918033 | 0.112403100775 | 0.749520153551 |
+----------+-----------------+----------------+----------------+----------------+
| G29(1.0) | 0.929530201342  | 0.762295081967 | 0.887596899225 | 0.250479846449 |
+----------+-----------------+----------------+----------------+----------------+
+---------+-----------------+---------------+
| G61     | G61(0.0)        | G61(1.0)      |
+---------+-----------------+---------------+
| G7(0.0) | 0.0065274151436 | 0.18085106383 |
+---------+-----------------+---------------+
| G7(1.0) | 0.993472584856  | 0.81914893617 |
+---------+-----------------+---------------+
+---------+---+
| G6(0.0) | 1 |
+---------+---+
+---------+-----------------+-----------------+-----------------+------------------+
| G26     | G26(0.0)        | G26(0.0)        | G26(1.0)        | G26(1.0)         |
+---------+-----------------+-----------------+-----------------+------------------+
| G98     | G98(0.0)        | G98(1.0)        | G98(0.0)        | G98(1.0)         |
+---------+-----------------+-----------------+-----------------+------------------+
| G5(0.0) | 0.0510204081633 | 0.0757575757576 | 0.969135802469  | 0.00932568149211 |
+---------+-----------------+-----------------+-----------------+------------------+
| G5(1.0) | 0.948979591837  | 0.924242424242  | 0.0308641975309 | 0.990674318508   |
+---------+-----------------+-----------------+-----------------+------------------+
+---------+----------------+-----------------+-----------------+----------------+
| G36     | G36(0.0)       | G36(0.0)        | G36(1.0)        | G36(1.0)       |
+---------+----------------+-----------------+-----------------+----------------+
| G41     | G41(0.0)       | G41(1.0)        | G41(0.0)        | G41(1.0)       |
+---------+----------------+-----------------+-----------------+----------------+
| G4(0.0) | 0.136363636364 | 0.0294117647059 | 0.0428571428571 | 0.876470588235 |
+---------+----------------+-----------------+-----------------+----------------+
| G4(1.0) | 0.863636363636 | 0.970588235294  | 0.957142857143  | 0.123529411765 |
+---------+----------------+-----------------+-----------------+----------------+
+---------+----------------+---------------+
| G37     | G37(0.0)       | G37(1.0)      |
+---------+----------------+---------------+
| G3(0.0) | 0.190647482014 | 0.35910652921 |
+---------+----------------+---------------+
| G3(1.0) | 0.809352517986 | 0.64089347079 |
+---------+----------------+---------------+
+---------+----------+-----------------+----------------+---------------+
| G27     | G27(0.0) | G27(0.0)        | G27(1.0)       | G27(1.0)      |
+---------+----------+-----------------+----------------+---------------+
| G5      | G5(0.0)  | G5(1.0)         | G5(0.0)        | G5(1.0)       |
+---------+----------+-----------------+----------------+---------------+
| G2(0.0) | 0.5      | 0.0268817204301 | 0.735294117647 | 0.28729689808 |
+---------+----------+-----------------+----------------+---------------+
| G2(1.0) | 0.5      | 0.97311827957   | 0.264705882353 | 0.71270310192 |
+---------+----------+-----------------+----------------+---------------+
+---------+----------------+---------------+----------+-----------------+
| G16     | G16(0.0)       | G16(0.0)      | G16(1.0) | G16(1.0)        |
+---------+----------------+---------------+----------+-----------------+
| G29     | G29(0.0)       | G29(1.0)      | G29(0.0) | G29(1.0)        |
+---------+----------------+---------------+----------+-----------------+
| G1(0.0) | 0.835802469136 | 0.47342192691 | 0.42     | 0.0813953488372 |
+---------+----------------+---------------+----------+-----------------+
| G1(1.0) | 0.164197530864 | 0.52657807309 | 0.58     | 0.918604651163  |
+---------+----------------+---------------+----------+-----------------+
+---------+-----------------+----------------+
| G54     | G54(0.0)        | G54(1.0)       |
+---------+-----------------+----------------+
| G9(0.0) | 0.977386934673  | 0.850649350649 |
+---------+-----------------+----------------+
| G9(1.0) | 0.0226130653266 | 0.149350649351 |
+---------+-----------------+----------------+
+---------+-----------------+----------------+-----------------+------------------+
| G100    | G100(0.0)       | G100(0.0)      | G100(1.0)       | G100(1.0)        |
+---------+-----------------+----------------+-----------------+------------------+
| G5      | G5(0.0)         | G5(1.0)        | G5(0.0)         | G5(1.0)          |
+---------+-----------------+----------------+-----------------+------------------+
| G8(0.0) | 0.0555555555556 | 0.233333333333 | 0.944444444444  | 0.00896551724138 |
+---------+-----------------+----------------+-----------------+------------------+
| G8(1.0) | 0.944444444444  | 0.766666666667 | 0.0555555555556 | 0.991034482759   |
+---------+-----------------+----------------+-----------------+------------------+
+----------+-----------------+----------+----------------+----------+-----------------+----------+-----------------+----------------+
| G46      | G46(0.0)        | G46(0.0) | G46(0.0)       | G46(0.0) | G46(1.0)        | G46(1.0) | G46(1.0)        | G46(1.0)       |
+----------+-----------------+----------+----------------+----------+-----------------+----------+-----------------+----------------+
| G52      | G52(0.0)        | G52(0.0) | G52(1.0)       | G52(1.0) | G52(0.0)        | G52(0.0) | G52(1.0)        | G52(1.0)       |
+----------+-----------------+----------+----------------+----------+-----------------+----------+-----------------+----------------+
| G9       | G9(0.0)         | G9(1.0)  | G9(0.0)        | G9(1.0)  | G9(0.0)         | G9(1.0)  | G9(0.0)         | G9(1.0)        |
+----------+-----------------+----------+----------------+----------+-----------------+----------+-----------------+----------------+
| G53(0.0) | 0.944444444444  | 0.5      | 0.755319148936 | 0.5      | 0.932432432432  | 0.5      | 0.0355054302423 | 0.244680851064 |
+----------+-----------------+----------+----------------+----------+-----------------+----------+-----------------+----------------+
| G53(1.0) | 0.0555555555556 | 0.5      | 0.244680851064 | 0.5      | 0.0675675675676 | 0.5      | 0.964494569758  | 0.755319148936 |
+----------+-----------------+----------+----------------+----------+-----------------+----------+-----------------+----------------+
+----------+----------------+----------------+----------------+------------------+
| G18      | G18(0.0)       | G18(0.0)       | G18(1.0)       | G18(1.0)         |
+----------+----------------+----------------+----------------+------------------+
| G46      | G46(0.0)       | G46(1.0)       | G46(0.0)       | G46(1.0)         |
+----------+----------------+----------------+----------------+------------------+
| G52(0.0) | 0.856435643564 | 0.852941176471 | 0.152173913043 | 0.00965824665676 |
+----------+----------------+----------------+----------------+------------------+
| G52(1.0) | 0.143564356436 | 0.147058823529 | 0.847826086957 | 0.990341753343   |
+----------+----------------+----------------+----------------+------------------+
+----------+----------------+-----------------+-----------------+----------+
| G41      | G41(0.0)       | G41(0.0)        | G41(1.0)        | G41(1.0) |
+----------+----------------+-----------------+-----------------+----------+
| G62      | G62(0.0)       | G62(1.0)        | G62(0.0)        | G62(1.0) |
+----------+----------------+-----------------+-----------------+----------+
| G51(0.0) | 0.367403314917 | 0.0363457760314 | 0.944444444444  | 0.852    |
+----------+----------------+-----------------+-----------------+----------+
| G51(1.0) | 0.632596685083 | 0.963654223969  | 0.0555555555556 | 0.148    |
+----------+----------------+-----------------+-----------------+----------+
+----------+----------------+----------------+----------------+----------------+
| G27      | G27(0.0)       | G27(0.0)       | G27(1.0)       | G27(1.0)       |
+----------+----------------+----------------+----------------+----------------+
| G41      | G41(0.0)       | G41(1.0)       | G41(0.0)       | G41(1.0)       |
+----------+----------------+----------------+----------------+----------------+
| G50(0.0) | 0.162921348315 | 0.277777777778 | 0.882695507488 | 0.139751552795 |
+----------+----------------+----------------+----------------+----------------+
| G50(1.0) | 0.837078651685 | 0.722222222222 | 0.117304492512 | 0.860248447205 |
+----------+----------------+----------------+----------------+----------------+
+----------+----------------+---------------+-----------------+----------------+
| G12      | G12(0.0)       | G12(0.0)      | G12(1.0)        | G12(1.0)       |
+----------+----------------+---------------+-----------------+----------------+
| G53      | G53(0.0)       | G53(1.0)      | G53(0.0)        | G53(1.0)       |
+----------+----------------+---------------+-----------------+----------------+
| G57(0.0) | 0.277777777778 | 0.88202247191 | 0.0129533678756 | 0.362917398946 |
+----------+----------------+---------------+-----------------+----------------+
| G57(1.0) | 0.722222222222 | 0.11797752809 | 0.987046632124  | 0.637082601054 |
+----------+----------------+---------------+-----------------+----------------+
+----------+-----------------+-----------------+-----------------+-----------------+
| G10      | G10(0.0)        | G10(0.0)        | G10(1.0)        | G10(1.0)        |
+----------+-----------------+-----------------+-----------------+-----------------+
| G36      | G36(0.0)        | G36(1.0)        | G36(0.0)        | G36(1.0)        |
+----------+-----------------+-----------------+-----------------+-----------------+
| G56(0.0) | 0.970588235294  | 0.0257731958763 | 0.0151515151515 | 0.0360623781676 |
+----------+-----------------+-----------------+-----------------+-----------------+
| G56(1.0) | 0.0294117647059 | 0.974226804124  | 0.984848484848  | 0.963937621832  |
+----------+-----------------+-----------------+-----------------+-----------------+
+----------+----------+----------------+-----------------+----------------+
| G29      | G29(0.0) | G29(0.0)       | G29(1.0)        | G29(1.0)       |
+----------+----------+----------------+-----------------+----------------+
| G35      | G35(0.0) | G35(1.0)       | G35(0.0)        | G35(1.0)       |
+----------+----------+----------------+-----------------+----------------+
| G55(0.0) | 0.5      | 0.476019184652 | 0.913793103448  | 0.295511221945 |
+----------+----------+----------------+-----------------+----------------+
| G55(1.0) | 0.5      | 0.523980815348 | 0.0862068965517 | 0.704488778055 |
+----------+----------+----------------+-----------------+----------------+
+----------+----------+----------------+----------------+----------------+
| G46      | G46(0.0) | G46(0.0)       | G46(1.0)       | G46(1.0)       |
+----------+----------+----------------+----------------+----------------+
| G5       | G5(0.0)  | G5(1.0)        | G5(0.0)        | G5(1.0)        |
+----------+----------+----------------+----------------+----------------+
| G54(0.0) | 0.5      | 0.645454545455 | 0.876470588235 | 0.354545454545 |
+----------+----------+----------------+----------------+----------------+
| G54(1.0) | 0.5      | 0.354545454545 | 0.123529411765 | 0.645454545455 |
+----------+----------+----------------+----------------+----------------+
+----------+-----------------+----------------+----------------+-----------------+
| G63      | G63(0.0)        | G63(0.0)       | G63(1.0)       | G63(1.0)        |
+----------+-----------------+----------------+----------------+-----------------+
| G83      | G83(0.0)        | G83(1.0)       | G83(0.0)       | G83(1.0)        |
+----------+-----------------+----------------+----------------+-----------------+
| G59(0.0) | 0.0862068965517 | 0.161538461538 | 0.631147540984 | 0.956737588652  |
+----------+-----------------+----------------+----------------+-----------------+
| G59(1.0) | 0.913793103448  | 0.838461538462 | 0.368852459016 | 0.0432624113475 |
+----------+-----------------+----------------+----------------+-----------------+
+----------+-----------------+----------------+----------+-----------------+
| G19      | G19(0.0)        | G19(0.0)       | G19(1.0) | G19(1.0)        |
+----------+-----------------+----------------+----------+-----------------+
| G46      | G46(0.0)        | G46(1.0)       | G46(0.0) | G46(1.0)        |
+----------+-----------------+----------------+----------+-----------------+
| G58(0.0) | 0.0151515151515 | 0.330508474576 | 0.5      | 0.939024390244  |
+----------+-----------------+----------------+----------+-----------------+
| G58(1.0) | 0.984848484848  | 0.669491525424 | 0.5      | 0.0609756097561 |
+----------+-----------------+----------------+----------+-----------------+
+----------+----------+
| G40(0.0) | 0.197674 |
+----------+----------+
| G40(1.0) | 0.802326 |
+----------+----------+
+----------+----------+-----------------+----------+-----------------+-----------------+------------------+-----------------+-----------------+
| G46      | G46(0.0) | G46(0.0)        | G46(0.0) | G46(0.0)        | G46(1.0)        | G46(1.0)         | G46(1.0)        | G46(1.0)        |
+----------+----------+-----------------+----------+-----------------+-----------------+------------------+-----------------+-----------------+
| G62      | G62(0.0) | G62(0.0)        | G62(1.0) | G62(1.0)        | G62(0.0)        | G62(0.0)         | G62(1.0)        | G62(1.0)        |
+----------+----------+-----------------+----------+-----------------+-----------------+------------------+-----------------+-----------------+
| G93      | G93(0.0) | G93(1.0)        | G93(0.0) | G93(1.0)        | G93(0.0)        | G93(1.0)         | G93(0.0)        | G93(1.0)        |
+----------+----------+-----------------+----------+-----------------+-----------------+------------------+-----------------+-----------------+
| G41(0.0) | 0.5      | 0.967532467532  | 0.5      | 0.0415019762846 | 0.0294117647059 | 0.991228070175   | 0.970588235294  | 0.997297297297  |
+----------+----------+-----------------+----------+-----------------+-----------------+------------------+-----------------+-----------------+
| G41(1.0) | 0.5      | 0.0324675324675 | 0.5      | 0.958498023715  | 0.970588235294  | 0.00877192982456 | 0.0294117647059 | 0.0027027027027 |
+----------+----------+-----------------+----------+-----------------+-----------------+------------------+-----------------+-----------------+
+----------+-----------------+-----------------+-----------------+-----------------+----------------+-----------------+-----------------+------------------+
| G10      | G10(0.0)        | G10(0.0)        | G10(0.0)        | G10(0.0)        | G10(1.0)       | G10(1.0)        | G10(1.0)        | G10(1.0)         |
+----------+-----------------+-----------------+-----------------+-----------------+----------------+-----------------+-----------------+------------------+
| G36      | G36(0.0)        | G36(0.0)        | G36(1.0)        | G36(1.0)        | G36(0.0)       | G36(0.0)        | G36(1.0)        | G36(1.0)         |
+----------+-----------------+-----------------+-----------------+-----------------+----------------+-----------------+-----------------+------------------+
| G68      | G68(0.0)        | G68(1.0)        | G68(0.0)        | G68(1.0)        | G68(0.0)       | G68(1.0)        | G68(0.0)        | G68(1.0)         |
+----------+-----------------+-----------------+-----------------+-----------------+----------------+-----------------+-----------------+------------------+
| G42(0.0) | 0.0675675675676 | 0.0187969924812 | 0.0555555555556 | 0.0167785234899 | 0.183168316832 | 0.954148471616  | 0.0138121546961 | 0.00295857988166 |
+----------+-----------------+-----------------+-----------------+-----------------+----------------+-----------------+-----------------+------------------+
| G42(1.0) | 0.932432432432  | 0.981203007519  | 0.944444444444  | 0.98322147651   | 0.816831683168 | 0.0458515283843 | 0.986187845304  | 0.997041420118   |
+----------+-----------------+-----------------+-----------------+-----------------+----------------+-----------------+-----------------+------------------+
+----------+-----------------+-----------------+
| G9       | G9(0.0)         | G9(1.0)         |
+----------+-----------------+-----------------+
| G43(0.0) | 0.0575447570332 | 0.935897435897  |
+----------+-----------------+-----------------+
| G43(1.0) | 0.942455242967  | 0.0641025641026 |
+----------+-----------------+-----------------+
+----------+-----------------+----------------+----------+-----------------+
| G10      | G10(0.0)        | G10(0.0)       | G10(1.0) | G10(1.0)        |
+----------+-----------------+----------------+----------+-----------------+
| G43      | G43(0.0)        | G43(1.0)       | G43(0.0) | G43(1.0)        |
+----------+-----------------+----------------+----------+-----------------+
| G44(0.0) | 0.97311827957   | 0.207865168539 | 0.42     | 0.0467075038285 |
+----------+-----------------+----------------+----------+-----------------+
| G44(1.0) | 0.0268817204301 | 0.792134831461 | 0.58     | 0.953292496172  |
+----------+-----------------+----------------+----------+-----------------+
+----------+----------------+-----------------+
| G43      | G43(0.0)       | G43(1.0)        |
+----------+----------------+-----------------+
| G45(0.0) | 0.449152542373 | 0.0121293800539 |
+----------+----------------+-----------------+
| G45(1.0) | 0.550847457627 | 0.987870619946  |
+----------+----------------+-----------------+
+----------+----------------+-----------------+
| G60      | G60(0.0)       | G60(1.0)        |
+----------+----------------+-----------------+
| G46(0.0) | 0.414893617021 | 0.0916955017301 |
+----------+----------------+-----------------+
| G46(1.0) | 0.585106382979 | 0.90830449827   |
+----------+----------------+-----------------+
+----------+----------------+-----------------+-----------------+-----------------+
| G37      | G37(0.0)       | G37(0.0)        | G37(1.0)        | G37(1.0)        |
+----------+----------------+-----------------+-----------------+-----------------+
| G46      | G46(0.0)       | G46(1.0)        | G46(0.0)        | G46(1.0)        |
+----------+----------------+-----------------+-----------------+-----------------+
| G47(0.0) | 0.825581395349 | 0.0973154362416 | 0.0609756097561 | 0.0120147874307 |
+----------+----------------+-----------------+-----------------+-----------------+
| G47(1.0) | 0.174418604651 | 0.902684563758  | 0.939024390244  | 0.987985212569  |
+----------+----------------+-----------------+-----------------+-----------------+
+----------+----------------+----------------+----------------+-----------------+
| G52      | G52(0.0)       | G52(0.0)       | G52(1.0)       | G52(1.0)        |
+----------+----------------+----------------+----------------+-----------------+
| G53      | G53(0.0)       | G53(1.0)       | G53(0.0)       | G53(1.0)        |
+----------+----------------+----------------+----------------+-----------------+
| G48(0.0) | 0.793577981651 | 0.722222222222 | 0.284946236559 | 0.0100154083205 |
+----------+----------------+----------------+----------------+-----------------+
| G48(1.0) | 0.206422018349 | 0.277777777778 | 0.715053763441 | 0.98998459168   |
+----------+----------------+----------------+----------------+-----------------+
+----------+-----------------+----------------+----------------+----------------+----------------+----------------+-----------------+-----------------+
| G28      | G28(0.0)        | G28(0.0)       | G28(0.0)       | G28(0.0)       | G28(1.0)       | G28(1.0)       | G28(1.0)        | G28(1.0)        |
+----------+-----------------+----------------+----------------+----------------+----------------+----------------+-----------------+-----------------+
| G46      | G46(0.0)        | G46(0.0)       | G46(1.0)       | G46(1.0)       | G46(0.0)       | G46(0.0)       | G46(1.0)        | G46(1.0)        |
+----------+-----------------+----------------+----------------+----------------+----------------+----------------+-----------------+-----------------+
| G47      | G47(0.0)        | G47(1.0)       | G47(0.0)       | G47(1.0)       | G47(0.0)       | G47(1.0)       | G47(0.0)        | G47(1.0)        |
+----------+-----------------+----------------+----------------+----------------+----------------+----------------+-----------------+-----------------+
| G49(0.0) | 0.981203007519  | 0.696721311475 | 0.807692307692 | 0.424882629108 | 0.782352941176 | 0.827868852459 | 0.913793103448  | 0.0306666666667 |
+----------+-----------------+----------------+----------------+----------------+----------------+----------------+-----------------+-----------------+
| G49(1.0) | 0.0187969924812 | 0.303278688525 | 0.192307692308 | 0.575117370892 | 0.217647058824 | 0.172131147541 | 0.0862068965517 | 0.969333333333  |
+----------+-----------------+----------------+----------------+----------------+----------------+----------------+-----------------+-----------------+
+----------+----------+-----------------+---------------+----------+
| G63      | G63(0.0) | G63(0.0)        | G63(1.0)      | G63(1.0) |
+----------+----------+-----------------+---------------+----------+
| G66      | G66(0.0) | G66(1.0)        | G66(0.0)      | G66(1.0) |
+----------+----------+-----------------+---------------+----------+
| G75(0.0) | 0.9      | 0.0862068965517 | 0.27304964539 | 0.0296   |
+----------+----------+-----------------+---------------+----------+
| G75(1.0) | 0.1      | 0.913793103448  | 0.72695035461 | 0.9704   |
+----------+----------+-----------------+---------------+----------+
+----------+----------+----------------+----------------+-----------------+-----------------+----------------+-----------------+----------------+
| G37      | G37(0.0) | G37(0.0)       | G37(0.0)       | G37(0.0)        | G37(1.0)        | G37(1.0)       | G37(1.0)        | G37(1.0)       |
+----------+----------+----------------+----------------+-----------------+-----------------+----------------+-----------------+----------------+
| G64      | G64(0.0) | G64(0.0)       | G64(1.0)       | G64(1.0)        | G64(0.0)        | G64(0.0)       | G64(1.0)        | G64(1.0)       |
+----------+----------+----------------+----------------+-----------------+-----------------+----------------+-----------------+----------------+
| G71      | G71(0.0) | G71(1.0)       | G71(0.0)       | G71(1.0)        | G71(0.0)        | G71(1.0)       | G71(0.0)        | G71(1.0)       |
+----------+----------+----------------+----------------+-----------------+-----------------+----------------+-----------------+----------------+
| G74(0.0) | 0.5      | 0.816831683168 | 0.256345177665 | 0.0415019762846 | 0.925531914894  | 0.349056603774 | 0.955368693402  | 0.337563451777 |
+----------+----------+----------------+----------------+-----------------+-----------------+----------------+-----------------+----------------+
| G74(1.0) | 0.5      | 0.183168316832 | 0.743654822335 | 0.958498023715  | 0.0744680851064 | 0.650943396226 | 0.0446313065977 | 0.662436548223 |
+----------+----------+----------------+----------------+-----------------+-----------------+----------------+-----------------+----------------+
+----------+----------------+----------------+----------------+----------------+-----------------+-----------------+-----------------+----------------+
| G72      | G72(0.0)       | G72(0.0)       | G72(0.0)       | G72(0.0)       | G72(1.0)        | G72(1.0)        | G72(1.0)        | G72(1.0)       |
+----------+----------------+----------------+----------------+----------------+-----------------+-----------------+-----------------+----------------+
| G76      | G76(0.0)       | G76(0.0)       | G76(1.0)       | G76(1.0)       | G76(0.0)        | G76(0.0)        | G76(1.0)        | G76(1.0)       |
+----------+----------------+----------------+----------------+----------------+-----------------+-----------------+-----------------+----------------+
| G90      | G90(0.0)       | G90(1.0)       | G90(0.0)       | G90(1.0)       | G90(0.0)        | G90(1.0)        | G90(0.0)        | G90(1.0)       |
+----------+----------------+----------------+----------------+----------------+-----------------+-----------------+-----------------+----------------+
| G77(0.0) | 0.243119266055 | 0.358156028369 | 0.344155844156 | 0.911361410382 | 0.0471698113208 | 0.0138121546961 | 0.0862068965517 | 0.316513761468 |
+----------+----------------+----------------+----------------+----------------+-----------------+-----------------+-----------------+----------------+
| G77(1.0) | 0.756880733945 | 0.641843971631 | 0.655844155844 | 0.088638589618 | 0.952830188679  | 0.986187845304  | 0.913793103448  | 0.683486238532 |
+----------+----------------+----------------+----------------+----------------+-----------------+-----------------+-----------------+----------------+
+----------+-----------------+----------------+----------------+-----------------+----------------+----------------+----------+-----------------+
| G41      | G41(0.0)        | G41(0.0)       | G41(0.0)       | G41(0.0)        | G41(1.0)       | G41(1.0)       | G41(1.0) | G41(1.0)        |
+----------+-----------------+----------------+----------------+-----------------+----------------+----------------+----------+-----------------+
| G72      | G72(0.0)        | G72(0.0)       | G72(1.0)       | G72(1.0)        | G72(0.0)       | G72(0.0)       | G72(1.0) | G72(1.0)        |
+----------+-----------------+----------------+----------------+-----------------+----------------+----------------+----------+-----------------+
| G88      | G88(0.0)        | G88(1.0)       | G88(0.0)       | G88(1.0)        | G88(0.0)       | G88(1.0)       | G88(0.0) | G88(1.0)        |
+----------+-----------------+----------------+----------------+-----------------+----------------+----------------+----------+-----------------+
| G76(0.0) | 0.0631528964862 | 0.565573770492 | 0.518099547511 | 0.944444444444  | 0.471631205674 | 0.887096774194 | 0.5      | 0.952830188679  |
+----------+-----------------+----------------+----------------+-----------------+----------------+----------------+----------+-----------------+
| G76(1.0) | 0.936847103514  | 0.434426229508 | 0.481900452489 | 0.0555555555556 | 0.528368794326 | 0.112903225806 | 0.5      | 0.0471698113208 |
+----------+-----------------+----------------+----------------+-----------------+----------------+----------------+----------+-----------------+
+----------+----------------+----------------+-----------------+-----------------+-----------------+-----------------+-----------------+----------------+
| G1       | G1(0.0)        | G1(0.0)        | G1(0.0)         | G1(0.0)         | G1(1.0)         | G1(1.0)         | G1(1.0)         | G1(1.0)        |
+----------+----------------+----------------+-----------------+-----------------+-----------------+-----------------+-----------------+----------------+
| G37      | G37(0.0)       | G37(0.0)       | G37(1.0)        | G37(1.0)        | G37(0.0)        | G37(0.0)        | G37(1.0)        | G37(1.0)       |
+----------+----------------+----------------+-----------------+-----------------+-----------------+-----------------+-----------------+----------------+
| G42      | G42(0.0)       | G42(1.0)       | G42(0.0)        | G42(1.0)        | G42(0.0)        | G42(1.0)        | G42(0.0)        | G42(1.0)       |
+----------+----------------+----------------+-----------------+-----------------+-----------------+-----------------+-----------------+----------------+
| G71(0.0) | 0.963768115942 | 0.198924731183 | 0.913793103448  | 0.928044280443  | 0.977064220183  | 0.0368421052632 | 0.944444444444  | 0.326714801444 |
+----------+----------------+----------------+-----------------+-----------------+-----------------+-----------------+-----------------+----------------+
| G71(1.0) | 0.036231884058 | 0.801075268817 | 0.0862068965517 | 0.0719557195572 | 0.0229357798165 | 0.963157894737  | 0.0555555555556 | 0.673285198556 |
+----------+----------------+----------------+-----------------+-----------------+-----------------+-----------------+-----------------+----------------+
+----------+-----------------+----------+------------------+----------------+
| G12      | G12(0.0)        | G12(0.0) | G12(1.0)         | G12(1.0)       |
+----------+-----------------+----------+------------------+----------------+
| G72      | G72(0.0)        | G72(1.0) | G72(0.0)         | G72(1.0)       |
+----------+-----------------+----------+------------------+----------------+
| G70(0.0) | 0.965753424658  | 0.42     | 0.995840266223   | 0.885093167702 |
+----------+-----------------+----------+------------------+----------------+
| G70(1.0) | 0.0342465753425 | 0.58     | 0.00415973377704 | 0.114906832298 |
+----------+-----------------+----------+------------------+----------------+
+----------+----------------+-----------------+----------+-----------------+
| G37      | G37(0.0)       | G37(0.0)        | G37(1.0) | G37(1.0)        |
+----------+----------------+-----------------+----------+-----------------+
| G69      | G69(0.0)       | G69(1.0)        | G69(0.0) | G69(1.0)        |
+----------+----------------+-----------------+----------+-----------------+
| G73(0.0) | 0.384393063584 | 0.97619047619   | 0.5      | 0.995412844037  |
+----------+----------------+-----------------+----------+-----------------+
| G73(1.0) | 0.615606936416 | 0.0238095238095 | 0.5      | 0.0045871559633 |
+----------+----------------+-----------------+----------+-----------------+
+----------+-----------------+------------------+----------------+----------------+
| G23      | G23(0.0)        | G23(0.0)         | G23(1.0)       | G23(1.0)       |
+----------+-----------------+------------------+----------------+----------------+
| G37      | G37(0.0)        | G37(1.0)         | G37(0.0)       | G37(1.0)       |
+----------+-----------------+------------------+----------------+----------------+
| G72(0.0) | 0.967532467532  | 0.993946731235   | 0.231343283582 | 0.843195266272 |
+----------+-----------------+------------------+----------------+----------------+
| G72(1.0) | 0.0324675324675 | 0.00605326876513 | 0.768656716418 | 0.156804733728 |
+----------+-----------------+------------------+----------------+----------------+
+----------+----------------+----------------+-----------------+----------------+
| G78      | G78(0.0)       | G78(0.0)       | G78(1.0)        | G78(1.0)       |
+----------+----------------+----------------+-----------------+----------------+
| G94      | G94(0.0)       | G94(1.0)       | G94(0.0)        | G94(1.0)       |
+----------+----------------+----------------+-----------------+----------------+
| G79(0.0) | 0.152173913043 | 0.880027739251 | 0.0471698113208 | 0.147058823529 |
+----------+----------------+----------------+-----------------+----------------+
| G79(1.0) | 0.847826086957 | 0.119972260749 | 0.952830188679  | 0.852941176471 |
+----------+----------------+----------------+-----------------+----------------+
+----------+----------------+----------------+-----------------+-----------------+
| G63      | G63(0.0)       | G63(0.0)       | G63(1.0)        | G63(1.0)        |
+----------+----------------+----------------+-----------------+-----------------+
| G9       | G9(0.0)        | G9(1.0)        | G9(0.0)         | G9(1.0)         |
+----------+----------------+----------------+-----------------+-----------------+
| G78(0.0) | 0.198113207547 | 0.841463414634 | 0.974622770919  | 0.932432432432  |
+----------+----------------+----------------+-----------------+-----------------+
| G78(1.0) | 0.801886792453 | 0.158536585366 | 0.0253772290809 | 0.0675675675676 |
+----------+----------------+----------------+-----------------+-----------------+
+----------+-----------------+----------------+-----------------+----------------+
| G46      | G46(0.0)        | G46(0.0)       | G46(1.0)        | G46(1.0)       |
+----------+-----------------+----------------+-----------------+----------------+
| G69      | G69(0.0)        | G69(1.0)       | G69(0.0)        | G69(1.0)       |
+----------+-----------------+----------------+-----------------+----------------+
| G68(0.0) | 0.0890410958904 | 0.561855670103 | 0.0182481751825 | 0.214285714286 |
+----------+-----------------+----------------+-----------------+----------------+
| G68(1.0) | 0.91095890411   | 0.438144329897 | 0.981751824818  | 0.785714285714 |
+----------+-----------------+----------------+-----------------+----------------+
+----------+-----------------+----------------+----------+-----------------+
| G37      | G37(0.0)        | G37(0.0)       | G37(1.0) | G37(1.0)        |
+----------+-----------------+----------------+----------+-----------------+
| G48      | G48(0.0)        | G48(1.0)       | G48(0.0) | G48(1.0)        |
+----------+-----------------+----------------+----------+-----------------+
| G69(0.0) | 0.935643564356  | 0.443502824859 | 0.74     | 0.0332136445242 |
+----------+-----------------+----------------+----------+-----------------+
| G69(1.0) | 0.0643564356436 | 0.556497175141 | 0.26     | 0.966786355476  |
+----------+-----------------+----------------+----------+-----------------+
+----------+----------------+------------------+----------------+----------------+----------+-----------------+----------+----------------+
| G21      | G21(0.0)       | G21(0.0)         | G21(0.0)       | G21(0.0)       | G21(1.0) | G21(1.0)        | G21(1.0) | G21(1.0)       |
+----------+----------------+------------------+----------------+----------------+----------+-----------------+----------+----------------+
| G36      | G36(0.0)       | G36(0.0)         | G36(1.0)       | G36(1.0)       | G36(0.0) | G36(0.0)        | G36(1.0) | G36(1.0)       |
+----------+----------------+------------------+----------------+----------------+----------+-----------------+----------+----------------+
| G43      | G43(0.0)       | G43(1.0)         | G43(0.0)       | G43(1.0)       | G43(0.0) | G43(1.0)        | G43(0.0) | G43(1.0)       |
+----------+----------------+------------------+----------------+----------------+----------+-----------------+----------+----------------+
| G62(0.0) | 0.036231884058 | 0.00733137829912 | 0.984076433121 | 0.135233160622 | 0.5      | 0.970588235294  | 0.5      | 0.801075268817 |
+----------+----------------+------------------+----------------+----------------+----------+-----------------+----------+----------------+
| G62(1.0) | 0.963768115942 | 0.992668621701   | 0.015923566879 | 0.864766839378 | 0.5      | 0.0294117647059 | 0.5      | 0.198924731183 |
+----------+----------------+------------------+----------------+----------------+----------+-----------------+----------+----------------+
+----------+----------------+----------------+----------------+-----------------+
| G44      | G44(0.0)       | G44(0.0)       | G44(1.0)       | G44(1.0)        |
+----------+----------------+----------------+----------------+-----------------+
| G64      | G64(0.0)       | G64(1.0)       | G64(0.0)       | G64(1.0)        |
+----------+----------------+----------------+----------------+-----------------+
| G63(0.0) | 0.694690265487 | 0.175675675676 | 0.175675675676 | 0.0037147102526 |
+----------+----------------+----------------+----------------+-----------------+
| G63(1.0) | 0.305309734513 | 0.824324324324 | 0.824324324324 | 0.996285289747  |
+----------+----------------+----------------+----------------+-----------------+
+----------+----------------+----------------+-----------------+----------------+
| G21      | G21(0.0)       | G21(0.0)       | G21(1.0)        | G21(1.0)       |
+----------+----------------+----------------+-----------------+----------------+
| G65      | G65(0.0)       | G65(1.0)       | G65(0.0)        | G65(1.0)       |
+----------+----------------+----------------+-----------------+----------------+
| G60(0.0) | 0.514598540146 | 0.201112877583 | 0.961538461538  | 0.775862068966 |
+----------+----------------+----------------+-----------------+----------------+
| G60(1.0) | 0.485401459854 | 0.798887122417 | 0.0384615384615 | 0.224137931034 |
+----------+----------------+----------------+-----------------+----------------+
+----------+----------------+-----------------+-----------------+----------------+
| G66      | G66(0.0)       | G66(0.0)        | G66(1.0)        | G66(1.0)       |
+----------+----------------+-----------------+-----------------+----------------+
| G88      | G88(0.0)       | G88(1.0)        | G88(0.0)        | G88(1.0)       |
+----------+----------------+-----------------+-----------------+----------------+
| G61(0.0) | 0.453488372093 | 0.915584415584  | 0.982644628099  | 0.867346938776 |
+----------+----------------+-----------------+-----------------+----------------+
| G61(1.0) | 0.546511627907 | 0.0844155844156 | 0.0173553719008 | 0.132653061224 |
+----------+----------------+-----------------+-----------------+----------------+
+----------+----------------+----------+----------+-----------------+-----------------+----------------+----------------+---------------+
| G18      | G18(0.0)       | G18(0.0) | G18(0.0) | G18(0.0)        | G18(1.0)        | G18(1.0)       | G18(1.0)       | G18(1.0)      |
+----------+----------------+----------+----------+-----------------+-----------------+----------------+----------------+---------------+
| G36      | G36(0.0)       | G36(0.0) | G36(1.0) | G36(1.0)        | G36(0.0)        | G36(0.0)       | G36(1.0)       | G36(1.0)      |
+----------+----------------+----------+----------+-----------------+-----------------+----------------+----------------+---------------+
| G51      | G51(0.0)       | G51(1.0) | G51(0.0) | G51(1.0)        | G51(0.0)        | G51(1.0)       | G51(0.0)       | G51(1.0)      |
+----------+----------------+----------+----------+-----------------+-----------------+----------------+----------------+---------------+
| G66(0.0) | 0.963768115942 | 0.5      | 0.02     | 0.0675675675676 | 0.97311827957   | 0.127627627628 | 0.765193370166 | 0.07582668187 |
+----------+----------------+----------+----------+-----------------+-----------------+----------------+----------------+---------------+
| G66(1.0) | 0.036231884058 | 0.5      | 0.98     | 0.932432432432  | 0.0268817204301 | 0.872372372372 | 0.234806629834 | 0.92417331813 |
+----------+----------------+----------+----------+-----------------+-----------------+----------------+----------------+---------------+
+----------+----------------+----------------+----------+----------------+
| G24      | G24(0.0)       | G24(0.0)       | G24(1.0) | G24(1.0)       |
+----------+----------------+----------------+----------+----------------+
| G66      | G66(0.0)       | G66(1.0)       | G66(0.0) | G66(1.0)       |
+----------+----------------+----------------+----------+----------------+
| G67(0.0) | 0.524691358025 | 0.349829351536 | 0.436    | 0.139889196676 |
+----------+----------------+----------------+----------+----------------+
| G67(1.0) | 0.475308641975 | 0.650170648464 | 0.564    | 0.860110803324 |
+----------+----------------+----------------+----------+----------------+
+----------+-----------------+----------------+----------------+-----------------+
| G43      | G43(0.0)        | G43(0.0)       | G43(1.0)       | G43(1.0)        |
+----------+-----------------+----------------+----------------+-----------------+
| G44      | G44(0.0)        | G44(1.0)       | G44(0.0)       | G44(1.0)        |
+----------+-----------------+----------------+----------------+-----------------+
| G64(0.0) | 0.935643564356  | 0.147058823529 | 0.377551020408 | 0.0497835497835 |
+----------+-----------------+----------------+----------------+-----------------+
| G64(1.0) | 0.0643564356436 | 0.852941176471 | 0.622448979592 | 0.950216450216  |
+----------+-----------------+----------------+----------------+-----------------+
+----------+----------------+----------------+
| G21      | G21(0.0)       | G21(1.0)       |
+----------+----------------+----------------+
| G65(0.0) | 0.178851174935 | 0.691489361702 |
+----------+----------------+----------------+
| G65(1.0) | 0.821148825065 | 0.308510638298 |
+----------+----------------+----------------+
+-----------+-----------------+-----------------+----------------+------------------+
| G27       | G27(0.0)        | G27(0.0)        | G27(1.0)       | G27(1.0)         |
+-----------+-----------------+-----------------+----------------+------------------+
| G90       | G90(0.0)        | G90(1.0)        | G90(0.0)       | G90(1.0)         |
+-----------+-----------------+-----------------+----------------+------------------+
| G100(0.0) | 0.0609756097561 | 0.0438596491228 | 0.887096774194 | 0.00373692077728 |
+-----------+-----------------+-----------------+----------------+------------------+
| G100(1.0) | 0.939024390244  | 0.956140350877  | 0.112903225806 | 0.996263079223   |
+-----------+-----------------+-----------------+----------------+------------------+
+----------+----------------+-----------------+-----------------+------------------+
| G44      | G44(0.0)       | G44(0.0)        | G44(1.0)        | G44(1.0)         |
+----------+----------------+-----------------+-----------------+------------------+
| G85      | G85(0.0)       | G85(1.0)        | G85(0.0)        | G85(1.0)         |
+----------+----------------+-----------------+-----------------+------------------+
| G19(0.0) | 0.158536585366 | 0.977064220183  | 0.944444444444  | 0.99022556391    |
+----------+----------------+-----------------+-----------------+------------------+
| G19(1.0) | 0.841463414634 | 0.0229357798165 | 0.0555555555556 | 0.00977443609023 |
+----------+----------------+-----------------+-----------------+------------------+
+----------+----------------+----------------+-----------------+----------------+
| G46      | G46(0.0)       | G46(0.0)       | G46(1.0)        | G46(1.0)       |
+----------+----------------+----------------+-----------------+----------------+
| G60      | G60(0.0)       | G60(1.0)       | G60(0.0)        | G60(1.0)       |
+----------+----------------+----------------+-----------------+----------------+
| G18(0.0) | 0.807692307692 | 0.122641509434 | 0.0636363636364 | 0.012380952381 |
+----------+----------------+----------------+-----------------+----------------+
| G18(1.0) | 0.192307692308 | 0.877358490566 | 0.936363636364  | 0.987619047619 |
+----------+----------------+----------------+-----------------+----------------+
+----------+----------------+-----------------+----------+----------------+
| G44      | G44(0.0)       | G44(0.0)        | G44(1.0) | G44(1.0)       |
+----------+----------------+-----------------+----------+----------------+
| G85      | G85(0.0)       | G85(1.0)        | G85(0.0) | G85(1.0)       |
+----------+----------------+-----------------+----------+----------------+
| G17(0.0) | 0.841463414634 | 0.0596330275229 | 0.5      | 0.244360902256 |
+----------+----------------+-----------------+----------+----------------+
| G17(1.0) | 0.158536585366 | 0.940366972477  | 0.5      | 0.755639097744 |
+----------+----------------+-----------------+----------+----------------+
+----------+----------------+-----------------+----------+-----------------+
| G36      | G36(0.0)       | G36(0.0)        | G36(1.0) | G36(1.0)        |
+----------+----------------+-----------------+----------+-----------------+
| G41      | G41(0.0)       | G41(1.0)        | G41(0.0) | G41(1.0)        |
+----------+----------------+-----------------+----------+-----------------+
| G16(0.0) | 0.160606060606 | 0.970588235294  | 0.98     | 0.970588235294  |
+----------+----------------+-----------------+----------+-----------------+
| G16(1.0) | 0.839393939394 | 0.0294117647059 | 0.02     | 0.0294117647059 |
+----------+----------------+-----------------+----------+-----------------+
+----------+------------------+----------+
| G82      | G82(0.0)         | G82(1.0) |
+----------+------------------+----------+
| G15(0.0) | 0.993827160494   | 0.66     |
+----------+------------------+----------+
| G15(1.0) | 0.00617283950617 | 0.34     |
+----------+------------------+----------+
+----------+----------------+-----------------+-----------------+------------------+
| G56      | G56(0.0)       | G56(0.0)        | G56(1.0)        | G56(1.0)         |
+----------+----------------+-----------------+-----------------+------------------+
| G91      | G91(0.0)       | G91(1.0)        | G91(0.0)        | G91(1.0)         |
+----------+----------------+-----------------+-----------------+------------------+
| G14(0.0) | 0.322222222222 | 0.959016393443  | 0.944444444444  | 0.996473906911   |
+----------+----------------+-----------------+-----------------+------------------+
| G14(1.0) | 0.677777777778 | 0.0409836065574 | 0.0555555555556 | 0.00352609308886 |
+----------+----------------+-----------------+-----------------+------------------+
+----------+---+
| G13(0.0) | 1 |
+----------+---+
+----------+-----------------+----------------+-----------------+-----------------+----------+------------------+-----------------+-----------------+
| G10      | G10(0.0)        | G10(0.0)       | G10(0.0)        | G10(0.0)        | G10(1.0) | G10(1.0)         | G10(1.0)        | G10(1.0)        |
+----------+-----------------+----------------+-----------------+-----------------+----------+------------------+-----------------+-----------------+
| G53      | G53(0.0)        | G53(0.0)       | G53(1.0)        | G53(1.0)        | G53(0.0) | G53(0.0)         | G53(1.0)        | G53(1.0)        |
+----------+-----------------+----------------+-----------------+-----------------+----------+------------------+-----------------+-----------------+
| G93      | G93(0.0)        | G93(1.0)       | G93(0.0)        | G93(1.0)        | G93(0.0) | G93(1.0)         | G93(0.0)        | G93(1.0)        |
+----------+-----------------+----------------+-----------------+-----------------+----------+------------------+-----------------+-----------------+
| G12(0.0) | 0.0555555555556 | 0.152173913043 | 0.0268817204301 | 0.933121019108  | 0.5      | 0.00877192982456 | 0.0675675675676 | 0.0257531584062 |
+----------+-----------------+----------------+-----------------+-----------------+----------+------------------+-----------------+-----------------+
| G12(1.0) | 0.944444444444  | 0.847826086957 | 0.97311827957   | 0.0668789808917 | 0.5      | 0.991228070175   | 0.932432432432  | 0.974246841594  |
+----------+-----------------+----------------+-----------------+-----------------+----------+------------------+-----------------+-----------------+
+----------+---+
| G11(0.0) | 1 |
+----------+---+
+----------+----------------+-----------+-----------+-----------------+-----------+---------------+-----------+-----------------+
| G100     | G100(0.0)      | G100(0.0) | G100(0.0) | G100(0.0)       | G100(1.0) | G100(1.0)     | G100(1.0) | G100(1.0)       |
+----------+----------------+-----------+-----------+-----------------+-----------+---------------+-----------+-----------------+
| G4       | G4(0.0)        | G4(0.0)   | G4(1.0)   | G4(1.0)         | G4(0.0)   | G4(0.0)       | G4(1.0)   | G4(1.0)         |
+----------+----------------+-----------+-----------+-----------------+-----------+---------------+-----------+-----------------+
| G43      | G43(0.0)       | G43(1.0)  | G43(0.0)  | G43(1.0)        | G43(0.0)  | G43(1.0)      | G43(0.0)  | G43(1.0)        |
+----------+----------------+-----------+-----------+-----------------+-----------+---------------+-----------+-----------------+
| G10(0.0) | 0.594117647059 | 0.5       | 0.5       | 0.970588235294  | 0.5       | 0.43984962406 | 0.98      | 0.0273592386994 |
+----------+----------------+-----------+-----------+-----------------+-----------+---------------+-----------+-----------------+
| G10(1.0) | 0.405882352941 | 0.5       | 0.5       | 0.0294117647059 | 0.5       | 0.56015037594 | 0.02      | 0.972640761301  |
+----------+----------------+-----------+-----------+-----------------+-----------+---------------+-----------+-----------------+
+----------+----------------+----------------+
| G65      | G65(0.0)       | G65(1.0)       |
+----------+----------------+----------------+
| G97(0.0) | 0.381188118812 | 0.293313069909 |
+----------+----------------+----------------+
| G97(1.0) | 0.618811881188 | 0.706686930091 |
+----------+----------------+----------------+
+----------+-----------------+-----------------+----------------+----------------+
| G26      | G26(0.0)        | G26(0.0)        | G26(1.0)       | G26(1.0)       |
+----------+-----------------+-----------------+----------------+----------------+
| G88      | G88(0.0)        | G88(1.0)        | G88(0.0)       | G88(1.0)       |
+----------+-----------------+-----------------+----------------+----------------+
| G96(0.0) | 0.0555555555556 | 0.932432432432  | 0.212626995646 | 0.567415730337 |
+----------+-----------------+-----------------+----------------+----------------+
| G96(1.0) | 0.944444444444  | 0.0675675675676 | 0.787373004354 | 0.432584269663 |
+----------+-----------------+-----------------+----------------+----------------+
+----------+----------------+----------------+----------------+------------------+
| G93      | G93(0.0)       | G93(0.0)       | G93(1.0)       | G93(1.0)         |
+----------+----------------+----------------+----------------+------------------+
| G94      | G94(0.0)       | G94(1.0)       | G94(0.0)       | G94(1.0)         |
+----------+----------------+----------------+----------------+------------------+
| G95(0.0) | 0.801369863014 | 0.147058823529 | 0.377551020408 | 0.00346740638003 |
+----------+----------------+----------------+----------------+------------------+
| G95(1.0) | 0.198630136986 | 0.852941176471 | 0.622448979592 | 0.99653259362    |
+----------+----------------+----------------+----------------+------------------+
+----------+----------------+----------------+----------------+------------------+
| G64      | G64(0.0)       | G64(0.0)       | G64(1.0)       | G64(1.0)         |
+----------+----------------+----------------+----------------+------------------+
| G93      | G93(0.0)       | G93(1.0)       | G93(0.0)       | G93(1.0)         |
+----------+----------------+----------------+----------------+------------------+
| G94(0.0) | 0.963768115942 | 0.524691358025 | 0.309523809524 | 0.00943396226415 |
+----------+----------------+----------------+----------------+------------------+
| G94(1.0) | 0.036231884058 | 0.475308641975 | 0.690476190476 | 0.990566037736   |
+----------+----------------+----------------+----------------+------------------+
+----------+-----------------+-----------------+
| G9       | G9(0.0)         | G9(1.0)         |
+----------+-----------------+-----------------+
| G93(0.0) | 0.0217391304348 | 0.935897435897  |
+----------+-----------------+-----------------+
| G93(1.0) | 0.978260869565  | 0.0641025641026 |
+----------+-----------------+-----------------+
+----------+----------+----------------+----------+------------------+
| G64      | G64(0.0) | G64(0.0)       | G64(1.0) | G64(1.0)         |
+----------+----------+----------------+----------+------------------+
| G91      | G91(0.0) | G91(1.0)       | G91(0.0) | G91(1.0)         |
+----------+----------+----------------+----------+------------------+
| G92(0.0) | 0.9      | 0.170588235294 | 0.1      | 0.00948905109489 |
+----------+----------+----------------+----------+------------------+
| G92(1.0) | 0.1      | 0.829411764706 | 0.9      | 0.990510948905   |
+----------+----------+----------------+----------+------------------+
+----------+----------------+-----------------+-----------------+-----------------+
| G43      | G43(0.0)       | G43(0.0)        | G43(1.0)        | G43(1.0)        |
+----------+----------------+-----------------+-----------------+-----------------+
| G76      | G76(0.0)       | G76(1.0)        | G76(0.0)        | G76(1.0)        |
+----------+----------------+-----------------+-----------------+-----------------+
| G91(0.0) | 0.144444444444 | 0.91095890411   | 0.0126903553299 | 0.0266055045872 |
+----------+----------------+-----------------+-----------------+-----------------+
| G91(1.0) | 0.855555555556 | 0.0890410958904 | 0.98730964467   | 0.973394495413  |
+----------+----------------+-----------------+-----------------+-----------------+
+----------+----------+-----------------+----------+-----------------+-----------------+------------------+----------------+-----------------+
| G5       | G5(0.0)  | G5(0.0)         | G5(0.0)  | G5(0.0)         | G5(1.0)         | G5(1.0)          | G5(1.0)        | G5(1.0)         |
+----------+----------+-----------------+----------+-----------------+-----------------+------------------+----------------+-----------------+
| G62      | G62(0.0) | G62(0.0)        | G62(1.0) | G62(1.0)        | G62(0.0)        | G62(0.0)         | G62(1.0)       | G62(1.0)        |
+----------+----------+-----------------+----------+-----------------+-----------------+------------------+----------------+-----------------+
| G83      | G83(0.0) | G83(1.0)        | G83(0.0) | G83(1.0)        | G83(0.0)        | G83(1.0)         | G83(0.0)       | G83(1.0)        |
+----------+----------+-----------------+----------+-----------------+-----------------+------------------+----------------+-----------------+
| G90(0.0) | 0.5      | 0.0294117647059 | 0.5      | 0.970588235294  | 0.970588235294  | 0.00902527075812 | 0.876470588235 | 0.0169258920403 |
+----------+----------+-----------------+----------+-----------------+-----------------+------------------+----------------+-----------------+
| G90(1.0) | 0.5      | 0.970588235294  | 0.5      | 0.0294117647059 | 0.0294117647059 | 0.990974729242   | 0.123529411765 | 0.98307410796   |
+----------+----------+-----------------+----------+-----------------+-----------------+------------------+----------------+-----------------+
+----------+----------------+-----------------+----------------+----------------+
| G21      | G21(0.0)       | G21(0.0)        | G21(1.0)       | G21(1.0)       |
+----------+----------------+-----------------+----------------+----------------+
| G98      | G98(0.0)       | G98(1.0)        | G98(0.0)       | G98(1.0)       |
+----------+----------------+-----------------+----------------+----------------+
| G99(0.0) | 0.233333333333 | 0.0145631067961 | 0.876470588235 | 0.722222222222 |
+----------+----------------+-----------------+----------------+----------------+
| G99(1.0) | 0.766666666667 | 0.985436893204  | 0.123529411765 | 0.277777777778 |
+----------+----------------+-----------------+----------------+----------------+
+----------+----------+
| G98(0.0) | 0.151163 |
+----------+----------+
| G98(1.0) | 0.848837 |
+----------+----------+
+----------+----------------+----------------+----------------+----------------+
| G1       | G1(0.0)        | G1(0.0)        | G1(1.0)        | G1(1.0)        |
+----------+----------------+----------------+----------------+----------------+
| G50      | G50(0.0)       | G50(1.0)       | G50(0.0)       | G50(1.0)       |
+----------+----------------+----------------+----------------+----------------+
| G31(0.0) | 0.671919770774 | 0.199346405229 | 0.861990950226 | 0.777372262774 |
+----------+----------------+----------------+----------------+----------------+
| G31(1.0) | 0.328080229226 | 0.800653594771 | 0.138009049774 | 0.222627737226 |
+----------+----------------+----------------+----------------+----------------+
+----------+----------+-----------------+------------------+----------+
| G26      | G26(0.0) | G26(0.0)        | G26(1.0)         | G26(1.0) |
+----------+----------+-----------------+------------------+----------+
| G34      | G34(0.0) | G34(1.0)        | G34(0.0)         | G34(1.0) |
+----------+----------+-----------------+------------------+----------+
| G30(0.0) | 0.26     | 0.956140350877  | 0.00332005312085 | 0.58     |
+----------+----------+-----------------+------------------+----------+
| G30(1.0) | 0.74     | 0.0438596491228 | 0.996679946879   | 0.42     |
+----------+----------+-----------------+------------------+----------+
+----------+-----------------+----------------+----------------+----------------+
| G51      | G51(0.0)        | G51(0.0)       | G51(1.0)       | G51(1.0)       |
+----------+-----------------+----------------+----------------+----------------+
| G99      | G99(0.0)        | G99(1.0)       | G99(0.0)       | G99(1.0)       |
+----------+-----------------+----------------+----------------+----------------+
| G33(0.0) | 0.0757575757576 | 0.370646766169 | 0.384057971014 | 0.693895870736 |
+----------+-----------------+----------------+----------------+----------------+
| G33(1.0) | 0.924242424242  | 0.629353233831 | 0.615942028986 | 0.306104129264 |
+----------+-----------------+----------------+----------------+----------------+
+----------+---+
| G32(0.0) | 1 |
+----------+---+
+----------+----------------+----------------+-----------------+-----------------+
| G30      | G30(0.0)       | G30(0.0)       | G30(1.0)        | G30(1.0)        |
+----------+----------------+----------------+-----------------+-----------------+
| G51      | G51(0.0)       | G51(1.0)       | G51(0.0)        | G51(1.0)        |
+----------+----------------+----------------+-----------------+-----------------+
| G35(0.0) | 0.716216216216 | 0.158536585366 | 0.0126903553299 | 0.0111111111111 |
+----------+----------------+----------------+-----------------+-----------------+
| G35(1.0) | 0.283783783784 | 0.841463414634 | 0.98730964467   | 0.988888888889  |
+----------+----------------+----------------+-----------------+-----------------+
+----------+----------------+----------------+----------------+------------------+
| G26      | G26(0.0)       | G26(0.0)       | G26(1.0)       | G26(1.0)         |
+----------+----------------+----------------+----------------+------------------+
| G27      | G27(0.0)       | G27(1.0)       | G27(0.0)       | G27(1.0)         |
+----------+----------------+----------------+----------------+------------------+
| G34(0.0) | 0.223076923077 | 0.617647058824 | 0.318181818182 | 0.996644295302   |
+----------+----------------+----------------+----------------+------------------+
| G34(1.0) | 0.776923076923 | 0.382352941176 | 0.681818181818 | 0.00335570469799 |
+----------+----------------+----------------+----------------+------------------+
+----------+----------------+----------------+----------------+-----------------+
| G36      | G36(0.0)       | G36(0.0)       | G36(1.0)       | G36(1.0)        |
+----------+----------------+----------------+----------------+-----------------+
| G46      | G46(0.0)       | G46(1.0)       | G46(0.0)       | G46(1.0)        |
+----------+----------------+----------------+----------------+-----------------+
| G37(0.0) | 0.782352941176 | 0.669696969697 | 0.735294117647 | 0.0733333333333 |
+----------+----------------+----------------+----------------+-----------------+
| G37(1.0) | 0.217647058824 | 0.330303030303 | 0.264705882353 | 0.926666666667  |
+----------+----------------+----------------+----------------+-----------------+
+----------+----------+-----------------+----------+----------------+----------+----------------+-----------------+-----------------+
| G26      | G26(0.0) | G26(0.0)        | G26(0.0) | G26(0.0)       | G26(1.0) | G26(1.0)       | G26(1.0)        | G26(1.0)        |
+----------+----------+-----------------+----------+----------------+----------+----------------+-----------------+-----------------+
| G46      | G46(0.0) | G46(0.0)        | G46(1.0) | G46(1.0)       | G46(0.0) | G46(0.0)       | G46(1.0)        | G46(1.0)        |
+----------+----------+-----------------+----------+----------------+----------+----------------+-----------------+-----------------+
| G5       | G5(0.0)  | G5(1.0)         | G5(0.0)  | G5(1.0)        | G5(0.0)  | G5(1.0)        | G5(0.0)         | G5(1.0)         |
+----------+----------+-----------------+----------+----------------+----------+----------------+-----------------+-----------------+
| G36(0.0) | 0.5      | 0.0294117647059 | 0.5      | 0.963768115942 | 0.5      | 0.663265306122 | 0.984848484848  | 0.0863277826468 |
+----------+----------+-----------------+----------+----------------+----------+----------------+-----------------+-----------------+
| G36(1.0) | 0.5      | 0.970588235294  | 0.5      | 0.036231884058 | 0.5      | 0.336734693878 | 0.0151515151515 | 0.913672217353  |
+----------+----------+-----------------+----------+----------------+----------+----------------+-----------------+-----------------+
+----------+-----------------+-----------------+----------------+-----------------+
| G86      | G86(0.0)        | G86(0.0)        | G86(1.0)       | G86(1.0)        |
+----------+-----------------+-----------------+----------------+-----------------+
| G90      | G90(0.0)        | G90(1.0)        | G90(0.0)       | G90(1.0)        |
+----------+-----------------+-----------------+----------------+-----------------+
| G39(0.0) | 0.0619047619048 | 0.971287128713  | 0.775862068966 | 0.970588235294  |
+----------+-----------------+-----------------+----------------+-----------------+
| G39(1.0) | 0.938095238095  | 0.0287128712871 | 0.224137931034 | 0.0294117647059 |
+----------+-----------------+-----------------+----------------+-----------------+
+----------+----------------+----------------+------------------+----------------+
| G10      | G10(0.0)       | G10(0.0)       | G10(1.0)         | G10(1.0)       |
+----------+----------------+----------------+------------------+----------------+
| G19      | G19(0.0)       | G19(1.0)       | G19(0.0)         | G19(1.0)       |
+----------+----------------+----------------+------------------+----------------+
| G38(0.0) | 0.983660130719 | 0.224137931034 | 0.990166414523   | 0.617647058824 |
+----------+----------------+----------------+------------------+----------------+
| G38(1.0) | 0.016339869281 | 0.775862068966 | 0.00983358547655 | 0.382352941176 |
+----------+----------------+----------------+------------------+----------------+
+----------+----------------+----------------+----------------+----------+----------------+----------------+----------------+----------+
| G41      | G41(0.0)       | G41(0.0)       | G41(0.0)       | G41(0.0) | G41(1.0)       | G41(1.0)       | G41(1.0)       | G41(1.0) |
+----------+----------------+----------------+----------------+----------+----------------+----------------+----------------+----------+
| G82      | G82(0.0)       | G82(0.0)       | G82(1.0)       | G82(1.0) | G82(0.0)       | G82(0.0)       | G82(1.0)       | G82(1.0) |
+----------+----------------+----------------+----------------+----------+----------------+----------------+----------------+----------+
| G88      | G88(0.0)       | G88(1.0)       | G88(0.0)       | G88(1.0) | G88(0.0)       | G88(1.0)       | G88(0.0)       | G88(1.0) |
+----------+----------------+----------------+----------------+----------+----------------+----------------+----------------+----------+
| G84(0.0) | 0.851867219917 | 0.658415841584 | 0.036231884058 | 0.5      | 0.153179190751 | 0.868794326241 | 0.119047619048 | 0.5      |
+----------+----------------+----------------+----------------+----------+----------------+----------------+----------------+----------+
| G84(1.0) | 0.148132780083 | 0.341584158416 | 0.963768115942 | 0.5      | 0.846820809249 | 0.131205673759 | 0.880952380952 | 0.5      |
+----------+----------------+----------------+----------------+----------+----------------+----------------+----------------+----------+
+----------+----------------+-----------------+
| G83      | G83(0.0)       | G83(1.0)        |
+----------+----------------+-----------------+
| G85(0.0) | 0.811111111111 | 0.0168831168831 |
+----------+----------------+-----------------+
| G85(1.0) | 0.188888888889 | 0.983116883117  |
+----------+----------------+-----------------+
+----------+----------------+----------------+----------------+----------------+
| G53      | G53(0.0)       | G53(0.0)       | G53(1.0)       | G53(1.0)       |
+----------+----------------+----------------+----------------+----------------+
| G60      | G60(0.0)       | G60(1.0)       | G60(0.0)       | G60(1.0)       |
+----------+----------------+----------------+----------------+----------------+
| G86(0.0) | 0.765486725664 | 0.162921348315 | 0.866863905325 | 0.741308793456 |
+----------+----------------+----------------+----------------+----------------+
| G86(1.0) | 0.234513274336 | 0.837078651685 | 0.133136094675 | 0.258691206544 |
+----------+----------------+----------------+----------------+----------------+
+----------+----------------+-----------------+-----------------+----------------+
| G79      | G79(0.0)       | G79(0.0)        | G79(1.0)        | G79(1.0)       |
+----------+----------------+-----------------+-----------------+----------------+
| G85      | G85(0.0)       | G85(1.0)        | G85(0.0)        | G85(1.0)       |
+----------+----------------+-----------------+-----------------+----------------+
| G87(0.0) | 0.233333333333 | 0.94958677686   | 0.0609756097561 | 0.866863905325 |
+----------+----------------+-----------------+-----------------+----------------+
| G87(1.0) | 0.766666666667 | 0.0504132231405 | 0.939024390244  | 0.133136094675 |
+----------+----------------+-----------------+-----------------+----------------+
+----------+----------------+-----------------+
| G63      | G63(0.0)       | G63(1.0)        |
+----------+----------------+-----------------+
| G80(0.0) | 0.606382978723 | 0.993472584856  |
+----------+----------------+-----------------+
| G80(1.0) | 0.393617021277 | 0.0065274151436 |
+----------+----------------+-----------------+
+----------+----------------+----------------+----------+----------------+
| G21      | G21(0.0)       | G21(0.0)       | G21(1.0) | G21(1.0)       |
+----------+----------------+----------------+----------+----------------+
| G7       | G7(0.0)        | G7(1.0)        | G7(0.0)  | G7(1.0)        |
+----------+----------------+----------------+----------+----------------+
| G81(0.0) | 0.852941176471 | 0.158210947931 | 0.5      | 0.747191011236 |
+----------+----------------+----------------+----------+----------------+
| G81(1.0) | 0.147058823529 | 0.841789052069 | 0.5      | 0.252808988764 |
+----------+----------------+----------------+----------+----------------+
+----------+----------------+-----------------+---------+-----------------+
| G2       | G2(0.0)        | G2(0.0)         | G2(1.0) | G2(1.0)         |
+----------+----------------+-----------------+---------+-----------------+
| G8       | G8(0.0)        | G8(1.0)         | G8(0.0) | G8(1.0)         |
+----------+----------------+-----------------+---------+-----------------+
| G82(0.0) | 0.175675675676 | 0.988888888889  | 0.74    | 0.98167539267   |
+----------+----------------+-----------------+---------+-----------------+
| G82(1.0) | 0.824324324324 | 0.0111111111111 | 0.26    | 0.0183246073298 |
+----------+----------------+-----------------+---------+-----------------+
+----------+-----------------+------------------+-----------------+----------------+
| G50      | G50(0.0)        | G50(0.0)         | G50(1.0)        | G50(1.0)       |
+----------+-----------------+------------------+-----------------+----------------+
| G53      | G53(0.0)        | G53(1.0)         | G53(0.0)        | G53(1.0)       |
+----------+-----------------+------------------+-----------------+----------------+
| G83(0.0) | 0.0471698113208 | 0.00483558994197 | 0.0167785234899 | 0.585106382979 |
+----------+-----------------+------------------+-----------------+----------------+
| G83(1.0) | 0.952830188679  | 0.995164410058   | 0.98322147651   | 0.414893617021 |
+----------+-----------------+------------------+-----------------+----------------+
+----------+----------+-----------------+-----------------+-----------------+----------+------------------+----------------+-----------------+
| G42      | G42(0.0) | G42(0.0)        | G42(0.0)        | G42(0.0)        | G42(1.0) | G42(1.0)         | G42(1.0)       | G42(1.0)        |
+----------+----------+-----------------+-----------------+-----------------+----------+------------------+----------------+-----------------+
| G53      | G53(0.0) | G53(0.0)        | G53(1.0)        | G53(1.0)        | G53(0.0) | G53(0.0)         | G53(1.0)       | G53(1.0)        |
+----------+----------+-----------------+-----------------+-----------------+----------+------------------+----------------+-----------------+
| G83      | G83(0.0) | G83(1.0)        | G83(0.0)        | G83(1.0)        | G83(0.0) | G83(1.0)         | G83(0.0)       | G83(1.0)        |
+----------+----------+-----------------+-----------------+-----------------+----------+------------------+----------------+-----------------+
| G88(0.0) | 0.5      | 0.0324675324675 | 0.0294117647059 | 0.970588235294  | 0.5      | 0.992113564669   | 0.311764705882 | 0.975023562677  |
+----------+----------+-----------------+-----------------+-----------------+----------+------------------+----------------+-----------------+
| G88(1.0) | 0.5      | 0.967532467532  | 0.970588235294  | 0.0294117647059 | 0.5      | 0.00788643533123 | 0.688235294118 | 0.0249764373233 |
+----------+----------+-----------------+-----------------+-----------------+----------+------------------+----------------+-----------------+
+----------+----------------+----------------+-----------------+----------------+----------------+----------------+-----------------+-----------------+
| G41      | G41(0.0)       | G41(0.0)       | G41(0.0)        | G41(0.0)       | G41(1.0)       | G41(1.0)       | G41(1.0)        | G41(1.0)        |
+----------+----------------+----------------+-----------------+----------------+----------------+----------------+-----------------+-----------------+
| G71      | G71(0.0)       | G71(0.0)       | G71(1.0)        | G71(1.0)       | G71(0.0)       | G71(0.0)       | G71(1.0)        | G71(1.0)        |
+----------+----------------+----------------+-----------------+----------------+----------------+----------------+-----------------+-----------------+
| G76      | G76(0.0)       | G76(1.0)       | G76(0.0)        | G76(1.0)       | G76(0.0)       | G76(1.0)       | G76(0.0)        | G76(1.0)        |
+----------+----------------+----------------+-----------------+----------------+----------------+----------------+-----------------+-----------------+
| G89(0.0) | 0.782352941176 | 0.899512789281 | 0.0606936416185 | 0.619601328904 | 0.285234899329 | 0.172131147541 | 0.0324675324675 | 0.0471698113208 |
+----------+----------------+----------------+-----------------+----------------+----------------+----------------+-----------------+-----------------+
| G89(1.0) | 0.217647058824 | 0.100487210719 | 0.939306358382  | 0.380398671096 | 0.714765100671 | 0.827868852459 | 0.967532467532  | 0.952830188679  |
+----------+----------------+----------------+-----------------+----------------+----------------+----------------+-----------------+-----------------+
