[('YAL040C', 'YER111C'), ('YAL040C', 'YDL056W'), ('YLR079W', 'YDR146C'), ('YGL116W', 'YPR120C'), ('YGR108W', 'YAL040C'), ('YER111C', 'YMR043W'), ('YER111C', 'YMR199W'), ('YPR120C', 'YLR079W'), ('YPR120C', 'YGL003C'), ('YGL003C', 'YGR108W')]
+------------+------------+
| YGR108W    | YGR108W(1) |
+------------+------------+
| YAL040C(1) | 1.0        |
+------------+------------+
+------------+------------+
| YPR120C    | YPR120C(1) |
+------------+------------+
| YLR079W(1) | 1.0        |
+------------+------------+
+------------+------------+
| YER111C    | YER111C(1) |
+------------+------------+
| YMR199W(0) | 1.0        |
+------------+------------+
+------------+------------+
| YAL040C    | YAL040C(1) |
+------------+------------+
| YDL056W(0) | 1.0        |
+------------+------------+
+------------+---+
| YGL116W(1) | 1 |
+------------+---+
+------------+------------+
| YER111C    | YER111C(1) |
+------------+------------+
| YMR043W(1) | 1.0        |
+------------+------------+
+------------+------------+
| YLR079W    | YLR079W(1) |
+------------+------------+
| YDR146C(0) | 1.0        |
+------------+------------+
+------------+------------+
| YGL003C    | YGL003C(1) |
+------------+------------+
| YGR108W(1) | 1.0        |
+------------+------------+
+------------+------------+
| YAL040C    | YAL040C(1) |
+------------+------------+
| YER111C(1) | 1.0        |
+------------+------------+
+------------+------------+
| YGL116W    | YGL116W(1) |
+------------+------------+
| YPR120C(1) | 1.0        |
+------------+------------+
+------------+------------+
| YPR120C    | YPR120C(1) |
+------------+------------+
| YGL003C(1) | 1.0        |
+------------+------------+
[(('YLR079W', 0), ('YPR120C', 1)), (('YLR079W', 0), ('YGR108W', 1)), (('YDL056W', 1), ('YER111C', 1)), (('YAL040C', 0), ('YGL116W', 1)), (('YAL040C', 0), ('YMR043W', 1)), (('YAL040C', 0), ('YER111C', 1)), (('YER111C', 0), ('YMR199W', 1)), (('YER111C', 0), ('YDL056W', 1)), (('YGR108W', 1), ('YDL056W', 1)), (('YGR108W', 1), ('YDR146C', 1)), (('YPR120C', 0), ('YPR120C', 1)), (('YPR120C', 0), ('YAL040C', 1)), (('YGR108W', 0), ('YDR146C', 1)), (('YGR108W', 0), ('YGR108W', 1)), (('YMR199W', 1), ('YGL116W', 1)), (('YDR146C', 0), ('YGL003C', 1)), (('YGL116W', 1), ('YAL040C', 1)), (('YDL056W', 0), ('YMR043W', 1)), (('YMR199W', 0), ('YMR199W', 1)), (('YMR199W', 0), ('YLR079W', 1)), (('YDR146C', 1), ('YLR079W', 1))]
+----------------+----------------+----------------+----------------+-----------------+
| ('YGL116W', 1) | YGL116W_1(0)   | YGL116W_1(0)   | YGL116W_1(1)   | YGL116W_1(1)    |
+----------------+----------------+----------------+----------------+-----------------+
| ('YPR120C', 0) | YPR120C_0(0)   | YPR120C_0(1)   | YPR120C_0(0)   | YPR120C_0(1)    |
+----------------+----------------+----------------+----------------+-----------------+
| YAL040C(0)     | 0.192307692308 | 0.391891891892 | 0.362068965517 | 0.913793103448  |
+----------------+----------------+----------------+----------------+-----------------+
| YAL040C(1)     | 0.807692307692 | 0.608108108108 | 0.637931034483 | 0.0862068965517 |
+----------------+----------------+----------------+----------------+-----------------+
+----------------+----------------+-----------------+--------------+-----------------+
| ('YDR146C', 1) | YDR146C_1(0)   | YDR146C_1(0)    | YDR146C_1(1) | YDR146C_1(1)    |
+----------------+----------------+-----------------+--------------+-----------------+
| ('YMR199W', 0) | YMR199W_0(0)   | YMR199W_0(1)    | YMR199W_0(0) | YMR199W_0(1)    |
+----------------+----------------+-----------------+--------------+-----------------+
| YLR079W(0)     | 0.192307692308 | 0.0862068965517 | 0.5          | 0.913793103448  |
+----------------+----------------+-----------------+--------------+-----------------+
| YLR079W(1)     | 0.807692307692 | 0.913793103448  | 0.5          | 0.0862068965517 |
+----------------+----------------+-----------------+--------------+-----------------+
+----------------+--------------+----------------+
| ('YDR146C', 0) | YDR146C_0(0) | YDR146C_0(1)   |
+----------------+--------------+----------------+
| YGL003C(0)     | 0.5          | 0.136363636364 |
+----------------+--------------+----------------+
| YGL003C(1)     | 0.5          | 0.863636363636 |
+----------------+--------------+----------------+
+----------------+----------------+--------------+----------------+----------------+
| ('YER111C', 0) | YER111C_0(0)   | YER111C_0(0) | YER111C_0(1)   | YER111C_0(1)   |
+----------------+----------------+--------------+----------------+----------------+
| ('YGR108W', 1) | YGR108W_1(0)   | YGR108W_1(1) | YGR108W_1(0)   | YGR108W_1(1)   |
+----------------+----------------+--------------+----------------+----------------+
| YDL056W(0)     | 0.277777777778 | 0.5          | 0.716216216216 | 0.158536585366 |
+----------------+----------------+--------------+----------------+----------------+
| YDL056W(1)     | 0.722222222222 | 0.5          | 0.283783783784 | 0.841463414634 |
+----------------+----------------+--------------+----------------+----------------+
+----------------+--------------+--------------+-----------------+----------------+
| ('YAL040C', 0) | YAL040C_0(0) | YAL040C_0(0) | YAL040C_0(1)    | YAL040C_0(1)   |
+----------------+--------------+--------------+-----------------+----------------+
| ('YMR199W', 1) | YMR199W_1(0) | YMR199W_1(1) | YMR199W_1(0)    | YMR199W_1(1)   |
+----------------+--------------+--------------+-----------------+----------------+
| YGL116W(0)     | 0.5          | 0.5          | 0.0862068965517 | 0.775862068966 |
+----------------+--------------+--------------+-----------------+----------------+
| YGL116W(1)     | 0.5          | 0.5          | 0.913793103448  | 0.224137931034 |
+----------------+--------------+--------------+-----------------+----------------+
+----------------+----------------+----------------+--------------+----------------+
| ('YAL040C', 0) | YAL040C_0(0)   | YAL040C_0(0)   | YAL040C_0(1) | YAL040C_0(1)   |
+----------------+----------------+----------------+--------------+----------------+
| ('YDL056W', 0) | YDL056W_0(0)   | YDL056W_0(1)   | YDL056W_0(0) | YDL056W_0(1)   |
+----------------+----------------+----------------+--------------+----------------+
| YMR043W(0)     | 0.880952380952 | 0.224137931034 | 0.42         | 0.318181818182 |
+----------------+----------------+----------------+--------------+----------------+
| YMR043W(1)     | 0.119047619048 | 0.775862068966 | 0.58         | 0.681818181818 |
+----------------+----------------+----------------+--------------+----------------+
+----------------+---------------+--------------+--------------+-----------------+
| ('YGR108W', 0) | YGR108W_0(0)  | YGR108W_0(0) | YGR108W_0(1) | YGR108W_0(1)    |
+----------------+---------------+--------------+--------------+-----------------+
| ('YGR108W', 1) | YGR108W_1(0)  | YGR108W_1(1) | YGR108W_1(0) | YGR108W_1(1)    |
+----------------+---------------+--------------+--------------+-----------------+
| YDR146C(0)     | 0.80303030303 | 0.5          | 0.5          | 0.0510204081633 |
+----------------+---------------+--------------+--------------+-----------------+
| YDR146C(1)     | 0.19696969697 | 0.5          | 0.5          | 0.948979591837  |
+----------------+---------------+--------------+--------------+-----------------+
+----------------+----------------+----------------+-----------------+--------------+
| ('YGR108W', 0) | YGR108W_0(0)   | YGR108W_0(0)   | YGR108W_0(1)    | YGR108W_0(1) |
+----------------+----------------+----------------+-----------------+--------------+
| ('YLR079W', 0) | YLR079W_0(0)   | YLR079W_0(1)   | YLR079W_0(0)    | YLR079W_0(1) |
+----------------+----------------+----------------+-----------------+--------------+
| YGR108W(0)     | 0.722222222222 | 0.716216216216 | 0.0609756097561 | 0.5          |
+----------------+----------------+----------------+-----------------+--------------+
| YGR108W(1)     | 0.277777777778 | 0.283783783784 | 0.939024390244  | 0.5          |
+----------------+----------------+----------------+-----------------+--------------+
+----------------+----------------+----------------+--------------+---------------+
| ('YAL040C', 0) | YAL040C_0(0)   | YAL040C_0(0)   | YAL040C_0(1) | YAL040C_0(1)  |
+----------------+----------------+----------------+--------------+---------------+
| ('YDL056W', 1) | YDL056W_1(0)   | YDL056W_1(1)   | YDL056W_1(0) | YDL056W_1(1)  |
+----------------+----------------+----------------+--------------+---------------+
| YER111C(0)     | 0.119047619048 | 0.637931034483 | 0.1          | 0.19696969697 |
+----------------+----------------+----------------+--------------+---------------+
| YER111C(1)     | 0.880952380952 | 0.362068965517 | 0.9          | 0.80303030303 |
+----------------+----------------+----------------+--------------+---------------+
+----------------+----------------+--------------+--------------+----------------+
| ('YLR079W', 0) | YLR079W_0(0)   | YLR079W_0(0) | YLR079W_0(1) | YLR079W_0(1)   |
+----------------+----------------+--------------+--------------+----------------+
| ('YPR120C', 0) | YPR120C_0(0)   | YPR120C_0(1) | YPR120C_0(0) | YPR120C_0(1)   |
+----------------+----------------+--------------+--------------+----------------+
| YPR120C(0)     | 0.775862068966 | 0.5          | 0.5          | 0.144444444444 |
+----------------+----------------+--------------+--------------+----------------+
| YPR120C(1)     | 0.224137931034 | 0.5          | 0.5          | 0.855555555556 |
+----------------+----------------+--------------+--------------+----------------+
+----------------+----------------+----------------+----------------+-----------------+
| ('YER111C', 0) | YER111C_0(0)   | YER111C_0(0)   | YER111C_0(1)   | YER111C_0(1)    |
+----------------+----------------+----------------+----------------+-----------------+
| ('YMR199W', 0) | YMR199W_0(0)   | YMR199W_0(1)   | YMR199W_0(0)   | YMR199W_0(1)    |
+----------------+----------------+----------------+----------------+-----------------+
| YMR199W(0)     | 0.807692307692 | 0.852941176471 | 0.608108108108 | 0.0609756097561 |
+----------------+----------------+----------------+----------------+-----------------+
| YMR199W(1)     | 0.192307692308 | 0.147058823529 | 0.391891891892 | 0.939024390244  |
+----------------+----------------+----------------+----------------+-----------------+
[('YLR079W', 'YPR120C'), ('YLR079W', 'YGR108W'), ('YDL056W', 'YER111C'), ('YAL040C', 'YGL116W'), ('YAL040C', 'YMR043W'), ('YAL040C', 'YER111C'), ('YER111C', 'YMR199W'), ('YER111C', 'YDL056W'), ('YGR108W', 'YDL056W'), ('YGR108W', 'YDR146C'), ('YPR120C', 'YPR120C'), ('YPR120C', 'YAL040C'), ('YGR108W', 'YDR146C'), ('YGR108W', 'YGR108W'), ('YMR199W', 'YGL116W'), ('YDR146C', 'YGL003C'), ('YGL116W', 'YAL040C'), ('YDL056W', 'YMR043W'), ('YMR199W', 'YMR199W'), ('YMR199W', 'YLR079W'), ('YDR146C', 'YLR079W')]
