[('YAL040C', 'YER111C'), ('YAL040C', 'YDL056W'), ('YLR079W', 'YDR146C'), ('YGL116W', 'YPR120C'), ('YGR108W', 'YAL040C'), ('YER111C', 'YMR043W'), ('YER111C', 'YMR199W'), ('YPR120C', 'YLR079W'), ('YPR120C', 'YGL003C'), ('YGL003C', 'YGR108W')]
+------------+------------+
| YGR108W    | YGR108W(0) |
+------------+------------+
| YAL040C(0) | 1.0        |
+------------+------------+
+------------+------------+
| YPR120C    | YPR120C(0) |
+------------+------------+
| YLR079W(1) | 1.0        |
+------------+------------+
+------------+------------+
| YER111C    | YER111C(1) |
+------------+------------+
| YMR199W(1) | 1.0        |
+------------+------------+
+------------+------------+
| YAL040C    | YAL040C(0) |
+------------+------------+
| YDL056W(1) | 1.0        |
+------------+------------+
+------------+---+
| YGL116W(0) | 1 |
+------------+---+
+------------+------------+
| YER111C    | YER111C(1) |
+------------+------------+
| YMR043W(0) | 1.0        |
+------------+------------+
+------------+------------+
| YLR079W    | YLR079W(1) |
+------------+------------+
| YDR146C(0) | 1.0        |
+------------+------------+
+------------+------------+
| YGL003C    | YGL003C(0) |
+------------+------------+
| YGR108W(0) | 1.0        |
+------------+------------+
+------------+------------+
| YAL040C    | YAL040C(0) |
+------------+------------+
| YER111C(1) | 1.0        |
+------------+------------+
+------------+------------+
| YGL116W    | YGL116W(0) |
+------------+------------+
| YPR120C(0) | 1.0        |
+------------+------------+
+------------+------------+
| YPR120C    | YPR120C(0) |
+------------+------------+
| YGL003C(0) | 1.0        |
+------------+------------+
[(('YLR079W', 0), ('YLR079W', 1)), (('YDL056W', 1), ('YDR146C', 1)), (('YER111C', 1), ('YGL003C', 1)), (('YER111C', 1), ('YDL056W', 1)), (('YER111C', 1), ('YAL040C', 1)), (('YGL003C', 0), ('YGL116W', 1)), (('YGL003C', 0), ('YDR146C', 1)), (('YER111C', 0), ('YGL116W', 1)), (('YER111C', 0), ('YMR199W', 1)), (('YER111C', 0), ('YPR120C', 1)), (('YER111C', 0), ('YER111C', 1)), (('YER111C', 0), ('YMR043W', 1)), (('YGL116W', 0), ('YMR199W', 1)), (('YGL116W', 0), ('YAL040C', 1)), (('YAL040C', 1), ('YDL056W', 1)), (('YDR146C', 0), ('YLR079W', 1)), (('YPR120C', 1), ('YGL003C', 1)), (('YGL116W', 1), ('YPR120C', 1)), (('YLR079W', 1), ('YMR043W', 1)), (('YLR079W', 1), ('YER111C', 1)), (('YGL003C', 1), ('YGR108W', 1)), (('YDR146C', 1), ('YGR108W', 1))]
+----------------+--------------+----------------+----------------+----------------+
| ('YER111C', 1) | YER111C_1(0) | YER111C_1(0)   | YER111C_1(1)   | YER111C_1(1)   |
+----------------+--------------+----------------+----------------+----------------+
| ('YGL116W', 0) | YGL116W_0(0) | YGL116W_0(1)   | YGL116W_0(0)   | YGL116W_0(1)   |
+----------------+--------------+----------------+----------------+----------------+
| YAL040C(0)     | 0.5          | 0.309523809524 | 0.880952380952 | 0.147058823529 |
+----------------+--------------+----------------+----------------+----------------+
| YAL040C(1)     | 0.5          | 0.690476190476 | 0.119047619048 | 0.852941176471 |
+----------------+--------------+----------------+----------------+----------------+
+----------------+----------------+----------------+----------------+-----------------+
| ('YDR146C', 0) | YDR146C_0(0)   | YDR146C_0(0)   | YDR146C_0(1)   | YDR146C_0(1)    |
+----------------+----------------+----------------+----------------+-----------------+
| ('YLR079W', 0) | YLR079W_0(0)   | YLR079W_0(1)   | YLR079W_0(0)   | YLR079W_0(1)    |
+----------------+----------------+----------------+----------------+-----------------+
| YLR079W(0)     | 0.722222222222 | 0.309523809524 | 0.617647058824 | 0.0757575757576 |
+----------------+----------------+----------------+----------------+-----------------+
| YLR079W(1)     | 0.277777777778 | 0.690476190476 | 0.382352941176 | 0.924242424242  |
+----------------+----------------+----------------+----------------+-----------------+
+----------------+-----------------+----------------+----------------+----------------+
| ('YER111C', 1) | YER111C_1(0)    | YER111C_1(0)   | YER111C_1(1)   | YER111C_1(1)   |
+----------------+-----------------+----------------+----------------+----------------+
| ('YPR120C', 1) | YPR120C_1(0)    | YPR120C_1(1)   | YPR120C_1(0)   | YPR120C_1(1)   |
+----------------+-----------------+----------------+----------------+----------------+
| YGL003C(0)     | 0.0862068965517 | 0.192307692308 | 0.277777777778 | 0.775862068966 |
+----------------+-----------------+----------------+----------------+----------------+
| YGL003C(1)     | 0.913793103448  | 0.807692307692 | 0.722222222222 | 0.224137931034 |
+----------------+-----------------+----------------+----------------+----------------+
+----------------+----------------+----------------+--------------+----------------+
| ('YAL040C', 1) | YAL040C_1(0)   | YAL040C_1(0)   | YAL040C_1(1) | YAL040C_1(1)   |
+----------------+----------------+----------------+--------------+----------------+
| ('YER111C', 1) | YER111C_1(0)   | YER111C_1(1)   | YER111C_1(0) | YER111C_1(1)   |
+----------------+----------------+----------------+--------------+----------------+
| YDL056W(0)     | 0.147058823529 | 0.119047619048 | 0.1          | 0.617647058824 |
+----------------+----------------+----------------+--------------+----------------+
| YDL056W(1)     | 0.852941176471 | 0.880952380952 | 0.9          | 0.382352941176 |
+----------------+----------------+----------------+--------------+----------------+
+----------------+--------------+-----------------+-----------------+--------------+
| ('YER111C', 0) | YER111C_0(0) | YER111C_0(0)    | YER111C_0(1)    | YER111C_0(1) |
+----------------+--------------+-----------------+-----------------+--------------+
| ('YGL003C', 0) | YGL003C_0(0) | YGL003C_0(1)    | YGL003C_0(0)    | YGL003C_0(1) |
+----------------+--------------+-----------------+-----------------+--------------+
| YGL116W(0)     | 0.5          | 0.0757575757576 | 0.913793103448  | 0.5          |
+----------------+--------------+-----------------+-----------------+--------------+
| YGL116W(1)     | 0.5          | 0.924242424242  | 0.0862068965517 | 0.5          |
+----------------+--------------+-----------------+-----------------+--------------+
+----------------+----------------+----------------+----------------+----------------+
| ('YER111C', 0) | YER111C_0(0)   | YER111C_0(0)   | YER111C_0(1)   | YER111C_0(1)   |
+----------------+----------------+----------------+----------------+----------------+
| ('YLR079W', 1) | YLR079W_1(0)   | YLR079W_1(1)   | YLR079W_1(0)   | YLR079W_1(1)   |
+----------------+----------------+----------------+----------------+----------------+
| YMR043W(0)     | 0.147058823529 | 0.880952380952 | 0.277777777778 | 0.318181818182 |
+----------------+----------------+----------------+----------------+----------------+
| YMR043W(1)     | 0.852941176471 | 0.119047619048 | 0.722222222222 | 0.681818181818 |
+----------------+----------------+----------------+----------------+----------------+
+----------------+----------------+----------------+--------------+-----------------+
| ('YDL056W', 1) | YDL056W_1(0)   | YDL056W_1(0)   | YDL056W_1(1) | YDL056W_1(1)    |
+----------------+----------------+----------------+--------------+-----------------+
| ('YGL003C', 0) | YGL003C_0(0)   | YGL003C_0(1)   | YGL003C_0(0) | YGL003C_0(1)    |
+----------------+----------------+----------------+--------------+-----------------+
| YDR146C(0)     | 0.277777777778 | 0.277777777778 | 0.74         | 0.0675675675676 |
+----------------+----------------+----------------+--------------+-----------------+
| YDR146C(1)     | 0.722222222222 | 0.722222222222 | 0.26         | 0.932432432432  |
+----------------+----------------+----------------+--------------+-----------------+
+----------------+----------------+----------------+----------------+-----------------+
| ('YDR146C', 1) | YDR146C_1(0)   | YDR146C_1(0)   | YDR146C_1(1)   | YDR146C_1(1)    |
+----------------+----------------+----------------+----------------+-----------------+
| ('YGL003C', 1) | YGL003C_1(0)   | YGL003C_1(1)   | YGL003C_1(0)   | YGL003C_1(1)    |
+----------------+----------------+----------------+----------------+-----------------+
| YGR108W(0)     | 0.852941176471 | 0.722222222222 | 0.807692307692 | 0.0609756097561 |
+----------------+----------------+----------------+----------------+-----------------+
| YGR108W(1)     | 0.147058823529 | 0.277777777778 | 0.192307692308 | 0.939024390244  |
+----------------+----------------+----------------+----------------+-----------------+
+----------------+----------------+----------------+----------------+---------------+
| ('YER111C', 0) | YER111C_0(0)   | YER111C_0(0)   | YER111C_0(1)   | YER111C_0(1)  |
+----------------+----------------+----------------+----------------+---------------+
| ('YLR079W', 1) | YLR079W_1(0)   | YLR079W_1(1)   | YLR079W_1(0)   | YLR079W_1(1)  |
+----------------+----------------+----------------+----------------+---------------+
| YER111C(0)     | 0.852941176471 | 0.690476190476 | 0.722222222222 | 0.19696969697 |
+----------------+----------------+----------------+----------------+---------------+
| YER111C(1)     | 0.147058823529 | 0.309523809524 | 0.277777777778 | 0.80303030303 |
+----------------+----------------+----------------+----------------+---------------+
+----------------+--------------+-----------------+-----------------+----------------+
| ('YER111C', 0) | YER111C_0(0) | YER111C_0(0)    | YER111C_0(1)    | YER111C_0(1)   |
+----------------+--------------+-----------------+-----------------+----------------+
| ('YGL116W', 1) | YGL116W_1(0) | YGL116W_1(1)    | YGL116W_1(0)    | YGL116W_1(1)   |
+----------------+--------------+-----------------+-----------------+----------------+
| YPR120C(0)     | 0.5          | 0.924242424242  | 0.0757575757576 | 0.277777777778 |
+----------------+--------------+-----------------+-----------------+----------------+
| YPR120C(1)     | 0.5          | 0.0757575757576 | 0.924242424242  | 0.722222222222 |
+----------------+--------------+-----------------+-----------------+----------------+
+----------------+----------------+--------------+-----------------+----------------+
| ('YER111C', 0) | YER111C_0(0)   | YER111C_0(0) | YER111C_0(1)    | YER111C_0(1)   |
+----------------+----------------+--------------+-----------------+----------------+
| ('YGL116W', 0) | YGL116W_0(0)   | YGL116W_0(1) | YGL116W_0(0)    | YGL116W_0(1)   |
+----------------+----------------+--------------+-----------------+----------------+
| YMR199W(0)     | 0.192307692308 | 0.9          | 0.0862068965517 | 0.192307692308 |
+----------------+----------------+--------------+-----------------+----------------+
| YMR199W(1)     | 0.807692307692 | 0.1          | 0.913793103448  | 0.807692307692 |
+----------------+----------------+--------------+-----------------+----------------+
[('YLR079W', 'YLR079W'), ('YDL056W', 'YDR146C'), ('YER111C', 'YGL003C'), ('YER111C', 'YDL056W'), ('YER111C', 'YAL040C'), ('YGL003C', 'YGL116W'), ('YGL003C', 'YDR146C'), ('YER111C', 'YGL116W'), ('YER111C', 'YMR199W'), ('YER111C', 'YPR120C'), ('YER111C', 'YER111C'), ('YER111C', 'YMR043W'), ('YGL116W', 'YMR199W'), ('YGL116W', 'YAL040C'), ('YAL040C', 'YDL056W'), ('YDR146C', 'YLR079W'), ('YPR120C', 'YGL003C'), ('YGL116W', 'YPR120C'), ('YLR079W', 'YMR043W'), ('YLR079W', 'YER111C'), ('YGL003C', 'YGR108W'), ('YDR146C', 'YGR108W')]
