[]
+------------+---+
| YAL040C(0) | 1 |
+------------+---+
+------------+---+
| YLR079W(1) | 1 |
+------------+---+
+------------+---+
| YMR199W(1) | 1 |
+------------+---+
+------------+---+
| YDL056W(1) | 1 |
+------------+---+
+------------+---+
| YGL116W(0) | 1 |
+------------+---+
+------------+---+
| YMR043W(0) | 1 |
+------------+---+
+------------+---+
| YDR146C(0) | 1 |
+------------+---+
+------------+---+
| YGR108W(0) | 1 |
+------------+---+
+------------+---+
| YER111C(1) | 1 |
+------------+---+
+------------+---+
| YPR120C(0) | 1 |
+------------+---+
+------------+---+
| YGL003C(0) | 1 |
+------------+---+
[(('YER111C', 1), ('YLR079W', 1)), (('YGL003C', 0), ('YDR146C', 1)), (('YER111C', 0), ('YGL116W', 1)), (('YER111C', 0), ('YGL003C', 1)), (('YER111C', 0), ('YPR120C', 1)), (('YER111C', 0), ('YMR043W', 1)), (('YMR043W', 0), ('YLR079W', 1)), (('YPR120C', 0), ('YMR199W', 1)), (('YGL116W', 0), ('YDL056W', 1)), (('YGL116W', 0), ('YAL040C', 1)), (('YLR079W', 1), ('YMR043W', 1)), (('YMR199W', 0), ('YGL116W', 1)), (('YGL003C', 1), ('YDL056W', 1)), (('YGL003C', 1), ('YGR108W', 1)), (('YGL003C', 1), ('YER111C', 1)), (('YDR146C', 1), ('YGR108W', 1))]
+----------------+----------------+----------------+
| ('YGL116W', 0) | YGL116W_0(0)   | YGL116W_0(1)   |
+----------------+----------------+----------------+
| YAL040C(0)     | 0.690476190476 | 0.236842105263 |
+----------------+----------------+----------------+
| YAL040C(1)     | 0.309523809524 | 0.763157894737 |
+----------------+----------------+----------------+
+----------------+----------------+--------------+----------------+--------------+
| ('YER111C', 1) | YER111C_1(0)   | YER111C_1(0) | YER111C_1(1)   | YER111C_1(1) |
+----------------+----------------+--------------+----------------+--------------+
| ('YMR043W', 0) | YMR043W_0(0)   | YMR043W_0(1) | YMR043W_0(0)   | YMR043W_0(1) |
+----------------+----------------+--------------+----------------+--------------+
| YLR079W(0)     | 0.147058823529 | 0.74         | 0.192307692308 | 0.1          |
+----------------+----------------+--------------+----------------+--------------+
| YLR079W(1)     | 0.852941176471 | 0.26         | 0.807692307692 | 0.9          |
+----------------+----------------+--------------+----------------+--------------+
+----------------+----------------+----------------+
| ('YER111C', 0) | YER111C_0(0)   | YER111C_0(1)   |
+----------------+----------------+----------------+
| YGL003C(0)     | 0.131578947368 | 0.595238095238 |
+----------------+----------------+----------------+
| YGL003C(1)     | 0.868421052632 | 0.404761904762 |
+----------------+----------------+----------------+
+----------------+----------------+----------------+--------------+--------------+
| ('YGL003C', 1) | YGL003C_1(0)   | YGL003C_1(0)   | YGL003C_1(1) | YGL003C_1(1) |
+----------------+----------------+----------------+--------------+--------------+
| ('YGL116W', 0) | YGL116W_0(0)   | YGL116W_0(1)   | YGL116W_0(0) | YGL116W_0(1) |
+----------------+----------------+----------------+--------------+--------------+
| YDL056W(0)     | 0.147058823529 | 0.807692307692 | 0.1          | 0.1          |
+----------------+----------------+----------------+--------------+--------------+
| YDL056W(1)     | 0.852941176471 | 0.192307692308 | 0.9          | 0.9          |
+----------------+----------------+----------------+--------------+--------------+
+----------------+----------------+----------------+----------------+-----------------+
| ('YER111C', 0) | YER111C_0(0)   | YER111C_0(0)   | YER111C_0(1)   | YER111C_0(1)    |
+----------------+----------------+----------------+----------------+-----------------+
| ('YMR199W', 0) | YMR199W_0(0)   | YMR199W_0(1)   | YMR199W_0(0)   | YMR199W_0(1)    |
+----------------+----------------+----------------+----------------+-----------------+
| YGL116W(0)     | 0.147058823529 | 0.119047619048 | 0.277777777778 | 0.924242424242  |
+----------------+----------------+----------------+----------------+-----------------+
| YGL116W(1)     | 0.852941176471 | 0.880952380952 | 0.722222222222 | 0.0757575757576 |
+----------------+----------------+----------------+----------------+-----------------+
+----------------+----------------+----------------+----------------+----------------+
| ('YER111C', 0) | YER111C_0(0)   | YER111C_0(0)   | YER111C_0(1)   | YER111C_0(1)   |
+----------------+----------------+----------------+----------------+----------------+
| ('YLR079W', 1) | YLR079W_1(0)   | YLR079W_1(1)   | YLR079W_1(0)   | YLR079W_1(1)   |
+----------------+----------------+----------------+----------------+----------------+
| YMR043W(0)     | 0.147058823529 | 0.880952380952 | 0.277777777778 | 0.318181818182 |
+----------------+----------------+----------------+----------------+----------------+
| YMR043W(1)     | 0.852941176471 | 0.119047619048 | 0.722222222222 | 0.681818181818 |
+----------------+----------------+----------------+----------------+----------------+
+----------------+----------------+----------------+
| ('YGL003C', 0) | YGL003C_0(0)   | YGL003C_0(1)   |
+----------------+----------------+----------------+
| YDR146C(0)     | 0.617647058824 | 0.108695652174 |
+----------------+----------------+----------------+
| YDR146C(1)     | 0.382352941176 | 0.891304347826 |
+----------------+----------------+----------------+
+----------------+----------------+----------------+----------------+-----------------+
| ('YDR146C', 1) | YDR146C_1(0)   | YDR146C_1(0)   | YDR146C_1(1)   | YDR146C_1(1)    |
+----------------+----------------+----------------+----------------+-----------------+
| ('YGL003C', 1) | YGL003C_1(0)   | YGL003C_1(1)   | YGL003C_1(0)   | YGL003C_1(1)    |
+----------------+----------------+----------------+----------------+-----------------+
| YGR108W(0)     | 0.852941176471 | 0.722222222222 | 0.807692307692 | 0.0609756097561 |
+----------------+----------------+----------------+----------------+-----------------+
| YGR108W(1)     | 0.147058823529 | 0.277777777778 | 0.192307692308 | 0.939024390244  |
+----------------+----------------+----------------+----------------+-----------------+
+----------------+----------------+--------------+
| ('YGL003C', 1) | YGL003C_1(0)   | YGL003C_1(1) |
+----------------+----------------+--------------+
| YER111C(0)     | 0.166666666667 | 0.74         |
+----------------+----------------+--------------+
| YER111C(1)     | 0.833333333333 | 0.26         |
+----------------+----------------+--------------+
+----------------+----------------+----------------+
| ('YER111C', 0) | YER111C_0(0)   | YER111C_0(1)   |
+----------------+----------------+----------------+
| YPR120C(0)     | 0.868421052632 | 0.119047619048 |
+----------------+----------------+----------------+
| YPR120C(1)     | 0.131578947368 | 0.880952380952 |
+----------------+----------------+----------------+
+----------------+----------------+----------------+
| ('YPR120C', 0) | YPR120C_0(0)   | YPR120C_0(1)   |
+----------------+----------------+----------------+
| YMR199W(0)     | 0.735294117647 | 0.108695652174 |
+----------------+----------------+----------------+
| YMR199W(1)     | 0.264705882353 | 0.891304347826 |
+----------------+----------------+----------------+
[('YER111C', 'YLR079W'), ('YGL003C', 'YDR146C'), ('YER111C', 'YGL116W'), ('YER111C', 'YGL003C'), ('YER111C', 'YPR120C'), ('YER111C', 'YMR043W'), ('YMR043W', 'YLR079W'), ('YPR120C', 'YMR199W'), ('YGL116W', 'YDL056W'), ('YGL116W', 'YAL040C'), ('YLR079W', 'YMR043W'), ('YMR199W', 'YGL116W'), ('YGL003C', 'YDL056W'), ('YGL003C', 'YGR108W'), ('YGL003C', 'YER111C'), ('YDR146C', 'YGR108W')]
