[]
+------------+---+
| YAL040C(1) | 1 |
+------------+---+
+------------+---+
| YLR079W(0) | 1 |
+------------+---+
+------------+---+
| YMR199W(0) | 1 |
+------------+---+
+------------+---+
| YDL056W(1) | 1 |
+------------+---+
+------------+---+
| YGL116W(1) | 1 |
+------------+---+
+------------+---+
| YMR043W(0) | 1 |
+------------+---+
+------------+---+
| YDR146C(0) | 1 |
+------------+---+
+------------+---+
| YGR108W(0) | 1 |
+------------+---+
+------------+---+
| YER111C(0) | 1 |
+------------+---+
+------------+---+
| YPR120C(0) | 1 |
+------------+---+
+------------+---+
| YGL003C(1) | 1 |
+------------+---+
[(('YER111C', 1), ('YMR043W', 1)), (('YGL003C', 0), ('YDR146C', 1)), (('YER111C', 0), ('YMR199W', 1)), (('YER111C', 0), ('YPR120C', 1)), (('YMR043W', 0), ('YGL003C', 1)), (('YGL116W', 0), ('YMR043W', 1)), (('YGL116W', 0), ('YDL056W', 1)), (('YGR108W', 0), ('YGL116W', 1)), (('YMR199W', 1), ('YPR120C', 1)), (('YDR146C', 0), ('YMR199W', 1)), (('YDR146C', 0), ('YAL040C', 1)), (('YGL116W', 1), ('YER111C', 1)), (('YDL056W', 0), ('YGL003C', 1)), (('YDL056W', 0), ('YDR146C', 1)), (('YDL056W', 0), ('YGR108W', 1)), (('YMR199W', 0), ('YAL040C', 1)), (('YGL003C', 1), ('YGL116W', 1)), (('YGL003C', 1), ('YLR079W', 1)), (('YDR146C', 1), ('YDL056W', 1)), (('YDR146C', 1), ('YER111C', 1)), (('YDR146C', 1), ('YGR108W', 1))]
+----------------+----------------+-----------------+----------------+--------------+
| ('YDR146C', 0) | YDR146C_0(0)   | YDR146C_0(0)    | YDR146C_0(1)   | YDR146C_0(1) |
+----------------+----------------+-----------------+----------------+--------------+
| ('YMR199W', 0) | YMR199W_0(0)   | YMR199W_0(1)    | YMR199W_0(0)   | YMR199W_0(1) |
+----------------+----------------+-----------------+----------------+--------------+
| YAL040C(0)     | 0.277777777778 | 0.924242424242  | 0.119047619048 | 0.5          |
+----------------+----------------+-----------------+----------------+--------------+
| YAL040C(1)     | 0.722222222222 | 0.0757575757576 | 0.880952380952 | 0.5          |
+----------------+----------------+-----------------+----------------+--------------+
+----------------+----------------+----------------+
| ('YGL003C', 1) | YGL003C_1(0)   | YGL003C_1(1)   |
+----------------+----------------+----------------+
| YLR079W(0)     | 0.192307692308 | 0.568965517241 |
+----------------+----------------+----------------+
| YLR079W(1)     | 0.807692307692 | 0.431034482759 |
+----------------+----------------+----------------+
+----------------+--------------+----------------+-----------------+--------------+
| ('YDL056W', 0) | YDL056W_0(0) | YDL056W_0(0)   | YDL056W_0(1)    | YDL056W_0(1) |
+----------------+--------------+----------------+-----------------+--------------+
| ('YMR043W', 0) | YMR043W_0(0) | YMR043W_0(1)   | YMR043W_0(0)    | YMR043W_0(1) |
+----------------+--------------+----------------+-----------------+--------------+
| YGL003C(0)     | 0.5          | 0.722222222222 | 0.0675675675676 | 0.42         |
+----------------+--------------+----------------+-----------------+--------------+
| YGL003C(1)     | 0.5          | 0.277777777778 | 0.932432432432  | 0.58         |
+----------------+--------------+----------------+-----------------+--------------+
+----------------+--------------+----------------+----------------+-----------------+
| ('YDR146C', 1) | YDR146C_1(0) | YDR146C_1(0)   | YDR146C_1(1)   | YDR146C_1(1)    |
+----------------+--------------+----------------+----------------+-----------------+
| ('YGL116W', 0) | YGL116W_0(0) | YGL116W_0(1)   | YGL116W_0(0)   | YGL116W_0(1)    |
+----------------+--------------+----------------+----------------+-----------------+
| YDL056W(0)     | 0.26         | 0.807692307692 | 0.277777777778 | 0.0675675675676 |
+----------------+--------------+----------------+----------------+-----------------+
| YDL056W(1)     | 0.74         | 0.192307692308 | 0.722222222222 | 0.932432432432  |
+----------------+--------------+----------------+----------------+-----------------+
+----------------+----------------+----------------+----------------+-----------------+
| ('YGL003C', 1) | YGL003C_1(0)   | YGL003C_1(0)   | YGL003C_1(1)   | YGL003C_1(1)    |
+----------------+----------------+----------------+----------------+-----------------+
| ('YGR108W', 0) | YGR108W_0(0)   | YGR108W_0(1)   | YGR108W_0(0)   | YGR108W_0(1)    |
+----------------+----------------+----------------+----------------+-----------------+
| YGL116W(0)     | 0.722222222222 | 0.617647058824 | 0.690476190476 | 0.0675675675676 |
+----------------+----------------+----------------+----------------+-----------------+
| YGL116W(1)     | 0.277777777778 | 0.382352941176 | 0.309523809524 | 0.932432432432  |
+----------------+----------------+----------------+----------------+-----------------+
+----------------+----------------+--------------+--------------+--------------+
| ('YER111C', 1) | YER111C_1(0)   | YER111C_1(0) | YER111C_1(1) | YER111C_1(1) |
+----------------+----------------+--------------+--------------+--------------+
| ('YGL116W', 0) | YGL116W_0(0)   | YGL116W_0(1) | YGL116W_0(0) | YGL116W_0(1) |
+----------------+----------------+--------------+--------------+--------------+
| YMR043W(0)     | 0.722222222222 | 0.58         | 0.9          | 0.26         |
+----------------+----------------+--------------+--------------+--------------+
| YMR043W(1)     | 0.277777777778 | 0.42         | 0.1          | 0.74         |
+----------------+----------------+--------------+--------------+--------------+
+----------------+----------------+----------------+----------------+----------------+
| ('YDL056W', 0) | YDL056W_0(0)   | YDL056W_0(0)   | YDL056W_0(1)   | YDL056W_0(1)   |
+----------------+----------------+----------------+----------------+----------------+
| ('YGL003C', 0) | YGL003C_0(0)   | YGL003C_0(1)   | YGL003C_0(0)   | YGL003C_0(1)   |
+----------------+----------------+----------------+----------------+----------------+
| YDR146C(0)     | 0.722222222222 | 0.807692307692 | 0.852941176471 | 0.144444444444 |
+----------------+----------------+----------------+----------------+----------------+
| YDR146C(1)     | 0.277777777778 | 0.192307692308 | 0.147058823529 | 0.855555555556 |
+----------------+----------------+----------------+----------------+----------------+
+----------------+----------------+--------------+----------------+-----------------+
| ('YDL056W', 0) | YDL056W_0(0)   | YDL056W_0(0) | YDL056W_0(1)   | YDL056W_0(1)    |
+----------------+----------------+--------------+----------------+-----------------+
| ('YDR146C', 1) | YDR146C_1(0)   | YDR146C_1(1) | YDR146C_1(0)   | YDR146C_1(1)    |
+----------------+----------------+--------------+----------------+-----------------+
| YGR108W(0)     | 0.382352941176 | 0.5          | 0.690476190476 | 0.0609756097561 |
+----------------+----------------+--------------+----------------+-----------------+
| YGR108W(1)     | 0.617647058824 | 0.5          | 0.309523809524 | 0.939024390244  |
+----------------+----------------+--------------+----------------+-----------------+
+----------------+----------------+----------------+----------------+---------------+
| ('YDR146C', 1) | YDR146C_1(0)   | YDR146C_1(0)   | YDR146C_1(1)   | YDR146C_1(1)  |
+----------------+----------------+----------------+----------------+---------------+
| ('YGL116W', 1) | YGL116W_1(0)   | YGL116W_1(1)   | YGL116W_1(0)   | YGL116W_1(1)  |
+----------------+----------------+----------------+----------------+---------------+
| YER111C(0)     | 0.119047619048 | 0.147058823529 | 0.192307692308 | 0.80303030303 |
+----------------+----------------+----------------+----------------+---------------+
| YER111C(1)     | 0.880952380952 | 0.852941176471 | 0.807692307692 | 0.19696969697 |
+----------------+----------------+----------------+----------------+---------------+
+----------------+--------------+--------------+--------------+----------------+
| ('YER111C', 0) | YER111C_0(0) | YER111C_0(0) | YER111C_0(1) | YER111C_0(1)   |
+----------------+--------------+--------------+--------------+----------------+
| ('YMR199W', 1) | YMR199W_1(0) | YMR199W_1(1) | YMR199W_1(0) | YMR199W_1(1)   |
+----------------+--------------+--------------+--------------+----------------+
| YPR120C(0)     | 0.9          | 0.5          | 0.5          | 0.214285714286 |
+----------------+--------------+--------------+--------------+----------------+
| YPR120C(1)     | 0.1          | 0.5          | 0.5          | 0.785714285714 |
+----------------+--------------+--------------+--------------+----------------+
+----------------+--------------+-----------------+--------------+----------------+
| ('YDR146C', 0) | YDR146C_0(0) | YDR146C_0(0)    | YDR146C_0(1) | YDR146C_0(1)   |
+----------------+--------------+-----------------+--------------+----------------+
| ('YER111C', 0) | YER111C_0(0) | YER111C_0(1)    | YER111C_0(0) | YER111C_0(1)   |
+----------------+--------------+-----------------+--------------+----------------+
| YMR199W(0)     | 0.5          | 0.0675675675676 | 0.9          | 0.147058823529 |
+----------------+--------------+-----------------+--------------+----------------+
| YMR199W(1)     | 0.5          | 0.932432432432  | 0.1          | 0.852941176471 |
+----------------+--------------+-----------------+--------------+----------------+
[('YER111C', 'YMR043W'), ('YGL003C', 'YDR146C'), ('YER111C', 'YMR199W'), ('YER111C', 'YPR120C'), ('YMR043W', 'YGL003C'), ('YGL116W', 'YMR043W'), ('YGL116W', 'YDL056W'), ('YGR108W', 'YGL116W'), ('YMR199W', 'YPR120C'), ('YDR146C', 'YMR199W'), ('YDR146C', 'YAL040C'), ('YGL116W', 'YER111C'), ('YDL056W', 'YGL003C'), ('YDL056W', 'YDR146C'), ('YDL056W', 'YGR108W'), ('YMR199W', 'YAL040C'), ('YGL003C', 'YGL116W'), ('YGL003C', 'YLR079W'), ('YDR146C', 'YDL056W'), ('YDR146C', 'YER111C'), ('YDR146C', 'YGR108W')]
