[]
+------------+---+
| YAL040C(1) | 1 |
+------------+---+
+------------+---+
| YLR079W(1) | 1 |
+------------+---+
+------------+---+
| YMR199W(0) | 1 |
+------------+---+
+------------+---+
| YDL056W(0) | 1 |
+------------+---+
+------------+---+
| YGL116W(1) | 1 |
+------------+---+
+------------+---+
| YMR043W(1) | 1 |
+------------+---+
+------------+---+
| YDR146C(0) | 1 |
+------------+---+
+------------+---+
| YGR108W(1) | 1 |
+------------+---+
+------------+---+
| YER111C(1) | 1 |
+------------+---+
+------------+---+
| YPR120C(1) | 1 |
+------------+---+
+------------+---+
| YGL003C(1) | 1 |
+------------+---+
[(('YLR079W', 0), ('YPR120C', 1)), (('YLR079W', 0), ('YGR108W', 1)), (('YER111C', 1), ('YGL003C', 1)), (('YAL040C', 0), ('YGL116W', 1)), (('YAL040C', 0), ('YMR043W', 1)), (('YER111C', 0), ('YMR199W', 1)), (('YGR108W', 1), ('YDR146C', 1)), (('YGR108W', 1), ('YDL056W', 1)), (('YPR120C', 0), ('YPR120C', 1)), (('YPR120C', 0), ('YAL040C', 1)), (('YGR108W', 0), ('YDR146C', 1)), (('YGR108W', 0), ('YGR108W', 1)), (('YGR108W', 0), ('YER111C', 1)), (('YMR199W', 1), ('YGL116W', 1)), (('YMR199W', 1), ('YER111C', 1)), (('YDR146C', 0), ('YMR199W', 1)), (('YDR146C', 0), ('YGL003C', 1)), (('YGL116W', 1), ('YDL056W', 1)), (('YGL116W', 1), ('YAL040C', 1)), (('YDL056W', 0), ('YMR043W', 1)), (('YMR199W', 0), ('YLR079W', 1)), (('YDR146C', 1), ('YLR079W', 1))]
+----------------+----------------+----------------+----------------+-----------------+
| ('YGL116W', 1) | YGL116W_1(0)   | YGL116W_1(0)   | YGL116W_1(1)   | YGL116W_1(1)    |
+----------------+----------------+----------------+----------------+-----------------+
| ('YPR120C', 0) | YPR120C_0(0)   | YPR120C_0(1)   | YPR120C_0(0)   | YPR120C_0(1)    |
+----------------+----------------+----------------+----------------+-----------------+
| YAL040C(0)     | 0.192307692308 | 0.391891891892 | 0.362068965517 | 0.913793103448  |
+----------------+----------------+----------------+----------------+-----------------+
| YAL040C(1)     | 0.807692307692 | 0.608108108108 | 0.637931034483 | 0.0862068965517 |
+----------------+----------------+----------------+----------------+-----------------+
+----------------+----------------+-----------------+--------------+-----------------+
| ('YDR146C', 1) | YDR146C_1(0)   | YDR146C_1(0)    | YDR146C_1(1) | YDR146C_1(1)    |
+----------------+----------------+-----------------+--------------+-----------------+
| ('YMR199W', 0) | YMR199W_0(0)   | YMR199W_0(1)    | YMR199W_0(0) | YMR199W_0(1)    |
+----------------+----------------+-----------------+--------------+-----------------+
| YLR079W(0)     | 0.192307692308 | 0.0862068965517 | 0.5          | 0.913793103448  |
+----------------+----------------+-----------------+--------------+-----------------+
| YLR079W(1)     | 0.807692307692 | 0.913793103448  | 0.5          | 0.0862068965517 |
+----------------+----------------+-----------------+--------------+-----------------+
+----------------+----------------+----------------+----------------+-----------------+
| ('YDR146C', 0) | YDR146C_0(0)   | YDR146C_0(0)   | YDR146C_0(1)   | YDR146C_0(1)    |
+----------------+----------------+----------------+----------------+-----------------+
| ('YER111C', 1) | YER111C_1(0)   | YER111C_1(1)   | YER111C_1(0)   | YER111C_1(1)    |
+----------------+----------------+----------------+----------------+-----------------+
| YGL003C(0)     | 0.722222222222 | 0.439393939394 | 0.309523809524 | 0.0555555555556 |
+----------------+----------------+----------------+----------------+-----------------+
| YGL003C(1)     | 0.277777777778 | 0.560606060606 | 0.690476190476 | 0.944444444444  |
+----------------+----------------+----------------+----------------+-----------------+
+----------------+--------------+--------------+----------------+----------------+
| ('YGL116W', 1) | YGL116W_1(0) | YGL116W_1(0) | YGL116W_1(1)   | YGL116W_1(1)   |
+----------------+--------------+--------------+----------------+----------------+
| ('YGR108W', 1) | YGR108W_1(0) | YGR108W_1(1) | YGR108W_1(0)   | YGR108W_1(1)   |
+----------------+--------------+--------------+----------------+----------------+
| YDL056W(0)     | 0.42         | 0.1          | 0.880952380952 | 0.391891891892 |
+----------------+--------------+--------------+----------------+----------------+
| YDL056W(1)     | 0.58         | 0.9          | 0.119047619048 | 0.608108108108 |
+----------------+--------------+--------------+----------------+----------------+
+----------------+--------------+--------------+-----------------+----------------+
| ('YAL040C', 0) | YAL040C_0(0) | YAL040C_0(0) | YAL040C_0(1)    | YAL040C_0(1)   |
+----------------+--------------+--------------+-----------------+----------------+
| ('YMR199W', 1) | YMR199W_1(0) | YMR199W_1(1) | YMR199W_1(0)    | YMR199W_1(1)   |
+----------------+--------------+--------------+-----------------+----------------+
| YGL116W(0)     | 0.5          | 0.5          | 0.0862068965517 | 0.775862068966 |
+----------------+--------------+--------------+-----------------+----------------+
| YGL116W(1)     | 0.5          | 0.5          | 0.913793103448  | 0.224137931034 |
+----------------+--------------+--------------+-----------------+----------------+
+----------------+----------------+----------------+--------------+----------------+
| ('YAL040C', 0) | YAL040C_0(0)   | YAL040C_0(0)   | YAL040C_0(1) | YAL040C_0(1)   |
+----------------+----------------+----------------+--------------+----------------+
| ('YDL056W', 0) | YDL056W_0(0)   | YDL056W_0(1)   | YDL056W_0(0) | YDL056W_0(1)   |
+----------------+----------------+----------------+--------------+----------------+
| YMR043W(0)     | 0.880952380952 | 0.224137931034 | 0.42         | 0.318181818182 |
+----------------+----------------+----------------+--------------+----------------+
| YMR043W(1)     | 0.119047619048 | 0.775862068966 | 0.58         | 0.681818181818 |
+----------------+----------------+----------------+--------------+----------------+
+----------------+---------------+--------------+--------------+-----------------+
| ('YGR108W', 0) | YGR108W_0(0)  | YGR108W_0(0) | YGR108W_0(1) | YGR108W_0(1)    |
+----------------+---------------+--------------+--------------+-----------------+
| ('YGR108W', 1) | YGR108W_1(0)  | YGR108W_1(1) | YGR108W_1(0) | YGR108W_1(1)    |
+----------------+---------------+--------------+--------------+-----------------+
| YDR146C(0)     | 0.80303030303 | 0.5          | 0.5          | 0.0510204081633 |
+----------------+---------------+--------------+--------------+-----------------+
| YDR146C(1)     | 0.19696969697 | 0.5          | 0.5          | 0.948979591837  |
+----------------+---------------+--------------+--------------+-----------------+
+----------------+----------------+----------------+-----------------+--------------+
| ('YGR108W', 0) | YGR108W_0(0)   | YGR108W_0(0)   | YGR108W_0(1)    | YGR108W_0(1) |
+----------------+----------------+----------------+-----------------+--------------+
| ('YLR079W', 0) | YLR079W_0(0)   | YLR079W_0(1)   | YLR079W_0(0)    | YLR079W_0(1) |
+----------------+----------------+----------------+-----------------+--------------+
| YGR108W(0)     | 0.722222222222 | 0.716216216216 | 0.0609756097561 | 0.5          |
+----------------+----------------+----------------+-----------------+--------------+
| YGR108W(1)     | 0.277777777778 | 0.283783783784 | 0.939024390244  | 0.5          |
+----------------+----------------+----------------+-----------------+--------------+
+----------------+----------------+-----------------+----------------+----------------+
| ('YGR108W', 0) | YGR108W_0(0)   | YGR108W_0(0)    | YGR108W_0(1)   | YGR108W_0(1)   |
+----------------+----------------+-----------------+----------------+----------------+
| ('YMR199W', 1) | YMR199W_1(0)   | YMR199W_1(1)    | YMR199W_1(0)   | YMR199W_1(1)   |
+----------------+----------------+-----------------+----------------+----------------+
| YER111C(0)     | 0.277777777778 | 0.0675675675676 | 0.256097560976 | 0.690476190476 |
+----------------+----------------+-----------------+----------------+----------------+
| YER111C(1)     | 0.722222222222 | 0.932432432432  | 0.743902439024 | 0.309523809524 |
+----------------+----------------+-----------------+----------------+----------------+
+----------------+----------------+--------------+--------------+----------------+
| ('YLR079W', 0) | YLR079W_0(0)   | YLR079W_0(0) | YLR079W_0(1) | YLR079W_0(1)   |
+----------------+----------------+--------------+--------------+----------------+
| ('YPR120C', 0) | YPR120C_0(0)   | YPR120C_0(1) | YPR120C_0(0) | YPR120C_0(1)   |
+----------------+----------------+--------------+--------------+----------------+
| YPR120C(0)     | 0.775862068966 | 0.5          | 0.5          | 0.144444444444 |
+----------------+----------------+--------------+--------------+----------------+
| YPR120C(1)     | 0.224137931034 | 0.5          | 0.5          | 0.855555555556 |
+----------------+----------------+--------------+--------------+----------------+
+----------------+--------------+-----------------+--------------+----------------+
| ('YDR146C', 0) | YDR146C_0(0) | YDR146C_0(0)    | YDR146C_0(1) | YDR146C_0(1)   |
+----------------+--------------+-----------------+--------------+----------------+
| ('YER111C', 0) | YER111C_0(0) | YER111C_0(1)    | YER111C_0(0) | YER111C_0(1)   |
+----------------+--------------+-----------------+--------------+----------------+
| YMR199W(0)     | 0.5          | 0.0675675675676 | 0.9          | 0.548780487805 |
+----------------+--------------+-----------------+--------------+----------------+
| YMR199W(1)     | 0.5          | 0.932432432432  | 0.1          | 0.451219512195 |
+----------------+--------------+-----------------+--------------+----------------+
[('YLR079W', 'YPR120C'), ('YLR079W', 'YGR108W'), ('YER111C', 'YGL003C'), ('YAL040C', 'YGL116W'), ('YAL040C', 'YMR043W'), ('YER111C', 'YMR199W'), ('YGR108W', 'YDR146C'), ('YGR108W', 'YDL056W'), ('YPR120C', 'YPR120C'), ('YPR120C', 'YAL040C'), ('YGR108W', 'YDR146C'), ('YGR108W', 'YGR108W'), ('YGR108W', 'YER111C'), ('YMR199W', 'YGL116W'), ('YMR199W', 'YER111C'), ('YDR146C', 'YMR199W'), ('YDR146C', 'YGL003C'), ('YGL116W', 'YDL056W'), ('YGL116W', 'YAL040C'), ('YDL056W', 'YMR043W'), ('YMR199W', 'YLR079W'), ('YDR146C', 'YLR079W')]
