[('YAL040C', 'YGL116W'), ('YAL040C', 'YLR079W'), ('YAL040C', 'YMR199W'), ('YMR199W', 'YGL116W'), ('YDL056W', 'YAL040C'), ('YDL056W', 'YPR120C'), ('YDR146C', 'YGR108W'), ('YDR146C', 'YMR199W'), ('YDR146C', 'YDL056W'), ('YDR146C', 'YPR120C'), ('YGR108W', 'YAL040C'), ('YGR108W', 'YDL056W'), ('YER111C', 'YGR108W'), ('YER111C', 'YLR079W'), ('YER111C', 'YDR146C'), ('YPR120C', 'YMR043W'), ('YGL003C', 'YDR146C')]
+--------------+--------------+----------------+----------------+--------------+
| YDL056W      | YDL056W(0.0) | YDL056W(0.0)   | YDL056W(1.0)   | YDL056W(1.0) |
+--------------+--------------+----------------+----------------+--------------+
| YGR108W      | YGR108W(0.0) | YGR108W(1.0)   | YGR108W(0.0)   | YGR108W(1.0) |
+--------------+--------------+----------------+----------------+--------------+
| YAL040C(0.0) | 0.5          | 0.147058823529 | 0.617647058824 | 0.5          |
+--------------+--------------+----------------+----------------+--------------+
| YAL040C(1.0) | 0.5          | 0.852941176471 | 0.382352941176 | 0.5          |
+--------------+--------------+----------------+----------------+--------------+
+--------------+----------------+----------------+----------------+----------------+
| YAL040C      | YAL040C(0.0)   | YAL040C(0.0)   | YAL040C(1.0)   | YAL040C(1.0)   |
+--------------+----------------+----------------+----------------+----------------+
| YER111C      | YER111C(0.0)   | YER111C(1.0)   | YER111C(0.0)   | YER111C(1.0)   |
+--------------+----------------+----------------+----------------+----------------+
| YLR079W(0.0) | 0.277777777778 | 0.277777777778 | 0.852941176471 | 0.277777777778 |
+--------------+----------------+----------------+----------------+----------------+
| YLR079W(1.0) | 0.722222222222 | 0.722222222222 | 0.147058823529 | 0.722222222222 |
+--------------+----------------+----------------+----------------+----------------+
+--------------+----------------+--------------+----------------+--------------+
| YAL040C      | YAL040C(0.0)   | YAL040C(0.0) | YAL040C(1.0)   | YAL040C(1.0) |
+--------------+----------------+--------------+----------------+--------------+
| YDR146C      | YDR146C(0.0)   | YDR146C(1.0) | YDR146C(0.0)   | YDR146C(1.0) |
+--------------+----------------+--------------+----------------+--------------+
| YMR199W(0.0) | 0.192307692308 | 0.5          | 0.807692307692 | 0.5          |
+--------------+----------------+--------------+----------------+--------------+
| YMR199W(1.0) | 0.807692307692 | 0.5          | 0.192307692308 | 0.5          |
+--------------+----------------+--------------+----------------+--------------+
+--------------+----------------+----------------+--------------+----------------+
| YDR146C      | YDR146C(0.0)   | YDR146C(0.0)   | YDR146C(1.0) | YDR146C(1.0)   |
+--------------+----------------+----------------+--------------+----------------+
| YGR108W      | YGR108W(0.0)   | YGR108W(1.0)   | YGR108W(0.0) | YGR108W(1.0)   |
+--------------+----------------+----------------+--------------+----------------+
| YDL056W(0.0) | 0.147058823529 | 0.722222222222 | 0.5          | 0.807692307692 |
+--------------+----------------+----------------+--------------+----------------+
| YDL056W(1.0) | 0.852941176471 | 0.277777777778 | 0.5          | 0.192307692308 |
+--------------+----------------+----------------+--------------+----------------+
+--------------+--------------+----------------+----------------+----------------+
| YAL040C      | YAL040C(0.0) | YAL040C(0.0)   | YAL040C(1.0)   | YAL040C(1.0)   |
+--------------+--------------+----------------+----------------+----------------+
| YMR199W      | YMR199W(0.0) | YMR199W(1.0)   | YMR199W(0.0)   | YMR199W(1.0)   |
+--------------+--------------+----------------+----------------+----------------+
| YGL116W(0.0) | 0.5          | 0.807692307692 | 0.147058823529 | 0.722222222222 |
+--------------+--------------+----------------+----------------+----------------+
| YGL116W(1.0) | 0.5          | 0.192307692308 | 0.852941176471 | 0.277777777778 |
+--------------+--------------+----------------+----------------+----------------+
+--------------+----------------+----------------+
| YPR120C      | YPR120C(0.0)   | YPR120C(1.0)   |
+--------------+----------------+----------------+
| YMR043W(0.0) | 0.807692307692 | 0.277777777778 |
+--------------+----------------+----------------+
| YMR043W(1.0) | 0.192307692308 | 0.722222222222 |
+--------------+----------------+----------------+
+--------------+----------------+----------------+----------------+----------------+
| YER111C      | YER111C(0.0)   | YER111C(0.0)   | YER111C(1.0)   | YER111C(1.0)   |
+--------------+----------------+----------------+----------------+----------------+
| YGL003C      | YGL003C(0.0)   | YGL003C(1.0)   | YGL003C(0.0)   | YGL003C(1.0)   |
+--------------+----------------+----------------+----------------+----------------+
| YDR146C(0.0) | 0.192307692308 | 0.807692307692 | 0.722222222222 | 0.722222222222 |
+--------------+----------------+----------------+----------------+----------------+
| YDR146C(1.0) | 0.807692307692 | 0.192307692308 | 0.277777777778 | 0.277777777778 |
+--------------+----------------+----------------+----------------+----------------+
+--------------+----------------+--------------+----------------+--------------+
| YDR146C      | YDR146C(0.0)   | YDR146C(0.0) | YDR146C(1.0)   | YDR146C(1.0) |
+--------------+----------------+--------------+----------------+--------------+
| YER111C      | YER111C(0.0)   | YER111C(1.0) | YER111C(0.0)   | YER111C(1.0) |
+--------------+----------------+--------------+----------------+--------------+
| YGR108W(0.0) | 0.807692307692 | 0.5          | 0.192307692308 | 0.5          |
+--------------+----------------+--------------+----------------+--------------+
| YGR108W(1.0) | 0.192307692308 | 0.5          | 0.807692307692 | 0.5          |
+--------------+----------------+--------------+----------------+--------------+
+--------------+----------+
| YER111C(0.0) | 0.590909 |
+--------------+----------+
| YER111C(1.0) | 0.409091 |
+--------------+----------+
+--------------+----------------+--------------+----------------+--------------+
| YDL056W      | YDL056W(0.0)   | YDL056W(0.0) | YDL056W(1.0)   | YDL056W(1.0) |
+--------------+----------------+--------------+----------------+--------------+
| YDR146C      | YDR146C(0.0)   | YDR146C(1.0) | YDR146C(0.0)   | YDR146C(1.0) |
+--------------+----------------+--------------+----------------+--------------+
| YPR120C(0.0) | 0.277777777778 | 0.5          | 0.852941176471 | 0.5          |
+--------------+----------------+--------------+----------------+--------------+
| YPR120C(1.0) | 0.722222222222 | 0.5          | 0.147058823529 | 0.5          |
+--------------+----------------+--------------+----------------+--------------+
+--------------+-----+
| YGL003C(0.0) | 0.5 |
+--------------+-----+
| YGL003C(1.0) | 0.5 |
+--------------+-----+
[(('YLR079W', 0), ('YMR043W', 1)), (('YLR079W', 0), ('YLR079W', 1)), (('YER111C', 1), ('YDR146C', 1)), (('YAL040C', 0), ('YDL056W', 1)), (('YER111C', 0), ('YGL116W', 1)), (('YER111C', 0), ('YPR120C', 1)), (('YER111C', 0), ('YER111C', 1)), (('YGR108W', 1), ('YDL056W', 1)), (('YGR108W', 1), ('YLR079W', 1)), (('YMR043W', 0), ('YAL040C', 1)), (('YPR120C', 0), ('YAL040C', 1)), (('YGR108W', 0), ('YGL116W', 1)), (('YGR108W', 0), ('YGR108W', 1)), (('YGR108W', 0), ('YER111C', 1)), (('YMR199W', 1), ('YGL003C', 1)), (('YDR146C', 0), ('YDR146C', 1)), (('YPR120C', 1), ('YMR199W', 1)), (('YPR120C', 1), ('YMR043W', 1)), (('YGL116W', 1), ('YPR120C', 1)), (('YLR079W', 1), ('YGL003C', 1)), (('YMR199W', 0), ('YMR199W', 1)), (('YDR146C', 1), ('YGR108W', 1))]
+----------------+----------------+----------------+----------------+----------------+
| ('YMR043W', 0) | YMR043W_0(0.0) | YMR043W_0(0.0) | YMR043W_0(1.0) | YMR043W_0(1.0) |
+----------------+----------------+----------------+----------------+----------------+
| ('YPR120C', 0) | YPR120C_0(0.0) | YPR120C_0(1.0) | YPR120C_0(0.0) | YPR120C_0(1.0) |
+----------------+----------------+----------------+----------------+----------------+
| YAL040C(0.0)   | 0.384057971014 | 0.885964912281 | 0.1            | 0.573394495413 |
+----------------+----------------+----------------+----------------+----------------+
| YAL040C(1.0)   | 0.615942028986 | 0.114035087719 | 0.9            | 0.426605504587 |
+----------------+----------------+----------------+----------------+----------------+
+----------------+----------------+----------------+----------------+----------------+
| ('YGR108W', 1) | YGR108W_1(0.0) | YGR108W_1(0.0) | YGR108W_1(1.0) | YGR108W_1(1.0) |
+----------------+----------------+----------------+----------------+----------------+
| ('YLR079W', 0) | YLR079W_0(0.0) | YLR079W_0(1.0) | YLR079W_0(0.0) | YLR079W_0(1.0) |
+----------------+----------------+----------------+----------------+----------------+
| YLR079W(0.0)   | 0.119047619048 | 0.297752808989 | 0.747619047619 | 0.217647058824 |
+----------------+----------------+----------------+----------------+----------------+
| YLR079W(1.0)   | 0.880952380952 | 0.702247191011 | 0.252380952381 | 0.782352941176 |
+----------------+----------------+----------------+----------------+----------------+
+----------------+-----------------+----------------+----------------+----------------+
| ('YLR079W', 1) | YLR079W_1(0.0)  | YLR079W_1(0.0) | YLR079W_1(1.0) | YLR079W_1(1.0) |
+----------------+-----------------+----------------+----------------+----------------+
| ('YMR199W', 1) | YMR199W_1(0.0)  | YMR199W_1(1.0) | YMR199W_1(0.0) | YMR199W_1(1.0) |
+----------------+-----------------+----------------+----------------+----------------+
| YGL003C(0.0)   | 0.0438596491228 | 0.210144927536 | 0.198113207547 | 0.54958677686  |
+----------------+-----------------+----------------+----------------+----------------+
| YGL003C(1.0)   | 0.956140350877  | 0.789855072464 | 0.801886792453 | 0.45041322314  |
+----------------+-----------------+----------------+----------------+----------------+
+----------------+----------------+----------------+----------------+----------------+
| ('YAL040C', 0) | YAL040C_0(0.0) | YAL040C_0(0.0) | YAL040C_0(1.0) | YAL040C_0(1.0) |
+----------------+----------------+----------------+----------------+----------------+
| ('YGR108W', 1) | YGR108W_1(0.0) | YGR108W_1(1.0) | YGR108W_1(0.0) | YGR108W_1(1.0) |
+----------------+----------------+----------------+----------------+----------------+
| YDL056W(0.0)   | 0.214285714286 | 0.231958762887 | 0.696721311475 | 0.241935483871 |
+----------------+----------------+----------------+----------------+----------------+
| YDL056W(1.0)   | 0.785714285714 | 0.768041237113 | 0.303278688525 | 0.758064516129 |
+----------------+----------------+----------------+----------------+----------------+
+----------------+----------------+----------------+----------------+----------------+
| ('YER111C', 0) | YER111C_0(0.0) | YER111C_0(0.0) | YER111C_0(1.0) | YER111C_0(1.0) |
+----------------+----------------+----------------+----------------+----------------+
| ('YGR108W', 0) | YGR108W_0(0.0) | YGR108W_0(1.0) | YGR108W_0(0.0) | YGR108W_0(1.0) |
+----------------+----------------+----------------+----------------+----------------+
| YGL116W(0.0)   | 0.277777777778 | 0.143564356436 | 0.777227722772 | 0.387640449438 |
+----------------+----------------+----------------+----------------+----------------+
| YGL116W(1.0)   | 0.722222222222 | 0.856435643564 | 0.222772277228 | 0.612359550562 |
+----------------+----------------+----------------+----------------+----------------+
+----------------+----------------+----------------+----------------+----------------+
| ('YLR079W', 0) | YLR079W_0(0.0) | YLR079W_0(0.0) | YLR079W_0(1.0) | YLR079W_0(1.0) |
+----------------+----------------+----------------+----------------+----------------+
| ('YPR120C', 1) | YPR120C_1(0.0) | YPR120C_1(1.0) | YPR120C_1(0.0) | YPR120C_1(1.0) |
+----------------+----------------+----------------+----------------+----------------+
| YMR043W(0.0)   | 0.376543209877 | 0.233333333333 | 0.745614035088 | 0.397435897436 |
+----------------+----------------+----------------+----------------+----------------+
| YMR043W(1.0)   | 0.623456790123 | 0.766666666667 | 0.254385964912 | 0.602564102564 |
+----------------+----------------+----------------+----------------+----------------+
+----------------+----------------+----------------+-----------------+----------------+
| ('YDR146C', 0) | YDR146C_0(0.0) | YDR146C_0(0.0) | YDR146C_0(1.0)  | YDR146C_0(1.0) |
+----------------+----------------+----------------+-----------------+----------------+
| ('YER111C', 1) | YER111C_1(0.0) | YER111C_1(1.0) | YER111C_1(0.0)  | YER111C_1(1.0) |
+----------------+----------------+----------------+-----------------+----------------+
| YDR146C(0.0)   | 0.309523809524 | 0.726804123711 | 0.0294117647059 | 0.355670103093 |
+----------------+----------------+----------------+-----------------+----------------+
| YDR146C(1.0)   | 0.690476190476 | 0.273195876289 | 0.970588235294  | 0.644329896907 |
+----------------+----------------+----------------+-----------------+----------------+
+----------------+----------------+----------------+----------------+-----------------+
| ('YDR146C', 1) | YDR146C_1(0.0) | YDR146C_1(0.0) | YDR146C_1(1.0) | YDR146C_1(1.0)  |
+----------------+----------------+----------------+----------------+-----------------+
| ('YGR108W', 0) | YGR108W_0(0.0) | YGR108W_0(1.0) | YGR108W_0(0.0) | YGR108W_0(1.0)  |
+----------------+----------------+----------------+----------------+-----------------+
| YGR108W(0.0)   | 0.75974025974  | 0.716216216216 | 0.439393939394 | 0.0686274509804 |
+----------------+----------------+----------------+----------------+-----------------+
| YGR108W(1.0)   | 0.24025974026  | 0.283783783784 | 0.560606060606 | 0.93137254902   |
+----------------+----------------+----------------+----------------+-----------------+
+----------------+----------------+----------------+-----------------+----------------+
| ('YER111C', 0) | YER111C_0(0.0) | YER111C_0(0.0) | YER111C_0(1.0)  | YER111C_0(1.0) |
+----------------+----------------+----------------+-----------------+----------------+
| ('YGR108W', 0) | YGR108W_0(0.0) | YGR108W_0(1.0) | YGR108W_0(0.0)  | YGR108W_0(1.0) |
+----------------+----------------+----------------+-----------------+----------------+
| YER111C(0.0)   | 0.722222222222 | 0.579207920792 | 0.0643564356436 | 0.387640449438 |
+----------------+----------------+----------------+-----------------+----------------+
| YER111C(1.0)   | 0.277777777778 | 0.420792079208 | 0.935643564356  | 0.612359550562 |
+----------------+----------------+----------------+-----------------+----------------+
+----------------+----------------+----------------+----------------+----------------+
| ('YER111C', 0) | YER111C_0(0.0) | YER111C_0(0.0) | YER111C_0(1.0) | YER111C_0(1.0) |
+----------------+----------------+----------------+----------------+----------------+
| ('YGL116W', 1) | YGL116W_1(0.0) | YGL116W_1(1.0) | YGL116W_1(0.0) | YGL116W_1(1.0) |
+----------------+----------------+----------------+----------------+----------------+
| YPR120C(0.0)   | 0.382352941176 | 0.887096774194 | 0.128318584071 | 0.448051948052 |
+----------------+----------------+----------------+----------------+----------------+
| YPR120C(1.0)   | 0.617647058824 | 0.112903225806 | 0.871681415929 | 0.551948051948 |
+----------------+----------------+----------------+----------------+----------------+
+----------------+----------------+----------------+----------------+-----------------+
| ('YMR199W', 0) | YMR199W_0(0.0) | YMR199W_0(0.0) | YMR199W_0(1.0) | YMR199W_0(1.0)  |
+----------------+----------------+----------------+----------------+-----------------+
| ('YPR120C', 1) | YPR120C_1(0.0) | YPR120C_1(1.0) | YPR120C_1(0.0) | YPR120C_1(1.0)  |
+----------------+----------------+----------------+----------------+-----------------+
| YMR199W(0.0)   | 0.827868852459 | 0.377551020408 | 0.5            | 0.0221238938053 |
+----------------+----------------+----------------+----------------+-----------------+
| YMR199W(1.0)   | 0.172131147541 | 0.622448979592 | 0.5            | 0.977876106195  |
+----------------+----------------+----------------+----------------+-----------------+
[('YLR079W', 'YMR043W'), ('YLR079W', 'YLR079W'), ('YER111C', 'YDR146C'), ('YAL040C', 'YDL056W'), ('YER111C', 'YGL116W'), ('YER111C', 'YPR120C'), ('YER111C', 'YER111C'), ('YGR108W', 'YDL056W'), ('YGR108W', 'YLR079W'), ('YMR043W', 'YAL040C'), ('YPR120C', 'YAL040C'), ('YGR108W', 'YGL116W'), ('YGR108W', 'YGR108W'), ('YGR108W', 'YER111C'), ('YMR199W', 'YGL003C'), ('YDR146C', 'YDR146C'), ('YPR120C', 'YMR199W'), ('YPR120C', 'YMR043W'), ('YGL116W', 'YPR120C'), ('YLR079W', 'YGL003C'), ('YMR199W', 'YMR199W'), ('YDR146C', 'YGR108W')]
