[('G7', 'G4'), ('G7', 'G3'), ('G7', 'G1'), ('G5', 'G7'), ('G5', 'G2'), ('G3', 'G4'), ('G3', 'G8'), ('G2', 'G7'), ('G2', 'G3'), ('G2', 'G10'), ('G1', 'G8'), ('G1', 'G10'), ('G8', 'G4'), ('G8', 'G9'), ('G10', 'G8')]
+---------+---------+----------------+----------------+----------------+
| G2      | G2(0.0) | G2(0.0)        | G2(1.0)        | G2(1.0)        |
+---------+---------+----------------+----------------+----------------+
| G5      | G5(0.0) | G5(1.0)        | G5(0.0)        | G5(1.0)        |
+---------+---------+----------------+----------------+----------------+
| G7(0.0) | 0.74    | 0.984076433121 | 0.143835616438 | 0.727027027027 |
+---------+---------+----------------+----------------+----------------+
| G7(1.0) | 0.26    | 0.015923566879 | 0.856164383562 | 0.272972972973 |
+---------+---------+----------------+----------------+----------------+
+---------+---+
| G6(0.0) | 1 |
+---------+---+
+---------+----------+
| G5(0.0) | 0.222727 |
+---------+----------+
| G5(1.0) | 0.777273 |
+---------+----------+
+---------+----------------+----------------+---------+-----------------+----------------+----------------+---------+----------------+
| G3      | G3(0.0)        | G3(0.0)        | G3(0.0) | G3(0.0)         | G3(1.0)        | G3(1.0)        | G3(1.0) | G3(1.0)        |
+---------+----------------+----------------+---------+-----------------+----------------+----------------+---------+----------------+
| G7      | G7(0.0)        | G7(0.0)        | G7(1.0) | G7(1.0)         | G7(0.0)        | G7(0.0)        | G7(1.0) | G7(1.0)        |
+---------+----------------+----------------+---------+-----------------+----------------+----------------+---------+----------------+
| G8      | G8(0.0)        | G8(1.0)        | G8(0.0) | G8(1.0)         | G8(0.0)        | G8(1.0)        | G8(0.0) | G8(1.0)        |
+---------+----------------+----------------+---------+-----------------+----------------+----------------+---------+----------------+
| G4(0.0) | 0.807692307692 | 0.124161073826 | 0.5     | 0.0744680851064 | 0.876470588235 | 0.047557840617 | 0.5     | 0.715053763441 |
+---------+----------------+----------------+---------+-----------------+----------------+----------------+---------+----------------+
| G4(1.0) | 0.192307692308 | 0.875838926174 | 0.5     | 0.925531914894  | 0.123529411765 | 0.952442159383 | 0.5     | 0.284946236559 |
+---------+----------------+----------------+---------+-----------------+----------------+----------------+---------+----------------+
+---------+----------------+----------------+----------------+----------------+
| G2      | G2(0.0)        | G2(0.0)        | G2(1.0)        | G2(1.0)        |
+---------+----------------+----------------+----------------+----------------+
| G7      | G7(0.0)        | G7(1.0)        | G7(0.0)        | G7(1.0)        |
+---------+----------------+----------------+----------------+----------------+
| G3(0.0) | 0.176300578035 | 0.722222222222 | 0.348275862069 | 0.588495575221 |
+---------+----------------+----------------+----------------+----------------+
| G3(1.0) | 0.823699421965 | 0.277777777778 | 0.651724137931 | 0.411504424779 |
+---------+----------------+----------------+----------------+----------------+
+---------+----------------+----------------+
| G5      | G5(0.0)        | G5(1.0)        |
+---------+----------------+----------------+
| G2(0.0) | 0.255102040816 | 0.459064327485 |
+---------+----------------+----------------+
| G2(1.0) | 0.744897959184 | 0.540935672515 |
+---------+----------------+----------------+
+---------+----------------+----------------+
| G7      | G7(0.0)        | G7(1.0)        |
+---------+----------------+----------------+
| G1(0.0) | 0.531446540881 | 0.827868852459 |
+---------+----------------+----------------+
| G1(1.0) | 0.468553459119 | 0.172131147541 |
+---------+----------------+----------------+
+---------+----------------+----------------+
| G8      | G8(0.0)        | G8(1.0)        |
+---------+----------------+----------------+
| G9(0.0) | 0.537037037037 | 0.354922279793 |
+---------+----------------+----------------+
| G9(1.0) | 0.462962962963 | 0.645077720207 |
+---------+----------------+----------------+
+---------+----------+----------+-----------------+------------------+-----------------+----------------+----------------+----------------+
| G1      | G1(0.0)  | G1(0.0)  | G1(0.0)         | G1(0.0)          | G1(1.0)         | G1(1.0)        | G1(1.0)        | G1(1.0)        |
+---------+----------+----------+-----------------+------------------+-----------------+----------------+----------------+----------------+
| G10     | G10(0.0) | G10(0.0) | G10(1.0)        | G10(1.0)         | G10(0.0)        | G10(0.0)       | G10(1.0)       | G10(1.0)       |
+---------+----------+----------+-----------------+------------------+-----------------+----------------+----------------+----------------+
| G3      | G3(0.0)  | G3(1.0)  | G3(0.0)         | G3(1.0)          | G3(0.0)         | G3(1.0)        | G3(0.0)        | G3(1.0)        |
+---------+----------+----------+-----------------+------------------+-----------------+----------------+----------------+----------------+
| G8(0.0) | 0.5      | 0.5      | 0.0109170305677 | 0.00830564784053 | 0.0409836065574 | 0.610091743119 | 0.807692307692 | 0.117834394904 |
+---------+----------+----------+-----------------+------------------+-----------------+----------------+----------------+----------------+
| G8(1.0) | 0.5      | 0.5      | 0.989082969432  | 0.991694352159   | 0.959016393443  | 0.389908256881 | 0.192307692308 | 0.882165605096 |
+---------+----------+----------+-----------------+------------------+-----------------+----------------+----------------+----------------+
+----------+-----------------+-----------------+----------------+----------------+
| G1       | G1(0.0)         | G1(0.0)         | G1(1.0)        | G1(1.0)        |
+----------+-----------------+-----------------+----------------+----------------+
| G2       | G2(0.0)         | G2(1.0)         | G2(0.0)        | G2(1.0)        |
+----------+-----------------+-----------------+----------------+----------------+
| G10(0.0) | 0.0247524752475 | 0.0147928994083 | 0.179012345679 | 0.792134831461 |
+----------+-----------------+-----------------+----------------+----------------+
| G10(1.0) | 0.975247524752  | 0.985207100592  | 0.820987654321 | 0.207865168539 |
+----------+-----------------+-----------------+----------------+----------------+
