[('G7', 'G5'), ('G7', 'G2'), ('G6', 'G8'), ('G5', 'G6'), ('G5', 'G1'), ('G4', 'G2'), ('G3', 'G7'), ('G3', 'G4'), ('G3', 'G9'), ('G2', 'G1'), ('G9', 'G4'), ('G9', 'G2'), ('G9', 'G1'), ('G8', 'G9'), ('G10', 'G5'), ('G10', 'G4'), ('G10', 'G3'), ('G10', 'G9'), ('G10', 'G8')]
+---------+----------------+-----------------+
| G3      | G3(0.0)        | G3(1.0)         |
+---------+----------------+-----------------+
| G7(0.0) | 0.664179104478 | 0.970588235294  |
+---------+----------------+-----------------+
| G7(1.0) | 0.335820895522 | 0.0294117647059 |
+---------+----------------+-----------------+
+---------+----------------+---------+
| G5      | G5(0.0)        | G5(1.0) |
+---------+----------------+---------+
| G6(0.0) | 0.665714285714 | 0.1     |
+---------+----------------+---------+
| G6(1.0) | 0.334285714286 | 0.9     |
+---------+----------------+---------+
+---------+---------------+----------------+-----------------+----------------+
| G10     | G10(0.0)      | G10(0.0)       | G10(1.0)        | G10(1.0)       |
+---------+---------------+----------------+-----------------+----------------+
| G7      | G7(0.0)       | G7(1.0)        | G7(0.0)         | G7(1.0)        |
+---------+---------------+----------------+-----------------+----------------+
| G5(0.0) | 0.68045112782 | 0.283783783784 | 0.974308300395  | 0.147058823529 |
+---------+---------------+----------------+-----------------+----------------+
| G5(1.0) | 0.31954887218 | 0.716216216216 | 0.0256916996047 | 0.852941176471 |
+---------+---------------+----------------+-----------------+----------------+
+---------+----------------+-----------------+----------------+----------+----------+----------------+----------------+----------------+
| G10     | G10(0.0)       | G10(0.0)        | G10(0.0)       | G10(0.0) | G10(1.0) | G10(1.0)       | G10(1.0)       | G10(1.0)       |
+---------+----------------+-----------------+----------------+----------+----------+----------------+----------------+----------------+
| G3      | G3(0.0)        | G3(0.0)         | G3(1.0)        | G3(1.0)  | G3(0.0)  | G3(0.0)        | G3(1.0)        | G3(1.0)        |
+---------+----------------+-----------------+----------------+----------+----------+----------------+----------------+----------------+
| G9      | G9(0.0)        | G9(1.0)         | G9(0.0)        | G9(1.0)  | G9(0.0)  | G9(1.0)        | G9(0.0)        | G9(1.0)        |
+---------+----------------+-----------------+----------------+----------+----------+----------------+----------------+----------------+
| G4(0.0) | 0.807692307692 | 0.0532994923858 | 0.801075268817 | 0.5      | 0.5      | 0.198113207547 | 0.898826979472 | 0.641843971631 |
+---------+----------------+-----------------+----------------+----------+----------+----------------+----------------+----------------+
| G4(1.0) | 0.192307692308 | 0.946700507614  | 0.198924731183 | 0.5      | 0.5      | 0.801886792453 | 0.101173020528 | 0.358156028369 |
+---------+----------------+-----------------+----------------+----------+----------+----------------+----------------+----------------+
+---------+----------------+----------------+
| G10     | G10(0.0)       | G10(1.0)       |
+---------+----------------+----------------+
| G3(0.0) | 0.617647058824 | 0.107407407407 |
+---------+----------------+----------------+
| G3(1.0) | 0.382352941176 | 0.892592592593 |
+---------+----------------+----------------+
+---------+------------------+---------+---------+---------+----------------+----------------+---------+----------------+
| G4      | G4(0.0)          | G4(0.0) | G4(0.0) | G4(0.0) | G4(1.0)        | G4(1.0)        | G4(1.0) | G4(1.0)        |
+---------+------------------+---------+---------+---------+----------------+----------------+---------+----------------+
| G7      | G7(0.0)          | G7(0.0) | G7(1.0) | G7(1.0) | G7(0.0)        | G7(0.0)        | G7(1.0) | G7(1.0)        |
+---------+------------------+---------+---------+---------+----------------+----------------+---------+----------------+
| G9      | G9(0.0)          | G9(1.0) | G9(0.0) | G9(1.0) | G9(0.0)        | G9(1.0)        | G9(0.0) | G9(1.0)        |
+---------+------------------+---------+---------+---------+----------------+----------------+---------+----------------+
| G2(0.0) | 0.00642673521851 | 0.34    | 0.5     | 0.5     | 0.198113207547 | 0.519512195122 | 0.5     | 0.801075268817 |
+---------+------------------+---------+---------+---------+----------------+----------------+---------+----------------+
| G2(1.0) | 0.993573264781   | 0.66    | 0.5     | 0.5     | 0.801886792453 | 0.480487804878 | 0.5     | 0.198924731183 |
+---------+------------------+---------+---------+---------+----------------+----------------+---------+----------------+
+---------+----------------+-----------------+---------+----------------+-----------------+----------------+----------------+----------------+
| G2      | G2(0.0)        | G2(0.0)         | G2(0.0) | G2(0.0)        | G2(1.0)         | G2(1.0)        | G2(1.0)        | G2(1.0)        |
+---------+----------------+-----------------+---------+----------------+-----------------+----------------+----------------+----------------+
| G5      | G5(0.0)        | G5(0.0)         | G5(1.0) | G5(1.0)        | G5(0.0)         | G5(0.0)        | G5(1.0)        | G5(1.0)        |
+---------+----------------+-----------------+---------+----------------+-----------------+----------------+----------------+----------------+
| G9      | G9(0.0)        | G9(1.0)         | G9(0.0) | G9(1.0)        | G9(0.0)         | G9(1.0)        | G9(0.0)        | G9(1.0)        |
+---------+----------------+-----------------+---------+----------------+-----------------+----------------+----------------+----------------+
| G1(0.0) | 0.807692307692 | 0.910256410256  | 0.5     | 0.756880733945 | 0.0681233933162 | 0.455801104972 | 0.766666666667 | 0.880952380952 |
+---------+----------------+-----------------+---------+----------------+-----------------+----------------+----------------+----------------+
| G1(1.0) | 0.192307692308 | 0.0897435897436 | 0.5     | 0.243119266055 | 0.931876606684  | 0.544198895028 | 0.233333333333 | 0.119047619048 |
+---------+----------------+-----------------+---------+----------------+-----------------+----------------+----------------+----------------+
+---------+-----------------+-----------------+----------------+----------------+-----------------+----------------+----------------+----------------+
| G10     | G10(0.0)        | G10(0.0)        | G10(0.0)       | G10(0.0)       | G10(1.0)        | G10(1.0)       | G10(1.0)       | G10(1.0)       |
+---------+-----------------+-----------------+----------------+----------------+-----------------+----------------+----------------+----------------+
| G3      | G3(0.0)         | G3(0.0)         | G3(1.0)        | G3(1.0)        | G3(0.0)         | G3(0.0)        | G3(1.0)        | G3(1.0)        |
+---------+-----------------+-----------------+----------------+----------------+-----------------+----------------+----------------+----------------+
| G8      | G8(0.0)         | G8(1.0)         | G8(0.0)        | G8(1.0)        | G8(0.0)         | G8(1.0)        | G8(0.0)        | G8(1.0)        |
+---------+-----------------+-----------------+----------------+----------------+-----------------+----------------+----------------+----------------+
| G9(0.0) | 0.0580110497238 | 0.0862068965517 | 0.434426229508 | 0.963768115942 | 0.0675675675676 | 0.119047619048 | 0.423566878981 | 0.844615384615 |
+---------+-----------------+-----------------+----------------+----------------+-----------------+----------------+----------------+----------------+
| G9(1.0) | 0.941988950276  | 0.913793103448  | 0.565573770492 | 0.036231884058 | 0.932432432432  | 0.880952380952 | 0.576433121019 | 0.155384615385 |
+---------+-----------------+-----------------+----------------+----------------+-----------------+----------------+----------------+----------------+
+---------+----------------+----------------+-----------------+----------------+
| G10     | G10(0.0)       | G10(0.0)       | G10(1.0)        | G10(1.0)       |
+---------+----------------+----------------+-----------------+----------------+
| G6      | G6(0.0)        | G6(1.0)        | G6(0.0)         | G6(1.0)        |
+---------+----------------+----------------+-----------------+----------------+
| G8(0.0) | 0.582191780822 | 0.809278350515 | 0.0621301775148 | 0.856435643564 |
+---------+----------------+----------------+-----------------+----------------+
| G8(1.0) | 0.417808219178 | 0.190721649485 | 0.937869822485  | 0.143564356436 |
+---------+----------------+----------------+-----------------+----------------+
+----------+----------+
| G10(0.0) | 0.386364 |
+----------+----------+
| G10(1.0) | 0.613636 |
+----------+----------+
