[('G7', 'G3'), ('G6', 'G10'), ('G6', 'G4'), ('G6', 'G1'), ('G6', 'G8'), ('G5', 'G6'), ('G4', 'G3'), ('G4', 'G1'), ('G2', 'G8'), ('G1', 'G7'), ('G1', 'G8'), ('G9', 'G6'), ('G9', 'G5'), ('G9', 'G4'), ('G9', 'G2'), ('G9', 'G10'), ('G8', 'G7'), ('G10', 'G7'), ('G10', 'G4'), ('G10', 'G3'), ('G10', 'G2')]
+---------+----------------+----------+----------+----------------+-----------------+-----------------+----------------+-----------------+
| G1      | G1(0.0)        | G1(0.0)  | G1(0.0)  | G1(0.0)        | G1(1.0)         | G1(1.0)         | G1(1.0)        | G1(1.0)         |
+---------+----------------+----------+----------+----------------+-----------------+-----------------+----------------+-----------------+
| G10     | G10(0.0)       | G10(0.0) | G10(1.0) | G10(1.0)       | G10(0.0)        | G10(0.0)        | G10(1.0)       | G10(1.0)        |
+---------+----------------+----------+----------+----------------+-----------------+-----------------+----------------+-----------------+
| G8      | G8(0.0)        | G8(1.0)  | G8(0.0)  | G8(1.0)        | G8(0.0)         | G8(1.0)         | G8(0.0)        | G8(1.0)         |
+---------+----------------+----------+----------+----------------+-----------------+-----------------+----------------+-----------------+
| G7(0.0) | 0.119047619048 | 0.5      | 0.5      | 0.985549132948 | 0.0555555555556 | 0.977064220183  | 0.629032258065 | 0.951443569554  |
+---------+----------------+----------+----------+----------------+-----------------+-----------------+----------------+-----------------+
| G7(1.0) | 0.880952380952 | 0.5      | 0.5      | 0.014450867052 | 0.944444444444  | 0.0229357798165 | 0.370967741935 | 0.0485564304462 |
+---------+----------------+----------+----------+----------------+-----------------+-----------------+----------------+-----------------+
+---------+----------------+---------------+----------------+----------------+
| G5      | G5(0.0)        | G5(0.0)       | G5(1.0)        | G5(1.0)        |
+---------+----------------+---------------+----------------+----------------+
| G9      | G9(0.0)        | G9(1.0)       | G9(0.0)        | G9(1.0)        |
+---------+----------------+---------------+----------------+----------------+
| G6(0.0) | 0.459183673469 | 0.10237388724 | 0.548780487805 | 0.807692307692 |
+---------+----------------+---------------+----------------+----------------+
| G6(1.0) | 0.540816326531 | 0.89762611276 | 0.451219512195 | 0.192307692308 |
+---------+----------------+---------------+----------------+----------------+
+---------+----------------+-----------------+
| G9      | G9(0.0)        | G9(1.0)         |
+---------+----------------+-----------------+
| G5(0.0) | 0.544444444444 | 0.962857142857  |
+---------+----------------+-----------------+
| G5(1.0) | 0.455555555556 | 0.0371428571429 |
+---------+----------------+-----------------+
+---------+----------+-----------------+----------+-----------------+-----------------+----------+----------------+-----------------+
| G10     | G10(0.0) | G10(0.0)        | G10(0.0) | G10(0.0)        | G10(1.0)        | G10(1.0) | G10(1.0)       | G10(1.0)        |
+---------+----------+-----------------+----------+-----------------+-----------------+----------+----------------+-----------------+
| G6      | G6(0.0)  | G6(0.0)         | G6(1.0)  | G6(1.0)         | G6(0.0)         | G6(0.0)  | G6(1.0)        | G6(1.0)         |
+---------+----------+-----------------+----------+-----------------+-----------------+----------+----------------+-----------------+
| G9      | G9(0.0)  | G9(1.0)         | G9(0.0)  | G9(1.0)         | G9(0.0)         | G9(1.0)  | G9(0.0)        | G9(1.0)         |
+---------+----------+-----------------+----------+-----------------+-----------------+----------+----------------+-----------------+
| G4(0.0) | 0.5      | 0.0294117647059 | 0.5      | 0.0294117647059 | 0.0294117647059 | 0.5      | 0.876470588235 | 0.0047619047619 |
+---------+----------+-----------------+----------+-----------------+-----------------+----------+----------------+-----------------+
| G4(1.0) | 0.5      | 0.970588235294  | 0.5      | 0.970588235294  | 0.970588235294  | 0.5      | 0.123529411765 | 0.995238095238  |
+---------+----------+-----------------+----------+-----------------+-----------------+----------+----------------+-----------------+
+---------+----------+----------+----------------+----------------+----------------+----------------+-----------------+----------------+
| G10     | G10(0.0) | G10(0.0) | G10(0.0)       | G10(0.0)       | G10(1.0)       | G10(1.0)       | G10(1.0)        | G10(1.0)       |
+---------+----------+----------+----------------+----------------+----------------+----------------+-----------------+----------------+
| G4      | G4(0.0)  | G4(0.0)  | G4(1.0)        | G4(1.0)        | G4(0.0)        | G4(0.0)        | G4(1.0)         | G4(1.0)        |
+---------+----------+----------+----------------+----------------+----------------+----------------+-----------------+----------------+
| G7      | G7(0.0)  | G7(1.0)  | G7(0.0)        | G7(1.0)        | G7(0.0)        | G7(1.0)        | G7(0.0)         | G7(1.0)        |
+---------+----------+----------+----------------+----------------+----------------+----------------+-----------------+----------------+
| G3(0.0) | 0.5      | 0.5      | 0.389908256881 | 0.827868852459 | 0.349056603774 | 0.362068965517 | 0.0327433628319 | 0.349056603774 |
+---------+----------+----------+----------------+----------------+----------------+----------------+-----------------+----------------+
| G3(1.0) | 0.5      | 0.5      | 0.610091743119 | 0.172131147541 | 0.650943396226 | 0.637931034483 | 0.967256637168  | 0.650943396226 |
+---------+----------+----------+----------------+----------------+----------------+----------------+-----------------+----------------+
+---------+----------+----------------+----------------+----------------+
| G10     | G10(0.0) | G10(0.0)       | G10(1.0)       | G10(1.0)       |
+---------+----------+----------------+----------------+----------------+
| G9      | G9(0.0)  | G9(1.0)        | G9(0.0)        | G9(1.0)        |
+---------+----------+----------------+----------------+----------------+
| G2(0.0) | 0.5      | 0.170588235294 | 0.170588235294 | 0.809433962264 |
+---------+----------+----------------+----------------+----------------+
| G2(1.0) | 0.5      | 0.829411764706 | 0.829411764706 | 0.190566037736 |
+---------+----------+----------------+----------------+----------------+
+---------+---------+----------------+----------------+----------------+
| G4      | G4(0.0) | G4(0.0)        | G4(1.0)        | G4(1.0)        |
+---------+---------+----------------+----------------+----------------+
| G6      | G6(0.0) | G6(1.0)        | G6(0.0)        | G6(1.0)        |
+---------+---------+----------------+----------------+----------------+
| G1(0.0) | 0.5     | 0.451219512195 | 0.123529411765 | 0.305825242718 |
+---------+---------+----------------+----------------+----------------+
| G1(1.0) | 0.5     | 0.548780487805 | 0.876470588235 | 0.694174757282 |
+---------+---------+----------------+----------------+----------------+
+---------+----------+
| G9(0.0) | 0.204545 |
+---------+----------+
| G9(1.0) | 0.795455 |
+---------+----------+
+---------+----------------+-----------------+----------------+---------------+-----------------+-----------------+---------+----------------+
| G1      | G1(0.0)        | G1(0.0)         | G1(0.0)        | G1(0.0)       | G1(1.0)         | G1(1.0)         | G1(1.0) | G1(1.0)        |
+---------+----------------+-----------------+----------------+---------------+-----------------+-----------------+---------+----------------+
| G2      | G2(0.0)        | G2(0.0)         | G2(1.0)        | G2(1.0)       | G2(0.0)         | G2(0.0)         | G2(1.0) | G2(1.0)        |
+---------+----------------+-----------------+----------------+---------------+-----------------+-----------------+---------+----------------+
| G6      | G6(0.0)        | G6(1.0)         | G6(0.0)        | G6(1.0)       | G6(0.0)         | G6(1.0)         | G6(0.0) | G6(1.0)        |
+---------+----------------+-----------------+----------------+---------------+-----------------+-----------------+---------+----------------+
| G8(0.0) | 0.192307692308 | 0.0704697986577 | 0.192307692308 | 0.75974025974 | 0.0862068965517 | 0.0348837209302 | 0.084   | 0.661849710983 |
+---------+----------------+-----------------+----------------+---------------+-----------------+-----------------+---------+----------------+
| G8(1.0) | 0.807692307692 | 0.929530201342  | 0.807692307692 | 0.24025974026 | 0.913793103448  | 0.96511627907   | 0.916   | 0.338150289017 |
+---------+----------------+-----------------+----------------+---------------+-----------------+-----------------+---------+----------------+
+----------+-----------------+-----------------+-----------------+----------------+
| G6       | G6(0.0)         | G6(0.0)         | G6(1.0)         | G6(1.0)        |
+----------+-----------------+-----------------+-----------------+----------------+
| G9       | G9(0.0)         | G9(1.0)         | G9(0.0)         | G9(1.0)        |
+----------+-----------------+-----------------+-----------------+----------------+
| G10(0.0) | 0.0555555555556 | 0.944444444444  | 0.0555555555556 | 0.139344262295 |
+----------+-----------------+-----------------+-----------------+----------------+
| G10(1.0) | 0.944444444444  | 0.0555555555556 | 0.944444444444  | 0.860655737705 |
+----------+-----------------+-----------------+-----------------+----------------+
