[('YAL040C', 'YER111C'), ('YAL040C', 'YDL056W'), ('YLR079W', 'YDR146C'), ('YGL116W', 'YPR120C'), ('YGR108W', 'YAL040C'), ('YER111C', 'YMR043W'), ('YER111C', 'YMR199W'), ('YPR120C', 'YLR079W'), ('YPR120C', 'YGL003C'), ('YGL003C', 'YGR108W')]
+------------+------------+
| YGR108W    | YGR108W(0) |
+------------+------------+
| YAL040C(1) | 1.0        |
+------------+------------+
+------------+------------+
| YPR120C    | YPR120C(0) |
+------------+------------+
| YLR079W(0) | 1.0        |
+------------+------------+
+------------+------------+
| YER111C    | YER111C(0) |
+------------+------------+
| YMR199W(0) | 1.0        |
+------------+------------+
+------------+------------+
| YAL040C    | YAL040C(1) |
+------------+------------+
| YDL056W(1) | 1.0        |
+------------+------------+
+------------+---+
| YGL116W(1) | 1 |
+------------+---+
+------------+------------+
| YER111C    | YER111C(0) |
+------------+------------+
| YMR043W(0) | 1.0        |
+------------+------------+
+------------+------------+
| YLR079W    | YLR079W(0) |
+------------+------------+
| YDR146C(0) | 1.0        |
+------------+------------+
+------------+------------+
| YGL003C    | YGL003C(1) |
+------------+------------+
| YGR108W(0) | 1.0        |
+------------+------------+
+------------+------------+
| YAL040C    | YAL040C(1) |
+------------+------------+
| YER111C(0) | 1.0        |
+------------+------------+
+------------+------------+
| YGL116W    | YGL116W(1) |
+------------+------------+
| YPR120C(0) | 1.0        |
+------------+------------+
+------------+------------+
| YPR120C    | YPR120C(0) |
+------------+------------+
| YGL003C(1) | 1.0        |
+------------+------------+
[(('YER111C', 1), ('YGL003C', 1)), (('YER111C', 1), ('YDR146C', 1)), (('YGL003C', 0), ('YER111C', 1)), (('YMR043W', 1), ('YDR146C', 1)), (('YER111C', 0), ('YMR199W', 1)), (('YER111C', 0), ('YPR120C', 1)), (('YGL116W', 0), ('YMR043W', 1)), (('YGL116W', 1), ('YER111C', 1)), (('YDL056W', 0), ('YGL116W', 1)), (('YMR199W', 0), ('YAL040C', 1)), (('YGL003C', 1), ('YLR079W', 1)), (('YDR146C', 1), ('YDL056W', 1)), (('YDR146C', 1), ('YGR108W', 1))]
+----------------+----------------+----------------+
| ('YMR199W', 0) | YMR199W_0(0)   | YMR199W_0(1)   |
+----------------+----------------+----------------+
| YAL040C(0)     | 0.166666666667 | 0.759259259259 |
+----------------+----------------+----------------+
| YAL040C(1)     | 0.833333333333 | 0.240740740741 |
+----------------+----------------+----------------+
+----------------+----------------+----------------+
| ('YGL003C', 1) | YGL003C_1(0)   | YGL003C_1(1)   |
+----------------+----------------+----------------+
| YLR079W(0)     | 0.192307692308 | 0.568965517241 |
+----------------+----------------+----------------+
| YLR079W(1)     | 0.807692307692 | 0.431034482759 |
+----------------+----------------+----------------+
+----------------+----------------+--------------+
| ('YER111C', 1) | YER111C_1(0)   | YER111C_1(1) |
+----------------+----------------+--------------+
| YGL003C(0)     | 0.147058823529 | 0.42         |
+----------------+----------------+--------------+
| YGL003C(1)     | 0.852941176471 | 0.58         |
+----------------+----------------+--------------+
+----------------+----------------+----------------+
| ('YDR146C', 1) | YDR146C_1(0)   | YDR146C_1(1)   |
+----------------+----------------+----------------+
| YDL056W(0)     | 0.447368421053 | 0.108695652174 |
+----------------+----------------+----------------+
| YDL056W(1)     | 0.552631578947 | 0.891304347826 |
+----------------+----------------+----------------+
+----------------+----------------+----------------+
| ('YDL056W', 0) | YDL056W_0(0)   | YDL056W_0(1)   |
+----------------+----------------+----------------+
| YGL116W(0)     | 0.772727272727 | 0.274193548387 |
+----------------+----------------+----------------+
| YGL116W(1)     | 0.227272727273 | 0.725806451613 |
+----------------+----------------+----------------+
+----------------+----------------+--------------+
| ('YGL116W', 0) | YGL116W_0(0)   | YGL116W_0(1) |
+----------------+----------------+--------------+
| YMR043W(0)     | 0.852941176471 | 0.42         |
+----------------+----------------+--------------+
| YMR043W(1)     | 0.147058823529 | 0.58         |
+----------------+----------------+--------------+
+----------------+----------------+----------------+-----------------+----------------+
| ('YER111C', 1) | YER111C_1(0)   | YER111C_1(0)   | YER111C_1(1)    | YER111C_1(1)   |
+----------------+----------------+----------------+-----------------+----------------+
| ('YMR043W', 1) | YMR043W_1(0)   | YMR043W_1(1)   | YMR043W_1(0)    | YMR043W_1(1)   |
+----------------+----------------+----------------+-----------------+----------------+
| YDR146C(0)     | 0.119047619048 | 0.192307692308 | 0.913793103448  | 0.309523809524 |
+----------------+----------------+----------------+-----------------+----------------+
| YDR146C(1)     | 0.880952380952 | 0.807692307692 | 0.0862068965517 | 0.690476190476 |
+----------------+----------------+----------------+-----------------+----------------+
+----------------+----------------+----------------+
| ('YDR146C', 1) | YDR146C_1(0)   | YDR146C_1(1)   |
+----------------+----------------+----------------+
| YGR108W(0)     | 0.552631578947 | 0.108695652174 |
+----------------+----------------+----------------+
| YGR108W(1)     | 0.447368421053 | 0.891304347826 |
+----------------+----------------+----------------+
+----------------+----------------+----------------+--------------+---------------+
| ('YGL003C', 0) | YGL003C_0(0)   | YGL003C_0(0)   | YGL003C_0(1) | YGL003C_0(1)  |
+----------------+----------------+----------------+--------------+---------------+
| ('YGL116W', 1) | YGL116W_1(0)   | YGL116W_1(1)   | YGL116W_1(0) | YGL116W_1(1)  |
+----------------+----------------+----------------+--------------+---------------+
| YER111C(0)     | 0.277777777778 | 0.147058823529 | 0.1          | 0.80303030303 |
+----------------+----------------+----------------+--------------+---------------+
| YER111C(1)     | 0.722222222222 | 0.852941176471 | 0.9          | 0.19696969697 |
+----------------+----------------+----------------+--------------+---------------+
+----------------+----------------+----------------+
| ('YER111C', 0) | YER111C_0(0)   | YER111C_0(1)   |
+----------------+----------------+----------------+
| YPR120C(0)     | 0.833333333333 | 0.240740740741 |
+----------------+----------------+----------------+
| YPR120C(1)     | 0.166666666667 | 0.759259259259 |
+----------------+----------------+----------------+
+----------------+----------------+-----------------+
| ('YER111C', 0) | YER111C_0(0)   | YER111C_0(1)    |
+----------------+----------------+-----------------+
| YMR199W(0)     | 0.833333333333 | 0.0925925925926 |
+----------------+----------------+-----------------+
| YMR199W(1)     | 0.166666666667 | 0.907407407407  |
+----------------+----------------+-----------------+
[('YER111C', 'YGL003C'), ('YER111C', 'YDR146C'), ('YGL003C', 'YER111C'), ('YMR043W', 'YDR146C'), ('YER111C', 'YMR199W'), ('YER111C', 'YPR120C'), ('YGL116W', 'YMR043W'), ('YGL116W', 'YER111C'), ('YDL056W', 'YGL116W'), ('YMR199W', 'YAL040C'), ('YGL003C', 'YLR079W'), ('YDR146C', 'YDL056W'), ('YDR146C', 'YGR108W')]
