[('YAL040C', 'YER111C'), ('YAL040C', 'YDL056W'), ('YLR079W', 'YDR146C'), ('YGL116W', 'YPR120C'), ('YGR108W', 'YAL040C'), ('YER111C', 'YMR043W'), ('YER111C', 'YMR199W'), ('YPR120C', 'YLR079W'), ('YPR120C', 'YGL003C'), ('YGL003C', 'YGR108W')]
+------------+------------+
| YGR108W    | YGR108W(1) |
+------------+------------+
| YAL040C(1) | 1.0        |
+------------+------------+
+------------+------------+
| YPR120C    | YPR120C(1) |
+------------+------------+
| YLR079W(1) | 1.0        |
+------------+------------+
+------------+------------+
| YER111C    | YER111C(1) |
+------------+------------+
| YMR199W(0) | 1.0        |
+------------+------------+
+------------+------------+
| YAL040C    | YAL040C(1) |
+------------+------------+
| YDL056W(0) | 1.0        |
+------------+------------+
+------------+---+
| YGL116W(1) | 1 |
+------------+---+
+------------+------------+
| YER111C    | YER111C(1) |
+------------+------------+
| YMR043W(1) | 1.0        |
+------------+------------+
+------------+------------+
| YLR079W    | YLR079W(1) |
+------------+------------+
| YDR146C(0) | 1.0        |
+------------+------------+
+------------+------------+
| YGL003C    | YGL003C(1) |
+------------+------------+
| YGR108W(1) | 1.0        |
+------------+------------+
+------------+------------+
| YAL040C    | YAL040C(1) |
+------------+------------+
| YER111C(1) | 1.0        |
+------------+------------+
+------------+------------+
| YGL116W    | YGL116W(1) |
+------------+------------+
| YPR120C(1) | 1.0        |
+------------+------------+
+------------+------------+
| YPR120C    | YPR120C(1) |
+------------+------------+
| YGL003C(1) | 1.0        |
+------------+------------+
[(('YLR079W', 0), ('YDR146C', 1)), (('YLR079W', 0), ('YPR120C', 1)), (('YER111C', 1), ('YDL056W', 1)), (('YGL003C', 0), ('YLR079W', 1)), (('YPR120C', 0), ('YGL003C', 1)), (('YPR120C', 0), ('YAL040C', 1)), (('YGR108W', 0), ('YLR079W', 1)), (('YGR108W', 0), ('YER111C', 1)), (('YMR199W', 1), ('YGL116W', 1)), (('YDR146C', 0), ('YMR199W', 1)), (('YGL116W', 1), ('YAL040C', 1)), (('YLR079W', 1), ('YDR146C', 1)), (('YDL056W', 0), ('YMR043W', 1)), (('YDR146C', 1), ('YGR108W', 1))]
+----------------+----------------+----------------+----------------+-----------------+
| ('YGL116W', 1) | YGL116W_1(0)   | YGL116W_1(0)   | YGL116W_1(1)   | YGL116W_1(1)    |
+----------------+----------------+----------------+----------------+-----------------+
| ('YPR120C', 0) | YPR120C_0(0)   | YPR120C_0(1)   | YPR120C_0(0)   | YPR120C_0(1)    |
+----------------+----------------+----------------+----------------+-----------------+
| YAL040C(0)     | 0.192307692308 | 0.391891891892 | 0.362068965517 | 0.913793103448  |
+----------------+----------------+----------------+----------------+-----------------+
| YAL040C(1)     | 0.807692307692 | 0.608108108108 | 0.637931034483 | 0.0862068965517 |
+----------------+----------------+----------------+----------------+-----------------+
+----------------+----------------+----------------+-----------------+----------------+
| ('YGL003C', 0) | YGL003C_0(0)   | YGL003C_0(0)   | YGL003C_0(1)    | YGL003C_0(1)   |
+----------------+----------------+----------------+-----------------+----------------+
| ('YGR108W', 0) | YGR108W_0(0)   | YGR108W_0(1)   | YGR108W_0(0)    | YGR108W_0(1)   |
+----------------+----------------+----------------+-----------------+----------------+
| YLR079W(0)     | 0.722222222222 | 0.852941176471 | 0.0675675675676 | 0.588888888889 |
+----------------+----------------+----------------+-----------------+----------------+
| YLR079W(1)     | 0.277777777778 | 0.147058823529 | 0.932432432432  | 0.411111111111 |
+----------------+----------------+----------------+-----------------+----------------+
+----------------+----------------+----------------+
| ('YPR120C', 0) | YPR120C_0(0)   | YPR120C_0(1)   |
+----------------+----------------+----------------+
| YGL003C(0)     | 0.119047619048 | 0.378787878788 |
+----------------+----------------+----------------+
| YGL003C(1)     | 0.880952380952 | 0.621212121212 |
+----------------+----------------+----------------+
+----------------+----------------+----------------+
| ('YER111C', 1) | YER111C_1(0)   | YER111C_1(1)   |
+----------------+----------------+----------------+
| YDL056W(0)     | 0.166666666667 | 0.525641025641 |
+----------------+----------------+----------------+
| YDL056W(1)     | 0.833333333333 | 0.474358974359 |
+----------------+----------------+----------------+
+----------------+--------------+----------------+
| ('YMR199W', 1) | YMR199W_1(0) | YMR199W_1(1)   |
+----------------+--------------+----------------+
| YGL116W(0)     | 0.26         | 0.637931034483 |
+----------------+--------------+----------------+
| YGL116W(1)     | 0.74         | 0.362068965517 |
+----------------+--------------+----------------+
+----------------+----------------+----------------+
| ('YDL056W', 0) | YDL056W_0(0)   | YDL056W_0(1)   |
+----------------+----------------+----------------+
| YMR043W(0)     | 0.630434782609 | 0.274193548387 |
+----------------+----------------+----------------+
| YMR043W(1)     | 0.369565217391 | 0.725806451613 |
+----------------+----------------+----------------+
+----------------+-----------------+----------------+----------------+----------------+
| ('YLR079W', 0) | YLR079W_0(0)    | YLR079W_0(0)   | YLR079W_0(1)   | YLR079W_0(1)   |
+----------------+-----------------+----------------+----------------+----------------+
| ('YLR079W', 1) | YLR079W_1(0)    | YLR079W_1(1)   | YLR079W_1(0)   | YLR079W_1(1)   |
+----------------+-----------------+----------------+----------------+----------------+
| YDR146C(0)     | 0.0757575757576 | 0.147058823529 | 0.147058823529 | 0.841463414634 |
+----------------+-----------------+----------------+----------------+----------------+
| YDR146C(1)     | 0.924242424242  | 0.852941176471 | 0.852941176471 | 0.158536585366 |
+----------------+-----------------+----------------+----------------+----------------+
+----------------+----------------+---------------+
| ('YDR146C', 1) | YDR146C_1(0)   | YDR146C_1(1)  |
+----------------+----------------+---------------+
| YGR108W(0)     | 0.785714285714 | 0.19696969697 |
+----------------+----------------+---------------+
| YGR108W(1)     | 0.214285714286 | 0.80303030303 |
+----------------+----------------+---------------+
+----------------+----------------+----------------+
| ('YGR108W', 0) | YGR108W_0(0)   | YGR108W_0(1)   |
+----------------+----------------+----------------+
| YER111C(0)     | 0.108695652174 | 0.403225806452 |
+----------------+----------------+----------------+
| YER111C(1)     | 0.891304347826 | 0.596774193548 |
+----------------+----------------+----------------+
+----------------+--------------+----------------+
| ('YLR079W', 0) | YLR079W_0(0) | YLR079W_0(1)   |
+----------------+--------------+----------------+
| YPR120C(0)     | 0.66         | 0.224137931034 |
+----------------+--------------+----------------+
| YPR120C(1)     | 0.34         | 0.775862068966 |
+----------------+--------------+----------------+
+----------------+----------------+----------------+
| ('YDR146C', 0) | YDR146C_0(0)   | YDR146C_0(1)   |
+----------------+----------------+----------------+
| YMR199W(0)     | 0.119047619048 | 0.681818181818 |
+----------------+----------------+----------------+
| YMR199W(1)     | 0.880952380952 | 0.318181818182 |
+----------------+----------------+----------------+
[('YLR079W', 'YDR146C'), ('YLR079W', 'YPR120C'), ('YER111C', 'YDL056W'), ('YGL003C', 'YLR079W'), ('YPR120C', 'YGL003C'), ('YPR120C', 'YAL040C'), ('YGR108W', 'YLR079W'), ('YGR108W', 'YER111C'), ('YMR199W', 'YGL116W'), ('YDR146C', 'YMR199W'), ('YGL116W', 'YAL040C'), ('YLR079W', 'YDR146C'), ('YDL056W', 'YMR043W'), ('YDR146C', 'YGR108W')]
