[('YAL040C', 'YER111C'), ('YAL040C', 'YDL056W'), ('YLR079W', 'YDR146C'), ('YGL116W', 'YPR120C'), ('YGR108W', 'YAL040C'), ('YER111C', 'YMR043W'), ('YER111C', 'YMR199W'), ('YPR120C', 'YLR079W'), ('YPR120C', 'YGL003C'), ('YGL003C', 'YGR108W')]
+------------+------------+
| YGR108W    | YGR108W(1) |
+------------+------------+
| YAL040C(1) | 1.0        |
+------------+------------+
+------------+------------+
| YPR120C    | YPR120C(1) |
+------------+------------+
| YLR079W(1) | 1.0        |
+------------+------------+
+------------+------------+
| YER111C    | YER111C(1) |
+------------+------------+
| YMR199W(0) | 1.0        |
+------------+------------+
+------------+------------+
| YAL040C    | YAL040C(1) |
+------------+------------+
| YDL056W(0) | 1.0        |
+------------+------------+
+------------+---+
| YGL116W(1) | 1 |
+------------+---+
+------------+------------+
| YER111C    | YER111C(1) |
+------------+------------+
| YMR043W(1) | 1.0        |
+------------+------------+
+------------+------------+
| YLR079W    | YLR079W(1) |
+------------+------------+
| YDR146C(0) | 1.0        |
+------------+------------+
+------------+------------+
| YGL003C    | YGL003C(1) |
+------------+------------+
| YGR108W(1) | 1.0        |
+------------+------------+
+------------+------------+
| YAL040C    | YAL040C(1) |
+------------+------------+
| YER111C(1) | 1.0        |
+------------+------------+
+------------+------------+
| YGL116W    | YGL116W(1) |
+------------+------------+
| YPR120C(1) | 1.0        |
+------------+------------+
+------------+------------+
| YPR120C    | YPR120C(1) |
+------------+------------+
| YGL003C(1) | 1.0        |
+------------+------------+
[(('YLR079W', 0), ('YDR146C', 1)), (('YLR079W', 0), ('YMR199W', 1)), (('YLR079W', 0), ('YPR120C', 1)), (('YLR079W', 0), ('YLR079W', 1)), (('YLR079W', 0), ('YGR108W', 1)), (('YDL056W', 1), ('YER111C', 1)), (('YGL003C', 0), ('YDR146C', 1)), (('YGL003C', 0), ('YLR079W', 1)), (('YAL040C', 0), ('YGL116W', 1)), (('YAL040C', 0), ('YPR120C', 1)), (('YAL040C', 0), ('YER111C', 1)), (('YER111C', 0), ('YMR199W', 1)), (('YGR108W', 1), ('YER111C', 1)), (('YPR120C', 0), ('YPR120C', 1)), (('YPR120C', 0), ('YLR079W', 1)), (('YPR120C', 0), ('YAL040C', 1)), (('YAL040C', 1), ('YGL116W', 1)), (('YGR108W', 0), ('YDR146C', 1)), (('YGR108W', 0), ('YGR108W', 1)), (('YDR146C', 0), ('YGL116W', 1)), (('YDR146C', 0), ('YGL003C', 1)), (('YGL116W', 1), ('YMR199W', 1)), (('YGL116W', 1), ('YDL056W', 1)), (('YDL056W', 0), ('YMR043W', 1)), (('YDR146C', 1), ('YDL056W', 1)), (('YDR146C', 1), ('YGR108W', 1))]
+----------------+----------------+----------------+
| ('YPR120C', 0) | YPR120C_0(0)   | YPR120C_0(1)   |
+----------------+----------------+----------------+
| YAL040C(0)     | 0.309523809524 | 0.621212121212 |
+----------------+----------------+----------------+
| YAL040C(1)     | 0.690476190476 | 0.378787878788 |
+----------------+----------------+----------------+
+----------------+--------------+----------------+--------------+-----------------+----------------+----------------+----------------+-----------------+
| ('YGL003C', 0) | YGL003C_0(0) | YGL003C_0(0)   | YGL003C_0(0) | YGL003C_0(0)    | YGL003C_0(1)   | YGL003C_0(1)   | YGL003C_0(1)   | YGL003C_0(1)    |
+----------------+--------------+----------------+--------------+-----------------+----------------+----------------+----------------+-----------------+
| ('YLR079W', 0) | YLR079W_0(0) | YLR079W_0(0)   | YLR079W_0(1) | YLR079W_0(1)    | YLR079W_0(0)   | YLR079W_0(0)   | YLR079W_0(1)   | YLR079W_0(1)    |
+----------------+--------------+----------------+--------------+-----------------+----------------+----------------+----------------+-----------------+
| ('YPR120C', 0) | YPR120C_0(0) | YPR120C_0(1)   | YPR120C_0(0) | YPR120C_0(1)    | YPR120C_0(0)   | YPR120C_0(1)   | YPR120C_0(0)   | YPR120C_0(1)    |
+----------------+--------------+----------------+--------------+-----------------+----------------+----------------+----------------+-----------------+
| YLR079W(0)     | 0.5          | 0.807692307692 | 0.5          | 0.913793103448  | 0.801886792453 | 0.362068965517 | 0.119047619048 | 0.0409836065574 |
+----------------+--------------+----------------+--------------+-----------------+----------------+----------------+----------------+-----------------+
| YLR079W(1)     | 0.5          | 0.192307692308 | 0.5          | 0.0862068965517 | 0.198113207547 | 0.637931034483 | 0.880952380952 | 0.959016393443  |
+----------------+--------------+----------------+--------------+-----------------+----------------+----------------+----------------+-----------------+
+----------------+--------------+----------------+
| ('YDR146C', 0) | YDR146C_0(0) | YDR146C_0(1)   |
+----------------+--------------+----------------+
| YGL003C(0)     | 0.5          | 0.136363636364 |
+----------------+--------------+----------------+
| YGL003C(1)     | 0.5          | 0.863636363636 |
+----------------+--------------+----------------+
+----------------+--------------+----------------+--------------+----------------+
| ('YDR146C', 1) | YDR146C_1(0) | YDR146C_1(0)   | YDR146C_1(1) | YDR146C_1(1)   |
+----------------+--------------+----------------+--------------+----------------+
| ('YGL116W', 1) | YGL116W_1(0) | YGL116W_1(1)   | YGL116W_1(0) | YGL116W_1(1)   |
+----------------+--------------+----------------+--------------+----------------+
| YDL056W(0)     | 0.42         | 0.852941176471 | 0.1          | 0.451219512195 |
+----------------+--------------+----------------+--------------+----------------+
| YDL056W(1)     | 0.58         | 0.147058823529 | 0.9          | 0.548780487805 |
+----------------+--------------+----------------+--------------+----------------+
+----------------+----------------+----------------+----------------+----------------+-----------------+-----------------+----------------+-----------------+
| ('YAL040C', 0) | YAL040C_0(0)   | YAL040C_0(0)   | YAL040C_0(0)   | YAL040C_0(0)   | YAL040C_0(1)    | YAL040C_0(1)    | YAL040C_0(1)   | YAL040C_0(1)    |
+----------------+----------------+----------------+----------------+----------------+-----------------+-----------------+----------------+-----------------+
| ('YAL040C', 1) | YAL040C_1(0)   | YAL040C_1(0)   | YAL040C_1(1)   | YAL040C_1(1)   | YAL040C_1(0)    | YAL040C_1(0)    | YAL040C_1(1)   | YAL040C_1(1)    |
+----------------+----------------+----------------+----------------+----------------+-----------------+-----------------+----------------+-----------------+
| ('YDR146C', 0) | YDR146C_0(0)   | YDR146C_0(1)   | YDR146C_0(0)   | YDR146C_0(1)   | YDR146C_0(0)    | YDR146C_0(1)    | YDR146C_0(0)   | YDR146C_0(1)    |
+----------------+----------------+----------------+----------------+----------------+-----------------+-----------------+----------------+-----------------+
| YGL116W(0)     | 0.119047619048 | 0.119047619048 | 0.807692307692 | 0.766666666667 | 0.913793103448  | 0.0675675675676 | 0.880952380952 | 0.0862068965517 |
+----------------+----------------+----------------+----------------+----------------+-----------------+-----------------+----------------+-----------------+
| YGL116W(1)     | 0.880952380952 | 0.880952380952 | 0.192307692308 | 0.233333333333 | 0.0862068965517 | 0.932432432432  | 0.119047619048 | 0.913793103448  |
+----------------+----------------+----------------+----------------+----------------+-----------------+-----------------+----------------+-----------------+
+----------------+----------------+----------------+
| ('YDL056W', 0) | YDL056W_0(0)   | YDL056W_0(1)   |
+----------------+----------------+----------------+
| YMR043W(0)     | 0.630434782609 | 0.274193548387 |
+----------------+----------------+----------------+
| YMR043W(1)     | 0.369565217391 | 0.725806451613 |
+----------------+----------------+----------------+
+----------------+--------------+----------------+----------------+----------------+----------------+-----------------+----------------+--------------+
| ('YGL003C', 0) | YGL003C_0(0) | YGL003C_0(0)   | YGL003C_0(0)   | YGL003C_0(0)   | YGL003C_0(1)   | YGL003C_0(1)    | YGL003C_0(1)   | YGL003C_0(1) |
+----------------+--------------+----------------+----------------+----------------+----------------+-----------------+----------------+--------------+
| ('YGR108W', 0) | YGR108W_0(0) | YGR108W_0(0)   | YGR108W_0(1)   | YGR108W_0(1)   | YGR108W_0(0)   | YGR108W_0(0)    | YGR108W_0(1)   | YGR108W_0(1) |
+----------------+--------------+----------------+----------------+----------------+----------------+-----------------+----------------+--------------+
| ('YLR079W', 0) | YLR079W_0(0) | YLR079W_0(1)   | YLR079W_0(0)   | YLR079W_0(1)   | YLR079W_0(0)   | YLR079W_0(1)    | YLR079W_0(0)   | YLR079W_0(1) |
+----------------+--------------+----------------+----------------+----------------+----------------+-----------------+----------------+--------------+
| YDR146C(0)     | 0.5          | 0.192307692308 | 0.192307692308 | 0.119047619048 | 0.192307692308 | 0.959016393443  | 0.036231884058 | 0.5          |
+----------------+--------------+----------------+----------------+----------------+----------------+-----------------+----------------+--------------+
| YDR146C(1)     | 0.5          | 0.807692307692 | 0.807692307692 | 0.880952380952 | 0.807692307692 | 0.0409836065574 | 0.963768115942 | 0.5          |
+----------------+--------------+----------------+----------------+----------------+----------------+-----------------+----------------+--------------+
+----------------+--------------+----------------+--------------+----------------+----------------+----------------+-----------------+----------------+
| ('YDR146C', 1) | YDR146C_1(0) | YDR146C_1(0)   | YDR146C_1(0) | YDR146C_1(0)   | YDR146C_1(1)   | YDR146C_1(1)   | YDR146C_1(1)    | YDR146C_1(1)   |
+----------------+--------------+----------------+--------------+----------------+----------------+----------------+-----------------+----------------+
| ('YGR108W', 0) | YGR108W_0(0) | YGR108W_0(0)   | YGR108W_0(1) | YGR108W_0(1)   | YGR108W_0(0)   | YGR108W_0(0)   | YGR108W_0(1)    | YGR108W_0(1)   |
+----------------+--------------+----------------+--------------+----------------+----------------+----------------+-----------------+----------------+
| ('YLR079W', 0) | YLR079W_0(0) | YLR079W_0(1)   | YLR079W_0(0) | YLR079W_0(1)   | YLR079W_0(0)   | YLR079W_0(1)   | YLR079W_0(0)    | YLR079W_0(1)   |
+----------------+--------------+----------------+--------------+----------------+----------------+----------------+-----------------+----------------+
| YGR108W(0)     | 0.5          | 0.827868852459 | 0.5          | 0.807692307692 | 0.807692307692 | 0.192307692308 | 0.0324675324675 | 0.362068965517 |
+----------------+--------------+----------------+--------------+----------------+----------------+----------------+-----------------+----------------+
| YGR108W(1)     | 0.5          | 0.172131147541 | 0.5          | 0.192307692308 | 0.192307692308 | 0.807692307692 | 0.967532467532  | 0.637931034483 |
+----------------+--------------+----------------+--------------+----------------+----------------+----------------+-----------------+----------------+
+----------------+----------------+----------------+----------------+-----------------+-----------------+----------------+----------------+----------------+
| ('YAL040C', 0) | YAL040C_0(0)   | YAL040C_0(0)   | YAL040C_0(0)   | YAL040C_0(0)    | YAL040C_0(1)    | YAL040C_0(1)   | YAL040C_0(1)   | YAL040C_0(1)   |
+----------------+----------------+----------------+----------------+-----------------+-----------------+----------------+----------------+----------------+
| ('YDL056W', 1) | YDL056W_1(0)   | YDL056W_1(0)   | YDL056W_1(1)   | YDL056W_1(1)    | YDL056W_1(0)    | YDL056W_1(0)   | YDL056W_1(1)   | YDL056W_1(1)   |
+----------------+----------------+----------------+----------------+-----------------+-----------------+----------------+----------------+----------------+
| ('YGR108W', 1) | YGR108W_1(0)   | YGR108W_1(1)   | YGR108W_1(0)   | YGR108W_1(1)    | YGR108W_1(0)    | YGR108W_1(1)   | YGR108W_1(0)   | YGR108W_1(1)   |
+----------------+----------------+----------------+----------------+-----------------+-----------------+----------------+----------------+----------------+
| YER111C(0)     | 0.119047619048 | 0.119047619048 | 0.119047619048 | 0.932432432432  | 0.0675675675676 | 0.192307692308 | 0.192307692308 | 0.198113207547 |
+----------------+----------------+----------------+----------------+-----------------+-----------------+----------------+----------------+----------------+
| YER111C(1)     | 0.880952380952 | 0.880952380952 | 0.880952380952 | 0.0675675675676 | 0.932432432432  | 0.807692307692 | 0.807692307692 | 0.801886792453 |
+----------------+----------------+----------------+----------------+-----------------+-----------------+----------------+----------------+----------------+
+----------------+----------------+----------------+--------------+----------------+-----------------+----------------+--------------+-----------------+
| ('YAL040C', 0) | YAL040C_0(0)   | YAL040C_0(0)   | YAL040C_0(0) | YAL040C_0(0)   | YAL040C_0(1)    | YAL040C_0(1)   | YAL040C_0(1) | YAL040C_0(1)    |
+----------------+----------------+----------------+--------------+----------------+-----------------+----------------+--------------+-----------------+
| ('YLR079W', 0) | YLR079W_0(0)   | YLR079W_0(0)   | YLR079W_0(1) | YLR079W_0(1)   | YLR079W_0(0)    | YLR079W_0(0)   | YLR079W_0(1) | YLR079W_0(1)    |
+----------------+----------------+----------------+--------------+----------------+-----------------+----------------+--------------+-----------------+
| ('YPR120C', 0) | YPR120C_0(0)   | YPR120C_0(1)   | YPR120C_0(0) | YPR120C_0(1)   | YPR120C_0(0)    | YPR120C_0(1)   | YPR120C_0(0) | YPR120C_0(1)    |
+----------------+----------------+----------------+--------------+----------------+-----------------+----------------+--------------+-----------------+
| YPR120C(0)     | 0.637931034483 | 0.880952380952 | 0.5          | 0.233333333333 | 0.913793103448  | 0.119047619048 | 0.5          | 0.0555555555556 |
+----------------+----------------+----------------+--------------+----------------+-----------------+----------------+--------------+-----------------+
| YPR120C(1)     | 0.362068965517 | 0.119047619048 | 0.5          | 0.766666666667 | 0.0862068965517 | 0.880952380952 | 0.5          | 0.944444444444  |
+----------------+----------------+----------------+--------------+----------------+-----------------+----------------+--------------+-----------------+
+----------------+--------------+----------------+-----------------+--------------+----------------+-----------------+-----------------+----------------+
| ('YER111C', 0) | YER111C_0(0) | YER111C_0(0)   | YER111C_0(0)    | YER111C_0(0) | YER111C_0(1)   | YER111C_0(1)    | YER111C_0(1)    | YER111C_0(1)   |
+----------------+--------------+----------------+-----------------+--------------+----------------+-----------------+-----------------+----------------+
| ('YGL116W', 1) | YGL116W_1(0) | YGL116W_1(0)   | YGL116W_1(1)    | YGL116W_1(1) | YGL116W_1(0)   | YGL116W_1(0)    | YGL116W_1(1)    | YGL116W_1(1)   |
+----------------+--------------+----------------+-----------------+--------------+----------------+-----------------+-----------------+----------------+
| ('YLR079W', 0) | YLR079W_0(0) | YLR079W_0(1)   | YLR079W_0(0)    | YLR079W_0(1) | YLR079W_0(0)   | YLR079W_0(1)    | YLR079W_0(0)    | YLR079W_0(1)   |
+----------------+--------------+----------------+-----------------+--------------+----------------+-----------------+-----------------+----------------+
| YMR199W(0)     | 0.5          | 0.807692307692 | 0.932432432432  | 0.5          | 0.362068965517 | 0.0471698113208 | 0.913793103448  | 0.233333333333 |
+----------------+--------------+----------------+-----------------+--------------+----------------+-----------------+-----------------+----------------+
| YMR199W(1)     | 0.5          | 0.192307692308 | 0.0675675675676 | 0.5          | 0.637931034483 | 0.952830188679  | 0.0862068965517 | 0.766666666667 |
+----------------+--------------+----------------+-----------------+--------------+----------------+-----------------+-----------------+----------------+
[('YLR079W', 'YDR146C'), ('YLR079W', 'YMR199W'), ('YLR079W', 'YPR120C'), ('YLR079W', 'YLR079W'), ('YLR079W', 'YGR108W'), ('YDL056W', 'YER111C'), ('YGL003C', 'YDR146C'), ('YGL003C', 'YLR079W'), ('YAL040C', 'YGL116W'), ('YAL040C', 'YPR120C'), ('YAL040C', 'YER111C'), ('YER111C', 'YMR199W'), ('YGR108W', 'YER111C'), ('YPR120C', 'YPR120C'), ('YPR120C', 'YLR079W'), ('YPR120C', 'YAL040C'), ('YAL040C', 'YGL116W'), ('YGR108W', 'YDR146C'), ('YGR108W', 'YGR108W'), ('YDR146C', 'YGL116W'), ('YDR146C', 'YGL003C'), ('YGL116W', 'YMR199W'), ('YGL116W', 'YDL056W'), ('YDL056W', 'YMR043W'), ('YDR146C', 'YDL056W'), ('YDR146C', 'YGR108W')]
