[('G7', 'G4'), ('G7', 'G3'), ('G7', 'G1'), ('G5', 'G4'), ('G3', 'G1'), ('G2', 'G5'), ('G1', 'G5'), ('G1', 'G2'), ('G1', 'G8'), ('G9', 'G7'), ('G9', 'G8'), ('G9', 'G10'), ('G8', 'G6'), ('G8', 'G2'), ('G8', 'G10'), ('G10', 'G6')]
+---------+-----------------+---------+
| G9      | G9(0.0)         | G9(1.0) |
+---------+-----------------+---------+
| G7(0.0) | 0.944444444444  | 0.14    |
+---------+-----------------+---------+
| G7(1.0) | 0.0555555555556 | 0.86    |
+---------+-----------------+---------+
+---------+----------+-----------------+-----------------+---------------+
| G10     | G10(0.0) | G10(0.0)        | G10(1.0)        | G10(1.0)      |
+---------+----------+-----------------+-----------------+---------------+
| G8      | G8(0.0)  | G8(1.0)         | G8(0.0)         | G8(1.0)       |
+---------+----------+-----------------+-----------------+---------------+
| G6(0.0) | 0.5      | 0.0757575757576 | 0.0294117647059 | 0.46214511041 |
+---------+----------+-----------------+-----------------+---------------+
| G6(1.0) | 0.5      | 0.924242424242  | 0.970588235294  | 0.53785488959 |
+---------+----------+-----------------+-----------------+---------------+
+---------+----------------+---------+-----------------+----------------+
| G1      | G1(0.0)        | G1(0.0) | G1(1.0)         | G1(1.0)        |
+---------+----------------+---------+-----------------+----------------+
| G2      | G2(0.0)        | G2(1.0) | G2(0.0)         | G2(1.0)        |
+---------+----------------+---------+-----------------+----------------+
| G5(0.0) | 0.170588235294 | 0.5     | 0.955927051672  | 0.880952380952 |
+---------+----------------+---------+-----------------+----------------+
| G5(1.0) | 0.829411764706 | 0.5     | 0.0440729483283 | 0.119047619048 |
+---------+----------------+---------+-----------------+----------------+
+---------+---------+-----------------+----------------+----------------+
| G5      | G5(0.0) | G5(0.0)         | G5(1.0)        | G5(1.0)        |
+---------+---------+-----------------+----------------+----------------+
| G7      | G7(0.0) | G7(1.0)         | G7(0.0)        | G7(1.0)        |
+---------+---------+-----------------+----------------+----------------+
| G4(0.0) | 0.692   | 0.0822222222222 | 0.277777777778 | 0.623456790123 |
+---------+---------+-----------------+----------------+----------------+
| G4(1.0) | 0.308   | 0.917777777778  | 0.722222222222 | 0.376543209877 |
+---------+---------+-----------------+----------------+----------------+
+---------+----------------+----------------+
| G7      | G7(0.0)        | G7(1.0)        |
+---------+----------------+----------------+
| G3(0.0) | 0.694029850746 | 0.395424836601 |
+---------+----------------+----------------+
| G3(1.0) | 0.305970149254 | 0.604575163399 |
+---------+----------------+----------------+
+---------+-----------------+-----------------+----------------+------------------+
| G1      | G1(0.0)         | G1(0.0)         | G1(1.0)        | G1(1.0)          |
+---------+-----------------+-----------------+----------------+------------------+
| G8      | G8(0.0)         | G8(1.0)         | G8(0.0)        | G8(1.0)          |
+---------+-----------------+-----------------+----------------+------------------+
| G2(0.0) | 0.944444444444  | 0.944444444444  | 0.588888888889 | 0.991803278689   |
+---------+-----------------+-----------------+----------------+------------------+
| G2(1.0) | 0.0555555555556 | 0.0555555555556 | 0.411111111111 | 0.00819672131148 |
+---------+-----------------+-----------------+----------------+------------------+
+---------+-----------------+-----------------+-----------------+----------------+
| G3      | G3(0.0)         | G3(0.0)         | G3(1.0)         | G3(1.0)        |
+---------+-----------------+-----------------+-----------------+----------------+
| G7      | G7(0.0)         | G7(1.0)         | G7(0.0)         | G7(1.0)        |
+---------+-----------------+-----------------+-----------------+----------------+
| G1(0.0) | 0.0268817204301 | 0.0867768595041 | 0.0609756097561 | 0.402702702703 |
+---------+-----------------+-----------------+-----------------+----------------+
| G1(1.0) | 0.97311827957   | 0.913223140496  | 0.939024390244  | 0.597297297297 |
+---------+-----------------+-----------------+-----------------+----------------+
+---------+----------+
| G9(0.0) | 0.204545 |
+---------+----------+
| G9(1.0) | 0.795455 |
+---------+----------+
+---------+---------+---------+---------+------------------+
| G1      | G1(0.0) | G1(0.0) | G1(1.0) | G1(1.0)          |
+---------+---------+---------+---------+------------------+
| G9      | G9(0.0) | G9(1.0) | G9(0.0) | G9(1.0)          |
+---------+---------+---------+---------+------------------+
| G8(0.0) | 0.5     | 0.5     | 0.5     | 0.00943396226415 |
+---------+---------+---------+---------+------------------+
| G8(1.0) | 0.5     | 0.5     | 0.5     | 0.990566037736   |
+---------+---------+---------+---------+------------------+
+----------+-----------------+-----------------+----------------+-----------------+
| G8       | G8(0.0)         | G8(0.0)         | G8(1.0)        | G8(1.0)         |
+----------+-----------------+-----------------+----------------+-----------------+
| G9       | G9(0.0)         | G9(1.0)         | G9(0.0)        | G9(1.0)         |
+----------+-----------------+-----------------+----------------+-----------------+
| G10(0.0) | 0.0555555555556 | 0.0555555555556 | 0.588888888889 | 0.0213114754098 |
+----------+-----------------+-----------------+----------------+-----------------+
| G10(1.0) | 0.944444444444  | 0.944444444444  | 0.411111111111 | 0.97868852459   |
+----------+-----------------+-----------------+----------------+-----------------+
