[('G7', 'G2'), ('G7', 'G10'), ('G5', 'G4'), ('G5', 'G10'), ('G3', 'G6'), ('G2', 'G5'), ('G2', 'G3'), ('G2', 'G9'), ('G1', 'G7'), ('G1', 'G2'), ('G1', 'G8'), ('G8', 'G6'), ('G8', 'G4'), ('G8', 'G3'), ('G10', 'G9'), ('G10', 'G8')]
+---------+---------------+----------------+
| G1      | G1(0.0)       | G1(1.0)        |
+---------+---------------+----------------+
| G7(0.0) | 0.39247311828 | 0.759842519685 |
+---------+---------------+----------------+
| G7(1.0) | 0.60752688172 | 0.240157480315 |
+---------+---------------+----------------+
+---------+----------------+----------------+----------------+----------------+
| G3      | G3(0.0)        | G3(0.0)        | G3(1.0)        | G3(1.0)        |
+---------+----------------+----------------+----------------+----------------+
| G8      | G8(0.0)        | G8(1.0)        | G8(0.0)        | G8(1.0)        |
+---------+----------------+----------------+----------------+----------------+
| G6(0.0) | 0.745614035088 | 0.387640449438 | 0.318181818182 | 0.270114942529 |
+---------+----------------+----------------+----------------+----------------+
| G6(1.0) | 0.254385964912 | 0.612359550562 | 0.681818181818 | 0.729885057471 |
+---------+----------------+----------------+----------------+----------------+
+---------+-----------------+----------------+
| G2      | G2(0.0)         | G2(1.0)        |
+---------+-----------------+----------------+
| G5(0.0) | 0.0889570552147 | 0.219298245614 |
+---------+-----------------+----------------+
| G5(1.0) | 0.911042944785  | 0.780701754386 |
+---------+-----------------+----------------+
+---------+----------------+-----------------+-----------------+-----------------+
| G5      | G5(0.0)        | G5(0.0)         | G5(1.0)         | G5(1.0)         |
+---------+----------------+-----------------+-----------------+-----------------+
| G8      | G8(0.0)        | G8(1.0)         | G8(0.0)         | G8(1.0)         |
+---------+----------------+-----------------+-----------------+-----------------+
| G4(0.0) | 0.722222222222 | 0.944444444444  | 0.91975308642   | 0.97868852459   |
+---------+----------------+-----------------+-----------------+-----------------+
| G4(1.0) | 0.277777777778 | 0.0555555555556 | 0.0802469135802 | 0.0213114754098 |
+---------+----------------+-----------------+-----------------+-----------------+
+---------+---------+----------------+----------------+----------------+
| G2      | G2(0.0) | G2(0.0)        | G2(1.0)        | G2(1.0)        |
+---------+---------+----------------+----------------+----------------+
| G8      | G8(0.0) | G8(1.0)        | G8(0.0)        | G8(1.0)        |
+---------+---------+----------------+----------------+----------------+
| G3(0.0) | 0.5     | 0.141025641026 | 0.824324324324 | 0.655844155844 |
+---------+---------+----------------+----------------+----------------+
| G3(1.0) | 0.5     | 0.858974358974 | 0.175675675676 | 0.344155844156 |
+---------+---------+----------------+----------------+----------------+
+---------+----------------+---------------+-----------------+----------------+
| G1      | G1(0.0)        | G1(0.0)       | G1(1.0)         | G1(1.0)        |
+---------+----------------+---------------+-----------------+----------------+
| G7      | G7(0.0)        | G7(1.0)       | G7(0.0)         | G7(1.0)        |
+---------+----------------+---------------+-----------------+----------------+
| G2(0.0) | 0.801369863014 | 0.37610619469 | 0.945595854922  | 0.696721311475 |
+---------+----------------+---------------+-----------------+----------------+
| G2(1.0) | 0.198630136986 | 0.62389380531 | 0.0544041450777 | 0.303278688525 |
+---------+----------------+---------------+-----------------+----------------+
+---------+----------+
| G1(0.0) | 0.422727 |
+---------+----------+
| G1(1.0) | 0.577273 |
+---------+----------+
+---------+----------------+-----------------+----------------+----------------+
| G10     | G10(0.0)       | G10(0.0)        | G10(1.0)       | G10(1.0)       |
+---------+----------------+-----------------+----------------+----------------+
| G2      | G2(0.0)        | G2(1.0)         | G2(0.0)        | G2(1.0)        |
+---------+----------------+-----------------+----------------+----------------+
| G9(0.0) | 0.192307692308 | 0.932432432432  | 0.135782747604 | 0.707792207792 |
+---------+----------------+-----------------+----------------+----------------+
| G9(1.0) | 0.807692307692 | 0.0675675675676 | 0.864217252396 | 0.292207792208 |
+---------+----------------+-----------------+----------------+----------------+
+---------+-----------------+----------------+----------------+----------------+
| G1      | G1(0.0)         | G1(0.0)        | G1(1.0)        | G1(1.0)        |
+---------+-----------------+----------------+----------------+----------------+
| G10     | G10(0.0)        | G10(1.0)       | G10(0.0)       | G10(1.0)       |
+---------+-----------------+----------------+----------------+----------------+
| G8(0.0) | 0.913793103448  | 0.015923566879 | 0.880952380952 | 0.182403433476 |
+---------+-----------------+----------------+----------------+----------------+
| G8(1.0) | 0.0862068965517 | 0.984076433121 | 0.119047619048 | 0.817596566524 |
+---------+-----------------+----------------+----------------+----------------+
+----------+---------+-----------------+-----------------+----------------+
| G5       | G5(0.0) | G5(0.0)         | G5(1.0)         | G5(1.0)        |
+----------+---------+-----------------+-----------------+----------------+
| G7       | G7(0.0) | G7(1.0)         | G7(0.0)         | G7(1.0)        |
+----------+---------+-----------------+-----------------+----------------+
| G10(0.0) | 0.1     | 0.0862068965517 | 0.0103734439834 | 0.293103448276 |
+----------+---------+-----------------+-----------------+----------------+
| G10(1.0) | 0.9     | 0.913793103448  | 0.989626556017  | 0.706896551724 |
+----------+---------+-----------------+-----------------+----------------+
