[('G7', 'G5'), ('G7', 'G4'), ('G7', 'G3'), ('G4', 'G5'), ('G4', 'G3'), ('G2', 'G7'), ('G1', 'G10'), ('G8', 'G7'), ('G8', 'G4'), ('G8', 'G1'), ('G10', 'G2')]
+---------+----------------+-----------------+-----------------+----------------+
| G2      | G2(0.0)        | G2(0.0)         | G2(1.0)         | G2(1.0)        |
+---------+----------------+-----------------+-----------------+----------------+
| G8      | G8(0.0)        | G8(1.0)         | G8(0.0)         | G8(1.0)        |
+---------+----------------+-----------------+-----------------+----------------+
| G7(0.0) | 0.807692307692 | 0.961538461538  | 0.939024390244  | 0.490783410138 |
+---------+----------------+-----------------+-----------------+----------------+
| G7(1.0) | 0.192307692308 | 0.0384615384615 | 0.0609756097561 | 0.509216589862 |
+---------+----------------+-----------------+-----------------+----------------+
+---------+---+
| G6(0.0) | 1 |
+---------+---+
+---------+----------------+-----------------+-----------------+----------------+
| G4      | G4(0.0)        | G4(0.0)         | G4(1.0)         | G4(1.0)        |
+---------+----------------+-----------------+-----------------+----------------+
| G7      | G7(0.0)        | G7(1.0)         | G7(0.0)         | G7(1.0)        |
+---------+----------------+-----------------+-----------------+----------------+
| G5(0.0) | 0.172131147541 | 0.939024390244  | 0.0719844357977 | 0.376543209877 |
+---------+----------------+-----------------+-----------------+----------------+
| G5(1.0) | 0.827868852459 | 0.0609756097561 | 0.928015564202  | 0.623456790123 |
+---------+----------------+-----------------+-----------------+----------------+
+---------+----------------+-----------------+---------+---------------+
| G7      | G7(0.0)        | G7(0.0)         | G7(1.0) | G7(1.0)       |
+---------+----------------+-----------------+---------+---------------+
| G8      | G8(0.0)        | G8(1.0)         | G8(0.0) | G8(1.0)       |
+---------+----------------+-----------------+---------+---------------+
| G4(0.0) | 0.867346938776 | 0.0687732342007 | 0.5     | 0.32905982906 |
+---------+----------------+-----------------+---------+---------------+
| G4(1.0) | 0.132653061224 | 0.931226765799  | 0.5     | 0.67094017094 |
+---------+----------------+-----------------+---------+---------------+
+---------+----------------+----------------+----------------+----------------+
| G4      | G4(0.0)        | G4(0.0)        | G4(1.0)        | G4(1.0)        |
+---------+----------------+----------------+----------------+----------------+
| G7      | G7(0.0)        | G7(1.0)        | G7(0.0)        | G7(1.0)        |
+---------+----------------+----------------+----------------+----------------+
| G3(0.0) | 0.237704918033 | 0.158536585366 | 0.258754863813 | 0.820987654321 |
+---------+----------------+----------------+----------------+----------------+
| G3(1.0) | 0.762295081967 | 0.841463414634 | 0.741245136187 | 0.179012345679 |
+---------+----------------+----------------+----------------+----------------+
+---------+----------------+----------------+
| G10     | G10(0.0)       | G10(1.0)       |
+---------+----------------+----------------+
| G2(0.0) | 0.188888888889 | 0.471428571429 |
+---------+----------------+----------------+
| G2(1.0) | 0.811111111111 | 0.528571428571 |
+---------+----------------+----------------+
+---------+-----------------+----------------+
| G8      | G8(0.0)         | G8(1.0)        |
+---------+-----------------+----------------+
| G1(0.0) | 0.0925925925926 | 0.686528497409 |
+---------+-----------------+----------------+
| G1(1.0) | 0.907407407407  | 0.313471502591 |
+---------+-----------------+----------------+
+---------+----------+
| G9(0.0) | 0.377273 |
+---------+----------+
| G9(1.0) | 0.622727 |
+---------+----------+
+---------+----------+
| G8(0.0) | 0.122727 |
+---------+----------+
| G8(1.0) | 0.877273 |
+---------+----------+
+----------+-----------------+---------+
| G1       | G1(0.0)         | G1(1.0) |
+----------+-----------------+---------+
| G10(0.0) | 0.0185185185185 | 0.5     |
+----------+-----------------+---------+
| G10(1.0) | 0.981481481481  | 0.5     |
+----------+-----------------+---------+
