[('G7', 'G4'), ('G7', 'G3'), ('G7', 'G1'), ('G7', 'G9'), ('G6', 'G7'), ('G5', 'G4'), ('G1', 'G5'), ('G9', 'G10'), ('G8', 'G6'), ('G8', 'G2'), ('G8', 'G1'), ('G8', 'G10')]
+---------+-----------------+----------------+
| G6      | G6(0.0)         | G6(1.0)        |
+---------+-----------------+----------------+
| G7(0.0) | 0.0844155844156 | 0.423076923077 |
+---------+-----------------+----------------+
| G7(1.0) | 0.915584415584  | 0.576923076923 |
+---------+-----------------+----------------+
+---------+-----------------+----------------+
| G8      | G8(0.0)         | G8(1.0)        |
+---------+-----------------+----------------+
| G6(0.0) | 0.0555555555556 | 0.425714285714 |
+---------+-----------------+----------------+
| G6(1.0) | 0.944444444444  | 0.574285714286 |
+---------+-----------------+----------------+
+---------+----------------+-----------------+
| G1      | G1(0.0)        | G1(1.0)         |
+---------+----------------+-----------------+
| G5(0.0) | 0.188888888889 | 0.951428571429  |
+---------+----------------+-----------------+
| G5(1.0) | 0.811111111111 | 0.0485714285714 |
+---------+----------------+-----------------+
+---------+---------+-----------------+----------------+----------------+
| G5      | G5(0.0) | G5(0.0)         | G5(1.0)        | G5(1.0)        |
+---------+---------+-----------------+----------------+----------------+
| G7      | G7(0.0) | G7(1.0)         | G7(0.0)        | G7(1.0)        |
+---------+---------+-----------------+----------------+----------------+
| G4(0.0) | 0.692   | 0.0822222222222 | 0.277777777778 | 0.623456790123 |
+---------+---------+-----------------+----------------+----------------+
| G4(1.0) | 0.308   | 0.917777777778  | 0.722222222222 | 0.376543209877 |
+---------+---------+-----------------+----------------+----------------+
+---------+----------------+----------------+
| G7      | G7(0.0)        | G7(1.0)        |
+---------+----------------+----------------+
| G3(0.0) | 0.694029850746 | 0.395424836601 |
+---------+----------------+----------------+
| G3(1.0) | 0.305970149254 | 0.604575163399 |
+---------+----------------+----------------+
+---------+----------------+-----------------+
| G8      | G8(0.0)        | G8(1.0)         |
+---------+----------------+-----------------+
| G2(0.0) | 0.766666666667 | 0.985714285714  |
+---------+----------------+-----------------+
| G2(1.0) | 0.233333333333 | 0.0142857142857 |
+---------+----------------+-----------------+
+---------+-----------------+-----------------+-----------------+----------------+
| G7      | G7(0.0)         | G7(0.0)         | G7(1.0)         | G7(1.0)        |
+---------+-----------------+-----------------+-----------------+----------------+
| G8      | G8(0.0)         | G8(1.0)         | G8(0.0)         | G8(1.0)        |
+---------+-----------------+-----------------+-----------------+----------------+
| G1(0.0) | 0.0555555555556 | 0.0280898876404 | 0.944444444444  | 0.162835249042 |
+---------+-----------------+-----------------+-----------------+----------------+
| G1(1.0) | 0.944444444444  | 0.97191011236   | 0.0555555555556 | 0.837164750958 |
+---------+-----------------+-----------------+-----------------+----------------+
+---------+----------------+----------------+
| G7      | G7(0.0)        | G7(1.0)        |
+---------+----------------+----------------+
| G9(0.0) | 0.634328358209 | 0.016339869281 |
+---------+----------------+----------------+
| G9(1.0) | 0.365671641791 | 0.983660130719 |
+---------+----------------+----------------+
+---------+----------+
| G8(0.0) | 0.204545 |
+---------+----------+
| G8(1.0) | 0.795455 |
+---------+----------+
+----------+-----------------+-----------------+----------------+-----------------+
| G8       | G8(0.0)         | G8(0.0)         | G8(1.0)        | G8(1.0)         |
+----------+-----------------+-----------------+----------------+-----------------+
| G9       | G9(0.0)         | G9(1.0)         | G9(0.0)        | G9(1.0)         |
+----------+-----------------+-----------------+----------------+-----------------+
| G10(0.0) | 0.0555555555556 | 0.0555555555556 | 0.588888888889 | 0.0213114754098 |
+----------+-----------------+-----------------+----------------+-----------------+
| G10(1.0) | 0.944444444444  | 0.944444444444  | 0.411111111111 | 0.97868852459   |
+----------+-----------------+-----------------+----------------+-----------------+
