[('G7', 'G2'), ('G7', 'G10'), ('G2', 'G3'), ('G2', 'G9'), ('G1', 'G7'), ('G1', 'G2'), ('G8', 'G6'), ('G8', 'G4'), ('G8', 'G3'), ('G10', 'G8')]
+---------+---------------+----------------+
| G1      | G1(0.0)       | G1(1.0)        |
+---------+---------------+----------------+
| G7(0.0) | 0.39247311828 | 0.759842519685 |
+---------+---------------+----------------+
| G7(1.0) | 0.60752688172 | 0.240157480315 |
+---------+---------------+----------------+
+---------+----------------+---------+
| G8      | G8(0.0)        | G8(1.0) |
+---------+----------------+---------+
| G6(0.0) | 0.588888888889 | 0.3     |
+---------+----------------+---------+
| G6(1.0) | 0.411111111111 | 0.7     |
+---------+----------------+---------+
+---------+----------+
| G5(0.0) | 0.122727 |
+---------+----------+
| G5(1.0) | 0.877273 |
+---------+----------+
+---------+---------+-----------------+
| G8      | G8(0.0) | G8(1.0)         |
+---------+---------+-----------------+
| G4(0.0) | 0.9     | 0.974285714286  |
+---------+---------+-----------------+
| G4(1.0) | 0.1     | 0.0257142857143 |
+---------+---------+-----------------+
+---------+---------+----------------+----------------+----------------+
| G2      | G2(0.0) | G2(0.0)        | G2(1.0)        | G2(1.0)        |
+---------+---------+----------------+----------------+----------------+
| G8      | G8(0.0) | G8(1.0)        | G8(0.0)        | G8(1.0)        |
+---------+---------+----------------+----------------+----------------+
| G3(0.0) | 0.5     | 0.141025641026 | 0.824324324324 | 0.655844155844 |
+---------+---------+----------------+----------------+----------------+
| G3(1.0) | 0.5     | 0.858974358974 | 0.175675675676 | 0.344155844156 |
+---------+---------+----------------+----------------+----------------+
+---------+----------------+---------------+-----------------+----------------+
| G1      | G1(0.0)        | G1(0.0)       | G1(1.0)         | G1(1.0)        |
+---------+----------------+---------------+-----------------+----------------+
| G7      | G7(0.0)        | G7(1.0)       | G7(0.0)         | G7(1.0)        |
+---------+----------------+---------------+-----------------+----------------+
| G2(0.0) | 0.801369863014 | 0.37610619469 | 0.945595854922  | 0.696721311475 |
+---------+----------------+---------------+-----------------+----------------+
| G2(1.0) | 0.198630136986 | 0.62389380531 | 0.0544041450777 | 0.303278688525 |
+---------+----------------+---------------+-----------------+----------------+
+---------+----------+
| G1(0.0) | 0.422727 |
+---------+----------+
| G1(1.0) | 0.577273 |
+---------+----------+
+---------+----------------+----------------+
| G2      | G2(0.0)        | G2(1.0)        |
+---------+----------------+----------------+
| G9(0.0) | 0.138036809816 | 0.780701754386 |
+---------+----------------+----------------+
| G9(1.0) | 0.861963190184 | 0.219298245614 |
+---------+----------------+----------------+
+---------+----------+----------------+
| G10     | G10(0.0) | G10(1.0)       |
+---------+----------+----------------+
| G8(0.0) | 0.9      | 0.115384615385 |
+---------+----------+----------------+
| G8(1.0) | 0.1      | 0.884615384615 |
+---------+----------+----------------+
+----------+-----------------+----------------+
| G7       | G7(0.0)         | G7(1.0)        |
+----------+-----------------+----------------+
| G10(0.0) | 0.0187969924812 | 0.258620689655 |
+----------+-----------------+----------------+
| G10(1.0) | 0.981203007519  | 0.741379310345 |
+----------+-----------------+----------------+
